<?xml version="1.0" encoding="UTF-8"?>
<testsuite name="com.hivemq.helmcharts.securitycontext.HelmPodSecurityContextUpgradeExtensionIT" tests="2" skipped="0" failures="0" errors="0" timestamp="2025-01-30T18:43:55" hostname="fv-az1436-45" time="367.111">
  <properties/>
  <testcase name="Operator values: (UID=0, GID=0, valuesFile='/files/operator-pod-security-context-root-user-values.yaml') and Platform values: (UID=0, GID=0, valuesFile='/files/platform-pod-security-context-root-user-with-tracing-extension-values.yaml')" classname="com.hivemq.helmcharts.securitycontext.HelmPodSecurityContextUpgradeExtensionIT" time="199.631">
    <system-out><![CDATA[2025-01-30 18:43:55,258 INFO c.h.h.t.HelmChartContainer - Creating namespace 'helmpodsecuritycontextupgradeextensionit-operator'...
2025-01-30 18:43:55,270 INFO c.h.h.t.HelmChartContainer - Namespace 'helmpodsecuritycontextupgradeextensionit-operator' created
2025-01-30 18:43:55,271 INFO c.h.h.t.HelmChartContainer - Creating namespace 'helmpodsecuritycontextupgradeextensionit'...
2025-01-30 18:43:55,279 INFO c.h.h.t.HelmChartContainer - Namespace 'helmpodsecuritycontextupgradeextensionit' created
2025-01-30 18:43:55,350 DEBUG c.h.h.t.HelmChartContainer - Executing helm command: /bin/helm --kubeconfig /etc/rancher/k3s/k3s.yaml install test-hivemq-platform-operator /charts/hivemq-platform-operator --wait --timeout 5m0s --set image.repository=docker.io/hivemq --set image.name=hivemq-platform-operator-test --set image.initImageName=hivemq-platform-operator-init-test --set image.tag=snapshot --set image.pullPolicy=Never --set logLevel=DEBUG --set resources.cpu=512m -f /files/operator-pod-security-context-root-user-values.yaml --namespace helmpodsecuritycontextupgradeextensionit-operator
2025-01-30 18:43:55,642 INFO c.h.h.t.HelmChartContainer - [K3S] [alloc.go:330] "allocated clusterIPs" service="helmpodsecuritycontextupgradeextensionit-operator/hivemq-platform-operator-test-hivemq-platform-operator" clusterIPs={"IPv4":"10.43.78.232"}
2025-01-30 18:43:55,656 INFO c.h.h.t.HelmChartContainer - [EVENT] Normal [ScalingReplicaSet] Scaled up replica set hivemq-test-hivemq-platform-operator-5dbf989d8c from 0 to 1 [helmpodsecuritycontextupgradeextensionit-operator:hivemq-test-hivemq-platform-operator]
2025-01-30 18:43:55,664 INFO c.h.h.t.HelmChartContainer - [POD] hivemq-test-hivemq-platform-operator-5dbf989d8c-q6q7b [fe86da9e-801f-4ac9-a2b0-fed18fd63c06] in helmpodsecuritycontextupgradeextensionit-operator was ADDED
2025-01-30 18:43:55,666 INFO c.h.h.t.HelmChartContainer - [K3S] [memory_manager.go:355] "RemoveStaleState removing state" podUID="06d36663-0a06-479a-9340-8a3c4b3e47a8" containerName="hivemq"
2025-01-30 18:43:55,671 INFO c.h.h.t.HelmChartContainer - [POD] hivemq-test-hivemq-platform-operator-5dbf989d8c-q6q7b [fe86da9e-801f-4ac9-a2b0-fed18fd63c06] in helmpodsecuritycontextupgradeextensionit-operator was MODIFIED
2025-01-30 18:43:55,672 INFO c.h.h.t.HelmChartContainer - [EVENT] Normal [SuccessfulCreate] Created pod: hivemq-test-hivemq-platform-operator-5dbf989d8c-q6q7b [helmpodsecuritycontextupgradeextensionit-operator:hivemq-test-hivemq-platform-operator-5dbf989d8c]
2025-01-30 18:43:55,675 INFO c.h.h.t.HelmChartContainer - [EVENT] Normal [Scheduled] Successfully assigned helmpodsecuritycontextupgradeextensionit-operator/hivemq-test-hivemq-platform-operator-5dbf989d8c-q6q7b to 96c0d6c16666 [helmpodsecuritycontextupgradeextensionit-operator:hivemq-test-hivemq-platform-operator-5dbf989d8c-q6q7b]
2025-01-30 18:43:55,676 INFO c.h.h.t.HelmChartContainer - [K3S] [memory_manager.go:355] "RemoveStaleState removing state" podUID="e6b1c27b-b49c-450a-a2b8-53dd602aec72" containerName="hivemq-platform-operator"
2025-01-30 18:43:55,676 INFO c.h.h.t.HelmChartContainer - [K3S] [replica_set.go:679] "Finished syncing" kind="ReplicaSet" key="helmpodsecuritycontextupgradeextensionit-operator/hivemq-test-hivemq-platform-operator-5dbf989d8c" duration="21.732201ms"
2025-01-30 18:43:55,678 INFO c.h.h.t.HelmChartContainer - [K3S] [reconciler_common.go:251] "operationExecutor.VerifyControllerAttachedVolume started for volume \"kube-api-access-wdt5m\" (UniqueName: \"kubernetes.io/projected/fe86da9e-801f-4ac9-a2b0-fed18fd63c06-kube-api-access-wdt5m\") pod \"hivemq-test-hivemq-platform-operator-5dbf989d8c-q6q7b\" (UID: \"fe86da9e-801f-4ac9-a2b0-fed18fd63c06\") " pod="helmpodsecuritycontextupgradeextensionit-operator/hivemq-test-hivemq-platform-operator-5dbf989d8c-q6q7b"
2025-01-30 18:43:55,691 INFO c.h.h.t.HelmChartContainer - [POD] hivemq-test-hivemq-platform-operator-5dbf989d8c-q6q7b [fe86da9e-801f-4ac9-a2b0-fed18fd63c06] in helmpodsecuritycontextupgradeextensionit-operator was MODIFIED
2025-01-30 18:43:55,692 INFO c.h.h.t.HelmChartContainer - [K3S] [replica_set.go:679] "Finished syncing" kind="ReplicaSet" key="helmpodsecuritycontextupgradeextensionit-operator/hivemq-test-hivemq-platform-operator-5dbf989d8c" duration="18.021822ms"
2025-01-30 18:43:55,693 INFO c.h.h.t.HelmChartContainer - [K3S] [replica_set.go:679] "Finished syncing" kind="ReplicaSet" key="helmpodsecuritycontextupgradeextensionit-operator/hivemq-test-hivemq-platform-operator-5dbf989d8c" duration="72.637µs"
2025-01-30 18:43:55,693 INFO c.h.h.t.HelmChartContainer - [K3S] [replica_set.go:679] "Finished syncing" kind="ReplicaSet" key="helmpodsecuritycontextupgradeextensionit-operator/hivemq-test-hivemq-platform-operator-5dbf989d8c" duration="33.683µs"
2025-01-30 18:43:55,693 INFO c.h.h.t.HelmChartContainer - [K3S] [replica_set.go:679] "Finished syncing" kind="ReplicaSet" key="helmpodsecuritycontextupgradeextensionit-operator/hivemq-test-hivemq-platform-operator-5dbf989d8c" duration="38.332µs"
2025-01-30 18:43:56,065 INFO c.h.h.t.HelmChartContainer - [EVENT] Normal [Pulled] Container image "docker.io/hivemq/hivemq-platform-operator-test:snapshot" already present on machine [helmpodsecuritycontextupgradeextensionit-operator:hivemq-test-hivemq-platform-operator-5dbf989d8c-q6q7b]
2025-01-30 18:43:56,065 INFO c.h.h.t.HelmChartContainer - Received Pulled event for container hivemq-platform-operator in pod hivemq-test-hivemq-platform-operator-5dbf989d8c-q6q7b [fe86da9e-801f-4ac9-a2b0-fed18fd63c06]
2025-01-30 18:43:57,372 INFO c.h.h.t.HelmChartContainer - [EVENT] Normal [Created] Created container: hivemq-platform-operator [helmpodsecuritycontextupgradeextensionit-operator:hivemq-test-hivemq-platform-operator-5dbf989d8c-q6q7b]
2025-01-30 18:43:57,372 INFO c.h.h.t.HelmChartContainer - Received Created event for container hivemq-platform-operator in pod hivemq-test-hivemq-platform-operator-5dbf989d8c-q6q7b [fe86da9e-801f-4ac9-a2b0-fed18fd63c06]
2025-01-30 18:43:57,575 INFO c.h.h.t.HelmChartContainer - [POD] hivemq-test-hivemq-platform-operator-5dbf989d8c-q6q7b [fe86da9e-801f-4ac9-a2b0-fed18fd63c06] in helmpodsecuritycontextupgradeextensionit-operator was MODIFIED
2025-01-30 18:43:57,575 INFO c.h.h.t.HelmChartContainer - [K3S] [replica_set.go:679] "Finished syncing" kind="ReplicaSet" key="helmpodsecuritycontextupgradeextensionit-operator/hivemq-test-hivemq-platform-operator-5dbf989d8c" duration="41.568µs"
2025-01-30 18:43:57,586 INFO c.h.h.t.HelmChartContainer - [EVENT] Normal [Started] Started container hivemq-platform-operator [helmpodsecuritycontextupgradeextensionit-operator:hivemq-test-hivemq-platform-operator-5dbf989d8c-q6q7b]
2025-01-30 18:43:57,586 INFO c.h.h.t.HelmChartContainer - Received Started event for container hivemq-platform-operator in pod hivemq-test-hivemq-platform-operator-5dbf989d8c-q6q7b [fe86da9e-801f-4ac9-a2b0-fed18fd63c06]
2025-01-30 18:43:57,586 INFO c.h.h.t.HelmChartContainer - Started log watcher for hivemq-platform-operator in pod hivemq-test-hivemq-platform-operator-5dbf989d8c-q6q7b [fe86da9e-801f-4ac9-a2b0-fed18fd63c06]
2025-01-30 18:43:57,587 INFO c.h.h.t.HelmChartContainer - [hivemq-test-hivemq-platform] [hivemq-platform-operator] [fe86da9e] -------------------------------------------------------------------------
2025-01-30 18:43:57,587 INFO c.h.h.t.HelmChartContainer - [hivemq-test-hivemq-platform] [hivemq-platform-operator] [fe86da9e] 
2025-01-30 18:43:57,587 INFO c.h.h.t.HelmChartContainer - [hivemq-test-hivemq-platform] [hivemq-platform-operator] [fe86da9e]                   _    _  _              __  __   ____
2025-01-30 18:43:57,587 INFO c.h.h.t.HelmChartContainer - [hivemq-test-hivemq-platform] [hivemq-platform-operator] [fe86da9e]                  | |  | |(_)            |  \/  | / __ \
2025-01-30 18:43:57,587 INFO c.h.h.t.HelmChartContainer - [hivemq-test-hivemq-platform] [hivemq-platform-operator] [fe86da9e]                  | |__| | _ __   __ ___ | \  / || |  | |
2025-01-30 18:43:57,587 INFO c.h.h.t.HelmChartContainer - [hivemq-test-hivemq-platform] [hivemq-platform-operator] [fe86da9e]                  |  __  || |\ \ / // _ \| |\/| || |  | |
2025-01-30 18:43:57,587 INFO c.h.h.t.HelmChartContainer - [hivemq-test-hivemq-platform] [hivemq-platform-operator] [fe86da9e]                  | |  | || | \ V /|  __/| |  | || |__| |
2025-01-30 18:43:57,588 INFO c.h.h.t.HelmChartContainer - [hivemq-test-hivemq-platform] [hivemq-platform-operator] [fe86da9e]                  |_|  |_||_|  \_/  \___||_|  |_| \___\_\
2025-01-30 18:43:57,588 INFO c.h.h.t.HelmChartContainer - [hivemq-test-hivemq-platform] [hivemq-platform-operator] [fe86da9e] 
2025-01-30 18:43:57,588 INFO c.h.h.t.HelmChartContainer - [hivemq-test-hivemq-platform] [hivemq-platform-operator] [fe86da9e] -------------------------------------------------------------------------
2025-01-30 18:43:57,588 INFO c.h.h.t.HelmChartContainer - [hivemq-test-hivemq-platform] [hivemq-platform-operator] [fe86da9e] 
2025-01-30 18:43:57,588 INFO c.h.h.t.HelmChartContainer - [hivemq-test-hivemq-platform] [hivemq-platform-operator] [fe86da9e]   HiveMQ Platform Operator Start Script v1.0
2025-01-30 18:43:57,588 INFO c.h.h.t.HelmChartContainer - [hivemq-test-hivemq-platform] [hivemq-platform-operator] [fe86da9e] 
2025-01-30 18:43:57,588 INFO c.h.h.t.HelmChartContainer - [hivemq-test-hivemq-platform] [hivemq-platform-operator] [fe86da9e] -------------------------------------------------------------------------
2025-01-30 18:43:57,588 INFO c.h.h.t.HelmChartContainer - [hivemq-test-hivemq-platform] [hivemq-platform-operator] [fe86da9e] 
2025-01-30 18:43:57,588 INFO c.h.h.t.HelmChartContainer - [hivemq-test-hivemq-platform] [hivemq-platform-operator] [fe86da9e]   JAVA_OPTS: -XX:+UnlockExperimentalVMOptions -XX:InitialRAMPercentage=75 -XX:MaxRAMPercentage=75 -Duser.language=en -Duser.region=US
2025-01-30 18:43:57,588 INFO c.h.h.t.HelmChartContainer - [hivemq-test-hivemq-platform] [hivemq-platform-operator] [fe86da9e] 
2025-01-30 18:43:57,588 INFO c.h.h.t.HelmChartContainer - [hivemq-test-hivemq-platform] [hivemq-platform-operator] [fe86da9e]   JAVA_VERSION: 21
2025-01-30 18:43:57,588 INFO c.h.h.t.HelmChartContainer - [hivemq-test-hivemq-platform] [hivemq-platform-operator] [fe86da9e] 
2025-01-30 18:43:57,588 INFO c.h.h.t.HelmChartContainer - [hivemq-test-hivemq-platform] [hivemq-platform-operator] [fe86da9e] -------------------------------------------------------------------------
2025-01-30 18:43:57,588 INFO c.h.h.t.HelmChartContainer - [hivemq-test-hivemq-platform] [hivemq-platform-operator] [fe86da9e] 
2025-01-30 18:44:00,677 INFO c.h.h.t.HelmChartContainer - [hivemq-test-hivemq-platform] [hivemq-platform-operator] [fe86da9e] 18:44:00.674 [main] DEBUG org.jboss.logging - Logging Provider: org.jboss.logging.Slf4jLoggerProvider
2025-01-30 18:44:00,858 INFO c.h.h.t.HelmChartContainer - [hivemq-test-hivemq-platform] [hivemq-platform-operator] [fe86da9e] 18:44:00.857 [main] DEBUG io.smallrye.config - SRCFG01006: Loaded ConfigSource SysPropConfigSource with ordinal 400
2025-01-30 18:44:00,858 INFO c.h.h.t.HelmChartContainer - [hivemq-test-hivemq-platform] [hivemq-platform-operator] [fe86da9e] 18:44:00.857 [main] DEBUG io.smallrye.config - SRCFG01006: Loaded ConfigSource EnvConfigSource with ordinal 300
2025-01-30 18:44:00,858 INFO c.h.h.t.HelmChartContainer - [hivemq-test-hivemq-platform] [hivemq-platform-operator] [fe86da9e] 18:44:00.857 [main] DEBUG io.smallrye.config - SRCFG01006: Loaded ConfigSource PropertiesConfigSource[source=jar:file:///opt/hivemq-platform-operator/bin/hivemq-platform-operator.jar!/hivemq-platform-operator.properties] with ordinal 100
2025-01-30 18:44:00,859 INFO c.h.h.t.HelmChartContainer - [hivemq-test-hivemq-platform] [hivemq-platform-operator] [fe86da9e] 18:44:00.857 [main] DEBUG io.smallrye.config - SRCFG01006: Loaded ConfigSource DefaultValuesConfigSource with ordinal -2147483648
2025-01-30 18:44:00,964 INFO c.h.h.t.HelmChartContainer - [hivemq-test-hivemq-platform] [hivemq-platform-operator] [fe86da9e] 18:44:00.962 [main] DEBUG i.m.c.u.i.l.InternalLoggerFactory - Using SLF4J as the default logging framework
2025-01-30 18:44:01,071 INFO c.h.h.t.HelmChartContainer - [hivemq-test-hivemq-platform] [hivemq-platform-operator] [fe86da9e] 18:44:01.063 [main] INFO  c.h.p.o.HiveMQPlatformOperatorApplication - HiveMQ Platform Operator 1.7.0-SNAPSHOT (commit: 47e3375 on branch: HEAD) built on Thu Jan 30 03:55:50 UTC 2025
2025-01-30 18:44:01,072 INFO c.h.h.t.HelmChartContainer - [hivemq-test-hivemq-platform] [hivemq-platform-operator] [fe86da9e] 18:44:01.071 [main] INFO  c.h.p.o.HiveMQPlatformOperatorApplication - HiveMQ Platform Operator is running in namespace: helmpodsecuritycontextupgradeextensionit-operator
2025-01-30 18:44:01,073 INFO c.h.h.t.HelmChartContainer - [hivemq-test-hivemq-platform] [hivemq-platform-operator] [fe86da9e] 18:44:01.071 [main] INFO  c.h.p.o.HiveMQPlatformOperatorApplication - Watching all namespaces
2025-01-30 18:44:01,073 INFO c.h.h.t.HelmChartContainer - [hivemq-test-hivemq-platform] [hivemq-platform-operator] [fe86da9e] 18:44:01.071 [main] INFO  c.h.p.o.HiveMQPlatformOperatorApplication - Log level: DEBUG
2025-01-30 18:44:01,073 INFO c.h.h.t.HelmChartContainer - [hivemq-test-hivemq-platform] [hivemq-platform-operator] [fe86da9e] 18:44:01.071 [main] INFO  c.h.p.o.HiveMQPlatformOperatorApplication - Release name: test-hivemq-platform-operator
2025-01-30 18:44:01,073 INFO c.h.h.t.HelmChartContainer - [hivemq-test-hivemq-platform] [hivemq-platform-operator] [fe86da9e] 18:44:01.071 [main] INFO  c.h.p.o.HiveMQPlatformOperatorApplication - HiveMQ Platform Operator Init image: docker.io/hivemq/hivemq-platform-operator-init-test:snapshot
2025-01-30 18:44:01,073 INFO c.h.h.t.HelmChartContainer - [hivemq-test-hivemq-platform] [hivemq-platform-operator] [fe86da9e] 18:44:01.071 [main] INFO  c.h.p.o.HiveMQPlatformOperatorApplication - HiveMQ Platform Operator Init App update URL: http://hivemq-platform-operator-test-hivemq-platform-operator.helmpodsecuritycontextupgradeextensionit-operator.svc:8080/initAppUpdate/hivemq-platform-operator-init-app-1.7.0-SNAPSHOT.jar
2025-01-30 18:44:01,073 INFO c.h.h.t.HelmChartContainer - [hivemq-test-hivemq-platform] [hivemq-platform-operator] [fe86da9e] 18:44:01.071 [main] INFO  c.h.p.o.HiveMQPlatformOperatorApplication - Additional imagePullSecret for all Platform deployments: none
2025-01-30 18:44:01,074 INFO c.h.h.t.HelmChartContainer - [hivemq-test-hivemq-platform] [hivemq-platform-operator] [fe86da9e] 18:44:01.071 [main] INFO  c.h.p.o.HiveMQPlatformOperatorApplication - Apply HiveMQ Platform CRD: true
2025-01-30 18:44:01,074 INFO c.h.h.t.HelmChartContainer - [hivemq-test-hivemq-platform] [hivemq-platform-operator] [fe86da9e] 18:44:01.071 [main] INFO  c.h.p.o.HiveMQPlatformOperatorApplication - Create Platform ServiceAccount: true
2025-01-30 18:44:01,074 INFO c.h.h.t.HelmChartContainer - [hivemq-test-hivemq-platform] [hivemq-platform-operator] [fe86da9e] 18:44:01.071 [main] INFO  c.h.p.o.HiveMQPlatformOperatorApplication - Create Platform ServiceAccount permissions: true
2025-01-30 18:44:01,074 INFO c.h.h.t.HelmChartContainer - [hivemq-test-hivemq-platform] [hivemq-platform-operator] [fe86da9e] 18:44:01.071 [main] INFO  c.h.p.o.HiveMQPlatformOperatorApplication - Validate Platform ServiceAccount: true
2025-01-30 18:44:01,074 INFO c.h.h.t.HelmChartContainer - [hivemq-test-hivemq-platform] [hivemq-platform-operator] [fe86da9e] 18:44:01.071 [main] INFO  c.h.p.o.HiveMQPlatformOperatorApplication - Validate Platform ServiceAccount permissions: true
2025-01-30 18:44:01,258 INFO c.h.h.t.HelmChartContainer - [hivemq-test-hivemq-platform] [hivemq-platform-operator] [fe86da9e] 18:44:01.257 [main] INFO  c.h.platform.operator.util.CRDUtil - Verifying deployed HiveMQ Platform CRD...
2025-01-30 18:44:03,667 INFO c.h.h.t.HelmChartContainer - [hivemq-test-hivemq-platform] [hivemq-platform-operator] [fe86da9e] 18:44:03.666 [main] DEBUG c.h.platform.operator.util.CRDUtil - HiveMQ Platform CRD version v1 is up to date
2025-01-30 18:44:03,667 INFO c.h.h.t.HelmChartContainer - [hivemq-test-hivemq-platform] [hivemq-platform-operator] [fe86da9e] 18:44:03.666 [main] INFO  c.h.platform.operator.util.CRDUtil - HiveMQ Platform CRD is up to date (version: V1_6_0)
2025-01-30 18:44:03,667 INFO c.h.h.t.HelmChartContainer - [hivemq-test-hivemq-platform] [hivemq-platform-operator] [fe86da9e] 18:44:03.666 [main] INFO  c.h.platform.operator.util.CRDUtil - Waiting 10000 ms for HiveMQ Platform CRD 'hivemq-platforms.hivemq.com' to become ready...
2025-01-30 18:44:04,056 INFO c.h.h.t.HelmChartContainer - [hivemq-test-hivemq-platform] [hivemq-platform-operator] [fe86da9e] 18:44:04.055 [vert.x-eventloop-thread-1] DEBUG c.h.platform.operator.util.CRDUtil - Checking CRD condition 'NamesAccepted' (status: 'True')
2025-01-30 18:44:04,059 INFO c.h.h.t.HelmChartContainer - [hivemq-test-hivemq-platform] [hivemq-platform-operator] [fe86da9e] 18:44:04.055 [vert.x-eventloop-thread-1] DEBUG c.h.platform.operator.util.CRDUtil - Checking CRD condition 'Established' (status: 'True')
2025-01-30 18:44:04,060 INFO c.h.h.t.HelmChartContainer - [hivemq-test-hivemq-platform] [hivemq-platform-operator] [fe86da9e] 18:44:04.056 [main] INFO  c.h.platform.operator.util.CRDUtil - HiveMQ Platform CRD 'hivemq-platforms.hivemq.com' is ready
2025-01-30 18:44:04,177 INFO c.h.h.t.HelmChartContainer - [hivemq-test-hivemq-platform] [hivemq-platform-operator] [fe86da9e] 18:44:04.176 [main] INFO  c.h.p.o.HiveMQPlatformReconciler - HiveMQ Platform Operator is starting...
2025-01-30 18:44:04,358 INFO c.h.h.t.HelmChartContainer - [hivemq-test-hivemq-platform] [hivemq-platform-operator] [fe86da9e] 18:44:04.357 [main] WARN  Default ConfigurationService implementation - Configuration for reconciler 'hivemq-controller' was not found. Known reconcilers: None.
2025-01-30 18:44:04,366 INFO c.h.h.t.HelmChartContainer - [hivemq-test-hivemq-platform] [hivemq-platform-operator] [fe86da9e] 18:44:04.366 [main] INFO  Default ConfigurationService implementation - Created configuration for reconciler com.hivemq.platform.operator.HiveMQPlatformReconciler with name hivemq-controller
2025-01-30 18:44:04,474 INFO c.h.h.t.HelmChartContainer - [hivemq-test-hivemq-platform] [hivemq-platform-operator] [fe86da9e] 18:44:04.473 [main] DEBUG c.h.p.o.HiveMQPlatformReconciler - HiveMQ Platform Operator is preparing EventSources
2025-01-30 18:44:04,564 INFO c.h.h.t.HelmChartContainer - [hivemq-test-hivemq-platform] [hivemq-platform-operator] [fe86da9e] 18:44:04.563 [main] INFO  i.javaoperatorsdk.operator.Operator - Registered reconciler: 'hivemq-controller' for resource: 'class com.hivemq.platform.operator.v1.HiveMQPlatform' for namespace(s): [all namespaces]
2025-01-30 18:44:05,159 INFO c.h.h.t.HelmChartContainer - [hivemq-test-hivemq-platform] [hivemq-platform-operator] [fe86da9e] 18:44:05.157 [main] INFO  c.h.p.operator.webserver.JettyServer - Starting Jetty server on port 8080
2025-01-30 18:44:05,178 INFO c.h.h.t.HelmChartContainer - [hivemq-test-hivemq-platform] [hivemq-platform-operator] [fe86da9e] 18:44:05.176 [main] INFO  i.javaoperatorsdk.operator.Operator - Operator SDK 4.9.7 (commit: 2133d28) built on Wed Nov 20 12:56:20 UTC 2024 starting...
2025-01-30 18:44:05,178 INFO c.h.h.t.HelmChartContainer - [hivemq-test-hivemq-platform] [hivemq-platform-operator] [fe86da9e] 18:44:05.177 [main] INFO  i.javaoperatorsdk.operator.Operator - Client version: 6.13.5
2025-01-30 18:44:05,179 INFO c.h.h.t.HelmChartContainer - [hivemq-test-hivemq-platform] [hivemq-platform-operator] [fe86da9e] 18:44:05.178 [Controller Starter for: hivemq-controller] INFO  i.j.operator.processing.Controller - Starting 'hivemq-controller' controller for reconciler: com.hivemq.platform.operator.HiveMQPlatformReconciler, resource: com.hivemq.platform.operator.v1.HiveMQPlatform
2025-01-30 18:44:07,663 INFO c.h.h.t.HelmChartContainer - [hivemq-test-hivemq-platform] [hivemq-platform-operator] [fe86da9e] 18:44:07.661 [Controller Starter for: hivemq-controller] INFO  i.j.operator.processing.Controller - 'hivemq-controller' controller started
2025-01-30 18:44:07,664 INFO c.h.h.t.HelmChartContainer - [hivemq-test-hivemq-platform] [hivemq-platform-operator] [fe86da9e] 18:44:07.662 [main] INFO  c.h.p.o.HiveMQPlatformOperatorApplication - HiveMQ Platform Operator 1.7.0-SNAPSHOT started in 6599 ms
2025-01-30 18:44:08,575 INFO c.h.h.t.HelmChartContainer - [POD] hivemq-test-hivemq-platform-operator-5dbf989d8c-q6q7b [fe86da9e-801f-4ac9-a2b0-fed18fd63c06] in helmpodsecuritycontextupgradeextensionit-operator was MODIFIED
2025-01-30 18:44:08,581 INFO c.h.h.t.HelmChartContainer - [K3S] [replica_set.go:679] "Finished syncing" kind="ReplicaSet" key="helmpodsecuritycontextupgradeextensionit-operator/hivemq-test-hivemq-platform-operator-5dbf989d8c" duration="7.510259ms"
2025-01-30 18:44:08,581 INFO c.h.h.t.HelmChartContainer - [K3S] [replica_set.go:679] "Finished syncing" kind="ReplicaSet" key="helmpodsecuritycontextupgradeextensionit-operator/hivemq-test-hivemq-platform-operator-5dbf989d8c" duration="35.346µs"
2025-01-30 18:44:09,716 INFO com.hivemq.helmcharts.util.K8sUtil - Pod 'hivemq-test-hivemq-platform-operator-5dbf989d8c-q6q7b' is ready
2025-01-30 18:44:09,817 DEBUG com.hivemq.helmcharts.util.PodUtil - Received status for command '[sh, -c, stat -c "%u:%g" /proc/1]' on pod 'hivemq-test-hivemq-platform-operator-5dbf989d8c-q6q7b' (exit code: 0)
2025-01-30 18:44:09,832 INFO c.h.h.testcontainer.LogWaiterUtil - TEST Waiting for log pattern on 'test-hivemq-platform-0': .*Extension "HiveMQ Enterprise Distributed Tracing Extension" version .* started successfully.
2025-01-30 18:44:09,899 DEBUG c.h.h.t.HelmChartContainer - Executing helm command: /bin/helm --kubeconfig /etc/rancher/k3s/k3s.yaml install test-hivemq-platform /charts/hivemq-platform --wait --timeout 5m0s --set image.repository=docker.io/hivemq --set image.tag=4.36.0 --set image.pullPolicy=Never --set nodes.resources.cpu=512m -f /files/platform-pod-security-context-root-user-with-tracing-extension-values.yaml --namespace helmpodsecuritycontextupgradeextensionit
2025-01-30 18:44:10,130 INFO c.h.h.t.HelmChartContainer - [hivemq-test-hivemq-platform] [hivemq-platform-operator] [fe86da9e] 18:44:10.129 [-2082509879-pool-1-thread-3] WARN  i.m.p.PrometheusMeterRegistry - The meter (MeterId{name='operator.sdk.events.received', tags=[tag(action=ADDED),tag(event=ResourceEvent),tag(group=hivemq.com),tag(kind=HiveMQPlatform),tag(name=test-hivemq-platform),tag(namespace=helmpodsecuritycontextupgradeextensionit),tag(scope=namespace),tag(version=v1)]}) registration has failed: Prometheus requires that all meters with the same name have the same set of tag keys. There is already an existing meter named 'operator.sdk.events.received' containing tag keys [event, group, kind, name, namespace, scope, version]. The meter you are attempting to register has keys [action, event, group, kind, name, namespace, scope, version]. Note that subsequent logs will be logged at debug level.
2025-01-30 18:44:10,567 INFO c.h.h.t.HelmChartContainer - [hivemq-test-hivemq-platform] [hivemq-platform-operator] [fe86da9e] 18:44:10.565 [pool-6-thread-3] DEBUG c.h.p.o.dependants.PodInfoConfigMap - [helmpods] Desired PodInfo ConfigMap (1 extensions) (1 enabled)
2025-01-30 18:44:10,568 INFO c.h.h.t.HelmChartContainer - [hivemq-test-hivemq-platform] [hivemq-platform-operator] [fe86da9e] 18:44:10.565 [pool-6-thread-3] DEBUG c.h.p.o.dependants.PodInfoConfigMap - [helmpods] Desired PodInfo ConfigMap (metrics port: 9399) (metrics path: /)
2025-01-30 18:44:10,568 INFO c.h.h.t.HelmChartContainer - [hivemq-test-hivemq-platform] [hivemq-platform-operator] [fe86da9e] 18:44:10.566 [pool-6-thread-3] DEBUG c.h.p.o.dependants.PodInfoConfigMap - [helmpods] Desired PodInfo ConfigMap (extension state hash: -560465444)
2025-01-30 18:44:10,568 INFO c.h.h.t.HelmChartContainer - [hivemq-test-hivemq-platform] [hivemq-platform-operator] [fe86da9e] 18:44:10.567 [pool-6-thread-3] DEBUG c.h.p.o.dependants.PodInfoConfigMap - [helmpods] Create PodInfo ConfigMap
2025-01-30 18:44:10,666 INFO c.h.h.t.HelmChartContainer - [hivemq-test-hivemq-platform] [hivemq-platform-operator] [fe86da9e] 18:44:10.665 [pool-6-thread-5] DEBUG c.h.p.o.dependants.PodRoleResource - [helmpods] Create Role: Role(apiVersion=rbac.authorization.k8s.io/v1, kind=Role, metadata=ObjectMeta(annotations={meta.helm.sh/release-name=test-hivemq-platform, meta.helm.sh/release-namespace=helmpodsecuritycontextupgradeextensionit}, creationTimestamp=null, deletionGracePeriodSeconds=null, deletionTimestamp=null, finalizers=[], generateName=null, generation=null, labels={helm.sh/chart=hivemq-platform-0.2.32, app.kubernetes.io/managed-by=Helm, app.kubernetes.io/name=hivemq-platform, hivemq-platform=test-hivemq-platform, app.kubernetes.io/instance=test-hivemq-platform, app.kubernetes.io/version=4.36.0}, managedFields=[], name=hivemq-platform-role-test-hivemq-platform, namespace=helmpodsecuritycontextupgradeextensionit, ownerReferences=[OwnerReference(apiVersion=hivemq.com/v1, blockOwnerDeletion=null, controller=null, kind=HiveMQPlatform, name=test-hivemq-platform, uid=648fc505-9c2b-4895-a0f0-6ee9b8071570, additionalProperties={})], resourceVersion=null, selfLink=null, uid=null, additionalProperties={}), rules=[PolicyRule(apiGroups=[], nonResourceURLs=[], resourceNames=[], resources=[pods], verbs=[get, patch, update], additionalProperties={})], additionalProperties={})
2025-01-30 18:44:10,766 INFO c.h.h.t.HelmChartContainer - [hivemq-test-hivemq-platform] [hivemq-platform-operator] [fe86da9e] 18:44:10.765 [pool-6-thread-7] DEBUG c.h.p.o.d.PodServiceAccountResource - [helmpods] Desired PodServiceAccountResource (serviceAccountName: hivemq-platform-pod-test-hivemq-platform)
2025-01-30 18:44:10,769 INFO c.h.h.t.HelmChartContainer - [hivemq-test-hivemq-platform] [hivemq-platform-operator] [fe86da9e] 18:44:10.766 [pool-6-thread-7] DEBUG c.h.p.o.d.PodServiceAccountResource - [helmpods] Create ServiceAccount 'hivemq-platform-pod-test-hivemq-platform'
2025-01-30 18:44:10,959 INFO c.h.h.t.HelmChartContainer - [hivemq-test-hivemq-platform] [hivemq-platform-operator] [fe86da9e] 18:44:10.955 [pool-6-thread-10] DEBUG c.h.p.o.d.PodRoleBindingResource - [helmpods] Create RoleBinding: RoleBinding(apiVersion=rbac.authorization.k8s.io/v1, kind=RoleBinding, metadata=ObjectMeta(annotations={meta.helm.sh/release-name=test-hivemq-platform, meta.helm.sh/release-namespace=helmpodsecuritycontextupgradeextensionit}, creationTimestamp=null, deletionGracePeriodSeconds=null, deletionTimestamp=null, finalizers=[], generateName=null, generation=null, labels={helm.sh/chart=hivemq-platform-0.2.32, app.kubernetes.io/managed-by=Helm, app.kubernetes.io/name=hivemq-platform, hivemq-platform=test-hivemq-platform, app.kubernetes.io/instance=test-hivemq-platform, app.kubernetes.io/version=4.36.0}, managedFields=[], name=hivemq-platform-role-binding-test-hivemq-platform, namespace=helmpodsecuritycontextupgradeextensionit, ownerReferences=[OwnerReference(apiVersion=hivemq.com/v1, blockOwnerDeletion=null, controller=null, kind=HiveMQPlatform, name=test-hivemq-platform, uid=648fc505-9c2b-4895-a0f0-6ee9b8071570, additionalProperties={})], resourceVersion=null, selfLink=null, uid=null, additionalProperties={}), roleRef=RoleRef(apiGroup=rbac.authorization.k8s.io, kind=Role, name=hivemq-platform-role-test-hivemq-platform, additionalProperties={}), subjects=[Subject(apiGroup=null, kind=ServiceAccount, name=hivemq-platform-pod-test-hivemq-platform, namespace=helmpodsecuritycontextupgradeextensionit, additionalProperties={})], additionalProperties={})
2025-01-30 18:44:10,975 INFO c.h.h.t.HelmChartContainer - [hivemq-test-hivemq-platform] [hivemq-platform-operator] [fe86da9e] 18:44:10.974 [ReconcilerExecutor-hivemq-controller-54] INFO  c.h.p.o.HiveMQPlatformReconciler - [helmpods] Reconciling HiveMQ Platform 'test-hivemq-platform' in namespace 'helmpodsecuritycontextupgradeextensionit'
2025-01-30 18:44:10,977 INFO c.h.h.t.HelmChartContainer - [hivemq-test-hivemq-platform] [hivemq-platform-operator] [fe86da9e] 18:44:10.974 [ReconcilerExecutor-hivemq-controller-54] DEBUG c.h.p.o.HiveMQPlatformReconciler - [helmpods] Custom Resource Status CREATED - HiveMQ Platform was created (READY)
2025-01-30 18:44:10,978 INFO c.h.h.t.HelmChartContainer - [hivemq-test-hivemq-platform] [hivemq-platform-operator] [fe86da9e] 18:44:10.975 [ReconcilerExecutor-hivemq-controller-54] DEBUG c.h.p.o.HiveMQPlatformReconciler - [helmpods] Custom Resource Spec (replicas: 1) (extensions: 1)
2025-01-30 18:44:11,059 INFO c.h.h.t.HelmChartContainer - [hivemq-test-hivemq-platform] [hivemq-platform-operator] [fe86da9e] 18:44:11.057 [ReconcilerExecutor-hivemq-controller-54] INFO  c.h.p.o.h.HiveMQPlatformReconcilerBaseHandler - [helmpods] HiveMQ Platform is starting
2025-01-30 18:44:11,168 INFO c.h.h.t.HelmChartContainer - [hivemq-test-hivemq-platform] [hivemq-platform-operator] [fe86da9e] 18:44:11.167 [ReconcilerExecutor-hivemq-controller-54] DEBUG c.h.p.operator.event.EventSender - [helmpods] Creating K8s event hivemq-platform-starting: [Start] HiveMQ Platform is starting
2025-01-30 18:44:11,179 INFO c.h.h.t.HelmChartContainer - [EVENT] Normal [Start] HiveMQ Platform is starting [helmpodsecuritycontextupgradeextensionit:test-hivemq-platform]
2025-01-30 18:44:11,259 INFO c.h.h.t.HelmChartContainer - [hivemq-test-hivemq-platform] [hivemq-platform-operator] [fe86da9e] 18:44:11.257 [ReconcilerExecutor-hivemq-controller-54] INFO  c.h.p.o.h.AbstractHiveMQReconcilerStateHandler - [helmpods] Update HiveMQ Platform Status (CREATED [READY] -> STARTING [READY]): HiveMQ Platform is starting
2025-01-30 18:44:11,273 DEBUG com.hivemq.helmcharts.util.K8sUtil - Comparing actual state 'STARTING' and waiting for 'RUNNING'
2025-01-30 18:44:21,284 INFO c.h.h.t.HelmChartContainer - [hivemq-test-hivemq-platform] [hivemq-platform-operator] [fe86da9e] 18:44:21.281 [pool-6-thread-12] DEBUG c.h.p.o.d.PlatformServiceResource - [helmpods] Desired Platform services (3 services)
2025-01-30 18:44:21,286 INFO c.h.h.t.HelmChartContainer - [hivemq-test-hivemq-platform] [hivemq-platform-operator] [fe86da9e] 18:44:21.283 [pool-6-thread-13] DEBUG c.h.p.o.dependants.PodInfoConfigMap - [helmpods] Desired PodInfo ConfigMap (1 extensions) (1 enabled)
2025-01-30 18:44:21,286 INFO c.h.h.t.HelmChartContainer - [hivemq-test-hivemq-platform] [hivemq-platform-operator] [fe86da9e] 18:44:21.284 [pool-6-thread-13] DEBUG c.h.p.o.dependants.PodInfoConfigMap - [helmpods] Desired PodInfo ConfigMap (metrics port: 9399) (metrics path: /)
2025-01-30 18:44:21,286 INFO c.h.h.t.HelmChartContainer - [hivemq-test-hivemq-platform] [hivemq-platform-operator] [fe86da9e] 18:44:21.284 [pool-6-thread-13] DEBUG c.h.p.o.dependants.PodInfoConfigMap - [helmpods] Desired PodInfo ConfigMap (extension state hash: -560465444)
2025-01-30 18:44:21,294 INFO c.h.h.t.HelmChartContainer - [hivemq-test-hivemq-platform] [hivemq-platform-operator] [fe86da9e] 18:44:21.289 [pool-6-thread-17] DEBUG c.h.p.o.d.PodServiceAccountResource - [helmpods] Desired PodServiceAccountResource (serviceAccountName: hivemq-platform-pod-test-hivemq-platform)
2025-01-30 18:44:21,294 INFO c.h.h.t.HelmChartContainer - [hivemq-test-hivemq-platform] [hivemq-platform-operator] [fe86da9e] 18:44:21.292 [pool-6-thread-13] DEBUG c.h.p.o.dependants.PodInfoConfigMap - [helmpods] Update PodInfo ConfigMap
2025-01-30 18:44:21,298 INFO c.h.h.t.HelmChartContainer - [K3S] [alloc.go:330] "allocated clusterIPs" service="helmpodsecuritycontextupgradeextensionit/hivemq-test-hivemq-platform-mqtt-1883" clusterIPs={"IPv4":"10.43.190.75"}
2025-01-30 18:44:21,365 INFO c.h.h.t.HelmChartContainer - [K3S] [alloc.go:330] "allocated clusterIPs" service="helmpodsecuritycontextupgradeextensionit/hivemq-test-hivemq-platform-cc-8080" clusterIPs={"IPv4":"10.43.140.29"}
2025-01-30 18:44:21,462 INFO c.h.h.t.HelmChartContainer - [K3S] [alloc.go:330] "allocated clusterIPs" service="helmpodsecuritycontextupgradeextensionit/hivemq-test-hivemq-platform-metrics-9399" clusterIPs={"IPv4":"10.43.88.227"}
2025-01-30 18:44:21,471 INFO c.h.h.t.HelmChartContainer - [hivemq-test-hivemq-platform] [hivemq-platform-operator] [fe86da9e] 18:44:21.466 [pool-6-thread-20] DEBUG c.h.p.o.d.StatefulSetResource - [helmpods] Desired StatefulSet (1 replicas) for status STARTING (READY)
2025-01-30 18:44:21,560 INFO c.h.h.t.HelmChartContainer - [hivemq-test-hivemq-platform] [hivemq-platform-operator] [fe86da9e] 18:44:21.558 [pool-6-thread-20] DEBUG c.h.p.o.d.StatefulSetResource - [helmpods] Create StatefulSet
2025-01-30 18:44:21,587 INFO c.h.h.t.HelmChartContainer - [POD] test-hivemq-platform-0 [bcfbd7c9-d963-47c9-97ce-0e0f969a80fd] in helmpodsecuritycontextupgradeextensionit was ADDED
2025-01-30 18:44:21,588 INFO c.h.h.t.HelmChartContainer - [EVENT] Normal [SuccessfulCreate] create Pod test-hivemq-platform-0 in StatefulSet test-hivemq-platform successful [helmpodsecuritycontextupgradeextensionit:test-hivemq-platform]
2025-01-30 18:44:21,592 INFO c.h.h.t.HelmChartContainer - [POD] test-hivemq-platform-0 [bcfbd7c9-d963-47c9-97ce-0e0f969a80fd] in helmpodsecuritycontextupgradeextensionit was MODIFIED
2025-01-30 18:44:21,594 INFO c.h.h.t.HelmChartContainer - [EVENT] Normal [Scheduled] Successfully assigned helmpodsecuritycontextupgradeextensionit/test-hivemq-platform-0 to 96c0d6c16666 [helmpodsecuritycontextupgradeextensionit:test-hivemq-platform-0]
2025-01-30 18:44:21,601 INFO c.h.h.t.HelmChartContainer - [POD] test-hivemq-platform-0 [bcfbd7c9-d963-47c9-97ce-0e0f969a80fd] in helmpodsecuritycontextupgradeextensionit was MODIFIED
2025-01-30 18:44:21,636 INFO c.h.h.t.HelmChartContainer - [K3S] [reconciler_common.go:251] "operationExecutor.VerifyControllerAttachedVolume started for volume \"pod-info\" (UniqueName: \"kubernetes.io/configmap/bcfbd7c9-d963-47c9-97ce-0e0f969a80fd-pod-info\") pod \"test-hivemq-platform-0\" (UID: \"bcfbd7c9-d963-47c9-97ce-0e0f969a80fd\") " pod="helmpodsecuritycontextupgradeextensionit/test-hivemq-platform-0"
2025-01-30 18:44:21,636 INFO c.h.h.t.HelmChartContainer - [K3S] [reconciler_common.go:251] "operationExecutor.VerifyControllerAttachedVolume started for volume \"extension-configuration-hivemq-distributed-tracing-extension\" (UniqueName: \"kubernetes.io/configmap/bcfbd7c9-d963-47c9-97ce-0e0f969a80fd-extension-configuration-hivemq-distributed-tracing-extension\") pod \"test-hivemq-platform-0\" (UID: \"bcfbd7c9-d963-47c9-97ce-0e0f969a80fd\") " pod="helmpodsecuritycontextupgradeextensionit/test-hivemq-platform-0"
2025-01-30 18:44:21,636 INFO c.h.h.t.HelmChartContainer - [K3S] [reconciler_common.go:251] "operationExecutor.VerifyControllerAttachedVolume started for volume \"kube-api-access-m9rv8\" (UniqueName: \"kubernetes.io/projected/bcfbd7c9-d963-47c9-97ce-0e0f969a80fd-kube-api-access-m9rv8\") pod \"test-hivemq-platform-0\" (UID: \"bcfbd7c9-d963-47c9-97ce-0e0f969a80fd\") " pod="helmpodsecuritycontextupgradeextensionit/test-hivemq-platform-0"
2025-01-30 18:44:21,636 INFO c.h.h.t.HelmChartContainer - [K3S] [reconciler_common.go:251] "operationExecutor.VerifyControllerAttachedVolume started for volume \"broker-configuration\" (UniqueName: \"kubernetes.io/configmap/bcfbd7c9-d963-47c9-97ce-0e0f969a80fd-broker-configuration\") pod \"test-hivemq-platform-0\" (UID: \"bcfbd7c9-d963-47c9-97ce-0e0f969a80fd\") " pod="helmpodsecuritycontextupgradeextensionit/test-hivemq-platform-0"
2025-01-30 18:44:21,636 INFO c.h.h.t.HelmChartContainer - [K3S] [reconciler_common.go:251] "operationExecutor.VerifyControllerAttachedVolume started for volume \"operator-init\" (UniqueName: \"kubernetes.io/empty-dir/bcfbd7c9-d963-47c9-97ce-0e0f969a80fd-operator-init\") pod \"test-hivemq-platform-0\" (UID: \"bcfbd7c9-d963-47c9-97ce-0e0f969a80fd\") " pod="helmpodsecuritycontextupgradeextensionit/test-hivemq-platform-0"
2025-01-30 18:44:21,669 INFO c.h.h.t.HelmChartContainer - [hivemq-test-hivemq-platform] [hivemq-platform-operator] [fe86da9e] 18:44:21.668 [ReconcilerExecutor-hivemq-controller-65] INFO  c.h.p.o.HiveMQPlatformReconciler - [helmpods] Reconciling HiveMQ Platform 'test-hivemq-platform' in namespace 'helmpodsecuritycontextupgradeextensionit'
2025-01-30 18:44:21,670 INFO c.h.h.t.HelmChartContainer - [hivemq-test-hivemq-platform] [hivemq-platform-operator] [fe86da9e] 18:44:21.668 [ReconcilerExecutor-hivemq-controller-65] DEBUG c.h.p.o.HiveMQPlatformReconciler - [helmpods] Custom Resource Status STARTING - HiveMQ Platform is starting (READY)
2025-01-30 18:44:21,670 INFO c.h.h.t.HelmChartContainer - [hivemq-test-hivemq-platform] [hivemq-platform-operator] [fe86da9e] 18:44:21.668 [ReconcilerExecutor-hivemq-controller-65] DEBUG c.h.p.o.HiveMQPlatformReconciler - [helmpods] Custom Resource Spec (replicas: 1) (extensions: 1)
2025-01-30 18:44:21,757 INFO c.h.h.t.HelmChartContainer - [hivemq-test-hivemq-platform] [hivemq-platform-operator] [fe86da9e] 18:44:21.755 [ReconcilerExecutor-hivemq-controller-65] DEBUG c.h.p.o.HiveMQPlatformReconciler - [helmpods] StatefulSet Status (revision: test-hivemq-platform-6778d7488d, replicas: 1, available: 0, ready: 0, current: 1, updated: 1)
2025-01-30 18:44:21,758 INFO c.h.h.t.HelmChartContainer - [hivemq-test-hivemq-platform] [hivemq-platform-operator] [fe86da9e] 18:44:21.756 [ReconcilerExecutor-hivemq-controller-65] DEBUG c.h.p.o.HiveMQPlatformReconciler - [helmpods] StatefulSet Spec (replicas: 1, init containers: 1, containers: 1, volumes: 4)
2025-01-30 18:44:21,771 INFO c.h.h.t.HelmChartContainer - [hivemq-test-hivemq-platform] [hivemq-platform-operator] [fe86da9e] 18:44:21.770 [ReconcilerExecutor-hivemq-controller-65] DEBUG c.h.p.o.h.HiveMQPlatformReconcilerErrorHandler - [helmpods] Pod 'test-hivemq-platform-0' phase Pending
2025-01-30 18:44:21,772 INFO c.h.h.t.HelmChartContainer - [hivemq-test-hivemq-platform] [hivemq-platform-operator] [fe86da9e] 18:44:21.771 [ReconcilerExecutor-hivemq-controller-65] DEBUG c.h.p.o.h.HiveMQPlatformReconcilerErrorHandler - [helmpods] Pod 'test-hivemq-platform-0' condition 'PodReadyToStartContainers': False
2025-01-30 18:44:21,773 INFO c.h.h.t.HelmChartContainer - [hivemq-test-hivemq-platform] [hivemq-platform-operator] [fe86da9e] 18:44:21.771 [ReconcilerExecutor-hivemq-controller-65] DEBUG c.h.p.o.h.HiveMQPlatformReconcilerErrorHandler - [helmpods] Pod 'test-hivemq-platform-0' condition 'Initialized': False
2025-01-30 18:44:21,773 INFO c.h.h.t.HelmChartContainer - [hivemq-test-hivemq-platform] [hivemq-platform-operator] [fe86da9e] 18:44:21.771 [ReconcilerExecutor-hivemq-controller-65] DEBUG c.h.p.o.h.HiveMQPlatformReconcilerErrorHandler - [helmpods] Pod 'test-hivemq-platform-0' condition 'Ready': False
2025-01-30 18:44:21,773 INFO c.h.h.t.HelmChartContainer - [hivemq-test-hivemq-platform] [hivemq-platform-operator] [fe86da9e] 18:44:21.771 [ReconcilerExecutor-hivemq-controller-65] DEBUG c.h.p.o.h.HiveMQPlatformReconcilerErrorHandler - [helmpods] Pod 'test-hivemq-platform-0' condition 'ContainersReady': False
2025-01-30 18:44:21,773 INFO c.h.h.t.HelmChartContainer - [hivemq-test-hivemq-platform] [hivemq-platform-operator] [fe86da9e] 18:44:21.771 [ReconcilerExecutor-hivemq-controller-65] DEBUG c.h.p.o.h.HiveMQPlatformReconcilerErrorHandler - [helmpods] Pod 'test-hivemq-platform-0' condition 'PodScheduled': True
2025-01-30 18:44:21,773 INFO c.h.h.t.HelmChartContainer - [hivemq-test-hivemq-platform] [hivemq-platform-operator] [fe86da9e] 18:44:21.772 [ReconcilerExecutor-hivemq-controller-65] DEBUG c.h.p.o.h.HiveMQPlatformReconcilerErrorHandler - [helmpods] Pod 'test-hivemq-platform-0' containerStatus 'hivemq' (started: false) (ready: false) (waiting: [PodInitializing] null)
2025-01-30 18:44:21,775 INFO c.h.h.t.HelmChartContainer - [hivemq-test-hivemq-platform] [hivemq-platform-operator] [fe86da9e] 18:44:21.774 [ReconcilerExecutor-hivemq-controller-65] INFO  c.h.p.o.h.HiveMQPlatformReconcilerBaseHandler - [helmpods] HiveMQ Platform is starting, 0 of 1 replicas are ready
2025-01-30 18:44:21,863 INFO c.h.h.t.HelmChartContainer - [hivemq-test-hivemq-platform] [hivemq-platform-operator] [fe86da9e] 18:44:21.860 [pool-6-thread-22] DEBUG c.h.p.o.d.PlatformServiceResource - [helmpods] Desired Platform services (3 services)
2025-01-30 18:44:21,865 INFO c.h.h.t.HelmChartContainer - [hivemq-test-hivemq-platform] [hivemq-platform-operator] [fe86da9e] 18:44:21.862 [pool-6-thread-23] DEBUG c.h.p.o.dependants.PodInfoConfigMap - [helmpods] Desired PodInfo ConfigMap (1 extensions) (1 enabled)
2025-01-30 18:44:21,865 INFO c.h.h.t.HelmChartContainer - [hivemq-test-hivemq-platform] [hivemq-platform-operator] [fe86da9e] 18:44:21.863 [pool-6-thread-23] DEBUG c.h.p.o.dependants.PodInfoConfigMap - [helmpods] Desired PodInfo ConfigMap (metrics port: 9399) (metrics path: /)
2025-01-30 18:44:21,865 INFO c.h.h.t.HelmChartContainer - [hivemq-test-hivemq-platform] [hivemq-platform-operator] [fe86da9e] 18:44:21.863 [pool-6-thread-23] DEBUG c.h.p.o.dependants.PodInfoConfigMap - [helmpods] Desired PodInfo ConfigMap (extension state hash: -560465444)
2025-01-30 18:44:21,868 INFO c.h.h.t.HelmChartContainer - [hivemq-test-hivemq-platform] [hivemq-platform-operator] [fe86da9e] 18:44:21.866 [pool-6-thread-27] DEBUG c.h.p.o.d.PodServiceAccountResource - [helmpods] Desired PodServiceAccountResource (serviceAccountName: hivemq-platform-pod-test-hivemq-platform)
2025-01-30 18:44:21,963 INFO c.h.h.t.HelmChartContainer - [hivemq-test-hivemq-platform] [hivemq-platform-operator] [fe86da9e] 18:44:21.961 [pool-6-thread-30] DEBUG c.h.p.o.d.StatefulSetResource - [helmpods] Desired StatefulSet (1 replicas) for status STARTING (READY)
2025-01-30 18:44:21,969 INFO c.h.h.t.HelmChartContainer - [hivemq-test-hivemq-platform] [hivemq-platform-operator] [fe86da9e] 18:44:21.968 [ReconcilerExecutor-hivemq-controller-76] INFO  c.h.p.o.HiveMQPlatformReconciler - [helmpods] Reconciling HiveMQ Platform 'test-hivemq-platform' in namespace 'helmpodsecuritycontextupgradeextensionit'
2025-01-30 18:44:21,969 INFO c.h.h.t.HelmChartContainer - [hivemq-test-hivemq-platform] [hivemq-platform-operator] [fe86da9e] 18:44:21.968 [ReconcilerExecutor-hivemq-controller-76] DEBUG c.h.p.o.HiveMQPlatformReconciler - [helmpods] Custom Resource Status STARTING - HiveMQ Platform is starting (READY)
2025-01-30 18:44:21,969 INFO c.h.h.t.HelmChartContainer - [hivemq-test-hivemq-platform] [hivemq-platform-operator] [fe86da9e] 18:44:21.968 [ReconcilerExecutor-hivemq-controller-76] DEBUG c.h.p.o.HiveMQPlatformReconciler - [helmpods] Custom Resource Spec (replicas: 1) (extensions: 1)
2025-01-30 18:44:21,974 INFO c.h.h.t.HelmChartContainer - [hivemq-test-hivemq-platform] [hivemq-platform-operator] [fe86da9e] 18:44:21.972 [ReconcilerExecutor-hivemq-controller-76] DEBUG c.h.p.o.HiveMQPlatformReconciler - [helmpods] StatefulSet Status (revision: test-hivemq-platform-6778d7488d, replicas: 1, available: 0, ready: 0, current: 1, updated: 1)
2025-01-30 18:44:21,975 INFO c.h.h.t.HelmChartContainer - [hivemq-test-hivemq-platform] [hivemq-platform-operator] [fe86da9e] 18:44:21.973 [ReconcilerExecutor-hivemq-controller-76] DEBUG c.h.p.o.HiveMQPlatformReconciler - [helmpods] StatefulSet Spec (replicas: 1, init containers: 1, containers: 1, volumes: 4)
2025-01-30 18:44:21,978 INFO c.h.h.t.HelmChartContainer - [hivemq-test-hivemq-platform] [hivemq-platform-operator] [fe86da9e] 18:44:21.977 [ReconcilerExecutor-hivemq-controller-76] DEBUG c.h.p.o.h.HiveMQPlatformReconcilerErrorHandler - [helmpods] Pod 'test-hivemq-platform-0' phase Pending
2025-01-30 18:44:21,978 INFO c.h.h.t.HelmChartContainer - [hivemq-test-hivemq-platform] [hivemq-platform-operator] [fe86da9e] 18:44:21.977 [ReconcilerExecutor-hivemq-controller-76] DEBUG c.h.p.o.h.HiveMQPlatformReconcilerErrorHandler - [helmpods] Pod 'test-hivemq-platform-0' condition 'PodReadyToStartContainers': False
2025-01-30 18:44:21,978 INFO c.h.h.t.HelmChartContainer - [hivemq-test-hivemq-platform] [hivemq-platform-operator] [fe86da9e] 18:44:21.977 [ReconcilerExecutor-hivemq-controller-76] DEBUG c.h.p.o.h.HiveMQPlatformReconcilerErrorHandler - [helmpods] Pod 'test-hivemq-platform-0' condition 'Initialized': False
2025-01-30 18:44:21,978 INFO c.h.h.t.HelmChartContainer - [hivemq-test-hivemq-platform] [hivemq-platform-operator] [fe86da9e] 18:44:21.978 [ReconcilerExecutor-hivemq-controller-76] DEBUG c.h.p.o.h.HiveMQPlatformReconcilerErrorHandler - [helmpods] Pod 'test-hivemq-platform-0' condition 'Ready': False
2025-01-30 18:44:21,978 INFO c.h.h.t.HelmChartContainer - [hivemq-test-hivemq-platform] [hivemq-platform-operator] [fe86da9e] 18:44:21.978 [ReconcilerExecutor-hivemq-controller-76] DEBUG c.h.p.o.h.HiveMQPlatformReconcilerErrorHandler - [helmpods] Pod 'test-hivemq-platform-0' condition 'ContainersReady': False
2025-01-30 18:44:21,980 INFO c.h.h.t.HelmChartContainer - [hivemq-test-hivemq-platform] [hivemq-platform-operator] [fe86da9e] 18:44:21.978 [ReconcilerExecutor-hivemq-controller-76] DEBUG c.h.p.o.h.HiveMQPlatformReconcilerErrorHandler - [helmpods] Pod 'test-hivemq-platform-0' condition 'PodScheduled': True
2025-01-30 18:44:21,980 INFO c.h.h.t.HelmChartContainer - [hivemq-test-hivemq-platform] [hivemq-platform-operator] [fe86da9e] 18:44:21.978 [ReconcilerExecutor-hivemq-controller-76] DEBUG c.h.p.o.h.HiveMQPlatformReconcilerErrorHandler - [helmpods] Pod 'test-hivemq-platform-0' containerStatus 'hivemq' (started: false) (ready: false) (waiting: [PodInitializing] null)
2025-01-30 18:44:21,990 INFO c.h.h.t.HelmChartContainer - [EVENT] Normal [Pulled] Container image "docker.io/hivemq/hivemq-platform-operator-init-test:snapshot" already present on machine [helmpodsecuritycontextupgradeextensionit:test-hivemq-platform-0]
2025-01-30 18:44:22,057 INFO c.h.h.t.HelmChartContainer - [hivemq-test-hivemq-platform] [hivemq-platform-operator] [fe86da9e] 18:44:22.056 [ReconcilerExecutor-hivemq-controller-76] INFO  c.h.p.o.h.HiveMQPlatformReconcilerBaseHandler - [helmpods] HiveMQ Platform is starting, 0 of 1 replicas are ready
2025-01-30 18:44:22,116 INFO c.h.h.t.HelmChartContainer - [EVENT] Normal [Created] Created container: hivemq-platform-operator-init [helmpodsecuritycontextupgradeextensionit:test-hivemq-platform-0]
2025-01-30 18:44:22,154 INFO c.h.h.t.HelmChartContainer - [EVENT] Normal [Started] Started container hivemq-platform-operator-init [helmpodsecuritycontextupgradeextensionit:test-hivemq-platform-0]
2025-01-30 18:44:22,607 INFO c.h.h.t.HelmChartContainer - [EVENT] Normal [Pulled] Container image "docker.io/hivemq/hivemq4:4.36.0" already present on machine [helmpodsecuritycontextupgradeextensionit:test-hivemq-platform-0]
2025-01-30 18:44:22,607 INFO c.h.h.t.HelmChartContainer - Received Pulled event for container hivemq in pod test-hivemq-platform-0 [bcfbd7c9-d963-47c9-97ce-0e0f969a80fd]
2025-01-30 18:44:22,620 INFO c.h.h.t.HelmChartContainer - [POD] test-hivemq-platform-0 [bcfbd7c9-d963-47c9-97ce-0e0f969a80fd] in helmpodsecuritycontextupgradeextensionit was MODIFIED
2025-01-30 18:44:22,637 INFO c.h.h.t.HelmChartContainer - [hivemq-test-hivemq-platform] [hivemq-platform-operator] [fe86da9e] 18:44:22.629 [pool-6-thread-32] DEBUG c.h.p.o.d.PlatformServiceResource - [helmpods] Desired Platform services (3 services)
2025-01-30 18:44:22,637 INFO c.h.h.t.HelmChartContainer - [hivemq-test-hivemq-platform] [hivemq-platform-operator] [fe86da9e] 18:44:22.632 [pool-6-thread-33] DEBUG c.h.p.o.dependants.PodInfoConfigMap - [helmpods] Desired PodInfo ConfigMap (1 extensions) (1 enabled)
2025-01-30 18:44:22,639 INFO c.h.h.t.HelmChartContainer - [hivemq-test-hivemq-platform] [hivemq-platform-operator] [fe86da9e] 18:44:22.637 [pool-6-thread-33] DEBUG c.h.p.o.dependants.PodInfoConfigMap - [helmpods] Desired PodInfo ConfigMap (metrics port: 9399) (metrics path: /)
2025-01-30 18:44:22,639 INFO c.h.h.t.HelmChartContainer - [hivemq-test-hivemq-platform] [hivemq-platform-operator] [fe86da9e] 18:44:22.637 [pool-6-thread-33] DEBUG c.h.p.o.dependants.PodInfoConfigMap - [helmpods] Desired PodInfo ConfigMap (extension state hash: -560465444)
2025-01-30 18:44:22,647 INFO c.h.h.t.HelmChartContainer - [hivemq-test-hivemq-platform] [hivemq-platform-operator] [fe86da9e] 18:44:22.641 [pool-6-thread-37] DEBUG c.h.p.o.d.PodServiceAccountResource - [helmpods] Desired PodServiceAccountResource (serviceAccountName: hivemq-platform-pod-test-hivemq-platform)
2025-01-30 18:44:22,664 INFO c.h.h.t.HelmChartContainer - [hivemq-test-hivemq-platform] [hivemq-platform-operator] [fe86da9e] 18:44:22.658 [pool-6-thread-40] DEBUG c.h.p.o.d.StatefulSetResource - [helmpods] Desired StatefulSet (1 replicas) for status STARTING (READY)
2025-01-30 18:44:22,671 INFO c.h.h.t.HelmChartContainer - [hivemq-test-hivemq-platform] [hivemq-platform-operator] [fe86da9e] 18:44:22.668 [ReconcilerExecutor-hivemq-controller-87] INFO  c.h.p.o.HiveMQPlatformReconciler - [helmpods] Reconciling HiveMQ Platform 'test-hivemq-platform' in namespace 'helmpodsecuritycontextupgradeextensionit'
2025-01-30 18:44:22,671 INFO c.h.h.t.HelmChartContainer - [hivemq-test-hivemq-platform] [hivemq-platform-operator] [fe86da9e] 18:44:22.668 [ReconcilerExecutor-hivemq-controller-87] DEBUG c.h.p.o.HiveMQPlatformReconciler - [helmpods] Custom Resource Status STARTING - HiveMQ Platform is starting (READY)
2025-01-30 18:44:22,671 INFO c.h.h.t.HelmChartContainer - [hivemq-test-hivemq-platform] [hivemq-platform-operator] [fe86da9e] 18:44:22.668 [ReconcilerExecutor-hivemq-controller-87] DEBUG c.h.p.o.HiveMQPlatformReconciler - [helmpods] Custom Resource Spec (replicas: 1) (extensions: 1)
2025-01-30 18:44:22,678 INFO c.h.h.t.HelmChartContainer - [hivemq-test-hivemq-platform] [hivemq-platform-operator] [fe86da9e] 18:44:22.676 [ReconcilerExecutor-hivemq-controller-87] DEBUG c.h.p.o.HiveMQPlatformReconciler - [helmpods] StatefulSet Status (revision: test-hivemq-platform-6778d7488d, replicas: 1, available: 0, ready: 0, current: 1, updated: 1)
2025-01-30 18:44:22,678 INFO c.h.h.t.HelmChartContainer - [hivemq-test-hivemq-platform] [hivemq-platform-operator] [fe86da9e] 18:44:22.676 [ReconcilerExecutor-hivemq-controller-87] DEBUG c.h.p.o.HiveMQPlatformReconciler - [helmpods] StatefulSet Spec (replicas: 1, init containers: 1, containers: 1, volumes: 4)
2025-01-30 18:44:22,758 INFO c.h.h.t.HelmChartContainer - [hivemq-test-hivemq-platform] [hivemq-platform-operator] [fe86da9e] 18:44:22.755 [ReconcilerExecutor-hivemq-controller-87] DEBUG c.h.p.o.h.HiveMQPlatformReconcilerErrorHandler - [helmpods] Pod 'test-hivemq-platform-0' phase Pending
2025-01-30 18:44:22,758 INFO c.h.h.t.HelmChartContainer - [hivemq-test-hivemq-platform] [hivemq-platform-operator] [fe86da9e] 18:44:22.756 [ReconcilerExecutor-hivemq-controller-87] DEBUG c.h.p.o.h.HiveMQPlatformReconcilerErrorHandler - [helmpods] Pod 'test-hivemq-platform-0' condition 'PodReadyToStartContainers': True
2025-01-30 18:44:22,758 INFO c.h.h.t.HelmChartContainer - [hivemq-test-hivemq-platform] [hivemq-platform-operator] [fe86da9e] 18:44:22.756 [ReconcilerExecutor-hivemq-controller-87] DEBUG c.h.p.o.h.HiveMQPlatformReconcilerErrorHandler - [helmpods] Pod 'test-hivemq-platform-0' condition 'Initialized': True
2025-01-30 18:44:22,758 INFO c.h.h.t.HelmChartContainer - [hivemq-test-hivemq-platform] [hivemq-platform-operator] [fe86da9e] 18:44:22.756 [ReconcilerExecutor-hivemq-controller-87] DEBUG c.h.p.o.h.HiveMQPlatformReconcilerErrorHandler - [helmpods] Pod 'test-hivemq-platform-0' condition 'Ready': False
2025-01-30 18:44:22,758 INFO c.h.h.t.HelmChartContainer - [hivemq-test-hivemq-platform] [hivemq-platform-operator] [fe86da9e] 18:44:22.756 [ReconcilerExecutor-hivemq-controller-87] DEBUG c.h.p.o.h.HiveMQPlatformReconcilerErrorHandler - [helmpods] Pod 'test-hivemq-platform-0' condition 'ContainersReady': False
2025-01-30 18:44:22,758 INFO c.h.h.t.HelmChartContainer - [hivemq-test-hivemq-platform] [hivemq-platform-operator] [fe86da9e] 18:44:22.756 [ReconcilerExecutor-hivemq-controller-87] DEBUG c.h.p.o.h.HiveMQPlatformReconcilerErrorHandler - [helmpods] Pod 'test-hivemq-platform-0' condition 'PodScheduled': True
2025-01-30 18:44:22,758 INFO c.h.h.t.HelmChartContainer - [hivemq-test-hivemq-platform] [hivemq-platform-operator] [fe86da9e] 18:44:22.756 [ReconcilerExecutor-hivemq-controller-87] DEBUG c.h.p.o.h.HiveMQPlatformReconcilerErrorHandler - [helmpods] Pod 'test-hivemq-platform-0' containerStatus 'hivemq' (started: false) (ready: false) (waiting: [PodInitializing] null)
2025-01-30 18:44:22,760 INFO c.h.h.t.HelmChartContainer - [hivemq-test-hivemq-platform] [hivemq-platform-operator] [fe86da9e] 18:44:22.758 [ReconcilerExecutor-hivemq-controller-87] INFO  c.h.p.o.h.HiveMQPlatformReconcilerBaseHandler - [helmpods] HiveMQ Platform is starting, 0 of 1 replicas are ready
2025-01-30 18:44:24,066 INFO c.h.h.t.HelmChartContainer - [EVENT] Normal [Created] Created container: hivemq [helmpodsecuritycontextupgradeextensionit:test-hivemq-platform-0]
2025-01-30 18:44:24,066 INFO c.h.h.t.HelmChartContainer - Received Created event for container hivemq in pod test-hivemq-platform-0 [bcfbd7c9-d963-47c9-97ce-0e0f969a80fd]
2025-01-30 18:44:24,618 INFO c.h.h.t.HelmChartContainer - [POD] test-hivemq-platform-0 [bcfbd7c9-d963-47c9-97ce-0e0f969a80fd] in helmpodsecuritycontextupgradeextensionit was MODIFIED
2025-01-30 18:44:24,636 INFO c.h.h.t.HelmChartContainer - Started log watcher for hivemq in pod test-hivemq-platform-0 [bcfbd7c9-d963-47c9-97ce-0e0f969a80fd]
2025-01-30 18:44:24,636 INFO c.h.h.t.HelmChartContainer - [EVENT] Normal [Started] Started container hivemq [helmpodsecuritycontextupgradeextensionit:test-hivemq-platform-0]
2025-01-30 18:44:24,637 INFO c.h.h.t.HelmChartContainer - Received Started event for container hivemq in pod test-hivemq-platform-0 [bcfbd7c9-d963-47c9-97ce-0e0f969a80fd]
2025-01-30 18:44:24,637 INFO c.h.h.t.HelmChartContainer - [test-hivemq-platform] [hivemq] [bcfbd7c9] Adding pre-installed HiveMQ Platform Operator extensions
2025-01-30 18:44:24,638 INFO c.h.h.t.HelmChartContainer - [hivemq-test-hivemq-platform] [hivemq-platform-operator] [fe86da9e] 18:44:24.633 [pool-6-thread-42] DEBUG c.h.p.o.d.PlatformServiceResource - [helmpods] Desired Platform services (3 services)
2025-01-30 18:44:24,638 INFO c.h.h.t.HelmChartContainer - [test-hivemq-platform] [hivemq] [bcfbd7c9] Running as user 0
2025-01-30 18:44:24,640 INFO c.h.h.t.HelmChartContainer - [hivemq-test-hivemq-platform] [hivemq-platform-operator] [fe86da9e] 18:44:24.638 [pool-6-thread-43] DEBUG c.h.p.o.dependants.PodInfoConfigMap - [helmpods] Desired PodInfo ConfigMap (1 extensions) (1 enabled)
2025-01-30 18:44:24,640 INFO c.h.h.t.HelmChartContainer - [test-hivemq-platform] [hivemq] [bcfbd7c9] Starting HiveMQ Platform Operator Init
2025-01-30 18:44:24,644 INFO c.h.h.t.HelmChartContainer - [hivemq-test-hivemq-platform] [hivemq-platform-operator] [fe86da9e] 18:44:24.642 [pool-6-thread-43] DEBUG c.h.p.o.dependants.PodInfoConfigMap - [helmpods] Desired PodInfo ConfigMap (metrics port: 9399) (metrics path: /)
2025-01-30 18:44:24,648 INFO c.h.h.t.HelmChartContainer - [hivemq-test-hivemq-platform] [hivemq-platform-operator] [fe86da9e] 18:44:24.642 [pool-6-thread-43] DEBUG c.h.p.o.dependants.PodInfoConfigMap - [helmpods] Desired PodInfo ConfigMap (extension state hash: -560465444)
2025-01-30 18:44:24,650 INFO c.h.h.t.HelmChartContainer - [hivemq-test-hivemq-platform] [hivemq-platform-operator] [fe86da9e] 18:44:24.649 [pool-6-thread-47] DEBUG c.h.p.o.d.PodServiceAccountResource - [helmpods] Desired PodServiceAccountResource (serviceAccountName: hivemq-platform-pod-test-hivemq-platform)
2025-01-30 18:44:24,664 INFO c.h.h.t.HelmChartContainer - [hivemq-test-hivemq-platform] [hivemq-platform-operator] [fe86da9e] 18:44:24.661 [pool-6-thread-50] DEBUG c.h.p.o.d.StatefulSetResource - [helmpods] Desired StatefulSet (1 replicas) for status STARTING (READY)
2025-01-30 18:44:24,671 INFO c.h.h.t.HelmChartContainer - [hivemq-test-hivemq-platform] [hivemq-platform-operator] [fe86da9e] 18:44:24.667 [ReconcilerExecutor-hivemq-controller-98] INFO  c.h.p.o.HiveMQPlatformReconciler - [helmpods] Reconciling HiveMQ Platform 'test-hivemq-platform' in namespace 'helmpodsecuritycontextupgradeextensionit'
2025-01-30 18:44:24,672 INFO c.h.h.t.HelmChartContainer - [hivemq-test-hivemq-platform] [hivemq-platform-operator] [fe86da9e] 18:44:24.668 [ReconcilerExecutor-hivemq-controller-98] DEBUG c.h.p.o.HiveMQPlatformReconciler - [helmpods] Custom Resource Status STARTING - HiveMQ Platform is starting (READY)
2025-01-30 18:44:24,673 INFO c.h.h.t.HelmChartContainer - [hivemq-test-hivemq-platform] [hivemq-platform-operator] [fe86da9e] 18:44:24.668 [ReconcilerExecutor-hivemq-controller-98] DEBUG c.h.p.o.HiveMQPlatformReconciler - [helmpods] Custom Resource Spec (replicas: 1) (extensions: 1)
2025-01-30 18:44:24,674 INFO c.h.h.t.HelmChartContainer - [hivemq-test-hivemq-platform] [hivemq-platform-operator] [fe86da9e] 18:44:24.671 [ReconcilerExecutor-hivemq-controller-98] DEBUG c.h.p.o.HiveMQPlatformReconciler - [helmpods] StatefulSet Status (revision: test-hivemq-platform-6778d7488d, replicas: 1, available: 0, ready: 0, current: 1, updated: 1)
2025-01-30 18:44:24,674 INFO c.h.h.t.HelmChartContainer - [hivemq-test-hivemq-platform] [hivemq-platform-operator] [fe86da9e] 18:44:24.672 [ReconcilerExecutor-hivemq-controller-98] DEBUG c.h.p.o.HiveMQPlatformReconciler - [helmpods] StatefulSet Spec (replicas: 1, init containers: 1, containers: 1, volumes: 4)
2025-01-30 18:44:24,758 INFO c.h.h.t.HelmChartContainer - [hivemq-test-hivemq-platform] [hivemq-platform-operator] [fe86da9e] 18:44:24.757 [ReconcilerExecutor-hivemq-controller-98] DEBUG c.h.p.o.h.HiveMQPlatformReconcilerErrorHandler - [helmpods] Pod 'test-hivemq-platform-0' phase Running
2025-01-30 18:44:24,760 INFO c.h.h.t.HelmChartContainer - [hivemq-test-hivemq-platform] [hivemq-platform-operator] [fe86da9e] 18:44:24.758 [ReconcilerExecutor-hivemq-controller-98] INFO  c.h.p.o.h.HiveMQPlatformReconcilerBaseHandler - [helmpods] HiveMQ Platform is starting, 0 of 1 replicas are ready
2025-01-30 18:44:25,327 INFO c.h.h.t.HelmChartContainer - [test-hivemq-platform] [hivemq] [bcfbd7c9] INFO  - [HiveMQ Platform Operator Init 1.7.0-SNAPSHOT] HiveMQ Platform Operator Init 1.7.0-SNAPSHOT (commit: 47e3375 on branch: HEAD) built on Thu Jan 30 03:55:50 UTC 2025
2025-01-30 18:44:26,447 INFO c.h.h.t.HelmChartContainer - [test-hivemq-platform] [hivemq] [bcfbd7c9] INFO  - [HiveMQ Platform Operator Init App 1.7.0-SNAPSHOT] Using bind address 10.42.0.8 from environment variable
2025-01-30 18:44:27,420 INFO c.h.h.t.HelmChartContainer - [test-hivemq-platform] [hivemq] [bcfbd7c9] INFO  - [HiveMQ Platform Operator Init App 1.7.0-SNAPSHOT] HiveMQ Platform Operator Init App 1.7.0-SNAPSHOT (commit: 47e3375 on branch: HEAD) built on Thu Jan 30 03:55:50 UTC 2025
2025-01-30 18:44:27,420 INFO c.h.h.t.HelmChartContainer - [test-hivemq-platform] [hivemq] [bcfbd7c9] INFO  - [HiveMQ Platform Operator Init App 1.7.0-SNAPSHOT] PodInfo ConfigMap directory: /etc/podinfo
2025-01-30 18:44:27,421 INFO c.h.h.t.HelmChartContainer - [test-hivemq-platform] [hivemq] [bcfbd7c9] INFO  - [HiveMQ Platform Operator Init App 1.7.0-SNAPSHOT] HiveMQ home directory: /opt/hivemq
2025-01-30 18:44:27,422 INFO c.h.h.t.HelmChartContainer - [test-hivemq-platform] [hivemq] [bcfbd7c9] INFO  - [HiveMQ Platform Operator Init App 1.7.0-SNAPSHOT] HiveMQ Logback folder: /opt/hivemq/conf
2025-01-30 18:44:27,422 INFO c.h.h.t.HelmChartContainer - [test-hivemq-platform] [hivemq] [bcfbd7c9] INFO  - [HiveMQ Platform Operator Init App 1.7.0-SNAPSHOT] HiveMQ Config folder: /opt/hivemq/conf-k8s
2025-01-30 18:44:27,422 INFO c.h.h.t.HelmChartContainer - [test-hivemq-platform] [hivemq] [bcfbd7c9] INFO  - [HiveMQ Platform Operator Init App 1.7.0-SNAPSHOT] Starting HiveMQ Platform Operator Init App
2025-01-30 18:44:27,422 INFO c.h.h.t.HelmChartContainer - [test-hivemq-platform] [hivemq] [bcfbd7c9] INFO  - [HiveMQ Platform Operator Init App 1.7.0-SNAPSHOT] Starting Pod reconciler
2025-01-30 18:44:28,625 INFO c.h.h.t.HelmChartContainer - [test-hivemq-platform] [hivemq] [bcfbd7c9] INFO  - [HiveMQ Platform Operator Init App 1.7.0-SNAPSHOT] Pod reconciler is scheduled (interval: 5000 ms)
2025-01-30 18:44:28,626 INFO c.h.h.t.HelmChartContainer - [test-hivemq-platform] [hivemq] [bcfbd7c9] INFO  - [HiveMQ Platform Operator Init App 1.7.0-SNAPSHOT] Starting the REST API on 10.42.0.8:7979
2025-01-30 18:44:28,629 INFO c.h.h.t.HelmChartContainer - [test-hivemq-platform] [hivemq] [bcfbd7c9] INFO  - [HiveMQ Platform Operator Init App 1.7.0-SNAPSHOT] Waiting up to 600s for at most 1 HiveMQ nodes in cluster service hivemq-test-hivemq-platform-cluster.helmpodsecuritycontextupgradeextensionit.svc
2025-01-30 18:44:29,023 INFO c.h.h.t.HelmChartContainer - [test-hivemq-platform] [hivemq] [bcfbd7c9] INFO  - [HiveMQ Platform Operator Init App 1.7.0-SNAPSHOT] Resolved 1 IP addresses: [10.42.0.8]
2025-01-30 18:44:29,023 INFO c.h.h.t.HelmChartContainer - [test-hivemq-platform] [hivemq] [bcfbd7c9] INFO  - [HiveMQ Platform Operator Init App 1.7.0-SNAPSHOT] HiveMQ node count of 1 is within threshold of 1
2025-01-30 18:44:29,023 INFO c.h.h.t.HelmChartContainer - [test-hivemq-platform] [hivemq] [bcfbd7c9] INFO  - [HiveMQ Platform Operator Init App 1.7.0-SNAPSHOT] Proceeding with container start
2025-01-30 18:44:29,121 INFO c.h.h.t.HelmChartContainer - [test-hivemq-platform] [hivemq] [bcfbd7c9] INFO  - [HiveMQ Platform Operator Init App 1.7.0-SNAPSHOT] Initializing HiveMQ Platform extensions with initial configuration: {hivemq-distributed-tracing-extension={start-priority=-1, skip-https-hostname-verification=false, restart=false, config-version=772, header-version=0, c-uri=, priority=-1, uri=preinstalled, skip-https-certificate-validation=false, enabled=true}, hivemq-prometheus-extension={priority=-1, start-priority=-1, c-uri=, skip-https-hostname-verification=false, skip-https-certificate-validation=false, uri=preinstalled, request-header-path=no-request-headers, enabled=true, restart=true}}
2025-01-30 18:44:29,591 INFO c.h.h.t.HelmChartContainer - [test-hivemq-platform] [hivemq] [bcfbd7c9] INFO  - [HiveMQ Platform Operator Init App 1.7.0-SNAPSHOT] Successfully enabled extension hivemq-distributed-tracing-extension
2025-01-30 18:44:29,623 INFO c.h.h.t.HelmChartContainer - [test-hivemq-platform] [hivemq] [bcfbd7c9] INFO  - [HiveMQ Platform Operator Init App 1.7.0-SNAPSHOT] Successfully enabled extension hivemq-prometheus-extension
2025-01-30 18:44:29,627 INFO c.h.h.t.HelmChartContainer - [test-hivemq-platform] [hivemq] [bcfbd7c9] INFO  - [HiveMQ Platform Operator Init App 1.7.0-SNAPSHOT] Starting HiveMQ Platform version 4.36.0 (4.36.0)
2025-01-30 18:44:29,628 INFO c.h.h.t.HelmChartContainer - [test-hivemq-platform] [hivemq] [bcfbd7c9] INFO  - [HiveMQ Platform Operator Init App 1.7.0-SNAPSHOT] Configuring the HiveMQ Platform
2025-01-30 18:44:29,720 INFO c.h.h.t.HelmChartContainer - [test-hivemq-platform] [hivemq] [bcfbd7c9] INFO  - [HiveMQ Platform Operator Init App 1.7.0-SNAPSHOT] Changed logback.xml file scan period to 20 seconds
2025-01-30 18:44:29,788 INFO c.h.h.t.HelmChartContainer - [test-hivemq-platform] [hivemq] [bcfbd7c9] INFO  - [HiveMQ Platform Operator Init App 1.7.0-SNAPSHOT] Starting the HiveMQ Platform
2025-01-30 18:44:29,816 INFO c.h.h.t.HelmChartContainer - [test-hivemq-platform] [hivemq] [bcfbd7c9] -------------------------------------------------------------------------
2025-01-30 18:44:29,816 INFO c.h.h.t.HelmChartContainer - [test-hivemq-platform] [hivemq] [bcfbd7c9] 
2025-01-30 18:44:29,816 INFO c.h.h.t.HelmChartContainer - [test-hivemq-platform] [hivemq] [bcfbd7c9]                   _    _  _              __  __   ____
2025-01-30 18:44:29,816 INFO c.h.h.t.HelmChartContainer - [test-hivemq-platform] [hivemq] [bcfbd7c9]                  | |  | |(_)            |  \/  | / __ \
2025-01-30 18:44:29,816 INFO c.h.h.t.HelmChartContainer - [test-hivemq-platform] [hivemq] [bcfbd7c9]                  | |__| | _ __   __ ___ | \  / || |  | |
2025-01-30 18:44:29,816 INFO c.h.h.t.HelmChartContainer - [test-hivemq-platform] [hivemq] [bcfbd7c9]                  |  __  || |\ \ / // _ \| |\/| || |  | |
2025-01-30 18:44:29,816 INFO c.h.h.t.HelmChartContainer - [test-hivemq-platform] [hivemq] [bcfbd7c9]                  | |  | || | \ V /|  __/| |  | || |__| |
2025-01-30 18:44:29,816 INFO c.h.h.t.HelmChartContainer - [test-hivemq-platform] [hivemq] [bcfbd7c9]                  |_|  |_||_|  \_/  \___||_|  |_| \___\_\
2025-01-30 18:44:29,816 INFO c.h.h.t.HelmChartContainer - [test-hivemq-platform] [hivemq] [bcfbd7c9] 
2025-01-30 18:44:29,816 INFO c.h.h.t.HelmChartContainer - [test-hivemq-platform] [hivemq] [bcfbd7c9] -------------------------------------------------------------------------
2025-01-30 18:44:29,816 INFO c.h.h.t.HelmChartContainer - [test-hivemq-platform] [hivemq] [bcfbd7c9] 
2025-01-30 18:44:29,816 INFO c.h.h.t.HelmChartContainer - [test-hivemq-platform] [hivemq] [bcfbd7c9]   HiveMQ Start Script for Linux/Unix v1.14
2025-01-30 18:44:29,816 INFO c.h.h.t.HelmChartContainer - [test-hivemq-platform] [hivemq] [bcfbd7c9] 
2025-01-30 18:44:29,846 INFO c.h.h.t.HelmChartContainer - [test-hivemq-platform] [hivemq] [bcfbd7c9] -------------------------------------------------------------------------
2025-01-30 18:44:29,846 INFO c.h.h.t.HelmChartContainer - [test-hivemq-platform] [hivemq] [bcfbd7c9] 
2025-01-30 18:44:29,846 INFO c.h.h.t.HelmChartContainer - [test-hivemq-platform] [hivemq] [bcfbd7c9]   HIVEMQ_HOME: /opt/hivemq
2025-01-30 18:44:29,846 INFO c.h.h.t.HelmChartContainer - [test-hivemq-platform] [hivemq] [bcfbd7c9] 
2025-01-30 18:44:29,846 INFO c.h.h.t.HelmChartContainer - [test-hivemq-platform] [hivemq] [bcfbd7c9]   JAVA_OPTS: -XX:+UnlockExperimentalVMOptions -XX:InitialRAMPercentage=50 -XX:MaxRAMPercentage=50 -Djava.net.preferIPv4Stack=true --add-opens java.base/java.lang=ALL-UNNAMED --add-opens java.base/java.nio=ALL-UNNAMED --add-opens java.base/sun.nio.ch=ALL-UNNAMED --add-opens jdk.management/com.sun.management.internal=ALL-UNNAMED --add-exports java.base/jdk.internal.misc=ALL-UNNAMED -Djava.security.egd=file:/dev/./urandom -Dcom.sun.management.jmxremote -Dcom.sun.management.jmxremote.port=9010 -Dcom.sun.management.jmxremote.local.only=false -Dcom.sun.management.jmxremote.authenticate=false -Dcom.sun.management.jmxremote.ssl=false -Duser.language=en -Duser.region=US -XX:+CrashOnOutOfMemoryError -XX:+HeapDumpOnOutOfMemoryError
2025-01-30 18:44:29,846 INFO c.h.h.t.HelmChartContainer - [test-hivemq-platform] [hivemq] [bcfbd7c9] 
2025-01-30 18:44:29,846 INFO c.h.h.t.HelmChartContainer - [test-hivemq-platform] [hivemq] [bcfbd7c9]   JAVA_VERSION: 21
2025-01-30 18:44:29,846 INFO c.h.h.t.HelmChartContainer - [test-hivemq-platform] [hivemq] [bcfbd7c9] 
2025-01-30 18:44:29,846 INFO c.h.h.t.HelmChartContainer - [test-hivemq-platform] [hivemq] [bcfbd7c9] -------------------------------------------------------------------------
2025-01-30 18:44:29,846 INFO c.h.h.t.HelmChartContainer - [test-hivemq-platform] [hivemq] [bcfbd7c9] 
2025-01-30 18:44:30,626 INFO c.h.h.t.HelmChartContainer - [test-hivemq-platform] [hivemq] [bcfbd7c9] INFO  - [HiveMQ Platform Operator Init App 1.7.0-SNAPSHOT] Returning default Health API response 503 for readiness
2025-01-30 18:44:31,125 INFO c.h.h.t.HelmChartContainer - [EVENT] Warning [Unhealthy] Readiness probe failed: HTTP probe failed with statuscode: 503 [helmpodsecuritycontextupgradeextensionit:test-hivemq-platform-0]
2025-01-30 18:44:31,125 INFO c.h.h.t.HelmChartContainer - Received Unhealthy event for container hivemq in pod test-hivemq-platform-0 [bcfbd7c9-d963-47c9-97ce-0e0f969a80fd]
2025-01-30 18:44:32,527 INFO c.h.h.t.HelmChartContainer - [test-hivemq-platform] [hivemq] [bcfbd7c9] INFO  - Starting HiveMQ Enterprise Server
2025-01-30 18:44:32,590 INFO c.h.h.t.HelmChartContainer - [test-hivemq-platform] [hivemq] [bcfbd7c9] INFO  - HiveMQ version: 4.36.0
2025-01-30 18:44:32,596 INFO c.h.h.t.HelmChartContainer - [test-hivemq-platform] [hivemq] [bcfbd7c9] INFO  - HiveMQ home directory: /opt/hivemq
2025-01-30 18:44:32,596 INFO c.h.h.t.HelmChartContainer - [test-hivemq-platform] [hivemq] [bcfbd7c9] INFO  - Log Configuration was overridden by /opt/hivemq/conf/logback.xml
2025-01-30 18:44:33,793 INFO c.h.h.t.HelmChartContainer - [test-hivemq-platform] [hivemq] [bcfbd7c9] INFO  - Successfully loaded configuration from '/opt/hivemq/conf-k8s/config.xml'.
2025-01-30 18:44:34,520 INFO c.h.h.t.HelmChartContainer - [test-hivemq-platform] [hivemq] [bcfbd7c9] INFO  - This node's ID is 7BoyK
2025-01-30 18:44:34,521 INFO c.h.h.t.HelmChartContainer - [test-hivemq-platform] [hivemq] [bcfbd7c9] INFO  - Clustering is enabled
2025-01-30 18:44:34,768 INFO c.h.h.t.HelmChartContainer - [hivemq-test-hivemq-platform] [hivemq-platform-operator] [fe86da9e] 18:44:34.763 [pool-6-thread-6] DEBUG c.h.p.o.d.PlatformServiceResource - [helmpods] Desired Platform services (3 services)
2025-01-30 18:44:34,768 INFO c.h.h.t.HelmChartContainer - [hivemq-test-hivemq-platform] [hivemq-platform-operator] [fe86da9e] 18:44:34.767 [pool-6-thread-4] DEBUG c.h.p.o.d.PodServiceAccountResource - [helmpods] Desired PodServiceAccountResource (serviceAccountName: hivemq-platform-pod-test-hivemq-platform)
2025-01-30 18:44:34,771 INFO c.h.h.t.HelmChartContainer - [hivemq-test-hivemq-platform] [hivemq-platform-operator] [fe86da9e] 18:44:34.764 [pool-6-thread-3] DEBUG c.h.p.o.dependants.PodInfoConfigMap - [helmpods] Desired PodInfo ConfigMap (1 extensions) (1 enabled)
2025-01-30 18:44:34,771 INFO c.h.h.t.HelmChartContainer - [hivemq-test-hivemq-platform] [hivemq-platform-operator] [fe86da9e] 18:44:34.769 [pool-6-thread-3] DEBUG c.h.p.o.dependants.PodInfoConfigMap - [helmpods] Desired PodInfo ConfigMap (metrics port: 9399) (metrics path: /)
2025-01-30 18:44:34,771 INFO c.h.h.t.HelmChartContainer - [hivemq-test-hivemq-platform] [hivemq-platform-operator] [fe86da9e] 18:44:34.769 [pool-6-thread-3] DEBUG c.h.p.o.dependants.PodInfoConfigMap - [helmpods] Desired PodInfo ConfigMap (extension state hash: -560465444)
2025-01-30 18:44:34,776 INFO c.h.h.t.HelmChartContainer - [hivemq-test-hivemq-platform] [hivemq-platform-operator] [fe86da9e] 18:44:34.775 [pool-6-thread-6] DEBUG c.h.p.o.d.StatefulSetResource - [helmpods] Desired StatefulSet (1 replicas) for status STARTING (READY)
2025-01-30 18:44:34,782 INFO c.h.h.t.HelmChartContainer - [hivemq-test-hivemq-platform] [hivemq-platform-operator] [fe86da9e] 18:44:34.780 [ReconcilerExecutor-hivemq-controller-109] INFO  c.h.p.o.HiveMQPlatformReconciler - [helmpods] Reconciling HiveMQ Platform 'test-hivemq-platform' in namespace 'helmpodsecuritycontextupgradeextensionit'
2025-01-30 18:44:34,782 INFO c.h.h.t.HelmChartContainer - [hivemq-test-hivemq-platform] [hivemq-platform-operator] [fe86da9e] 18:44:34.780 [ReconcilerExecutor-hivemq-controller-109] DEBUG c.h.p.o.HiveMQPlatformReconciler - [helmpods] Custom Resource Status STARTING - HiveMQ Platform is starting (READY)
2025-01-30 18:44:34,782 INFO c.h.h.t.HelmChartContainer - [hivemq-test-hivemq-platform] [hivemq-platform-operator] [fe86da9e] 18:44:34.780 [ReconcilerExecutor-hivemq-controller-109] DEBUG c.h.p.o.HiveMQPlatformReconciler - [helmpods] Custom Resource Spec (replicas: 1) (extensions: 1)
2025-01-30 18:44:34,859 INFO c.h.h.t.HelmChartContainer - [hivemq-test-hivemq-platform] [hivemq-platform-operator] [fe86da9e] 18:44:34.856 [ReconcilerExecutor-hivemq-controller-109] DEBUG c.h.p.o.HiveMQPlatformReconciler - [helmpods] StatefulSet Status (revision: test-hivemq-platform-6778d7488d, replicas: 1, available: 0, ready: 0, current: 1, updated: 1)
2025-01-30 18:44:34,860 INFO c.h.h.t.HelmChartContainer - [hivemq-test-hivemq-platform] [hivemq-platform-operator] [fe86da9e] 18:44:34.856 [ReconcilerExecutor-hivemq-controller-109] DEBUG c.h.p.o.HiveMQPlatformReconciler - [helmpods] StatefulSet Spec (replicas: 1, init containers: 1, containers: 1, volumes: 4)
2025-01-30 18:44:34,860 INFO c.h.h.t.HelmChartContainer - [hivemq-test-hivemq-platform] [hivemq-platform-operator] [fe86da9e] 18:44:34.859 [ReconcilerExecutor-hivemq-controller-109] DEBUG c.h.p.o.h.HiveMQPlatformReconcilerErrorHandler - [helmpods] Pod 'test-hivemq-platform-0' phase Running
2025-01-30 18:44:34,862 INFO c.h.h.t.HelmChartContainer - [hivemq-test-hivemq-platform] [hivemq-platform-operator] [fe86da9e] 18:44:34.861 [ReconcilerExecutor-hivemq-controller-109] INFO  c.h.p.o.h.HiveMQPlatformReconcilerBaseHandler - [helmpods] HiveMQ Platform is starting, 0 of 1 replicas are ready
2025-01-30 18:44:36,121 INFO c.h.h.t.HelmChartContainer - [test-hivemq-platform] [hivemq] [bcfbd7c9] WARN  - [HiveMQ Platform Operator Init App 1.7.0-SNAPSHOT] Cannot connect to Health API for readiness: null
2025-01-30 18:44:36,129 INFO c.h.h.t.HelmChartContainer - [EVENT] Warning [Unhealthy] Readiness probe failed: HTTP probe failed with statuscode: 503 [helmpodsecuritycontextupgradeextensionit:test-hivemq-platform-0]
2025-01-30 18:44:36,129 INFO c.h.h.t.HelmChartContainer - Received Unhealthy event for container hivemq in pod test-hivemq-platform-0 [bcfbd7c9-d963-47c9-97ce-0e0f969a80fd]
2025-01-30 18:44:38,923 INFO c.h.h.t.HelmChartContainer - [test-hivemq-platform] [hivemq] [bcfbd7c9] Jan 30, 2025 6:44:38 PM io.vertx.core.impl.BlockedThreadChecker
2025-01-30 18:44:38,923 INFO c.h.h.t.HelmChartContainer - [test-hivemq-platform] [hivemq] [bcfbd7c9] WARNING: Thread Thread[vert.x-eventloop-thread-1,5,main] has been blocked for 2502 ms, time limit is 2000 ms
2025-01-30 18:44:39,920 INFO c.h.h.t.HelmChartContainer - [test-hivemq-platform] [hivemq] [bcfbd7c9] Jan 30, 2025 6:44:39 PM io.vertx.core.impl.BlockedThreadChecker
2025-01-30 18:44:39,920 INFO c.h.h.t.HelmChartContainer - [test-hivemq-platform] [hivemq] [bcfbd7c9] WARNING: Thread Thread[vert.x-eventloop-thread-1,5,main] has been blocked for 3501 ms, time limit is 2000 ms
2025-01-30 18:44:40,117 INFO c.h.h.t.HelmChartContainer - [test-hivemq-platform] [hivemq] [bcfbd7c9] INFO  - [HiveMQ Platform Operator Init App 1.7.0-SNAPSHOT] Updating Pod HiveMQ Platform Operator Init App version annotation (version: 1.7.0-SNAPSHOT)
2025-01-30 18:44:40,626 INFO c.h.h.t.HelmChartContainer - [test-hivemq-platform] [hivemq] [bcfbd7c9] WARN  - [HiveMQ Platform Operator Init App 1.7.0-SNAPSHOT] Cannot connect to Health API for readiness: null
2025-01-30 18:44:40,629 INFO c.h.h.t.HelmChartContainer - [EVENT] Warning [Unhealthy] Readiness probe failed: HTTP probe failed with statuscode: 503 [helmpodsecuritycontextupgradeextensionit:test-hivemq-platform-0]
2025-01-30 18:44:40,629 INFO c.h.h.t.HelmChartContainer - Received Unhealthy event for container hivemq in pod test-hivemq-platform-0 [bcfbd7c9-d963-47c9-97ce-0e0f969a80fd]
2025-01-30 18:44:40,733 INFO c.h.h.t.HelmChartContainer - [POD] test-hivemq-platform-0 [bcfbd7c9-d963-47c9-97ce-0e0f969a80fd] in helmpodsecuritycontextupgradeextensionit was MODIFIED
2025-01-30 18:44:40,736 INFO c.h.h.t.HelmChartContainer - [test-hivemq-platform] [hivemq] [bcfbd7c9] WARN  - [HiveMQ Platform Operator Init App 1.7.0-SNAPSHOT] Cannot connect to Health API for readiness: null
2025-01-30 18:44:40,742 INFO c.h.h.t.HelmChartContainer - [EVENT] Warning [Unhealthy] Readiness probe failed: HTTP probe failed with statuscode: 503 [helmpodsecuritycontextupgradeextensionit:test-hivemq-platform-0]
2025-01-30 18:44:40,742 INFO c.h.h.t.HelmChartContainer - Received Unhealthy event for container hivemq in pod test-hivemq-platform-0 [bcfbd7c9-d963-47c9-97ce-0e0f969a80fd]
2025-01-30 18:44:40,742 INFO c.h.h.t.HelmChartContainer - [hivemq-test-hivemq-platform] [hivemq-platform-operator] [fe86da9e] 18:44:40.739 [pool-6-thread-17] DEBUG c.h.p.o.d.PlatformServiceResource - [helmpods] Desired Platform services (3 services)
2025-01-30 18:44:40,744 INFO c.h.h.t.HelmChartContainer - [hivemq-test-hivemq-platform] [hivemq-platform-operator] [fe86da9e] 18:44:40.743 [pool-6-thread-16] DEBUG c.h.p.o.dependants.PodInfoConfigMap - [helmpods] Desired PodInfo ConfigMap (1 extensions) (1 enabled)
2025-01-30 18:44:40,744 INFO c.h.h.t.HelmChartContainer - [hivemq-test-hivemq-platform] [hivemq-platform-operator] [fe86da9e] 18:44:40.743 [pool-6-thread-16] DEBUG c.h.p.o.dependants.PodInfoConfigMap - [helmpods] Desired PodInfo ConfigMap (metrics port: 9399) (metrics path: /)
2025-01-30 18:44:40,744 INFO c.h.h.t.HelmChartContainer - [hivemq-test-hivemq-platform] [hivemq-platform-operator] [fe86da9e] 18:44:40.743 [pool-6-thread-16] DEBUG c.h.p.o.dependants.PodInfoConfigMap - [helmpods] Desired PodInfo ConfigMap (extension state hash: -560465444)
2025-01-30 18:44:40,745 INFO c.h.h.t.HelmChartContainer - [hivemq-test-hivemq-platform] [hivemq-platform-operator] [fe86da9e] 18:44:40.745 [pool-6-thread-16] DEBUG c.h.p.o.d.PodServiceAccountResource - [helmpods] Desired PodServiceAccountResource (serviceAccountName: hivemq-platform-pod-test-hivemq-platform)
2025-01-30 18:44:40,750 INFO c.h.h.t.HelmChartContainer - [hivemq-test-hivemq-platform] [hivemq-platform-operator] [fe86da9e] 18:44:40.749 [pool-6-thread-14] DEBUG c.h.p.o.d.StatefulSetResource - [helmpods] Desired StatefulSet (1 replicas) for status STARTING (READY)
2025-01-30 18:44:40,757 INFO c.h.h.t.HelmChartContainer - [hivemq-test-hivemq-platform] [hivemq-platform-operator] [fe86da9e] 18:44:40.756 [ReconcilerExecutor-hivemq-controller-110] INFO  c.h.p.o.HiveMQPlatformReconciler - [helmpods] Reconciling HiveMQ Platform 'test-hivemq-platform' in namespace 'helmpodsecuritycontextupgradeextensionit'
2025-01-30 18:44:40,758 INFO c.h.h.t.HelmChartContainer - [hivemq-test-hivemq-platform] [hivemq-platform-operator] [fe86da9e] 18:44:40.756 [ReconcilerExecutor-hivemq-controller-110] DEBUG c.h.p.o.HiveMQPlatformReconciler - [helmpods] Custom Resource Status STARTING - HiveMQ Platform is starting (READY)
2025-01-30 18:44:40,758 INFO c.h.h.t.HelmChartContainer - [hivemq-test-hivemq-platform] [hivemq-platform-operator] [fe86da9e] 18:44:40.756 [ReconcilerExecutor-hivemq-controller-110] DEBUG c.h.p.o.HiveMQPlatformReconciler - [helmpods] Custom Resource Spec (replicas: 1) (extensions: 1)
2025-01-30 18:44:40,762 INFO c.h.h.t.HelmChartContainer - [hivemq-test-hivemq-platform] [hivemq-platform-operator] [fe86da9e] 18:44:40.760 [ReconcilerExecutor-hivemq-controller-110] DEBUG c.h.p.o.HiveMQPlatformReconciler - [helmpods] StatefulSet Status (revision: test-hivemq-platform-6778d7488d, replicas: 1, available: 0, ready: 0, current: 1, updated: 1)
2025-01-30 18:44:40,763 INFO c.h.h.t.HelmChartContainer - [hivemq-test-hivemq-platform] [hivemq-platform-operator] [fe86da9e] 18:44:40.761 [ReconcilerExecutor-hivemq-controller-110] DEBUG c.h.p.o.HiveMQPlatformReconciler - [helmpods] StatefulSet Spec (replicas: 1, init containers: 1, containers: 1, volumes: 4)
2025-01-30 18:44:40,765 INFO c.h.h.t.HelmChartContainer - [hivemq-test-hivemq-platform] [hivemq-platform-operator] [fe86da9e] 18:44:40.763 [ReconcilerExecutor-hivemq-controller-110] DEBUG c.h.p.o.h.HiveMQPlatformReconcilerErrorHandler - [helmpods] Pod 'test-hivemq-platform-0' phase Running
2025-01-30 18:44:40,765 INFO c.h.h.t.HelmChartContainer - [hivemq-test-hivemq-platform] [hivemq-platform-operator] [fe86da9e] 18:44:40.765 [ReconcilerExecutor-hivemq-controller-110] INFO  c.h.p.o.h.HiveMQPlatformReconcilerBaseHandler - [helmpods] HiveMQ Platform is starting, 0 of 1 replicas are ready
2025-01-30 18:44:40,822 INFO c.h.h.t.HelmChartContainer - [test-hivemq-platform] [hivemq] [bcfbd7c9] INFO  - [HiveMQ Platform Operator Init App 1.7.0-SNAPSHOT] Successfully updated Pod HiveMQ Platform Operator Init App version annotation (version: 1.7.0-SNAPSHOT)
2025-01-30 18:44:45,736 INFO c.h.h.t.HelmChartContainer - [test-hivemq-platform] [hivemq] [bcfbd7c9] WARN  - [HiveMQ Platform Operator Init App 1.7.0-SNAPSHOT] Cannot connect to Health API for readiness: null
2025-01-30 18:44:45,740 INFO c.h.h.t.HelmChartContainer - [EVENT] Warning [Unhealthy] Readiness probe failed: HTTP probe failed with statuscode: 503 [helmpodsecuritycontextupgradeextensionit:test-hivemq-platform-0]
2025-01-30 18:44:45,740 INFO c.h.h.t.HelmChartContainer - Received Unhealthy event for container hivemq in pod test-hivemq-platform-0 [bcfbd7c9-d963-47c9-97ce-0e0f969a80fd]
2025-01-30 18:44:50,774 INFO c.h.h.t.HelmChartContainer - [hivemq-test-hivemq-platform] [hivemq-platform-operator] [fe86da9e] 18:44:50.770 [pool-6-thread-23] DEBUG c.h.p.o.d.PlatformServiceResource - [helmpods] Desired Platform services (3 services)
2025-01-30 18:44:50,774 INFO c.h.h.t.HelmChartContainer - [hivemq-test-hivemq-platform] [hivemq-platform-operator] [fe86da9e] 18:44:50.772 [pool-6-thread-27] DEBUG c.h.p.o.dependants.PodInfoConfigMap - [helmpods] Desired PodInfo ConfigMap (1 extensions) (1 enabled)
2025-01-30 18:44:50,774 INFO c.h.h.t.HelmChartContainer - [hivemq-test-hivemq-platform] [hivemq-platform-operator] [fe86da9e] 18:44:50.772 [pool-6-thread-27] DEBUG c.h.p.o.dependants.PodInfoConfigMap - [helmpods] Desired PodInfo ConfigMap (metrics port: 9399) (metrics path: /)
2025-01-30 18:44:50,774 INFO c.h.h.t.HelmChartContainer - [hivemq-test-hivemq-platform] [hivemq-platform-operator] [fe86da9e] 18:44:50.772 [pool-6-thread-27] DEBUG c.h.p.o.dependants.PodInfoConfigMap - [helmpods] Desired PodInfo ConfigMap (extension state hash: -560465444)
2025-01-30 18:44:50,774 INFO c.h.h.t.HelmChartContainer - [hivemq-test-hivemq-platform] [hivemq-platform-operator] [fe86da9e] 18:44:50.772 [pool-6-thread-28] DEBUG c.h.p.o.d.PodServiceAccountResource - [helmpods] Desired PodServiceAccountResource (serviceAccountName: hivemq-platform-pod-test-hivemq-platform)
2025-01-30 18:44:50,777 INFO c.h.h.t.HelmChartContainer - [hivemq-test-hivemq-platform] [hivemq-platform-operator] [fe86da9e] 18:44:50.776 [pool-6-thread-23] DEBUG c.h.p.o.d.StatefulSetResource - [helmpods] Desired StatefulSet (1 replicas) for status STARTING (READY)
2025-01-30 18:44:50,820 INFO c.h.h.t.HelmChartContainer - [test-hivemq-platform] [hivemq] [bcfbd7c9] WARN  - [HiveMQ Platform Operator Init App 1.7.0-SNAPSHOT] Cannot connect to Health API for readiness: null
2025-01-30 18:44:50,827 INFO c.h.h.t.HelmChartContainer - [EVENT] Warning [Unhealthy] Readiness probe failed: HTTP probe failed with statuscode: 503 [helmpodsecuritycontextupgradeextensionit:test-hivemq-platform-0]
2025-01-30 18:44:50,827 INFO c.h.h.t.HelmChartContainer - Received Unhealthy event for container hivemq in pod test-hivemq-platform-0 [bcfbd7c9-d963-47c9-97ce-0e0f969a80fd]
2025-01-30 18:44:50,857 INFO c.h.h.t.HelmChartContainer - [hivemq-test-hivemq-platform] [hivemq-platform-operator] [fe86da9e] 18:44:50.855 [ReconcilerExecutor-hivemq-controller-111] INFO  c.h.p.o.HiveMQPlatformReconciler - [helmpods] Reconciling HiveMQ Platform 'test-hivemq-platform' in namespace 'helmpodsecuritycontextupgradeextensionit'
2025-01-30 18:44:50,857 INFO c.h.h.t.HelmChartContainer - [hivemq-test-hivemq-platform] [hivemq-platform-operator] [fe86da9e] 18:44:50.856 [ReconcilerExecutor-hivemq-controller-111] DEBUG c.h.p.o.HiveMQPlatformReconciler - [helmpods] Custom Resource Status STARTING - HiveMQ Platform is starting (READY)
2025-01-30 18:44:50,857 INFO c.h.h.t.HelmChartContainer - [hivemq-test-hivemq-platform] [hivemq-platform-operator] [fe86da9e] 18:44:50.856 [ReconcilerExecutor-hivemq-controller-111] DEBUG c.h.p.o.HiveMQPlatformReconciler - [helmpods] Custom Resource Spec (replicas: 1) (extensions: 1)
2025-01-30 18:44:50,859 INFO c.h.h.t.HelmChartContainer - [hivemq-test-hivemq-platform] [hivemq-platform-operator] [fe86da9e] 18:44:50.858 [ReconcilerExecutor-hivemq-controller-111] DEBUG c.h.p.o.HiveMQPlatformReconciler - [helmpods] StatefulSet Status (revision: test-hivemq-platform-6778d7488d, replicas: 1, available: 0, ready: 0, current: 1, updated: 1)
2025-01-30 18:44:50,860 INFO c.h.h.t.HelmChartContainer - [hivemq-test-hivemq-platform] [hivemq-platform-operator] [fe86da9e] 18:44:50.858 [ReconcilerExecutor-hivemq-controller-111] DEBUG c.h.p.o.HiveMQPlatformReconciler - [helmpods] StatefulSet Spec (replicas: 1, init containers: 1, containers: 1, volumes: 4)
2025-01-30 18:44:50,860 INFO c.h.h.t.HelmChartContainer - [hivemq-test-hivemq-platform] [hivemq-platform-operator] [fe86da9e] 18:44:50.860 [ReconcilerExecutor-hivemq-controller-111] DEBUG c.h.p.o.h.HiveMQPlatformReconcilerErrorHandler - [helmpods] Pod 'test-hivemq-platform-0' phase Running
2025-01-30 18:44:50,861 INFO c.h.h.t.HelmChartContainer - [hivemq-test-hivemq-platform] [hivemq-platform-operator] [fe86da9e] 18:44:50.861 [ReconcilerExecutor-hivemq-controller-111] INFO  c.h.p.o.h.HiveMQPlatformReconcilerBaseHandler - [helmpods] HiveMQ Platform is starting, 0 of 1 replicas are ready
2025-01-30 18:44:51,639 INFO c.h.h.t.HelmChartContainer - [test-hivemq-platform] [hivemq] [bcfbd7c9] INFO  - No valid license file found. Using trial license, restricted to 25 connections.
2025-01-30 18:44:51,921 INFO c.h.h.t.HelmChartContainer - [test-hivemq-platform] [hivemq] [bcfbd7c9] WARN  - [HiveMQ Platform Operator Init App 1.7.0-SNAPSHOT] Cannot connect to Health API for liveness: null
2025-01-30 18:44:51,921 INFO c.h.h.t.HelmChartContainer - [test-hivemq-platform] [hivemq] [bcfbd7c9] INFO  - [HiveMQ Platform Operator Init App 1.7.0-SNAPSHOT] Returning default Health API response 200 for liveness
2025-01-30 18:44:55,435 INFO c.h.h.t.HelmChartContainer - [test-hivemq-platform] [hivemq] [bcfbd7c9] INFO  - No valid license file for Data Hub found. Using free license, restricted to 1 policy.
2025-01-30 18:44:55,820 INFO c.h.h.t.HelmChartContainer - [test-hivemq-platform] [hivemq] [bcfbd7c9] WARN  - [HiveMQ Platform Operator Init App 1.7.0-SNAPSHOT] Cannot connect to Health API for readiness: null
2025-01-30 18:44:55,825 INFO c.h.h.t.HelmChartContainer - [EVENT] Warning [Unhealthy] Readiness probe failed: HTTP probe failed with statuscode: 503 [helmpodsecuritycontextupgradeextensionit:test-hivemq-platform-0]
2025-01-30 18:44:55,825 INFO c.h.h.t.HelmChartContainer - Received Unhealthy event for container hivemq in pod test-hivemq-platform-0 [bcfbd7c9-d963-47c9-97ce-0e0f969a80fd]
2025-01-30 18:44:56,888 INFO c.h.h.t.HelmChartContainer - [test-hivemq-platform] [hivemq] [bcfbd7c9] INFO  - Audit Logger started.
2025-01-30 18:44:57,146 INFO c.h.h.t.HelmChartContainer - [test-hivemq-platform] [hivemq] [bcfbd7c9] INFO  - This node uses '1' CPU cores.
2025-01-30 18:44:57,151 INFO c.h.h.t.HelmChartContainer - [test-hivemq-platform] [hivemq] [bcfbd7c9] INFO  - Starting HiveMQ Health API on address 0.0.0.0 and port 8889
2025-01-30 18:44:58,016 INFO c.h.h.t.HelmChartContainer - [test-hivemq-platform] [hivemq] [bcfbd7c9] INFO  - Started HiveMQ Health API in 866ms
2025-01-30 18:44:58,553 INFO c.h.h.t.HelmChartContainer - [test-hivemq-platform] [hivemq] [bcfbd7c9] INFO  - Starting HiveMQ extension system.
2025-01-30 18:45:00,234 INFO c.h.h.t.HelmChartContainer - [test-hivemq-platform] [hivemq] [bcfbd7c9] INFO  - No license found for enterprise extension with name "HiveMQ Enterprise Distributed Tracing Extension". Entering extension trial mode. "HiveMQ Enterprise Distributed Tracing Extension" will be disabled in 5 hours.
2025-01-30 18:45:00,518 INFO c.h.h.t.HelmChartContainer - [test-hivemq-platform] [hivemq] [bcfbd7c9] INFO  - Starting extension with id "hivemq-dns-cluster-discovery" at /opt/hivemq/extensions/hivemq-dns-cluster-discovery
2025-01-30 18:45:00,870 INFO c.h.h.t.HelmChartContainer - [hivemq-test-hivemq-platform] [hivemq-platform-operator] [fe86da9e] 18:45:00.867 [pool-6-thread-32] DEBUG c.h.p.o.d.PodServiceAccountResource - [helmpods] Desired PodServiceAccountResource (serviceAccountName: hivemq-platform-pod-test-hivemq-platform)
2025-01-30 18:45:00,870 INFO c.h.h.t.HelmChartContainer - [hivemq-test-hivemq-platform] [hivemq-platform-operator] [fe86da9e] 18:45:00.868 [pool-6-thread-37] DEBUG c.h.p.o.d.PlatformServiceResource - [helmpods] Desired Platform services (3 services)
2025-01-30 18:45:00,870 INFO c.h.h.t.HelmChartContainer - [hivemq-test-hivemq-platform] [hivemq-platform-operator] [fe86da9e] 18:45:00.869 [pool-6-thread-36] DEBUG c.h.p.o.dependants.PodInfoConfigMap - [helmpods] Desired PodInfo ConfigMap (1 extensions) (1 enabled)
2025-01-30 18:45:00,870 INFO c.h.h.t.HelmChartContainer - [hivemq-test-hivemq-platform] [hivemq-platform-operator] [fe86da9e] 18:45:00.869 [pool-6-thread-36] DEBUG c.h.p.o.dependants.PodInfoConfigMap - [helmpods] Desired PodInfo ConfigMap (metrics port: 9399) (metrics path: /)
2025-01-30 18:45:00,870 INFO c.h.h.t.HelmChartContainer - [hivemq-test-hivemq-platform] [hivemq-platform-operator] [fe86da9e] 18:45:00.869 [pool-6-thread-36] DEBUG c.h.p.o.dependants.PodInfoConfigMap - [helmpods] Desired PodInfo ConfigMap (extension state hash: -560465444)
2025-01-30 18:45:00,874 INFO c.h.h.t.HelmChartContainer - [hivemq-test-hivemq-platform] [hivemq-platform-operator] [fe86da9e] 18:45:00.873 [pool-6-thread-37] DEBUG c.h.p.o.d.StatefulSetResource - [helmpods] Desired StatefulSet (1 replicas) for status STARTING (READY)
2025-01-30 18:45:00,877 INFO c.h.h.t.HelmChartContainer - [hivemq-test-hivemq-platform] [hivemq-platform-operator] [fe86da9e] 18:45:00.876 [ReconcilerExecutor-hivemq-controller-112] INFO  c.h.p.o.HiveMQPlatformReconciler - [helmpods] Reconciling HiveMQ Platform 'test-hivemq-platform' in namespace 'helmpodsecuritycontextupgradeextensionit'
2025-01-30 18:45:00,879 INFO c.h.h.t.HelmChartContainer - [hivemq-test-hivemq-platform] [hivemq-platform-operator] [fe86da9e] 18:45:00.876 [ReconcilerExecutor-hivemq-controller-112] DEBUG c.h.p.o.HiveMQPlatformReconciler - [helmpods] Custom Resource Status STARTING - HiveMQ Platform is starting (READY)
2025-01-30 18:45:00,879 INFO c.h.h.t.HelmChartContainer - [hivemq-test-hivemq-platform] [hivemq-platform-operator] [fe86da9e] 18:45:00.876 [ReconcilerExecutor-hivemq-controller-112] DEBUG c.h.p.o.HiveMQPlatformReconciler - [helmpods] Custom Resource Spec (replicas: 1) (extensions: 1)
2025-01-30 18:45:00,880 INFO c.h.h.t.HelmChartContainer - [hivemq-test-hivemq-platform] [hivemq-platform-operator] [fe86da9e] 18:45:00.878 [ReconcilerExecutor-hivemq-controller-112] DEBUG c.h.p.o.HiveMQPlatformReconciler - [helmpods] StatefulSet Status (revision: test-hivemq-platform-6778d7488d, replicas: 1, available: 0, ready: 0, current: 1, updated: 1)
2025-01-30 18:45:00,880 INFO c.h.h.t.HelmChartContainer - [hivemq-test-hivemq-platform] [hivemq-platform-operator] [fe86da9e] 18:45:00.878 [ReconcilerExecutor-hivemq-controller-112] DEBUG c.h.p.o.HiveMQPlatformReconciler - [helmpods] StatefulSet Spec (replicas: 1, init containers: 1, containers: 1, volumes: 4)
2025-01-30 18:45:00,881 INFO c.h.h.t.HelmChartContainer - [hivemq-test-hivemq-platform] [hivemq-platform-operator] [fe86da9e] 18:45:00.880 [ReconcilerExecutor-hivemq-controller-112] DEBUG c.h.p.o.h.HiveMQPlatformReconcilerErrorHandler - [helmpods] Pod 'test-hivemq-platform-0' phase Running
2025-01-30 18:45:00,882 INFO c.h.h.t.HelmChartContainer - [hivemq-test-hivemq-platform] [hivemq-platform-operator] [fe86da9e] 18:45:00.881 [ReconcilerExecutor-hivemq-controller-112] INFO  c.h.p.o.h.HiveMQPlatformReconcilerBaseHandler - [helmpods] HiveMQ Platform is starting, 0 of 1 replicas are ready
2025-01-30 18:45:01,223 INFO c.h.h.t.HelmChartContainer - [test-hivemq-platform] [hivemq] [bcfbd7c9] INFO  - Extension "DNS Cluster Discovery Extension" version 4.3.2 started successfully.
2025-01-30 18:45:01,223 INFO c.h.h.t.HelmChartContainer - [test-hivemq-platform] [hivemq] [bcfbd7c9] INFO  - Starting extension with id "hivemq-distributed-tracing-extension" at /opt/hivemq/extensions/hivemq-distributed-tracing-extension
2025-01-30 18:45:01,226 INFO c.h.h.t.HelmChartContainer - [test-hivemq-platform] [hivemq] [bcfbd7c9] INFO  - Using TCP cluster transport on address 10.42.0.8 and port 7000
2025-01-30 18:45:01,425 INFO c.h.h.t.HelmChartContainer - [test-hivemq-platform] [hivemq] [bcfbd7c9] INFO  - Using extension cluster discovery
2025-01-30 18:45:01,776 INFO c.h.h.t.HelmChartContainer - [EVENT] Warning [Unhealthy] Readiness probe failed: Get "http://10.42.0.8:7979/readiness": context deadline exceeded (Client.Timeout exceeded while awaiting headers) [helmpodsecuritycontextupgradeextensionit:test-hivemq-platform-0]
2025-01-30 18:45:01,776 INFO c.h.h.t.HelmChartContainer - Received Unhealthy event for container hivemq in pod test-hivemq-platform-0 [bcfbd7c9-d963-47c9-97ce-0e0f969a80fd]
2025-01-30 18:45:02,621 INFO c.h.h.t.HelmChartContainer - [test-hivemq-platform] [hivemq] [bcfbd7c9] INFO  - [HiveMQ Platform Operator Init App 1.7.0-SNAPSHOT] Returning Health API response 503 for readiness
2025-01-30 18:45:04,325 INFO c.h.h.t.HelmChartContainer - [test-hivemq-platform] [hivemq] [bcfbd7c9] INFO  - HiveMQ Enterprise Distributed Tracing Extension: Successfully loaded configuration from '/opt/hivemq/extensions/hivemq-distributed-tracing-extension/conf/config.xml'.
2025-01-30 18:45:04,329 INFO c.h.h.t.HelmChartContainer - [test-hivemq-platform] [hivemq] [bcfbd7c9] INFO  - HiveMQ Enterprise Distributed Tracing Extension: Configured OTLP gRPC exporter 'my-otlp-grpc-exporter'.
2025-01-30 18:45:04,421 INFO c.h.h.t.HelmChartContainer - [test-hivemq-platform] [hivemq] [bcfbd7c9] INFO  - HiveMQ Enterprise Distributed Tracing Extension: Configured W3C trace propagation.
2025-01-30 18:45:04,424 INFO c.h.h.t.HelmChartContainer - [test-hivemq-platform] [hivemq] [bcfbd7c9] INFO  - Extension "HiveMQ Enterprise Distributed Tracing Extension" version 4.36.0 started successfully.
2025-01-30 18:45:04,424 INFO c.h.h.testcontainer.LogWaiterUtil - TEST Found log pattern on 'test-hivemq-platform-0': .*Extension "HiveMQ Enterprise Distributed Tracing Extension" version .* started successfully.
2025-01-30 18:45:04,424 INFO c.h.h.t.HelmChartContainer - [test-hivemq-platform] [hivemq] [bcfbd7c9] INFO  - Starting extension with id "hivemq-prometheus-extension" at /opt/hivemq/extensions/hivemq-prometheus-extension
2025-01-30 18:45:04,824 INFO c.h.h.t.HelmChartContainer - [test-hivemq-platform] [hivemq] [bcfbd7c9] INFO  - 7BoyK: no members discovered after 2401 ms: creating cluster as first member
2025-01-30 18:45:04,827 INFO c.h.h.t.HelmChartContainer - [test-hivemq-platform] [hivemq] [bcfbd7c9] INFO  - Started Jetty Server exposing Prometheus Servlet on URI http://0.0.0.0:9399/
2025-01-30 18:45:04,827 INFO c.h.h.t.HelmChartContainer - [test-hivemq-platform] [hivemq] [bcfbd7c9] INFO  - Extension "Prometheus Monitoring Extension" version 4.0.12 started successfully.
2025-01-30 18:45:04,831 INFO c.h.h.t.HelmChartContainer - [test-hivemq-platform] [hivemq] [bcfbd7c9] INFO  - Starting extension with id "hivemq-allow-all-extension" at /opt/hivemq/extensions/hivemq-allow-all-extension
2025-01-30 18:45:04,831 INFO c.h.h.t.HelmChartContainer - [test-hivemq-platform] [hivemq] [bcfbd7c9] WARN  - 
2025-01-30 18:45:04,831 INFO c.h.h.t.HelmChartContainer - [test-hivemq-platform] [hivemq] [bcfbd7c9] ################################################################################################################
2025-01-30 18:45:04,831 INFO c.h.h.t.HelmChartContainer - [test-hivemq-platform] [hivemq] [bcfbd7c9] # This HiveMQ deployment is not secure! You are lacking Authentication and Authorization.                      #
2025-01-30 18:45:04,831 INFO c.h.h.t.HelmChartContainer - [test-hivemq-platform] [hivemq] [bcfbd7c9] # Right now any MQTT client can connect to the broker with a full set of permissions.                          #
2025-01-30 18:45:04,831 INFO c.h.h.t.HelmChartContainer - [test-hivemq-platform] [hivemq] [bcfbd7c9] # For production usage, add an appropriate security extension and remove the hivemq-allow-all extension.       #
2025-01-30 18:45:04,831 INFO c.h.h.t.HelmChartContainer - [test-hivemq-platform] [hivemq] [bcfbd7c9] # You can download security extensions from the HiveMQ Marketplace (https://www.hivemq.com/extensions/).       #
2025-01-30 18:45:04,832 INFO c.h.h.t.HelmChartContainer - [test-hivemq-platform] [hivemq] [bcfbd7c9] ################################################################################################################
2025-01-30 18:45:04,832 INFO c.h.h.t.HelmChartContainer - [test-hivemq-platform] [hivemq] [bcfbd7c9] INFO  - Extension "Allow All Extension" version 1.1.1 started successfully.
2025-01-30 18:45:04,832 INFO c.h.h.t.HelmChartContainer - [test-hivemq-platform] [hivemq] [bcfbd7c9] INFO  - Cluster nodes found by discovery: [7BoyK|0] (1) [7BoyK].
2025-01-30 18:45:05,024 INFO c.h.h.t.HelmChartContainer - [test-hivemq-platform] [hivemq] [bcfbd7c9] INFO  - Updated rules for sampling and tracing propagation.
2025-01-30 18:45:05,024 INFO c.h.h.t.HelmChartContainer - [test-hivemq-platform] [hivemq] [bcfbd7c9] INFO  - HiveMQ: Successfully loaded configuration from '/opt/hivemq/conf-k8s/tracing.xml'.
2025-01-30 18:45:05,026 INFO c.h.h.t.HelmChartContainer - [test-hivemq-platform] [hivemq] [bcfbd7c9] WARN  - No user for HiveMQ Control Center configured. Starting with default user
2025-01-30 18:45:05,027 INFO c.h.h.t.HelmChartContainer - [test-hivemq-platform] [hivemq] [bcfbd7c9] INFO  - Starting HiveMQ Control Center on address 0.0.0.0 and port 8080
2025-01-30 18:45:05,029 INFO c.h.h.t.HelmChartContainer - [test-hivemq-platform] [hivemq] [bcfbd7c9] INFO  - Mounting HiveMQ Control Center V2 Preview
2025-01-30 18:45:05,727 INFO c.h.h.t.HelmChartContainer - [test-hivemq-platform] [hivemq] [bcfbd7c9] INFO  - Started HiveMQ Control Center in 700ms
2025-01-30 18:45:05,820 INFO c.h.h.t.HelmChartContainer - [test-hivemq-platform] [hivemq] [bcfbd7c9] INFO  - Starting TCP listener on address 0.0.0.0 and port 1883
2025-01-30 18:45:05,824 INFO c.h.h.t.HelmChartContainer - [EVENT] Warning [Unhealthy] Readiness probe failed: HTTP probe failed with statuscode: 503 [helmpodsecuritycontextupgradeextensionit:test-hivemq-platform-0]
2025-01-30 18:45:05,824 INFO c.h.h.t.HelmChartContainer - Received Unhealthy event for container hivemq in pod test-hivemq-platform-0 [bcfbd7c9-d963-47c9-97ce-0e0f969a80fd]
2025-01-30 18:45:05,917 INFO c.h.h.t.HelmChartContainer - [test-hivemq-platform] [hivemq] [bcfbd7c9] INFO  - Started TCP Listener on address 0.0.0.0 and on port 1883.
2025-01-30 18:45:05,917 INFO c.h.h.t.HelmChartContainer - [test-hivemq-platform] [hivemq] [bcfbd7c9] INFO  - Started HiveMQ in 33792ms
2025-01-30 18:45:10,737 INFO c.h.h.t.HelmChartContainer - [test-hivemq-platform] [hivemq] [bcfbd7c9] INFO  - [HiveMQ Platform Operator Init App 1.7.0-SNAPSHOT] Returning Health API response 200 for readiness
2025-01-30 18:45:10,749 INFO c.h.h.t.HelmChartContainer - [POD] test-hivemq-platform-0 [bcfbd7c9-d963-47c9-97ce-0e0f969a80fd] in helmpodsecuritycontextupgradeextensionit was MODIFIED
2025-01-30 18:45:10,768 INFO c.h.h.t.HelmChartContainer - [hivemq-test-hivemq-platform] [hivemq-platform-operator] [fe86da9e] 18:45:10.759 [pool-6-thread-45] DEBUG c.h.p.o.d.PlatformServiceResource - [helmpods] Desired Platform services (3 services)
2025-01-30 18:45:10,768 INFO c.h.h.t.HelmChartContainer - [hivemq-test-hivemq-platform] [hivemq-platform-operator] [fe86da9e] 18:45:10.763 [pool-6-thread-46] DEBUG c.h.p.o.dependants.PodInfoConfigMap - [helmpods] Desired PodInfo ConfigMap (1 extensions) (1 enabled)
2025-01-30 18:45:10,768 INFO c.h.h.t.HelmChartContainer - [hivemq-test-hivemq-platform] [hivemq-platform-operator] [fe86da9e] 18:45:10.764 [pool-6-thread-49] DEBUG c.h.p.o.d.PodServiceAccountResource - [helmpods] Desired PodServiceAccountResource (serviceAccountName: hivemq-platform-pod-test-hivemq-platform)
2025-01-30 18:45:10,768 INFO c.h.h.t.HelmChartContainer - [hivemq-test-hivemq-platform] [hivemq-platform-operator] [fe86da9e] 18:45:10.764 [pool-6-thread-46] DEBUG c.h.p.o.dependants.PodInfoConfigMap - [helmpods] Desired PodInfo ConfigMap (metrics port: 9399) (metrics path: /)
2025-01-30 18:45:10,768 INFO c.h.h.t.HelmChartContainer - [hivemq-test-hivemq-platform] [hivemq-platform-operator] [fe86da9e] 18:45:10.765 [pool-6-thread-46] DEBUG c.h.p.o.dependants.PodInfoConfigMap - [helmpods] Desired PodInfo ConfigMap (extension state hash: -560465444)
2025-01-30 18:45:10,774 INFO c.h.h.t.HelmChartContainer - [hivemq-test-hivemq-platform] [hivemq-platform-operator] [fe86da9e] 18:45:10.773 [pool-6-thread-48] DEBUG c.h.p.o.d.StatefulSetResource - [helmpods] Desired StatefulSet (1 replicas) for status STARTING (READY)
2025-01-30 18:45:10,861 INFO c.h.h.t.HelmChartContainer - [hivemq-test-hivemq-platform] [hivemq-platform-operator] [fe86da9e] 18:45:10.859 [ReconcilerExecutor-hivemq-controller-113] INFO  c.h.p.o.HiveMQPlatformReconciler - [helmpods] Reconciling HiveMQ Platform 'test-hivemq-platform' in namespace 'helmpodsecuritycontextupgradeextensionit'
2025-01-30 18:45:10,861 INFO c.h.h.t.HelmChartContainer - [hivemq-test-hivemq-platform] [hivemq-platform-operator] [fe86da9e] 18:45:10.859 [ReconcilerExecutor-hivemq-controller-113] DEBUG c.h.p.o.HiveMQPlatformReconciler - [helmpods] Custom Resource Status STARTING - HiveMQ Platform is starting (READY)
2025-01-30 18:45:10,861 INFO c.h.h.t.HelmChartContainer - [hivemq-test-hivemq-platform] [hivemq-platform-operator] [fe86da9e] 18:45:10.859 [ReconcilerExecutor-hivemq-controller-113] DEBUG c.h.p.o.HiveMQPlatformReconciler - [helmpods] Custom Resource Spec (replicas: 1) (extensions: 1)
2025-01-30 18:45:10,862 INFO c.h.h.t.HelmChartContainer - [hivemq-test-hivemq-platform] [hivemq-platform-operator] [fe86da9e] 18:45:10.862 [ReconcilerExecutor-hivemq-controller-113] DEBUG c.h.p.o.HiveMQPlatformReconciler - [helmpods] StatefulSet Status (revision: test-hivemq-platform-6778d7488d, replicas: 1, available: 1, ready: 1, current: 1, updated: 1)
2025-01-30 18:45:10,863 INFO c.h.h.t.HelmChartContainer - [hivemq-test-hivemq-platform] [hivemq-platform-operator] [fe86da9e] 18:45:10.862 [ReconcilerExecutor-hivemq-controller-113] DEBUG c.h.p.o.HiveMQPlatformReconciler - [helmpods] StatefulSet Spec (replicas: 1, init containers: 1, containers: 1, volumes: 4)
2025-01-30 18:45:10,864 INFO c.h.h.t.HelmChartContainer - [hivemq-test-hivemq-platform] [hivemq-platform-operator] [fe86da9e] 18:45:10.863 [ReconcilerExecutor-hivemq-controller-113] DEBUG c.h.p.o.h.HiveMQPlatformReconcilerErrorHandler - [helmpods] Pod 'test-hivemq-platform-0' phase Running
2025-01-30 18:45:10,865 INFO c.h.h.t.HelmChartContainer - [hivemq-test-hivemq-platform] [hivemq-platform-operator] [fe86da9e] 18:45:10.864 [ReconcilerExecutor-hivemq-controller-113] INFO  c.h.p.o.h.HiveMQPlatformReconcilerBaseHandler - [helmpods] HiveMQ Platform started successfully
2025-01-30 18:45:10,970 INFO c.h.h.t.HelmChartContainer - [hivemq-test-hivemq-platform] [hivemq-platform-operator] [fe86da9e] 18:45:10.969 [ReconcilerExecutor-hivemq-controller-113] DEBUG c.h.p.operator.event.EventSender - [helmpods] Creating K8s event hivemq-platform-ready: [Ready] HiveMQ Platform is ready
2025-01-30 18:45:10,974 INFO c.h.h.t.HelmChartContainer - [EVENT] Normal [Ready] HiveMQ Platform is ready [helmpodsecuritycontextupgradeextensionit:test-hivemq-platform]
2025-01-30 18:45:11,046 INFO c.h.h.t.HelmChartContainer - [hivemq-test-hivemq-platform] [hivemq-platform-operator] [fe86da9e] 18:45:11.045 [ReconcilerExecutor-hivemq-controller-113] INFO  c.h.p.o.h.AbstractHiveMQReconcilerStateHandler - [helmpods] Update HiveMQ Platform Status (STARTING [READY] -> RUNNING [READY]): HiveMQ Platform is ready
2025-01-30 18:45:11,064 DEBUG com.hivemq.helmcharts.util.K8sUtil - Comparing actual state 'RUNNING' and waiting for 'RUNNING'
2025-01-30 18:45:11,068 INFO c.h.h.t.HelmChartContainer - [hivemq-test-hivemq-platform] [hivemq-platform-operator] [fe86da9e] 18:45:11.066 [pool-6-thread-9] DEBUG c.h.p.o.d.PlatformServiceResource - [helmpods] Desired Platform services (3 services)
2025-01-30 18:45:11,072 INFO c.h.h.t.HelmChartContainer - [hivemq-test-hivemq-platform] [hivemq-platform-operator] [fe86da9e] 18:45:11.067 [pool-6-thread-1] DEBUG c.h.p.o.d.PodServiceAccountResource - [helmpods] Desired PodServiceAccountResource (serviceAccountName: hivemq-platform-pod-test-hivemq-platform)
2025-01-30 18:45:11,072 INFO c.h.h.t.HelmChartContainer - [hivemq-test-hivemq-platform] [hivemq-platform-operator] [fe86da9e] 18:45:11.069 [pool-6-thread-2] DEBUG c.h.p.o.dependants.PodInfoConfigMap - [helmpods] Desired PodInfo ConfigMap (1 extensions) (1 enabled)
2025-01-30 18:45:11,072 INFO c.h.h.t.HelmChartContainer - [hivemq-test-hivemq-platform] [hivemq-platform-operator] [fe86da9e] 18:45:11.070 [pool-6-thread-2] DEBUG c.h.p.o.dependants.PodInfoConfigMap - [helmpods] Desired PodInfo ConfigMap (metrics port: 9399) (metrics path: /)
2025-01-30 18:45:11,072 INFO c.h.h.t.HelmChartContainer - [hivemq-test-hivemq-platform] [hivemq-platform-operator] [fe86da9e] 18:45:11.070 [pool-6-thread-2] DEBUG c.h.p.o.dependants.PodInfoConfigMap - [helmpods] Desired PodInfo ConfigMap (extension state hash: -560465444)
2025-01-30 18:45:11,073 INFO c.h.h.t.HelmChartContainer - [hivemq-test-hivemq-platform] [hivemq-platform-operator] [fe86da9e] 18:45:11.071 [pool-6-thread-2] DEBUG c.h.p.o.dependants.PodInfoConfigMap - [helmpods] Update PodInfo ConfigMap
2025-01-30 18:45:11,160 INFO c.h.h.t.HelmChartContainer - [hivemq-test-hivemq-platform] [hivemq-platform-operator] [fe86da9e] 18:45:11.158 [pool-6-thread-2] DEBUG c.h.p.o.d.StatefulSetResource - [helmpods] Desired StatefulSet (1 replicas) for status RUNNING (READY)
2025-01-30 18:45:11,163 INFO c.h.h.t.HelmChartContainer - [hivemq-test-hivemq-platform] [hivemq-platform-operator] [fe86da9e] 18:45:11.162 [ReconcilerExecutor-hivemq-controller-114] INFO  c.h.p.o.HiveMQPlatformReconciler - [helmpods] Reconciling HiveMQ Platform 'test-hivemq-platform' in namespace 'helmpodsecuritycontextupgradeextensionit'
2025-01-30 18:45:11,163 INFO c.h.h.t.HelmChartContainer - [hivemq-test-hivemq-platform] [hivemq-platform-operator] [fe86da9e] 18:45:11.163 [ReconcilerExecutor-hivemq-controller-114] DEBUG c.h.p.o.HiveMQPlatformReconciler - [helmpods] Custom Resource Status RUNNING - HiveMQ Platform is ready (READY)
2025-01-30 18:45:11,163 INFO c.h.h.t.HelmChartContainer - [hivemq-test-hivemq-platform] [hivemq-platform-operator] [fe86da9e] 18:45:11.163 [ReconcilerExecutor-hivemq-controller-114] DEBUG c.h.p.o.HiveMQPlatformReconciler - [helmpods] Custom Resource Spec (replicas: 1) (extensions: 1)
2025-01-30 18:45:11,166 INFO c.h.h.t.HelmChartContainer - [hivemq-test-hivemq-platform] [hivemq-platform-operator] [fe86da9e] 18:45:11.165 [ReconcilerExecutor-hivemq-controller-114] DEBUG c.h.p.o.HiveMQPlatformReconciler - [helmpods] StatefulSet Status (revision: test-hivemq-platform-6778d7488d, replicas: 1, available: 1, ready: 1, current: 1, updated: 1)
2025-01-30 18:45:11,166 INFO c.h.h.t.HelmChartContainer - [hivemq-test-hivemq-platform] [hivemq-platform-operator] [fe86da9e] 18:45:11.165 [ReconcilerExecutor-hivemq-controller-114] DEBUG c.h.p.o.HiveMQPlatformReconciler - [helmpods] StatefulSet Spec (replicas: 1, init containers: 1, containers: 1, volumes: 4)
2025-01-30 18:45:11,169 INFO c.h.h.t.HelmChartContainer - [hivemq-test-hivemq-platform] [hivemq-platform-operator] [fe86da9e] 18:45:11.167 [ReconcilerExecutor-hivemq-controller-114] DEBUG c.h.p.o.h.HiveMQPlatformReconcilerErrorHandler - [helmpods] Pod 'test-hivemq-platform-0' phase Running
2025-01-30 18:45:11,177 DEBUG com.hivemq.helmcharts.util.PodUtil - Received status for command '[sh, -c, stat -c "%u:%g" /proc/1]' on pod 'test-hivemq-platform-0' (exit code: 0)
2025-01-30 18:45:13,189 INFO c.h.h.testcontainer.LogWaiterUtil - TEST Waiting for log pattern on 'test-hivemq-platform-0': .*HiveMQ Enterprise Distributed Tracing Extension: Successfully updated configuration from '/opt/hivemq/extensions/hivemq-distributed-tracing-extension/conf/config.xml'.
2025-01-30 18:45:13,195 INFO c.h.h.t.HelmChartContainer - [hivemq-test-hivemq-platform] [hivemq-platform-operator] [fe86da9e] 18:45:13.193 [pool-6-thread-11] DEBUG c.h.p.o.d.PlatformServiceResource - [helmpods] Desired Platform services (3 services)
2025-01-30 18:45:13,195 DEBUG com.hivemq.helmcharts.util.K8sUtil - Comparing actual state 'RUNNING' and waiting for 'RESTART_EXTENSIONS'
2025-01-30 18:45:13,200 INFO c.h.h.t.HelmChartContainer - [hivemq-test-hivemq-platform] [hivemq-platform-operator] [fe86da9e] 18:45:13.197 [pool-6-thread-16] DEBUG c.h.p.o.dependants.PodInfoConfigMap - [helmpods] Desired PodInfo ConfigMap (1 extensions) (1 enabled)
2025-01-30 18:45:13,200 INFO c.h.h.t.HelmChartContainer - [hivemq-test-hivemq-platform] [hivemq-platform-operator] [fe86da9e] 18:45:13.197 [pool-6-thread-16] DEBUG c.h.p.o.dependants.PodInfoConfigMap - [helmpods] Desired PodInfo ConfigMap (metrics port: 9399) (metrics path: /)
2025-01-30 18:45:13,200 INFO c.h.h.t.HelmChartContainer - [hivemq-test-hivemq-platform] [hivemq-platform-operator] [fe86da9e] 18:45:13.198 [pool-6-thread-16] DEBUG c.h.p.o.dependants.PodInfoConfigMap - [helmpods] Desired PodInfo ConfigMap (extension state hash: 1345074856)
2025-01-30 18:45:13,201 INFO c.h.h.t.HelmChartContainer - [hivemq-test-hivemq-platform] [hivemq-platform-operator] [fe86da9e] 18:45:13.199 [pool-6-thread-16] DEBUG c.h.p.o.dependants.PodInfoConfigMap - [helmpods] Update PodInfo ConfigMap
2025-01-30 18:45:13,201 INFO c.h.h.t.HelmChartContainer - [hivemq-test-hivemq-platform] [hivemq-platform-operator] [fe86da9e] 18:45:13.199 [pool-6-thread-16] DEBUG c.h.p.o.dependants.PodInfoConfigMap - [helmpods] Detected change in configuration of extension 'hivemq-distributed-tracing-extension' ({skip-https-hostname-verification=false, restart=false, config-version=772, header-version=0, c-uri=, uri=preinstalled, skip-https-certificate-validation=false, enabled=true} -> {skip-https-hostname-verification=false, restart=false, config-version=866, header-version=0, c-uri=, uri=preinstalled, skip-https-certificate-validation=false, enabled=true})
2025-01-30 18:45:13,202 INFO c.h.h.t.HelmChartContainer - [hivemq-test-hivemq-platform] [hivemq-platform-operator] [fe86da9e] 18:45:13.200 [pool-6-thread-16] INFO  c.h.p.o.dependants.PodInfoConfigMap - [helmpods] Extension configuration was updated, restarting extensions: [hivemq-distributed-tracing-extension]
2025-01-30 18:45:13,205 INFO c.h.h.t.HelmChartContainer - [hivemq-test-hivemq-platform] [hivemq-platform-operator] [fe86da9e] 18:45:13.204 [pool-6-thread-18] DEBUG c.h.p.o.d.PodServiceAccountResource - [helmpods] Desired PodServiceAccountResource (serviceAccountName: hivemq-platform-pod-test-hivemq-platform)
2025-01-30 18:45:13,216 INFO c.h.h.t.HelmChartContainer - [hivemq-test-hivemq-platform] [hivemq-platform-operator] [fe86da9e] 18:45:13.215 [pool-6-thread-16] DEBUG c.h.p.o.d.StatefulSetResource - [helmpods] Desired StatefulSet (1 replicas) for status RUNNING (READY)
2025-01-30 18:45:13,219 INFO c.h.h.t.HelmChartContainer - [hivemq-test-hivemq-platform] [hivemq-platform-operator] [fe86da9e] 18:45:13.218 [ReconcilerExecutor-hivemq-controller-115] INFO  c.h.p.o.HiveMQPlatformReconciler - [helmpods] Reconciling HiveMQ Platform 'test-hivemq-platform' in namespace 'helmpodsecuritycontextupgradeextensionit'
2025-01-30 18:45:13,220 INFO c.h.h.t.HelmChartContainer - [hivemq-test-hivemq-platform] [hivemq-platform-operator] [fe86da9e] 18:45:13.219 [ReconcilerExecutor-hivemq-controller-115] DEBUG c.h.p.o.HiveMQPlatformReconciler - [helmpods] Custom Resource Status RUNNING - HiveMQ Platform is ready (READY) (reconciliation requests: REQUESTS_UPDATED, RESTART_EXTENSIONS)
2025-01-30 18:45:13,220 INFO c.h.h.t.HelmChartContainer - [hivemq-test-hivemq-platform] [hivemq-platform-operator] [fe86da9e] 18:45:13.219 [ReconcilerExecutor-hivemq-controller-115] DEBUG c.h.p.o.HiveMQPlatformReconciler - [helmpods] Custom Resource Spec (replicas: 1) (extensions: 1)
2025-01-30 18:45:13,258 INFO c.h.h.t.HelmChartContainer - [hivemq-test-hivemq-platform] [hivemq-platform-operator] [fe86da9e] 18:45:13.257 [ReconcilerExecutor-hivemq-controller-115] DEBUG c.h.p.o.HiveMQPlatformReconciler - [helmpods] StatefulSet Status (revision: test-hivemq-platform-6778d7488d, replicas: 1, available: 1, ready: 1, current: 1, updated: 1)
2025-01-30 18:45:13,258 INFO c.h.h.t.HelmChartContainer - [hivemq-test-hivemq-platform] [hivemq-platform-operator] [fe86da9e] 18:45:13.257 [ReconcilerExecutor-hivemq-controller-115] DEBUG c.h.p.o.HiveMQPlatformReconciler - [helmpods] StatefulSet Spec (replicas: 1, init containers: 1, containers: 1, volumes: 4)
2025-01-30 18:45:13,260 INFO c.h.h.t.HelmChartContainer - [hivemq-test-hivemq-platform] [hivemq-platform-operator] [fe86da9e] 18:45:13.259 [ReconcilerExecutor-hivemq-controller-115] DEBUG c.h.p.o.h.HiveMQPlatformReconcilerErrorHandler - [helmpods] Pod 'test-hivemq-platform-0' phase Running
2025-01-30 18:45:13,364 INFO c.h.h.t.HelmChartContainer - [hivemq-test-hivemq-platform] [hivemq-platform-operator] [fe86da9e] 18:45:13.363 [ReconcilerExecutor-hivemq-controller-115] DEBUG c.h.p.operator.event.EventSender - [helmpods] Creating K8s event restart-extension-started: [RestartExtension] HiveMQ Platform is restarting extensions (hivemq-distributed-tracing-extension)
2025-01-30 18:45:13,369 INFO c.h.h.t.HelmChartContainer - [EVENT] Normal [RestartExtension] HiveMQ Platform is restarting extensions (hivemq-distributed-tracing-extension) [helmpodsecuritycontextupgradeextensionit:test-hivemq-platform]
2025-01-30 18:45:13,370 INFO c.h.h.t.HelmChartContainer - [hivemq-test-hivemq-platform] [hivemq-platform-operator] [fe86da9e] 18:45:13.369 [ReconcilerExecutor-hivemq-controller-115] INFO  c.h.p.o.h.AbstractHiveMQReconcilerStateHandler - [helmpods] Update HiveMQ Platform Status (RUNNING [READY] -> RESTART_EXTENSIONS [RESTART_EXTENSIONS]): HiveMQ Platform is restarting extensions (hivemq-distributed-tracing-extension)
2025-01-30 18:45:13,378 DEBUG com.hivemq.helmcharts.util.K8sUtil - Comparing actual state 'RESTART_EXTENSIONS' and waiting for 'RESTART_EXTENSIONS'
2025-01-30 18:45:13,383 DEBUG com.hivemq.helmcharts.util.K8sUtil - Comparing actual state 'RESTART_EXTENSIONS' and waiting for 'RUNNING'
2025-01-30 18:45:21,900 INFO c.h.h.t.HelmChartContainer - [test-hivemq-platform] [hivemq] [bcfbd7c9] INFO  - [HiveMQ Platform Operator Init App 1.7.0-SNAPSHOT] Returning Health API response 200 for liveness
2025-01-30 18:45:23,383 INFO c.h.h.t.HelmChartContainer - [hivemq-test-hivemq-platform] [hivemq-platform-operator] [fe86da9e] 18:45:23.382 [pool-6-thread-24] DEBUG c.h.p.o.d.PlatformServiceResource - [helmpods] Desired Platform services (3 services)
2025-01-30 18:45:23,385 INFO c.h.h.t.HelmChartContainer - [hivemq-test-hivemq-platform] [hivemq-platform-operator] [fe86da9e] 18:45:23.384 [pool-6-thread-27] DEBUG c.h.p.o.d.PodServiceAccountResource - [helmpods] Desired PodServiceAccountResource (serviceAccountName: hivemq-platform-pod-test-hivemq-platform)
2025-01-30 18:45:23,387 INFO c.h.h.t.HelmChartContainer - [hivemq-test-hivemq-platform] [hivemq-platform-operator] [fe86da9e] 18:45:23.385 [pool-6-thread-25] DEBUG c.h.p.o.dependants.PodInfoConfigMap - [helmpods] Desired PodInfo ConfigMap (1 extensions) (1 enabled)
2025-01-30 18:45:23,387 INFO c.h.h.t.HelmChartContainer - [hivemq-test-hivemq-platform] [hivemq-platform-operator] [fe86da9e] 18:45:23.386 [pool-6-thread-25] DEBUG c.h.p.o.dependants.PodInfoConfigMap - [helmpods] Desired PodInfo ConfigMap (metrics port: 9399) (metrics path: /)
2025-01-30 18:45:23,388 INFO c.h.h.t.HelmChartContainer - [hivemq-test-hivemq-platform] [hivemq-platform-operator] [fe86da9e] 18:45:23.386 [pool-6-thread-25] DEBUG c.h.p.o.dependants.PodInfoConfigMap - [helmpods] Desired PodInfo ConfigMap (extension state hash: 1345074856)
2025-01-30 18:45:23,389 INFO c.h.h.t.HelmChartContainer - [hivemq-test-hivemq-platform] [hivemq-platform-operator] [fe86da9e] 18:45:23.387 [pool-6-thread-25] DEBUG c.h.p.o.dependants.PodInfoConfigMap - [helmpods] Update PodInfo ConfigMap
2025-01-30 18:45:23,397 INFO c.h.h.t.HelmChartContainer - [hivemq-test-hivemq-platform] [hivemq-platform-operator] [fe86da9e] 18:45:23.396 [pool-6-thread-25] DEBUG c.h.p.o.d.StatefulSetResource - [helmpods] Desired StatefulSet (1 replicas) for status RESTART_EXTENSIONS (RESTART_EXTENSIONS)
2025-01-30 18:45:23,456 INFO c.h.h.t.HelmChartContainer - [hivemq-test-hivemq-platform] [hivemq-platform-operator] [fe86da9e] 18:45:23.455 [ReconcilerExecutor-hivemq-controller-116] INFO  c.h.p.o.HiveMQPlatformReconciler - [helmpods] Reconciling HiveMQ Platform 'test-hivemq-platform' in namespace 'helmpodsecuritycontextupgradeextensionit'
2025-01-30 18:45:23,456 INFO c.h.h.t.HelmChartContainer - [hivemq-test-hivemq-platform] [hivemq-platform-operator] [fe86da9e] 18:45:23.455 [ReconcilerExecutor-hivemq-controller-116] DEBUG c.h.p.o.HiveMQPlatformReconciler - [helmpods] Custom Resource Status RESTART_EXTENSIONS - HiveMQ Platform is restarting extensions (hivemq-distributed-tracing-extension) (RESTART_EXTENSIONS)
2025-01-30 18:45:23,456 INFO c.h.h.t.HelmChartContainer - [hivemq-test-hivemq-platform] [hivemq-platform-operator] [fe86da9e] 18:45:23.455 [ReconcilerExecutor-hivemq-controller-116] DEBUG c.h.p.o.HiveMQPlatformReconciler - [helmpods] Custom Resource Spec (replicas: 1) (extensions: 1)
2025-01-30 18:45:23,458 INFO c.h.h.t.HelmChartContainer - [hivemq-test-hivemq-platform] [hivemq-platform-operator] [fe86da9e] 18:45:23.458 [ReconcilerExecutor-hivemq-controller-116] DEBUG c.h.p.o.HiveMQPlatformReconciler - [helmpods] StatefulSet Status (revision: test-hivemq-platform-6778d7488d, replicas: 1, available: 1, ready: 1, current: 1, updated: 1)
2025-01-30 18:45:23,458 INFO c.h.h.t.HelmChartContainer - [hivemq-test-hivemq-platform] [hivemq-platform-operator] [fe86da9e] 18:45:23.458 [ReconcilerExecutor-hivemq-controller-116] DEBUG c.h.p.o.HiveMQPlatformReconciler - [helmpods] StatefulSet Spec (replicas: 1, init containers: 1, containers: 1, volumes: 4)
2025-01-30 18:45:23,460 INFO c.h.h.t.HelmChartContainer - [hivemq-test-hivemq-platform] [hivemq-platform-operator] [fe86da9e] 18:45:23.459 [ReconcilerExecutor-hivemq-controller-116] DEBUG c.h.p.o.h.HiveMQPlatformReconcilerErrorHandler - [helmpods] Pod 'test-hivemq-platform-0' phase Running
2025-01-30 18:45:23,469 INFO c.h.h.t.HelmChartContainer - [hivemq-test-hivemq-platform] [hivemq-platform-operator] [fe86da9e] 18:45:23.469 [ReconcilerExecutor-hivemq-controller-116] DEBUG c.h.p.o.h.HiveMQPlatformReconcilerRestartExtensionsHandler - [helmpods] Update extensions on Pod 'test-hivemq-platform-0'
2025-01-30 18:45:23,541 INFO c.h.h.t.HelmChartContainer - [K3S] [range_allocator.go:247] "Successfully synced" key="96c0d6c16666"
2025-01-30 18:45:23,593 INFO c.h.h.t.HelmChartContainer - [test-hivemq-platform] [hivemq] [bcfbd7c9] INFO  - [HiveMQ Platform Operator Init App 1.7.0-SNAPSHOT] Updating HiveMQ Platform extensions: [hivemq-distributed-tracing-extension]
2025-01-30 18:45:23,607 INFO c.h.h.t.HelmChartContainer - [hivemq-test-hivemq-platform] [hivemq-platform-operator] [fe86da9e] 18:45:23.606 [vert.x-eventloop-thread-0] DEBUG c.h.platform.operator.util.PodUtil - Received status for command '[curl, -s, http://10.42.0.8:7979/updateExtension?hash=1345074856&extensions=hivemq-distributed-tracing-extension]' on Pod 'test-hivemq-platform-0' (exit code: 0)
2025-01-30 18:45:24,575 INFO c.h.h.t.HelmChartContainer - [hivemq-test-hivemq-platform] [hivemq-platform-operator] [fe86da9e] 18:45:24.572 [pool-6-thread-35] DEBUG c.h.p.o.d.PlatformServiceResource - [helmpods] Desired Platform services (3 services)
2025-01-30 18:45:24,576 INFO c.h.h.t.HelmChartContainer - [hivemq-test-hivemq-platform] [hivemq-platform-operator] [fe86da9e] 18:45:24.573 [pool-6-thread-32] DEBUG c.h.p.o.d.PodServiceAccountResource - [helmpods] Desired PodServiceAccountResource (serviceAccountName: hivemq-platform-pod-test-hivemq-platform)
2025-01-30 18:45:24,576 INFO c.h.h.t.HelmChartContainer - [hivemq-test-hivemq-platform] [hivemq-platform-operator] [fe86da9e] 18:45:24.573 [pool-6-thread-34] DEBUG c.h.p.o.dependants.PodInfoConfigMap - [helmpods] Desired PodInfo ConfigMap (1 extensions) (1 enabled)
2025-01-30 18:45:24,576 INFO c.h.h.t.HelmChartContainer - [hivemq-test-hivemq-platform] [hivemq-platform-operator] [fe86da9e] 18:45:24.573 [pool-6-thread-34] DEBUG c.h.p.o.dependants.PodInfoConfigMap - [helmpods] Desired PodInfo ConfigMap (metrics port: 9399) (metrics path: /)
2025-01-30 18:45:24,576 INFO c.h.h.t.HelmChartContainer - [hivemq-test-hivemq-platform] [hivemq-platform-operator] [fe86da9e] 18:45:24.573 [pool-6-thread-34] DEBUG c.h.p.o.dependants.PodInfoConfigMap - [helmpods] Desired PodInfo ConfigMap (extension state hash: 1345074856)
2025-01-30 18:45:24,578 INFO c.h.h.t.HelmChartContainer - [hivemq-test-hivemq-platform] [hivemq-platform-operator] [fe86da9e] 18:45:24.577 [pool-6-thread-35] DEBUG c.h.p.o.d.StatefulSetResource - [helmpods] Desired StatefulSet (1 replicas) for status RESTART_EXTENSIONS (RESTART_EXTENSIONS)
2025-01-30 18:45:24,581 INFO c.h.h.t.HelmChartContainer - [hivemq-test-hivemq-platform] [hivemq-platform-operator] [fe86da9e] 18:45:24.580 [ReconcilerExecutor-hivemq-controller-118] INFO  c.h.p.o.HiveMQPlatformReconciler - [helmpods] Reconciling HiveMQ Platform 'test-hivemq-platform' in namespace 'helmpodsecuritycontextupgradeextensionit'
2025-01-30 18:45:24,581 INFO c.h.h.t.HelmChartContainer - [hivemq-test-hivemq-platform] [hivemq-platform-operator] [fe86da9e] 18:45:24.580 [ReconcilerExecutor-hivemq-controller-118] DEBUG c.h.p.o.HiveMQPlatformReconciler - [helmpods] Custom Resource Status RESTART_EXTENSIONS - HiveMQ Platform is restarting extensions (hivemq-distributed-tracing-extension) (RESTART_EXTENSIONS)
2025-01-30 18:45:24,581 INFO c.h.h.t.HelmChartContainer - [hivemq-test-hivemq-platform] [hivemq-platform-operator] [fe86da9e] 18:45:24.580 [ReconcilerExecutor-hivemq-controller-118] DEBUG c.h.p.o.HiveMQPlatformReconciler - [helmpods] Custom Resource Spec (replicas: 1) (extensions: 1)
2025-01-30 18:45:24,583 INFO c.h.h.t.HelmChartContainer - [hivemq-test-hivemq-platform] [hivemq-platform-operator] [fe86da9e] 18:45:24.582 [ReconcilerExecutor-hivemq-controller-118] DEBUG c.h.p.o.HiveMQPlatformReconciler - [helmpods] StatefulSet Status (revision: test-hivemq-platform-6778d7488d, replicas: 1, available: 1, ready: 1, current: 1, updated: 1)
2025-01-30 18:45:24,584 INFO c.h.h.t.HelmChartContainer - [hivemq-test-hivemq-platform] [hivemq-platform-operator] [fe86da9e] 18:45:24.582 [ReconcilerExecutor-hivemq-controller-118] DEBUG c.h.p.o.HiveMQPlatformReconciler - [helmpods] StatefulSet Spec (replicas: 1, init containers: 1, containers: 1, volumes: 4)
2025-01-30 18:45:24,587 INFO c.h.h.t.HelmChartContainer - [hivemq-test-hivemq-platform] [hivemq-platform-operator] [fe86da9e] 18:45:24.586 [ReconcilerExecutor-hivemq-controller-118] DEBUG c.h.p.o.h.HiveMQPlatformReconcilerErrorHandler - [helmpods] Pod 'test-hivemq-platform-0' phase Running
2025-01-30 18:45:24,595 INFO c.h.h.t.HelmChartContainer - [test-hivemq-platform] [hivemq] [bcfbd7c9] INFO  - [HiveMQ Platform Operator Init App 1.7.0-SNAPSHOT] Waiting for extension ConfigMap sync (expected hash: 1345074856) (current hash: -560465444)
2025-01-30 18:45:24,672 INFO c.h.h.t.HelmChartContainer - [hivemq-test-hivemq-platform] [hivemq-platform-operator] [fe86da9e] 18:45:24.671 [ReconcilerExecutor-hivemq-controller-118] DEBUG c.h.p.operator.event.EventSender - [helmpods] Creating K8s event restart-extension-in-progress: [RestartExtension] HiveMQ Platform is waiting for extension restart (hivemq-distributed-tracing-extension)
2025-01-30 18:45:24,676 INFO c.h.h.t.HelmChartContainer - [EVENT] Normal [RestartExtension] HiveMQ Platform is waiting for extension restart (hivemq-distributed-tracing-extension) [helmpodsecuritycontextupgradeextensionit:test-hivemq-platform]
2025-01-30 18:45:24,677 INFO c.h.h.t.HelmChartContainer - [hivemq-test-hivemq-platform] [hivemq-platform-operator] [fe86da9e] 18:45:24.676 [ReconcilerExecutor-hivemq-controller-118] INFO  c.h.p.o.h.AbstractHiveMQReconcilerStateHandler - [helmpods] Update HiveMQ Platform Status (RESTART_EXTENSIONS [RESTART_EXTENSIONS] -> RESTART_EXTENSIONS [WAIT_FOR_EXTENSION_RESTART]): HiveMQ Platform is waiting for extension restart (hivemq-distributed-tracing-extension)
2025-01-30 18:45:24,688 DEBUG com.hivemq.helmcharts.util.K8sUtil - Comparing actual state 'RESTART_EXTENSIONS' and waiting for 'RUNNING'
2025-01-30 18:45:25,595 INFO c.h.h.t.HelmChartContainer - [test-hivemq-platform] [hivemq] [bcfbd7c9] INFO  - [HiveMQ Platform Operator Init App 1.7.0-SNAPSHOT] Waiting for extension ConfigMap sync (expected hash: 1345074856) (current hash: -560465444)
2025-01-30 18:45:26,596 INFO c.h.h.t.HelmChartContainer - [test-hivemq-platform] [hivemq] [bcfbd7c9] INFO  - [HiveMQ Platform Operator Init App 1.7.0-SNAPSHOT] Waiting for extension ConfigMap sync (expected hash: 1345074856) (current hash: -560465444)
2025-01-30 18:45:27,596 INFO c.h.h.t.HelmChartContainer - [test-hivemq-platform] [hivemq] [bcfbd7c9] INFO  - [HiveMQ Platform Operator Init App 1.7.0-SNAPSHOT] Waiting for extension ConfigMap sync (expected hash: 1345074856) (current hash: -560465444)
2025-01-30 18:45:28,597 INFO c.h.h.t.HelmChartContainer - [test-hivemq-platform] [hivemq] [bcfbd7c9] INFO  - [HiveMQ Platform Operator Init App 1.7.0-SNAPSHOT] Waiting for extension ConfigMap sync (expected hash: 1345074856) (current hash: -560465444)
2025-01-30 18:45:29,598 INFO c.h.h.t.HelmChartContainer - [test-hivemq-platform] [hivemq] [bcfbd7c9] INFO  - [HiveMQ Platform Operator Init App 1.7.0-SNAPSHOT] Waiting for extension ConfigMap sync (expected hash: 1345074856) (current hash: -560465444)
2025-01-30 18:45:30,598 INFO c.h.h.t.HelmChartContainer - [test-hivemq-platform] [hivemq] [bcfbd7c9] INFO  - [HiveMQ Platform Operator Init App 1.7.0-SNAPSHOT] Waiting for extension ConfigMap sync (expected hash: 1345074856) (current hash: -560465444)
2025-01-30 18:45:31,598 INFO c.h.h.t.HelmChartContainer - [test-hivemq-platform] [hivemq] [bcfbd7c9] INFO  - [HiveMQ Platform Operator Init App 1.7.0-SNAPSHOT] Waiting for extension ConfigMap sync (expected hash: 1345074856) (current hash: -560465444)
2025-01-30 18:45:32,599 INFO c.h.h.t.HelmChartContainer - [test-hivemq-platform] [hivemq] [bcfbd7c9] INFO  - [HiveMQ Platform Operator Init App 1.7.0-SNAPSHOT] Waiting for extension ConfigMap sync (expected hash: 1345074856) (current hash: -560465444)
2025-01-30 18:45:33,600 INFO c.h.h.t.HelmChartContainer - [test-hivemq-platform] [hivemq] [bcfbd7c9] INFO  - [HiveMQ Platform Operator Init App 1.7.0-SNAPSHOT] Waiting for extension ConfigMap sync (expected hash: 1345074856) (current hash: -560465444)
2025-01-30 18:45:34,600 INFO c.h.h.t.HelmChartContainer - [test-hivemq-platform] [hivemq] [bcfbd7c9] INFO  - [HiveMQ Platform Operator Init App 1.7.0-SNAPSHOT] Waiting for extension ConfigMap sync (expected hash: 1345074856) (current hash: -560465444)
2025-01-30 18:45:34,762 INFO c.h.h.t.HelmChartContainer - [hivemq-test-hivemq-platform] [hivemq-platform-operator] [fe86da9e] 18:45:34.760 [pool-6-thread-42] DEBUG c.h.p.o.d.PlatformServiceResource - [helmpods] Desired Platform services (3 services)
2025-01-30 18:45:34,763 INFO c.h.h.t.HelmChartContainer - [hivemq-test-hivemq-platform] [hivemq-platform-operator] [fe86da9e] 18:45:34.761 [pool-6-thread-41] DEBUG c.h.p.o.d.PodServiceAccountResource - [helmpods] Desired PodServiceAccountResource (serviceAccountName: hivemq-platform-pod-test-hivemq-platform)
2025-01-30 18:45:34,763 INFO c.h.h.t.HelmChartContainer - [hivemq-test-hivemq-platform] [hivemq-platform-operator] [fe86da9e] 18:45:34.761 [pool-6-thread-47] DEBUG c.h.p.o.dependants.PodInfoConfigMap - [helmpods] Desired PodInfo ConfigMap (1 extensions) (1 enabled)
2025-01-30 18:45:34,763 INFO c.h.h.t.HelmChartContainer - [hivemq-test-hivemq-platform] [hivemq-platform-operator] [fe86da9e] 18:45:34.763 [pool-6-thread-47] DEBUG c.h.p.o.dependants.PodInfoConfigMap - [helmpods] Desired PodInfo ConfigMap (metrics port: 9399) (metrics path: /)
2025-01-30 18:45:34,764 INFO c.h.h.t.HelmChartContainer - [hivemq-test-hivemq-platform] [hivemq-platform-operator] [fe86da9e] 18:45:34.763 [pool-6-thread-47] DEBUG c.h.p.o.dependants.PodInfoConfigMap - [helmpods] Desired PodInfo ConfigMap (extension state hash: 1345074856)
2025-01-30 18:45:34,768 INFO c.h.h.t.HelmChartContainer - [hivemq-test-hivemq-platform] [hivemq-platform-operator] [fe86da9e] 18:45:34.767 [pool-6-thread-42] DEBUG c.h.p.o.d.StatefulSetResource - [helmpods] Desired StatefulSet (1 replicas) for status RESTART_EXTENSIONS (WAIT_FOR_EXTENSION_RESTART)
2025-01-30 18:45:34,774 INFO c.h.h.t.HelmChartContainer - [hivemq-test-hivemq-platform] [hivemq-platform-operator] [fe86da9e] 18:45:34.772 [ReconcilerExecutor-hivemq-controller-119] INFO  c.h.p.o.HiveMQPlatformReconciler - [helmpods] Reconciling HiveMQ Platform 'test-hivemq-platform' in namespace 'helmpodsecuritycontextupgradeextensionit'
2025-01-30 18:45:34,775 INFO c.h.h.t.HelmChartContainer - [hivemq-test-hivemq-platform] [hivemq-platform-operator] [fe86da9e] 18:45:34.772 [ReconcilerExecutor-hivemq-controller-119] DEBUG c.h.p.o.HiveMQPlatformReconciler - [helmpods] Custom Resource Status RESTART_EXTENSIONS - HiveMQ Platform is waiting for extension restart (hivemq-distributed-tracing-extension) (WAIT_FOR_EXTENSION_RESTART)
2025-01-30 18:45:34,775 INFO c.h.h.t.HelmChartContainer - [hivemq-test-hivemq-platform] [hivemq-platform-operator] [fe86da9e] 18:45:34.772 [ReconcilerExecutor-hivemq-controller-119] DEBUG c.h.p.o.HiveMQPlatformReconciler - [helmpods] Custom Resource Spec (replicas: 1) (extensions: 1)
2025-01-30 18:45:34,775 INFO c.h.h.t.HelmChartContainer - [hivemq-test-hivemq-platform] [hivemq-platform-operator] [fe86da9e] 18:45:34.773 [ReconcilerExecutor-hivemq-controller-119] DEBUG c.h.p.o.HiveMQPlatformReconciler - [helmpods] StatefulSet Status (revision: test-hivemq-platform-6778d7488d, replicas: 1, available: 1, ready: 1, current: 1, updated: 1)
2025-01-30 18:45:34,775 INFO c.h.h.t.HelmChartContainer - [hivemq-test-hivemq-platform] [hivemq-platform-operator] [fe86da9e] 18:45:34.773 [ReconcilerExecutor-hivemq-controller-119] DEBUG c.h.p.o.HiveMQPlatformReconciler - [helmpods] StatefulSet Spec (replicas: 1, init containers: 1, containers: 1, volumes: 4)
2025-01-30 18:45:34,777 INFO c.h.h.t.HelmChartContainer - [hivemq-test-hivemq-platform] [hivemq-platform-operator] [fe86da9e] 18:45:34.774 [ReconcilerExecutor-hivemq-controller-119] DEBUG c.h.p.o.h.HiveMQPlatformReconcilerErrorHandler - [helmpods] Pod 'test-hivemq-platform-0' phase Running
2025-01-30 18:45:34,859 INFO c.h.h.t.HelmChartContainer - [hivemq-test-hivemq-platform] [hivemq-platform-operator] [fe86da9e] 18:45:34.857 [ReconcilerExecutor-hivemq-controller-119] DEBUG c.h.p.o.h.HiveMQPlatformReconcilerRestartExtensionsHandler - [helmpods] Checking update extension status on Pod 'test-hivemq-platform-0'
2025-01-30 18:45:34,909 INFO c.h.h.t.HelmChartContainer - [test-hivemq-platform] [hivemq] [bcfbd7c9] INFO  - [HiveMQ Platform Operator Init App 1.7.0-SNAPSHOT] Extension update is pending (0 errors)
2025-01-30 18:45:34,957 INFO c.h.h.t.HelmChartContainer - [hivemq-test-hivemq-platform] [hivemq-platform-operator] [fe86da9e] 18:45:34.955 [vert.x-eventloop-thread-0] DEBUG c.h.platform.operator.util.PodUtil - Received status for command '[curl, -s, http://10.42.0.8:7979/updateExtensionStatus]' on Pod 'test-hivemq-platform-0' (exit code: 0)
2025-01-30 18:45:35,601 INFO c.h.h.t.HelmChartContainer - [test-hivemq-platform] [hivemq] [bcfbd7c9] INFO  - [HiveMQ Platform Operator Init App 1.7.0-SNAPSHOT] Waiting for extension ConfigMap sync (expected hash: 1345074856) (current hash: -560465444)
2025-01-30 18:45:35,962 INFO c.h.h.t.HelmChartContainer - [hivemq-test-hivemq-platform] [hivemq-platform-operator] [fe86da9e] 18:45:35.958 [pool-6-thread-5] DEBUG c.h.p.o.d.PlatformServiceResource - [helmpods] Desired Platform services (3 services)
2025-01-30 18:45:35,962 INFO c.h.h.t.HelmChartContainer - [hivemq-test-hivemq-platform] [hivemq-platform-operator] [fe86da9e] 18:45:35.959 [pool-6-thread-7] DEBUG c.h.p.o.dependants.PodInfoConfigMap - [helmpods] Desired PodInfo ConfigMap (1 extensions) (1 enabled)
2025-01-30 18:45:35,962 INFO c.h.h.t.HelmChartContainer - [hivemq-test-hivemq-platform] [hivemq-platform-operator] [fe86da9e] 18:45:35.959 [pool-6-thread-7] DEBUG c.h.p.o.dependants.PodInfoConfigMap - [helmpods] Desired PodInfo ConfigMap (metrics port: 9399) (metrics path: /)
2025-01-30 18:45:35,962 INFO c.h.h.t.HelmChartContainer - [hivemq-test-hivemq-platform] [hivemq-platform-operator] [fe86da9e] 18:45:35.959 [pool-6-thread-7] DEBUG c.h.p.o.dependants.PodInfoConfigMap - [helmpods] Desired PodInfo ConfigMap (extension state hash: 1345074856)
2025-01-30 18:45:35,962 INFO c.h.h.t.HelmChartContainer - [hivemq-test-hivemq-platform] [hivemq-platform-operator] [fe86da9e] 18:45:35.960 [pool-6-thread-1] DEBUG c.h.p.o.d.PodServiceAccountResource - [helmpods] Desired PodServiceAccountResource (serviceAccountName: hivemq-platform-pod-test-hivemq-platform)
2025-01-30 18:45:35,965 INFO c.h.h.t.HelmChartContainer - [hivemq-test-hivemq-platform] [hivemq-platform-operator] [fe86da9e] 18:45:35.964 [pool-6-thread-5] DEBUG c.h.p.o.d.StatefulSetResource - [helmpods] Desired StatefulSet (1 replicas) for status RESTART_EXTENSIONS (WAIT_FOR_EXTENSION_RESTART)
2025-01-30 18:45:35,969 INFO c.h.h.t.HelmChartContainer - [hivemq-test-hivemq-platform] [hivemq-platform-operator] [fe86da9e] 18:45:35.968 [ReconcilerExecutor-hivemq-controller-120] INFO  c.h.p.o.HiveMQPlatformReconciler - [helmpods] Reconciling HiveMQ Platform 'test-hivemq-platform' in namespace 'helmpodsecuritycontextupgradeextensionit'
2025-01-30 18:45:35,970 INFO c.h.h.t.HelmChartContainer - [hivemq-test-hivemq-platform] [hivemq-platform-operator] [fe86da9e] 18:45:35.968 [ReconcilerExecutor-hivemq-controller-120] DEBUG c.h.p.o.HiveMQPlatformReconciler - [helmpods] Custom Resource Status RESTART_EXTENSIONS - HiveMQ Platform is waiting for extension restart (hivemq-distributed-tracing-extension) (WAIT_FOR_EXTENSION_RESTART)
2025-01-30 18:45:35,970 INFO c.h.h.t.HelmChartContainer - [hivemq-test-hivemq-platform] [hivemq-platform-operator] [fe86da9e] 18:45:35.968 [ReconcilerExecutor-hivemq-controller-120] DEBUG c.h.p.o.HiveMQPlatformReconciler - [helmpods] Custom Resource Spec (replicas: 1) (extensions: 1)
2025-01-30 18:45:35,972 INFO c.h.h.t.HelmChartContainer - [hivemq-test-hivemq-platform] [hivemq-platform-operator] [fe86da9e] 18:45:35.971 [ReconcilerExecutor-hivemq-controller-120] DEBUG c.h.p.o.HiveMQPlatformReconciler - [helmpods] StatefulSet Status (revision: test-hivemq-platform-6778d7488d, replicas: 1, available: 1, ready: 1, current: 1, updated: 1)
2025-01-30 18:45:35,973 INFO c.h.h.t.HelmChartContainer - [hivemq-test-hivemq-platform] [hivemq-platform-operator] [fe86da9e] 18:45:35.971 [ReconcilerExecutor-hivemq-controller-120] DEBUG c.h.p.o.HiveMQPlatformReconciler - [helmpods] StatefulSet Spec (replicas: 1, init containers: 1, containers: 1, volumes: 4)
2025-01-30 18:45:35,974 INFO c.h.h.t.HelmChartContainer - [hivemq-test-hivemq-platform] [hivemq-platform-operator] [fe86da9e] 18:45:35.973 [ReconcilerExecutor-hivemq-controller-120] DEBUG c.h.p.o.h.HiveMQPlatformReconcilerErrorHandler - [helmpods] Pod 'test-hivemq-platform-0' phase Running
2025-01-30 18:45:35,975 INFO c.h.h.t.HelmChartContainer - [hivemq-test-hivemq-platform] [hivemq-platform-operator] [fe86da9e] 18:45:35.974 [ReconcilerExecutor-hivemq-controller-120] INFO  c.h.p.o.h.HiveMQPlatformReconcilerRestartExtensionsHandler - [helmpods] Extension update on Pod 'test-hivemq-platform-0' is still pending
2025-01-30 18:45:36,601 INFO c.h.h.t.HelmChartContainer - [test-hivemq-platform] [hivemq] [bcfbd7c9] INFO  - [HiveMQ Platform Operator Init App 1.7.0-SNAPSHOT] Waiting for extension ConfigMap sync (expected hash: 1345074856) (current hash: -560465444)
2025-01-30 18:45:37,602 INFO c.h.h.t.HelmChartContainer - [test-hivemq-platform] [hivemq] [bcfbd7c9] INFO  - [HiveMQ Platform Operator Init App 1.7.0-SNAPSHOT] Waiting for extension ConfigMap sync (expected hash: 1345074856) (current hash: -560465444)
2025-01-30 18:45:38,602 INFO c.h.h.t.HelmChartContainer - [test-hivemq-platform] [hivemq] [bcfbd7c9] INFO  - [HiveMQ Platform Operator Init App 1.7.0-SNAPSHOT] Waiting for extension ConfigMap sync (expected hash: 1345074856) (current hash: -560465444)
2025-01-30 18:45:39,602 INFO c.h.h.t.HelmChartContainer - [test-hivemq-platform] [hivemq] [bcfbd7c9] INFO  - [HiveMQ Platform Operator Init App 1.7.0-SNAPSHOT] Waiting for extension ConfigMap sync (expected hash: 1345074856) (current hash: -560465444)
2025-01-30 18:45:40,603 INFO c.h.h.t.HelmChartContainer - [test-hivemq-platform] [hivemq] [bcfbd7c9] INFO  - [HiveMQ Platform Operator Init App 1.7.0-SNAPSHOT] Waiting for extension ConfigMap sync (expected hash: 1345074856) (current hash: -560465444)
2025-01-30 18:45:41,604 INFO c.h.h.t.HelmChartContainer - [test-hivemq-platform] [hivemq] [bcfbd7c9] INFO  - [HiveMQ Platform Operator Init App 1.7.0-SNAPSHOT] Waiting for extension ConfigMap sync (expected hash: 1345074856) (current hash: -560465444)
2025-01-30 18:45:42,604 INFO c.h.h.t.HelmChartContainer - [test-hivemq-platform] [hivemq] [bcfbd7c9] INFO  - [HiveMQ Platform Operator Init App 1.7.0-SNAPSHOT] Waiting for extension ConfigMap sync (expected hash: 1345074856) (current hash: -560465444)
2025-01-30 18:45:43,604 INFO c.h.h.t.HelmChartContainer - [test-hivemq-platform] [hivemq] [bcfbd7c9] INFO  - [HiveMQ Platform Operator Init App 1.7.0-SNAPSHOT] Waiting for extension ConfigMap sync (expected hash: 1345074856) (current hash: -560465444)
2025-01-30 18:45:44,605 INFO c.h.h.t.HelmChartContainer - [test-hivemq-platform] [hivemq] [bcfbd7c9] INFO  - [HiveMQ Platform Operator Init App 1.7.0-SNAPSHOT] Waiting for extension ConfigMap sync (expected hash: 1345074856) (current hash: -560465444)
2025-01-30 18:45:45,605 INFO c.h.h.t.HelmChartContainer - [test-hivemq-platform] [hivemq] [bcfbd7c9] INFO  - [HiveMQ Platform Operator Init App 1.7.0-SNAPSHOT] Waiting for extension ConfigMap sync (expected hash: 1345074856) (current hash: -560465444)
2025-01-30 18:45:45,980 INFO c.h.h.t.HelmChartContainer - [hivemq-test-hivemq-platform] [hivemq-platform-operator] [fe86da9e] 18:45:45.977 [pool-6-thread-12] DEBUG c.h.p.o.d.PlatformServiceResource - [helmpods] Desired Platform services (3 services)
2025-01-30 18:45:45,981 INFO c.h.h.t.HelmChartContainer - [hivemq-test-hivemq-platform] [hivemq-platform-operator] [fe86da9e] 18:45:45.979 [pool-6-thread-19] DEBUG c.h.p.o.d.PodServiceAccountResource - [helmpods] Desired PodServiceAccountResource (serviceAccountName: hivemq-platform-pod-test-hivemq-platform)
2025-01-30 18:45:45,982 INFO c.h.h.t.HelmChartContainer - [hivemq-test-hivemq-platform] [hivemq-platform-operator] [fe86da9e] 18:45:45.981 [pool-6-thread-17] DEBUG c.h.p.o.dependants.PodInfoConfigMap - [helmpods] Desired PodInfo ConfigMap (1 extensions) (1 enabled)
2025-01-30 18:45:45,982 INFO c.h.h.t.HelmChartContainer - [hivemq-test-hivemq-platform] [hivemq-platform-operator] [fe86da9e] 18:45:45.981 [pool-6-thread-17] DEBUG c.h.p.o.dependants.PodInfoConfigMap - [helmpods] Desired PodInfo ConfigMap (metrics port: 9399) (metrics path: /)
2025-01-30 18:45:45,984 INFO c.h.h.t.HelmChartContainer - [hivemq-test-hivemq-platform] [hivemq-platform-operator] [fe86da9e] 18:45:45.982 [pool-6-thread-17] DEBUG c.h.p.o.dependants.PodInfoConfigMap - [helmpods] Desired PodInfo ConfigMap (extension state hash: 1345074856)
2025-01-30 18:45:45,985 INFO c.h.h.t.HelmChartContainer - [hivemq-test-hivemq-platform] [hivemq-platform-operator] [fe86da9e] 18:45:45.984 [pool-6-thread-17] DEBUG c.h.p.o.d.StatefulSetResource - [helmpods] Desired StatefulSet (1 replicas) for status RESTART_EXTENSIONS (WAIT_FOR_EXTENSION_RESTART)
2025-01-30 18:45:45,991 INFO c.h.h.t.HelmChartContainer - [hivemq-test-hivemq-platform] [hivemq-platform-operator] [fe86da9e] 18:45:45.988 [ReconcilerExecutor-hivemq-controller-121] INFO  c.h.p.o.HiveMQPlatformReconciler - [helmpods] Reconciling HiveMQ Platform 'test-hivemq-platform' in namespace 'helmpodsecuritycontextupgradeextensionit'
2025-01-30 18:45:45,991 INFO c.h.h.t.HelmChartContainer - [hivemq-test-hivemq-platform] [hivemq-platform-operator] [fe86da9e] 18:45:45.988 [ReconcilerExecutor-hivemq-controller-121] DEBUG c.h.p.o.HiveMQPlatformReconciler - [helmpods] Custom Resource Status RESTART_EXTENSIONS - HiveMQ Platform is waiting for extension restart (hivemq-distributed-tracing-extension) (WAIT_FOR_EXTENSION_RESTART)
2025-01-30 18:45:45,991 INFO c.h.h.t.HelmChartContainer - [hivemq-test-hivemq-platform] [hivemq-platform-operator] [fe86da9e] 18:45:45.988 [ReconcilerExecutor-hivemq-controller-121] DEBUG c.h.p.o.HiveMQPlatformReconciler - [helmpods] Custom Resource Spec (replicas: 1) (extensions: 1)
2025-01-30 18:45:45,991 INFO c.h.h.t.HelmChartContainer - [hivemq-test-hivemq-platform] [hivemq-platform-operator] [fe86da9e] 18:45:45.990 [ReconcilerExecutor-hivemq-controller-121] DEBUG c.h.p.o.HiveMQPlatformReconciler - [helmpods] StatefulSet Status (revision: test-hivemq-platform-6778d7488d, replicas: 1, available: 1, ready: 1, current: 1, updated: 1)
2025-01-30 18:45:45,991 INFO c.h.h.t.HelmChartContainer - [hivemq-test-hivemq-platform] [hivemq-platform-operator] [fe86da9e] 18:45:45.990 [ReconcilerExecutor-hivemq-controller-121] DEBUG c.h.p.o.HiveMQPlatformReconciler - [helmpods] StatefulSet Spec (replicas: 1, init containers: 1, containers: 1, volumes: 4)
2025-01-30 18:45:45,992 INFO c.h.h.t.HelmChartContainer - [hivemq-test-hivemq-platform] [hivemq-platform-operator] [fe86da9e] 18:45:45.991 [ReconcilerExecutor-hivemq-controller-121] DEBUG c.h.p.o.h.HiveMQPlatformReconcilerErrorHandler - [helmpods] Pod 'test-hivemq-platform-0' phase Running
2025-01-30 18:45:46,061 INFO c.h.h.t.HelmChartContainer - [hivemq-test-hivemq-platform] [hivemq-platform-operator] [fe86da9e] 18:45:46.060 [ReconcilerExecutor-hivemq-controller-121] DEBUG c.h.p.o.h.HiveMQPlatformReconcilerRestartExtensionsHandler - [helmpods] Checking update extension status on Pod 'test-hivemq-platform-0'
2025-01-30 18:45:46,212 INFO c.h.h.t.HelmChartContainer - [test-hivemq-platform] [hivemq] [bcfbd7c9] INFO  - [HiveMQ Platform Operator Init App 1.7.0-SNAPSHOT] Extension update is pending (0 errors)
2025-01-30 18:45:46,217 INFO c.h.h.t.HelmChartContainer - [hivemq-test-hivemq-platform] [hivemq-platform-operator] [fe86da9e] 18:45:46.216 [vert.x-eventloop-thread-1] DEBUG c.h.platform.operator.util.PodUtil - Received status for command '[curl, -s, http://10.42.0.8:7979/updateExtensionStatus]' on Pod 'test-hivemq-platform-0' (exit code: 0)
2025-01-30 18:45:46,606 INFO c.h.h.t.HelmChartContainer - [test-hivemq-platform] [hivemq] [bcfbd7c9] INFO  - [HiveMQ Platform Operator Init App 1.7.0-SNAPSHOT] Waiting for extension ConfigMap sync (expected hash: 1345074856) (current hash: -560465444)
2025-01-30 18:45:47,172 INFO c.h.h.t.HelmChartContainer - [hivemq-test-hivemq-platform] [hivemq-platform-operator] [fe86da9e] 18:45:47.169 [pool-6-thread-28] DEBUG c.h.p.o.d.PlatformServiceResource - [helmpods] Desired Platform services (3 services)
2025-01-30 18:45:47,172 INFO c.h.h.t.HelmChartContainer - [hivemq-test-hivemq-platform] [hivemq-platform-operator] [fe86da9e] 18:45:47.170 [pool-6-thread-24] DEBUG c.h.p.o.dependants.PodInfoConfigMap - [helmpods] Desired PodInfo ConfigMap (1 extensions) (1 enabled)
2025-01-30 18:45:47,172 INFO c.h.h.t.HelmChartContainer - [hivemq-test-hivemq-platform] [hivemq-platform-operator] [fe86da9e] 18:45:47.170 [pool-6-thread-24] DEBUG c.h.p.o.dependants.PodInfoConfigMap - [helmpods] Desired PodInfo ConfigMap (metrics port: 9399) (metrics path: /)
2025-01-30 18:45:47,172 INFO c.h.h.t.HelmChartContainer - [hivemq-test-hivemq-platform] [hivemq-platform-operator] [fe86da9e] 18:45:47.170 [pool-6-thread-24] DEBUG c.h.p.o.dependants.PodInfoConfigMap - [helmpods] Desired PodInfo ConfigMap (extension state hash: 1345074856)
2025-01-30 18:45:47,172 INFO c.h.h.t.HelmChartContainer - [hivemq-test-hivemq-platform] [hivemq-platform-operator] [fe86da9e] 18:45:47.171 [pool-6-thread-29] DEBUG c.h.p.o.d.PodServiceAccountResource - [helmpods] Desired PodServiceAccountResource (serviceAccountName: hivemq-platform-pod-test-hivemq-platform)
2025-01-30 18:45:47,175 INFO c.h.h.t.HelmChartContainer - [hivemq-test-hivemq-platform] [hivemq-platform-operator] [fe86da9e] 18:45:47.174 [pool-6-thread-28] DEBUG c.h.p.o.d.StatefulSetResource - [helmpods] Desired StatefulSet (1 replicas) for status RESTART_EXTENSIONS (WAIT_FOR_EXTENSION_RESTART)
2025-01-30 18:45:47,179 INFO c.h.h.t.HelmChartContainer - [hivemq-test-hivemq-platform] [hivemq-platform-operator] [fe86da9e] 18:45:47.177 [ReconcilerExecutor-hivemq-controller-122] INFO  c.h.p.o.HiveMQPlatformReconciler - [helmpods] Reconciling HiveMQ Platform 'test-hivemq-platform' in namespace 'helmpodsecuritycontextupgradeextensionit'
2025-01-30 18:45:47,180 INFO c.h.h.t.HelmChartContainer - [hivemq-test-hivemq-platform] [hivemq-platform-operator] [fe86da9e] 18:45:47.177 [ReconcilerExecutor-hivemq-controller-122] DEBUG c.h.p.o.HiveMQPlatformReconciler - [helmpods] Custom Resource Status RESTART_EXTENSIONS - HiveMQ Platform is waiting for extension restart (hivemq-distributed-tracing-extension) (WAIT_FOR_EXTENSION_RESTART)
2025-01-30 18:45:47,180 INFO c.h.h.t.HelmChartContainer - [hivemq-test-hivemq-platform] [hivemq-platform-operator] [fe86da9e] 18:45:47.177 [ReconcilerExecutor-hivemq-controller-122] DEBUG c.h.p.o.HiveMQPlatformReconciler - [helmpods] Custom Resource Spec (replicas: 1) (extensions: 1)
2025-01-30 18:45:47,180 INFO c.h.h.t.HelmChartContainer - [hivemq-test-hivemq-platform] [hivemq-platform-operator] [fe86da9e] 18:45:47.179 [ReconcilerExecutor-hivemq-controller-122] DEBUG c.h.p.o.HiveMQPlatformReconciler - [helmpods] StatefulSet Status (revision: test-hivemq-platform-6778d7488d, replicas: 1, available: 1, ready: 1, current: 1, updated: 1)
2025-01-30 18:45:47,180 INFO c.h.h.t.HelmChartContainer - [hivemq-test-hivemq-platform] [hivemq-platform-operator] [fe86da9e] 18:45:47.179 [ReconcilerExecutor-hivemq-controller-122] DEBUG c.h.p.o.HiveMQPlatformReconciler - [helmpods] StatefulSet Spec (replicas: 1, init containers: 1, containers: 1, volumes: 4)
2025-01-30 18:45:47,182 INFO c.h.h.t.HelmChartContainer - [hivemq-test-hivemq-platform] [hivemq-platform-operator] [fe86da9e] 18:45:47.180 [ReconcilerExecutor-hivemq-controller-122] DEBUG c.h.p.o.h.HiveMQPlatformReconcilerErrorHandler - [helmpods] Pod 'test-hivemq-platform-0' phase Running
2025-01-30 18:45:47,182 INFO c.h.h.t.HelmChartContainer - [hivemq-test-hivemq-platform] [hivemq-platform-operator] [fe86da9e] 18:45:47.181 [ReconcilerExecutor-hivemq-controller-122] INFO  c.h.p.o.h.HiveMQPlatformReconcilerRestartExtensionsHandler - [helmpods] Extension update on Pod 'test-hivemq-platform-0' is still pending
2025-01-30 18:45:47,606 INFO c.h.h.t.HelmChartContainer - [test-hivemq-platform] [hivemq] [bcfbd7c9] INFO  - [HiveMQ Platform Operator Init App 1.7.0-SNAPSHOT] Waiting for extension ConfigMap sync (expected hash: 1345074856) (current hash: -560465444)
2025-01-30 18:45:48,607 INFO c.h.h.t.HelmChartContainer - [test-hivemq-platform] [hivemq] [bcfbd7c9] INFO  - [HiveMQ Platform Operator Init App 1.7.0-SNAPSHOT] Waiting for extension ConfigMap sync (expected hash: 1345074856) (current hash: -560465444)
2025-01-30 18:45:49,607 INFO c.h.h.t.HelmChartContainer - [test-hivemq-platform] [hivemq] [bcfbd7c9] INFO  - [HiveMQ Platform Operator Init App 1.7.0-SNAPSHOT] Waiting for extension ConfigMap sync (expected hash: 1345074856) (current hash: -560465444)
2025-01-30 18:45:50,608 INFO c.h.h.t.HelmChartContainer - [test-hivemq-platform] [hivemq] [bcfbd7c9] INFO  - [HiveMQ Platform Operator Init App 1.7.0-SNAPSHOT] Waiting for extension ConfigMap sync (expected hash: 1345074856) (current hash: -560465444)
2025-01-30 18:45:51,608 INFO c.h.h.t.HelmChartContainer - [test-hivemq-platform] [hivemq] [bcfbd7c9] INFO  - [HiveMQ Platform Operator Init App 1.7.0-SNAPSHOT] Waiting for extension ConfigMap sync (expected hash: 1345074856) (current hash: -560465444)
2025-01-30 18:45:52,609 INFO c.h.h.t.HelmChartContainer - [test-hivemq-platform] [hivemq] [bcfbd7c9] INFO  - [HiveMQ Platform Operator Init App 1.7.0-SNAPSHOT] Waiting for extension ConfigMap sync (expected hash: 1345074856) (current hash: -560465444)
2025-01-30 18:45:53,609 INFO c.h.h.t.HelmChartContainer - [test-hivemq-platform] [hivemq] [bcfbd7c9] INFO  - [HiveMQ Platform Operator Init App 1.7.0-SNAPSHOT] Waiting for extension ConfigMap sync (expected hash: 1345074856) (current hash: -560465444)
2025-01-30 18:45:54,609 INFO c.h.h.t.HelmChartContainer - [test-hivemq-platform] [hivemq] [bcfbd7c9] INFO  - [HiveMQ Platform Operator Init App 1.7.0-SNAPSHOT] Waiting for extension ConfigMap sync (expected hash: 1345074856) (current hash: -560465444)
2025-01-30 18:45:55,610 INFO c.h.h.t.HelmChartContainer - [test-hivemq-platform] [hivemq] [bcfbd7c9] INFO  - [HiveMQ Platform Operator Init App 1.7.0-SNAPSHOT] Waiting for extension ConfigMap sync (expected hash: 1345074856) (current hash: -560465444)
2025-01-30 18:45:56,611 INFO c.h.h.t.HelmChartContainer - [test-hivemq-platform] [hivemq] [bcfbd7c9] INFO  - [HiveMQ Platform Operator Init App 1.7.0-SNAPSHOT] Waiting for extension ConfigMap sync (expected hash: 1345074856) (current hash: -560465444)
2025-01-30 18:45:57,187 INFO c.h.h.t.HelmChartContainer - [hivemq-test-hivemq-platform] [hivemq-platform-operator] [fe86da9e] 18:45:57.184 [pool-6-thread-32] DEBUG c.h.p.o.d.PlatformServiceResource - [helmpods] Desired Platform services (3 services)
2025-01-30 18:45:57,187 INFO c.h.h.t.HelmChartContainer - [hivemq-test-hivemq-platform] [hivemq-platform-operator] [fe86da9e] 18:45:57.185 [pool-6-thread-34] DEBUG c.h.p.o.dependants.PodInfoConfigMap - [helmpods] Desired PodInfo ConfigMap (1 extensions) (1 enabled)
2025-01-30 18:45:57,188 INFO c.h.h.t.HelmChartContainer - [hivemq-test-hivemq-platform] [hivemq-platform-operator] [fe86da9e] 18:45:57.187 [pool-6-thread-34] DEBUG c.h.p.o.dependants.PodInfoConfigMap - [helmpods] Desired PodInfo ConfigMap (metrics port: 9399) (metrics path: /)
2025-01-30 18:45:57,188 INFO c.h.h.t.HelmChartContainer - [hivemq-test-hivemq-platform] [hivemq-platform-operator] [fe86da9e] 18:45:57.187 [pool-6-thread-34] DEBUG c.h.p.o.dependants.PodInfoConfigMap - [helmpods] Desired PodInfo ConfigMap (extension state hash: 1345074856)
2025-01-30 18:45:57,188 INFO c.h.h.t.HelmChartContainer - [hivemq-test-hivemq-platform] [hivemq-platform-operator] [fe86da9e] 18:45:57.186 [pool-6-thread-31] DEBUG c.h.p.o.d.PodServiceAccountResource - [helmpods] Desired PodServiceAccountResource (serviceAccountName: hivemq-platform-pod-test-hivemq-platform)
2025-01-30 18:45:57,191 INFO c.h.h.t.HelmChartContainer - [hivemq-test-hivemq-platform] [hivemq-platform-operator] [fe86da9e] 18:45:57.191 [pool-6-thread-38] DEBUG c.h.p.o.d.StatefulSetResource - [helmpods] Desired StatefulSet (1 replicas) for status RESTART_EXTENSIONS (WAIT_FOR_EXTENSION_RESTART)
2025-01-30 18:45:57,195 INFO c.h.h.t.HelmChartContainer - [hivemq-test-hivemq-platform] [hivemq-platform-operator] [fe86da9e] 18:45:57.195 [ReconcilerExecutor-hivemq-controller-123] INFO  c.h.p.o.HiveMQPlatformReconciler - [helmpods] Reconciling HiveMQ Platform 'test-hivemq-platform' in namespace 'helmpodsecuritycontextupgradeextensionit'
2025-01-30 18:45:57,196 INFO c.h.h.t.HelmChartContainer - [hivemq-test-hivemq-platform] [hivemq-platform-operator] [fe86da9e] 18:45:57.195 [ReconcilerExecutor-hivemq-controller-123] DEBUG c.h.p.o.HiveMQPlatformReconciler - [helmpods] Custom Resource Status RESTART_EXTENSIONS - HiveMQ Platform is waiting for extension restart (hivemq-distributed-tracing-extension) (WAIT_FOR_EXTENSION_RESTART)
2025-01-30 18:45:57,196 INFO c.h.h.t.HelmChartContainer - [hivemq-test-hivemq-platform] [hivemq-platform-operator] [fe86da9e] 18:45:57.195 [ReconcilerExecutor-hivemq-controller-123] DEBUG c.h.p.o.HiveMQPlatformReconciler - [helmpods] Custom Resource Spec (replicas: 1) (extensions: 1)
2025-01-30 18:45:57,197 INFO c.h.h.t.HelmChartContainer - [hivemq-test-hivemq-platform] [hivemq-platform-operator] [fe86da9e] 18:45:57.197 [ReconcilerExecutor-hivemq-controller-123] DEBUG c.h.p.o.HiveMQPlatformReconciler - [helmpods] StatefulSet Status (revision: test-hivemq-platform-6778d7488d, replicas: 1, available: 1, ready: 1, current: 1, updated: 1)
2025-01-30 18:45:57,197 INFO c.h.h.t.HelmChartContainer - [hivemq-test-hivemq-platform] [hivemq-platform-operator] [fe86da9e] 18:45:57.197 [ReconcilerExecutor-hivemq-controller-123] DEBUG c.h.p.o.HiveMQPlatformReconciler - [helmpods] StatefulSet Spec (replicas: 1, init containers: 1, containers: 1, volumes: 4)
2025-01-30 18:45:57,199 INFO c.h.h.t.HelmChartContainer - [hivemq-test-hivemq-platform] [hivemq-platform-operator] [fe86da9e] 18:45:57.198 [ReconcilerExecutor-hivemq-controller-123] DEBUG c.h.p.o.h.HiveMQPlatformReconcilerErrorHandler - [helmpods] Pod 'test-hivemq-platform-0' phase Running
2025-01-30 18:45:57,205 INFO c.h.h.t.HelmChartContainer - [hivemq-test-hivemq-platform] [hivemq-platform-operator] [fe86da9e] 18:45:57.204 [ReconcilerExecutor-hivemq-controller-123] DEBUG c.h.p.o.h.HiveMQPlatformReconcilerRestartExtensionsHandler - [helmpods] Checking update extension status on Pod 'test-hivemq-platform-0'
2025-01-30 18:45:57,294 INFO c.h.h.t.HelmChartContainer - [test-hivemq-platform] [hivemq] [bcfbd7c9] INFO  - [HiveMQ Platform Operator Init App 1.7.0-SNAPSHOT] Extension update is pending (0 errors)
2025-01-30 18:45:57,298 INFO c.h.h.t.HelmChartContainer - [hivemq-test-hivemq-platform] [hivemq-platform-operator] [fe86da9e] 18:45:57.297 [vert.x-eventloop-thread-0] DEBUG c.h.platform.operator.util.PodUtil - Received status for command '[curl, -s, http://10.42.0.8:7979/updateExtensionStatus]' on Pod 'test-hivemq-platform-0' (exit code: 0)
2025-01-30 18:45:57,611 INFO c.h.h.t.HelmChartContainer - [test-hivemq-platform] [hivemq] [bcfbd7c9] INFO  - [HiveMQ Platform Operator Init App 1.7.0-SNAPSHOT] Waiting for extension ConfigMap sync (expected hash: 1345074856) (current hash: -560465444)
2025-01-30 18:45:58,276 INFO c.h.h.t.HelmChartContainer - [hivemq-test-hivemq-platform] [hivemq-platform-operator] [fe86da9e] 18:45:58.273 [pool-6-thread-47] DEBUG c.h.p.o.d.PlatformServiceResource - [helmpods] Desired Platform services (3 services)
2025-01-30 18:45:58,277 INFO c.h.h.t.HelmChartContainer - [hivemq-test-hivemq-platform] [hivemq-platform-operator] [fe86da9e] 18:45:58.274 [pool-6-thread-44] DEBUG c.h.p.o.dependants.PodInfoConfigMap - [helmpods] Desired PodInfo ConfigMap (1 extensions) (1 enabled)
2025-01-30 18:45:58,277 INFO c.h.h.t.HelmChartContainer - [hivemq-test-hivemq-platform] [hivemq-platform-operator] [fe86da9e] 18:45:58.274 [pool-6-thread-44] DEBUG c.h.p.o.dependants.PodInfoConfigMap - [helmpods] Desired PodInfo ConfigMap (metrics port: 9399) (metrics path: /)
2025-01-30 18:45:58,277 INFO c.h.h.t.HelmChartContainer - [hivemq-test-hivemq-platform] [hivemq-platform-operator] [fe86da9e] 18:45:58.274 [pool-6-thread-44] DEBUG c.h.p.o.dependants.PodInfoConfigMap - [helmpods] Desired PodInfo ConfigMap (extension state hash: 1345074856)
2025-01-30 18:45:58,277 INFO c.h.h.t.HelmChartContainer - [hivemq-test-hivemq-platform] [hivemq-platform-operator] [fe86da9e] 18:45:58.275 [pool-6-thread-50] DEBUG c.h.p.o.d.PodServiceAccountResource - [helmpods] Desired PodServiceAccountResource (serviceAccountName: hivemq-platform-pod-test-hivemq-platform)
2025-01-30 18:45:58,279 INFO c.h.h.t.HelmChartContainer - [hivemq-test-hivemq-platform] [hivemq-platform-operator] [fe86da9e] 18:45:58.278 [pool-6-thread-47] DEBUG c.h.p.o.d.StatefulSetResource - [helmpods] Desired StatefulSet (1 replicas) for status RESTART_EXTENSIONS (WAIT_FOR_EXTENSION_RESTART)
2025-01-30 18:45:58,282 INFO c.h.h.t.HelmChartContainer - [hivemq-test-hivemq-platform] [hivemq-platform-operator] [fe86da9e] 18:45:58.281 [ReconcilerExecutor-hivemq-controller-124] INFO  c.h.p.o.HiveMQPlatformReconciler - [helmpods] Reconciling HiveMQ Platform 'test-hivemq-platform' in namespace 'helmpodsecuritycontextupgradeextensionit'
2025-01-30 18:45:58,283 INFO c.h.h.t.HelmChartContainer - [hivemq-test-hivemq-platform] [hivemq-platform-operator] [fe86da9e] 18:45:58.281 [ReconcilerExecutor-hivemq-controller-124] DEBUG c.h.p.o.HiveMQPlatformReconciler - [helmpods] Custom Resource Status RESTART_EXTENSIONS - HiveMQ Platform is waiting for extension restart (hivemq-distributed-tracing-extension) (WAIT_FOR_EXTENSION_RESTART)
2025-01-30 18:45:58,283 INFO c.h.h.t.HelmChartContainer - [hivemq-test-hivemq-platform] [hivemq-platform-operator] [fe86da9e] 18:45:58.282 [ReconcilerExecutor-hivemq-controller-124] DEBUG c.h.p.o.HiveMQPlatformReconciler - [helmpods] Custom Resource Spec (replicas: 1) (extensions: 1)
2025-01-30 18:45:58,284 INFO c.h.h.t.HelmChartContainer - [hivemq-test-hivemq-platform] [hivemq-platform-operator] [fe86da9e] 18:45:58.283 [ReconcilerExecutor-hivemq-controller-124] DEBUG c.h.p.o.HiveMQPlatformReconciler - [helmpods] StatefulSet Status (revision: test-hivemq-platform-6778d7488d, replicas: 1, available: 1, ready: 1, current: 1, updated: 1)
2025-01-30 18:45:58,284 INFO c.h.h.t.HelmChartContainer - [hivemq-test-hivemq-platform] [hivemq-platform-operator] [fe86da9e] 18:45:58.283 [ReconcilerExecutor-hivemq-controller-124] DEBUG c.h.p.o.HiveMQPlatformReconciler - [helmpods] StatefulSet Spec (replicas: 1, init containers: 1, containers: 1, volumes: 4)
2025-01-30 18:45:58,286 INFO c.h.h.t.HelmChartContainer - [hivemq-test-hivemq-platform] [hivemq-platform-operator] [fe86da9e] 18:45:58.285 [ReconcilerExecutor-hivemq-controller-124] DEBUG c.h.p.o.h.HiveMQPlatformReconcilerErrorHandler - [helmpods] Pod 'test-hivemq-platform-0' phase Running
2025-01-30 18:45:58,287 INFO c.h.h.t.HelmChartContainer - [hivemq-test-hivemq-platform] [hivemq-platform-operator] [fe86da9e] 18:45:58.286 [ReconcilerExecutor-hivemq-controller-124] INFO  c.h.p.o.h.HiveMQPlatformReconcilerRestartExtensionsHandler - [helmpods] Extension update on Pod 'test-hivemq-platform-0' is still pending
2025-01-30 18:45:58,612 INFO c.h.h.t.HelmChartContainer - [test-hivemq-platform] [hivemq] [bcfbd7c9] INFO  - [HiveMQ Platform Operator Init App 1.7.0-SNAPSHOT] Waiting for extension ConfigMap sync (expected hash: 1345074856) (current hash: -560465444)
2025-01-30 18:45:59,612 INFO c.h.h.t.HelmChartContainer - [test-hivemq-platform] [hivemq] [bcfbd7c9] INFO  - [HiveMQ Platform Operator Init App 1.7.0-SNAPSHOT] Waiting for extension ConfigMap sync (expected hash: 1345074856) (current hash: -560465444)
2025-01-30 18:46:00,612 INFO c.h.h.t.HelmChartContainer - [test-hivemq-platform] [hivemq] [bcfbd7c9] INFO  - [HiveMQ Platform Operator Init App 1.7.0-SNAPSHOT] Waiting for extension ConfigMap sync (expected hash: 1345074856) (current hash: -560465444)
2025-01-30 18:46:01,613 INFO c.h.h.t.HelmChartContainer - [test-hivemq-platform] [hivemq] [bcfbd7c9] INFO  - [HiveMQ Platform Operator Init App 1.7.0-SNAPSHOT] Waiting for extension ConfigMap sync (expected hash: 1345074856) (current hash: -560465444)
2025-01-30 18:46:02,613 INFO c.h.h.t.HelmChartContainer - [test-hivemq-platform] [hivemq] [bcfbd7c9] INFO  - [HiveMQ Platform Operator Init App 1.7.0-SNAPSHOT] Waiting for extension ConfigMap sync (expected hash: 1345074856) (current hash: -560465444)
2025-01-30 18:46:03,614 INFO c.h.h.t.HelmChartContainer - [test-hivemq-platform] [hivemq] [bcfbd7c9] INFO  - [HiveMQ Platform Operator Init App 1.7.0-SNAPSHOT] Waiting for extension ConfigMap sync (expected hash: 1345074856) (current hash: -560465444)
2025-01-30 18:46:04,614 INFO c.h.h.t.HelmChartContainer - [test-hivemq-platform] [hivemq] [bcfbd7c9] INFO  - [HiveMQ Platform Operator Init App 1.7.0-SNAPSHOT] Waiting for extension ConfigMap sync (expected hash: 1345074856) (current hash: -560465444)
2025-01-30 18:46:05,615 INFO c.h.h.t.HelmChartContainer - [test-hivemq-platform] [hivemq] [bcfbd7c9] INFO  - [HiveMQ Platform Operator Init App 1.7.0-SNAPSHOT] Waiting for extension ConfigMap sync (expected hash: 1345074856) (current hash: -560465444)
2025-01-30 18:46:06,615 INFO c.h.h.t.HelmChartContainer - [test-hivemq-platform] [hivemq] [bcfbd7c9] INFO  - [HiveMQ Platform Operator Init App 1.7.0-SNAPSHOT] Waiting for extension ConfigMap sync (expected hash: 1345074856) (current hash: -560465444)
2025-01-30 18:46:07,616 INFO c.h.h.t.HelmChartContainer - [test-hivemq-platform] [hivemq] [bcfbd7c9] INFO  - [HiveMQ Platform Operator Init App 1.7.0-SNAPSHOT] Waiting for extension ConfigMap sync (expected hash: 1345074856) (current hash: -560465444)
2025-01-30 18:46:08,294 INFO c.h.h.t.HelmChartContainer - [hivemq-test-hivemq-platform] [hivemq-platform-operator] [fe86da9e] 18:46:08.290 [pool-6-thread-1] DEBUG c.h.p.o.d.PlatformServiceResource - [helmpods] Desired Platform services (3 services)
2025-01-30 18:46:08,294 INFO c.h.h.t.HelmChartContainer - [hivemq-test-hivemq-platform] [hivemq-platform-operator] [fe86da9e] 18:46:08.290 [pool-6-thread-7] DEBUG c.h.p.o.dependants.PodInfoConfigMap - [helmpods] Desired PodInfo ConfigMap (1 extensions) (1 enabled)
2025-01-30 18:46:08,294 INFO c.h.h.t.HelmChartContainer - [hivemq-test-hivemq-platform] [hivemq-platform-operator] [fe86da9e] 18:46:08.290 [pool-6-thread-7] DEBUG c.h.p.o.dependants.PodInfoConfigMap - [helmpods] Desired PodInfo ConfigMap (metrics port: 9399) (metrics path: /)
2025-01-30 18:46:08,294 INFO c.h.h.t.HelmChartContainer - [hivemq-test-hivemq-platform] [hivemq-platform-operator] [fe86da9e] 18:46:08.290 [pool-6-thread-7] DEBUG c.h.p.o.dependants.PodInfoConfigMap - [helmpods] Desired PodInfo ConfigMap (extension state hash: 1345074856)
2025-01-30 18:46:08,294 INFO c.h.h.t.HelmChartContainer - [hivemq-test-hivemq-platform] [hivemq-platform-operator] [fe86da9e] 18:46:08.291 [pool-6-thread-7] DEBUG c.h.p.o.d.PodServiceAccountResource - [helmpods] Desired PodServiceAccountResource (serviceAccountName: hivemq-platform-pod-test-hivemq-platform)
2025-01-30 18:46:08,296 INFO c.h.h.t.HelmChartContainer - [hivemq-test-hivemq-platform] [hivemq-platform-operator] [fe86da9e] 18:46:08.295 [pool-6-thread-8] DEBUG c.h.p.o.d.StatefulSetResource - [helmpods] Desired StatefulSet (1 replicas) for status RESTART_EXTENSIONS (WAIT_FOR_EXTENSION_RESTART)
2025-01-30 18:46:08,369 INFO c.h.h.t.HelmChartContainer - [hivemq-test-hivemq-platform] [hivemq-platform-operator] [fe86da9e] 18:46:08.366 [ReconcilerExecutor-hivemq-controller-125] INFO  c.h.p.o.HiveMQPlatformReconciler - [helmpods] Reconciling HiveMQ Platform 'test-hivemq-platform' in namespace 'helmpodsecuritycontextupgradeextensionit'
2025-01-30 18:46:08,369 INFO c.h.h.t.HelmChartContainer - [hivemq-test-hivemq-platform] [hivemq-platform-operator] [fe86da9e] 18:46:08.366 [ReconcilerExecutor-hivemq-controller-125] DEBUG c.h.p.o.HiveMQPlatformReconciler - [helmpods] Custom Resource Status RESTART_EXTENSIONS - HiveMQ Platform is waiting for extension restart (hivemq-distributed-tracing-extension) (WAIT_FOR_EXTENSION_RESTART)
2025-01-30 18:46:08,369 INFO c.h.h.t.HelmChartContainer - [hivemq-test-hivemq-platform] [hivemq-platform-operator] [fe86da9e] 18:46:08.366 [ReconcilerExecutor-hivemq-controller-125] DEBUG c.h.p.o.HiveMQPlatformReconciler - [helmpods] Custom Resource Spec (replicas: 1) (extensions: 1)
2025-01-30 18:46:08,369 INFO c.h.h.t.HelmChartContainer - [hivemq-test-hivemq-platform] [hivemq-platform-operator] [fe86da9e] 18:46:08.368 [ReconcilerExecutor-hivemq-controller-125] DEBUG c.h.p.o.HiveMQPlatformReconciler - [helmpods] StatefulSet Status (revision: test-hivemq-platform-6778d7488d, replicas: 1, available: 1, ready: 1, current: 1, updated: 1)
2025-01-30 18:46:08,369 INFO c.h.h.t.HelmChartContainer - [hivemq-test-hivemq-platform] [hivemq-platform-operator] [fe86da9e] 18:46:08.368 [ReconcilerExecutor-hivemq-controller-125] DEBUG c.h.p.o.HiveMQPlatformReconciler - [helmpods] StatefulSet Spec (replicas: 1, init containers: 1, containers: 1, volumes: 4)
2025-01-30 18:46:08,371 INFO c.h.h.t.HelmChartContainer - [hivemq-test-hivemq-platform] [hivemq-platform-operator] [fe86da9e] 18:46:08.369 [ReconcilerExecutor-hivemq-controller-125] DEBUG c.h.p.o.h.HiveMQPlatformReconcilerErrorHandler - [helmpods] Pod 'test-hivemq-platform-0' phase Running
2025-01-30 18:46:08,378 INFO c.h.h.t.HelmChartContainer - [hivemq-test-hivemq-platform] [hivemq-platform-operator] [fe86da9e] 18:46:08.376 [ReconcilerExecutor-hivemq-controller-125] DEBUG c.h.p.o.h.HiveMQPlatformReconcilerRestartExtensionsHandler - [helmpods] Checking update extension status on Pod 'test-hivemq-platform-0'
2025-01-30 18:46:08,504 INFO c.h.h.t.HelmChartContainer - [test-hivemq-platform] [hivemq] [bcfbd7c9] INFO  - [HiveMQ Platform Operator Init App 1.7.0-SNAPSHOT] Extension update is pending (0 errors)
2025-01-30 18:46:08,508 INFO c.h.h.t.HelmChartContainer - [hivemq-test-hivemq-platform] [hivemq-platform-operator] [fe86da9e] 18:46:08.507 [vert.x-eventloop-thread-1] DEBUG c.h.platform.operator.util.PodUtil - Received status for command '[curl, -s, http://10.42.0.8:7979/updateExtensionStatus]' on Pod 'test-hivemq-platform-0' (exit code: 0)
2025-01-30 18:46:08,616 INFO c.h.h.t.HelmChartContainer - [test-hivemq-platform] [hivemq] [bcfbd7c9] INFO  - [HiveMQ Platform Operator Init App 1.7.0-SNAPSHOT] Waiting for extension ConfigMap sync (expected hash: 1345074856) (current hash: -560465444)
2025-01-30 18:46:09,482 INFO c.h.h.t.HelmChartContainer - [hivemq-test-hivemq-platform] [hivemq-platform-operator] [fe86da9e] 18:46:09.479 [pool-6-thread-18] DEBUG c.h.p.o.d.PlatformServiceResource - [helmpods] Desired Platform services (3 services)
2025-01-30 18:46:09,482 INFO c.h.h.t.HelmChartContainer - [hivemq-test-hivemq-platform] [hivemq-platform-operator] [fe86da9e] 18:46:09.480 [pool-6-thread-15] DEBUG c.h.p.o.dependants.PodInfoConfigMap - [helmpods] Desired PodInfo ConfigMap (1 extensions) (1 enabled)
2025-01-30 18:46:09,482 INFO c.h.h.t.HelmChartContainer - [hivemq-test-hivemq-platform] [hivemq-platform-operator] [fe86da9e] 18:46:09.480 [pool-6-thread-15] DEBUG c.h.p.o.dependants.PodInfoConfigMap - [helmpods] Desired PodInfo ConfigMap (metrics port: 9399) (metrics path: /)
2025-01-30 18:46:09,482 INFO c.h.h.t.HelmChartContainer - [hivemq-test-hivemq-platform] [hivemq-platform-operator] [fe86da9e] 18:46:09.480 [pool-6-thread-15] DEBUG c.h.p.o.dependants.PodInfoConfigMap - [helmpods] Desired PodInfo ConfigMap (extension state hash: 1345074856)
2025-01-30 18:46:09,482 INFO c.h.h.t.HelmChartContainer - [hivemq-test-hivemq-platform] [hivemq-platform-operator] [fe86da9e] 18:46:09.480 [pool-6-thread-19] DEBUG c.h.p.o.d.PodServiceAccountResource - [helmpods] Desired PodServiceAccountResource (serviceAccountName: hivemq-platform-pod-test-hivemq-platform)
2025-01-30 18:46:09,486 INFO c.h.h.t.HelmChartContainer - [hivemq-test-hivemq-platform] [hivemq-platform-operator] [fe86da9e] 18:46:09.484 [pool-6-thread-18] DEBUG c.h.p.o.d.StatefulSetResource - [helmpods] Desired StatefulSet (1 replicas) for status RESTART_EXTENSIONS (WAIT_FOR_EXTENSION_RESTART)
2025-01-30 18:46:09,488 INFO c.h.h.t.HelmChartContainer - [hivemq-test-hivemq-platform] [hivemq-platform-operator] [fe86da9e] 18:46:09.487 [ReconcilerExecutor-hivemq-controller-126] INFO  c.h.p.o.HiveMQPlatformReconciler - [helmpods] Reconciling HiveMQ Platform 'test-hivemq-platform' in namespace 'helmpodsecuritycontextupgradeextensionit'
2025-01-30 18:46:09,489 INFO c.h.h.t.HelmChartContainer - [hivemq-test-hivemq-platform] [hivemq-platform-operator] [fe86da9e] 18:46:09.488 [ReconcilerExecutor-hivemq-controller-126] DEBUG c.h.p.o.HiveMQPlatformReconciler - [helmpods] Custom Resource Status RESTART_EXTENSIONS - HiveMQ Platform is waiting for extension restart (hivemq-distributed-tracing-extension) (WAIT_FOR_EXTENSION_RESTART)
2025-01-30 18:46:09,489 INFO c.h.h.t.HelmChartContainer - [hivemq-test-hivemq-platform] [hivemq-platform-operator] [fe86da9e] 18:46:09.488 [ReconcilerExecutor-hivemq-controller-126] DEBUG c.h.p.o.HiveMQPlatformReconciler - [helmpods] Custom Resource Spec (replicas: 1) (extensions: 1)
2025-01-30 18:46:09,491 INFO c.h.h.t.HelmChartContainer - [hivemq-test-hivemq-platform] [hivemq-platform-operator] [fe86da9e] 18:46:09.489 [ReconcilerExecutor-hivemq-controller-126] DEBUG c.h.p.o.HiveMQPlatformReconciler - [helmpods] StatefulSet Status (revision: test-hivemq-platform-6778d7488d, replicas: 1, available: 1, ready: 1, current: 1, updated: 1)
2025-01-30 18:46:09,491 INFO c.h.h.t.HelmChartContainer - [hivemq-test-hivemq-platform] [hivemq-platform-operator] [fe86da9e] 18:46:09.489 [ReconcilerExecutor-hivemq-controller-126] DEBUG c.h.p.o.HiveMQPlatformReconciler - [helmpods] StatefulSet Spec (replicas: 1, init containers: 1, containers: 1, volumes: 4)
2025-01-30 18:46:09,491 INFO c.h.h.t.HelmChartContainer - [hivemq-test-hivemq-platform] [hivemq-platform-operator] [fe86da9e] 18:46:09.490 [ReconcilerExecutor-hivemq-controller-126] DEBUG c.h.p.o.h.HiveMQPlatformReconcilerErrorHandler - [helmpods] Pod 'test-hivemq-platform-0' phase Running
2025-01-30 18:46:09,492 INFO c.h.h.t.HelmChartContainer - [hivemq-test-hivemq-platform] [hivemq-platform-operator] [fe86da9e] 18:46:09.491 [ReconcilerExecutor-hivemq-controller-126] INFO  c.h.p.o.h.HiveMQPlatformReconcilerRestartExtensionsHandler - [helmpods] Extension update on Pod 'test-hivemq-platform-0' is still pending
2025-01-30 18:46:09,617 INFO c.h.h.t.HelmChartContainer - [test-hivemq-platform] [hivemq] [bcfbd7c9] INFO  - [HiveMQ Platform Operator Init App 1.7.0-SNAPSHOT] Waiting for extension ConfigMap sync (expected hash: 1345074856) (current hash: -560465444)
2025-01-30 18:46:10,617 INFO c.h.h.t.HelmChartContainer - [test-hivemq-platform] [hivemq] [bcfbd7c9] INFO  - [HiveMQ Platform Operator Init App 1.7.0-SNAPSHOT] Waiting for extension ConfigMap sync (expected hash: 1345074856) (current hash: -560465444)
2025-01-30 18:46:11,617 INFO c.h.h.t.HelmChartContainer - [test-hivemq-platform] [hivemq] [bcfbd7c9] INFO  - [HiveMQ Platform Operator Init App 1.7.0-SNAPSHOT] Waiting for extension ConfigMap sync (expected hash: 1345074856) (current hash: -560465444)
2025-01-30 18:46:12,618 INFO c.h.h.t.HelmChartContainer - [test-hivemq-platform] [hivemq] [bcfbd7c9] INFO  - [HiveMQ Platform Operator Init App 1.7.0-SNAPSHOT] Waiting for extension ConfigMap sync (expected hash: 1345074856) (current hash: -560465444)
2025-01-30 18:46:13,618 INFO c.h.h.t.HelmChartContainer - [test-hivemq-platform] [hivemq] [bcfbd7c9] INFO  - [HiveMQ Platform Operator Init App 1.7.0-SNAPSHOT] Waiting for extension ConfigMap sync (expected hash: 1345074856) (current hash: -560465444)
2025-01-30 18:46:14,619 INFO c.h.h.t.HelmChartContainer - [test-hivemq-platform] [hivemq] [bcfbd7c9] INFO  - [HiveMQ Platform Operator Init App 1.7.0-SNAPSHOT] Waiting for extension ConfigMap sync (expected hash: 1345074856) (current hash: -560465444)
2025-01-30 18:46:15,619 INFO c.h.h.t.HelmChartContainer - [test-hivemq-platform] [hivemq] [bcfbd7c9] INFO  - [HiveMQ Platform Operator Init App 1.7.0-SNAPSHOT] Waiting for extension ConfigMap sync (expected hash: 1345074856) (current hash: -560465444)
2025-01-30 18:46:16,620 INFO c.h.h.t.HelmChartContainer - [test-hivemq-platform] [hivemq] [bcfbd7c9] INFO  - [HiveMQ Platform Operator Init App 1.7.0-SNAPSHOT] Waiting for extension ConfigMap sync (expected hash: 1345074856) (current hash: -560465444)
2025-01-30 18:46:17,620 INFO c.h.h.t.HelmChartContainer - [test-hivemq-platform] [hivemq] [bcfbd7c9] INFO  - [HiveMQ Platform Operator Init App 1.7.0-SNAPSHOT] Waiting for extension ConfigMap sync (expected hash: 1345074856) (current hash: -560465444)
2025-01-30 18:46:18,621 INFO c.h.h.t.HelmChartContainer - [test-hivemq-platform] [hivemq] [bcfbd7c9] INFO  - [HiveMQ Platform Operator Init App 1.7.0-SNAPSHOT] Waiting for extension ConfigMap sync (expected hash: 1345074856) (current hash: -560465444)
2025-01-30 18:46:19,494 INFO c.h.h.t.HelmChartContainer - [hivemq-test-hivemq-platform] [hivemq-platform-operator] [fe86da9e] 18:46:19.493 [pool-6-thread-30] DEBUG c.h.p.o.d.PlatformServiceResource - [helmpods] Desired Platform services (3 services)
2025-01-30 18:46:19,495 INFO c.h.h.t.HelmChartContainer - [hivemq-test-hivemq-platform] [hivemq-platform-operator] [fe86da9e] 18:46:19.494 [pool-6-thread-29] DEBUG c.h.p.o.d.PodServiceAccountResource - [helmpods] Desired PodServiceAccountResource (serviceAccountName: hivemq-platform-pod-test-hivemq-platform)
2025-01-30 18:46:19,496 INFO c.h.h.t.HelmChartContainer - [hivemq-test-hivemq-platform] [hivemq-platform-operator] [fe86da9e] 18:46:19.495 [pool-6-thread-26] DEBUG c.h.p.o.dependants.PodInfoConfigMap - [helmpods] Desired PodInfo ConfigMap (1 extensions) (1 enabled)
2025-01-30 18:46:19,496 INFO c.h.h.t.HelmChartContainer - [hivemq-test-hivemq-platform] [hivemq-platform-operator] [fe86da9e] 18:46:19.495 [pool-6-thread-26] DEBUG c.h.p.o.dependants.PodInfoConfigMap - [helmpods] Desired PodInfo ConfigMap (metrics port: 9399) (metrics path: /)
2025-01-30 18:46:19,496 INFO c.h.h.t.HelmChartContainer - [hivemq-test-hivemq-platform] [hivemq-platform-operator] [fe86da9e] 18:46:19.495 [pool-6-thread-26] DEBUG c.h.p.o.dependants.PodInfoConfigMap - [helmpods] Desired PodInfo ConfigMap (extension state hash: 1345074856)
2025-01-30 18:46:19,500 INFO c.h.h.t.HelmChartContainer - [hivemq-test-hivemq-platform] [hivemq-platform-operator] [fe86da9e] 18:46:19.499 [pool-6-thread-30] DEBUG c.h.p.o.d.StatefulSetResource - [helmpods] Desired StatefulSet (1 replicas) for status RESTART_EXTENSIONS (WAIT_FOR_EXTENSION_RESTART)
2025-01-30 18:46:19,504 INFO c.h.h.t.HelmChartContainer - [hivemq-test-hivemq-platform] [hivemq-platform-operator] [fe86da9e] 18:46:19.502 [ReconcilerExecutor-hivemq-controller-127] INFO  c.h.p.o.HiveMQPlatformReconciler - [helmpods] Reconciling HiveMQ Platform 'test-hivemq-platform' in namespace 'helmpodsecuritycontextupgradeextensionit'
2025-01-30 18:46:19,504 INFO c.h.h.t.HelmChartContainer - [hivemq-test-hivemq-platform] [hivemq-platform-operator] [fe86da9e] 18:46:19.502 [ReconcilerExecutor-hivemq-controller-127] DEBUG c.h.p.o.HiveMQPlatformReconciler - [helmpods] Custom Resource Status RESTART_EXTENSIONS - HiveMQ Platform is waiting for extension restart (hivemq-distributed-tracing-extension) (WAIT_FOR_EXTENSION_RESTART)
2025-01-30 18:46:19,504 INFO c.h.h.t.HelmChartContainer - [hivemq-test-hivemq-platform] [hivemq-platform-operator] [fe86da9e] 18:46:19.502 [ReconcilerExecutor-hivemq-controller-127] DEBUG c.h.p.o.HiveMQPlatformReconciler - [helmpods] Custom Resource Spec (replicas: 1) (extensions: 1)
2025-01-30 18:46:19,505 INFO c.h.h.t.HelmChartContainer - [hivemq-test-hivemq-platform] [hivemq-platform-operator] [fe86da9e] 18:46:19.504 [ReconcilerExecutor-hivemq-controller-127] DEBUG c.h.p.o.HiveMQPlatformReconciler - [helmpods] StatefulSet Status (revision: test-hivemq-platform-6778d7488d, replicas: 1, available: 1, ready: 1, current: 1, updated: 1)
2025-01-30 18:46:19,505 INFO c.h.h.t.HelmChartContainer - [hivemq-test-hivemq-platform] [hivemq-platform-operator] [fe86da9e] 18:46:19.504 [ReconcilerExecutor-hivemq-controller-127] DEBUG c.h.p.o.HiveMQPlatformReconciler - [helmpods] StatefulSet Spec (replicas: 1, init containers: 1, containers: 1, volumes: 4)
2025-01-30 18:46:19,506 INFO c.h.h.t.HelmChartContainer - [hivemq-test-hivemq-platform] [hivemq-platform-operator] [fe86da9e] 18:46:19.505 [ReconcilerExecutor-hivemq-controller-127] DEBUG c.h.p.o.h.HiveMQPlatformReconcilerErrorHandler - [helmpods] Pod 'test-hivemq-platform-0' phase Running
2025-01-30 18:46:19,514 INFO c.h.h.t.HelmChartContainer - [hivemq-test-hivemq-platform] [hivemq-platform-operator] [fe86da9e] 18:46:19.513 [ReconcilerExecutor-hivemq-controller-127] DEBUG c.h.p.o.h.HiveMQPlatformReconcilerRestartExtensionsHandler - [helmpods] Checking update extension status on Pod 'test-hivemq-platform-0'
2025-01-30 18:46:19,598 INFO c.h.h.t.HelmChartContainer - [test-hivemq-platform] [hivemq] [bcfbd7c9] INFO  - [HiveMQ Platform Operator Init App 1.7.0-SNAPSHOT] Extension update is pending (0 errors)
2025-01-30 18:46:19,602 INFO c.h.h.t.HelmChartContainer - [hivemq-test-hivemq-platform] [hivemq-platform-operator] [fe86da9e] 18:46:19.601 [vert.x-eventloop-thread-0] DEBUG c.h.platform.operator.util.PodUtil - Received status for command '[curl, -s, http://10.42.0.8:7979/updateExtensionStatus]' on Pod 'test-hivemq-platform-0' (exit code: 0)
2025-01-30 18:46:19,621 INFO c.h.h.t.HelmChartContainer - [test-hivemq-platform] [hivemq] [bcfbd7c9] INFO  - [HiveMQ Platform Operator Init App 1.7.0-SNAPSHOT] Waiting for extension ConfigMap sync (expected hash: 1345074856) (current hash: -560465444)
2025-01-30 18:46:20,579 INFO c.h.h.t.HelmChartContainer - [hivemq-test-hivemq-platform] [hivemq-platform-operator] [fe86da9e] 18:46:20.577 [pool-6-thread-33] DEBUG c.h.p.o.d.PlatformServiceResource - [helmpods] Desired Platform services (3 services)
2025-01-30 18:46:20,581 INFO c.h.h.t.HelmChartContainer - [hivemq-test-hivemq-platform] [hivemq-platform-operator] [fe86da9e] 18:46:20.578 [pool-6-thread-34] DEBUG c.h.p.o.d.PodServiceAccountResource - [helmpods] Desired PodServiceAccountResource (serviceAccountName: hivemq-platform-pod-test-hivemq-platform)
2025-01-30 18:46:20,581 INFO c.h.h.t.HelmChartContainer - [hivemq-test-hivemq-platform] [hivemq-platform-operator] [fe86da9e] 18:46:20.580 [pool-6-thread-39] DEBUG c.h.p.o.dependants.PodInfoConfigMap - [helmpods] Desired PodInfo ConfigMap (1 extensions) (1 enabled)
2025-01-30 18:46:20,582 INFO c.h.h.t.HelmChartContainer - [hivemq-test-hivemq-platform] [hivemq-platform-operator] [fe86da9e] 18:46:20.581 [pool-6-thread-39] DEBUG c.h.p.o.dependants.PodInfoConfigMap - [helmpods] Desired PodInfo ConfigMap (metrics port: 9399) (metrics path: /)
2025-01-30 18:46:20,582 INFO c.h.h.t.HelmChartContainer - [hivemq-test-hivemq-platform] [hivemq-platform-operator] [fe86da9e] 18:46:20.581 [pool-6-thread-39] DEBUG c.h.p.o.dependants.PodInfoConfigMap - [helmpods] Desired PodInfo ConfigMap (extension state hash: 1345074856)
2025-01-30 18:46:20,583 INFO c.h.h.t.HelmChartContainer - [hivemq-test-hivemq-platform] [hivemq-platform-operator] [fe86da9e] 18:46:20.582 [pool-6-thread-39] DEBUG c.h.p.o.d.StatefulSetResource - [helmpods] Desired StatefulSet (1 replicas) for status RESTART_EXTENSIONS (WAIT_FOR_EXTENSION_RESTART)
2025-01-30 18:46:20,587 INFO c.h.h.t.HelmChartContainer - [hivemq-test-hivemq-platform] [hivemq-platform-operator] [fe86da9e] 18:46:20.585 [ReconcilerExecutor-hivemq-controller-128] INFO  c.h.p.o.HiveMQPlatformReconciler - [helmpods] Reconciling HiveMQ Platform 'test-hivemq-platform' in namespace 'helmpodsecuritycontextupgradeextensionit'
2025-01-30 18:46:20,587 INFO c.h.h.t.HelmChartContainer - [hivemq-test-hivemq-platform] [hivemq-platform-operator] [fe86da9e] 18:46:20.585 [ReconcilerExecutor-hivemq-controller-128] DEBUG c.h.p.o.HiveMQPlatformReconciler - [helmpods] Custom Resource Status RESTART_EXTENSIONS - HiveMQ Platform is waiting for extension restart (hivemq-distributed-tracing-extension) (WAIT_FOR_EXTENSION_RESTART)
2025-01-30 18:46:20,587 INFO c.h.h.t.HelmChartContainer - [hivemq-test-hivemq-platform] [hivemq-platform-operator] [fe86da9e] 18:46:20.585 [ReconcilerExecutor-hivemq-controller-128] DEBUG c.h.p.o.HiveMQPlatformReconciler - [helmpods] Custom Resource Spec (replicas: 1) (extensions: 1)
2025-01-30 18:46:20,588 INFO c.h.h.t.HelmChartContainer - [hivemq-test-hivemq-platform] [hivemq-platform-operator] [fe86da9e] 18:46:20.587 [ReconcilerExecutor-hivemq-controller-128] DEBUG c.h.p.o.HiveMQPlatformReconciler - [helmpods] StatefulSet Status (revision: test-hivemq-platform-6778d7488d, replicas: 1, available: 1, ready: 1, current: 1, updated: 1)
2025-01-30 18:46:20,588 INFO c.h.h.t.HelmChartContainer - [hivemq-test-hivemq-platform] [hivemq-platform-operator] [fe86da9e] 18:46:20.587 [ReconcilerExecutor-hivemq-controller-128] DEBUG c.h.p.o.HiveMQPlatformReconciler - [helmpods] StatefulSet Spec (replicas: 1, init containers: 1, containers: 1, volumes: 4)
2025-01-30 18:46:20,589 INFO c.h.h.t.HelmChartContainer - [hivemq-test-hivemq-platform] [hivemq-platform-operator] [fe86da9e] 18:46:20.588 [ReconcilerExecutor-hivemq-controller-128] DEBUG c.h.p.o.h.HiveMQPlatformReconcilerErrorHandler - [helmpods] Pod 'test-hivemq-platform-0' phase Running
2025-01-30 18:46:20,589 INFO c.h.h.t.HelmChartContainer - [hivemq-test-hivemq-platform] [hivemq-platform-operator] [fe86da9e] 18:46:20.589 [ReconcilerExecutor-hivemq-controller-128] INFO  c.h.p.o.h.HiveMQPlatformReconcilerRestartExtensionsHandler - [helmpods] Extension update on Pod 'test-hivemq-platform-0' is still pending
2025-01-30 18:46:20,621 INFO c.h.h.t.HelmChartContainer - [test-hivemq-platform] [hivemq] [bcfbd7c9] INFO  - [HiveMQ Platform Operator Init App 1.7.0-SNAPSHOT] Waiting for extension ConfigMap sync (expected hash: 1345074856) (current hash: -560465444)
2025-01-30 18:46:21,622 INFO c.h.h.t.HelmChartContainer - [test-hivemq-platform] [hivemq] [bcfbd7c9] INFO  - [HiveMQ Platform Operator Init App 1.7.0-SNAPSHOT] Waiting for extension ConfigMap sync (expected hash: 1345074856) (current hash: -560465444)
2025-01-30 18:46:22,622 INFO c.h.h.t.HelmChartContainer - [test-hivemq-platform] [hivemq] [bcfbd7c9] INFO  - [HiveMQ Platform Operator Init App 1.7.0-SNAPSHOT] Waiting for extension ConfigMap sync (expected hash: 1345074856) (current hash: -560465444)
2025-01-30 18:46:23,623 INFO c.h.h.t.HelmChartContainer - [test-hivemq-platform] [hivemq] [bcfbd7c9] INFO  - [HiveMQ Platform Operator Init App 1.7.0-SNAPSHOT] Waiting for extension ConfigMap sync (expected hash: 1345074856) (current hash: -560465444)
2025-01-30 18:46:24,623 INFO c.h.h.t.HelmChartContainer - [test-hivemq-platform] [hivemq] [bcfbd7c9] INFO  - [HiveMQ Platform Operator Init App 1.7.0-SNAPSHOT] Waiting for extension ConfigMap sync (expected hash: 1345074856) (current hash: -560465444)
2025-01-30 18:46:25,623 INFO c.h.h.t.HelmChartContainer - [test-hivemq-platform] [hivemq] [bcfbd7c9] INFO  - [HiveMQ Platform Operator Init App 1.7.0-SNAPSHOT] Waiting for extension ConfigMap sync (expected hash: 1345074856) (current hash: -560465444)
2025-01-30 18:46:26,624 INFO c.h.h.t.HelmChartContainer - [test-hivemq-platform] [hivemq] [bcfbd7c9] INFO  - [HiveMQ Platform Operator Init App 1.7.0-SNAPSHOT] Waiting for extension ConfigMap sync (expected hash: 1345074856) (current hash: -560465444)
2025-01-30 18:46:27,624 INFO c.h.h.t.HelmChartContainer - [test-hivemq-platform] [hivemq] [bcfbd7c9] INFO  - [HiveMQ Platform Operator Init App 1.7.0-SNAPSHOT] Waiting for extension ConfigMap sync (expected hash: 1345074856) (current hash: -560465444)
2025-01-30 18:46:28,625 INFO c.h.h.t.HelmChartContainer - [test-hivemq-platform] [hivemq] [bcfbd7c9] INFO  - [HiveMQ Platform Operator Init App 1.7.0-SNAPSHOT] Waiting for extension ConfigMap sync (expected hash: 1345074856) (current hash: -560465444)
2025-01-30 18:46:29,625 INFO c.h.h.t.HelmChartContainer - [test-hivemq-platform] [hivemq] [bcfbd7c9] INFO  - [HiveMQ Platform Operator Init App 1.7.0-SNAPSHOT] Waiting for extension ConfigMap sync (expected hash: 1345074856) (current hash: -560465444)
2025-01-30 18:46:30,595 INFO c.h.h.t.HelmChartContainer - [hivemq-test-hivemq-platform] [hivemq-platform-operator] [fe86da9e] 18:46:30.591 [pool-6-thread-41] DEBUG c.h.p.o.d.PlatformServiceResource - [helmpods] Desired Platform services (3 services)
2025-01-30 18:46:30,595 INFO c.h.h.t.HelmChartContainer - [hivemq-test-hivemq-platform] [hivemq-platform-operator] [fe86da9e] 18:46:30.592 [pool-6-thread-50] DEBUG c.h.p.o.dependants.PodInfoConfigMap - [helmpods] Desired PodInfo ConfigMap (1 extensions) (1 enabled)
2025-01-30 18:46:30,595 INFO c.h.h.t.HelmChartContainer - [hivemq-test-hivemq-platform] [hivemq-platform-operator] [fe86da9e] 18:46:30.592 [pool-6-thread-50] DEBUG c.h.p.o.dependants.PodInfoConfigMap - [helmpods] Desired PodInfo ConfigMap (metrics port: 9399) (metrics path: /)
2025-01-30 18:46:30,595 INFO c.h.h.t.HelmChartContainer - [hivemq-test-hivemq-platform] [hivemq-platform-operator] [fe86da9e] 18:46:30.592 [pool-6-thread-50] DEBUG c.h.p.o.dependants.PodInfoConfigMap - [helmpods] Desired PodInfo ConfigMap (extension state hash: 1345074856)
2025-01-30 18:46:30,595 INFO c.h.h.t.HelmChartContainer - [hivemq-test-hivemq-platform] [hivemq-platform-operator] [fe86da9e] 18:46:30.593 [pool-6-thread-50] DEBUG c.h.p.o.d.PodServiceAccountResource - [helmpods] Desired PodServiceAccountResource (serviceAccountName: hivemq-platform-pod-test-hivemq-platform)
2025-01-30 18:46:30,598 INFO c.h.h.t.HelmChartContainer - [hivemq-test-hivemq-platform] [hivemq-platform-operator] [fe86da9e] 18:46:30.597 [pool-6-thread-41] DEBUG c.h.p.o.d.StatefulSetResource - [helmpods] Desired StatefulSet (1 replicas) for status RESTART_EXTENSIONS (WAIT_FOR_EXTENSION_RESTART)
2025-01-30 18:46:30,603 INFO c.h.h.t.HelmChartContainer - [hivemq-test-hivemq-platform] [hivemq-platform-operator] [fe86da9e] 18:46:30.600 [ReconcilerExecutor-hivemq-controller-129] INFO  c.h.p.o.HiveMQPlatformReconciler - [helmpods] Reconciling HiveMQ Platform 'test-hivemq-platform' in namespace 'helmpodsecuritycontextupgradeextensionit'
2025-01-30 18:46:30,603 INFO c.h.h.t.HelmChartContainer - [hivemq-test-hivemq-platform] [hivemq-platform-operator] [fe86da9e] 18:46:30.600 [ReconcilerExecutor-hivemq-controller-129] DEBUG c.h.p.o.HiveMQPlatformReconciler - [helmpods] Custom Resource Status RESTART_EXTENSIONS - HiveMQ Platform is waiting for extension restart (hivemq-distributed-tracing-extension) (WAIT_FOR_EXTENSION_RESTART)
2025-01-30 18:46:30,603 INFO c.h.h.t.HelmChartContainer - [hivemq-test-hivemq-platform] [hivemq-platform-operator] [fe86da9e] 18:46:30.600 [ReconcilerExecutor-hivemq-controller-129] DEBUG c.h.p.o.HiveMQPlatformReconciler - [helmpods] Custom Resource Spec (replicas: 1) (extensions: 1)
2025-01-30 18:46:30,603 INFO c.h.h.t.HelmChartContainer - [hivemq-test-hivemq-platform] [hivemq-platform-operator] [fe86da9e] 18:46:30.602 [ReconcilerExecutor-hivemq-controller-129] DEBUG c.h.p.o.HiveMQPlatformReconciler - [helmpods] StatefulSet Status (revision: test-hivemq-platform-6778d7488d, replicas: 1, available: 1, ready: 1, current: 1, updated: 1)
2025-01-30 18:46:30,603 INFO c.h.h.t.HelmChartContainer - [hivemq-test-hivemq-platform] [hivemq-platform-operator] [fe86da9e] 18:46:30.602 [ReconcilerExecutor-hivemq-controller-129] DEBUG c.h.p.o.HiveMQPlatformReconciler - [helmpods] StatefulSet Spec (replicas: 1, init containers: 1, containers: 1, volumes: 4)
2025-01-30 18:46:30,603 INFO c.h.h.t.HelmChartContainer - [hivemq-test-hivemq-platform] [hivemq-platform-operator] [fe86da9e] 18:46:30.603 [ReconcilerExecutor-hivemq-controller-129] DEBUG c.h.p.o.h.HiveMQPlatformReconcilerErrorHandler - [helmpods] Pod 'test-hivemq-platform-0' phase Running
2025-01-30 18:46:30,626 INFO c.h.h.t.HelmChartContainer - [test-hivemq-platform] [hivemq] [bcfbd7c9] INFO  - [HiveMQ Platform Operator Init App 1.7.0-SNAPSHOT] Waiting for extension ConfigMap sync (expected hash: 1345074856) (current hash: -560465444)
2025-01-30 18:46:30,657 INFO c.h.h.t.HelmChartContainer - [hivemq-test-hivemq-platform] [hivemq-platform-operator] [fe86da9e] 18:46:30.655 [ReconcilerExecutor-hivemq-controller-129] DEBUG c.h.p.o.h.HiveMQPlatformReconcilerRestartExtensionsHandler - [helmpods] Checking update extension status on Pod 'test-hivemq-platform-0'
2025-01-30 18:46:30,705 INFO c.h.h.t.HelmChartContainer - [test-hivemq-platform] [hivemq] [bcfbd7c9] INFO  - [HiveMQ Platform Operator Init App 1.7.0-SNAPSHOT] Extension update is pending (0 errors)
2025-01-30 18:46:30,709 INFO c.h.h.t.HelmChartContainer - [hivemq-test-hivemq-platform] [hivemq-platform-operator] [fe86da9e] 18:46:30.708 [vert.x-eventloop-thread-1] DEBUG c.h.platform.operator.util.PodUtil - Received status for command '[curl, -s, http://10.42.0.8:7979/updateExtensionStatus]' on Pod 'test-hivemq-platform-0' (exit code: 0)
2025-01-30 18:46:31,626 INFO c.h.h.t.HelmChartContainer - [test-hivemq-platform] [hivemq] [bcfbd7c9] INFO  - [HiveMQ Platform Operator Init App 1.7.0-SNAPSHOT] Waiting for extension ConfigMap sync (expected hash: 1345074856) (current hash: 1345074856)
2025-01-30 18:46:31,627 INFO c.h.h.t.HelmChartContainer - [test-hivemq-platform] [hivemq] [bcfbd7c9] INFO  - [HiveMQ Platform Operator Init App 1.7.0-SNAPSHOT] Updating HiveMQ Platform extension: hivemq-distributed-tracing-extension
2025-01-30 18:46:31,627 INFO c.h.h.t.HelmChartContainer - [test-hivemq-platform] [hivemq] [bcfbd7c9] INFO  - [HiveMQ Platform Operator Init App 1.7.0-SNAPSHOT] Updating preinstalled extension hivemq-distributed-tracing-extension
2025-01-30 18:46:31,688 INFO c.h.h.t.HelmChartContainer - [hivemq-test-hivemq-platform] [hivemq-platform-operator] [fe86da9e] 18:46:31.685 [pool-6-thread-4] DEBUG c.h.p.o.d.PlatformServiceResource - [helmpods] Desired Platform services (3 services)
2025-01-30 18:46:31,688 INFO c.h.h.t.HelmChartContainer - [hivemq-test-hivemq-platform] [hivemq-platform-operator] [fe86da9e] 18:46:31.686 [pool-6-thread-3] DEBUG c.h.p.o.dependants.PodInfoConfigMap - [helmpods] Desired PodInfo ConfigMap (1 extensions) (1 enabled)
2025-01-30 18:46:31,688 INFO c.h.h.t.HelmChartContainer - [hivemq-test-hivemq-platform] [hivemq-platform-operator] [fe86da9e] 18:46:31.686 [pool-6-thread-3] DEBUG c.h.p.o.dependants.PodInfoConfigMap - [helmpods] Desired PodInfo ConfigMap (metrics port: 9399) (metrics path: /)
2025-01-30 18:46:31,689 INFO c.h.h.t.HelmChartContainer - [hivemq-test-hivemq-platform] [hivemq-platform-operator] [fe86da9e] 18:46:31.686 [pool-6-thread-3] DEBUG c.h.p.o.dependants.PodInfoConfigMap - [helmpods] Desired PodInfo ConfigMap (extension state hash: 1345074856)
2025-01-30 18:46:31,689 INFO c.h.h.t.HelmChartContainer - [hivemq-test-hivemq-platform] [hivemq-platform-operator] [fe86da9e] 18:46:31.686 [pool-6-thread-7] DEBUG c.h.p.o.d.PodServiceAccountResource - [helmpods] Desired PodServiceAccountResource (serviceAccountName: hivemq-platform-pod-test-hivemq-platform)
2025-01-30 18:46:31,690 INFO c.h.h.t.HelmChartContainer - [hivemq-test-hivemq-platform] [hivemq-platform-operator] [fe86da9e] 18:46:31.689 [pool-6-thread-4] DEBUG c.h.p.o.d.StatefulSetResource - [helmpods] Desired StatefulSet (1 replicas) for status RESTART_EXTENSIONS (WAIT_FOR_EXTENSION_RESTART)
2025-01-30 18:46:31,692 INFO c.h.h.t.HelmChartContainer - [hivemq-test-hivemq-platform] [hivemq-platform-operator] [fe86da9e] 18:46:31.692 [ReconcilerExecutor-hivemq-controller-130] INFO  c.h.p.o.HiveMQPlatformReconciler - [helmpods] Reconciling HiveMQ Platform 'test-hivemq-platform' in namespace 'helmpodsecuritycontextupgradeextensionit'
2025-01-30 18:46:31,693 INFO c.h.h.t.HelmChartContainer - [hivemq-test-hivemq-platform] [hivemq-platform-operator] [fe86da9e] 18:46:31.692 [ReconcilerExecutor-hivemq-controller-130] DEBUG c.h.p.o.HiveMQPlatformReconciler - [helmpods] Custom Resource Status RESTART_EXTENSIONS - HiveMQ Platform is waiting for extension restart (hivemq-distributed-tracing-extension) (WAIT_FOR_EXTENSION_RESTART)
2025-01-30 18:46:31,693 INFO c.h.h.t.HelmChartContainer - [hivemq-test-hivemq-platform] [hivemq-platform-operator] [fe86da9e] 18:46:31.692 [ReconcilerExecutor-hivemq-controller-130] DEBUG c.h.p.o.HiveMQPlatformReconciler - [helmpods] Custom Resource Spec (replicas: 1) (extensions: 1)
2025-01-30 18:46:31,694 INFO c.h.h.t.HelmChartContainer - [hivemq-test-hivemq-platform] [hivemq-platform-operator] [fe86da9e] 18:46:31.693 [ReconcilerExecutor-hivemq-controller-130] DEBUG c.h.p.o.HiveMQPlatformReconciler - [helmpods] StatefulSet Status (revision: test-hivemq-platform-6778d7488d, replicas: 1, available: 1, ready: 1, current: 1, updated: 1)
2025-01-30 18:46:31,694 INFO c.h.h.t.HelmChartContainer - [hivemq-test-hivemq-platform] [hivemq-platform-operator] [fe86da9e] 18:46:31.693 [ReconcilerExecutor-hivemq-controller-130] DEBUG c.h.p.o.HiveMQPlatformReconciler - [helmpods] StatefulSet Spec (replicas: 1, init containers: 1, containers: 1, volumes: 4)
2025-01-30 18:46:31,695 INFO c.h.h.t.HelmChartContainer - [hivemq-test-hivemq-platform] [hivemq-platform-operator] [fe86da9e] 18:46:31.694 [ReconcilerExecutor-hivemq-controller-130] DEBUG c.h.p.o.h.HiveMQPlatformReconcilerErrorHandler - [helmpods] Pod 'test-hivemq-platform-0' phase Running
2025-01-30 18:46:31,696 INFO c.h.h.t.HelmChartContainer - [hivemq-test-hivemq-platform] [hivemq-platform-operator] [fe86da9e] 18:46:31.695 [ReconcilerExecutor-hivemq-controller-130] INFO  c.h.p.o.h.HiveMQPlatformReconcilerRestartExtensionsHandler - [helmpods] Extension update on Pod 'test-hivemq-platform-0' is still pending
2025-01-30 18:46:31,919 INFO c.h.h.t.HelmChartContainer - [test-hivemq-platform] [hivemq] [bcfbd7c9] INFO  - [HiveMQ Platform Operator Init App 1.7.0-SNAPSHOT] Successfully updated extension hivemq-distributed-tracing-extension
2025-01-30 18:46:34,334 INFO c.h.h.t.HelmChartContainer - [test-hivemq-platform] [hivemq] [bcfbd7c9] INFO  - HiveMQ Enterprise Distributed Tracing Extension: Configured OTLP HTTP/protobuf exporter 'my-otlp-grpc-exporter'.
2025-01-30 18:46:34,341 INFO c.h.h.t.HelmChartContainer - [test-hivemq-platform] [hivemq] [bcfbd7c9] INFO  - HiveMQ Enterprise Distributed Tracing Extension: Configured W3C trace propagation.
2025-01-30 18:46:34,342 INFO c.h.h.t.HelmChartContainer - [test-hivemq-platform] [hivemq] [bcfbd7c9] INFO  - HiveMQ Enterprise Distributed Tracing Extension: Successfully updated configuration from '/opt/hivemq/extensions/hivemq-distributed-tracing-extension/conf/config.xml'.
2025-01-30 18:46:34,342 INFO c.h.h.testcontainer.LogWaiterUtil - TEST Found log pattern on 'test-hivemq-platform-0': .*HiveMQ Enterprise Distributed Tracing Extension: Successfully updated configuration from '/opt/hivemq/extensions/hivemq-distributed-tracing-extension/conf/config.xml'.
2025-01-30 18:46:41,702 INFO c.h.h.t.HelmChartContainer - [hivemq-test-hivemq-platform] [hivemq-platform-operator] [fe86da9e] 18:46:41.698 [pool-6-thread-19] DEBUG c.h.p.o.d.PlatformServiceResource - [helmpods] Desired Platform services (3 services)
2025-01-30 18:46:41,702 INFO c.h.h.t.HelmChartContainer - [hivemq-test-hivemq-platform] [hivemq-platform-operator] [fe86da9e] 18:46:41.699 [pool-6-thread-20] DEBUG c.h.p.o.d.PodServiceAccountResource - [helmpods] Desired PodServiceAccountResource (serviceAccountName: hivemq-platform-pod-test-hivemq-platform)
2025-01-30 18:46:41,702 INFO c.h.h.t.HelmChartContainer - [hivemq-test-hivemq-platform] [hivemq-platform-operator] [fe86da9e] 18:46:41.699 [pool-6-thread-13] DEBUG c.h.p.o.dependants.PodInfoConfigMap - [helmpods] Desired PodInfo ConfigMap (1 extensions) (1 enabled)
2025-01-30 18:46:41,702 INFO c.h.h.t.HelmChartContainer - [hivemq-test-hivemq-platform] [hivemq-platform-operator] [fe86da9e] 18:46:41.699 [pool-6-thread-13] DEBUG c.h.p.o.dependants.PodInfoConfigMap - [helmpods] Desired PodInfo ConfigMap (metrics port: 9399) (metrics path: /)
2025-01-30 18:46:41,702 INFO c.h.h.t.HelmChartContainer - [hivemq-test-hivemq-platform] [hivemq-platform-operator] [fe86da9e] 18:46:41.699 [pool-6-thread-13] DEBUG c.h.p.o.dependants.PodInfoConfigMap - [helmpods] Desired PodInfo ConfigMap (extension state hash: 1345074856)
2025-01-30 18:46:41,703 INFO c.h.h.t.HelmChartContainer - [hivemq-test-hivemq-platform] [hivemq-platform-operator] [fe86da9e] 18:46:41.702 [pool-6-thread-19] DEBUG c.h.p.o.d.StatefulSetResource - [helmpods] Desired StatefulSet (1 replicas) for status RESTART_EXTENSIONS (WAIT_FOR_EXTENSION_RESTART)
2025-01-30 18:46:41,706 INFO c.h.h.t.HelmChartContainer - [hivemq-test-hivemq-platform] [hivemq-platform-operator] [fe86da9e] 18:46:41.705 [ReconcilerExecutor-hivemq-controller-131] INFO  c.h.p.o.HiveMQPlatformReconciler - [helmpods] Reconciling HiveMQ Platform 'test-hivemq-platform' in namespace 'helmpodsecuritycontextupgradeextensionit'
2025-01-30 18:46:41,706 INFO c.h.h.t.HelmChartContainer - [hivemq-test-hivemq-platform] [hivemq-platform-operator] [fe86da9e] 18:46:41.705 [ReconcilerExecutor-hivemq-controller-131] DEBUG c.h.p.o.HiveMQPlatformReconciler - [helmpods] Custom Resource Status RESTART_EXTENSIONS - HiveMQ Platform is waiting for extension restart (hivemq-distributed-tracing-extension) (WAIT_FOR_EXTENSION_RESTART)
2025-01-30 18:46:41,706 INFO c.h.h.t.HelmChartContainer - [hivemq-test-hivemq-platform] [hivemq-platform-operator] [fe86da9e] 18:46:41.705 [ReconcilerExecutor-hivemq-controller-131] DEBUG c.h.p.o.HiveMQPlatformReconciler - [helmpods] Custom Resource Spec (replicas: 1) (extensions: 1)
2025-01-30 18:46:41,709 INFO c.h.h.t.HelmChartContainer - [hivemq-test-hivemq-platform] [hivemq-platform-operator] [fe86da9e] 18:46:41.708 [ReconcilerExecutor-hivemq-controller-131] DEBUG c.h.p.o.HiveMQPlatformReconciler - [helmpods] StatefulSet Status (revision: test-hivemq-platform-6778d7488d, replicas: 1, available: 1, ready: 1, current: 1, updated: 1)
2025-01-30 18:46:41,710 INFO c.h.h.t.HelmChartContainer - [hivemq-test-hivemq-platform] [hivemq-platform-operator] [fe86da9e] 18:46:41.708 [ReconcilerExecutor-hivemq-controller-131] DEBUG c.h.p.o.HiveMQPlatformReconciler - [helmpods] StatefulSet Spec (replicas: 1, init containers: 1, containers: 1, volumes: 4)
2025-01-30 18:46:41,711 INFO c.h.h.t.HelmChartContainer - [hivemq-test-hivemq-platform] [hivemq-platform-operator] [fe86da9e] 18:46:41.710 [ReconcilerExecutor-hivemq-controller-131] DEBUG c.h.p.o.h.HiveMQPlatformReconcilerErrorHandler - [helmpods] Pod 'test-hivemq-platform-0' phase Running
2025-01-30 18:46:41,716 INFO c.h.h.t.HelmChartContainer - [hivemq-test-hivemq-platform] [hivemq-platform-operator] [fe86da9e] 18:46:41.716 [ReconcilerExecutor-hivemq-controller-131] DEBUG c.h.p.o.h.HiveMQPlatformReconcilerRestartExtensionsHandler - [helmpods] Checking update extension status on Pod 'test-hivemq-platform-0'
2025-01-30 18:46:41,799 INFO c.h.h.t.HelmChartContainer - [test-hivemq-platform] [hivemq] [bcfbd7c9] INFO  - [HiveMQ Platform Operator Init App 1.7.0-SNAPSHOT] Extension update is done (0 errors)
2025-01-30 18:46:41,803 INFO c.h.h.t.HelmChartContainer - [hivemq-test-hivemq-platform] [hivemq-platform-operator] [fe86da9e] 18:46:41.802 [vert.x-eventloop-thread-0] DEBUG c.h.platform.operator.util.PodUtil - Received status for command '[curl, -s, http://10.42.0.8:7979/updateExtensionStatus]' on Pod 'test-hivemq-platform-0' (exit code: 0)
2025-01-30 18:46:42,780 INFO c.h.h.t.HelmChartContainer - [hivemq-test-hivemq-platform] [hivemq-platform-operator] [fe86da9e] 18:46:42.777 [pool-6-thread-21] DEBUG c.h.p.o.d.PlatformServiceResource - [helmpods] Desired Platform services (3 services)
2025-01-30 18:46:42,782 INFO c.h.h.t.HelmChartContainer - [hivemq-test-hivemq-platform] [hivemq-platform-operator] [fe86da9e] 18:46:42.777 [pool-6-thread-29] DEBUG c.h.p.o.dependants.PodInfoConfigMap - [helmpods] Desired PodInfo ConfigMap (1 extensions) (1 enabled)
2025-01-30 18:46:42,782 INFO c.h.h.t.HelmChartContainer - [hivemq-test-hivemq-platform] [hivemq-platform-operator] [fe86da9e] 18:46:42.777 [pool-6-thread-29] DEBUG c.h.p.o.dependants.PodInfoConfigMap - [helmpods] Desired PodInfo ConfigMap (metrics port: 9399) (metrics path: /)
2025-01-30 18:46:42,782 INFO c.h.h.t.HelmChartContainer - [hivemq-test-hivemq-platform] [hivemq-platform-operator] [fe86da9e] 18:46:42.777 [pool-6-thread-29] DEBUG c.h.p.o.dependants.PodInfoConfigMap - [helmpods] Desired PodInfo ConfigMap (extension state hash: 1345074856)
2025-01-30 18:46:42,782 INFO c.h.h.t.HelmChartContainer - [hivemq-test-hivemq-platform] [hivemq-platform-operator] [fe86da9e] 18:46:42.778 [pool-6-thread-29] DEBUG c.h.p.o.d.PodServiceAccountResource - [helmpods] Desired PodServiceAccountResource (serviceAccountName: hivemq-platform-pod-test-hivemq-platform)
2025-01-30 18:46:42,783 INFO c.h.h.t.HelmChartContainer - [hivemq-test-hivemq-platform] [hivemq-platform-operator] [fe86da9e] 18:46:42.781 [pool-6-thread-21] DEBUG c.h.p.o.d.StatefulSetResource - [helmpods] Desired StatefulSet (1 replicas) for status RESTART_EXTENSIONS (WAIT_FOR_EXTENSION_RESTART)
2025-01-30 18:46:42,785 INFO c.h.h.t.HelmChartContainer - [hivemq-test-hivemq-platform] [hivemq-platform-operator] [fe86da9e] 18:46:42.784 [ReconcilerExecutor-hivemq-controller-132] INFO  c.h.p.o.HiveMQPlatformReconciler - [helmpods] Reconciling HiveMQ Platform 'test-hivemq-platform' in namespace 'helmpodsecuritycontextupgradeextensionit'
2025-01-30 18:46:42,786 INFO c.h.h.t.HelmChartContainer - [hivemq-test-hivemq-platform] [hivemq-platform-operator] [fe86da9e] 18:46:42.784 [ReconcilerExecutor-hivemq-controller-132] DEBUG c.h.p.o.HiveMQPlatformReconciler - [helmpods] Custom Resource Status RESTART_EXTENSIONS - HiveMQ Platform is waiting for extension restart (hivemq-distributed-tracing-extension) (WAIT_FOR_EXTENSION_RESTART)
2025-01-30 18:46:42,786 INFO c.h.h.t.HelmChartContainer - [hivemq-test-hivemq-platform] [hivemq-platform-operator] [fe86da9e] 18:46:42.784 [ReconcilerExecutor-hivemq-controller-132] DEBUG c.h.p.o.HiveMQPlatformReconciler - [helmpods] Custom Resource Spec (replicas: 1) (extensions: 1)
2025-01-30 18:46:42,789 INFO c.h.h.t.HelmChartContainer - [hivemq-test-hivemq-platform] [hivemq-platform-operator] [fe86da9e] 18:46:42.785 [ReconcilerExecutor-hivemq-controller-132] DEBUG c.h.p.o.HiveMQPlatformReconciler - [helmpods] StatefulSet Status (revision: test-hivemq-platform-6778d7488d, replicas: 1, available: 1, ready: 1, current: 1, updated: 1)
2025-01-30 18:46:42,789 INFO c.h.h.t.HelmChartContainer - [hivemq-test-hivemq-platform] [hivemq-platform-operator] [fe86da9e] 18:46:42.785 [ReconcilerExecutor-hivemq-controller-132] DEBUG c.h.p.o.HiveMQPlatformReconciler - [helmpods] StatefulSet Spec (replicas: 1, init containers: 1, containers: 1, volumes: 4)
2025-01-30 18:46:42,789 INFO c.h.h.t.HelmChartContainer - [hivemq-test-hivemq-platform] [hivemq-platform-operator] [fe86da9e] 18:46:42.786 [ReconcilerExecutor-hivemq-controller-132] DEBUG c.h.p.o.h.HiveMQPlatformReconcilerErrorHandler - [helmpods] Pod 'test-hivemq-platform-0' phase Running
2025-01-30 18:46:42,789 INFO c.h.h.t.HelmChartContainer - [hivemq-test-hivemq-platform] [hivemq-platform-operator] [fe86da9e] 18:46:42.787 [ReconcilerExecutor-hivemq-controller-132] INFO  c.h.p.o.h.HiveMQPlatformReconcilerRestartExtensionsHandler - [helmpods] Successfully updated extensions on all Pods
2025-01-30 18:46:42,796 INFO c.h.h.t.HelmChartContainer - [EVENT] Normal [Ready] HiveMQ Platform is ready [helmpodsecuritycontextupgradeextensionit:test-hivemq-platform]
2025-01-30 18:46:42,857 INFO c.h.h.t.HelmChartContainer - [hivemq-test-hivemq-platform] [hivemq-platform-operator] [fe86da9e] 18:46:42.856 [ReconcilerExecutor-hivemq-controller-132] DEBUG c.h.p.operator.event.EventSender - [helmpods] Updating K8s event hivemq-platform-ready: [Ready] HiveMQ Platform is ready
2025-01-30 18:46:42,857 INFO c.h.h.t.HelmChartContainer - [hivemq-test-hivemq-platform] [hivemq-platform-operator] [fe86da9e] 18:46:42.856 [ReconcilerExecutor-hivemq-controller-132] INFO  c.h.p.o.h.AbstractHiveMQReconcilerStateHandler - [helmpods] Update HiveMQ Platform Status (RESTART_EXTENSIONS [WAIT_FOR_EXTENSION_RESTART] -> RUNNING [READY]): HiveMQ Platform is ready
2025-01-30 18:46:42,867 DEBUG com.hivemq.helmcharts.util.K8sUtil - Comparing actual state 'RUNNING' and waiting for 'RUNNING'
2025-01-30 18:46:44,869 INFO c.h.h.t.HelmChartContainer - Uninstalling release 'test-hivemq-platform' in namespace 'helmpodsecuritycontextupgradeextensionit'...
2025-01-30 18:46:44,869 DEBUG c.h.h.t.HelmChartContainer - Executing helm command: /bin/helm --kubeconfig /etc/rancher/k3s/k3s.yaml uninstall test-hivemq-platform  --wait --timeout 5m0s --cascade foreground --namespace helmpodsecuritycontextupgradeextensionit
2025-01-30 18:46:45,039 INFO c.h.h.t.HelmChartContainer - [hivemq-test-hivemq-platform] [hivemq-platform-operator] [fe86da9e] 18:46:45.038 [pool-6-thread-34] DEBUG c.h.p.o.d.PlatformServiceResource - [helmpods] Desired Platform services (3 services)
2025-01-30 18:46:45,051 INFO c.h.h.t.HelmChartContainer - [hivemq-test-hivemq-platform] [hivemq-platform-operator] [fe86da9e] 18:46:45.042 [pool-6-thread-36] DEBUG c.h.p.o.dependants.PodInfoConfigMap - [helmpods] Desired PodInfo ConfigMap (1 extensions) (1 enabled)
2025-01-30 18:46:45,052 INFO c.h.h.t.HelmChartContainer - [hivemq-test-hivemq-platform] [hivemq-platform-operator] [fe86da9e] 18:46:45.042 [pool-6-thread-36] DEBUG c.h.p.o.dependants.PodInfoConfigMap - [helmpods] Desired PodInfo ConfigMap (metrics port: 9399) (metrics path: /)
2025-01-30 18:46:45,052 INFO c.h.h.t.HelmChartContainer - [hivemq-test-hivemq-platform] [hivemq-platform-operator] [fe86da9e] 18:46:45.042 [pool-6-thread-36] DEBUG c.h.p.o.dependants.PodInfoConfigMap - [helmpods] Desired PodInfo ConfigMap (extension state hash: 1345074856)
2025-01-30 18:46:45,052 INFO c.h.h.t.HelmChartContainer - [hivemq-test-hivemq-platform] [hivemq-platform-operator] [fe86da9e] 18:46:45.042 [pool-6-thread-36] DEBUG c.h.p.o.dependants.PodInfoConfigMap - [helmpods] Update PodInfo ConfigMap
2025-01-30 18:46:45,052 INFO c.h.h.t.HelmChartContainer - [hivemq-test-hivemq-platform] [hivemq-platform-operator] [fe86da9e] 18:46:45.043 [pool-6-thread-40] DEBUG c.h.p.o.d.PodServiceAccountResource - [helmpods] Desired PodServiceAccountResource (serviceAccountName: hivemq-platform-pod-test-hivemq-platform)
2025-01-30 18:46:45,064 INFO c.h.h.t.HelmChartContainer - [hivemq-test-hivemq-platform] [hivemq-platform-operator] [fe86da9e] 18:46:45.057 [pool-6-thread-36] DEBUG c.h.p.o.d.StatefulSetResource - [helmpods] Desired StatefulSet (1 replicas) for status RUNNING (READY)
2025-01-30 18:46:45,064 INFO c.h.h.t.HelmChartContainer - [hivemq-test-hivemq-platform] [hivemq-platform-operator] [fe86da9e] 18:46:45.060 [ReconcilerExecutor-hivemq-controller-134] INFO  c.h.p.o.HiveMQPlatformReconciler - [helmpods] Reconciling HiveMQ Platform 'test-hivemq-platform' in namespace 'helmpodsecuritycontextupgradeextensionit'
2025-01-30 18:46:45,065 INFO c.h.h.t.HelmChartContainer - [hivemq-test-hivemq-platform] [hivemq-platform-operator] [fe86da9e] 18:46:45.060 [ReconcilerExecutor-hivemq-controller-134] DEBUG c.h.p.o.HiveMQPlatformReconciler - [helmpods] Custom Resource Status RUNNING - HiveMQ Platform is ready (READY)
2025-01-30 18:46:45,065 INFO c.h.h.t.HelmChartContainer - [hivemq-test-hivemq-platform] [hivemq-platform-operator] [fe86da9e] 18:46:45.061 [ReconcilerExecutor-hivemq-controller-134] DEBUG c.h.p.o.HiveMQPlatformReconciler - [helmpods] Custom Resource Spec (replicas: 1) (extensions: 1)
2025-01-30 18:46:45,065 INFO c.h.h.t.HelmChartContainer - [hivemq-test-hivemq-platform] [hivemq-platform-operator] [fe86da9e] 18:46:45.063 [ReconcilerExecutor-hivemq-controller-134] DEBUG c.h.p.o.HiveMQPlatformReconciler - [helmpods] StatefulSet Status (revision: test-hivemq-platform-6778d7488d, replicas: 1, available: 1, ready: 1, current: 1, updated: 1)
2025-01-30 18:46:45,065 INFO c.h.h.t.HelmChartContainer - [hivemq-test-hivemq-platform] [hivemq-platform-operator] [fe86da9e] 18:46:45.063 [ReconcilerExecutor-hivemq-controller-134] DEBUG c.h.p.o.HiveMQPlatformReconciler - [helmpods] StatefulSet Spec (replicas: 1, init containers: 1, containers: 1, volumes: 4)
2025-01-30 18:46:45,069 INFO c.h.h.t.HelmChartContainer - [hivemq-test-hivemq-platform] [hivemq-platform-operator] [fe86da9e] 18:46:45.066 [ReconcilerExecutor-hivemq-controller-134] DEBUG c.h.p.o.h.HiveMQPlatformReconcilerErrorHandler - [helmpods] Pod 'test-hivemq-platform-0' phase Running
2025-01-30 18:46:45,074 INFO c.h.h.t.HelmChartContainer - [hivemq-test-hivemq-platform] [hivemq-platform-operator] [fe86da9e] 18:46:45.070 [ReconcilerExecutor-hivemq-controller-135] INFO  c.h.p.o.HiveMQPlatformReconciler - [helmpods] Cleanup test-hivemq-platform - helmpodsecuritycontextupgradeextensionit HiveMQ Platform is shut down
2025-01-30 18:46:45,753 INFO c.h.h.t.HelmChartContainer - [POD] test-hivemq-platform-0 [bcfbd7c9-d963-47c9-97ce-0e0f969a80fd] in helmpodsecuritycontextupgradeextensionit was MODIFIED
2025-01-30 18:46:45,758 INFO c.h.h.t.HelmChartContainer - [EVENT] Normal [Killing] Stopping container hivemq [helmpodsecuritycontextupgradeextensionit:test-hivemq-platform-0]
2025-01-30 18:46:45,759 INFO c.h.h.t.HelmChartContainer - Received Killing event for container hivemq in pod test-hivemq-platform-0 [bcfbd7c9-d963-47c9-97ce-0e0f969a80fd]
2025-01-30 18:46:45,759 INFO c.h.h.t.HelmChartContainer - Container [test-hivemq-platform-0] [hivemq] [bcfbd7c9-d963-47c9-97ce-0e0f969a80fd] was terminated
2025-01-30 18:46:45,759 INFO c.h.h.t.HelmChartContainer - Stopped log watcher for hivemq in pod test-hivemq-platform-0 [bcfbd7c9-d963-47c9-97ce-0e0f969a80fd]
2025-01-30 18:46:45,762 INFO c.h.h.t.HelmChartContainer - [test-hivemq-platform] [hivemq] [bcfbd7c9] INFO  - [HiveMQ Platform Operator Init App 1.7.0-SNAPSHOT] Shutting down
2025-01-30 18:46:45,762 INFO c.h.h.t.HelmChartContainer - [test-hivemq-platform] [hivemq] [bcfbd7c9] INFO  - [HiveMQ Platform Operator Init App 1.7.0-SNAPSHOT] Stopping the HiveMQ Platform
2025-01-30 18:46:45,920 INFO c.h.h.t.HelmChartContainer - [test-hivemq-platform] [hivemq] [bcfbd7c9] INFO  - Shutting down HiveMQ. Please wait, this could take a while...
2025-01-30 18:46:45,924 INFO c.h.h.t.HelmChartContainer - [test-hivemq-platform] [hivemq] [bcfbd7c9] INFO  - Shutting down listeners and clients
2025-01-30 18:46:45,925 INFO c.h.h.t.HelmChartContainer - [test-hivemq-platform] [hivemq] [bcfbd7c9] INFO  - Shutdown of listeners is done
2025-01-30 18:46:45,925 INFO c.h.h.t.HelmChartContainer - [test-hivemq-platform] [hivemq] [bcfbd7c9] INFO  - No clients are connected, proceeding with shutdown
2025-01-30 18:46:46,363 INFO c.h.h.t.HelmChartContainer - [test-hivemq-platform] [hivemq] [bcfbd7c9] WARN  - [HiveMQ Platform Operator Init App 1.7.0-SNAPSHOT] Could not update Pod annotations: Failure executing: GET at: https://10.43.0.1:443/api/v1/namespaces/helmpodsecuritycontextupgradeextensionit/pods/test-hivemq-platform-0. Message: pods "test-hivemq-platform-0" is forbidden: User "system:serviceaccount:helmpodsecuritycontextupgradeextensionit:hivemq-platform-pod-test-hivemq-platform" cannot get resource "pods" in API group "" in the namespace "helmpodsecuritycontextupgradeextensionit". Received status: Status(apiVersion=v1, code=403, details=StatusDetails(causes=[], group=null, kind=pods, name=test-hivemq-platform-0, retryAfterSeconds=null, uid=null, additionalProperties={}), kind=Status, message=pods "test-hivemq-platform-0" is forbidden: User "system:serviceaccount:helmpodsecuritycontextupgradeextensionit:hivemq-platform-pod-test-hivemq-platform" cannot get resource "pods" in API group "" in the namespace "helmpodsecuritycontextupgradeextensionit", metadata=ListMeta(_continue=null, remainingItemCount=null, resourceVersion=null, selfLink=null, additionalProperties={}), reason=Forbidden, status=Failure, additionalProperties={}).
2025-01-30 18:46:47,099 INFO c.h.h.t.HelmChartContainer - Deleting namespace 'helmpodsecuritycontextupgradeextensionit'...
2025-01-30 18:46:48,333 INFO c.h.h.t.HelmChartContainer - [K3S] [info.go:53] Couldn't collect info from any of the files in "/etc/machine-id,/var/lib/dbus/machine-id"
2025-01-30 18:46:49,631 INFO c.h.h.t.HelmChartContainer - [test-hivemq-platform] [hivemq] [bcfbd7c9] INFO  - Shutting down extension system
2025-01-30 18:46:49,633 INFO c.h.h.t.HelmChartContainer - [test-hivemq-platform] [hivemq] [bcfbd7c9] INFO  - Stopping extension with id hivemq-dns-cluster-discovery
2025-01-30 18:46:49,633 INFO c.h.h.t.HelmChartContainer - [test-hivemq-platform] [hivemq] [bcfbd7c9] INFO  - Extension "DNS Cluster Discovery Extension" version 4.3.2 stopped successfully.
2025-01-30 18:46:49,633 INFO c.h.h.t.HelmChartContainer - [test-hivemq-platform] [hivemq] [bcfbd7c9] INFO  - Stopping extension with id hivemq-distributed-tracing-extension
2025-01-30 18:46:49,634 INFO c.h.h.t.HelmChartContainer - [test-hivemq-platform] [hivemq] [bcfbd7c9] INFO  - Extension "HiveMQ Enterprise Distributed Tracing Extension" version 4.36.0 stopped successfully.
2025-01-30 18:46:49,635 INFO c.h.h.t.HelmChartContainer - [test-hivemq-platform] [hivemq] [bcfbd7c9] INFO  - Stopping extension with id hivemq-prometheus-extension
2025-01-30 18:46:49,638 INFO c.h.h.t.HelmChartContainer - [test-hivemq-platform] [hivemq] [bcfbd7c9] INFO  - Extension "Prometheus Monitoring Extension" version 4.0.12 stopped successfully.
2025-01-30 18:46:49,638 INFO c.h.h.t.HelmChartContainer - [test-hivemq-platform] [hivemq] [bcfbd7c9] INFO  - Stopping extension with id hivemq-allow-all-extension
2025-01-30 18:46:49,639 INFO c.h.h.t.HelmChartContainer - [test-hivemq-platform] [hivemq] [bcfbd7c9] INFO  - Extension "Allow All Extension" version 1.1.1 stopped successfully.
2025-01-30 18:46:50,733 INFO c.h.h.t.HelmChartContainer - [test-hivemq-platform] [hivemq] [bcfbd7c9] INFO  - [HiveMQ Platform Operator Init App 1.7.0-SNAPSHOT] Returning shutdown Health API response 503 for readiness
2025-01-30 18:46:50,737 INFO c.h.h.t.HelmChartContainer - [EVENT] Warning [Unhealthy] Readiness probe failed: HTTP probe failed with statuscode: 503 [helmpodsecuritycontextupgradeextensionit:test-hivemq-platform-0]
2025-01-30 18:46:50,737 INFO c.h.h.t.HelmChartContainer - Received Unhealthy event for container hivemq in pod test-hivemq-platform-0 [bcfbd7c9-d963-47c9-97ce-0e0f969a80fd]
2025-01-30 18:46:51,366 INFO c.h.h.t.HelmChartContainer - [K3S] [authentication.go:74] "Unable to authenticate the request" err="[invalid bearer token, serviceaccounts \"hivemq-platform-pod-test-hivemq-platform\" not found]"
2025-01-30 18:46:51,380 INFO c.h.h.t.HelmChartContainer - [K3S] [authentication.go:74] "Unable to authenticate the request" err="[invalid bearer token, serviceaccounts \"hivemq-platform-pod-test-hivemq-platform\" not found]"
2025-01-30 18:46:51,382 INFO c.h.h.t.HelmChartContainer - [test-hivemq-platform] [hivemq] [bcfbd7c9] WARN  - [HiveMQ Platform Operator Init App 1.7.0-SNAPSHOT] Could not update Pod annotations: Failure executing: GET at: https://10.43.0.1:443/api/v1/namespaces/helmpodsecuritycontextupgradeextensionit/pods/test-hivemq-platform-0. Message: Unauthorized. Received status: Status(apiVersion=v1, code=401, details=null, kind=Status, message=Unauthorized, metadata=ListMeta(_continue=null, remainingItemCount=null, resourceVersion=null, selfLink=null, additionalProperties={}), reason=Unauthorized, status=Failure, additionalProperties={}).
2025-01-30 18:46:51,998 INFO c.h.h.t.HelmChartContainer - [test-hivemq-platform] [hivemq] [bcfbd7c9] INFO  - Shutdown completed.
2025-01-30 18:46:52,231 INFO c.h.h.t.HelmChartContainer - [K3S] [stateful_set.go:466] "StatefulSet has been deleted" key="helmpodsecuritycontextupgradeextensionit/test-hivemq-platform"
2025-01-30 18:46:52,359 INFO c.h.h.t.HelmChartContainer - [test-hivemq-platform] [hivemq] [bcfbd7c9] INFO  - [HiveMQ Platform Operator Init App 1.7.0-SNAPSHOT] The HiveMQ Platform exited with code 143
2025-01-30 18:46:52,359 INFO c.h.h.t.HelmChartContainer - [test-hivemq-platform] [hivemq] [bcfbd7c9] INFO  - [HiveMQ Platform Operator Init App 1.7.0-SNAPSHOT] Stopping the REST API
2025-01-30 18:46:52,415 INFO c.h.h.t.HelmChartContainer - [test-hivemq-platform] [hivemq] [bcfbd7c9] INFO  - [HiveMQ Platform Operator Init App 1.7.0-SNAPSHOT] Shutdown complete
2025-01-30 18:46:52,819 INFO c.h.h.t.HelmChartContainer - [K3S] [pod_container_deletor.go:80] "Container not found in pod's containers" containerID="f4105c37c2a897bac801e955e7fc9b4896717e95188697959aa3a738ff760818"
2025-01-30 18:46:52,852 INFO c.h.h.t.HelmChartContainer - [POD] test-hivemq-platform-0 [bcfbd7c9-d963-47c9-97ce-0e0f969a80fd] in helmpodsecuritycontextupgradeextensionit was MODIFIED
2025-01-30 18:46:52,929 INFO c.h.h.t.HelmChartContainer - [K3S] [reconciler_common.go:162] "operationExecutor.UnmountVolume started for volume \"kube-api-access-m9rv8\" (UniqueName: \"kubernetes.io/projected/bcfbd7c9-d963-47c9-97ce-0e0f969a80fd-kube-api-access-m9rv8\") pod \"bcfbd7c9-d963-47c9-97ce-0e0f969a80fd\" (UID: \"bcfbd7c9-d963-47c9-97ce-0e0f969a80fd\") "
2025-01-30 18:46:52,929 INFO c.h.h.t.HelmChartContainer - [K3S] [reconciler_common.go:162] "operationExecutor.UnmountVolume started for volume \"broker-configuration\" (UniqueName: \"kubernetes.io/configmap/bcfbd7c9-d963-47c9-97ce-0e0f969a80fd-broker-configuration\") pod \"bcfbd7c9-d963-47c9-97ce-0e0f969a80fd\" (UID: \"bcfbd7c9-d963-47c9-97ce-0e0f969a80fd\") "
2025-01-30 18:46:52,929 INFO c.h.h.t.HelmChartContainer - [K3S] [reconciler_common.go:162] "operationExecutor.UnmountVolume started for volume \"pod-info\" (UniqueName: \"kubernetes.io/configmap/bcfbd7c9-d963-47c9-97ce-0e0f969a80fd-pod-info\") pod \"bcfbd7c9-d963-47c9-97ce-0e0f969a80fd\" (UID: \"bcfbd7c9-d963-47c9-97ce-0e0f969a80fd\") "
2025-01-30 18:46:52,929 INFO c.h.h.t.HelmChartContainer - [K3S] [reconciler_common.go:162] "operationExecutor.UnmountVolume started for volume \"extension-configuration-hivemq-distributed-tracing-extension\" (UniqueName: \"kubernetes.io/configmap/bcfbd7c9-d963-47c9-97ce-0e0f969a80fd-extension-configuration-hivemq-distributed-tracing-extension\") pod \"bcfbd7c9-d963-47c9-97ce-0e0f969a80fd\" (UID: \"bcfbd7c9-d963-47c9-97ce-0e0f969a80fd\") "
2025-01-30 18:46:52,929 INFO c.h.h.t.HelmChartContainer - [K3S] [reconciler_common.go:162] "operationExecutor.UnmountVolume started for volume \"operator-init\" (UniqueName: \"kubernetes.io/empty-dir/bcfbd7c9-d963-47c9-97ce-0e0f969a80fd-operator-init\") pod \"bcfbd7c9-d963-47c9-97ce-0e0f969a80fd\" (UID: \"bcfbd7c9-d963-47c9-97ce-0e0f969a80fd\") "
2025-01-30 18:46:53,030 INFO c.h.h.t.HelmChartContainer - [K3S] [reconciler_common.go:299] "Volume detached for volume \"pod-info\" (UniqueName: \"kubernetes.io/configmap/bcfbd7c9-d963-47c9-97ce-0e0f969a80fd-pod-info\") on node \"96c0d6c16666\" DevicePath \"\""
2025-01-30 18:46:53,030 INFO c.h.h.t.HelmChartContainer - [K3S] [reconciler_common.go:299] "Volume detached for volume \"extension-configuration-hivemq-distributed-tracing-extension\" (UniqueName: \"kubernetes.io/configmap/bcfbd7c9-d963-47c9-97ce-0e0f969a80fd-extension-configuration-hivemq-distributed-tracing-extension\") on node \"96c0d6c16666\" DevicePath \"\""
2025-01-30 18:46:53,030 INFO c.h.h.t.HelmChartContainer - [K3S] [reconciler_common.go:299] "Volume detached for volume \"operator-init\" (UniqueName: \"kubernetes.io/empty-dir/bcfbd7c9-d963-47c9-97ce-0e0f969a80fd-operator-init\") on node \"96c0d6c16666\" DevicePath \"\""
2025-01-30 18:46:53,030 INFO c.h.h.t.HelmChartContainer - [K3S] [reconciler_common.go:299] "Volume detached for volume \"kube-api-access-m9rv8\" (UniqueName: \"kubernetes.io/projected/bcfbd7c9-d963-47c9-97ce-0e0f969a80fd-kube-api-access-m9rv8\") on node \"96c0d6c16666\" DevicePath \"\""
2025-01-30 18:46:53,030 INFO c.h.h.t.HelmChartContainer - [K3S] [reconciler_common.go:299] "Volume detached for volume \"broker-configuration\" (UniqueName: \"kubernetes.io/configmap/bcfbd7c9-d963-47c9-97ce-0e0f969a80fd-broker-configuration\") on node \"96c0d6c16666\" DevicePath \"\""
2025-01-30 18:46:53,833 INFO c.h.h.t.HelmChartContainer - [POD] test-hivemq-platform-0 [bcfbd7c9-d963-47c9-97ce-0e0f969a80fd] in helmpodsecuritycontextupgradeextensionit was MODIFIED
2025-01-30 18:46:53,836 INFO c.h.h.t.HelmChartContainer - [POD] test-hivemq-platform-0 [bcfbd7c9-d963-47c9-97ce-0e0f969a80fd] in helmpodsecuritycontextupgradeextensionit was DELETED
2025-01-30 18:46:54,339 INFO c.h.h.t.HelmChartContainer - [K3S] [kubelet_volumes.go:163] "Cleaned up orphaned pod volumes dir" podUID="bcfbd7c9-d963-47c9-97ce-0e0f969a80fd" path="/var/lib/kubelet/pods/bcfbd7c9-d963-47c9-97ce-0e0f969a80fd/volumes"
2025-01-30 18:46:57,429 INFO c.h.h.t.HelmChartContainer - Namespace 'helmpodsecuritycontextupgradeextensionit' deleted
2025-01-30 18:46:57,429 INFO c.h.h.t.HelmChartContainer - Release 'test-hivemq-platform' in namespace 'helmpodsecuritycontextupgradeextensionit' is uninstalled
2025-01-30 18:46:57,429 INFO c.h.h.t.HelmChartContainer - Uninstalling release 'test-hivemq-platform-operator' in namespace 'helmpodsecuritycontextupgradeextensionit-operator'...
2025-01-30 18:46:57,429 DEBUG c.h.h.t.HelmChartContainer - Executing helm command: /bin/helm --kubeconfig /etc/rancher/k3s/k3s.yaml uninstall test-hivemq-platform-operator  --wait --timeout 5m0s --cascade foreground --namespace helmpodsecuritycontextupgradeextensionit-operator
2025-01-30 18:46:57,634 INFO c.h.h.t.HelmChartContainer - [K3S] [replica_set.go:679] "Finished syncing" kind="ReplicaSet" key="helmpodsecuritycontextupgradeextensionit-operator/hivemq-test-hivemq-platform-operator-5dbf989d8c" duration="25.006394ms"
2025-01-30 18:46:57,634 INFO c.h.h.t.HelmChartContainer - [K3S] [replica_set.go:679] "Finished syncing" kind="ReplicaSet" key="helmpodsecuritycontextupgradeextensionit-operator/hivemq-test-hivemq-platform-operator-5dbf989d8c" duration="45.505µs"
2025-01-30 18:46:57,658 INFO c.h.h.t.HelmChartContainer - [POD] hivemq-test-hivemq-platform-operator-5dbf989d8c-q6q7b [fe86da9e-801f-4ac9-a2b0-fed18fd63c06] in helmpodsecuritycontextupgradeextensionit-operator was MODIFIED
2025-01-30 18:46:57,677 INFO c.h.h.t.HelmChartContainer - [hivemq-test-hivemq-platform] [hivemq-platform-operator] [fe86da9e] 18:46:57.675 [application-shutdown-thread] INFO  c.h.p.o.HiveMQPlatformOperatorApplication - HiveMQ Platform Operator is stopping...
2025-01-30 18:46:57,677 INFO c.h.h.t.HelmChartContainer - [hivemq-test-hivemq-platform] [hivemq-platform-operator] [fe86da9e] 18:46:57.675 [application-shutdown-thread] INFO  i.javaoperatorsdk.operator.Operator - Operator SDK 4.9.7 is shutting down...
2025-01-30 18:46:57,678 INFO c.h.h.t.HelmChartContainer - [K3S] [replica_set.go:679] "Finished syncing" kind="ReplicaSet" key="helmpodsecuritycontextupgradeextensionit-operator/hivemq-test-hivemq-platform-operator-5dbf989d8c" duration="19.63923ms"
2025-01-30 18:46:57,679 INFO c.h.h.t.HelmChartContainer - [K3S] [replica_set.go:679] "Finished syncing" kind="ReplicaSet" key="helmpodsecuritycontextupgradeextensionit-operator/hivemq-test-hivemq-platform-operator-5dbf989d8c" duration="422.422µs"
2025-01-30 18:46:57,681 INFO c.h.h.t.HelmChartContainer - [EVENT] Normal [Killing] Stopping container hivemq-platform-operator [helmpodsecuritycontextupgradeextensionit-operator:hivemq-test-hivemq-platform-operator-5dbf989d8c-q6q7b]
2025-01-30 18:46:57,682 INFO c.h.h.t.HelmChartContainer - Received Killing event for container hivemq-platform-operator in pod hivemq-test-hivemq-platform-operator-5dbf989d8c-q6q7b [fe86da9e-801f-4ac9-a2b0-fed18fd63c06]
2025-01-30 18:46:57,682 INFO c.h.h.t.HelmChartContainer - Container [hivemq-test-hivemq-platform-operator-5dbf989d8c-q6q7b] [hivemq-platform-operator] [fe86da9e-801f-4ac9-a2b0-fed18fd63c06] was terminated
2025-01-30 18:46:57,682 INFO c.h.h.t.HelmChartContainer - Stopped log watcher for hivemq-platform-operator in pod hivemq-test-hivemq-platform-operator-5dbf989d8c-q6q7b [fe86da9e-801f-4ac9-a2b0-fed18fd63c06]
2025-01-30 18:46:58,200 INFO c.h.h.t.HelmChartContainer - [K3S] [replica_set.go:679] "Finished syncing" kind="ReplicaSet" key="helmpodsecuritycontextupgradeextensionit-operator/hivemq-test-hivemq-platform-operator-5dbf989d8c" duration="35.867µs"
2025-01-30 18:46:58,201 INFO c.h.h.t.HelmChartContainer - [POD] hivemq-test-hivemq-platform-operator-5dbf989d8c-q6q7b [fe86da9e-801f-4ac9-a2b0-fed18fd63c06] in helmpodsecuritycontextupgradeextensionit-operator was MODIFIED
2025-01-30 18:46:58,255 INFO c.h.h.t.HelmChartContainer - [K3S] [reconciler_common.go:162] "operationExecutor.UnmountVolume started for volume \"kube-api-access-wdt5m\" (UniqueName: \"kubernetes.io/projected/fe86da9e-801f-4ac9-a2b0-fed18fd63c06-kube-api-access-wdt5m\") pod \"fe86da9e-801f-4ac9-a2b0-fed18fd63c06\" (UID: \"fe86da9e-801f-4ac9-a2b0-fed18fd63c06\") "
2025-01-30 18:46:58,356 INFO c.h.h.t.HelmChartContainer - [K3S] [reconciler_common.go:299] "Volume detached for volume \"kube-api-access-wdt5m\" (UniqueName: \"kubernetes.io/projected/fe86da9e-801f-4ac9-a2b0-fed18fd63c06-kube-api-access-wdt5m\") on node \"96c0d6c16666\" DevicePath \"\""
2025-01-30 18:46:58,829 INFO c.h.h.t.HelmChartContainer - [K3S] [scope.go:117] "RemoveContainer" containerID="3101a49da36f41c66cb7a25b6fa3a8269d972849daa4ec9f0a71e5490a1bade3"
2025-01-30 18:46:58,832 INFO c.h.h.t.HelmChartContainer - [K3S] [scope.go:117] "RemoveContainer" containerID="3101a49da36f41c66cb7a25b6fa3a8269d972849daa4ec9f0a71e5490a1bade3"
2025-01-30 18:46:58,837 INFO c.h.h.t.HelmChartContainer - [K3S] [replica_set.go:679] "Finished syncing" kind="ReplicaSet" key="helmpodsecuritycontextupgradeextensionit-operator/hivemq-test-hivemq-platform-operator-5dbf989d8c" duration="56.135µs"
2025-01-30 18:46:58,839 INFO c.h.h.t.HelmChartContainer - [POD] hivemq-test-hivemq-platform-operator-5dbf989d8c-q6q7b [fe86da9e-801f-4ac9-a2b0-fed18fd63c06] in helmpodsecuritycontextupgradeextensionit-operator was MODIFIED
2025-01-30 18:46:58,840 INFO c.h.h.t.HelmChartContainer - [K3S] [replica_set.go:679] "Finished syncing" kind="ReplicaSet" key="helmpodsecuritycontextupgradeextensionit-operator/hivemq-test-hivemq-platform-operator-5dbf989d8c" duration="51.146µs"
2025-01-30 18:46:58,840 INFO c.h.h.t.HelmChartContainer - [POD] hivemq-test-hivemq-platform-operator-5dbf989d8c-q6q7b [fe86da9e-801f-4ac9-a2b0-fed18fd63c06] in helmpodsecuritycontextupgradeextensionit-operator was DELETED
2025-01-30 18:46:58,850 INFO c.h.h.t.HelmChartContainer - [K3S] [replica_set.go:679] "Finished syncing" kind="ReplicaSet" key="helmpodsecuritycontextupgradeextensionit-operator/hivemq-test-hivemq-platform-operator-5dbf989d8c" duration="5.55µs"
2025-01-30 18:46:59,649 INFO c.h.h.t.HelmChartContainer - Deleting namespace 'helmpodsecuritycontextupgradeextensionit-operator'...
2025-01-30 18:47:00,339 INFO c.h.h.t.HelmChartContainer - [K3S] [kubelet_volumes.go:163] "Cleaned up orphaned pod volumes dir" podUID="fe86da9e-801f-4ac9-a2b0-fed18fd63c06" path="/var/lib/kubelet/pods/fe86da9e-801f-4ac9-a2b0-fed18fd63c06/volumes"
2025-01-30 18:47:02,352 INFO c.h.h.t.HelmChartContainer - [K3S] [namespace_controller.go:187] "Namespace has been deleted" namespace="helmpodsecuritycontextupgradeextensionit"
2025-01-30 18:47:04,867 INFO c.h.h.t.HelmChartContainer - Namespace 'helmpodsecuritycontextupgradeextensionit-operator' deleted
2025-01-30 18:47:04,867 INFO c.h.h.t.HelmChartContainer - Release 'test-hivemq-platform-operator' in namespace 'helmpodsecuritycontextupgradeextensionit-operator' is uninstalled
2025-01-30 18:47:05,747 INFO c.h.helmcharts.AbstractHelmChartIT - Removed unused containers:

2025-01-30 18:47:09,768 INFO c.h.h.t.HelmChartContainer - [K3S] [namespace_controller.go:187] "Namespace has been deleted" namespace="helmpodsecuritycontextupgradeextensionit-operator"
2025-01-30 18:47:14,887 INFO c.h.helmcharts.AbstractHelmChartIT - Removed unused snapshots:
Removing snapshot sha256:03af251906410714c5aef9fa705b63f6bbc39c4a5e787de7361eeb18886c2ed2
Removing snapshot sha256:0c46b3b43cce082ce5ec34ffc6c294e0417d17b9d1e6f366d114b6aadc4f96dc
Removing snapshot sha256:0ce761beee59082d6ed5bcebd3a805b8ddd9b3426b617e4809e7fb7c6587ffec
Removing snapshot sha256:0df91287303208332c8ff6ba40ae4710105201739addbfbddfb955f1ad593664
Removing snapshot sha256:1021ef88c7974bfff89c5a0ec4fd3160daac6c48a075f74cff721f85dd104e68
Removing snapshot sha256:10aba4953ddc18145dd38e3704709bc464aa20af60b56fe52caaff4b68411e62
Removing snapshot sha256:1d5cf3e3eb812061f06c49abff02b68d81953942566ded85fcc9c1f47b13186a
Removing snapshot sha256:2573e0d8158209ed54ab25c87bcdcb00bd3d2539246960a3d592a1c599d70465
Removing snapshot sha256:2944c0692f0b3f4c958b09e4bf315ac3616ed274898af04494fcd963a879bca5
Removing snapshot sha256:2fe061f760529f2927c43de720a26105d8c6895ed1029c7637bbc076314b6799
Removing snapshot sha256:362a8a37f8bbc31925a8146adcf7cf51f9882f5c1dcbef67c5baa03a297543c0
Removing snapshot sha256:3fa4ad33f0ddc8fd45b39b6b4640f82a3a83619606cd975bfe89d8710ad2d4cd
Removing snapshot sha256:43a7c979bbaba6838bc3102d6b10a1459f3ab050b87ccdfef84ef90cf43d3058
Removing snapshot sha256:4ab04491cdf0d3267f08206fe30bd48f49f94b9cab2f016d6739220f722a64af
Removing snapshot sha256:4b6068250e89c96f263060261819c7d912855bfbd64b3eb4c4a8483299b8c295
Removing snapshot sha256:580e69a0a8034ede1921139bbd2bfb72a69ebf276d008281896c32dd8bf74775
Removing snapshot sha256:5a3228bf75a16fc5ec5b3d4ca301ab7ef2ca3bc2a3e8bf0a02733adfe43e5980
Removing snapshot sha256:5d30ba46b27fe37484567ccc5242cadc78217b8da605f3f195ef25cbf7487904
Removing snapshot sha256:63ca1fbb43ae5034640e5e6cb3e083e05c290072c5366fcaa9d62435a4cced85
Removing snapshot sha256:67f702c6baae873bceb19487c8b1f27bd2b86077e4f2f0e480e6d60ab508b8f5
Removing snapshot sha256:6864348dd42806d552efdec384f1274be15e2d0c10ce44c1f04347af004c10a9
Removing snapshot sha256:6c7dee8f2c39b84b7dc2711c01d33de93514d9055499173e9290176fbe484b6c
Removing snapshot sha256:82753493a6d61ded36556292f02f31841a14c20d2f279f19eaad65afb661d5cd
Removing snapshot sha256:8a10d3db42c505ee0fcfa98417bdd7e39b304f6bcc0a06bb1b220797ff2cc63c
Removing snapshot sha256:8bd9d778dd3aef4d3b4c77ee426be03092ca88acfd9bcf279d0631dd96d6df44
Removing snapshot sha256:8eed3c0b435850e9a00be0139a9a847ca108037e5fa832424a4e194c78ba59c4
Removing snapshot sha256:9b6f048201798a9c57b6316cb427a1e0aeb399d74aa15ca9e1519e77e2a2269e
Removing snapshot sha256:a0904247e36a7726c03c71ee48f3e64462021c88dafeb13f37fdaf613b27f11c
Removing snapshot sha256:a21e5b12dbac529ad45d976eb9ce45c881f3bedcc500fb30aba1e52aa1813418
Removing snapshot sha256:ab252baf4e5de5aaea9ee70236e159dbf16fd0a2394f5e27a579881aadfd4f49
Removing snapshot sha256:b921e6c28969094157f9b8e7244677780319637afd14450b7cb6b2fdea558a0c
Removing snapshot sha256:bc27ecb5769a00e309cf99ebc763c4a4b958b618d1decc96ffac5bc05f02f5b7
Removing snapshot sha256:be3ccb6627a5332e309d45ef461d09b4879dd870c7394d89323d0ebc6ca6aa8a
Removing snapshot sha256:c0c5b7491e705290b7ad3cce5c420f88ca1c74090e2726894a1baef025c52f43
Removing snapshot sha256:c261f7cbbc64211ee175ee47273acdb7b1a36a4450b397a064a8f2c026490095
Removing snapshot sha256:c34d9393647eea0c9e3557ab988efaf59f61d10a2a5613b439ef0958cca5ec10
Removing snapshot sha256:c4d5383ee8eaca294a64b01d37df59eac0a3e2a9779e67c450767218d0c4b36a
Removing snapshot sha256:ccf3c4a0fa967a41c1c83497a2ce6fa5787965859df0adb32c4ca2cf7490bc2b
Removing snapshot sha256:ce72cc6496096af906e5ea628099ec1e5c55b755a3647298ee6c9b961210ab8e
Removing snapshot sha256:cf92d33f869417309692088c341cd0f223c178ea78a125f757317b22aa8f90e9
Removing snapshot sha256:d0037344cf2fb078884f1849f6a1f8cf9a33a3b6139b6a85833e5ee528e1f9a8
Removing snapshot sha256:d3b36d5b79273b1e98e7700470eaeff05a882e777124d84cebcc1505b85ecb36
Removing snapshot sha256:d65a44a37914602d12c611e5e22a50f11451d847e63015cc1c2aef92dee777a4
Removing snapshot sha256:d933c5f7d93a7a4196b76b559685f889b7b388041ac839bb7e19f6495750c4ef
Removing snapshot sha256:e2dc0bae2455930f23ae570e019b7f32edc75c0f2d71cab084db837ff9051796
Removing snapshot sha256:e31519795c7e3df686c447a21ec8d2eb301388a5e39ccf7f20a25c6f6ce3a522
Removing snapshot sha256:e4f954326774f256e539cb77d7b760593e89bbc63ca7a5ee0814ba1906135a09
Removing snapshot sha256:e9e86ed11d9bebc0707dd6f1166c51237ebb44f98657241f943261b2675a5449
Removing snapshot sha256:eabc2b3c5c963907b3f557933a60ab243515007cd7c28ba909692f5627b3bd32
Removing snapshot sha256:ecbf3b59a2be12efa647dc6cafe74dc73897de364be1037d9f880482d1ce011f
Removing snapshot sha256:eccbd24a99c60cd9e86ee5305dbfc4a4dc89f5ab4fb1f06c8d64797cecedef34
Removing snapshot sha256:edd1404c718ab99ca3456bdf222065033800bb67d4334a9642746685a24394cd
Removing snapshot sha256:f144bb4c7c7f0d2aa7eeffd36d934ec40db1ee167be727e326aad9fdc616f475
Removing snapshot sha256:ff3d1afd12e9b5642bc649cf82e7302d95c47a7a41fdfb3f34b284058e6b2790

2025-01-30 18:47:14,888 WARN c.h.helmcharts.AbstractHelmChartIT - Error during removal of snapshots:
ctr: failed to remove "sha256:03af251906410714c5aef9fa705b63f6bbc39c4a5e787de7361eeb18886c2ed2": cannot remove snapshot with child: failed precondition
ctr: failed to remove "sha256:0c46b3b43cce082ce5ec34ffc6c294e0417d17b9d1e6f366d114b6aadc4f96dc": cannot remove snapshot with child: failed precondition
ctr: failed to remove "sha256:0ce761beee59082d6ed5bcebd3a805b8ddd9b3426b617e4809e7fb7c6587ffec": cannot remove snapshot with child: failed precondition
ctr: failed to remove "sha256:0df91287303208332c8ff6ba40ae4710105201739addbfbddfb955f1ad593664": cannot remove snapshot with child: failed precondition
ctr: failed to remove "sha256:1021ef88c7974bfff89c5a0ec4fd3160daac6c48a075f74cff721f85dd104e68": cannot remove snapshot with child: failed precondition
ctr: failed to remove "sha256:10aba4953ddc18145dd38e3704709bc464aa20af60b56fe52caaff4b68411e62": cannot remove snapshot with child: failed precondition
ctr: failed to remove "sha256:1d5cf3e3eb812061f06c49abff02b68d81953942566ded85fcc9c1f47b13186a": cannot remove snapshot with child: failed precondition
ctr: failed to remove "sha256:2573e0d8158209ed54ab25c87bcdcb00bd3d2539246960a3d592a1c599d70465": cannot remove snapshot with child: failed precondition
ctr: failed to remove "sha256:2944c0692f0b3f4c958b09e4bf315ac3616ed274898af04494fcd963a879bca5": cannot remove snapshot with child: failed precondition
ctr: failed to remove "sha256:2fe061f760529f2927c43de720a26105d8c6895ed1029c7637bbc076314b6799": cannot remove snapshot with child: failed precondition
ctr: failed to remove "sha256:362a8a37f8bbc31925a8146adcf7cf51f9882f5c1dcbef67c5baa03a297543c0": cannot remove snapshot with child: failed precondition
ctr: failed to remove "sha256:3fa4ad33f0ddc8fd45b39b6b4640f82a3a83619606cd975bfe89d8710ad2d4cd": cannot remove snapshot with child: failed precondition
ctr: failed to remove "sha256:43a7c979bbaba6838bc3102d6b10a1459f3ab050b87ccdfef84ef90cf43d3058": cannot remove snapshot with child: failed precondition
ctr: failed to remove "sha256:4ab04491cdf0d3267f08206fe30bd48f49f94b9cab2f016d6739220f722a64af": cannot remove snapshot with child: failed precondition
ctr: failed to remove "sha256:4b6068250e89c96f263060261819c7d912855bfbd64b3eb4c4a8483299b8c295": cannot remove snapshot with child: failed precondition
ctr: failed to remove "sha256:580e69a0a8034ede1921139bbd2bfb72a69ebf276d008281896c32dd8bf74775": cannot remove snapshot with child: failed precondition
ctr: failed to remove "sha256:5a3228bf75a16fc5ec5b3d4ca301ab7ef2ca3bc2a3e8bf0a02733adfe43e5980": cannot remove snapshot with child: failed precondition
ctr: failed to remove "sha256:5d30ba46b27fe37484567ccc5242cadc78217b8da605f3f195ef25cbf7487904": cannot remove snapshot with child: failed precondition
ctr: failed to remove "sha256:63ca1fbb43ae5034640e5e6cb3e083e05c290072c5366fcaa9d62435a4cced85": cannot remove snapshot with child: failed precondition
ctr: failed to remove "sha256:67f702c6baae873bceb19487c8b1f27bd2b86077e4f2f0e480e6d60ab508b8f5": cannot remove snapshot with child: failed precondition
ctr: failed to remove "sha256:6864348dd42806d552efdec384f1274be15e2d0c10ce44c1f04347af004c10a9": cannot remove snapshot with child: failed precondition
ctr: failed to remove "sha256:6c7dee8f2c39b84b7dc2711c01d33de93514d9055499173e9290176fbe484b6c": cannot remove snapshot with child: failed precondition
ctr: failed to remove "sha256:82753493a6d61ded36556292f02f31841a14c20d2f279f19eaad65afb661d5cd": cannot remove snapshot with child: failed precondition
ctr: failed to remove "sha256:8a10d3db42c505ee0fcfa98417bdd7e39b304f6bcc0a06bb1b220797ff2cc63c": cannot remove snapshot with child: failed precondition
ctr: failed to remove "sha256:8bd9d778dd3aef4d3b4c77ee426be03092ca88acfd9bcf279d0631dd96d6df44": cannot remove snapshot with child: failed precondition
ctr: failed to remove "sha256:8eed3c0b435850e9a00be0139a9a847ca108037e5fa832424a4e194c78ba59c4": cannot remove snapshot with child: failed precondition
ctr: failed to remove "sha256:9b6f048201798a9c57b6316cb427a1e0aeb399d74aa15ca9e1519e77e2a2269e": cannot remove snapshot with child: failed precondition
ctr: failed to remove "sha256:a0904247e36a7726c03c71ee48f3e64462021c88dafeb13f37fdaf613b27f11c": cannot remove snapshot with child: failed precondition
ctr: failed to remove "sha256:a21e5b12dbac529ad45d976eb9ce45c881f3bedcc500fb30aba1e52aa1813418": cannot remove snapshot with child: failed precondition
ctr: failed to remove "sha256:ab252baf4e5de5aaea9ee70236e159dbf16fd0a2394f5e27a579881aadfd4f49": cannot remove snapshot with child: failed precondition
ctr: failed to remove "sha256:b921e6c28969094157f9b8e7244677780319637afd14450b7cb6b2fdea558a0c": cannot remove snapshot with child: failed precondition
ctr: failed to remove "sha256:bc27ecb5769a00e309cf99ebc763c4a4b958b618d1decc96ffac5bc05f02f5b7": cannot remove snapshot with child: failed precondition
ctr: failed to remove "sha256:be3ccb6627a5332e309d45ef461d09b4879dd870c7394d89323d0ebc6ca6aa8a": cannot remove snapshot with child: failed precondition
ctr: failed to remove "sha256:c0c5b7491e705290b7ad3cce5c420f88ca1c74090e2726894a1baef025c52f43": cannot remove snapshot with child: failed precondition
ctr: failed to remove "sha256:c261f7cbbc64211ee175ee47273acdb7b1a36a4450b397a064a8f2c026490095": cannot remove snapshot with child: failed precondition
ctr: failed to remove "sha256:c34d9393647eea0c9e3557ab988efaf59f61d10a2a5613b439ef0958cca5ec10": cannot remove snapshot with child: failed precondition
ctr: failed to remove "sha256:c4d5383ee8eaca294a64b01d37df59eac0a3e2a9779e67c450767218d0c4b36a": cannot remove snapshot with child: failed precondition
ctr: failed to remove "sha256:ccf3c4a0fa967a41c1c83497a2ce6fa5787965859df0adb32c4ca2cf7490bc2b": cannot remove snapshot with child: failed precondition
ctr: failed to remove "sha256:cf92d33f869417309692088c341cd0f223c178ea78a125f757317b22aa8f90e9": cannot remove snapshot with child: failed precondition
ctr: failed to remove "sha256:d0037344cf2fb078884f1849f6a1f8cf9a33a3b6139b6a85833e5ee528e1f9a8": cannot remove snapshot with child: failed precondition
ctr: failed to remove "sha256:d3b36d5b79273b1e98e7700470eaeff05a882e777124d84cebcc1505b85ecb36": cannot remove snapshot with child: failed precondition
ctr: failed to remove "sha256:d65a44a37914602d12c611e5e22a50f11451d847e63015cc1c2aef92dee777a4": cannot remove snapshot with child: failed precondition
ctr: failed to remove "sha256:d933c5f7d93a7a4196b76b559685f889b7b388041ac839bb7e19f6495750c4ef": cannot remove snapshot with child: failed precondition
ctr: failed to remove "sha256:e2dc0bae2455930f23ae570e019b7f32edc75c0f2d71cab084db837ff9051796": cannot remove snapshot with child: failed precondition
ctr: failed to remove "sha256:e31519795c7e3df686c447a21ec8d2eb301388a5e39ccf7f20a25c6f6ce3a522": cannot remove snapshot with child: failed precondition
ctr: failed to remove "sha256:e4f954326774f256e539cb77d7b760593e89bbc63ca7a5ee0814ba1906135a09": cannot remove snapshot with child: failed precondition
ctr: failed to remove "sha256:e9e86ed11d9bebc0707dd6f1166c51237ebb44f98657241f943261b2675a5449": cannot remove snapshot with child: failed precondition
ctr: failed to remove "sha256:eabc2b3c5c963907b3f557933a60ab243515007cd7c28ba909692f5627b3bd32": cannot remove snapshot with child: failed precondition
ctr: failed to remove "sha256:ecbf3b59a2be12efa647dc6cafe74dc73897de364be1037d9f880482d1ce011f": cannot remove snapshot with child: failed precondition
ctr: failed to remove "sha256:eccbd24a99c60cd9e86ee5305dbfc4a4dc89f5ab4fb1f06c8d64797cecedef34": cannot remove snapshot with child: failed precondition
ctr: failed to remove "sha256:edd1404c718ab99ca3456bdf222065033800bb67d4334a9642746685a24394cd": cannot remove snapshot with child: failed precondition
ctr: failed to remove "sha256:f144bb4c7c7f0d2aa7eeffd36d934ec40db1ee167be727e326aad9fdc616f475": cannot remove snapshot with child: failed precondition
ctr: failed to remove "sha256:ff3d1afd12e9b5642bc649cf82e7302d95c47a7a41fdfb3f34b284058e6b2790": cannot remove snapshot with child: failed precondition

]]></system-out>
  </testcase>
  <testcase name="Operator values: (UID=185, GID=0, valuesFile='/files/operator-pod-security-context-non-root-user-values.yaml') and Platform values: (UID=10000, GID=0, valuesFile='/files/platform-pod-security-context-non-root-user-with-tracing-extension-values.yaml')" classname="com.hivemq.helmcharts.securitycontext.HelmPodSecurityContextUpgradeExtensionIT" time="167.479">
    <system-out><![CDATA[2025-01-30 18:47:14,890 INFO c.h.h.t.HelmChartContainer - Creating namespace 'helmpodsecuritycontextupgradeextensionit-operator'...
2025-01-30 18:47:14,898 INFO c.h.h.t.HelmChartContainer - Namespace 'helmpodsecuritycontextupgradeextensionit-operator' created
2025-01-30 18:47:14,898 INFO c.h.h.t.HelmChartContainer - Creating namespace 'helmpodsecuritycontextupgradeextensionit'...
2025-01-30 18:47:14,906 INFO c.h.h.t.HelmChartContainer - Namespace 'helmpodsecuritycontextupgradeextensionit' created
2025-01-30 18:47:14,974 DEBUG c.h.h.t.HelmChartContainer - Executing helm command: /bin/helm --kubeconfig /etc/rancher/k3s/k3s.yaml install test-hivemq-platform-operator /charts/hivemq-platform-operator --wait --timeout 5m0s --set image.repository=docker.io/hivemq --set image.name=hivemq-platform-operator-test --set image.initImageName=hivemq-platform-operator-init-test --set image.tag=snapshot --set image.pullPolicy=Never --set logLevel=DEBUG --set resources.cpu=512m -f /files/operator-pod-security-context-non-root-user-values.yaml --namespace helmpodsecuritycontextupgradeextensionit-operator
2025-01-30 18:47:15,281 INFO c.h.h.t.HelmChartContainer - [K3S] [alloc.go:330] "allocated clusterIPs" service="helmpodsecuritycontextupgradeextensionit-operator/hivemq-platform-operator-test-hivemq-platform-operator" clusterIPs={"IPv4":"10.43.109.190"}
2025-01-30 18:47:15,302 INFO c.h.h.t.HelmChartContainer - [EVENT] Normal [ScalingReplicaSet] Scaled up replica set hivemq-test-hivemq-platform-operator-7ccc997bc4 from 0 to 1 [helmpodsecuritycontextupgradeextensionit-operator:hivemq-test-hivemq-platform-operator]
2025-01-30 18:47:15,303 INFO c.h.h.t.HelmChartContainer - [POD] hivemq-test-hivemq-platform-operator-7ccc997bc4-s7nss [e91b5f58-c960-4fe8-a0c5-874b474b5514] in helmpodsecuritycontextupgradeextensionit-operator was ADDED
2025-01-30 18:47:15,311 INFO c.h.h.t.HelmChartContainer - [K3S] [memory_manager.go:355] "RemoveStaleState removing state" podUID="bcfbd7c9-d963-47c9-97ce-0e0f969a80fd" containerName="hivemq"
2025-01-30 18:47:15,312 INFO c.h.h.t.HelmChartContainer - [K3S] [memory_manager.go:355] "RemoveStaleState removing state" podUID="fe86da9e-801f-4ac9-a2b0-fed18fd63c06" containerName="hivemq-platform-operator"
2025-01-30 18:47:15,313 INFO c.h.h.t.HelmChartContainer - [POD] hivemq-test-hivemq-platform-operator-7ccc997bc4-s7nss [e91b5f58-c960-4fe8-a0c5-874b474b5514] in helmpodsecuritycontextupgradeextensionit-operator was MODIFIED
2025-01-30 18:47:15,314 INFO c.h.h.t.HelmChartContainer - [EVENT] Normal [SuccessfulCreate] Created pod: hivemq-test-hivemq-platform-operator-7ccc997bc4-s7nss [helmpodsecuritycontextupgradeextensionit-operator:hivemq-test-hivemq-platform-operator-7ccc997bc4]
2025-01-30 18:47:15,319 INFO c.h.h.t.HelmChartContainer - [K3S] [replica_set.go:679] "Finished syncing" kind="ReplicaSet" key="helmpodsecuritycontextupgradeextensionit-operator/hivemq-test-hivemq-platform-operator-7ccc997bc4" duration="26.177049ms"
2025-01-30 18:47:15,323 INFO c.h.h.t.HelmChartContainer - [EVENT] Normal [Scheduled] Successfully assigned helmpodsecuritycontextupgradeextensionit-operator/hivemq-test-hivemq-platform-operator-7ccc997bc4-s7nss to 96c0d6c16666 [helmpodsecuritycontextupgradeextensionit-operator:hivemq-test-hivemq-platform-operator-7ccc997bc4-s7nss]
2025-01-30 18:47:15,328 INFO c.h.h.t.HelmChartContainer - [POD] hivemq-test-hivemq-platform-operator-7ccc997bc4-s7nss [e91b5f58-c960-4fe8-a0c5-874b474b5514] in helmpodsecuritycontextupgradeextensionit-operator was MODIFIED
2025-01-30 18:47:15,339 INFO c.h.h.t.HelmChartContainer - [K3S] [replica_set.go:679] "Finished syncing" kind="ReplicaSet" key="helmpodsecuritycontextupgradeextensionit-operator/hivemq-test-hivemq-platform-operator-7ccc997bc4" duration="18.947226ms"
2025-01-30 18:47:15,339 INFO c.h.h.t.HelmChartContainer - [K3S] [replica_set.go:679] "Finished syncing" kind="ReplicaSet" key="helmpodsecuritycontextupgradeextensionit-operator/hivemq-test-hivemq-platform-operator-7ccc997bc4" duration="84.278µs"
2025-01-30 18:47:15,339 INFO c.h.h.t.HelmChartContainer - [K3S] [replica_set.go:679] "Finished syncing" kind="ReplicaSet" key="helmpodsecuritycontextupgradeextensionit-operator/hivemq-test-hivemq-platform-operator-7ccc997bc4" duration="57.357µs"
2025-01-30 18:47:15,358 INFO c.h.h.t.HelmChartContainer - [K3S] [reconciler_common.go:251] "operationExecutor.VerifyControllerAttachedVolume started for volume \"kube-api-access-gqtvg\" (UniqueName: \"kubernetes.io/projected/e91b5f58-c960-4fe8-a0c5-874b474b5514-kube-api-access-gqtvg\") pod \"hivemq-test-hivemq-platform-operator-7ccc997bc4-s7nss\" (UID: \"e91b5f58-c960-4fe8-a0c5-874b474b5514\") " pod="helmpodsecuritycontextupgradeextensionit-operator/hivemq-test-hivemq-platform-operator-7ccc997bc4-s7nss"
2025-01-30 18:47:15,708 INFO c.h.h.t.HelmChartContainer - [EVENT] Normal [Pulled] Container image "docker.io/hivemq/hivemq-platform-operator-test:snapshot" already present on machine [helmpodsecuritycontextupgradeextensionit-operator:hivemq-test-hivemq-platform-operator-7ccc997bc4-s7nss]
2025-01-30 18:47:15,708 INFO c.h.h.t.HelmChartContainer - Received Pulled event for container hivemq-platform-operator in pod hivemq-test-hivemq-platform-operator-7ccc997bc4-s7nss [e91b5f58-c960-4fe8-a0c5-874b474b5514]
2025-01-30 18:47:15,813 INFO c.h.h.t.HelmChartContainer - [EVENT] Normal [Created] Created container: hivemq-platform-operator [helmpodsecuritycontextupgradeextensionit-operator:hivemq-test-hivemq-platform-operator-7ccc997bc4-s7nss]
2025-01-30 18:47:15,813 INFO c.h.h.t.HelmChartContainer - Received Created event for container hivemq-platform-operator in pod hivemq-test-hivemq-platform-operator-7ccc997bc4-s7nss [e91b5f58-c960-4fe8-a0c5-874b474b5514]
2025-01-30 18:47:15,876 INFO c.h.h.t.HelmChartContainer - [K3S] [replica_set.go:679] "Finished syncing" kind="ReplicaSet" key="helmpodsecuritycontextupgradeextensionit-operator/hivemq-test-hivemq-platform-operator-7ccc997bc4" duration="37.551µs"
2025-01-30 18:47:15,879 INFO c.h.h.t.HelmChartContainer - [POD] hivemq-test-hivemq-platform-operator-7ccc997bc4-s7nss [e91b5f58-c960-4fe8-a0c5-874b474b5514] in helmpodsecuritycontextupgradeextensionit-operator was MODIFIED
2025-01-30 18:47:15,894 INFO c.h.h.t.HelmChartContainer - Started log watcher for hivemq-platform-operator in pod hivemq-test-hivemq-platform-operator-7ccc997bc4-s7nss [e91b5f58-c960-4fe8-a0c5-874b474b5514]
2025-01-30 18:47:15,895 INFO c.h.h.t.HelmChartContainer - [hivemq-test-hivemq-platform] [hivemq-platform-operator] [e91b5f58] -------------------------------------------------------------------------
2025-01-30 18:47:15,894 INFO c.h.h.t.HelmChartContainer - [EVENT] Normal [Started] Started container hivemq-platform-operator [helmpodsecuritycontextupgradeextensionit-operator:hivemq-test-hivemq-platform-operator-7ccc997bc4-s7nss]
2025-01-30 18:47:15,895 INFO c.h.h.t.HelmChartContainer - Received Started event for container hivemq-platform-operator in pod hivemq-test-hivemq-platform-operator-7ccc997bc4-s7nss [e91b5f58-c960-4fe8-a0c5-874b474b5514]
2025-01-30 18:47:15,895 INFO c.h.h.t.HelmChartContainer - [hivemq-test-hivemq-platform] [hivemq-platform-operator] [e91b5f58] 
2025-01-30 18:47:15,895 INFO c.h.h.t.HelmChartContainer - [hivemq-test-hivemq-platform] [hivemq-platform-operator] [e91b5f58]                   _    _  _              __  __   ____
2025-01-30 18:47:15,895 INFO c.h.h.t.HelmChartContainer - [hivemq-test-hivemq-platform] [hivemq-platform-operator] [e91b5f58]                  | |  | |(_)            |  \/  | / __ \
2025-01-30 18:47:15,895 INFO c.h.h.t.HelmChartContainer - [hivemq-test-hivemq-platform] [hivemq-platform-operator] [e91b5f58]                  | |__| | _ __   __ ___ | \  / || |  | |
2025-01-30 18:47:15,895 INFO c.h.h.t.HelmChartContainer - [hivemq-test-hivemq-platform] [hivemq-platform-operator] [e91b5f58]                  |  __  || |\ \ / // _ \| |\/| || |  | |
2025-01-30 18:47:15,895 INFO c.h.h.t.HelmChartContainer - [hivemq-test-hivemq-platform] [hivemq-platform-operator] [e91b5f58]                  | |  | || | \ V /|  __/| |  | || |__| |
2025-01-30 18:47:15,895 INFO c.h.h.t.HelmChartContainer - [hivemq-test-hivemq-platform] [hivemq-platform-operator] [e91b5f58]                  |_|  |_||_|  \_/  \___||_|  |_| \___\_\
2025-01-30 18:47:15,895 INFO c.h.h.t.HelmChartContainer - [hivemq-test-hivemq-platform] [hivemq-platform-operator] [e91b5f58] 
2025-01-30 18:47:15,895 INFO c.h.h.t.HelmChartContainer - [hivemq-test-hivemq-platform] [hivemq-platform-operator] [e91b5f58] -------------------------------------------------------------------------
2025-01-30 18:47:15,895 INFO c.h.h.t.HelmChartContainer - [hivemq-test-hivemq-platform] [hivemq-platform-operator] [e91b5f58] 
2025-01-30 18:47:15,896 INFO c.h.h.t.HelmChartContainer - [hivemq-test-hivemq-platform] [hivemq-platform-operator] [e91b5f58]   HiveMQ Platform Operator Start Script v1.0
2025-01-30 18:47:15,896 INFO c.h.h.t.HelmChartContainer - [hivemq-test-hivemq-platform] [hivemq-platform-operator] [e91b5f58] 
2025-01-30 18:47:15,941 INFO c.h.h.t.HelmChartContainer - [hivemq-test-hivemq-platform] [hivemq-platform-operator] [e91b5f58] -------------------------------------------------------------------------
2025-01-30 18:47:15,942 INFO c.h.h.t.HelmChartContainer - [hivemq-test-hivemq-platform] [hivemq-platform-operator] [e91b5f58] 
2025-01-30 18:47:15,942 INFO c.h.h.t.HelmChartContainer - [hivemq-test-hivemq-platform] [hivemq-platform-operator] [e91b5f58]   JAVA_OPTS: -XX:+UnlockExperimentalVMOptions -XX:InitialRAMPercentage=75 -XX:MaxRAMPercentage=75 -Duser.language=en -Duser.region=US
2025-01-30 18:47:15,942 INFO c.h.h.t.HelmChartContainer - [hivemq-test-hivemq-platform] [hivemq-platform-operator] [e91b5f58] 
2025-01-30 18:47:15,942 INFO c.h.h.t.HelmChartContainer - [hivemq-test-hivemq-platform] [hivemq-platform-operator] [e91b5f58]   JAVA_VERSION: 21
2025-01-30 18:47:15,942 INFO c.h.h.t.HelmChartContainer - [hivemq-test-hivemq-platform] [hivemq-platform-operator] [e91b5f58] 
2025-01-30 18:47:15,942 INFO c.h.h.t.HelmChartContainer - [hivemq-test-hivemq-platform] [hivemq-platform-operator] [e91b5f58] -------------------------------------------------------------------------
2025-01-30 18:47:15,942 INFO c.h.h.t.HelmChartContainer - [hivemq-test-hivemq-platform] [hivemq-platform-operator] [e91b5f58] 
2025-01-30 18:47:19,239 INFO c.h.h.t.HelmChartContainer - [hivemq-test-hivemq-platform] [hivemq-platform-operator] [e91b5f58] 18:47:19.237 [main] DEBUG org.jboss.logging - Logging Provider: org.jboss.logging.Slf4jLoggerProvider
2025-01-30 18:47:19,344 INFO c.h.h.t.HelmChartContainer - [hivemq-test-hivemq-platform] [hivemq-platform-operator] [e91b5f58] 18:47:19.343 [main] DEBUG io.smallrye.config - SRCFG01006: Loaded ConfigSource SysPropConfigSource with ordinal 400
2025-01-30 18:47:19,344 INFO c.h.h.t.HelmChartContainer - [hivemq-test-hivemq-platform] [hivemq-platform-operator] [e91b5f58] 18:47:19.343 [main] DEBUG io.smallrye.config - SRCFG01006: Loaded ConfigSource EnvConfigSource with ordinal 300
2025-01-30 18:47:19,344 INFO c.h.h.t.HelmChartContainer - [hivemq-test-hivemq-platform] [hivemq-platform-operator] [e91b5f58] 18:47:19.343 [main] DEBUG io.smallrye.config - SRCFG01006: Loaded ConfigSource PropertiesConfigSource[source=jar:file:///opt/hivemq-platform-operator/bin/hivemq-platform-operator.jar!/hivemq-platform-operator.properties] with ordinal 100
2025-01-30 18:47:19,345 INFO c.h.h.t.HelmChartContainer - [hivemq-test-hivemq-platform] [hivemq-platform-operator] [e91b5f58] 18:47:19.343 [main] DEBUG io.smallrye.config - SRCFG01006: Loaded ConfigSource DefaultValuesConfigSource with ordinal -2147483648
2025-01-30 18:47:19,444 INFO c.h.h.t.HelmChartContainer - [hivemq-test-hivemq-platform] [hivemq-platform-operator] [e91b5f58] 18:47:19.441 [main] DEBUG i.m.c.u.i.l.InternalLoggerFactory - Using SLF4J as the default logging framework
2025-01-30 18:47:19,573 INFO c.h.h.t.HelmChartContainer - [hivemq-test-hivemq-platform] [hivemq-platform-operator] [e91b5f58] 18:47:19.564 [main] INFO  c.h.p.o.HiveMQPlatformOperatorApplication - HiveMQ Platform Operator 1.7.0-SNAPSHOT (commit: 47e3375 on branch: HEAD) built on Thu Jan 30 03:55:50 UTC 2025
2025-01-30 18:47:19,573 INFO c.h.h.t.HelmChartContainer - [hivemq-test-hivemq-platform] [hivemq-platform-operator] [e91b5f58] 18:47:19.572 [main] INFO  c.h.p.o.HiveMQPlatformOperatorApplication - HiveMQ Platform Operator is running in namespace: helmpodsecuritycontextupgradeextensionit-operator
2025-01-30 18:47:19,573 INFO c.h.h.t.HelmChartContainer - [hivemq-test-hivemq-platform] [hivemq-platform-operator] [e91b5f58] 18:47:19.572 [main] INFO  c.h.p.o.HiveMQPlatformOperatorApplication - Watching all namespaces
2025-01-30 18:47:19,573 INFO c.h.h.t.HelmChartContainer - [hivemq-test-hivemq-platform] [hivemq-platform-operator] [e91b5f58] 18:47:19.572 [main] INFO  c.h.p.o.HiveMQPlatformOperatorApplication - Log level: DEBUG
2025-01-30 18:47:19,574 INFO c.h.h.t.HelmChartContainer - [hivemq-test-hivemq-platform] [hivemq-platform-operator] [e91b5f58] 18:47:19.572 [main] INFO  c.h.p.o.HiveMQPlatformOperatorApplication - Release name: test-hivemq-platform-operator
2025-01-30 18:47:19,574 INFO c.h.h.t.HelmChartContainer - [hivemq-test-hivemq-platform] [hivemq-platform-operator] [e91b5f58] 18:47:19.572 [main] INFO  c.h.p.o.HiveMQPlatformOperatorApplication - HiveMQ Platform Operator Init image: docker.io/hivemq/hivemq-platform-operator-init-test:snapshot
2025-01-30 18:47:19,574 INFO c.h.h.t.HelmChartContainer - [hivemq-test-hivemq-platform] [hivemq-platform-operator] [e91b5f58] 18:47:19.572 [main] INFO  c.h.p.o.HiveMQPlatformOperatorApplication - HiveMQ Platform Operator Init App update URL: http://hivemq-platform-operator-test-hivemq-platform-operator.helmpodsecuritycontextupgradeextensionit-operator.svc:8080/initAppUpdate/hivemq-platform-operator-init-app-1.7.0-SNAPSHOT.jar
2025-01-30 18:47:19,574 INFO c.h.h.t.HelmChartContainer - [hivemq-test-hivemq-platform] [hivemq-platform-operator] [e91b5f58] 18:47:19.572 [main] INFO  c.h.p.o.HiveMQPlatformOperatorApplication - Additional imagePullSecret for all Platform deployments: none
2025-01-30 18:47:19,574 INFO c.h.h.t.HelmChartContainer - [hivemq-test-hivemq-platform] [hivemq-platform-operator] [e91b5f58] 18:47:19.572 [main] INFO  c.h.p.o.HiveMQPlatformOperatorApplication - Apply HiveMQ Platform CRD: true
2025-01-30 18:47:19,574 INFO c.h.h.t.HelmChartContainer - [hivemq-test-hivemq-platform] [hivemq-platform-operator] [e91b5f58] 18:47:19.572 [main] INFO  c.h.p.o.HiveMQPlatformOperatorApplication - Create Platform ServiceAccount: true
2025-01-30 18:47:19,574 INFO c.h.h.t.HelmChartContainer - [hivemq-test-hivemq-platform] [hivemq-platform-operator] [e91b5f58] 18:47:19.573 [main] INFO  c.h.p.o.HiveMQPlatformOperatorApplication - Create Platform ServiceAccount permissions: true
2025-01-30 18:47:19,574 INFO c.h.h.t.HelmChartContainer - [hivemq-test-hivemq-platform] [hivemq-platform-operator] [e91b5f58] 18:47:19.573 [main] INFO  c.h.p.o.HiveMQPlatformOperatorApplication - Validate Platform ServiceAccount: true
2025-01-30 18:47:19,574 INFO c.h.h.t.HelmChartContainer - [hivemq-test-hivemq-platform] [hivemq-platform-operator] [e91b5f58] 18:47:19.573 [main] INFO  c.h.p.o.HiveMQPlatformOperatorApplication - Validate Platform ServiceAccount permissions: true
2025-01-30 18:47:19,764 INFO c.h.h.t.HelmChartContainer - [hivemq-test-hivemq-platform] [hivemq-platform-operator] [e91b5f58] 18:47:19.762 [main] INFO  c.h.platform.operator.util.CRDUtil - Verifying deployed HiveMQ Platform CRD...
2025-01-30 18:47:22,370 INFO c.h.h.t.HelmChartContainer - [hivemq-test-hivemq-platform] [hivemq-platform-operator] [e91b5f58] 18:47:22.368 [main] DEBUG c.h.platform.operator.util.CRDUtil - HiveMQ Platform CRD version v1 is up to date
2025-01-30 18:47:22,370 INFO c.h.h.t.HelmChartContainer - [hivemq-test-hivemq-platform] [hivemq-platform-operator] [e91b5f58] 18:47:22.368 [main] INFO  c.h.platform.operator.util.CRDUtil - HiveMQ Platform CRD is up to date (version: V1_6_0)
2025-01-30 18:47:22,370 INFO c.h.h.t.HelmChartContainer - [hivemq-test-hivemq-platform] [hivemq-platform-operator] [e91b5f58] 18:47:22.368 [main] INFO  c.h.platform.operator.util.CRDUtil - Waiting 10000 ms for HiveMQ Platform CRD 'hivemq-platforms.hivemq.com' to become ready...
2025-01-30 18:47:22,764 INFO c.h.h.t.HelmChartContainer - [hivemq-test-hivemq-platform] [hivemq-platform-operator] [e91b5f58] 18:47:22.762 [vert.x-eventloop-thread-1] DEBUG c.h.platform.operator.util.CRDUtil - Checking CRD condition 'NamesAccepted' (status: 'True')
2025-01-30 18:47:22,764 INFO c.h.h.t.HelmChartContainer - [hivemq-test-hivemq-platform] [hivemq-platform-operator] [e91b5f58] 18:47:22.763 [vert.x-eventloop-thread-1] DEBUG c.h.platform.operator.util.CRDUtil - Checking CRD condition 'Established' (status: 'True')
2025-01-30 18:47:22,765 INFO c.h.h.t.HelmChartContainer - [hivemq-test-hivemq-platform] [hivemq-platform-operator] [e91b5f58] 18:47:22.763 [main] INFO  c.h.platform.operator.util.CRDUtil - HiveMQ Platform CRD 'hivemq-platforms.hivemq.com' is ready
2025-01-30 18:47:22,963 INFO c.h.h.t.HelmChartContainer - [hivemq-test-hivemq-platform] [hivemq-platform-operator] [e91b5f58] 18:47:22.962 [main] INFO  c.h.p.o.HiveMQPlatformReconciler - HiveMQ Platform Operator is starting...
2025-01-30 18:47:23,067 INFO c.h.h.t.HelmChartContainer - [hivemq-test-hivemq-platform] [hivemq-platform-operator] [e91b5f58] 18:47:23.066 [main] WARN  Default ConfigurationService implementation - Configuration for reconciler 'hivemq-controller' was not found. Known reconcilers: None.
2025-01-30 18:47:23,074 INFO c.h.h.t.HelmChartContainer - [hivemq-test-hivemq-platform] [hivemq-platform-operator] [e91b5f58] 18:47:23.073 [main] INFO  Default ConfigurationService implementation - Created configuration for reconciler com.hivemq.platform.operator.HiveMQPlatformReconciler with name hivemq-controller
2025-01-30 18:47:23,237 INFO c.h.h.t.HelmChartContainer - [hivemq-test-hivemq-platform] [hivemq-platform-operator] [e91b5f58] 18:47:23.236 [main] DEBUG c.h.p.o.HiveMQPlatformReconciler - HiveMQ Platform Operator is preparing EventSources
2025-01-30 18:47:23,267 INFO c.h.h.t.HelmChartContainer - [hivemq-test-hivemq-platform] [hivemq-platform-operator] [e91b5f58] 18:47:23.266 [main] INFO  i.javaoperatorsdk.operator.Operator - Registered reconciler: 'hivemq-controller' for resource: 'class com.hivemq.platform.operator.v1.HiveMQPlatform' for namespace(s): [all namespaces]
2025-01-30 18:47:23,772 INFO c.h.h.t.HelmChartContainer - [hivemq-test-hivemq-platform] [hivemq-platform-operator] [e91b5f58] 18:47:23.771 [main] INFO  c.h.p.operator.webserver.JettyServer - Starting Jetty server on port 8080
2025-01-30 18:47:23,870 INFO c.h.h.t.HelmChartContainer - [hivemq-test-hivemq-platform] [hivemq-platform-operator] [e91b5f58] 18:47:23.869 [main] INFO  i.javaoperatorsdk.operator.Operator - Operator SDK 4.9.7 (commit: 2133d28) built on Wed Nov 20 12:56:20 UTC 2024 starting...
2025-01-30 18:47:23,870 INFO c.h.h.t.HelmChartContainer - [hivemq-test-hivemq-platform] [hivemq-platform-operator] [e91b5f58] 18:47:23.869 [main] INFO  i.javaoperatorsdk.operator.Operator - Client version: 6.13.5
2025-01-30 18:47:23,871 INFO c.h.h.t.HelmChartContainer - [hivemq-test-hivemq-platform] [hivemq-platform-operator] [e91b5f58] 18:47:23.870 [Controller Starter for: hivemq-controller] INFO  i.j.operator.processing.Controller - Starting 'hivemq-controller' controller for reconciler: com.hivemq.platform.operator.HiveMQPlatformReconciler, resource: com.hivemq.platform.operator.v1.HiveMQPlatform
2025-01-30 18:47:26,069 INFO c.h.h.t.HelmChartContainer - [hivemq-test-hivemq-platform] [hivemq-platform-operator] [e91b5f58] 18:47:26.068 [Controller Starter for: hivemq-controller] INFO  i.j.operator.processing.Controller - 'hivemq-controller' controller started
2025-01-30 18:47:26,137 INFO c.h.h.t.HelmChartContainer - [hivemq-test-hivemq-platform] [hivemq-platform-operator] [e91b5f58] 18:47:26.136 [main] INFO  c.h.p.o.HiveMQPlatformOperatorApplication - HiveMQ Platform Operator 1.7.0-SNAPSHOT started in 6571 ms
2025-01-30 18:47:26,874 INFO c.h.h.t.HelmChartContainer - [POD] hivemq-test-hivemq-platform-operator-7ccc997bc4-s7nss [e91b5f58-c960-4fe8-a0c5-874b474b5514] in helmpodsecuritycontextupgradeextensionit-operator was MODIFIED
2025-01-30 18:47:26,881 INFO c.h.h.t.HelmChartContainer - [K3S] [replica_set.go:679] "Finished syncing" kind="ReplicaSet" key="helmpodsecuritycontextupgradeextensionit-operator/hivemq-test-hivemq-platform-operator-7ccc997bc4" duration="9.276043ms"
2025-01-30 18:47:26,882 INFO c.h.h.t.HelmChartContainer - [K3S] [replica_set.go:679] "Finished syncing" kind="ReplicaSet" key="helmpodsecuritycontextupgradeextensionit-operator/hivemq-test-hivemq-platform-operator-7ccc997bc4" duration="41.789µs"
2025-01-30 18:47:27,353 INFO com.hivemq.helmcharts.util.K8sUtil - Pod 'hivemq-test-hivemq-platform-operator-7ccc997bc4-s7nss' is ready
2025-01-30 18:47:27,474 DEBUG com.hivemq.helmcharts.util.PodUtil - Received status for command '[sh, -c, stat -c "%u:%g" /proc/1]' on pod 'hivemq-test-hivemq-platform-operator-7ccc997bc4-s7nss' (exit code: 0)
2025-01-30 18:47:27,484 INFO c.h.h.testcontainer.LogWaiterUtil - TEST Waiting for log pattern on 'test-hivemq-platform-0': .*Extension "HiveMQ Enterprise Distributed Tracing Extension" version .* started successfully.
2025-01-30 18:47:27,549 DEBUG c.h.h.t.HelmChartContainer - Executing helm command: /bin/helm --kubeconfig /etc/rancher/k3s/k3s.yaml install test-hivemq-platform /charts/hivemq-platform --wait --timeout 5m0s --set image.repository=docker.io/hivemq --set image.tag=4.36.0 --set image.pullPolicy=Never --set nodes.resources.cpu=512m -f /files/platform-pod-security-context-non-root-user-with-tracing-extension-values.yaml --namespace helmpodsecuritycontextupgradeextensionit
2025-01-30 18:47:27,865 INFO c.h.h.t.HelmChartContainer - [hivemq-test-hivemq-platform] [hivemq-platform-operator] [e91b5f58] 18:47:27.863 [-2082509879-pool-1-thread-4] WARN  i.m.p.PrometheusMeterRegistry - The meter (MeterId{name='operator.sdk.events.received', tags=[tag(action=ADDED),tag(event=ResourceEvent),tag(group=hivemq.com),tag(kind=HiveMQPlatform),tag(name=test-hivemq-platform),tag(namespace=helmpodsecuritycontextupgradeextensionit),tag(scope=namespace),tag(version=v1)]}) registration has failed: Prometheus requires that all meters with the same name have the same set of tag keys. There is already an existing meter named 'operator.sdk.events.received' containing tag keys [event, group, kind, name, namespace, scope, version]. The meter you are attempting to register has keys [action, event, group, kind, name, namespace, scope, version]. Note that subsequent logs will be logged at debug level.
2025-01-30 18:47:28,370 INFO c.h.h.t.HelmChartContainer - [hivemq-test-hivemq-platform] [hivemq-platform-operator] [e91b5f58] 18:47:28.369 [pool-6-thread-3] DEBUG c.h.p.o.dependants.PodInfoConfigMap - [helmpods] Desired PodInfo ConfigMap (1 extensions) (1 enabled)
2025-01-30 18:47:28,373 INFO c.h.h.t.HelmChartContainer - [hivemq-test-hivemq-platform] [hivemq-platform-operator] [e91b5f58] 18:47:28.369 [pool-6-thread-3] DEBUG c.h.p.o.dependants.PodInfoConfigMap - [helmpods] Desired PodInfo ConfigMap (metrics port: 9399) (metrics path: /)
2025-01-30 18:47:28,373 INFO c.h.h.t.HelmChartContainer - [hivemq-test-hivemq-platform] [hivemq-platform-operator] [e91b5f58] 18:47:28.370 [pool-6-thread-3] DEBUG c.h.p.o.dependants.PodInfoConfigMap - [helmpods] Desired PodInfo ConfigMap (extension state hash: -99555109)
2025-01-30 18:47:28,374 INFO c.h.h.t.HelmChartContainer - [hivemq-test-hivemq-platform] [hivemq-platform-operator] [e91b5f58] 18:47:28.372 [pool-6-thread-3] DEBUG c.h.p.o.dependants.PodInfoConfigMap - [helmpods] Create PodInfo ConfigMap
2025-01-30 18:47:28,477 INFO c.h.h.t.HelmChartContainer - [hivemq-test-hivemq-platform] [hivemq-platform-operator] [e91b5f58] 18:47:28.475 [pool-6-thread-5] DEBUG c.h.p.o.dependants.PodRoleResource - [helmpods] Create Role: Role(apiVersion=rbac.authorization.k8s.io/v1, kind=Role, metadata=ObjectMeta(annotations={meta.helm.sh/release-name=test-hivemq-platform, meta.helm.sh/release-namespace=helmpodsecuritycontextupgradeextensionit}, creationTimestamp=null, deletionGracePeriodSeconds=null, deletionTimestamp=null, finalizers=[], generateName=null, generation=null, labels={helm.sh/chart=hivemq-platform-0.2.32, app.kubernetes.io/managed-by=Helm, app.kubernetes.io/name=hivemq-platform, hivemq-platform=test-hivemq-platform, app.kubernetes.io/instance=test-hivemq-platform, app.kubernetes.io/version=4.36.0}, managedFields=[], name=hivemq-platform-role-test-hivemq-platform, namespace=helmpodsecuritycontextupgradeextensionit, ownerReferences=[OwnerReference(apiVersion=hivemq.com/v1, blockOwnerDeletion=null, controller=null, kind=HiveMQPlatform, name=test-hivemq-platform, uid=7a69c85a-862f-4bfb-b57c-a6ac358e4bbd, additionalProperties={})], resourceVersion=null, selfLink=null, uid=null, additionalProperties={}), rules=[PolicyRule(apiGroups=[], nonResourceURLs=[], resourceNames=[], resources=[pods], verbs=[get, patch, update], additionalProperties={})], additionalProperties={})
2025-01-30 18:47:28,667 INFO c.h.h.t.HelmChartContainer - [hivemq-test-hivemq-platform] [hivemq-platform-operator] [e91b5f58] 18:47:28.666 [pool-6-thread-7] DEBUG c.h.p.o.d.PodServiceAccountResource - [helmpods] Desired PodServiceAccountResource (serviceAccountName: hivemq-platform-pod-test-hivemq-platform)
2025-01-30 18:47:28,668 INFO c.h.h.t.HelmChartContainer - [hivemq-test-hivemq-platform] [hivemq-platform-operator] [e91b5f58] 18:47:28.667 [pool-6-thread-7] DEBUG c.h.p.o.d.PodServiceAccountResource - [helmpods] Create ServiceAccount 'hivemq-platform-pod-test-hivemq-platform'
2025-01-30 18:47:28,773 INFO c.h.h.t.HelmChartContainer - [hivemq-test-hivemq-platform] [hivemq-platform-operator] [e91b5f58] 18:47:28.772 [pool-6-thread-10] DEBUG c.h.p.o.d.PodRoleBindingResource - [helmpods] Create RoleBinding: RoleBinding(apiVersion=rbac.authorization.k8s.io/v1, kind=RoleBinding, metadata=ObjectMeta(annotations={meta.helm.sh/release-name=test-hivemq-platform, meta.helm.sh/release-namespace=helmpodsecuritycontextupgradeextensionit}, creationTimestamp=null, deletionGracePeriodSeconds=null, deletionTimestamp=null, finalizers=[], generateName=null, generation=null, labels={helm.sh/chart=hivemq-platform-0.2.32, app.kubernetes.io/managed-by=Helm, app.kubernetes.io/name=hivemq-platform, hivemq-platform=test-hivemq-platform, app.kubernetes.io/instance=test-hivemq-platform, app.kubernetes.io/version=4.36.0}, managedFields=[], name=hivemq-platform-role-binding-test-hivemq-platform, namespace=helmpodsecuritycontextupgradeextensionit, ownerReferences=[OwnerReference(apiVersion=hivemq.com/v1, blockOwnerDeletion=null, controller=null, kind=HiveMQPlatform, name=test-hivemq-platform, uid=7a69c85a-862f-4bfb-b57c-a6ac358e4bbd, additionalProperties={})], resourceVersion=null, selfLink=null, uid=null, additionalProperties={}), roleRef=RoleRef(apiGroup=rbac.authorization.k8s.io, kind=Role, name=hivemq-platform-role-test-hivemq-platform, additionalProperties={}), subjects=[Subject(apiGroup=null, kind=ServiceAccount, name=hivemq-platform-pod-test-hivemq-platform, namespace=helmpodsecuritycontextupgradeextensionit, additionalProperties={})], additionalProperties={})
2025-01-30 18:47:28,865 INFO c.h.h.t.HelmChartContainer - [hivemq-test-hivemq-platform] [hivemq-platform-operator] [e91b5f58] 18:47:28.863 [ReconcilerExecutor-hivemq-controller-54] INFO  c.h.p.o.HiveMQPlatformReconciler - [helmpods] Reconciling HiveMQ Platform 'test-hivemq-platform' in namespace 'helmpodsecuritycontextupgradeextensionit'
2025-01-30 18:47:28,865 INFO c.h.h.t.HelmChartContainer - [hivemq-test-hivemq-platform] [hivemq-platform-operator] [e91b5f58] 18:47:28.864 [ReconcilerExecutor-hivemq-controller-54] DEBUG c.h.p.o.HiveMQPlatformReconciler - [helmpods] Custom Resource Status CREATED - HiveMQ Platform was created (READY)
2025-01-30 18:47:28,866 INFO c.h.h.t.HelmChartContainer - [hivemq-test-hivemq-platform] [hivemq-platform-operator] [e91b5f58] 18:47:28.864 [ReconcilerExecutor-hivemq-controller-54] DEBUG c.h.p.o.HiveMQPlatformReconciler - [helmpods] Custom Resource Spec (replicas: 1) (extensions: 1)
2025-01-30 18:47:28,871 INFO c.h.h.t.HelmChartContainer - [hivemq-test-hivemq-platform] [hivemq-platform-operator] [e91b5f58] 18:47:28.870 [ReconcilerExecutor-hivemq-controller-54] INFO  c.h.p.o.h.HiveMQPlatformReconcilerBaseHandler - [helmpods] HiveMQ Platform is starting
2025-01-30 18:47:29,037 INFO c.h.h.t.HelmChartContainer - [hivemq-test-hivemq-platform] [hivemq-platform-operator] [e91b5f58] 18:47:29.036 [ReconcilerExecutor-hivemq-controller-54] DEBUG c.h.p.operator.event.EventSender - [helmpods] Creating K8s event hivemq-platform-starting: [Start] HiveMQ Platform is starting
2025-01-30 18:47:29,070 INFO c.h.h.t.HelmChartContainer - [EVENT] Normal [Start] HiveMQ Platform is starting [helmpodsecuritycontextupgradeextensionit:test-hivemq-platform]
2025-01-30 18:47:29,074 INFO c.h.h.t.HelmChartContainer - [hivemq-test-hivemq-platform] [hivemq-platform-operator] [e91b5f58] 18:47:29.073 [ReconcilerExecutor-hivemq-controller-54] INFO  c.h.p.o.h.AbstractHiveMQReconcilerStateHandler - [helmpods] Update HiveMQ Platform Status (CREATED [READY] -> STARTING [READY]): HiveMQ Platform is starting
2025-01-30 18:47:29,085 DEBUG com.hivemq.helmcharts.util.K8sUtil - Comparing actual state 'STARTING' and waiting for 'RUNNING'
2025-01-30 18:47:39,170 INFO c.h.h.t.HelmChartContainer - [hivemq-test-hivemq-platform] [hivemq-platform-operator] [e91b5f58] 18:47:39.168 [pool-6-thread-12] DEBUG c.h.p.o.d.PlatformServiceResource - [helmpods] Desired Platform services (3 services)
2025-01-30 18:47:39,177 INFO c.h.h.t.HelmChartContainer - [hivemq-test-hivemq-platform] [hivemq-platform-operator] [e91b5f58] 18:47:39.173 [pool-6-thread-17] DEBUG c.h.p.o.d.PodServiceAccountResource - [helmpods] Desired PodServiceAccountResource (serviceAccountName: hivemq-platform-pod-test-hivemq-platform)
2025-01-30 18:47:39,180 INFO c.h.h.t.HelmChartContainer - [hivemq-test-hivemq-platform] [hivemq-platform-operator] [e91b5f58] 18:47:39.174 [pool-6-thread-13] DEBUG c.h.p.o.dependants.PodInfoConfigMap - [helmpods] Desired PodInfo ConfigMap (1 extensions) (1 enabled)
2025-01-30 18:47:39,180 INFO c.h.h.t.HelmChartContainer - [hivemq-test-hivemq-platform] [hivemq-platform-operator] [e91b5f58] 18:47:39.174 [pool-6-thread-13] DEBUG c.h.p.o.dependants.PodInfoConfigMap - [helmpods] Desired PodInfo ConfigMap (metrics port: 9399) (metrics path: /)
2025-01-30 18:47:39,180 INFO c.h.h.t.HelmChartContainer - [hivemq-test-hivemq-platform] [hivemq-platform-operator] [e91b5f58] 18:47:39.174 [pool-6-thread-13] DEBUG c.h.p.o.dependants.PodInfoConfigMap - [helmpods] Desired PodInfo ConfigMap (extension state hash: -99555109)
2025-01-30 18:47:39,269 INFO c.h.h.t.HelmChartContainer - [hivemq-test-hivemq-platform] [hivemq-platform-operator] [e91b5f58] 18:47:39.265 [pool-6-thread-13] DEBUG c.h.p.o.dependants.PodInfoConfigMap - [helmpods] Update PodInfo ConfigMap
2025-01-30 18:47:39,272 INFO c.h.h.t.HelmChartContainer - [K3S] [alloc.go:330] "allocated clusterIPs" service="helmpodsecuritycontextupgradeextensionit/hivemq-test-hivemq-platform-mqtt-1883" clusterIPs={"IPv4":"10.43.24.253"}
2025-01-30 18:47:39,284 INFO c.h.h.t.HelmChartContainer - [K3S] [alloc.go:330] "allocated clusterIPs" service="helmpodsecuritycontextupgradeextensionit/hivemq-test-hivemq-platform-cc-8080" clusterIPs={"IPv4":"10.43.11.220"}
2025-01-30 18:47:39,369 INFO c.h.h.t.HelmChartContainer - [K3S] [alloc.go:330] "allocated clusterIPs" service="helmpodsecuritycontextupgradeextensionit/hivemq-test-hivemq-platform-metrics-9399" clusterIPs={"IPv4":"10.43.99.184"}
2025-01-30 18:47:39,380 INFO c.h.h.t.HelmChartContainer - [hivemq-test-hivemq-platform] [hivemq-platform-operator] [e91b5f58] 18:47:39.379 [pool-6-thread-20] DEBUG c.h.p.o.d.StatefulSetResource - [helmpods] Desired StatefulSet (1 replicas) for status STARTING (READY)
2025-01-30 18:47:39,468 INFO c.h.h.t.HelmChartContainer - [hivemq-test-hivemq-platform] [hivemq-platform-operator] [e91b5f58] 18:47:39.467 [pool-6-thread-20] DEBUG c.h.p.o.d.StatefulSetResource - [helmpods] Create StatefulSet
2025-01-30 18:47:39,494 INFO c.h.h.t.HelmChartContainer - [POD] test-hivemq-platform-0 [0d810b67-71d5-4c1c-bf1e-05b355693830] in helmpodsecuritycontextupgradeextensionit was ADDED
2025-01-30 18:47:39,497 INFO c.h.h.t.HelmChartContainer - [EVENT] Normal [SuccessfulCreate] create Pod test-hivemq-platform-0 in StatefulSet test-hivemq-platform successful [helmpodsecuritycontextupgradeextensionit:test-hivemq-platform]
2025-01-30 18:47:39,501 INFO c.h.h.t.HelmChartContainer - [EVENT] Normal [Scheduled] Successfully assigned helmpodsecuritycontextupgradeextensionit/test-hivemq-platform-0 to 96c0d6c16666 [helmpodsecuritycontextupgradeextensionit:test-hivemq-platform-0]
2025-01-30 18:47:39,506 INFO c.h.h.t.HelmChartContainer - [POD] test-hivemq-platform-0 [0d810b67-71d5-4c1c-bf1e-05b355693830] in helmpodsecuritycontextupgradeextensionit was MODIFIED
2025-01-30 18:47:39,512 INFO c.h.h.t.HelmChartContainer - [POD] test-hivemq-platform-0 [0d810b67-71d5-4c1c-bf1e-05b355693830] in helmpodsecuritycontextupgradeextensionit was MODIFIED
2025-01-30 18:47:39,564 INFO c.h.h.t.HelmChartContainer - [hivemq-test-hivemq-platform] [hivemq-platform-operator] [e91b5f58] 18:47:39.562 [ReconcilerExecutor-hivemq-controller-65] INFO  c.h.p.o.HiveMQPlatformReconciler - [helmpods] Reconciling HiveMQ Platform 'test-hivemq-platform' in namespace 'helmpodsecuritycontextupgradeextensionit'
2025-01-30 18:47:39,565 INFO c.h.h.t.HelmChartContainer - [hivemq-test-hivemq-platform] [hivemq-platform-operator] [e91b5f58] 18:47:39.562 [ReconcilerExecutor-hivemq-controller-65] DEBUG c.h.p.o.HiveMQPlatformReconciler - [helmpods] Custom Resource Status STARTING - HiveMQ Platform is starting (READY)
2025-01-30 18:47:39,565 INFO c.h.h.t.HelmChartContainer - [hivemq-test-hivemq-platform] [hivemq-platform-operator] [e91b5f58] 18:47:39.562 [ReconcilerExecutor-hivemq-controller-65] DEBUG c.h.p.o.HiveMQPlatformReconciler - [helmpods] Custom Resource Spec (replicas: 1) (extensions: 1)
2025-01-30 18:47:39,576 INFO c.h.h.t.HelmChartContainer - [hivemq-test-hivemq-platform] [hivemq-platform-operator] [e91b5f58] 18:47:39.575 [ReconcilerExecutor-hivemq-controller-65] DEBUG c.h.p.o.HiveMQPlatformReconciler - [helmpods] StatefulSet Status (revision: test-hivemq-platform-f6cdc458c, replicas: 1, available: 0, ready: 0, current: 1, updated: 1)
2025-01-30 18:47:39,578 INFO c.h.h.t.HelmChartContainer - [hivemq-test-hivemq-platform] [hivemq-platform-operator] [e91b5f58] 18:47:39.576 [ReconcilerExecutor-hivemq-controller-65] DEBUG c.h.p.o.HiveMQPlatformReconciler - [helmpods] StatefulSet Spec (replicas: 1, init containers: 1, containers: 1, volumes: 4)
2025-01-30 18:47:39,599 INFO c.h.h.t.HelmChartContainer - [K3S] [reconciler_common.go:251] "operationExecutor.VerifyControllerAttachedVolume started for volume \"pod-info\" (UniqueName: \"kubernetes.io/configmap/0d810b67-71d5-4c1c-bf1e-05b355693830-pod-info\") pod \"test-hivemq-platform-0\" (UID: \"0d810b67-71d5-4c1c-bf1e-05b355693830\") " pod="helmpodsecuritycontextupgradeextensionit/test-hivemq-platform-0"
2025-01-30 18:47:39,599 INFO c.h.h.t.HelmChartContainer - [K3S] [reconciler_common.go:251] "operationExecutor.VerifyControllerAttachedVolume started for volume \"extension-configuration-hivemq-distributed-tracing-extension\" (UniqueName: \"kubernetes.io/configmap/0d810b67-71d5-4c1c-bf1e-05b355693830-extension-configuration-hivemq-distributed-tracing-extension\") pod \"test-hivemq-platform-0\" (UID: \"0d810b67-71d5-4c1c-bf1e-05b355693830\") " pod="helmpodsecuritycontextupgradeextensionit/test-hivemq-platform-0"
2025-01-30 18:47:39,599 INFO c.h.h.t.HelmChartContainer - [K3S] [reconciler_common.go:251] "operationExecutor.VerifyControllerAttachedVolume started for volume \"broker-configuration\" (UniqueName: \"kubernetes.io/configmap/0d810b67-71d5-4c1c-bf1e-05b355693830-broker-configuration\") pod \"test-hivemq-platform-0\" (UID: \"0d810b67-71d5-4c1c-bf1e-05b355693830\") " pod="helmpodsecuritycontextupgradeextensionit/test-hivemq-platform-0"
2025-01-30 18:47:39,599 INFO c.h.h.t.HelmChartContainer - [K3S] [reconciler_common.go:251] "operationExecutor.VerifyControllerAttachedVolume started for volume \"operator-init\" (UniqueName: \"kubernetes.io/empty-dir/0d810b67-71d5-4c1c-bf1e-05b355693830-operator-init\") pod \"test-hivemq-platform-0\" (UID: \"0d810b67-71d5-4c1c-bf1e-05b355693830\") " pod="helmpodsecuritycontextupgradeextensionit/test-hivemq-platform-0"
2025-01-30 18:47:39,599 INFO c.h.h.t.HelmChartContainer - [K3S] [reconciler_common.go:251] "operationExecutor.VerifyControllerAttachedVolume started for volume \"kube-api-access-sbdzz\" (UniqueName: \"kubernetes.io/projected/0d810b67-71d5-4c1c-bf1e-05b355693830-kube-api-access-sbdzz\") pod \"test-hivemq-platform-0\" (UID: \"0d810b67-71d5-4c1c-bf1e-05b355693830\") " pod="helmpodsecuritycontextupgradeextensionit/test-hivemq-platform-0"
2025-01-30 18:47:39,673 INFO c.h.h.t.HelmChartContainer - [hivemq-test-hivemq-platform] [hivemq-platform-operator] [e91b5f58] 18:47:39.672 [ReconcilerExecutor-hivemq-controller-65] DEBUG c.h.p.o.h.HiveMQPlatformReconcilerErrorHandler - [helmpods] Pod 'test-hivemq-platform-0' phase Pending
2025-01-30 18:47:39,674 INFO c.h.h.t.HelmChartContainer - [hivemq-test-hivemq-platform] [hivemq-platform-operator] [e91b5f58] 18:47:39.673 [ReconcilerExecutor-hivemq-controller-65] DEBUG c.h.p.o.h.HiveMQPlatformReconcilerErrorHandler - [helmpods] Pod 'test-hivemq-platform-0' condition 'PodReadyToStartContainers': False
2025-01-30 18:47:39,675 INFO c.h.h.t.HelmChartContainer - [hivemq-test-hivemq-platform] [hivemq-platform-operator] [e91b5f58] 18:47:39.673 [ReconcilerExecutor-hivemq-controller-65] DEBUG c.h.p.o.h.HiveMQPlatformReconcilerErrorHandler - [helmpods] Pod 'test-hivemq-platform-0' condition 'Initialized': False
2025-01-30 18:47:39,676 INFO c.h.h.t.HelmChartContainer - [hivemq-test-hivemq-platform] [hivemq-platform-operator] [e91b5f58] 18:47:39.674 [ReconcilerExecutor-hivemq-controller-65] DEBUG c.h.p.o.h.HiveMQPlatformReconcilerErrorHandler - [helmpods] Pod 'test-hivemq-platform-0' condition 'Ready': False
2025-01-30 18:47:39,676 INFO c.h.h.t.HelmChartContainer - [hivemq-test-hivemq-platform] [hivemq-platform-operator] [e91b5f58] 18:47:39.674 [ReconcilerExecutor-hivemq-controller-65] DEBUG c.h.p.o.h.HiveMQPlatformReconcilerErrorHandler - [helmpods] Pod 'test-hivemq-platform-0' condition 'ContainersReady': False
2025-01-30 18:47:39,676 INFO c.h.h.t.HelmChartContainer - [hivemq-test-hivemq-platform] [hivemq-platform-operator] [e91b5f58] 18:47:39.674 [ReconcilerExecutor-hivemq-controller-65] DEBUG c.h.p.o.h.HiveMQPlatformReconcilerErrorHandler - [helmpods] Pod 'test-hivemq-platform-0' condition 'PodScheduled': True
2025-01-30 18:47:39,677 INFO c.h.h.t.HelmChartContainer - [hivemq-test-hivemq-platform] [hivemq-platform-operator] [e91b5f58] 18:47:39.674 [ReconcilerExecutor-hivemq-controller-65] DEBUG c.h.p.o.h.HiveMQPlatformReconcilerErrorHandler - [helmpods] Pod 'test-hivemq-platform-0' containerStatus 'hivemq' (started: false) (ready: false) (waiting: [PodInitializing] null)
2025-01-30 18:47:39,677 INFO c.h.h.t.HelmChartContainer - [hivemq-test-hivemq-platform] [hivemq-platform-operator] [e91b5f58] 18:47:39.677 [ReconcilerExecutor-hivemq-controller-65] INFO  c.h.p.o.h.HiveMQPlatformReconcilerBaseHandler - [helmpods] HiveMQ Platform is starting, 0 of 1 replicas are ready
2025-01-30 18:47:39,766 INFO c.h.h.t.HelmChartContainer - [hivemq-test-hivemq-platform] [hivemq-platform-operator] [e91b5f58] 18:47:39.763 [pool-6-thread-22] DEBUG c.h.p.o.d.PlatformServiceResource - [helmpods] Desired Platform services (3 services)
2025-01-30 18:47:39,768 INFO c.h.h.t.HelmChartContainer - [hivemq-test-hivemq-platform] [hivemq-platform-operator] [e91b5f58] 18:47:39.767 [pool-6-thread-23] DEBUG c.h.p.o.dependants.PodInfoConfigMap - [helmpods] Desired PodInfo ConfigMap (1 extensions) (1 enabled)
2025-01-30 18:47:39,769 INFO c.h.h.t.HelmChartContainer - [hivemq-test-hivemq-platform] [hivemq-platform-operator] [e91b5f58] 18:47:39.768 [pool-6-thread-23] DEBUG c.h.p.o.dependants.PodInfoConfigMap - [helmpods] Desired PodInfo ConfigMap (metrics port: 9399) (metrics path: /)
2025-01-30 18:47:39,769 INFO c.h.h.t.HelmChartContainer - [hivemq-test-hivemq-platform] [hivemq-platform-operator] [e91b5f58] 18:47:39.769 [pool-6-thread-23] DEBUG c.h.p.o.dependants.PodInfoConfigMap - [helmpods] Desired PodInfo ConfigMap (extension state hash: -99555109)
2025-01-30 18:47:39,774 INFO c.h.h.t.HelmChartContainer - [hivemq-test-hivemq-platform] [hivemq-platform-operator] [e91b5f58] 18:47:39.773 [pool-6-thread-27] DEBUG c.h.p.o.d.PodServiceAccountResource - [helmpods] Desired PodServiceAccountResource (serviceAccountName: hivemq-platform-pod-test-hivemq-platform)
2025-01-30 18:47:39,867 INFO c.h.h.t.HelmChartContainer - [hivemq-test-hivemq-platform] [hivemq-platform-operator] [e91b5f58] 18:47:39.866 [pool-6-thread-29] DEBUG c.h.p.o.d.StatefulSetResource - [helmpods] Desired StatefulSet (1 replicas) for status STARTING (READY)
2025-01-30 18:47:39,875 INFO c.h.h.t.HelmChartContainer - [hivemq-test-hivemq-platform] [hivemq-platform-operator] [e91b5f58] 18:47:39.874 [ReconcilerExecutor-hivemq-controller-76] INFO  c.h.p.o.HiveMQPlatformReconciler - [helmpods] Reconciling HiveMQ Platform 'test-hivemq-platform' in namespace 'helmpodsecuritycontextupgradeextensionit'
2025-01-30 18:47:39,875 INFO c.h.h.t.HelmChartContainer - [hivemq-test-hivemq-platform] [hivemq-platform-operator] [e91b5f58] 18:47:39.874 [ReconcilerExecutor-hivemq-controller-76] DEBUG c.h.p.o.HiveMQPlatformReconciler - [helmpods] Custom Resource Status STARTING - HiveMQ Platform is starting (READY)
2025-01-30 18:47:39,877 INFO c.h.h.t.HelmChartContainer - [hivemq-test-hivemq-platform] [hivemq-platform-operator] [e91b5f58] 18:47:39.874 [ReconcilerExecutor-hivemq-controller-76] DEBUG c.h.p.o.HiveMQPlatformReconciler - [helmpods] Custom Resource Spec (replicas: 1) (extensions: 1)
2025-01-30 18:47:39,880 INFO c.h.h.t.HelmChartContainer - [hivemq-test-hivemq-platform] [hivemq-platform-operator] [e91b5f58] 18:47:39.878 [ReconcilerExecutor-hivemq-controller-76] DEBUG c.h.p.o.HiveMQPlatformReconciler - [helmpods] StatefulSet Status (revision: test-hivemq-platform-f6cdc458c, replicas: 1, available: 0, ready: 0, current: 1, updated: 1)
2025-01-30 18:47:39,880 INFO c.h.h.t.HelmChartContainer - [hivemq-test-hivemq-platform] [hivemq-platform-operator] [e91b5f58] 18:47:39.878 [ReconcilerExecutor-hivemq-controller-76] DEBUG c.h.p.o.HiveMQPlatformReconciler - [helmpods] StatefulSet Spec (replicas: 1, init containers: 1, containers: 1, volumes: 4)
2025-01-30 18:47:39,881 INFO c.h.h.t.HelmChartContainer - [hivemq-test-hivemq-platform] [hivemq-platform-operator] [e91b5f58] 18:47:39.880 [ReconcilerExecutor-hivemq-controller-76] DEBUG c.h.p.o.h.HiveMQPlatformReconcilerErrorHandler - [helmpods] Pod 'test-hivemq-platform-0' phase Pending
2025-01-30 18:47:39,882 INFO c.h.h.t.HelmChartContainer - [hivemq-test-hivemq-platform] [hivemq-platform-operator] [e91b5f58] 18:47:39.881 [ReconcilerExecutor-hivemq-controller-76] DEBUG c.h.p.o.h.HiveMQPlatformReconcilerErrorHandler - [helmpods] Pod 'test-hivemq-platform-0' condition 'PodReadyToStartContainers': False
2025-01-30 18:47:39,882 INFO c.h.h.t.HelmChartContainer - [hivemq-test-hivemq-platform] [hivemq-platform-operator] [e91b5f58] 18:47:39.881 [ReconcilerExecutor-hivemq-controller-76] DEBUG c.h.p.o.h.HiveMQPlatformReconcilerErrorHandler - [helmpods] Pod 'test-hivemq-platform-0' condition 'Initialized': False
2025-01-30 18:47:39,883 INFO c.h.h.t.HelmChartContainer - [hivemq-test-hivemq-platform] [hivemq-platform-operator] [e91b5f58] 18:47:39.881 [ReconcilerExecutor-hivemq-controller-76] DEBUG c.h.p.o.h.HiveMQPlatformReconcilerErrorHandler - [helmpods] Pod 'test-hivemq-platform-0' condition 'Ready': False
2025-01-30 18:47:39,883 INFO c.h.h.t.HelmChartContainer - [hivemq-test-hivemq-platform] [hivemq-platform-operator] [e91b5f58] 18:47:39.881 [ReconcilerExecutor-hivemq-controller-76] DEBUG c.h.p.o.h.HiveMQPlatformReconcilerErrorHandler - [helmpods] Pod 'test-hivemq-platform-0' condition 'ContainersReady': False
2025-01-30 18:47:39,883 INFO c.h.h.t.HelmChartContainer - [hivemq-test-hivemq-platform] [hivemq-platform-operator] [e91b5f58] 18:47:39.881 [ReconcilerExecutor-hivemq-controller-76] DEBUG c.h.p.o.h.HiveMQPlatformReconcilerErrorHandler - [helmpods] Pod 'test-hivemq-platform-0' condition 'PodScheduled': True
2025-01-30 18:47:39,883 INFO c.h.h.t.HelmChartContainer - [hivemq-test-hivemq-platform] [hivemq-platform-operator] [e91b5f58] 18:47:39.881 [ReconcilerExecutor-hivemq-controller-76] DEBUG c.h.p.o.h.HiveMQPlatformReconcilerErrorHandler - [helmpods] Pod 'test-hivemq-platform-0' containerStatus 'hivemq' (started: false) (ready: false) (waiting: [PodInitializing] null)
2025-01-30 18:47:39,883 INFO c.h.h.t.HelmChartContainer - [hivemq-test-hivemq-platform] [hivemq-platform-operator] [e91b5f58] 18:47:39.882 [ReconcilerExecutor-hivemq-controller-76] INFO  c.h.p.o.h.HiveMQPlatformReconcilerBaseHandler - [helmpods] HiveMQ Platform is starting, 0 of 1 replicas are ready
2025-01-30 18:47:39,898 INFO c.h.h.t.HelmChartContainer - [EVENT] Normal [Pulled] Container image "docker.io/hivemq/hivemq-platform-operator-init-test:snapshot" already present on machine [helmpodsecuritycontextupgradeextensionit:test-hivemq-platform-0]
2025-01-30 18:47:39,905 INFO c.h.h.t.HelmChartContainer - [EVENT] Normal [Created] Created container: hivemq-platform-operator-init [helmpodsecuritycontextupgradeextensionit:test-hivemq-platform-0]
2025-01-30 18:47:39,948 INFO c.h.h.t.HelmChartContainer - [EVENT] Normal [Started] Started container hivemq-platform-operator-init [helmpodsecuritycontextupgradeextensionit:test-hivemq-platform-0]
2025-01-30 18:47:40,904 INFO c.h.h.t.HelmChartContainer - [EVENT] Normal [Pulled] Container image "docker.io/hivemq/hivemq4:4.36.0" already present on machine [helmpodsecuritycontextupgradeextensionit:test-hivemq-platform-0]
2025-01-30 18:47:40,905 INFO c.h.h.t.HelmChartContainer - Received Pulled event for container hivemq in pod test-hivemq-platform-0 [0d810b67-71d5-4c1c-bf1e-05b355693830]
2025-01-30 18:47:40,911 INFO c.h.h.t.HelmChartContainer - [POD] test-hivemq-platform-0 [0d810b67-71d5-4c1c-bf1e-05b355693830] in helmpodsecuritycontextupgradeextensionit was MODIFIED
2025-01-30 18:47:40,937 INFO c.h.h.t.HelmChartContainer - [hivemq-test-hivemq-platform] [hivemq-platform-operator] [e91b5f58] 18:47:40.929 [pool-6-thread-32] DEBUG c.h.p.o.d.PlatformServiceResource - [helmpods] Desired Platform services (3 services)
2025-01-30 18:47:40,938 INFO c.h.h.t.HelmChartContainer - [EVENT] Normal [Created] Created container: hivemq [helmpodsecuritycontextupgradeextensionit:test-hivemq-platform-0]
2025-01-30 18:47:40,938 INFO c.h.h.t.HelmChartContainer - Received Created event for container hivemq in pod test-hivemq-platform-0 [0d810b67-71d5-4c1c-bf1e-05b355693830]
2025-01-30 18:47:40,940 INFO c.h.h.t.HelmChartContainer - [hivemq-test-hivemq-platform] [hivemq-platform-operator] [e91b5f58] 18:47:40.934 [pool-6-thread-33] DEBUG c.h.p.o.dependants.PodInfoConfigMap - [helmpods] Desired PodInfo ConfigMap (1 extensions) (1 enabled)
2025-01-30 18:47:40,940 INFO c.h.h.t.HelmChartContainer - [hivemq-test-hivemq-platform] [hivemq-platform-operator] [e91b5f58] 18:47:40.934 [pool-6-thread-33] DEBUG c.h.p.o.dependants.PodInfoConfigMap - [helmpods] Desired PodInfo ConfigMap (metrics port: 9399) (metrics path: /)
2025-01-30 18:47:40,940 INFO c.h.h.t.HelmChartContainer - [hivemq-test-hivemq-platform] [hivemq-platform-operator] [e91b5f58] 18:47:40.934 [pool-6-thread-33] DEBUG c.h.p.o.dependants.PodInfoConfigMap - [helmpods] Desired PodInfo ConfigMap (extension state hash: -99555109)
2025-01-30 18:47:40,945 INFO c.h.h.t.HelmChartContainer - [hivemq-test-hivemq-platform] [hivemq-platform-operator] [e91b5f58] 18:47:40.941 [pool-6-thread-37] DEBUG c.h.p.o.d.PodServiceAccountResource - [helmpods] Desired PodServiceAccountResource (serviceAccountName: hivemq-platform-pod-test-hivemq-platform)
2025-01-30 18:47:40,980 INFO c.h.h.t.HelmChartContainer - [hivemq-test-hivemq-platform] [hivemq-platform-operator] [e91b5f58] 18:47:40.976 [pool-6-thread-40] DEBUG c.h.p.o.d.StatefulSetResource - [helmpods] Desired StatefulSet (1 replicas) for status STARTING (READY)
2025-01-30 18:47:40,993 INFO c.h.h.t.HelmChartContainer - [hivemq-test-hivemq-platform] [hivemq-platform-operator] [e91b5f58] 18:47:40.987 [ReconcilerExecutor-hivemq-controller-87] INFO  c.h.p.o.HiveMQPlatformReconciler - [helmpods] Reconciling HiveMQ Platform 'test-hivemq-platform' in namespace 'helmpodsecuritycontextupgradeextensionit'
2025-01-30 18:47:40,993 INFO c.h.h.t.HelmChartContainer - [hivemq-test-hivemq-platform] [hivemq-platform-operator] [e91b5f58] 18:47:40.988 [ReconcilerExecutor-hivemq-controller-87] DEBUG c.h.p.o.HiveMQPlatformReconciler - [helmpods] Custom Resource Status STARTING - HiveMQ Platform is starting (READY)
2025-01-30 18:47:40,993 INFO c.h.h.t.HelmChartContainer - [hivemq-test-hivemq-platform] [hivemq-platform-operator] [e91b5f58] 18:47:40.988 [ReconcilerExecutor-hivemq-controller-87] DEBUG c.h.p.o.HiveMQPlatformReconciler - [helmpods] Custom Resource Spec (replicas: 1) (extensions: 1)
2025-01-30 18:47:41,065 INFO c.h.h.t.HelmChartContainer - [hivemq-test-hivemq-platform] [hivemq-platform-operator] [e91b5f58] 18:47:41.062 [ReconcilerExecutor-hivemq-controller-87] DEBUG c.h.p.o.HiveMQPlatformReconciler - [helmpods] StatefulSet Status (revision: test-hivemq-platform-f6cdc458c, replicas: 1, available: 0, ready: 0, current: 1, updated: 1)
2025-01-30 18:47:41,065 INFO c.h.h.t.HelmChartContainer - [hivemq-test-hivemq-platform] [hivemq-platform-operator] [e91b5f58] 18:47:41.062 [ReconcilerExecutor-hivemq-controller-87] DEBUG c.h.p.o.HiveMQPlatformReconciler - [helmpods] StatefulSet Spec (replicas: 1, init containers: 1, containers: 1, volumes: 4)
2025-01-30 18:47:41,069 INFO c.h.h.t.HelmChartContainer - [hivemq-test-hivemq-platform] [hivemq-platform-operator] [e91b5f58] 18:47:41.066 [ReconcilerExecutor-hivemq-controller-87] DEBUG c.h.p.o.h.HiveMQPlatformReconcilerErrorHandler - [helmpods] Pod 'test-hivemq-platform-0' phase Pending
2025-01-30 18:47:41,069 INFO c.h.h.t.HelmChartContainer - [hivemq-test-hivemq-platform] [hivemq-platform-operator] [e91b5f58] 18:47:41.067 [ReconcilerExecutor-hivemq-controller-87] DEBUG c.h.p.o.h.HiveMQPlatformReconcilerErrorHandler - [helmpods] Pod 'test-hivemq-platform-0' condition 'PodReadyToStartContainers': True
2025-01-30 18:47:41,069 INFO c.h.h.t.HelmChartContainer - [hivemq-test-hivemq-platform] [hivemq-platform-operator] [e91b5f58] 18:47:41.067 [ReconcilerExecutor-hivemq-controller-87] DEBUG c.h.p.o.h.HiveMQPlatformReconcilerErrorHandler - [helmpods] Pod 'test-hivemq-platform-0' condition 'Initialized': True
2025-01-30 18:47:41,069 INFO c.h.h.t.HelmChartContainer - [hivemq-test-hivemq-platform] [hivemq-platform-operator] [e91b5f58] 18:47:41.067 [ReconcilerExecutor-hivemq-controller-87] DEBUG c.h.p.o.h.HiveMQPlatformReconcilerErrorHandler - [helmpods] Pod 'test-hivemq-platform-0' condition 'Ready': False
2025-01-30 18:47:41,069 INFO c.h.h.t.HelmChartContainer - [hivemq-test-hivemq-platform] [hivemq-platform-operator] [e91b5f58] 18:47:41.067 [ReconcilerExecutor-hivemq-controller-87] DEBUG c.h.p.o.h.HiveMQPlatformReconcilerErrorHandler - [helmpods] Pod 'test-hivemq-platform-0' condition 'ContainersReady': False
2025-01-30 18:47:41,069 INFO c.h.h.t.HelmChartContainer - [hivemq-test-hivemq-platform] [hivemq-platform-operator] [e91b5f58] 18:47:41.067 [ReconcilerExecutor-hivemq-controller-87] DEBUG c.h.p.o.h.HiveMQPlatformReconcilerErrorHandler - [helmpods] Pod 'test-hivemq-platform-0' condition 'PodScheduled': True
2025-01-30 18:47:41,069 INFO c.h.h.t.HelmChartContainer - [hivemq-test-hivemq-platform] [hivemq-platform-operator] [e91b5f58] 18:47:41.067 [ReconcilerExecutor-hivemq-controller-87] DEBUG c.h.p.o.h.HiveMQPlatformReconcilerErrorHandler - [helmpods] Pod 'test-hivemq-platform-0' containerStatus 'hivemq' (started: false) (ready: false) (waiting: [PodInitializing] null)
2025-01-30 18:47:41,070 INFO c.h.h.t.HelmChartContainer - [hivemq-test-hivemq-platform] [hivemq-platform-operator] [e91b5f58] 18:47:41.068 [ReconcilerExecutor-hivemq-controller-87] INFO  c.h.p.o.h.HiveMQPlatformReconcilerBaseHandler - [helmpods] HiveMQ Platform is starting, 0 of 1 replicas are ready
2025-01-30 18:47:41,916 INFO c.h.h.t.HelmChartContainer - [POD] test-hivemq-platform-0 [0d810b67-71d5-4c1c-bf1e-05b355693830] in helmpodsecuritycontextupgradeextensionit was MODIFIED
2025-01-30 18:47:41,923 INFO c.h.h.t.HelmChartContainer - [EVENT] Normal [Started] Started container hivemq [helmpodsecuritycontextupgradeextensionit:test-hivemq-platform-0]
2025-01-30 18:47:41,923 INFO c.h.h.t.HelmChartContainer - Received Started event for container hivemq in pod test-hivemq-platform-0 [0d810b67-71d5-4c1c-bf1e-05b355693830]
2025-01-30 18:47:41,923 INFO c.h.h.t.HelmChartContainer - Started log watcher for hivemq in pod test-hivemq-platform-0 [0d810b67-71d5-4c1c-bf1e-05b355693830]
2025-01-30 18:47:41,923 INFO c.h.h.t.HelmChartContainer - [test-hivemq-platform] [hivemq] [0d810b67] Adding pre-installed HiveMQ Platform Operator extensions
2025-01-30 18:47:41,924 INFO c.h.h.t.HelmChartContainer - [test-hivemq-platform] [hivemq] [0d810b67] Running as user 10000
2025-01-30 18:47:41,924 INFO c.h.h.t.HelmChartContainer - [test-hivemq-platform] [hivemq] [0d810b67] Starting HiveMQ Platform Operator Init
2025-01-30 18:47:41,930 INFO c.h.h.t.HelmChartContainer - [hivemq-test-hivemq-platform] [hivemq-platform-operator] [e91b5f58] 18:47:41.927 [pool-6-thread-42] DEBUG c.h.p.o.d.PlatformServiceResource - [helmpods] Desired Platform services (3 services)
2025-01-30 18:47:41,934 INFO c.h.h.t.HelmChartContainer - [hivemq-test-hivemq-platform] [hivemq-platform-operator] [e91b5f58] 18:47:41.930 [pool-6-thread-43] DEBUG c.h.p.o.dependants.PodInfoConfigMap - [helmpods] Desired PodInfo ConfigMap (1 extensions) (1 enabled)
2025-01-30 18:47:41,934 INFO c.h.h.t.HelmChartContainer - [hivemq-test-hivemq-platform] [hivemq-platform-operator] [e91b5f58] 18:47:41.931 [pool-6-thread-43] DEBUG c.h.p.o.dependants.PodInfoConfigMap - [helmpods] Desired PodInfo ConfigMap (metrics port: 9399) (metrics path: /)
2025-01-30 18:47:41,934 INFO c.h.h.t.HelmChartContainer - [hivemq-test-hivemq-platform] [hivemq-platform-operator] [e91b5f58] 18:47:41.931 [pool-6-thread-43] DEBUG c.h.p.o.dependants.PodInfoConfigMap - [helmpods] Desired PodInfo ConfigMap (extension state hash: -99555109)
2025-01-30 18:47:41,935 INFO c.h.h.t.HelmChartContainer - [hivemq-test-hivemq-platform] [hivemq-platform-operator] [e91b5f58] 18:47:41.933 [pool-6-thread-47] DEBUG c.h.p.o.d.PodServiceAccountResource - [helmpods] Desired PodServiceAccountResource (serviceAccountName: hivemq-platform-pod-test-hivemq-platform)
2025-01-30 18:47:41,966 INFO c.h.h.t.HelmChartContainer - [hivemq-test-hivemq-platform] [hivemq-platform-operator] [e91b5f58] 18:47:41.964 [pool-6-thread-49] DEBUG c.h.p.o.d.StatefulSetResource - [helmpods] Desired StatefulSet (1 replicas) for status STARTING (READY)
2025-01-30 18:47:41,970 INFO c.h.h.t.HelmChartContainer - [hivemq-test-hivemq-platform] [hivemq-platform-operator] [e91b5f58] 18:47:41.969 [ReconcilerExecutor-hivemq-controller-98] INFO  c.h.p.o.HiveMQPlatformReconciler - [helmpods] Reconciling HiveMQ Platform 'test-hivemq-platform' in namespace 'helmpodsecuritycontextupgradeextensionit'
2025-01-30 18:47:41,971 INFO c.h.h.t.HelmChartContainer - [hivemq-test-hivemq-platform] [hivemq-platform-operator] [e91b5f58] 18:47:41.969 [ReconcilerExecutor-hivemq-controller-98] DEBUG c.h.p.o.HiveMQPlatformReconciler - [helmpods] Custom Resource Status STARTING - HiveMQ Platform is starting (READY)
2025-01-30 18:47:41,971 INFO c.h.h.t.HelmChartContainer - [hivemq-test-hivemq-platform] [hivemq-platform-operator] [e91b5f58] 18:47:41.969 [ReconcilerExecutor-hivemq-controller-98] DEBUG c.h.p.o.HiveMQPlatformReconciler - [helmpods] Custom Resource Spec (replicas: 1) (extensions: 1)
2025-01-30 18:47:41,973 INFO c.h.h.t.HelmChartContainer - [hivemq-test-hivemq-platform] [hivemq-platform-operator] [e91b5f58] 18:47:41.972 [ReconcilerExecutor-hivemq-controller-98] DEBUG c.h.p.o.HiveMQPlatformReconciler - [helmpods] StatefulSet Status (revision: test-hivemq-platform-f6cdc458c, replicas: 1, available: 0, ready: 0, current: 1, updated: 1)
2025-01-30 18:47:41,974 INFO c.h.h.t.HelmChartContainer - [hivemq-test-hivemq-platform] [hivemq-platform-operator] [e91b5f58] 18:47:41.973 [ReconcilerExecutor-hivemq-controller-98] DEBUG c.h.p.o.HiveMQPlatformReconciler - [helmpods] StatefulSet Spec (replicas: 1, init containers: 1, containers: 1, volumes: 4)
2025-01-30 18:47:41,977 INFO c.h.h.t.HelmChartContainer - [hivemq-test-hivemq-platform] [hivemq-platform-operator] [e91b5f58] 18:47:41.976 [ReconcilerExecutor-hivemq-controller-98] DEBUG c.h.p.o.h.HiveMQPlatformReconcilerErrorHandler - [helmpods] Pod 'test-hivemq-platform-0' phase Running
2025-01-30 18:47:41,979 INFO c.h.h.t.HelmChartContainer - [hivemq-test-hivemq-platform] [hivemq-platform-operator] [e91b5f58] 18:47:41.977 [ReconcilerExecutor-hivemq-controller-98] INFO  c.h.p.o.h.HiveMQPlatformReconcilerBaseHandler - [helmpods] HiveMQ Platform is starting, 0 of 1 replicas are ready
2025-01-30 18:47:42,208 INFO c.h.h.t.HelmChartContainer - [test-hivemq-platform] [hivemq] [0d810b67] INFO  - [HiveMQ Platform Operator Init 1.7.0-SNAPSHOT] HiveMQ Platform Operator Init 1.7.0-SNAPSHOT (commit: 47e3375 on branch: HEAD) built on Thu Jan 30 03:55:50 UTC 2025
2025-01-30 18:47:43,399 INFO c.h.h.t.HelmChartContainer - [test-hivemq-platform] [hivemq] [0d810b67] INFO  - [HiveMQ Platform Operator Init App 1.7.0-SNAPSHOT] Using bind address 10.42.0.10 from environment variable
2025-01-30 18:47:44,301 INFO c.h.h.t.HelmChartContainer - [test-hivemq-platform] [hivemq] [0d810b67] INFO  - [HiveMQ Platform Operator Init App 1.7.0-SNAPSHOT] HiveMQ Platform Operator Init App 1.7.0-SNAPSHOT (commit: 47e3375 on branch: HEAD) built on Thu Jan 30 03:55:50 UTC 2025
2025-01-30 18:47:44,301 INFO c.h.h.t.HelmChartContainer - [test-hivemq-platform] [hivemq] [0d810b67] INFO  - [HiveMQ Platform Operator Init App 1.7.0-SNAPSHOT] PodInfo ConfigMap directory: /etc/podinfo
2025-01-30 18:47:44,302 INFO c.h.h.t.HelmChartContainer - [test-hivemq-platform] [hivemq] [0d810b67] INFO  - [HiveMQ Platform Operator Init App 1.7.0-SNAPSHOT] HiveMQ home directory: /opt/hivemq
2025-01-30 18:47:44,303 INFO c.h.h.t.HelmChartContainer - [test-hivemq-platform] [hivemq] [0d810b67] INFO  - [HiveMQ Platform Operator Init App 1.7.0-SNAPSHOT] HiveMQ Logback folder: /opt/hivemq/conf
2025-01-30 18:47:44,303 INFO c.h.h.t.HelmChartContainer - [test-hivemq-platform] [hivemq] [0d810b67] INFO  - [HiveMQ Platform Operator Init App 1.7.0-SNAPSHOT] HiveMQ Config folder: /opt/hivemq/conf-k8s
2025-01-30 18:47:44,303 INFO c.h.h.t.HelmChartContainer - [test-hivemq-platform] [hivemq] [0d810b67] INFO  - [HiveMQ Platform Operator Init App 1.7.0-SNAPSHOT] Starting HiveMQ Platform Operator Init App
2025-01-30 18:47:44,304 INFO c.h.h.t.HelmChartContainer - [test-hivemq-platform] [hivemq] [0d810b67] INFO  - [HiveMQ Platform Operator Init App 1.7.0-SNAPSHOT] Starting Pod reconciler
2025-01-30 18:47:45,487 INFO c.h.h.t.HelmChartContainer - [test-hivemq-platform] [hivemq] [0d810b67] INFO  - [HiveMQ Platform Operator Init App 1.7.0-SNAPSHOT] Pod reconciler is scheduled (interval: 5000 ms)
2025-01-30 18:47:45,488 INFO c.h.h.t.HelmChartContainer - [test-hivemq-platform] [hivemq] [0d810b67] INFO  - [HiveMQ Platform Operator Init App 1.7.0-SNAPSHOT] Starting the REST API on 10.42.0.10:7979
2025-01-30 18:47:45,497 INFO c.h.h.t.HelmChartContainer - [test-hivemq-platform] [hivemq] [0d810b67] INFO  - [HiveMQ Platform Operator Init App 1.7.0-SNAPSHOT] Waiting up to 600s for at most 1 HiveMQ nodes in cluster service hivemq-test-hivemq-platform-cluster.helmpodsecuritycontextupgradeextensionit.svc
2025-01-30 18:47:45,885 INFO c.h.h.t.HelmChartContainer - [test-hivemq-platform] [hivemq] [0d810b67] INFO  - [HiveMQ Platform Operator Init App 1.7.0-SNAPSHOT] Resolved 1 IP addresses: [10.42.0.10]
2025-01-30 18:47:45,885 INFO c.h.h.t.HelmChartContainer - [test-hivemq-platform] [hivemq] [0d810b67] INFO  - [HiveMQ Platform Operator Init App 1.7.0-SNAPSHOT] HiveMQ node count of 1 is within threshold of 1
2025-01-30 18:47:45,885 INFO c.h.h.t.HelmChartContainer - [test-hivemq-platform] [hivemq] [0d810b67] INFO  - [HiveMQ Platform Operator Init App 1.7.0-SNAPSHOT] Proceeding with container start
2025-01-30 18:47:45,914 INFO c.h.h.t.HelmChartContainer - [test-hivemq-platform] [hivemq] [0d810b67] INFO  - [HiveMQ Platform Operator Init App 1.7.0-SNAPSHOT] Initializing HiveMQ Platform extensions with initial configuration: {hivemq-distributed-tracing-extension={start-priority=-1, skip-https-hostname-verification=false, restart=false, config-version=1066, header-version=0, c-uri=, priority=-1, uri=preinstalled, skip-https-certificate-validation=false, enabled=true}, hivemq-prometheus-extension={start-priority=-1, priority=-1, restart=true, enabled=true, request-header-path=no-request-headers, uri=preinstalled, skip-https-certificate-validation=false, skip-https-hostname-verification=false, c-uri=}}
2025-01-30 18:47:46,397 INFO c.h.h.t.HelmChartContainer - [test-hivemq-platform] [hivemq] [0d810b67] INFO  - [HiveMQ Platform Operator Init App 1.7.0-SNAPSHOT] Successfully enabled extension hivemq-distributed-tracing-extension
2025-01-30 18:47:46,482 INFO c.h.h.t.HelmChartContainer - [test-hivemq-platform] [hivemq] [0d810b67] INFO  - [HiveMQ Platform Operator Init App 1.7.0-SNAPSHOT] Successfully enabled extension hivemq-prometheus-extension
2025-01-30 18:47:46,484 INFO c.h.h.t.HelmChartContainer - [test-hivemq-platform] [hivemq] [0d810b67] INFO  - [HiveMQ Platform Operator Init App 1.7.0-SNAPSHOT] Starting HiveMQ Platform version 4.36.0 (4.36.0)
2025-01-30 18:47:46,484 INFO c.h.h.t.HelmChartContainer - [test-hivemq-platform] [hivemq] [0d810b67] INFO  - [HiveMQ Platform Operator Init App 1.7.0-SNAPSHOT] Configuring the HiveMQ Platform
2025-01-30 18:47:46,504 INFO c.h.h.t.HelmChartContainer - [test-hivemq-platform] [hivemq] [0d810b67] INFO  - [HiveMQ Platform Operator Init App 1.7.0-SNAPSHOT] Changed logback.xml file scan period to 20 seconds
2025-01-30 18:47:46,586 INFO c.h.h.t.HelmChartContainer - [test-hivemq-platform] [hivemq] [0d810b67] INFO  - [HiveMQ Platform Operator Init App 1.7.0-SNAPSHOT] Starting the HiveMQ Platform
2025-01-30 18:47:46,597 INFO c.h.h.t.HelmChartContainer - [test-hivemq-platform] [hivemq] [0d810b67] -------------------------------------------------------------------------
2025-01-30 18:47:46,598 INFO c.h.h.t.HelmChartContainer - [test-hivemq-platform] [hivemq] [0d810b67] 
2025-01-30 18:47:46,598 INFO c.h.h.t.HelmChartContainer - [test-hivemq-platform] [hivemq] [0d810b67]                   _    _  _              __  __   ____
2025-01-30 18:47:46,598 INFO c.h.h.t.HelmChartContainer - [test-hivemq-platform] [hivemq] [0d810b67]                  | |  | |(_)            |  \/  | / __ \
2025-01-30 18:47:46,598 INFO c.h.h.t.HelmChartContainer - [test-hivemq-platform] [hivemq] [0d810b67]                  | |__| | _ __   __ ___ | \  / || |  | |
2025-01-30 18:47:46,598 INFO c.h.h.t.HelmChartContainer - [test-hivemq-platform] [hivemq] [0d810b67]                  |  __  || |\ \ / // _ \| |\/| || |  | |
2025-01-30 18:47:46,598 INFO c.h.h.t.HelmChartContainer - [test-hivemq-platform] [hivemq] [0d810b67]                  | |  | || | \ V /|  __/| |  | || |__| |
2025-01-30 18:47:46,598 INFO c.h.h.t.HelmChartContainer - [test-hivemq-platform] [hivemq] [0d810b67]                  |_|  |_||_|  \_/  \___||_|  |_| \___\_\
2025-01-30 18:47:46,598 INFO c.h.h.t.HelmChartContainer - [test-hivemq-platform] [hivemq] [0d810b67] 
2025-01-30 18:47:46,598 INFO c.h.h.t.HelmChartContainer - [test-hivemq-platform] [hivemq] [0d810b67] -------------------------------------------------------------------------
2025-01-30 18:47:46,598 INFO c.h.h.t.HelmChartContainer - [test-hivemq-platform] [hivemq] [0d810b67] 
2025-01-30 18:47:46,598 INFO c.h.h.t.HelmChartContainer - [test-hivemq-platform] [hivemq] [0d810b67]   HiveMQ Start Script for Linux/Unix v1.14
2025-01-30 18:47:46,598 INFO c.h.h.t.HelmChartContainer - [test-hivemq-platform] [hivemq] [0d810b67] 
2025-01-30 18:47:46,687 INFO c.h.h.t.HelmChartContainer - [test-hivemq-platform] [hivemq] [0d810b67] -------------------------------------------------------------------------
2025-01-30 18:47:46,687 INFO c.h.h.t.HelmChartContainer - [test-hivemq-platform] [hivemq] [0d810b67] 
2025-01-30 18:47:46,687 INFO c.h.h.t.HelmChartContainer - [test-hivemq-platform] [hivemq] [0d810b67]   HIVEMQ_HOME: /opt/hivemq
2025-01-30 18:47:46,687 INFO c.h.h.t.HelmChartContainer - [test-hivemq-platform] [hivemq] [0d810b67] 
2025-01-30 18:47:46,687 INFO c.h.h.t.HelmChartContainer - [test-hivemq-platform] [hivemq] [0d810b67]   JAVA_OPTS: -XX:+UnlockExperimentalVMOptions -XX:InitialRAMPercentage=50 -XX:MaxRAMPercentage=50 -Djava.net.preferIPv4Stack=true --add-opens java.base/java.lang=ALL-UNNAMED --add-opens java.base/java.nio=ALL-UNNAMED --add-opens java.base/sun.nio.ch=ALL-UNNAMED --add-opens jdk.management/com.sun.management.internal=ALL-UNNAMED --add-exports java.base/jdk.internal.misc=ALL-UNNAMED -Djava.security.egd=file:/dev/./urandom -Dcom.sun.management.jmxremote -Dcom.sun.management.jmxremote.port=9010 -Dcom.sun.management.jmxremote.local.only=false -Dcom.sun.management.jmxremote.authenticate=false -Dcom.sun.management.jmxremote.ssl=false -Duser.language=en -Duser.region=US -XX:+CrashOnOutOfMemoryError -XX:+HeapDumpOnOutOfMemoryError
2025-01-30 18:47:46,687 INFO c.h.h.t.HelmChartContainer - [test-hivemq-platform] [hivemq] [0d810b67] 
2025-01-30 18:47:46,687 INFO c.h.h.t.HelmChartContainer - [test-hivemq-platform] [hivemq] [0d810b67]   JAVA_VERSION: 21
2025-01-30 18:47:46,687 INFO c.h.h.t.HelmChartContainer - [test-hivemq-platform] [hivemq] [0d810b67] 
2025-01-30 18:47:46,688 INFO c.h.h.t.HelmChartContainer - [test-hivemq-platform] [hivemq] [0d810b67] -------------------------------------------------------------------------
2025-01-30 18:47:46,688 INFO c.h.h.t.HelmChartContainer - [test-hivemq-platform] [hivemq] [0d810b67] 
2025-01-30 18:47:47,998 INFO c.h.h.t.HelmChartContainer - [test-hivemq-platform] [hivemq] [0d810b67] INFO  - [HiveMQ Platform Operator Init App 1.7.0-SNAPSHOT] Returning default Health API response 503 for readiness
2025-01-30 18:47:48,306 INFO c.h.h.t.HelmChartContainer - [EVENT] Warning [Unhealthy] Readiness probe failed: HTTP probe failed with statuscode: 503 [helmpodsecuritycontextupgradeextensionit:test-hivemq-platform-0]
2025-01-30 18:47:48,306 INFO c.h.h.t.HelmChartContainer - Received Unhealthy event for container hivemq in pod test-hivemq-platform-0 [0d810b67-71d5-4c1c-bf1e-05b355693830]
2025-01-30 18:47:48,356 INFO c.h.h.t.HelmChartContainer - [K3S] [scope.go:117] "RemoveContainer" containerID="fb50b501569a883773c79e10fad5e800e67664d647912a6d8e8977ecdf396e33"
2025-01-30 18:47:48,453 INFO c.h.h.t.HelmChartContainer - [K3S] [scope.go:117] "RemoveContainer" containerID="fd57540dae778f85fabe9ace308c6e6c74b5a2029ccbbca6964f0b07f7e7d178"
2025-01-30 18:47:49,385 INFO c.h.h.t.HelmChartContainer - [test-hivemq-platform] [hivemq] [0d810b67] INFO  - Starting HiveMQ Enterprise Server
2025-01-30 18:47:49,399 INFO c.h.h.t.HelmChartContainer - [test-hivemq-platform] [hivemq] [0d810b67] INFO  - HiveMQ version: 4.36.0
2025-01-30 18:47:49,399 INFO c.h.h.t.HelmChartContainer - [test-hivemq-platform] [hivemq] [0d810b67] INFO  - HiveMQ home directory: /opt/hivemq
2025-01-30 18:47:49,400 INFO c.h.h.t.HelmChartContainer - [test-hivemq-platform] [hivemq] [0d810b67] INFO  - Log Configuration was overridden by /opt/hivemq/conf/logback.xml
2025-01-30 18:47:50,681 INFO c.h.h.t.HelmChartContainer - [test-hivemq-platform] [hivemq] [0d810b67] INFO  - Successfully loaded configuration from '/opt/hivemq/conf-k8s/config.xml'.
2025-01-30 18:47:51,499 INFO c.h.h.t.HelmChartContainer - [test-hivemq-platform] [hivemq] [0d810b67] INFO  - This node's ID is hjrAb
2025-01-30 18:47:51,499 INFO c.h.h.t.HelmChartContainer - [test-hivemq-platform] [hivemq] [0d810b67] INFO  - Clustering is enabled
2025-01-30 18:47:51,989 INFO c.h.h.t.HelmChartContainer - [hivemq-test-hivemq-platform] [hivemq-platform-operator] [e91b5f58] 18:47:51.985 [pool-6-thread-5] DEBUG c.h.p.o.d.PlatformServiceResource - [helmpods] Desired Platform services (3 services)
2025-01-30 18:47:51,990 INFO c.h.h.t.HelmChartContainer - [hivemq-test-hivemq-platform] [hivemq-platform-operator] [e91b5f58] 18:47:51.987 [pool-6-thread-6] DEBUG c.h.p.o.dependants.PodInfoConfigMap - [helmpods] Desired PodInfo ConfigMap (1 extensions) (1 enabled)
2025-01-30 18:47:51,990 INFO c.h.h.t.HelmChartContainer - [hivemq-test-hivemq-platform] [hivemq-platform-operator] [e91b5f58] 18:47:51.987 [pool-6-thread-6] DEBUG c.h.p.o.dependants.PodInfoConfigMap - [helmpods] Desired PodInfo ConfigMap (metrics port: 9399) (metrics path: /)
2025-01-30 18:47:51,990 INFO c.h.h.t.HelmChartContainer - [hivemq-test-hivemq-platform] [hivemq-platform-operator] [e91b5f58] 18:47:51.988 [pool-6-thread-6] DEBUG c.h.p.o.dependants.PodInfoConfigMap - [helmpods] Desired PodInfo ConfigMap (extension state hash: -99555109)
2025-01-30 18:47:51,990 INFO c.h.h.t.HelmChartContainer - [hivemq-test-hivemq-platform] [hivemq-platform-operator] [e91b5f58] 18:47:51.988 [pool-6-thread-4] DEBUG c.h.p.o.d.PodServiceAccountResource - [helmpods] Desired PodServiceAccountResource (serviceAccountName: hivemq-platform-pod-test-hivemq-platform)
2025-01-30 18:47:51,998 INFO c.h.h.t.HelmChartContainer - [hivemq-test-hivemq-platform] [hivemq-platform-operator] [e91b5f58] 18:47:51.995 [pool-6-thread-5] DEBUG c.h.p.o.d.StatefulSetResource - [helmpods] Desired StatefulSet (1 replicas) for status STARTING (READY)
2025-01-30 18:47:52,003 INFO c.h.h.t.HelmChartContainer - [hivemq-test-hivemq-platform] [hivemq-platform-operator] [e91b5f58] 18:47:52.002 [ReconcilerExecutor-hivemq-controller-109] INFO  c.h.p.o.HiveMQPlatformReconciler - [helmpods] Reconciling HiveMQ Platform 'test-hivemq-platform' in namespace 'helmpodsecuritycontextupgradeextensionit'
2025-01-30 18:47:52,003 INFO c.h.h.t.HelmChartContainer - [hivemq-test-hivemq-platform] [hivemq-platform-operator] [e91b5f58] 18:47:52.002 [ReconcilerExecutor-hivemq-controller-109] DEBUG c.h.p.o.HiveMQPlatformReconciler - [helmpods] Custom Resource Status STARTING - HiveMQ Platform is starting (READY)
2025-01-30 18:47:52,003 INFO c.h.h.t.HelmChartContainer - [hivemq-test-hivemq-platform] [hivemq-platform-operator] [e91b5f58] 18:47:52.002 [ReconcilerExecutor-hivemq-controller-109] DEBUG c.h.p.o.HiveMQPlatformReconciler - [helmpods] Custom Resource Spec (replicas: 1) (extensions: 1)
2025-01-30 18:47:52,064 INFO c.h.h.t.HelmChartContainer - [hivemq-test-hivemq-platform] [hivemq-platform-operator] [e91b5f58] 18:47:52.062 [ReconcilerExecutor-hivemq-controller-109] DEBUG c.h.p.o.HiveMQPlatformReconciler - [helmpods] StatefulSet Status (revision: test-hivemq-platform-f6cdc458c, replicas: 1, available: 0, ready: 0, current: 1, updated: 1)
2025-01-30 18:47:52,064 INFO c.h.h.t.HelmChartContainer - [hivemq-test-hivemq-platform] [hivemq-platform-operator] [e91b5f58] 18:47:52.062 [ReconcilerExecutor-hivemq-controller-109] DEBUG c.h.p.o.HiveMQPlatformReconciler - [helmpods] StatefulSet Spec (replicas: 1, init containers: 1, containers: 1, volumes: 4)
2025-01-30 18:47:52,065 INFO c.h.h.t.HelmChartContainer - [hivemq-test-hivemq-platform] [hivemq-platform-operator] [e91b5f58] 18:47:52.065 [ReconcilerExecutor-hivemq-controller-109] DEBUG c.h.p.o.h.HiveMQPlatformReconcilerErrorHandler - [helmpods] Pod 'test-hivemq-platform-0' phase Running
2025-01-30 18:47:52,067 INFO c.h.h.t.HelmChartContainer - [hivemq-test-hivemq-platform] [hivemq-platform-operator] [e91b5f58] 18:47:52.066 [ReconcilerExecutor-hivemq-controller-109] INFO  c.h.p.o.h.HiveMQPlatformReconcilerBaseHandler - [helmpods] HiveMQ Platform is starting, 0 of 1 replicas are ready
2025-01-30 18:47:53,400 INFO c.h.h.t.HelmChartContainer - [test-hivemq-platform] [hivemq] [0d810b67] WARN  - [HiveMQ Platform Operator Init App 1.7.0-SNAPSHOT] Cannot connect to Health API for readiness: null
2025-01-30 18:47:53,404 INFO c.h.h.t.HelmChartContainer - [EVENT] Warning [Unhealthy] Readiness probe failed: HTTP probe failed with statuscode: 503 [helmpodsecuritycontextupgradeextensionit:test-hivemq-platform-0]
2025-01-30 18:47:53,404 INFO c.h.h.t.HelmChartContainer - Received Unhealthy event for container hivemq in pod test-hivemq-platform-0 [0d810b67-71d5-4c1c-bf1e-05b355693830]
2025-01-30 18:47:55,782 INFO c.h.h.t.HelmChartContainer - [test-hivemq-platform] [hivemq] [0d810b67] Jan 30, 2025 6:47:55 PM io.vertx.core.impl.BlockedThreadChecker
2025-01-30 18:47:55,782 INFO c.h.h.t.HelmChartContainer - [test-hivemq-platform] [hivemq] [0d810b67] WARNING: Thread Thread[vert.x-eventloop-thread-1,5,main] has been blocked for 2203 ms, time limit is 2000 ms
2025-01-30 18:47:56,303 INFO c.h.h.t.HelmChartContainer - [test-hivemq-platform] [hivemq] [0d810b67] INFO  - [HiveMQ Platform Operator Init App 1.7.0-SNAPSHOT] Updating Pod HiveMQ Platform Operator Init App version annotation (version: 1.7.0-SNAPSHOT)
2025-01-30 18:47:57,308 INFO c.h.h.t.HelmChartContainer - [POD] test-hivemq-platform-0 [0d810b67-71d5-4c1c-bf1e-05b355693830] in helmpodsecuritycontextupgradeextensionit was MODIFIED
2025-01-30 18:47:57,320 INFO c.h.h.t.HelmChartContainer - [hivemq-test-hivemq-platform] [hivemq-platform-operator] [e91b5f58] 18:47:57.314 [pool-6-thread-16] DEBUG c.h.p.o.d.PlatformServiceResource - [helmpods] Desired Platform services (3 services)
2025-01-30 18:47:57,320 INFO c.h.h.t.HelmChartContainer - [hivemq-test-hivemq-platform] [hivemq-platform-operator] [e91b5f58] 18:47:57.317 [pool-6-thread-19] DEBUG c.h.p.o.d.PodServiceAccountResource - [helmpods] Desired PodServiceAccountResource (serviceAccountName: hivemq-platform-pod-test-hivemq-platform)
2025-01-30 18:47:57,320 INFO c.h.h.t.HelmChartContainer - [hivemq-test-hivemq-platform] [hivemq-platform-operator] [e91b5f58] 18:47:57.317 [pool-6-thread-14] DEBUG c.h.p.o.dependants.PodInfoConfigMap - [helmpods] Desired PodInfo ConfigMap (1 extensions) (1 enabled)
2025-01-30 18:47:57,320 INFO c.h.h.t.HelmChartContainer - [hivemq-test-hivemq-platform] [hivemq-platform-operator] [e91b5f58] 18:47:57.317 [pool-6-thread-14] DEBUG c.h.p.o.dependants.PodInfoConfigMap - [helmpods] Desired PodInfo ConfigMap (metrics port: 9399) (metrics path: /)
2025-01-30 18:47:57,320 INFO c.h.h.t.HelmChartContainer - [hivemq-test-hivemq-platform] [hivemq-platform-operator] [e91b5f58] 18:47:57.317 [pool-6-thread-14] DEBUG c.h.p.o.dependants.PodInfoConfigMap - [helmpods] Desired PodInfo ConfigMap (extension state hash: -99555109)
2025-01-30 18:47:57,322 INFO c.h.h.t.HelmChartContainer - [hivemq-test-hivemq-platform] [hivemq-platform-operator] [e91b5f58] 18:47:57.321 [pool-6-thread-14] DEBUG c.h.p.o.d.StatefulSetResource - [helmpods] Desired StatefulSet (1 replicas) for status STARTING (READY)
2025-01-30 18:47:57,328 INFO c.h.h.t.HelmChartContainer - [hivemq-test-hivemq-platform] [hivemq-platform-operator] [e91b5f58] 18:47:57.325 [ReconcilerExecutor-hivemq-controller-110] INFO  c.h.p.o.HiveMQPlatformReconciler - [helmpods] Reconciling HiveMQ Platform 'test-hivemq-platform' in namespace 'helmpodsecuritycontextupgradeextensionit'
2025-01-30 18:47:57,328 INFO c.h.h.t.HelmChartContainer - [hivemq-test-hivemq-platform] [hivemq-platform-operator] [e91b5f58] 18:47:57.325 [ReconcilerExecutor-hivemq-controller-110] DEBUG c.h.p.o.HiveMQPlatformReconciler - [helmpods] Custom Resource Status STARTING - HiveMQ Platform is starting (READY)
2025-01-30 18:47:57,328 INFO c.h.h.t.HelmChartContainer - [hivemq-test-hivemq-platform] [hivemq-platform-operator] [e91b5f58] 18:47:57.325 [ReconcilerExecutor-hivemq-controller-110] DEBUG c.h.p.o.HiveMQPlatformReconciler - [helmpods] Custom Resource Spec (replicas: 1) (extensions: 1)
2025-01-30 18:47:57,329 INFO c.h.h.t.HelmChartContainer - [hivemq-test-hivemq-platform] [hivemq-platform-operator] [e91b5f58] 18:47:57.328 [ReconcilerExecutor-hivemq-controller-110] DEBUG c.h.p.o.HiveMQPlatformReconciler - [helmpods] StatefulSet Status (revision: test-hivemq-platform-f6cdc458c, replicas: 1, available: 0, ready: 0, current: 1, updated: 1)
2025-01-30 18:47:57,329 INFO c.h.h.t.HelmChartContainer - [hivemq-test-hivemq-platform] [hivemq-platform-operator] [e91b5f58] 18:47:57.328 [ReconcilerExecutor-hivemq-controller-110] DEBUG c.h.p.o.HiveMQPlatformReconciler - [helmpods] StatefulSet Spec (replicas: 1, init containers: 1, containers: 1, volumes: 4)
2025-01-30 18:47:57,330 INFO c.h.h.t.HelmChartContainer - [hivemq-test-hivemq-platform] [hivemq-platform-operator] [e91b5f58] 18:47:57.330 [ReconcilerExecutor-hivemq-controller-110] DEBUG c.h.p.o.h.HiveMQPlatformReconcilerErrorHandler - [helmpods] Pod 'test-hivemq-platform-0' phase Running
2025-01-30 18:47:57,363 INFO c.h.h.t.HelmChartContainer - [hivemq-test-hivemq-platform] [hivemq-platform-operator] [e91b5f58] 18:47:57.361 [ReconcilerExecutor-hivemq-controller-110] INFO  c.h.p.o.h.HiveMQPlatformReconcilerBaseHandler - [helmpods] HiveMQ Platform is starting, 0 of 1 replicas are ready
2025-01-30 18:47:57,386 INFO c.h.h.t.HelmChartContainer - [test-hivemq-platform] [hivemq] [0d810b67] WARN  - [HiveMQ Platform Operator Init App 1.7.0-SNAPSHOT] Cannot connect to Health API for readiness: null
2025-01-30 18:47:57,388 INFO c.h.h.t.HelmChartContainer - [EVENT] Warning [Unhealthy] Readiness probe failed: HTTP probe failed with statuscode: 503 [helmpodsecuritycontextupgradeextensionit:test-hivemq-platform-0]
2025-01-30 18:47:57,389 INFO c.h.h.t.HelmChartContainer - Received Unhealthy event for container hivemq in pod test-hivemq-platform-0 [0d810b67-71d5-4c1c-bf1e-05b355693830]
2025-01-30 18:47:57,404 INFO c.h.h.t.HelmChartContainer - [test-hivemq-platform] [hivemq] [0d810b67] INFO  - [HiveMQ Platform Operator Init App 1.7.0-SNAPSHOT] Successfully updated Pod HiveMQ Platform Operator Init App version annotation (version: 1.7.0-SNAPSHOT)
2025-01-30 18:48:02,400 INFO c.h.h.t.HelmChartContainer - [test-hivemq-platform] [hivemq] [0d810b67] WARN  - [HiveMQ Platform Operator Init App 1.7.0-SNAPSHOT] Cannot connect to Health API for readiness: null
2025-01-30 18:48:02,406 INFO c.h.h.t.HelmChartContainer - [EVENT] Warning [Unhealthy] Readiness probe failed: HTTP probe failed with statuscode: 503 [helmpodsecuritycontextupgradeextensionit:test-hivemq-platform-0]
2025-01-30 18:48:02,406 INFO c.h.h.t.HelmChartContainer - Received Unhealthy event for container hivemq in pod test-hivemq-platform-0 [0d810b67-71d5-4c1c-bf1e-05b355693830]
2025-01-30 18:48:07,369 INFO c.h.h.t.HelmChartContainer - [hivemq-test-hivemq-platform] [hivemq-platform-operator] [e91b5f58] 18:48:07.366 [pool-6-thread-28] DEBUG c.h.p.o.d.PlatformServiceResource - [helmpods] Desired Platform services (3 services)
2025-01-30 18:48:07,369 INFO c.h.h.t.HelmChartContainer - [hivemq-test-hivemq-platform] [hivemq-platform-operator] [e91b5f58] 18:48:07.367 [pool-6-thread-27] DEBUG c.h.p.o.d.PodServiceAccountResource - [helmpods] Desired PodServiceAccountResource (serviceAccountName: hivemq-platform-pod-test-hivemq-platform)
2025-01-30 18:48:07,369 INFO c.h.h.t.HelmChartContainer - [hivemq-test-hivemq-platform] [hivemq-platform-operator] [e91b5f58] 18:48:07.367 [pool-6-thread-26] DEBUG c.h.p.o.dependants.PodInfoConfigMap - [helmpods] Desired PodInfo ConfigMap (1 extensions) (1 enabled)
2025-01-30 18:48:07,369 INFO c.h.h.t.HelmChartContainer - [hivemq-test-hivemq-platform] [hivemq-platform-operator] [e91b5f58] 18:48:07.367 [pool-6-thread-26] DEBUG c.h.p.o.dependants.PodInfoConfigMap - [helmpods] Desired PodInfo ConfigMap (metrics port: 9399) (metrics path: /)
2025-01-30 18:48:07,369 INFO c.h.h.t.HelmChartContainer - [hivemq-test-hivemq-platform] [hivemq-platform-operator] [e91b5f58] 18:48:07.368 [pool-6-thread-26] DEBUG c.h.p.o.dependants.PodInfoConfigMap - [helmpods] Desired PodInfo ConfigMap (extension state hash: -99555109)
2025-01-30 18:48:07,373 INFO c.h.h.t.HelmChartContainer - [hivemq-test-hivemq-platform] [hivemq-platform-operator] [e91b5f58] 18:48:07.372 [pool-6-thread-28] DEBUG c.h.p.o.d.StatefulSetResource - [helmpods] Desired StatefulSet (1 replicas) for status STARTING (READY)
2025-01-30 18:48:07,380 INFO c.h.h.t.HelmChartContainer - [hivemq-test-hivemq-platform] [hivemq-platform-operator] [e91b5f58] 18:48:07.379 [ReconcilerExecutor-hivemq-controller-111] INFO  c.h.p.o.HiveMQPlatformReconciler - [helmpods] Reconciling HiveMQ Platform 'test-hivemq-platform' in namespace 'helmpodsecuritycontextupgradeextensionit'
2025-01-30 18:48:07,383 INFO c.h.h.t.HelmChartContainer - [hivemq-test-hivemq-platform] [hivemq-platform-operator] [e91b5f58] 18:48:07.379 [ReconcilerExecutor-hivemq-controller-111] DEBUG c.h.p.o.HiveMQPlatformReconciler - [helmpods] Custom Resource Status STARTING - HiveMQ Platform is starting (READY)
2025-01-30 18:48:07,383 INFO c.h.h.t.HelmChartContainer - [hivemq-test-hivemq-platform] [hivemq-platform-operator] [e91b5f58] 18:48:07.379 [ReconcilerExecutor-hivemq-controller-111] DEBUG c.h.p.o.HiveMQPlatformReconciler - [helmpods] Custom Resource Spec (replicas: 1) (extensions: 1)
2025-01-30 18:48:07,383 INFO c.h.h.t.HelmChartContainer - [test-hivemq-platform] [hivemq] [0d810b67] WARN  - [HiveMQ Platform Operator Init App 1.7.0-SNAPSHOT] Cannot connect to Health API for readiness: null
2025-01-30 18:48:07,387 INFO c.h.h.t.HelmChartContainer - [EVENT] Warning [Unhealthy] Readiness probe failed: HTTP probe failed with statuscode: 503 [helmpodsecuritycontextupgradeextensionit:test-hivemq-platform-0]
2025-01-30 18:48:07,387 INFO c.h.h.t.HelmChartContainer - Received Unhealthy event for container hivemq in pod test-hivemq-platform-0 [0d810b67-71d5-4c1c-bf1e-05b355693830]
2025-01-30 18:48:07,465 INFO c.h.h.t.HelmChartContainer - [hivemq-test-hivemq-platform] [hivemq-platform-operator] [e91b5f58] 18:48:07.463 [ReconcilerExecutor-hivemq-controller-111] DEBUG c.h.p.o.HiveMQPlatformReconciler - [helmpods] StatefulSet Status (revision: test-hivemq-platform-f6cdc458c, replicas: 1, available: 0, ready: 0, current: 1, updated: 1)
2025-01-30 18:48:07,465 INFO c.h.h.t.HelmChartContainer - [hivemq-test-hivemq-platform] [hivemq-platform-operator] [e91b5f58] 18:48:07.463 [ReconcilerExecutor-hivemq-controller-111] DEBUG c.h.p.o.HiveMQPlatformReconciler - [helmpods] StatefulSet Spec (replicas: 1, init containers: 1, containers: 1, volumes: 4)
2025-01-30 18:48:07,466 INFO c.h.h.t.HelmChartContainer - [hivemq-test-hivemq-platform] [hivemq-platform-operator] [e91b5f58] 18:48:07.465 [ReconcilerExecutor-hivemq-controller-111] DEBUG c.h.p.o.h.HiveMQPlatformReconcilerErrorHandler - [helmpods] Pod 'test-hivemq-platform-0' phase Running
2025-01-30 18:48:07,466 INFO c.h.h.t.HelmChartContainer - [hivemq-test-hivemq-platform] [hivemq-platform-operator] [e91b5f58] 18:48:07.466 [ReconcilerExecutor-hivemq-controller-111] INFO  c.h.p.o.h.HiveMQPlatformReconcilerBaseHandler - [helmpods] HiveMQ Platform is starting, 0 of 1 replicas are ready
2025-01-30 18:48:08,883 INFO c.h.h.t.HelmChartContainer - [test-hivemq-platform] [hivemq] [0d810b67] INFO  - No valid license file found. Using trial license, restricted to 25 connections.
2025-01-30 18:48:09,806 INFO c.h.h.t.HelmChartContainer - [test-hivemq-platform] [hivemq] [0d810b67] WARN  - [HiveMQ Platform Operator Init App 1.7.0-SNAPSHOT] Cannot connect to Health API for liveness: null
2025-01-30 18:48:09,806 INFO c.h.h.t.HelmChartContainer - [test-hivemq-platform] [hivemq] [0d810b67] INFO  - [HiveMQ Platform Operator Init App 1.7.0-SNAPSHOT] Returning default Health API response 200 for liveness
2025-01-30 18:48:11,683 INFO c.h.h.t.HelmChartContainer - [test-hivemq-platform] [hivemq] [0d810b67] INFO  - No valid license file for Data Hub found. Using free license, restricted to 1 policy.
2025-01-30 18:48:12,311 INFO c.h.h.t.HelmChartContainer - [test-hivemq-platform] [hivemq] [0d810b67] WARN  - [HiveMQ Platform Operator Init App 1.7.0-SNAPSHOT] Cannot connect to Health API for readiness: null
2025-01-30 18:48:12,315 INFO c.h.h.t.HelmChartContainer - [EVENT] Warning [Unhealthy] Readiness probe failed: HTTP probe failed with statuscode: 503 [helmpodsecuritycontextupgradeextensionit:test-hivemq-platform-0]
2025-01-30 18:48:12,315 INFO c.h.h.t.HelmChartContainer - Received Unhealthy event for container hivemq in pod test-hivemq-platform-0 [0d810b67-71d5-4c1c-bf1e-05b355693830]
2025-01-30 18:48:12,905 INFO c.h.h.t.HelmChartContainer - [test-hivemq-platform] [hivemq] [0d810b67] INFO  - Audit Logger started.
2025-01-30 18:48:13,212 INFO c.h.h.t.HelmChartContainer - [test-hivemq-platform] [hivemq] [0d810b67] INFO  - This node uses '1' CPU cores.
2025-01-30 18:48:13,217 INFO c.h.h.t.HelmChartContainer - [test-hivemq-platform] [hivemq] [0d810b67] INFO  - Starting HiveMQ Health API on address 0.0.0.0 and port 8889
2025-01-30 18:48:13,982 INFO c.h.h.t.HelmChartContainer - [test-hivemq-platform] [hivemq] [0d810b67] INFO  - Started HiveMQ Health API in 765ms
2025-01-30 18:48:14,601 INFO c.h.h.t.HelmChartContainer - [test-hivemq-platform] [hivemq] [0d810b67] INFO  - Starting HiveMQ extension system.
2025-01-30 18:48:16,700 INFO c.h.h.t.HelmChartContainer - [test-hivemq-platform] [hivemq] [0d810b67] INFO  - No license found for enterprise extension with name "HiveMQ Enterprise Distributed Tracing Extension". Entering extension trial mode. "HiveMQ Enterprise Distributed Tracing Extension" will be disabled in 5 hours.
2025-01-30 18:48:16,904 INFO c.h.h.t.HelmChartContainer - [test-hivemq-platform] [hivemq] [0d810b67] INFO  - Starting extension with id "hivemq-dns-cluster-discovery" at /opt/hivemq/extensions/hivemq-dns-cluster-discovery
2025-01-30 18:48:17,405 INFO c.h.h.t.HelmChartContainer - [test-hivemq-platform] [hivemq] [0d810b67] INFO  - Extension "DNS Cluster Discovery Extension" version 4.3.2 started successfully.
2025-01-30 18:48:17,405 INFO c.h.h.t.HelmChartContainer - [test-hivemq-platform] [hivemq] [0d810b67] INFO  - Starting extension with id "hivemq-distributed-tracing-extension" at /opt/hivemq/extensions/hivemq-distributed-tracing-extension
2025-01-30 18:48:17,472 INFO c.h.h.t.HelmChartContainer - [hivemq-test-hivemq-platform] [hivemq-platform-operator] [e91b5f58] 18:48:17.469 [pool-6-thread-31] DEBUG c.h.p.o.d.PlatformServiceResource - [helmpods] Desired Platform services (3 services)
2025-01-30 18:48:17,472 INFO c.h.h.t.HelmChartContainer - [hivemq-test-hivemq-platform] [hivemq-platform-operator] [e91b5f58] 18:48:17.470 [pool-6-thread-36] DEBUG c.h.p.o.dependants.PodInfoConfigMap - [helmpods] Desired PodInfo ConfigMap (1 extensions) (1 enabled)
2025-01-30 18:48:17,473 INFO c.h.h.t.HelmChartContainer - [hivemq-test-hivemq-platform] [hivemq-platform-operator] [e91b5f58] 18:48:17.471 [pool-6-thread-36] DEBUG c.h.p.o.dependants.PodInfoConfigMap - [helmpods] Desired PodInfo ConfigMap (metrics port: 9399) (metrics path: /)
2025-01-30 18:48:17,473 INFO c.h.h.t.HelmChartContainer - [hivemq-test-hivemq-platform] [hivemq-platform-operator] [e91b5f58] 18:48:17.471 [pool-6-thread-36] DEBUG c.h.p.o.dependants.PodInfoConfigMap - [helmpods] Desired PodInfo ConfigMap (extension state hash: -99555109)
2025-01-30 18:48:17,475 INFO c.h.h.t.HelmChartContainer - [hivemq-test-hivemq-platform] [hivemq-platform-operator] [e91b5f58] 18:48:17.473 [pool-6-thread-33] DEBUG c.h.p.o.d.PodServiceAccountResource - [helmpods] Desired PodServiceAccountResource (serviceAccountName: hivemq-platform-pod-test-hivemq-platform)
2025-01-30 18:48:17,480 INFO c.h.h.t.HelmChartContainer - [hivemq-test-hivemq-platform] [hivemq-platform-operator] [e91b5f58] 18:48:17.478 [pool-6-thread-40] DEBUG c.h.p.o.d.StatefulSetResource - [helmpods] Desired StatefulSet (1 replicas) for status STARTING (READY)
2025-01-30 18:48:17,485 INFO c.h.h.t.HelmChartContainer - [hivemq-test-hivemq-platform] [hivemq-platform-operator] [e91b5f58] 18:48:17.484 [ReconcilerExecutor-hivemq-controller-112] INFO  c.h.p.o.HiveMQPlatformReconciler - [helmpods] Reconciling HiveMQ Platform 'test-hivemq-platform' in namespace 'helmpodsecuritycontextupgradeextensionit'
2025-01-30 18:48:17,488 INFO c.h.h.t.HelmChartContainer - [hivemq-test-hivemq-platform] [hivemq-platform-operator] [e91b5f58] 18:48:17.484 [ReconcilerExecutor-hivemq-controller-112] DEBUG c.h.p.o.HiveMQPlatformReconciler - [helmpods] Custom Resource Status STARTING - HiveMQ Platform is starting (READY)
2025-01-30 18:48:17,488 INFO c.h.h.t.HelmChartContainer - [hivemq-test-hivemq-platform] [hivemq-platform-operator] [e91b5f58] 18:48:17.485 [ReconcilerExecutor-hivemq-controller-112] DEBUG c.h.p.o.HiveMQPlatformReconciler - [helmpods] Custom Resource Spec (replicas: 1) (extensions: 1)
2025-01-30 18:48:17,488 INFO c.h.h.t.HelmChartContainer - [hivemq-test-hivemq-platform] [hivemq-platform-operator] [e91b5f58] 18:48:17.487 [ReconcilerExecutor-hivemq-controller-112] DEBUG c.h.p.o.HiveMQPlatformReconciler - [helmpods] StatefulSet Status (revision: test-hivemq-platform-f6cdc458c, replicas: 1, available: 0, ready: 0, current: 1, updated: 1)
2025-01-30 18:48:17,488 INFO c.h.h.t.HelmChartContainer - [hivemq-test-hivemq-platform] [hivemq-platform-operator] [e91b5f58] 18:48:17.487 [ReconcilerExecutor-hivemq-controller-112] DEBUG c.h.p.o.HiveMQPlatformReconciler - [helmpods] StatefulSet Spec (replicas: 1, init containers: 1, containers: 1, volumes: 4)
2025-01-30 18:48:17,563 INFO c.h.h.t.HelmChartContainer - [hivemq-test-hivemq-platform] [hivemq-platform-operator] [e91b5f58] 18:48:17.561 [ReconcilerExecutor-hivemq-controller-112] DEBUG c.h.p.o.h.HiveMQPlatformReconcilerErrorHandler - [helmpods] Pod 'test-hivemq-platform-0' phase Running
2025-01-30 18:48:17,564 INFO c.h.h.t.HelmChartContainer - [hivemq-test-hivemq-platform] [hivemq-platform-operator] [e91b5f58] 18:48:17.562 [ReconcilerExecutor-hivemq-controller-112] INFO  c.h.p.o.h.HiveMQPlatformReconcilerBaseHandler - [helmpods] HiveMQ Platform is starting, 0 of 1 replicas are ready
2025-01-30 18:48:17,580 INFO c.h.h.t.HelmChartContainer - [test-hivemq-platform] [hivemq] [0d810b67] INFO  - Using TCP cluster transport on address 10.42.0.10 and port 7000
2025-01-30 18:48:17,600 INFO c.h.h.t.HelmChartContainer - [test-hivemq-platform] [hivemq] [0d810b67] INFO  - Using extension cluster discovery
2025-01-30 18:48:18,353 INFO c.h.h.t.HelmChartContainer - [EVENT] Warning [Unhealthy] Readiness probe failed: Get "http://10.42.0.10:7979/readiness": context deadline exceeded (Client.Timeout exceeded while awaiting headers) [helmpodsecuritycontextupgradeextensionit:test-hivemq-platform-0]
2025-01-30 18:48:18,353 INFO c.h.h.t.HelmChartContainer - Received Unhealthy event for container hivemq in pod test-hivemq-platform-0 [0d810b67-71d5-4c1c-bf1e-05b355693830]
2025-01-30 18:48:19,099 INFO c.h.h.t.HelmChartContainer - [test-hivemq-platform] [hivemq] [0d810b67] INFO  - [HiveMQ Platform Operator Init App 1.7.0-SNAPSHOT] Returning Health API response 503 for readiness
2025-01-30 18:48:20,302 INFO c.h.h.t.HelmChartContainer - [test-hivemq-platform] [hivemq] [0d810b67] INFO  - HiveMQ Enterprise Distributed Tracing Extension: Successfully loaded configuration from '/opt/hivemq/extensions/hivemq-distributed-tracing-extension/conf/config.xml'.
2025-01-30 18:48:20,305 INFO c.h.h.t.HelmChartContainer - [test-hivemq-platform] [hivemq] [0d810b67] INFO  - HiveMQ Enterprise Distributed Tracing Extension: Configured OTLP gRPC exporter 'my-otlp-grpc-exporter'.
2025-01-30 18:48:20,399 INFO c.h.h.t.HelmChartContainer - [test-hivemq-platform] [hivemq] [0d810b67] INFO  - HiveMQ Enterprise Distributed Tracing Extension: Configured W3C trace propagation.
2025-01-30 18:48:20,401 INFO c.h.h.t.HelmChartContainer - [test-hivemq-platform] [hivemq] [0d810b67] INFO  - Extension "HiveMQ Enterprise Distributed Tracing Extension" version 4.36.0 started successfully.
2025-01-30 18:48:20,401 INFO c.h.h.testcontainer.LogWaiterUtil - TEST Found log pattern on 'test-hivemq-platform-0': .*Extension "HiveMQ Enterprise Distributed Tracing Extension" version .* started successfully.
2025-01-30 18:48:20,401 INFO c.h.h.t.HelmChartContainer - [test-hivemq-platform] [hivemq] [0d810b67] INFO  - Starting extension with id "hivemq-prometheus-extension" at /opt/hivemq/extensions/hivemq-prometheus-extension
2025-01-30 18:48:20,718 INFO c.h.h.t.HelmChartContainer - [test-hivemq-platform] [hivemq] [0d810b67] INFO  - Started Jetty Server exposing Prometheus Servlet on URI http://0.0.0.0:9399/
2025-01-30 18:48:20,718 INFO c.h.h.t.HelmChartContainer - [test-hivemq-platform] [hivemq] [0d810b67] INFO  - Extension "Prometheus Monitoring Extension" version 4.0.12 started successfully.
2025-01-30 18:48:20,718 INFO c.h.h.t.HelmChartContainer - [test-hivemq-platform] [hivemq] [0d810b67] INFO  - Starting extension with id "hivemq-allow-all-extension" at /opt/hivemq/extensions/hivemq-allow-all-extension
2025-01-30 18:48:20,719 INFO c.h.h.t.HelmChartContainer - [test-hivemq-platform] [hivemq] [0d810b67] WARN  - 
2025-01-30 18:48:20,719 INFO c.h.h.t.HelmChartContainer - [test-hivemq-platform] [hivemq] [0d810b67] ################################################################################################################
2025-01-30 18:48:20,719 INFO c.h.h.t.HelmChartContainer - [test-hivemq-platform] [hivemq] [0d810b67] # This HiveMQ deployment is not secure! You are lacking Authentication and Authorization.                      #
2025-01-30 18:48:20,719 INFO c.h.h.t.HelmChartContainer - [test-hivemq-platform] [hivemq] [0d810b67] # Right now any MQTT client can connect to the broker with a full set of permissions.                          #
2025-01-30 18:48:20,719 INFO c.h.h.t.HelmChartContainer - [test-hivemq-platform] [hivemq] [0d810b67] # For production usage, add an appropriate security extension and remove the hivemq-allow-all extension.       #
2025-01-30 18:48:20,719 INFO c.h.h.t.HelmChartContainer - [test-hivemq-platform] [hivemq] [0d810b67] # You can download security extensions from the HiveMQ Marketplace (https://www.hivemq.com/extensions/).       #
2025-01-30 18:48:20,719 INFO c.h.h.t.HelmChartContainer - [test-hivemq-platform] [hivemq] [0d810b67] ################################################################################################################
2025-01-30 18:48:20,719 INFO c.h.h.t.HelmChartContainer - [test-hivemq-platform] [hivemq] [0d810b67] INFO  - Extension "Allow All Extension" version 1.1.1 started successfully.
2025-01-30 18:48:20,901 INFO c.h.h.t.HelmChartContainer - [test-hivemq-platform] [hivemq] [0d810b67] INFO  - hjrAb: no members discovered after 2400 ms: creating cluster as first member
2025-01-30 18:48:20,908 INFO c.h.h.t.HelmChartContainer - [test-hivemq-platform] [hivemq] [0d810b67] INFO  - Cluster nodes found by discovery: [hjrAb|0] (1) [hjrAb].
2025-01-30 18:48:21,099 INFO c.h.h.t.HelmChartContainer - [test-hivemq-platform] [hivemq] [0d810b67] INFO  - Updated rules for sampling and tracing propagation.
2025-01-30 18:48:21,101 INFO c.h.h.t.HelmChartContainer - [test-hivemq-platform] [hivemq] [0d810b67] INFO  - HiveMQ: Successfully loaded configuration from '/opt/hivemq/conf-k8s/tracing.xml'.
2025-01-30 18:48:21,101 INFO c.h.h.t.HelmChartContainer - [test-hivemq-platform] [hivemq] [0d810b67] WARN  - No user for HiveMQ Control Center configured. Starting with default user
2025-01-30 18:48:21,101 INFO c.h.h.t.HelmChartContainer - [test-hivemq-platform] [hivemq] [0d810b67] INFO  - Starting HiveMQ Control Center on address 0.0.0.0 and port 8080
2025-01-30 18:48:21,103 INFO c.h.h.t.HelmChartContainer - [test-hivemq-platform] [hivemq] [0d810b67] INFO  - Mounting HiveMQ Control Center V2 Preview
2025-01-30 18:48:21,702 INFO c.h.h.t.HelmChartContainer - [test-hivemq-platform] [hivemq] [0d810b67] INFO  - Started HiveMQ Control Center in 602ms
2025-01-30 18:48:21,716 INFO c.h.h.t.HelmChartContainer - [test-hivemq-platform] [hivemq] [0d810b67] INFO  - Starting TCP listener on address 0.0.0.0 and port 1883
2025-01-30 18:48:21,797 INFO c.h.h.t.HelmChartContainer - [test-hivemq-platform] [hivemq] [0d810b67] INFO  - Started TCP Listener on address 0.0.0.0 and on port 1883.
2025-01-30 18:48:21,797 INFO c.h.h.t.HelmChartContainer - [test-hivemq-platform] [hivemq] [0d810b67] INFO  - Started HiveMQ in 32795ms
2025-01-30 18:48:22,313 INFO c.h.h.t.HelmChartContainer - [test-hivemq-platform] [hivemq] [0d810b67] INFO  - [HiveMQ Platform Operator Init App 1.7.0-SNAPSHOT] Returning Health API response 200 for readiness
2025-01-30 18:48:22,325 INFO c.h.h.t.HelmChartContainer - [POD] test-hivemq-platform-0 [0d810b67-71d5-4c1c-bf1e-05b355693830] in helmpodsecuritycontextupgradeextensionit was MODIFIED
2025-01-30 18:48:22,338 INFO c.h.h.t.HelmChartContainer - [hivemq-test-hivemq-platform] [hivemq-platform-operator] [e91b5f58] 18:48:22.332 [pool-6-thread-46] DEBUG c.h.p.o.d.PlatformServiceResource - [helmpods] Desired Platform services (3 services)
2025-01-30 18:48:22,338 INFO c.h.h.t.HelmChartContainer - [hivemq-test-hivemq-platform] [hivemq-platform-operator] [e91b5f58] 18:48:22.333 [pool-6-thread-41] DEBUG c.h.p.o.d.PodServiceAccountResource - [helmpods] Desired PodServiceAccountResource (serviceAccountName: hivemq-platform-pod-test-hivemq-platform)
2025-01-30 18:48:22,339 INFO c.h.h.t.HelmChartContainer - [hivemq-test-hivemq-platform] [hivemq-platform-operator] [e91b5f58] 18:48:22.333 [pool-6-thread-47] DEBUG c.h.p.o.dependants.PodInfoConfigMap - [helmpods] Desired PodInfo ConfigMap (1 extensions) (1 enabled)
2025-01-30 18:48:22,339 INFO c.h.h.t.HelmChartContainer - [hivemq-test-hivemq-platform] [hivemq-platform-operator] [e91b5f58] 18:48:22.335 [pool-6-thread-47] DEBUG c.h.p.o.dependants.PodInfoConfigMap - [helmpods] Desired PodInfo ConfigMap (metrics port: 9399) (metrics path: /)
2025-01-30 18:48:22,339 INFO c.h.h.t.HelmChartContainer - [hivemq-test-hivemq-platform] [hivemq-platform-operator] [e91b5f58] 18:48:22.336 [pool-6-thread-47] DEBUG c.h.p.o.dependants.PodInfoConfigMap - [helmpods] Desired PodInfo ConfigMap (extension state hash: -99555109)
2025-01-30 18:48:22,349 INFO c.h.h.t.HelmChartContainer - [hivemq-test-hivemq-platform] [hivemq-platform-operator] [e91b5f58] 18:48:22.348 [pool-6-thread-46] DEBUG c.h.p.o.d.StatefulSetResource - [helmpods] Desired StatefulSet (1 replicas) for status STARTING (READY)
2025-01-30 18:48:22,373 INFO c.h.h.t.HelmChartContainer - [hivemq-test-hivemq-platform] [hivemq-platform-operator] [e91b5f58] 18:48:22.368 [ReconcilerExecutor-hivemq-controller-113] INFO  c.h.p.o.HiveMQPlatformReconciler - [helmpods] Reconciling HiveMQ Platform 'test-hivemq-platform' in namespace 'helmpodsecuritycontextupgradeextensionit'
2025-01-30 18:48:22,373 INFO c.h.h.t.HelmChartContainer - [hivemq-test-hivemq-platform] [hivemq-platform-operator] [e91b5f58] 18:48:22.368 [ReconcilerExecutor-hivemq-controller-113] DEBUG c.h.p.o.HiveMQPlatformReconciler - [helmpods] Custom Resource Status STARTING - HiveMQ Platform is starting (READY)
2025-01-30 18:48:22,373 INFO c.h.h.t.HelmChartContainer - [hivemq-test-hivemq-platform] [hivemq-platform-operator] [e91b5f58] 18:48:22.369 [ReconcilerExecutor-hivemq-controller-113] DEBUG c.h.p.o.HiveMQPlatformReconciler - [helmpods] Custom Resource Spec (replicas: 1) (extensions: 1)
2025-01-30 18:48:22,373 INFO c.h.h.t.HelmChartContainer - [hivemq-test-hivemq-platform] [hivemq-platform-operator] [e91b5f58] 18:48:22.371 [ReconcilerExecutor-hivemq-controller-113] DEBUG c.h.p.o.HiveMQPlatformReconciler - [helmpods] StatefulSet Status (revision: test-hivemq-platform-f6cdc458c, replicas: 1, available: 1, ready: 1, current: 1, updated: 1)
2025-01-30 18:48:22,373 INFO c.h.h.t.HelmChartContainer - [hivemq-test-hivemq-platform] [hivemq-platform-operator] [e91b5f58] 18:48:22.371 [ReconcilerExecutor-hivemq-controller-113] DEBUG c.h.p.o.HiveMQPlatformReconciler - [helmpods] StatefulSet Spec (replicas: 1, init containers: 1, containers: 1, volumes: 4)
2025-01-30 18:48:22,374 INFO c.h.h.t.HelmChartContainer - [hivemq-test-hivemq-platform] [hivemq-platform-operator] [e91b5f58] 18:48:22.374 [ReconcilerExecutor-hivemq-controller-113] DEBUG c.h.p.o.h.HiveMQPlatformReconcilerErrorHandler - [helmpods] Pod 'test-hivemq-platform-0' phase Running
2025-01-30 18:48:22,438 INFO c.h.h.t.HelmChartContainer - [hivemq-test-hivemq-platform] [hivemq-platform-operator] [e91b5f58] 18:48:22.437 [ReconcilerExecutor-hivemq-controller-113] INFO  c.h.p.o.h.HiveMQPlatformReconcilerBaseHandler - [helmpods] HiveMQ Platform started successfully
2025-01-30 18:48:22,475 INFO c.h.h.t.HelmChartContainer - [hivemq-test-hivemq-platform] [hivemq-platform-operator] [e91b5f58] 18:48:22.474 [ReconcilerExecutor-hivemq-controller-113] DEBUG c.h.p.operator.event.EventSender - [helmpods] Creating K8s event hivemq-platform-ready: [Ready] HiveMQ Platform is ready
2025-01-30 18:48:22,479 INFO c.h.h.t.HelmChartContainer - [EVENT] Normal [Ready] HiveMQ Platform is ready [helmpodsecuritycontextupgradeextensionit:test-hivemq-platform]
2025-01-30 18:48:22,480 INFO c.h.h.t.HelmChartContainer - [hivemq-test-hivemq-platform] [hivemq-platform-operator] [e91b5f58] 18:48:22.480 [ReconcilerExecutor-hivemq-controller-113] INFO  c.h.p.o.h.AbstractHiveMQReconcilerStateHandler - [helmpods] Update HiveMQ Platform Status (STARTING [READY] -> RUNNING [READY]): HiveMQ Platform is ready
2025-01-30 18:48:22,543 DEBUG com.hivemq.helmcharts.util.K8sUtil - Comparing actual state 'RUNNING' and waiting for 'RUNNING'
2025-01-30 18:48:22,567 INFO c.h.h.t.HelmChartContainer - [hivemq-test-hivemq-platform] [hivemq-platform-operator] [e91b5f58] 18:48:22.566 [pool-6-thread-7] DEBUG c.h.p.o.d.PlatformServiceResource - [helmpods] Desired Platform services (3 services)
2025-01-30 18:48:22,569 INFO c.h.h.t.HelmChartContainer - [hivemq-test-hivemq-platform] [hivemq-platform-operator] [e91b5f58] 18:48:22.568 [pool-6-thread-9] DEBUG c.h.p.o.dependants.PodInfoConfigMap - [helmpods] Desired PodInfo ConfigMap (1 extensions) (1 enabled)
2025-01-30 18:48:22,573 INFO c.h.h.t.HelmChartContainer - [hivemq-test-hivemq-platform] [hivemq-platform-operator] [e91b5f58] 18:48:22.572 [pool-6-thread-9] DEBUG c.h.p.o.dependants.PodInfoConfigMap - [helmpods] Desired PodInfo ConfigMap (metrics port: 9399) (metrics path: /)
2025-01-30 18:48:22,573 INFO c.h.h.t.HelmChartContainer - [hivemq-test-hivemq-platform] [hivemq-platform-operator] [e91b5f58] 18:48:22.572 [pool-6-thread-9] DEBUG c.h.p.o.dependants.PodInfoConfigMap - [helmpods] Desired PodInfo ConfigMap (extension state hash: -99555109)
2025-01-30 18:48:22,639 INFO c.h.h.t.HelmChartContainer - [hivemq-test-hivemq-platform] [hivemq-platform-operator] [e91b5f58] 18:48:22.636 [pool-6-thread-7] DEBUG c.h.p.o.d.PodServiceAccountResource - [helmpods] Desired PodServiceAccountResource (serviceAccountName: hivemq-platform-pod-test-hivemq-platform)
2025-01-30 18:48:22,639 INFO c.h.h.t.HelmChartContainer - [hivemq-test-hivemq-platform] [hivemq-platform-operator] [e91b5f58] 18:48:22.636 [pool-6-thread-9] DEBUG c.h.p.o.dependants.PodInfoConfigMap - [helmpods] Update PodInfo ConfigMap
2025-01-30 18:48:22,642 DEBUG com.hivemq.helmcharts.util.PodUtil - Received status for command '[sh, -c, stat -c "%u:%g" /proc/1]' on pod 'test-hivemq-platform-0' (exit code: 0)
2025-01-30 18:48:22,666 INFO c.h.h.t.HelmChartContainer - [hivemq-test-hivemq-platform] [hivemq-platform-operator] [e91b5f58] 18:48:22.665 [pool-6-thread-9] DEBUG c.h.p.o.d.StatefulSetResource - [helmpods] Desired StatefulSet (1 replicas) for status RUNNING (READY)
2025-01-30 18:48:22,669 INFO c.h.h.t.HelmChartContainer - [hivemq-test-hivemq-platform] [hivemq-platform-operator] [e91b5f58] 18:48:22.668 [ReconcilerExecutor-hivemq-controller-114] INFO  c.h.p.o.HiveMQPlatformReconciler - [helmpods] Reconciling HiveMQ Platform 'test-hivemq-platform' in namespace 'helmpodsecuritycontextupgradeextensionit'
2025-01-30 18:48:22,669 INFO c.h.h.t.HelmChartContainer - [hivemq-test-hivemq-platform] [hivemq-platform-operator] [e91b5f58] 18:48:22.668 [ReconcilerExecutor-hivemq-controller-114] DEBUG c.h.p.o.HiveMQPlatformReconciler - [helmpods] Custom Resource Status RUNNING - HiveMQ Platform is ready (READY)
2025-01-30 18:48:22,669 INFO c.h.h.t.HelmChartContainer - [hivemq-test-hivemq-platform] [hivemq-platform-operator] [e91b5f58] 18:48:22.668 [ReconcilerExecutor-hivemq-controller-114] DEBUG c.h.p.o.HiveMQPlatformReconciler - [helmpods] Custom Resource Spec (replicas: 1) (extensions: 1)
2025-01-30 18:48:22,672 INFO c.h.h.t.HelmChartContainer - [hivemq-test-hivemq-platform] [hivemq-platform-operator] [e91b5f58] 18:48:22.670 [ReconcilerExecutor-hivemq-controller-114] DEBUG c.h.p.o.HiveMQPlatformReconciler - [helmpods] StatefulSet Status (revision: test-hivemq-platform-f6cdc458c, replicas: 1, available: 1, ready: 1, current: 1, updated: 1)
2025-01-30 18:48:22,672 INFO c.h.h.t.HelmChartContainer - [hivemq-test-hivemq-platform] [hivemq-platform-operator] [e91b5f58] 18:48:22.670 [ReconcilerExecutor-hivemq-controller-114] DEBUG c.h.p.o.HiveMQPlatformReconciler - [helmpods] StatefulSet Spec (replicas: 1, init containers: 1, containers: 1, volumes: 4)
2025-01-30 18:48:22,673 INFO c.h.h.t.HelmChartContainer - [hivemq-test-hivemq-platform] [hivemq-platform-operator] [e91b5f58] 18:48:22.672 [ReconcilerExecutor-hivemq-controller-114] DEBUG c.h.p.o.h.HiveMQPlatformReconcilerErrorHandler - [helmpods] Pod 'test-hivemq-platform-0' phase Running
2025-01-30 18:48:24,651 INFO c.h.h.testcontainer.LogWaiterUtil - TEST Waiting for log pattern on 'test-hivemq-platform-0': .*HiveMQ Enterprise Distributed Tracing Extension: Successfully updated configuration from '/opt/hivemq/extensions/hivemq-distributed-tracing-extension/conf/config.xml'.
2025-01-30 18:48:24,656 DEBUG com.hivemq.helmcharts.util.K8sUtil - Comparing actual state 'RUNNING' and waiting for 'RESTART_EXTENSIONS'
2025-01-30 18:48:24,658 INFO c.h.h.t.HelmChartContainer - [hivemq-test-hivemq-platform] [hivemq-platform-operator] [e91b5f58] 18:48:24.656 [pool-6-thread-18] DEBUG c.h.p.o.d.PlatformServiceResource - [helmpods] Desired Platform services (3 services)
2025-01-30 18:48:24,659 INFO c.h.h.t.HelmChartContainer - [hivemq-test-hivemq-platform] [hivemq-platform-operator] [e91b5f58] 18:48:24.657 [pool-6-thread-17] DEBUG c.h.p.o.dependants.PodInfoConfigMap - [helmpods] Desired PodInfo ConfigMap (1 extensions) (1 enabled)
2025-01-30 18:48:24,662 INFO c.h.h.t.HelmChartContainer - [hivemq-test-hivemq-platform] [hivemq-platform-operator] [e91b5f58] 18:48:24.659 [pool-6-thread-17] DEBUG c.h.p.o.dependants.PodInfoConfigMap - [helmpods] Desired PodInfo ConfigMap (metrics port: 9399) (metrics path: /)
2025-01-30 18:48:24,662 INFO c.h.h.t.HelmChartContainer - [hivemq-test-hivemq-platform] [hivemq-platform-operator] [e91b5f58] 18:48:24.659 [pool-6-thread-17] DEBUG c.h.p.o.dependants.PodInfoConfigMap - [helmpods] Desired PodInfo ConfigMap (extension state hash: 416274132)
2025-01-30 18:48:24,666 INFO c.h.h.t.HelmChartContainer - [hivemq-test-hivemq-platform] [hivemq-platform-operator] [e91b5f58] 18:48:24.661 [pool-6-thread-17] DEBUG c.h.p.o.dependants.PodInfoConfigMap - [helmpods] Update PodInfo ConfigMap
2025-01-30 18:48:24,666 INFO c.h.h.t.HelmChartContainer - [hivemq-test-hivemq-platform] [hivemq-platform-operator] [e91b5f58] 18:48:24.662 [pool-6-thread-17] DEBUG c.h.p.o.dependants.PodInfoConfigMap - [helmpods] Detected change in configuration of extension 'hivemq-distributed-tracing-extension' ({skip-https-hostname-verification=false, restart=false, config-version=1066, header-version=0, c-uri=, uri=preinstalled, skip-https-certificate-validation=false, enabled=true} -> {skip-https-hostname-verification=false, restart=false, config-version=1156, header-version=0, c-uri=, uri=preinstalled, skip-https-certificate-validation=false, enabled=true})
2025-01-30 18:48:24,666 INFO c.h.h.t.HelmChartContainer - [hivemq-test-hivemq-platform] [hivemq-platform-operator] [e91b5f58] 18:48:24.662 [pool-6-thread-17] INFO  c.h.p.o.dependants.PodInfoConfigMap - [helmpods] Extension configuration was updated, restarting extensions: [hivemq-distributed-tracing-extension]
2025-01-30 18:48:24,666 INFO c.h.h.t.HelmChartContainer - [hivemq-test-hivemq-platform] [hivemq-platform-operator] [e91b5f58] 18:48:24.659 [pool-6-thread-15] DEBUG c.h.p.o.d.PodServiceAccountResource - [helmpods] Desired PodServiceAccountResource (serviceAccountName: hivemq-platform-pod-test-hivemq-platform)
2025-01-30 18:48:24,677 INFO c.h.h.t.HelmChartContainer - [hivemq-test-hivemq-platform] [hivemq-platform-operator] [e91b5f58] 18:48:24.675 [pool-6-thread-17] DEBUG c.h.p.o.d.StatefulSetResource - [helmpods] Desired StatefulSet (1 replicas) for status RUNNING (READY)
2025-01-30 18:48:24,741 INFO c.h.h.t.HelmChartContainer - [hivemq-test-hivemq-platform] [hivemq-platform-operator] [e91b5f58] 18:48:24.738 [ReconcilerExecutor-hivemq-controller-115] INFO  c.h.p.o.HiveMQPlatformReconciler - [helmpods] Reconciling HiveMQ Platform 'test-hivemq-platform' in namespace 'helmpodsecuritycontextupgradeextensionit'
2025-01-30 18:48:24,743 INFO c.h.h.t.HelmChartContainer - [hivemq-test-hivemq-platform] [hivemq-platform-operator] [e91b5f58] 18:48:24.739 [ReconcilerExecutor-hivemq-controller-115] DEBUG c.h.p.o.HiveMQPlatformReconciler - [helmpods] Custom Resource Status RUNNING - HiveMQ Platform is ready (READY) (reconciliation requests: RESTART_EXTENSIONS, REQUESTS_UPDATED)
2025-01-30 18:48:24,743 INFO c.h.h.t.HelmChartContainer - [hivemq-test-hivemq-platform] [hivemq-platform-operator] [e91b5f58] 18:48:24.739 [ReconcilerExecutor-hivemq-controller-115] DEBUG c.h.p.o.HiveMQPlatformReconciler - [helmpods] Custom Resource Spec (replicas: 1) (extensions: 1)
2025-01-30 18:48:24,743 INFO c.h.h.t.HelmChartContainer - [hivemq-test-hivemq-platform] [hivemq-platform-operator] [e91b5f58] 18:48:24.741 [ReconcilerExecutor-hivemq-controller-115] DEBUG c.h.p.o.HiveMQPlatformReconciler - [helmpods] StatefulSet Status (revision: test-hivemq-platform-f6cdc458c, replicas: 1, available: 1, ready: 1, current: 1, updated: 1)
2025-01-30 18:48:24,743 INFO c.h.h.t.HelmChartContainer - [hivemq-test-hivemq-platform] [hivemq-platform-operator] [e91b5f58] 18:48:24.741 [ReconcilerExecutor-hivemq-controller-115] DEBUG c.h.p.o.HiveMQPlatformReconciler - [helmpods] StatefulSet Spec (replicas: 1, init containers: 1, containers: 1, volumes: 4)
2025-01-30 18:48:24,744 INFO c.h.h.t.HelmChartContainer - [hivemq-test-hivemq-platform] [hivemq-platform-operator] [e91b5f58] 18:48:24.743 [ReconcilerExecutor-hivemq-controller-115] DEBUG c.h.p.o.h.HiveMQPlatformReconcilerErrorHandler - [helmpods] Pod 'test-hivemq-platform-0' phase Running
2025-01-30 18:48:24,776 INFO c.h.h.t.HelmChartContainer - [hivemq-test-hivemq-platform] [hivemq-platform-operator] [e91b5f58] 18:48:24.775 [ReconcilerExecutor-hivemq-controller-115] DEBUG c.h.p.operator.event.EventSender - [helmpods] Creating K8s event restart-extension-started: [RestartExtension] HiveMQ Platform is restarting extensions (hivemq-distributed-tracing-extension)
2025-01-30 18:48:24,841 INFO c.h.h.t.HelmChartContainer - [EVENT] Normal [RestartExtension] HiveMQ Platform is restarting extensions (hivemq-distributed-tracing-extension) [helmpodsecuritycontextupgradeextensionit:test-hivemq-platform]
2025-01-30 18:48:24,842 INFO c.h.h.t.HelmChartContainer - [hivemq-test-hivemq-platform] [hivemq-platform-operator] [e91b5f58] 18:48:24.841 [ReconcilerExecutor-hivemq-controller-115] INFO  c.h.p.o.h.AbstractHiveMQReconcilerStateHandler - [helmpods] Update HiveMQ Platform Status (RUNNING [READY] -> RESTART_EXTENSIONS [RESTART_EXTENSIONS]): HiveMQ Platform is restarting extensions (hivemq-distributed-tracing-extension)
2025-01-30 18:48:24,849 DEBUG com.hivemq.helmcharts.util.K8sUtil - Comparing actual state 'RESTART_EXTENSIONS' and waiting for 'RESTART_EXTENSIONS'
2025-01-30 18:48:24,853 DEBUG com.hivemq.helmcharts.util.K8sUtil - Comparing actual state 'RESTART_EXTENSIONS' and waiting for 'RUNNING'
2025-01-30 18:48:34,858 INFO c.h.h.t.HelmChartContainer - [hivemq-test-hivemq-platform] [hivemq-platform-operator] [e91b5f58] 18:48:34.854 [pool-6-thread-26] DEBUG c.h.p.o.d.PlatformServiceResource - [helmpods] Desired Platform services (3 services)
2025-01-30 18:48:34,858 INFO c.h.h.t.HelmChartContainer - [hivemq-test-hivemq-platform] [hivemq-platform-operator] [e91b5f58] 18:48:34.855 [pool-6-thread-27] DEBUG c.h.p.o.dependants.PodInfoConfigMap - [helmpods] Desired PodInfo ConfigMap (1 extensions) (1 enabled)
2025-01-30 18:48:34,858 INFO c.h.h.t.HelmChartContainer - [hivemq-test-hivemq-platform] [hivemq-platform-operator] [e91b5f58] 18:48:34.855 [pool-6-thread-27] DEBUG c.h.p.o.dependants.PodInfoConfigMap - [helmpods] Desired PodInfo ConfigMap (metrics port: 9399) (metrics path: /)
2025-01-30 18:48:34,858 INFO c.h.h.t.HelmChartContainer - [hivemq-test-hivemq-platform] [hivemq-platform-operator] [e91b5f58] 18:48:34.855 [pool-6-thread-27] DEBUG c.h.p.o.dependants.PodInfoConfigMap - [helmpods] Desired PodInfo ConfigMap (extension state hash: 416274132)
2025-01-30 18:48:34,859 INFO c.h.h.t.HelmChartContainer - [hivemq-test-hivemq-platform] [hivemq-platform-operator] [e91b5f58] 18:48:34.856 [pool-6-thread-27] DEBUG c.h.p.o.dependants.PodInfoConfigMap - [helmpods] Update PodInfo ConfigMap
2025-01-30 18:48:34,860 INFO c.h.h.t.HelmChartContainer - [hivemq-test-hivemq-platform] [hivemq-platform-operator] [e91b5f58] 18:48:34.859 [pool-6-thread-23] DEBUG c.h.p.o.d.PodServiceAccountResource - [helmpods] Desired PodServiceAccountResource (serviceAccountName: hivemq-platform-pod-test-hivemq-platform)
2025-01-30 18:48:34,869 INFO c.h.h.t.HelmChartContainer - [hivemq-test-hivemq-platform] [hivemq-platform-operator] [e91b5f58] 18:48:34.868 [pool-6-thread-27] DEBUG c.h.p.o.d.StatefulSetResource - [helmpods] Desired StatefulSet (1 replicas) for status RESTART_EXTENSIONS (RESTART_EXTENSIONS)
2025-01-30 18:48:34,872 INFO c.h.h.t.HelmChartContainer - [hivemq-test-hivemq-platform] [hivemq-platform-operator] [e91b5f58] 18:48:34.871 [ReconcilerExecutor-hivemq-controller-116] INFO  c.h.p.o.HiveMQPlatformReconciler - [helmpods] Reconciling HiveMQ Platform 'test-hivemq-platform' in namespace 'helmpodsecuritycontextupgradeextensionit'
2025-01-30 18:48:34,873 INFO c.h.h.t.HelmChartContainer - [hivemq-test-hivemq-platform] [hivemq-platform-operator] [e91b5f58] 18:48:34.871 [ReconcilerExecutor-hivemq-controller-116] DEBUG c.h.p.o.HiveMQPlatformReconciler - [helmpods] Custom Resource Status RESTART_EXTENSIONS - HiveMQ Platform is restarting extensions (hivemq-distributed-tracing-extension) (RESTART_EXTENSIONS)
2025-01-30 18:48:34,873 INFO c.h.h.t.HelmChartContainer - [hivemq-test-hivemq-platform] [hivemq-platform-operator] [e91b5f58] 18:48:34.871 [ReconcilerExecutor-hivemq-controller-116] DEBUG c.h.p.o.HiveMQPlatformReconciler - [helmpods] Custom Resource Spec (replicas: 1) (extensions: 1)
2025-01-30 18:48:34,937 INFO c.h.h.t.HelmChartContainer - [hivemq-test-hivemq-platform] [hivemq-platform-operator] [e91b5f58] 18:48:34.936 [ReconcilerExecutor-hivemq-controller-116] DEBUG c.h.p.o.HiveMQPlatformReconciler - [helmpods] StatefulSet Status (revision: test-hivemq-platform-f6cdc458c, replicas: 1, available: 1, ready: 1, current: 1, updated: 1)
2025-01-30 18:48:34,938 INFO c.h.h.t.HelmChartContainer - [hivemq-test-hivemq-platform] [hivemq-platform-operator] [e91b5f58] 18:48:34.936 [ReconcilerExecutor-hivemq-controller-116] DEBUG c.h.p.o.HiveMQPlatformReconciler - [helmpods] StatefulSet Spec (replicas: 1, init containers: 1, containers: 1, volumes: 4)
2025-01-30 18:48:34,939 INFO c.h.h.t.HelmChartContainer - [hivemq-test-hivemq-platform] [hivemq-platform-operator] [e91b5f58] 18:48:34.938 [ReconcilerExecutor-hivemq-controller-116] DEBUG c.h.p.o.h.HiveMQPlatformReconcilerErrorHandler - [helmpods] Pod 'test-hivemq-platform-0' phase Running
2025-01-30 18:48:34,963 INFO c.h.h.t.HelmChartContainer - [hivemq-test-hivemq-platform] [hivemq-platform-operator] [e91b5f58] 18:48:34.962 [ReconcilerExecutor-hivemq-controller-116] DEBUG c.h.p.o.h.HiveMQPlatformReconcilerRestartExtensionsHandler - [helmpods] Update extensions on Pod 'test-hivemq-platform-0'
2025-01-30 18:48:35,109 INFO c.h.h.t.HelmChartContainer - [test-hivemq-platform] [hivemq] [0d810b67] INFO  - [HiveMQ Platform Operator Init App 1.7.0-SNAPSHOT] Updating HiveMQ Platform extensions: [hivemq-distributed-tracing-extension]
2025-01-30 18:48:35,139 INFO c.h.h.t.HelmChartContainer - [hivemq-test-hivemq-platform] [hivemq-platform-operator] [e91b5f58] 18:48:35.138 [vert.x-eventloop-thread-0] DEBUG c.h.platform.operator.util.PodUtil - Received status for command '[curl, -s, http://10.42.0.10:7979/updateExtension?hash=416274132&extensions=hivemq-distributed-tracing-extension]' on Pod 'test-hivemq-platform-0' (exit code: 0)
2025-01-30 18:48:36,111 INFO c.h.h.t.HelmChartContainer - [test-hivemq-platform] [hivemq] [0d810b67] INFO  - [HiveMQ Platform Operator Init App 1.7.0-SNAPSHOT] Waiting for extension ConfigMap sync (expected hash: 416274132) (current hash: -99555109)
2025-01-30 18:48:36,140 INFO c.h.h.t.HelmChartContainer - [hivemq-test-hivemq-platform] [hivemq-platform-operator] [e91b5f58] 18:48:36.139 [pool-6-thread-35] DEBUG c.h.p.o.d.PlatformServiceResource - [helmpods] Desired Platform services (3 services)
2025-01-30 18:48:36,140 INFO c.h.h.t.HelmChartContainer - [hivemq-test-hivemq-platform] [hivemq-platform-operator] [e91b5f58] 18:48:36.139 [pool-6-thread-36] DEBUG c.h.p.o.d.PodServiceAccountResource - [helmpods] Desired PodServiceAccountResource (serviceAccountName: hivemq-platform-pod-test-hivemq-platform)
2025-01-30 18:48:36,142 INFO c.h.h.t.HelmChartContainer - [hivemq-test-hivemq-platform] [hivemq-platform-operator] [e91b5f58] 18:48:36.141 [pool-6-thread-39] DEBUG c.h.p.o.dependants.PodInfoConfigMap - [helmpods] Desired PodInfo ConfigMap (1 extensions) (1 enabled)
2025-01-30 18:48:36,142 INFO c.h.h.t.HelmChartContainer - [hivemq-test-hivemq-platform] [hivemq-platform-operator] [e91b5f58] 18:48:36.141 [pool-6-thread-39] DEBUG c.h.p.o.dependants.PodInfoConfigMap - [helmpods] Desired PodInfo ConfigMap (metrics port: 9399) (metrics path: /)
2025-01-30 18:48:36,142 INFO c.h.h.t.HelmChartContainer - [hivemq-test-hivemq-platform] [hivemq-platform-operator] [e91b5f58] 18:48:36.141 [pool-6-thread-39] DEBUG c.h.p.o.dependants.PodInfoConfigMap - [helmpods] Desired PodInfo ConfigMap (extension state hash: 416274132)
2025-01-30 18:48:36,145 INFO c.h.h.t.HelmChartContainer - [hivemq-test-hivemq-platform] [hivemq-platform-operator] [e91b5f58] 18:48:36.144 [pool-6-thread-35] DEBUG c.h.p.o.d.StatefulSetResource - [helmpods] Desired StatefulSet (1 replicas) for status RESTART_EXTENSIONS (RESTART_EXTENSIONS)
2025-01-30 18:48:36,149 INFO c.h.h.t.HelmChartContainer - [hivemq-test-hivemq-platform] [hivemq-platform-operator] [e91b5f58] 18:48:36.147 [ReconcilerExecutor-hivemq-controller-117] INFO  c.h.p.o.HiveMQPlatformReconciler - [helmpods] Reconciling HiveMQ Platform 'test-hivemq-platform' in namespace 'helmpodsecuritycontextupgradeextensionit'
2025-01-30 18:48:36,150 INFO c.h.h.t.HelmChartContainer - [hivemq-test-hivemq-platform] [hivemq-platform-operator] [e91b5f58] 18:48:36.147 [ReconcilerExecutor-hivemq-controller-117] DEBUG c.h.p.o.HiveMQPlatformReconciler - [helmpods] Custom Resource Status RESTART_EXTENSIONS - HiveMQ Platform is restarting extensions (hivemq-distributed-tracing-extension) (RESTART_EXTENSIONS)
2025-01-30 18:48:36,150 INFO c.h.h.t.HelmChartContainer - [hivemq-test-hivemq-platform] [hivemq-platform-operator] [e91b5f58] 18:48:36.147 [ReconcilerExecutor-hivemq-controller-117] DEBUG c.h.p.o.HiveMQPlatformReconciler - [helmpods] Custom Resource Spec (replicas: 1) (extensions: 1)
2025-01-30 18:48:36,151 INFO c.h.h.t.HelmChartContainer - [hivemq-test-hivemq-platform] [hivemq-platform-operator] [e91b5f58] 18:48:36.150 [ReconcilerExecutor-hivemq-controller-117] DEBUG c.h.p.o.HiveMQPlatformReconciler - [helmpods] StatefulSet Status (revision: test-hivemq-platform-f6cdc458c, replicas: 1, available: 1, ready: 1, current: 1, updated: 1)
2025-01-30 18:48:36,151 INFO c.h.h.t.HelmChartContainer - [hivemq-test-hivemq-platform] [hivemq-platform-operator] [e91b5f58] 18:48:36.150 [ReconcilerExecutor-hivemq-controller-117] DEBUG c.h.p.o.HiveMQPlatformReconciler - [helmpods] StatefulSet Spec (replicas: 1, init containers: 1, containers: 1, volumes: 4)
2025-01-30 18:48:36,153 INFO c.h.h.t.HelmChartContainer - [hivemq-test-hivemq-platform] [hivemq-platform-operator] [e91b5f58] 18:48:36.152 [ReconcilerExecutor-hivemq-controller-117] DEBUG c.h.p.o.h.HiveMQPlatformReconcilerErrorHandler - [helmpods] Pod 'test-hivemq-platform-0' phase Running
2025-01-30 18:48:36,255 INFO c.h.h.t.HelmChartContainer - [hivemq-test-hivemq-platform] [hivemq-platform-operator] [e91b5f58] 18:48:36.254 [ReconcilerExecutor-hivemq-controller-117] DEBUG c.h.p.operator.event.EventSender - [helmpods] Creating K8s event restart-extension-in-progress: [RestartExtension] HiveMQ Platform is waiting for extension restart (hivemq-distributed-tracing-extension)
2025-01-30 18:48:36,258 INFO c.h.h.t.HelmChartContainer - [EVENT] Normal [RestartExtension] HiveMQ Platform is waiting for extension restart (hivemq-distributed-tracing-extension) [helmpodsecuritycontextupgradeextensionit:test-hivemq-platform]
2025-01-30 18:48:36,262 INFO c.h.h.t.HelmChartContainer - [hivemq-test-hivemq-platform] [hivemq-platform-operator] [e91b5f58] 18:48:36.262 [ReconcilerExecutor-hivemq-controller-117] INFO  c.h.p.o.h.AbstractHiveMQReconcilerStateHandler - [helmpods] Update HiveMQ Platform Status (RESTART_EXTENSIONS [RESTART_EXTENSIONS] -> RESTART_EXTENSIONS [WAIT_FOR_EXTENSION_RESTART]): HiveMQ Platform is waiting for extension restart (hivemq-distributed-tracing-extension)
2025-01-30 18:48:36,344 DEBUG com.hivemq.helmcharts.util.K8sUtil - Comparing actual state 'RESTART_EXTENSIONS' and waiting for 'RUNNING'
2025-01-30 18:48:37,111 INFO c.h.h.t.HelmChartContainer - [test-hivemq-platform] [hivemq] [0d810b67] INFO  - [HiveMQ Platform Operator Init App 1.7.0-SNAPSHOT] Waiting for extension ConfigMap sync (expected hash: 416274132) (current hash: -99555109)
2025-01-30 18:48:38,111 INFO c.h.h.t.HelmChartContainer - [test-hivemq-platform] [hivemq] [0d810b67] INFO  - [HiveMQ Platform Operator Init App 1.7.0-SNAPSHOT] Waiting for extension ConfigMap sync (expected hash: 416274132) (current hash: -99555109)
2025-01-30 18:48:39,112 INFO c.h.h.t.HelmChartContainer - [test-hivemq-platform] [hivemq] [0d810b67] INFO  - [HiveMQ Platform Operator Init App 1.7.0-SNAPSHOT] Waiting for extension ConfigMap sync (expected hash: 416274132) (current hash: -99555109)
2025-01-30 18:48:39,809 INFO c.h.h.t.HelmChartContainer - [test-hivemq-platform] [hivemq] [0d810b67] INFO  - [HiveMQ Platform Operator Init App 1.7.0-SNAPSHOT] Returning Health API response 200 for liveness
2025-01-30 18:48:40,112 INFO c.h.h.t.HelmChartContainer - [test-hivemq-platform] [hivemq] [0d810b67] INFO  - [HiveMQ Platform Operator Init App 1.7.0-SNAPSHOT] Waiting for extension ConfigMap sync (expected hash: 416274132) (current hash: -99555109)
2025-01-30 18:48:41,113 INFO c.h.h.t.HelmChartContainer - [test-hivemq-platform] [hivemq] [0d810b67] INFO  - [HiveMQ Platform Operator Init App 1.7.0-SNAPSHOT] Waiting for extension ConfigMap sync (expected hash: 416274132) (current hash: -99555109)
2025-01-30 18:48:42,113 INFO c.h.h.t.HelmChartContainer - [test-hivemq-platform] [hivemq] [0d810b67] INFO  - [HiveMQ Platform Operator Init App 1.7.0-SNAPSHOT] Waiting for extension ConfigMap sync (expected hash: 416274132) (current hash: -99555109)
2025-01-30 18:48:43,114 INFO c.h.h.t.HelmChartContainer - [test-hivemq-platform] [hivemq] [0d810b67] INFO  - [HiveMQ Platform Operator Init App 1.7.0-SNAPSHOT] Waiting for extension ConfigMap sync (expected hash: 416274132) (current hash: -99555109)
2025-01-30 18:48:44,114 INFO c.h.h.t.HelmChartContainer - [test-hivemq-platform] [hivemq] [0d810b67] INFO  - [HiveMQ Platform Operator Init App 1.7.0-SNAPSHOT] Waiting for extension ConfigMap sync (expected hash: 416274132) (current hash: -99555109)
2025-01-30 18:48:45,115 INFO c.h.h.t.HelmChartContainer - [test-hivemq-platform] [hivemq] [0d810b67] INFO  - [HiveMQ Platform Operator Init App 1.7.0-SNAPSHOT] Waiting for extension ConfigMap sync (expected hash: 416274132) (current hash: -99555109)
2025-01-30 18:48:46,115 INFO c.h.h.t.HelmChartContainer - [test-hivemq-platform] [hivemq] [0d810b67] INFO  - [HiveMQ Platform Operator Init App 1.7.0-SNAPSHOT] Waiting for extension ConfigMap sync (expected hash: 416274132) (current hash: -99555109)
2025-01-30 18:48:46,356 INFO c.h.h.t.HelmChartContainer - [hivemq-test-hivemq-platform] [hivemq-platform-operator] [e91b5f58] 18:48:46.353 [pool-6-thread-43] DEBUG c.h.p.o.d.PlatformServiceResource - [helmpods] Desired Platform services (3 services)
2025-01-30 18:48:46,357 INFO c.h.h.t.HelmChartContainer - [hivemq-test-hivemq-platform] [hivemq-platform-operator] [e91b5f58] 18:48:46.354 [pool-6-thread-45] DEBUG c.h.p.o.d.PodServiceAccountResource - [helmpods] Desired PodServiceAccountResource (serviceAccountName: hivemq-platform-pod-test-hivemq-platform)
2025-01-30 18:48:46,358 INFO c.h.h.t.HelmChartContainer - [hivemq-test-hivemq-platform] [hivemq-platform-operator] [e91b5f58] 18:48:46.357 [pool-6-thread-42] DEBUG c.h.p.o.dependants.PodInfoConfigMap - [helmpods] Desired PodInfo ConfigMap (1 extensions) (1 enabled)
2025-01-30 18:48:46,359 INFO c.h.h.t.HelmChartContainer - [hivemq-test-hivemq-platform] [hivemq-platform-operator] [e91b5f58] 18:48:46.358 [pool-6-thread-42] DEBUG c.h.p.o.dependants.PodInfoConfigMap - [helmpods] Desired PodInfo ConfigMap (metrics port: 9399) (metrics path: /)
2025-01-30 18:48:46,359 INFO c.h.h.t.HelmChartContainer - [hivemq-test-hivemq-platform] [hivemq-platform-operator] [e91b5f58] 18:48:46.358 [pool-6-thread-42] DEBUG c.h.p.o.dependants.PodInfoConfigMap - [helmpods] Desired PodInfo ConfigMap (extension state hash: 416274132)
2025-01-30 18:48:46,438 INFO c.h.h.t.HelmChartContainer - [hivemq-test-hivemq-platform] [hivemq-platform-operator] [e91b5f58] 18:48:46.436 [pool-6-thread-41] DEBUG c.h.p.o.d.StatefulSetResource - [helmpods] Desired StatefulSet (1 replicas) for status RESTART_EXTENSIONS (WAIT_FOR_EXTENSION_RESTART)
2025-01-30 18:48:46,441 INFO c.h.h.t.HelmChartContainer - [hivemq-test-hivemq-platform] [hivemq-platform-operator] [e91b5f58] 18:48:46.440 [ReconcilerExecutor-hivemq-controller-118] INFO  c.h.p.o.HiveMQPlatformReconciler - [helmpods] Reconciling HiveMQ Platform 'test-hivemq-platform' in namespace 'helmpodsecuritycontextupgradeextensionit'
2025-01-30 18:48:46,441 INFO c.h.h.t.HelmChartContainer - [hivemq-test-hivemq-platform] [hivemq-platform-operator] [e91b5f58] 18:48:46.440 [ReconcilerExecutor-hivemq-controller-118] DEBUG c.h.p.o.HiveMQPlatformReconciler - [helmpods] Custom Resource Status RESTART_EXTENSIONS - HiveMQ Platform is waiting for extension restart (hivemq-distributed-tracing-extension) (WAIT_FOR_EXTENSION_RESTART)
2025-01-30 18:48:46,441 INFO c.h.h.t.HelmChartContainer - [hivemq-test-hivemq-platform] [hivemq-platform-operator] [e91b5f58] 18:48:46.440 [ReconcilerExecutor-hivemq-controller-118] DEBUG c.h.p.o.HiveMQPlatformReconciler - [helmpods] Custom Resource Spec (replicas: 1) (extensions: 1)
2025-01-30 18:48:46,443 INFO c.h.h.t.HelmChartContainer - [hivemq-test-hivemq-platform] [hivemq-platform-operator] [e91b5f58] 18:48:46.442 [ReconcilerExecutor-hivemq-controller-118] DEBUG c.h.p.o.HiveMQPlatformReconciler - [helmpods] StatefulSet Status (revision: test-hivemq-platform-f6cdc458c, replicas: 1, available: 1, ready: 1, current: 1, updated: 1)
2025-01-30 18:48:46,443 INFO c.h.h.t.HelmChartContainer - [hivemq-test-hivemq-platform] [hivemq-platform-operator] [e91b5f58] 18:48:46.442 [ReconcilerExecutor-hivemq-controller-118] DEBUG c.h.p.o.HiveMQPlatformReconciler - [helmpods] StatefulSet Spec (replicas: 1, init containers: 1, containers: 1, volumes: 4)
2025-01-30 18:48:46,444 INFO c.h.h.t.HelmChartContainer - [hivemq-test-hivemq-platform] [hivemq-platform-operator] [e91b5f58] 18:48:46.443 [ReconcilerExecutor-hivemq-controller-118] DEBUG c.h.p.o.h.HiveMQPlatformReconcilerErrorHandler - [helmpods] Pod 'test-hivemq-platform-0' phase Running
2025-01-30 18:48:46,450 INFO c.h.h.t.HelmChartContainer - [hivemq-test-hivemq-platform] [hivemq-platform-operator] [e91b5f58] 18:48:46.449 [ReconcilerExecutor-hivemq-controller-118] DEBUG c.h.p.o.h.HiveMQPlatformReconcilerRestartExtensionsHandler - [helmpods] Checking update extension status on Pod 'test-hivemq-platform-0'
2025-01-30 18:48:46,590 INFO c.h.h.t.HelmChartContainer - [test-hivemq-platform] [hivemq] [0d810b67] INFO  - [HiveMQ Platform Operator Init App 1.7.0-SNAPSHOT] Extension update is pending (0 errors)
2025-01-30 18:48:46,638 INFO c.h.h.t.HelmChartContainer - [hivemq-test-hivemq-platform] [hivemq-platform-operator] [e91b5f58] 18:48:46.637 [vert.x-eventloop-thread-0] DEBUG c.h.platform.operator.util.PodUtil - Received status for command '[curl, -s, http://10.42.0.10:7979/updateExtensionStatus]' on Pod 'test-hivemq-platform-0' (exit code: 0)
2025-01-30 18:48:47,116 INFO c.h.h.t.HelmChartContainer - [test-hivemq-platform] [hivemq] [0d810b67] INFO  - [HiveMQ Platform Operator Init App 1.7.0-SNAPSHOT] Waiting for extension ConfigMap sync (expected hash: 416274132) (current hash: -99555109)
2025-01-30 18:48:47,559 INFO c.h.h.t.HelmChartContainer - [hivemq-test-hivemq-platform] [hivemq-platform-operator] [e91b5f58] 18:48:47.557 [pool-6-thread-3] DEBUG c.h.p.o.d.PlatformServiceResource - [helmpods] Desired Platform services (3 services)
2025-01-30 18:48:47,559 INFO c.h.h.t.HelmChartContainer - [hivemq-test-hivemq-platform] [hivemq-platform-operator] [e91b5f58] 18:48:47.558 [pool-6-thread-6] DEBUG c.h.p.o.d.PodServiceAccountResource - [helmpods] Desired PodServiceAccountResource (serviceAccountName: hivemq-platform-pod-test-hivemq-platform)
2025-01-30 18:48:47,561 INFO c.h.h.t.HelmChartContainer - [hivemq-test-hivemq-platform] [hivemq-platform-operator] [e91b5f58] 18:48:47.560 [pool-6-thread-8] DEBUG c.h.p.o.dependants.PodInfoConfigMap - [helmpods] Desired PodInfo ConfigMap (1 extensions) (1 enabled)
2025-01-30 18:48:47,561 INFO c.h.h.t.HelmChartContainer - [hivemq-test-hivemq-platform] [hivemq-platform-operator] [e91b5f58] 18:48:47.560 [pool-6-thread-8] DEBUG c.h.p.o.dependants.PodInfoConfigMap - [helmpods] Desired PodInfo ConfigMap (metrics port: 9399) (metrics path: /)
2025-01-30 18:48:47,561 INFO c.h.h.t.HelmChartContainer - [hivemq-test-hivemq-platform] [hivemq-platform-operator] [e91b5f58] 18:48:47.560 [pool-6-thread-8] DEBUG c.h.p.o.dependants.PodInfoConfigMap - [helmpods] Desired PodInfo ConfigMap (extension state hash: 416274132)
2025-01-30 18:48:47,564 INFO c.h.h.t.HelmChartContainer - [hivemq-test-hivemq-platform] [hivemq-platform-operator] [e91b5f58] 18:48:47.564 [pool-6-thread-1] DEBUG c.h.p.o.d.StatefulSetResource - [helmpods] Desired StatefulSet (1 replicas) for status RESTART_EXTENSIONS (WAIT_FOR_EXTENSION_RESTART)
2025-01-30 18:48:47,568 INFO c.h.h.t.HelmChartContainer - [hivemq-test-hivemq-platform] [hivemq-platform-operator] [e91b5f58] 18:48:47.567 [ReconcilerExecutor-hivemq-controller-119] INFO  c.h.p.o.HiveMQPlatformReconciler - [helmpods] Reconciling HiveMQ Platform 'test-hivemq-platform' in namespace 'helmpodsecuritycontextupgradeextensionit'
2025-01-30 18:48:47,569 INFO c.h.h.t.HelmChartContainer - [hivemq-test-hivemq-platform] [hivemq-platform-operator] [e91b5f58] 18:48:47.567 [ReconcilerExecutor-hivemq-controller-119] DEBUG c.h.p.o.HiveMQPlatformReconciler - [helmpods] Custom Resource Status RESTART_EXTENSIONS - HiveMQ Platform is waiting for extension restart (hivemq-distributed-tracing-extension) (WAIT_FOR_EXTENSION_RESTART)
2025-01-30 18:48:47,569 INFO c.h.h.t.HelmChartContainer - [hivemq-test-hivemq-platform] [hivemq-platform-operator] [e91b5f58] 18:48:47.567 [ReconcilerExecutor-hivemq-controller-119] DEBUG c.h.p.o.HiveMQPlatformReconciler - [helmpods] Custom Resource Spec (replicas: 1) (extensions: 1)
2025-01-30 18:48:47,570 INFO c.h.h.t.HelmChartContainer - [hivemq-test-hivemq-platform] [hivemq-platform-operator] [e91b5f58] 18:48:47.570 [ReconcilerExecutor-hivemq-controller-119] DEBUG c.h.p.o.HiveMQPlatformReconciler - [helmpods] StatefulSet Status (revision: test-hivemq-platform-f6cdc458c, replicas: 1, available: 1, ready: 1, current: 1, updated: 1)
2025-01-30 18:48:47,570 INFO c.h.h.t.HelmChartContainer - [hivemq-test-hivemq-platform] [hivemq-platform-operator] [e91b5f58] 18:48:47.570 [ReconcilerExecutor-hivemq-controller-119] DEBUG c.h.p.o.HiveMQPlatformReconciler - [helmpods] StatefulSet Spec (replicas: 1, init containers: 1, containers: 1, volumes: 4)
2025-01-30 18:48:47,572 INFO c.h.h.t.HelmChartContainer - [hivemq-test-hivemq-platform] [hivemq-platform-operator] [e91b5f58] 18:48:47.571 [ReconcilerExecutor-hivemq-controller-119] DEBUG c.h.p.o.h.HiveMQPlatformReconcilerErrorHandler - [helmpods] Pod 'test-hivemq-platform-0' phase Running
2025-01-30 18:48:47,573 INFO c.h.h.t.HelmChartContainer - [hivemq-test-hivemq-platform] [hivemq-platform-operator] [e91b5f58] 18:48:47.572 [ReconcilerExecutor-hivemq-controller-119] INFO  c.h.p.o.h.HiveMQPlatformReconcilerRestartExtensionsHandler - [helmpods] Extension update on Pod 'test-hivemq-platform-0' is still pending
2025-01-30 18:48:48,116 INFO c.h.h.t.HelmChartContainer - [test-hivemq-platform] [hivemq] [0d810b67] INFO  - [HiveMQ Platform Operator Init App 1.7.0-SNAPSHOT] Waiting for extension ConfigMap sync (expected hash: 416274132) (current hash: -99555109)
2025-01-30 18:48:49,117 INFO c.h.h.t.HelmChartContainer - [test-hivemq-platform] [hivemq] [0d810b67] INFO  - [HiveMQ Platform Operator Init App 1.7.0-SNAPSHOT] Waiting for extension ConfigMap sync (expected hash: 416274132) (current hash: -99555109)
2025-01-30 18:48:50,117 INFO c.h.h.t.HelmChartContainer - [test-hivemq-platform] [hivemq] [0d810b67] INFO  - [HiveMQ Platform Operator Init App 1.7.0-SNAPSHOT] Waiting for extension ConfigMap sync (expected hash: 416274132) (current hash: -99555109)
2025-01-30 18:48:51,117 INFO c.h.h.t.HelmChartContainer - [test-hivemq-platform] [hivemq] [0d810b67] INFO  - [HiveMQ Platform Operator Init App 1.7.0-SNAPSHOT] Waiting for extension ConfigMap sync (expected hash: 416274132) (current hash: -99555109)
2025-01-30 18:48:52,118 INFO c.h.h.t.HelmChartContainer - [test-hivemq-platform] [hivemq] [0d810b67] INFO  - [HiveMQ Platform Operator Init App 1.7.0-SNAPSHOT] Waiting for extension ConfigMap sync (expected hash: 416274132) (current hash: -99555109)
2025-01-30 18:48:53,118 INFO c.h.h.t.HelmChartContainer - [test-hivemq-platform] [hivemq] [0d810b67] INFO  - [HiveMQ Platform Operator Init App 1.7.0-SNAPSHOT] Waiting for extension ConfigMap sync (expected hash: 416274132) (current hash: -99555109)
2025-01-30 18:48:54,124 INFO c.h.h.t.HelmChartContainer - [test-hivemq-platform] [hivemq] [0d810b67] INFO  - [HiveMQ Platform Operator Init App 1.7.0-SNAPSHOT] Waiting for extension ConfigMap sync (expected hash: 416274132) (current hash: -99555109)
2025-01-30 18:48:55,125 INFO c.h.h.t.HelmChartContainer - [test-hivemq-platform] [hivemq] [0d810b67] INFO  - [HiveMQ Platform Operator Init App 1.7.0-SNAPSHOT] Waiting for extension ConfigMap sync (expected hash: 416274132) (current hash: -99555109)
2025-01-30 18:48:56,125 INFO c.h.h.t.HelmChartContainer - [test-hivemq-platform] [hivemq] [0d810b67] INFO  - [HiveMQ Platform Operator Init App 1.7.0-SNAPSHOT] Waiting for extension ConfigMap sync (expected hash: 416274132) (current hash: -99555109)
2025-01-30 18:48:57,126 INFO c.h.h.t.HelmChartContainer - [test-hivemq-platform] [hivemq] [0d810b67] INFO  - [HiveMQ Platform Operator Init App 1.7.0-SNAPSHOT] Waiting for extension ConfigMap sync (expected hash: 416274132) (current hash: -99555109)
2025-01-30 18:48:57,579 INFO c.h.h.t.HelmChartContainer - [hivemq-test-hivemq-platform] [hivemq-platform-operator] [e91b5f58] 18:48:57.577 [pool-6-thread-19] DEBUG c.h.p.o.d.PodServiceAccountResource - [helmpods] Desired PodServiceAccountResource (serviceAccountName: hivemq-platform-pod-test-hivemq-platform)
2025-01-30 18:48:57,580 INFO c.h.h.t.HelmChartContainer - [hivemq-test-hivemq-platform] [hivemq-platform-operator] [e91b5f58] 18:48:57.577 [pool-6-thread-16] DEBUG c.h.p.o.d.PlatformServiceResource - [helmpods] Desired Platform services (3 services)
2025-01-30 18:48:57,580 INFO c.h.h.t.HelmChartContainer - [hivemq-test-hivemq-platform] [hivemq-platform-operator] [e91b5f58] 18:48:57.577 [pool-6-thread-12] DEBUG c.h.p.o.dependants.PodInfoConfigMap - [helmpods] Desired PodInfo ConfigMap (1 extensions) (1 enabled)
2025-01-30 18:48:57,580 INFO c.h.h.t.HelmChartContainer - [hivemq-test-hivemq-platform] [hivemq-platform-operator] [e91b5f58] 18:48:57.578 [pool-6-thread-12] DEBUG c.h.p.o.dependants.PodInfoConfigMap - [helmpods] Desired PodInfo ConfigMap (metrics port: 9399) (metrics path: /)
2025-01-30 18:48:57,580 INFO c.h.h.t.HelmChartContainer - [hivemq-test-hivemq-platform] [hivemq-platform-operator] [e91b5f58] 18:48:57.578 [pool-6-thread-12] DEBUG c.h.p.o.dependants.PodInfoConfigMap - [helmpods] Desired PodInfo ConfigMap (extension state hash: 416274132)
2025-01-30 18:48:57,582 INFO c.h.h.t.HelmChartContainer - [hivemq-test-hivemq-platform] [hivemq-platform-operator] [e91b5f58] 18:48:57.582 [pool-6-thread-16] DEBUG c.h.p.o.d.StatefulSetResource - [helmpods] Desired StatefulSet (1 replicas) for status RESTART_EXTENSIONS (WAIT_FOR_EXTENSION_RESTART)
2025-01-30 18:48:57,586 INFO c.h.h.t.HelmChartContainer - [hivemq-test-hivemq-platform] [hivemq-platform-operator] [e91b5f58] 18:48:57.585 [ReconcilerExecutor-hivemq-controller-120] INFO  c.h.p.o.HiveMQPlatformReconciler - [helmpods] Reconciling HiveMQ Platform 'test-hivemq-platform' in namespace 'helmpodsecuritycontextupgradeextensionit'
2025-01-30 18:48:57,586 INFO c.h.h.t.HelmChartContainer - [hivemq-test-hivemq-platform] [hivemq-platform-operator] [e91b5f58] 18:48:57.585 [ReconcilerExecutor-hivemq-controller-120] DEBUG c.h.p.o.HiveMQPlatformReconciler - [helmpods] Custom Resource Status RESTART_EXTENSIONS - HiveMQ Platform is waiting for extension restart (hivemq-distributed-tracing-extension) (WAIT_FOR_EXTENSION_RESTART)
2025-01-30 18:48:57,586 INFO c.h.h.t.HelmChartContainer - [hivemq-test-hivemq-platform] [hivemq-platform-operator] [e91b5f58] 18:48:57.585 [ReconcilerExecutor-hivemq-controller-120] DEBUG c.h.p.o.HiveMQPlatformReconciler - [helmpods] Custom Resource Spec (replicas: 1) (extensions: 1)
2025-01-30 18:48:57,588 INFO c.h.h.t.HelmChartContainer - [hivemq-test-hivemq-platform] [hivemq-platform-operator] [e91b5f58] 18:48:57.587 [ReconcilerExecutor-hivemq-controller-120] DEBUG c.h.p.o.HiveMQPlatformReconciler - [helmpods] StatefulSet Status (revision: test-hivemq-platform-f6cdc458c, replicas: 1, available: 1, ready: 1, current: 1, updated: 1)
2025-01-30 18:48:57,588 INFO c.h.h.t.HelmChartContainer - [hivemq-test-hivemq-platform] [hivemq-platform-operator] [e91b5f58] 18:48:57.587 [ReconcilerExecutor-hivemq-controller-120] DEBUG c.h.p.o.HiveMQPlatformReconciler - [helmpods] StatefulSet Spec (replicas: 1, init containers: 1, containers: 1, volumes: 4)
2025-01-30 18:48:57,589 INFO c.h.h.t.HelmChartContainer - [hivemq-test-hivemq-platform] [hivemq-platform-operator] [e91b5f58] 18:48:57.589 [ReconcilerExecutor-hivemq-controller-120] DEBUG c.h.p.o.h.HiveMQPlatformReconcilerErrorHandler - [helmpods] Pod 'test-hivemq-platform-0' phase Running
2025-01-30 18:48:57,664 INFO c.h.h.t.HelmChartContainer - [hivemq-test-hivemq-platform] [hivemq-platform-operator] [e91b5f58] 18:48:57.662 [ReconcilerExecutor-hivemq-controller-120] DEBUG c.h.p.o.h.HiveMQPlatformReconcilerRestartExtensionsHandler - [helmpods] Checking update extension status on Pod 'test-hivemq-platform-0'
2025-01-30 18:48:57,711 INFO c.h.h.t.HelmChartContainer - [test-hivemq-platform] [hivemq] [0d810b67] INFO  - [HiveMQ Platform Operator Init App 1.7.0-SNAPSHOT] Extension update is pending (0 errors)
2025-01-30 18:48:57,715 INFO c.h.h.t.HelmChartContainer - [hivemq-test-hivemq-platform] [hivemq-platform-operator] [e91b5f58] 18:48:57.714 [vert.x-eventloop-thread-1] DEBUG c.h.platform.operator.util.PodUtil - Received status for command '[curl, -s, http://10.42.0.10:7979/updateExtensionStatus]' on Pod 'test-hivemq-platform-0' (exit code: 0)
2025-01-30 18:48:58,126 INFO c.h.h.t.HelmChartContainer - [test-hivemq-platform] [hivemq] [0d810b67] INFO  - [HiveMQ Platform Operator Init App 1.7.0-SNAPSHOT] Waiting for extension ConfigMap sync (expected hash: 416274132) (current hash: -99555109)
2025-01-30 18:48:58,694 INFO c.h.h.t.HelmChartContainer - [hivemq-test-hivemq-platform] [hivemq-platform-operator] [e91b5f58] 18:48:58.689 [pool-6-thread-30] DEBUG c.h.p.o.d.PlatformServiceResource - [helmpods] Desired Platform services (3 services)
2025-01-30 18:48:58,694 INFO c.h.h.t.HelmChartContainer - [hivemq-test-hivemq-platform] [hivemq-platform-operator] [e91b5f58] 18:48:58.690 [pool-6-thread-29] DEBUG c.h.p.o.dependants.PodInfoConfigMap - [helmpods] Desired PodInfo ConfigMap (1 extensions) (1 enabled)
2025-01-30 18:48:58,694 INFO c.h.h.t.HelmChartContainer - [hivemq-test-hivemq-platform] [hivemq-platform-operator] [e91b5f58] 18:48:58.690 [pool-6-thread-29] DEBUG c.h.p.o.dependants.PodInfoConfigMap - [helmpods] Desired PodInfo ConfigMap (metrics port: 9399) (metrics path: /)
2025-01-30 18:48:58,696 INFO c.h.h.t.HelmChartContainer - [hivemq-test-hivemq-platform] [hivemq-platform-operator] [e91b5f58] 18:48:58.690 [pool-6-thread-29] DEBUG c.h.p.o.dependants.PodInfoConfigMap - [helmpods] Desired PodInfo ConfigMap (extension state hash: 416274132)
2025-01-30 18:48:58,696 INFO c.h.h.t.HelmChartContainer - [hivemq-test-hivemq-platform] [hivemq-platform-operator] [e91b5f58] 18:48:58.691 [pool-6-thread-29] DEBUG c.h.p.o.d.PodServiceAccountResource - [helmpods] Desired PodServiceAccountResource (serviceAccountName: hivemq-platform-pod-test-hivemq-platform)
2025-01-30 18:48:58,696 INFO c.h.h.t.HelmChartContainer - [hivemq-test-hivemq-platform] [hivemq-platform-operator] [e91b5f58] 18:48:58.694 [pool-6-thread-30] DEBUG c.h.p.o.d.StatefulSetResource - [helmpods] Desired StatefulSet (1 replicas) for status RESTART_EXTENSIONS (WAIT_FOR_EXTENSION_RESTART)
2025-01-30 18:48:58,699 INFO c.h.h.t.HelmChartContainer - [hivemq-test-hivemq-platform] [hivemq-platform-operator] [e91b5f58] 18:48:58.698 [ReconcilerExecutor-hivemq-controller-121] INFO  c.h.p.o.HiveMQPlatformReconciler - [helmpods] Reconciling HiveMQ Platform 'test-hivemq-platform' in namespace 'helmpodsecuritycontextupgradeextensionit'
2025-01-30 18:48:58,700 INFO c.h.h.t.HelmChartContainer - [hivemq-test-hivemq-platform] [hivemq-platform-operator] [e91b5f58] 18:48:58.698 [ReconcilerExecutor-hivemq-controller-121] DEBUG c.h.p.o.HiveMQPlatformReconciler - [helmpods] Custom Resource Status RESTART_EXTENSIONS - HiveMQ Platform is waiting for extension restart (hivemq-distributed-tracing-extension) (WAIT_FOR_EXTENSION_RESTART)
2025-01-30 18:48:58,700 INFO c.h.h.t.HelmChartContainer - [hivemq-test-hivemq-platform] [hivemq-platform-operator] [e91b5f58] 18:48:58.698 [ReconcilerExecutor-hivemq-controller-121] DEBUG c.h.p.o.HiveMQPlatformReconciler - [helmpods] Custom Resource Spec (replicas: 1) (extensions: 1)
2025-01-30 18:48:58,700 INFO c.h.h.t.HelmChartContainer - [hivemq-test-hivemq-platform] [hivemq-platform-operator] [e91b5f58] 18:48:58.699 [ReconcilerExecutor-hivemq-controller-121] DEBUG c.h.p.o.HiveMQPlatformReconciler - [helmpods] StatefulSet Status (revision: test-hivemq-platform-f6cdc458c, replicas: 1, available: 1, ready: 1, current: 1, updated: 1)
2025-01-30 18:48:58,701 INFO c.h.h.t.HelmChartContainer - [hivemq-test-hivemq-platform] [hivemq-platform-operator] [e91b5f58] 18:48:58.699 [ReconcilerExecutor-hivemq-controller-121] DEBUG c.h.p.o.HiveMQPlatformReconciler - [helmpods] StatefulSet Spec (replicas: 1, init containers: 1, containers: 1, volumes: 4)
2025-01-30 18:48:58,702 INFO c.h.h.t.HelmChartContainer - [hivemq-test-hivemq-platform] [hivemq-platform-operator] [e91b5f58] 18:48:58.700 [ReconcilerExecutor-hivemq-controller-121] DEBUG c.h.p.o.h.HiveMQPlatformReconcilerErrorHandler - [helmpods] Pod 'test-hivemq-platform-0' phase Running
2025-01-30 18:48:58,702 INFO c.h.h.t.HelmChartContainer - [hivemq-test-hivemq-platform] [hivemq-platform-operator] [e91b5f58] 18:48:58.701 [ReconcilerExecutor-hivemq-controller-121] INFO  c.h.p.o.h.HiveMQPlatformReconcilerRestartExtensionsHandler - [helmpods] Extension update on Pod 'test-hivemq-platform-0' is still pending
2025-01-30 18:48:59,127 INFO c.h.h.t.HelmChartContainer - [test-hivemq-platform] [hivemq] [0d810b67] INFO  - [HiveMQ Platform Operator Init App 1.7.0-SNAPSHOT] Waiting for extension ConfigMap sync (expected hash: 416274132) (current hash: -99555109)
2025-01-30 18:49:00,128 INFO c.h.h.t.HelmChartContainer - [test-hivemq-platform] [hivemq] [0d810b67] INFO  - [HiveMQ Platform Operator Init App 1.7.0-SNAPSHOT] Waiting for extension ConfigMap sync (expected hash: 416274132) (current hash: -99555109)
2025-01-30 18:49:01,128 INFO c.h.h.t.HelmChartContainer - [test-hivemq-platform] [hivemq] [0d810b67] INFO  - [HiveMQ Platform Operator Init App 1.7.0-SNAPSHOT] Waiting for extension ConfigMap sync (expected hash: 416274132) (current hash: -99555109)
2025-01-30 18:49:02,128 INFO c.h.h.t.HelmChartContainer - [test-hivemq-platform] [hivemq] [0d810b67] INFO  - [HiveMQ Platform Operator Init App 1.7.0-SNAPSHOT] Waiting for extension ConfigMap sync (expected hash: 416274132) (current hash: -99555109)
2025-01-30 18:49:03,129 INFO c.h.h.t.HelmChartContainer - [test-hivemq-platform] [hivemq] [0d810b67] INFO  - [HiveMQ Platform Operator Init App 1.7.0-SNAPSHOT] Waiting for extension ConfigMap sync (expected hash: 416274132) (current hash: -99555109)
2025-01-30 18:49:04,129 INFO c.h.h.t.HelmChartContainer - [test-hivemq-platform] [hivemq] [0d810b67] INFO  - [HiveMQ Platform Operator Init App 1.7.0-SNAPSHOT] Waiting for extension ConfigMap sync (expected hash: 416274132) (current hash: -99555109)
2025-01-30 18:49:05,130 INFO c.h.h.t.HelmChartContainer - [test-hivemq-platform] [hivemq] [0d810b67] INFO  - [HiveMQ Platform Operator Init App 1.7.0-SNAPSHOT] Waiting for extension ConfigMap sync (expected hash: 416274132) (current hash: -99555109)
2025-01-30 18:49:06,130 INFO c.h.h.t.HelmChartContainer - [test-hivemq-platform] [hivemq] [0d810b67] INFO  - [HiveMQ Platform Operator Init App 1.7.0-SNAPSHOT] Waiting for extension ConfigMap sync (expected hash: 416274132) (current hash: -99555109)
2025-01-30 18:49:07,131 INFO c.h.h.t.HelmChartContainer - [test-hivemq-platform] [hivemq] [0d810b67] INFO  - [HiveMQ Platform Operator Init App 1.7.0-SNAPSHOT] Waiting for extension ConfigMap sync (expected hash: 416274132) (current hash: -99555109)
2025-01-30 18:49:08,131 INFO c.h.h.t.HelmChartContainer - [test-hivemq-platform] [hivemq] [0d810b67] INFO  - [HiveMQ Platform Operator Init App 1.7.0-SNAPSHOT] Waiting for extension ConfigMap sync (expected hash: 416274132) (current hash: -99555109)
2025-01-30 18:49:08,706 INFO c.h.h.t.HelmChartContainer - [hivemq-test-hivemq-platform] [hivemq-platform-operator] [e91b5f58] 18:49:08.705 [pool-6-thread-33] DEBUG c.h.p.o.d.PodServiceAccountResource - [helmpods] Desired PodServiceAccountResource (serviceAccountName: hivemq-platform-pod-test-hivemq-platform)
2025-01-30 18:49:08,708 INFO c.h.h.t.HelmChartContainer - [hivemq-test-hivemq-platform] [hivemq-platform-operator] [e91b5f58] 18:49:08.705 [pool-6-thread-32] DEBUG c.h.p.o.dependants.PodInfoConfigMap - [helmpods] Desired PodInfo ConfigMap (1 extensions) (1 enabled)
2025-01-30 18:49:08,708 INFO c.h.h.t.HelmChartContainer - [hivemq-test-hivemq-platform] [hivemq-platform-operator] [e91b5f58] 18:49:08.705 [pool-6-thread-32] DEBUG c.h.p.o.dependants.PodInfoConfigMap - [helmpods] Desired PodInfo ConfigMap (metrics port: 9399) (metrics path: /)
2025-01-30 18:49:08,708 INFO c.h.h.t.HelmChartContainer - [hivemq-test-hivemq-platform] [hivemq-platform-operator] [e91b5f58] 18:49:08.705 [pool-6-thread-32] DEBUG c.h.p.o.dependants.PodInfoConfigMap - [helmpods] Desired PodInfo ConfigMap (extension state hash: 416274132)
2025-01-30 18:49:08,708 INFO c.h.h.t.HelmChartContainer - [hivemq-test-hivemq-platform] [hivemq-platform-operator] [e91b5f58] 18:49:08.705 [pool-6-thread-37] DEBUG c.h.p.o.d.PlatformServiceResource - [helmpods] Desired Platform services (3 services)
2025-01-30 18:49:08,711 INFO c.h.h.t.HelmChartContainer - [hivemq-test-hivemq-platform] [hivemq-platform-operator] [e91b5f58] 18:49:08.711 [pool-6-thread-37] DEBUG c.h.p.o.d.StatefulSetResource - [helmpods] Desired StatefulSet (1 replicas) for status RESTART_EXTENSIONS (WAIT_FOR_EXTENSION_RESTART)
2025-01-30 18:49:08,714 INFO c.h.h.t.HelmChartContainer - [hivemq-test-hivemq-platform] [hivemq-platform-operator] [e91b5f58] 18:49:08.713 [ReconcilerExecutor-hivemq-controller-122] INFO  c.h.p.o.HiveMQPlatformReconciler - [helmpods] Reconciling HiveMQ Platform 'test-hivemq-platform' in namespace 'helmpodsecuritycontextupgradeextensionit'
2025-01-30 18:49:08,715 INFO c.h.h.t.HelmChartContainer - [hivemq-test-hivemq-platform] [hivemq-platform-operator] [e91b5f58] 18:49:08.714 [ReconcilerExecutor-hivemq-controller-122] DEBUG c.h.p.o.HiveMQPlatformReconciler - [helmpods] Custom Resource Status RESTART_EXTENSIONS - HiveMQ Platform is waiting for extension restart (hivemq-distributed-tracing-extension) (WAIT_FOR_EXTENSION_RESTART)
2025-01-30 18:49:08,715 INFO c.h.h.t.HelmChartContainer - [hivemq-test-hivemq-platform] [hivemq-platform-operator] [e91b5f58] 18:49:08.714 [ReconcilerExecutor-hivemq-controller-122] DEBUG c.h.p.o.HiveMQPlatformReconciler - [helmpods] Custom Resource Spec (replicas: 1) (extensions: 1)
2025-01-30 18:49:08,716 INFO c.h.h.t.HelmChartContainer - [hivemq-test-hivemq-platform] [hivemq-platform-operator] [e91b5f58] 18:49:08.715 [ReconcilerExecutor-hivemq-controller-122] DEBUG c.h.p.o.HiveMQPlatformReconciler - [helmpods] StatefulSet Status (revision: test-hivemq-platform-f6cdc458c, replicas: 1, available: 1, ready: 1, current: 1, updated: 1)
2025-01-30 18:49:08,716 INFO c.h.h.t.HelmChartContainer - [hivemq-test-hivemq-platform] [hivemq-platform-operator] [e91b5f58] 18:49:08.715 [ReconcilerExecutor-hivemq-controller-122] DEBUG c.h.p.o.HiveMQPlatformReconciler - [helmpods] StatefulSet Spec (replicas: 1, init containers: 1, containers: 1, volumes: 4)
2025-01-30 18:49:08,717 INFO c.h.h.t.HelmChartContainer - [hivemq-test-hivemq-platform] [hivemq-platform-operator] [e91b5f58] 18:49:08.717 [ReconcilerExecutor-hivemq-controller-122] DEBUG c.h.p.o.h.HiveMQPlatformReconcilerErrorHandler - [helmpods] Pod 'test-hivemq-platform-0' phase Running
2025-01-30 18:49:08,723 INFO c.h.h.t.HelmChartContainer - [hivemq-test-hivemq-platform] [hivemq-platform-operator] [e91b5f58] 18:49:08.722 [ReconcilerExecutor-hivemq-controller-122] DEBUG c.h.p.o.h.HiveMQPlatformReconcilerRestartExtensionsHandler - [helmpods] Checking update extension status on Pod 'test-hivemq-platform-0'
2025-01-30 18:49:08,804 INFO c.h.h.t.HelmChartContainer - [test-hivemq-platform] [hivemq] [0d810b67] INFO  - [HiveMQ Platform Operator Init App 1.7.0-SNAPSHOT] Extension update is pending (0 errors)
2025-01-30 18:49:08,807 INFO c.h.h.t.HelmChartContainer - [hivemq-test-hivemq-platform] [hivemq-platform-operator] [e91b5f58] 18:49:08.807 [vert.x-eventloop-thread-0] DEBUG c.h.platform.operator.util.PodUtil - Received status for command '[curl, -s, http://10.42.0.10:7979/updateExtensionStatus]' on Pod 'test-hivemq-platform-0' (exit code: 0)
2025-01-30 18:49:09,132 INFO c.h.h.t.HelmChartContainer - [test-hivemq-platform] [hivemq] [0d810b67] INFO  - [HiveMQ Platform Operator Init App 1.7.0-SNAPSHOT] Waiting for extension ConfigMap sync (expected hash: 416274132) (current hash: -99555109)
2025-01-30 18:49:09,782 INFO c.h.h.t.HelmChartContainer - [hivemq-test-hivemq-platform] [hivemq-platform-operator] [e91b5f58] 18:49:09.780 [pool-6-thread-48] DEBUG c.h.p.o.d.PlatformServiceResource - [helmpods] Desired Platform services (3 services)
2025-01-30 18:49:09,783 INFO c.h.h.t.HelmChartContainer - [hivemq-test-hivemq-platform] [hivemq-platform-operator] [e91b5f58] 18:49:09.781 [pool-6-thread-50] DEBUG c.h.p.o.dependants.PodInfoConfigMap - [helmpods] Desired PodInfo ConfigMap (1 extensions) (1 enabled)
2025-01-30 18:49:09,785 INFO c.h.h.t.HelmChartContainer - [hivemq-test-hivemq-platform] [hivemq-platform-operator] [e91b5f58] 18:49:09.781 [pool-6-thread-44] DEBUG c.h.p.o.d.PodServiceAccountResource - [helmpods] Desired PodServiceAccountResource (serviceAccountName: hivemq-platform-pod-test-hivemq-platform)
2025-01-30 18:49:09,785 INFO c.h.h.t.HelmChartContainer - [hivemq-test-hivemq-platform] [hivemq-platform-operator] [e91b5f58] 18:49:09.782 [pool-6-thread-50] DEBUG c.h.p.o.dependants.PodInfoConfigMap - [helmpods] Desired PodInfo ConfigMap (metrics port: 9399) (metrics path: /)
2025-01-30 18:49:09,785 INFO c.h.h.t.HelmChartContainer - [hivemq-test-hivemq-platform] [hivemq-platform-operator] [e91b5f58] 18:49:09.782 [pool-6-thread-50] DEBUG c.h.p.o.dependants.PodInfoConfigMap - [helmpods] Desired PodInfo ConfigMap (extension state hash: 416274132)
2025-01-30 18:49:09,787 INFO c.h.h.t.HelmChartContainer - [hivemq-test-hivemq-platform] [hivemq-platform-operator] [e91b5f58] 18:49:09.786 [pool-6-thread-48] DEBUG c.h.p.o.d.StatefulSetResource - [helmpods] Desired StatefulSet (1 replicas) for status RESTART_EXTENSIONS (WAIT_FOR_EXTENSION_RESTART)
2025-01-30 18:49:09,791 INFO c.h.h.t.HelmChartContainer - [hivemq-test-hivemq-platform] [hivemq-platform-operator] [e91b5f58] 18:49:09.790 [ReconcilerExecutor-hivemq-controller-123] INFO  c.h.p.o.HiveMQPlatformReconciler - [helmpods] Reconciling HiveMQ Platform 'test-hivemq-platform' in namespace 'helmpodsecuritycontextupgradeextensionit'
2025-01-30 18:49:09,791 INFO c.h.h.t.HelmChartContainer - [hivemq-test-hivemq-platform] [hivemq-platform-operator] [e91b5f58] 18:49:09.790 [ReconcilerExecutor-hivemq-controller-123] DEBUG c.h.p.o.HiveMQPlatformReconciler - [helmpods] Custom Resource Status RESTART_EXTENSIONS - HiveMQ Platform is waiting for extension restart (hivemq-distributed-tracing-extension) (WAIT_FOR_EXTENSION_RESTART)
2025-01-30 18:49:09,791 INFO c.h.h.t.HelmChartContainer - [hivemq-test-hivemq-platform] [hivemq-platform-operator] [e91b5f58] 18:49:09.790 [ReconcilerExecutor-hivemq-controller-123] DEBUG c.h.p.o.HiveMQPlatformReconciler - [helmpods] Custom Resource Spec (replicas: 1) (extensions: 1)
2025-01-30 18:49:09,793 INFO c.h.h.t.HelmChartContainer - [hivemq-test-hivemq-platform] [hivemq-platform-operator] [e91b5f58] 18:49:09.791 [ReconcilerExecutor-hivemq-controller-123] DEBUG c.h.p.o.HiveMQPlatformReconciler - [helmpods] StatefulSet Status (revision: test-hivemq-platform-f6cdc458c, replicas: 1, available: 1, ready: 1, current: 1, updated: 1)
2025-01-30 18:49:09,793 INFO c.h.h.t.HelmChartContainer - [hivemq-test-hivemq-platform] [hivemq-platform-operator] [e91b5f58] 18:49:09.791 [ReconcilerExecutor-hivemq-controller-123] DEBUG c.h.p.o.HiveMQPlatformReconciler - [helmpods] StatefulSet Spec (replicas: 1, init containers: 1, containers: 1, volumes: 4)
2025-01-30 18:49:09,794 INFO c.h.h.t.HelmChartContainer - [hivemq-test-hivemq-platform] [hivemq-platform-operator] [e91b5f58] 18:49:09.793 [ReconcilerExecutor-hivemq-controller-123] DEBUG c.h.p.o.h.HiveMQPlatformReconcilerErrorHandler - [helmpods] Pod 'test-hivemq-platform-0' phase Running
2025-01-30 18:49:09,795 INFO c.h.h.t.HelmChartContainer - [hivemq-test-hivemq-platform] [hivemq-platform-operator] [e91b5f58] 18:49:09.794 [ReconcilerExecutor-hivemq-controller-123] INFO  c.h.p.o.h.HiveMQPlatformReconcilerRestartExtensionsHandler - [helmpods] Extension update on Pod 'test-hivemq-platform-0' is still pending
2025-01-30 18:49:10,132 INFO c.h.h.t.HelmChartContainer - [test-hivemq-platform] [hivemq] [0d810b67] INFO  - [HiveMQ Platform Operator Init App 1.7.0-SNAPSHOT] Waiting for extension ConfigMap sync (expected hash: 416274132) (current hash: -99555109)
2025-01-30 18:49:11,133 INFO c.h.h.t.HelmChartContainer - [test-hivemq-platform] [hivemq] [0d810b67] INFO  - [HiveMQ Platform Operator Init App 1.7.0-SNAPSHOT] Waiting for extension ConfigMap sync (expected hash: 416274132) (current hash: -99555109)
2025-01-30 18:49:12,133 INFO c.h.h.t.HelmChartContainer - [test-hivemq-platform] [hivemq] [0d810b67] INFO  - [HiveMQ Platform Operator Init App 1.7.0-SNAPSHOT] Waiting for extension ConfigMap sync (expected hash: 416274132) (current hash: -99555109)
2025-01-30 18:49:13,134 INFO c.h.h.t.HelmChartContainer - [test-hivemq-platform] [hivemq] [0d810b67] INFO  - [HiveMQ Platform Operator Init App 1.7.0-SNAPSHOT] Waiting for extension ConfigMap sync (expected hash: 416274132) (current hash: -99555109)
2025-01-30 18:49:14,134 INFO c.h.h.t.HelmChartContainer - [test-hivemq-platform] [hivemq] [0d810b67] INFO  - [HiveMQ Platform Operator Init App 1.7.0-SNAPSHOT] Waiting for extension ConfigMap sync (expected hash: 416274132) (current hash: -99555109)
2025-01-30 18:49:15,134 INFO c.h.h.t.HelmChartContainer - [test-hivemq-platform] [hivemq] [0d810b67] INFO  - [HiveMQ Platform Operator Init App 1.7.0-SNAPSHOT] Waiting for extension ConfigMap sync (expected hash: 416274132) (current hash: -99555109)
2025-01-30 18:49:16,135 INFO c.h.h.t.HelmChartContainer - [test-hivemq-platform] [hivemq] [0d810b67] INFO  - [HiveMQ Platform Operator Init App 1.7.0-SNAPSHOT] Waiting for extension ConfigMap sync (expected hash: 416274132) (current hash: -99555109)
2025-01-30 18:49:17,135 INFO c.h.h.t.HelmChartContainer - [test-hivemq-platform] [hivemq] [0d810b67] INFO  - [HiveMQ Platform Operator Init App 1.7.0-SNAPSHOT] Waiting for extension ConfigMap sync (expected hash: 416274132) (current hash: -99555109)
2025-01-30 18:49:18,136 INFO c.h.h.t.HelmChartContainer - [test-hivemq-platform] [hivemq] [0d810b67] INFO  - [HiveMQ Platform Operator Init App 1.7.0-SNAPSHOT] Waiting for extension ConfigMap sync (expected hash: 416274132) (current hash: -99555109)
2025-01-30 18:49:19,136 INFO c.h.h.t.HelmChartContainer - [test-hivemq-platform] [hivemq] [0d810b67] INFO  - [HiveMQ Platform Operator Init App 1.7.0-SNAPSHOT] Waiting for extension ConfigMap sync (expected hash: 416274132) (current hash: -99555109)
2025-01-30 18:49:19,798 INFO c.h.h.t.HelmChartContainer - [hivemq-test-hivemq-platform] [hivemq-platform-operator] [e91b5f58] 18:49:19.797 [pool-6-thread-6] DEBUG c.h.p.o.d.PlatformServiceResource - [helmpods] Desired Platform services (3 services)
2025-01-30 18:49:19,799 INFO c.h.h.t.HelmChartContainer - [hivemq-test-hivemq-platform] [hivemq-platform-operator] [e91b5f58] 18:49:19.798 [pool-6-thread-5] DEBUG c.h.p.o.d.PodServiceAccountResource - [helmpods] Desired PodServiceAccountResource (serviceAccountName: hivemq-platform-pod-test-hivemq-platform)
2025-01-30 18:49:19,802 INFO c.h.h.t.HelmChartContainer - [hivemq-test-hivemq-platform] [hivemq-platform-operator] [e91b5f58] 18:49:19.798 [pool-6-thread-4] DEBUG c.h.p.o.dependants.PodInfoConfigMap - [helmpods] Desired PodInfo ConfigMap (1 extensions) (1 enabled)
2025-01-30 18:49:19,802 INFO c.h.h.t.HelmChartContainer - [hivemq-test-hivemq-platform] [hivemq-platform-operator] [e91b5f58] 18:49:19.799 [pool-6-thread-4] DEBUG c.h.p.o.dependants.PodInfoConfigMap - [helmpods] Desired PodInfo ConfigMap (metrics port: 9399) (metrics path: /)
2025-01-30 18:49:19,802 INFO c.h.h.t.HelmChartContainer - [hivemq-test-hivemq-platform] [hivemq-platform-operator] [e91b5f58] 18:49:19.799 [pool-6-thread-4] DEBUG c.h.p.o.dependants.PodInfoConfigMap - [helmpods] Desired PodInfo ConfigMap (extension state hash: 416274132)
2025-01-30 18:49:19,804 INFO c.h.h.t.HelmChartContainer - [hivemq-test-hivemq-platform] [hivemq-platform-operator] [e91b5f58] 18:49:19.804 [pool-6-thread-6] DEBUG c.h.p.o.d.StatefulSetResource - [helmpods] Desired StatefulSet (1 replicas) for status RESTART_EXTENSIONS (WAIT_FOR_EXTENSION_RESTART)
2025-01-30 18:49:19,809 INFO c.h.h.t.HelmChartContainer - [hivemq-test-hivemq-platform] [hivemq-platform-operator] [e91b5f58] 18:49:19.807 [ReconcilerExecutor-hivemq-controller-124] INFO  c.h.p.o.HiveMQPlatformReconciler - [helmpods] Reconciling HiveMQ Platform 'test-hivemq-platform' in namespace 'helmpodsecuritycontextupgradeextensionit'
2025-01-30 18:49:19,809 INFO c.h.h.t.HelmChartContainer - [hivemq-test-hivemq-platform] [hivemq-platform-operator] [e91b5f58] 18:49:19.807 [ReconcilerExecutor-hivemq-controller-124] DEBUG c.h.p.o.HiveMQPlatformReconciler - [helmpods] Custom Resource Status RESTART_EXTENSIONS - HiveMQ Platform is waiting for extension restart (hivemq-distributed-tracing-extension) (WAIT_FOR_EXTENSION_RESTART)
2025-01-30 18:49:19,809 INFO c.h.h.t.HelmChartContainer - [hivemq-test-hivemq-platform] [hivemq-platform-operator] [e91b5f58] 18:49:19.807 [ReconcilerExecutor-hivemq-controller-124] DEBUG c.h.p.o.HiveMQPlatformReconciler - [helmpods] Custom Resource Spec (replicas: 1) (extensions: 1)
2025-01-30 18:49:19,812 INFO c.h.h.t.HelmChartContainer - [hivemq-test-hivemq-platform] [hivemq-platform-operator] [e91b5f58] 18:49:19.810 [ReconcilerExecutor-hivemq-controller-124] DEBUG c.h.p.o.HiveMQPlatformReconciler - [helmpods] StatefulSet Status (revision: test-hivemq-platform-f6cdc458c, replicas: 1, available: 1, ready: 1, current: 1, updated: 1)
2025-01-30 18:49:19,812 INFO c.h.h.t.HelmChartContainer - [hivemq-test-hivemq-platform] [hivemq-platform-operator] [e91b5f58] 18:49:19.810 [ReconcilerExecutor-hivemq-controller-124] DEBUG c.h.p.o.HiveMQPlatformReconciler - [helmpods] StatefulSet Spec (replicas: 1, init containers: 1, containers: 1, volumes: 4)
2025-01-30 18:49:19,812 INFO c.h.h.t.HelmChartContainer - [hivemq-test-hivemq-platform] [hivemq-platform-operator] [e91b5f58] 18:49:19.811 [ReconcilerExecutor-hivemq-controller-124] DEBUG c.h.p.o.h.HiveMQPlatformReconcilerErrorHandler - [helmpods] Pod 'test-hivemq-platform-0' phase Running
2025-01-30 18:49:19,863 INFO c.h.h.t.HelmChartContainer - [hivemq-test-hivemq-platform] [hivemq-platform-operator] [e91b5f58] 18:49:19.862 [ReconcilerExecutor-hivemq-controller-124] DEBUG c.h.p.o.h.HiveMQPlatformReconcilerRestartExtensionsHandler - [helmpods] Checking update extension status on Pod 'test-hivemq-platform-0'
2025-01-30 18:49:19,907 INFO c.h.h.t.HelmChartContainer - [test-hivemq-platform] [hivemq] [0d810b67] INFO  - [HiveMQ Platform Operator Init App 1.7.0-SNAPSHOT] Extension update is pending (0 errors)
2025-01-30 18:49:19,963 INFO c.h.h.t.HelmChartContainer - [hivemq-test-hivemq-platform] [hivemq-platform-operator] [e91b5f58] 18:49:19.962 [vert.x-eventloop-thread-1] DEBUG c.h.platform.operator.util.PodUtil - Received status for command '[curl, -s, http://10.42.0.10:7979/updateExtensionStatus]' on Pod 'test-hivemq-platform-0' (exit code: 0)
2025-01-30 18:49:20,137 INFO c.h.h.t.HelmChartContainer - [test-hivemq-platform] [hivemq] [0d810b67] INFO  - [HiveMQ Platform Operator Init App 1.7.0-SNAPSHOT] Waiting for extension ConfigMap sync (expected hash: 416274132) (current hash: -99555109)
2025-01-30 18:49:20,967 INFO c.h.h.t.HelmChartContainer - [hivemq-test-hivemq-platform] [hivemq-platform-operator] [e91b5f58] 18:49:20.964 [pool-6-thread-13] DEBUG c.h.p.o.d.PlatformServiceResource - [helmpods] Desired Platform services (3 services)
2025-01-30 18:49:20,967 INFO c.h.h.t.HelmChartContainer - [hivemq-test-hivemq-platform] [hivemq-platform-operator] [e91b5f58] 18:49:20.965 [pool-6-thread-18] DEBUG c.h.p.o.dependants.PodInfoConfigMap - [helmpods] Desired PodInfo ConfigMap (1 extensions) (1 enabled)
2025-01-30 18:49:20,967 INFO c.h.h.t.HelmChartContainer - [hivemq-test-hivemq-platform] [hivemq-platform-operator] [e91b5f58] 18:49:20.965 [pool-6-thread-18] DEBUG c.h.p.o.dependants.PodInfoConfigMap - [helmpods] Desired PodInfo ConfigMap (metrics port: 9399) (metrics path: /)
2025-01-30 18:49:20,967 INFO c.h.h.t.HelmChartContainer - [hivemq-test-hivemq-platform] [hivemq-platform-operator] [e91b5f58] 18:49:20.965 [pool-6-thread-18] DEBUG c.h.p.o.dependants.PodInfoConfigMap - [helmpods] Desired PodInfo ConfigMap (extension state hash: 416274132)
2025-01-30 18:49:20,967 INFO c.h.h.t.HelmChartContainer - [hivemq-test-hivemq-platform] [hivemq-platform-operator] [e91b5f58] 18:49:20.966 [pool-6-thread-18] DEBUG c.h.p.o.d.PodServiceAccountResource - [helmpods] Desired PodServiceAccountResource (serviceAccountName: hivemq-platform-pod-test-hivemq-platform)
2025-01-30 18:49:20,971 INFO c.h.h.t.HelmChartContainer - [hivemq-test-hivemq-platform] [hivemq-platform-operator] [e91b5f58] 18:49:20.970 [pool-6-thread-13] DEBUG c.h.p.o.d.StatefulSetResource - [helmpods] Desired StatefulSet (1 replicas) for status RESTART_EXTENSIONS (WAIT_FOR_EXTENSION_RESTART)
2025-01-30 18:49:20,999 INFO c.h.h.t.HelmChartContainer - [hivemq-test-hivemq-platform] [hivemq-platform-operator] [e91b5f58] 18:49:20.997 [ReconcilerExecutor-hivemq-controller-125] INFO  c.h.p.o.HiveMQPlatformReconciler - [helmpods] Reconciling HiveMQ Platform 'test-hivemq-platform' in namespace 'helmpodsecuritycontextupgradeextensionit'
2025-01-30 18:49:20,999 INFO c.h.h.t.HelmChartContainer - [hivemq-test-hivemq-platform] [hivemq-platform-operator] [e91b5f58] 18:49:20.998 [ReconcilerExecutor-hivemq-controller-125] DEBUG c.h.p.o.HiveMQPlatformReconciler - [helmpods] Custom Resource Status RESTART_EXTENSIONS - HiveMQ Platform is waiting for extension restart (hivemq-distributed-tracing-extension) (WAIT_FOR_EXTENSION_RESTART)
2025-01-30 18:49:20,999 INFO c.h.h.t.HelmChartContainer - [hivemq-test-hivemq-platform] [hivemq-platform-operator] [e91b5f58] 18:49:20.998 [ReconcilerExecutor-hivemq-controller-125] DEBUG c.h.p.o.HiveMQPlatformReconciler - [helmpods] Custom Resource Spec (replicas: 1) (extensions: 1)
2025-01-30 18:49:21,064 INFO c.h.h.t.HelmChartContainer - [hivemq-test-hivemq-platform] [hivemq-platform-operator] [e91b5f58] 18:49:21.063 [ReconcilerExecutor-hivemq-controller-125] DEBUG c.h.p.o.HiveMQPlatformReconciler - [helmpods] StatefulSet Status (revision: test-hivemq-platform-f6cdc458c, replicas: 1, available: 1, ready: 1, current: 1, updated: 1)
2025-01-30 18:49:21,064 INFO c.h.h.t.HelmChartContainer - [hivemq-test-hivemq-platform] [hivemq-platform-operator] [e91b5f58] 18:49:21.063 [ReconcilerExecutor-hivemq-controller-125] DEBUG c.h.p.o.HiveMQPlatformReconciler - [helmpods] StatefulSet Spec (replicas: 1, init containers: 1, containers: 1, volumes: 4)
2025-01-30 18:49:21,065 INFO c.h.h.t.HelmChartContainer - [hivemq-test-hivemq-platform] [hivemq-platform-operator] [e91b5f58] 18:49:21.064 [ReconcilerExecutor-hivemq-controller-125] DEBUG c.h.p.o.h.HiveMQPlatformReconcilerErrorHandler - [helmpods] Pod 'test-hivemq-platform-0' phase Running
2025-01-30 18:49:21,066 INFO c.h.h.t.HelmChartContainer - [hivemq-test-hivemq-platform] [hivemq-platform-operator] [e91b5f58] 18:49:21.065 [ReconcilerExecutor-hivemq-controller-125] INFO  c.h.p.o.h.HiveMQPlatformReconcilerRestartExtensionsHandler - [helmpods] Extension update on Pod 'test-hivemq-platform-0' is still pending
2025-01-30 18:49:21,137 INFO c.h.h.t.HelmChartContainer - [test-hivemq-platform] [hivemq] [0d810b67] INFO  - [HiveMQ Platform Operator Init App 1.7.0-SNAPSHOT] Waiting for extension ConfigMap sync (expected hash: 416274132) (current hash: -99555109)
2025-01-30 18:49:22,138 INFO c.h.h.t.HelmChartContainer - [test-hivemq-platform] [hivemq] [0d810b67] INFO  - [HiveMQ Platform Operator Init App 1.7.0-SNAPSHOT] Waiting for extension ConfigMap sync (expected hash: 416274132) (current hash: -99555109)
2025-01-30 18:49:23,138 INFO c.h.h.t.HelmChartContainer - [test-hivemq-platform] [hivemq] [0d810b67] INFO  - [HiveMQ Platform Operator Init App 1.7.0-SNAPSHOT] Waiting for extension ConfigMap sync (expected hash: 416274132) (current hash: -99555109)
2025-01-30 18:49:24,139 INFO c.h.h.t.HelmChartContainer - [test-hivemq-platform] [hivemq] [0d810b67] INFO  - [HiveMQ Platform Operator Init App 1.7.0-SNAPSHOT] Waiting for extension ConfigMap sync (expected hash: 416274132) (current hash: -99555109)
2025-01-30 18:49:25,139 INFO c.h.h.t.HelmChartContainer - [test-hivemq-platform] [hivemq] [0d810b67] INFO  - [HiveMQ Platform Operator Init App 1.7.0-SNAPSHOT] Waiting for extension ConfigMap sync (expected hash: 416274132) (current hash: -99555109)
2025-01-30 18:49:26,140 INFO c.h.h.t.HelmChartContainer - [test-hivemq-platform] [hivemq] [0d810b67] INFO  - [HiveMQ Platform Operator Init App 1.7.0-SNAPSHOT] Waiting for extension ConfigMap sync (expected hash: 416274132) (current hash: 416274132)
2025-01-30 18:49:26,140 INFO c.h.h.t.HelmChartContainer - [test-hivemq-platform] [hivemq] [0d810b67] INFO  - [HiveMQ Platform Operator Init App 1.7.0-SNAPSHOT] Updating HiveMQ Platform extension: hivemq-distributed-tracing-extension
2025-01-30 18:49:26,141 INFO c.h.h.t.HelmChartContainer - [test-hivemq-platform] [hivemq] [0d810b67] INFO  - [HiveMQ Platform Operator Init App 1.7.0-SNAPSHOT] Updating preinstalled extension hivemq-distributed-tracing-extension
2025-01-30 18:49:26,408 INFO c.h.h.t.HelmChartContainer - [test-hivemq-platform] [hivemq] [0d810b67] INFO  - [HiveMQ Platform Operator Init App 1.7.0-SNAPSHOT] Successfully updated extension hivemq-distributed-tracing-extension
2025-01-30 18:49:30,309 INFO c.h.h.t.HelmChartContainer - [test-hivemq-platform] [hivemq] [0d810b67] INFO  - HiveMQ Enterprise Distributed Tracing Extension: Configured OTLP HTTP/protobuf exporter 'my-otlp-grpc-exporter'.
2025-01-30 18:49:30,314 INFO c.h.h.t.HelmChartContainer - [test-hivemq-platform] [hivemq] [0d810b67] INFO  - HiveMQ Enterprise Distributed Tracing Extension: Configured W3C trace propagation.
2025-01-30 18:49:30,316 INFO c.h.h.t.HelmChartContainer - [test-hivemq-platform] [hivemq] [0d810b67] INFO  - HiveMQ Enterprise Distributed Tracing Extension: Successfully updated configuration from '/opt/hivemq/extensions/hivemq-distributed-tracing-extension/conf/config.xml'.
2025-01-30 18:49:30,316 INFO c.h.h.testcontainer.LogWaiterUtil - TEST Found log pattern on 'test-hivemq-platform-0': .*HiveMQ Enterprise Distributed Tracing Extension: Successfully updated configuration from '/opt/hivemq/extensions/hivemq-distributed-tracing-extension/conf/config.xml'.
2025-01-30 18:49:31,071 INFO c.h.h.t.HelmChartContainer - [hivemq-test-hivemq-platform] [hivemq-platform-operator] [e91b5f58] 18:49:31.068 [pool-6-thread-24] DEBUG c.h.p.o.d.PlatformServiceResource - [helmpods] Desired Platform services (3 services)
2025-01-30 18:49:31,071 INFO c.h.h.t.HelmChartContainer - [hivemq-test-hivemq-platform] [hivemq-platform-operator] [e91b5f58] 18:49:31.068 [pool-6-thread-22] DEBUG c.h.p.o.dependants.PodInfoConfigMap - [helmpods] Desired PodInfo ConfigMap (1 extensions) (1 enabled)
2025-01-30 18:49:31,071 INFO c.h.h.t.HelmChartContainer - [hivemq-test-hivemq-platform] [hivemq-platform-operator] [e91b5f58] 18:49:31.068 [pool-6-thread-22] DEBUG c.h.p.o.dependants.PodInfoConfigMap - [helmpods] Desired PodInfo ConfigMap (metrics port: 9399) (metrics path: /)
2025-01-30 18:49:31,071 INFO c.h.h.t.HelmChartContainer - [hivemq-test-hivemq-platform] [hivemq-platform-operator] [e91b5f58] 18:49:31.068 [pool-6-thread-22] DEBUG c.h.p.o.dependants.PodInfoConfigMap - [helmpods] Desired PodInfo ConfigMap (extension state hash: 416274132)
2025-01-30 18:49:31,071 INFO c.h.h.t.HelmChartContainer - [hivemq-test-hivemq-platform] [hivemq-platform-operator] [e91b5f58] 18:49:31.069 [pool-6-thread-26] DEBUG c.h.p.o.d.PodServiceAccountResource - [helmpods] Desired PodServiceAccountResource (serviceAccountName: hivemq-platform-pod-test-hivemq-platform)
2025-01-30 18:49:31,074 INFO c.h.h.t.HelmChartContainer - [hivemq-test-hivemq-platform] [hivemq-platform-operator] [e91b5f58] 18:49:31.074 [pool-6-thread-24] DEBUG c.h.p.o.d.StatefulSetResource - [helmpods] Desired StatefulSet (1 replicas) for status RESTART_EXTENSIONS (WAIT_FOR_EXTENSION_RESTART)
2025-01-30 18:49:31,078 INFO c.h.h.t.HelmChartContainer - [hivemq-test-hivemq-platform] [hivemq-platform-operator] [e91b5f58] 18:49:31.076 [ReconcilerExecutor-hivemq-controller-126] INFO  c.h.p.o.HiveMQPlatformReconciler - [helmpods] Reconciling HiveMQ Platform 'test-hivemq-platform' in namespace 'helmpodsecuritycontextupgradeextensionit'
2025-01-30 18:49:31,078 INFO c.h.h.t.HelmChartContainer - [hivemq-test-hivemq-platform] [hivemq-platform-operator] [e91b5f58] 18:49:31.076 [ReconcilerExecutor-hivemq-controller-126] DEBUG c.h.p.o.HiveMQPlatformReconciler - [helmpods] Custom Resource Status RESTART_EXTENSIONS - HiveMQ Platform is waiting for extension restart (hivemq-distributed-tracing-extension) (WAIT_FOR_EXTENSION_RESTART)
2025-01-30 18:49:31,078 INFO c.h.h.t.HelmChartContainer - [hivemq-test-hivemq-platform] [hivemq-platform-operator] [e91b5f58] 18:49:31.076 [ReconcilerExecutor-hivemq-controller-126] DEBUG c.h.p.o.HiveMQPlatformReconciler - [helmpods] Custom Resource Spec (replicas: 1) (extensions: 1)
2025-01-30 18:49:31,079 INFO c.h.h.t.HelmChartContainer - [hivemq-test-hivemq-platform] [hivemq-platform-operator] [e91b5f58] 18:49:31.078 [ReconcilerExecutor-hivemq-controller-126] DEBUG c.h.p.o.HiveMQPlatformReconciler - [helmpods] StatefulSet Status (revision: test-hivemq-platform-f6cdc458c, replicas: 1, available: 1, ready: 1, current: 1, updated: 1)
2025-01-30 18:49:31,080 INFO c.h.h.t.HelmChartContainer - [hivemq-test-hivemq-platform] [hivemq-platform-operator] [e91b5f58] 18:49:31.078 [ReconcilerExecutor-hivemq-controller-126] DEBUG c.h.p.o.HiveMQPlatformReconciler - [helmpods] StatefulSet Spec (replicas: 1, init containers: 1, containers: 1, volumes: 4)
2025-01-30 18:49:31,081 INFO c.h.h.t.HelmChartContainer - [hivemq-test-hivemq-platform] [hivemq-platform-operator] [e91b5f58] 18:49:31.080 [ReconcilerExecutor-hivemq-controller-126] DEBUG c.h.p.o.h.HiveMQPlatformReconcilerErrorHandler - [helmpods] Pod 'test-hivemq-platform-0' phase Running
2025-01-30 18:49:31,163 INFO c.h.h.t.HelmChartContainer - [hivemq-test-hivemq-platform] [hivemq-platform-operator] [e91b5f58] 18:49:31.162 [ReconcilerExecutor-hivemq-controller-126] DEBUG c.h.p.o.h.HiveMQPlatformReconcilerRestartExtensionsHandler - [helmpods] Checking update extension status on Pod 'test-hivemq-platform-0'
2025-01-30 18:49:31,213 INFO c.h.h.t.HelmChartContainer - [test-hivemq-platform] [hivemq] [0d810b67] INFO  - [HiveMQ Platform Operator Init App 1.7.0-SNAPSHOT] Extension update is done (0 errors)
2025-01-30 18:49:31,217 INFO c.h.h.t.HelmChartContainer - [hivemq-test-hivemq-platform] [hivemq-platform-operator] [e91b5f58] 18:49:31.216 [vert.x-eventloop-thread-0] DEBUG c.h.platform.operator.util.PodUtil - Received status for command '[curl, -s, http://10.42.0.10:7979/updateExtensionStatus]' on Pod 'test-hivemq-platform-0' (exit code: 0)
2025-01-30 18:49:32,190 INFO c.h.h.t.HelmChartContainer - [hivemq-test-hivemq-platform] [hivemq-platform-operator] [e91b5f58] 18:49:32.188 [pool-6-thread-38] DEBUG c.h.p.o.d.PlatformServiceResource - [helmpods] Desired Platform services (3 services)
2025-01-30 18:49:32,191 INFO c.h.h.t.HelmChartContainer - [hivemq-test-hivemq-platform] [hivemq-platform-operator] [e91b5f58] 18:49:32.189 [pool-6-thread-34] DEBUG c.h.p.o.d.PodServiceAccountResource - [helmpods] Desired PodServiceAccountResource (serviceAccountName: hivemq-platform-pod-test-hivemq-platform)
2025-01-30 18:49:32,191 INFO c.h.h.t.HelmChartContainer - [hivemq-test-hivemq-platform] [hivemq-platform-operator] [e91b5f58] 18:49:32.190 [pool-6-thread-31] DEBUG c.h.p.o.dependants.PodInfoConfigMap - [helmpods] Desired PodInfo ConfigMap (1 extensions) (1 enabled)
2025-01-30 18:49:32,191 INFO c.h.h.t.HelmChartContainer - [hivemq-test-hivemq-platform] [hivemq-platform-operator] [e91b5f58] 18:49:32.190 [pool-6-thread-31] DEBUG c.h.p.o.dependants.PodInfoConfigMap - [helmpods] Desired PodInfo ConfigMap (metrics port: 9399) (metrics path: /)
2025-01-30 18:49:32,191 INFO c.h.h.t.HelmChartContainer - [hivemq-test-hivemq-platform] [hivemq-platform-operator] [e91b5f58] 18:49:32.190 [pool-6-thread-31] DEBUG c.h.p.o.dependants.PodInfoConfigMap - [helmpods] Desired PodInfo ConfigMap (extension state hash: 416274132)
2025-01-30 18:49:32,194 INFO c.h.h.t.HelmChartContainer - [hivemq-test-hivemq-platform] [hivemq-platform-operator] [e91b5f58] 18:49:32.192 [pool-6-thread-38] DEBUG c.h.p.o.d.StatefulSetResource - [helmpods] Desired StatefulSet (1 replicas) for status RESTART_EXTENSIONS (WAIT_FOR_EXTENSION_RESTART)
2025-01-30 18:49:32,197 INFO c.h.h.t.HelmChartContainer - [hivemq-test-hivemq-platform] [hivemq-platform-operator] [e91b5f58] 18:49:32.195 [ReconcilerExecutor-hivemq-controller-127] INFO  c.h.p.o.HiveMQPlatformReconciler - [helmpods] Reconciling HiveMQ Platform 'test-hivemq-platform' in namespace 'helmpodsecuritycontextupgradeextensionit'
2025-01-30 18:49:32,197 INFO c.h.h.t.HelmChartContainer - [hivemq-test-hivemq-platform] [hivemq-platform-operator] [e91b5f58] 18:49:32.196 [ReconcilerExecutor-hivemq-controller-127] DEBUG c.h.p.o.HiveMQPlatformReconciler - [helmpods] Custom Resource Status RESTART_EXTENSIONS - HiveMQ Platform is waiting for extension restart (hivemq-distributed-tracing-extension) (WAIT_FOR_EXTENSION_RESTART)
2025-01-30 18:49:32,197 INFO c.h.h.t.HelmChartContainer - [hivemq-test-hivemq-platform] [hivemq-platform-operator] [e91b5f58] 18:49:32.196 [ReconcilerExecutor-hivemq-controller-127] DEBUG c.h.p.o.HiveMQPlatformReconciler - [helmpods] Custom Resource Spec (replicas: 1) (extensions: 1)
2025-01-30 18:49:32,199 INFO c.h.h.t.HelmChartContainer - [hivemq-test-hivemq-platform] [hivemq-platform-operator] [e91b5f58] 18:49:32.197 [ReconcilerExecutor-hivemq-controller-127] DEBUG c.h.p.o.HiveMQPlatformReconciler - [helmpods] StatefulSet Status (revision: test-hivemq-platform-f6cdc458c, replicas: 1, available: 1, ready: 1, current: 1, updated: 1)
2025-01-30 18:49:32,199 INFO c.h.h.t.HelmChartContainer - [hivemq-test-hivemq-platform] [hivemq-platform-operator] [e91b5f58] 18:49:32.198 [ReconcilerExecutor-hivemq-controller-127] DEBUG c.h.p.o.HiveMQPlatformReconciler - [helmpods] StatefulSet Spec (replicas: 1, init containers: 1, containers: 1, volumes: 4)
2025-01-30 18:49:32,200 INFO c.h.h.t.HelmChartContainer - [hivemq-test-hivemq-platform] [hivemq-platform-operator] [e91b5f58] 18:49:32.199 [ReconcilerExecutor-hivemq-controller-127] DEBUG c.h.p.o.h.HiveMQPlatformReconcilerErrorHandler - [helmpods] Pod 'test-hivemq-platform-0' phase Running
2025-01-30 18:49:32,201 INFO c.h.h.t.HelmChartContainer - [hivemq-test-hivemq-platform] [hivemq-platform-operator] [e91b5f58] 18:49:32.200 [ReconcilerExecutor-hivemq-controller-127] INFO  c.h.p.o.h.HiveMQPlatformReconcilerRestartExtensionsHandler - [helmpods] Successfully updated extensions on all Pods
2025-01-30 18:49:32,267 INFO c.h.h.t.HelmChartContainer - [EVENT] Normal [Ready] HiveMQ Platform is ready [helmpodsecuritycontextupgradeextensionit:test-hivemq-platform]
2025-01-30 18:49:32,269 INFO c.h.h.t.HelmChartContainer - [hivemq-test-hivemq-platform] [hivemq-platform-operator] [e91b5f58] 18:49:32.268 [ReconcilerExecutor-hivemq-controller-127] DEBUG c.h.p.operator.event.EventSender - [helmpods] Updating K8s event hivemq-platform-ready: [Ready] HiveMQ Platform is ready
2025-01-30 18:49:32,269 INFO c.h.h.t.HelmChartContainer - [hivemq-test-hivemq-platform] [hivemq-platform-operator] [e91b5f58] 18:49:32.268 [ReconcilerExecutor-hivemq-controller-127] INFO  c.h.p.o.h.AbstractHiveMQReconcilerStateHandler - [helmpods] Update HiveMQ Platform Status (RESTART_EXTENSIONS [WAIT_FOR_EXTENSION_RESTART] -> RUNNING [READY]): HiveMQ Platform is ready
2025-01-30 18:49:32,276 DEBUG com.hivemq.helmcharts.util.K8sUtil - Comparing actual state 'RUNNING' and waiting for 'RUNNING'
2025-01-30 18:49:34,277 INFO c.h.h.t.HelmChartContainer - Uninstalling release 'test-hivemq-platform' in namespace 'helmpodsecuritycontextupgradeextensionit'...
2025-01-30 18:49:34,277 DEBUG c.h.h.t.HelmChartContainer - Executing helm command: /bin/helm --kubeconfig /etc/rancher/k3s/k3s.yaml uninstall test-hivemq-platform  --wait --timeout 5m0s --cascade foreground --namespace helmpodsecuritycontextupgradeextensionit
2025-01-30 18:49:34,463 INFO c.h.h.t.HelmChartContainer - [hivemq-test-hivemq-platform] [hivemq-platform-operator] [e91b5f58] 18:49:34.461 [pool-6-thread-47] DEBUG c.h.p.o.d.PlatformServiceResource - [helmpods] Desired Platform services (3 services)
2025-01-30 18:49:34,476 INFO c.h.h.t.HelmChartContainer - [hivemq-test-hivemq-platform] [hivemq-platform-operator] [e91b5f58] 18:49:34.464 [pool-6-thread-45] DEBUG c.h.p.o.dependants.PodInfoConfigMap - [helmpods] Desired PodInfo ConfigMap (1 extensions) (1 enabled)
2025-01-30 18:49:34,480 INFO c.h.h.t.HelmChartContainer - [hivemq-test-hivemq-platform] [hivemq-platform-operator] [e91b5f58] 18:49:34.467 [pool-6-thread-45] DEBUG c.h.p.o.dependants.PodInfoConfigMap - [helmpods] Desired PodInfo ConfigMap (metrics port: 9399) (metrics path: /)
2025-01-30 18:49:34,483 INFO c.h.h.t.HelmChartContainer - [hivemq-test-hivemq-platform] [hivemq-platform-operator] [e91b5f58] 18:49:34.467 [pool-6-thread-45] DEBUG c.h.p.o.dependants.PodInfoConfigMap - [helmpods] Desired PodInfo ConfigMap (extension state hash: 416274132)
2025-01-30 18:49:34,483 INFO c.h.h.t.HelmChartContainer - [hivemq-test-hivemq-platform] [hivemq-platform-operator] [e91b5f58] 18:49:34.468 [pool-6-thread-45] DEBUG c.h.p.o.dependants.PodInfoConfigMap - [helmpods] Update PodInfo ConfigMap
2025-01-30 18:49:34,483 INFO c.h.h.t.HelmChartContainer - [hivemq-test-hivemq-platform] [hivemq-platform-operator] [e91b5f58] 18:49:34.469 [pool-6-thread-49] DEBUG c.h.p.o.d.PodServiceAccountResource - [helmpods] Desired PodServiceAccountResource (serviceAccountName: hivemq-platform-pod-test-hivemq-platform)
2025-01-30 18:49:34,542 INFO c.h.h.t.HelmChartContainer - [hivemq-test-hivemq-platform] [hivemq-platform-operator] [e91b5f58] 18:49:34.540 [pool-6-thread-45] DEBUG c.h.p.o.d.StatefulSetResource - [helmpods] Desired StatefulSet (1 replicas) for status RUNNING (READY)
2025-01-30 18:49:34,566 INFO c.h.h.t.HelmChartContainer - [hivemq-test-hivemq-platform] [hivemq-platform-operator] [e91b5f58] 18:49:34.563 [pool-6-thread-45] DEBUG c.h.p.o.d.StatefulSetResource - [helmpods] Update StatefulSet (replicas: 1 -> 1)
2025-01-30 18:49:34,566 INFO c.h.h.t.HelmChartContainer - [hivemq-test-hivemq-platform] [hivemq-platform-operator] [e91b5f58] 18:49:34.565 [pool-6-thread-45] DEBUG c.h.p.o.d.StatefulSetResource - [helmpods] Detected change in StatefulSet specification (path: /template/metadata/annotations/kubernetes-resource-versions) (actual value: {broker-configuration-v2=-2089688360}) (target value: {broker-configuration-v2=0})
2025-01-30 18:49:34,638 INFO c.h.h.t.HelmChartContainer - [hivemq-test-hivemq-platform] [hivemq-platform-operator] [e91b5f58] 18:49:34.567 [pool-6-thread-45] INFO  c.h.p.o.d.StatefulSetResource - [helmpods] StatefulSet spec was updated, triggering rolling restart
2025-01-30 18:49:34,665 INFO c.h.h.t.HelmChartContainer - [hivemq-test-hivemq-platform] [hivemq-platform-operator] [e91b5f58] 18:49:34.663 [ReconcilerExecutor-hivemq-controller-128] INFO  c.h.p.o.HiveMQPlatformReconciler - [helmpods] Reconciling HiveMQ Platform 'test-hivemq-platform' in namespace 'helmpodsecuritycontextupgradeextensionit'
2025-01-30 18:49:34,665 INFO c.h.h.t.HelmChartContainer - [hivemq-test-hivemq-platform] [hivemq-platform-operator] [e91b5f58] 18:49:34.664 [ReconcilerExecutor-hivemq-controller-128] DEBUG c.h.p.o.HiveMQPlatformReconciler - [helmpods] Custom Resource Status RUNNING - HiveMQ Platform is ready (READY) (reconciliation requests: ROLLING_RESTART, REQUESTS_UPDATED)
2025-01-30 18:49:34,665 INFO c.h.h.t.HelmChartContainer - [hivemq-test-hivemq-platform] [hivemq-platform-operator] [e91b5f58] 18:49:34.664 [ReconcilerExecutor-hivemq-controller-128] DEBUG c.h.p.o.HiveMQPlatformReconciler - [helmpods] Custom Resource Spec (replicas: 1) (extensions: 1)
2025-01-30 18:49:34,666 INFO c.h.h.t.HelmChartContainer - [hivemq-test-hivemq-platform] [hivemq-platform-operator] [e91b5f58] 18:49:34.664 [ReconcilerExecutor-hivemq-controller-128] WARN  c.h.p.o.h.HiveMQPlatformReconcilerErrorHandler - [helmpods] Could not find ConfigMap 'hivemq-configuration-test-hivemq-platform' for HiveMQ Platform configuration
2025-01-30 18:49:34,742 INFO c.h.h.t.HelmChartContainer - [hivemq-test-hivemq-platform] [hivemq-platform-operator] [e91b5f58] 18:49:34.741 [ReconcilerExecutor-hivemq-controller-128] DEBUG c.h.p.operator.event.EventSender - [helmpods] Creating K8s event hivemq-platform-invalid-configuration: [Start] Could not find ConfigMap 'hivemq-configuration-test-hivemq-platform' for HiveMQ Platform configuration
2025-01-30 18:49:34,746 INFO c.h.h.t.HelmChartContainer - [EVENT] Warning [Start] Could not find ConfigMap 'hivemq-configuration-test-hivemq-platform' for HiveMQ Platform configuration [helmpodsecuritycontextupgradeextensionit:test-hivemq-platform]
2025-01-30 18:49:34,747 INFO c.h.h.t.HelmChartContainer - [hivemq-test-hivemq-platform] [hivemq-platform-operator] [e91b5f58] 18:49:34.746 [ReconcilerExecutor-hivemq-controller-128] INFO  c.h.p.o.h.AbstractHiveMQReconcilerStateHandler - [helmpods] Update HiveMQ Platform Status (RUNNING [READY] -> ERROR [INVALID_CONFIG_MAP]): Could not find ConfigMap 'hivemq-configuration-test-hivemq-platform' for HiveMQ Platform configuration (reconciliation requests: ROLLING_RESTART)
2025-01-30 18:49:34,764 INFO c.h.h.t.HelmChartContainer - [hivemq-test-hivemq-platform] [hivemq-platform-operator] [e91b5f58] 18:49:34.754 [ReconcilerExecutor-hivemq-controller-128] ERROR i.j.o.p.event.EventProcessor - Error during event processing ExecutionScope{ resource id: ResourceID{name='test-hivemq-platform', namespace='helmpodsecuritycontextupgradeextensionit'}, version: 1185}
2025-01-30 18:49:34,764 INFO c.h.h.t.HelmChartContainer - [hivemq-test-hivemq-platform] [hivemq-platform-operator] [e91b5f58] io.fabric8.kubernetes.client.KubernetesClientException: Failure executing: PUT at: https://10.43.0.1:443/apis/hivemq.com/v1/namespaces/helmpodsecuritycontextupgradeextensionit/hivemq-platforms/test-hivemq-platform/status. Message: Operation cannot be fulfilled on hivemq-platforms.hivemq.com "test-hivemq-platform": the object has been modified; please apply your changes to the latest version and try again. Received status: Status(apiVersion=v1, code=409, details=StatusDetails(causes=[], group=hivemq.com, kind=hivemq-platforms, name=test-hivemq-platform, retryAfterSeconds=null, uid=null, additionalProperties={}), kind=Status, message=Operation cannot be fulfilled on hivemq-platforms.hivemq.com "test-hivemq-platform": the object has been modified; please apply your changes to the latest version and try again, metadata=ListMeta(_continue=null, remainingItemCount=null, resourceVersion=null, selfLink=null, additionalProperties={}), reason=Conflict, status=Failure, additionalProperties={}).
2025-01-30 18:49:34,764 INFO c.h.h.t.HelmChartContainer - [hivemq-test-hivemq-platform] [hivemq-platform-operator] [e91b5f58] 	at io.fabric8.kubernetes.client.KubernetesClientException.copyAsCause(KubernetesClientException.java:238)
2025-01-30 18:49:34,764 INFO c.h.h.t.HelmChartContainer - [hivemq-test-hivemq-platform] [hivemq-platform-operator] [e91b5f58] 	at io.fabric8.kubernetes.client.dsl.internal.OperationSupport.waitForResult(OperationSupport.java:507)
2025-01-30 18:49:34,764 INFO c.h.h.t.HelmChartContainer - [hivemq-test-hivemq-platform] [hivemq-platform-operator] [e91b5f58] 	at io.fabric8.kubernetes.client.dsl.internal.OperationSupport.handleResponse(OperationSupport.java:524)
2025-01-30 18:49:34,764 INFO c.h.h.t.HelmChartContainer - [hivemq-test-hivemq-platform] [hivemq-platform-operator] [e91b5f58] 	at io.fabric8.kubernetes.client.dsl.internal.OperationSupport.handleUpdate(OperationSupport.java:358)
2025-01-30 18:49:34,764 INFO c.h.h.t.HelmChartContainer - [hivemq-test-hivemq-platform] [hivemq-platform-operator] [e91b5f58] 	at io.fabric8.kubernetes.client.dsl.internal.BaseOperation.handleUpdate(BaseOperation.java:759)
2025-01-30 18:49:34,764 INFO c.h.h.t.HelmChartContainer - [hivemq-test-hivemq-platform] [hivemq-platform-operator] [e91b5f58] 	at io.fabric8.kubernetes.client.dsl.internal.HasMetadataOperation.update(HasMetadataOperation.java:138)
2025-01-30 18:49:34,764 INFO c.h.h.t.HelmChartContainer - [hivemq-test-hivemq-platform] [hivemq-platform-operator] [e91b5f58] 	at io.fabric8.kubernetes.client.dsl.internal.HasMetadataOperation.update(HasMetadataOperation.java:121)
2025-01-30 18:49:34,764 INFO c.h.h.t.HelmChartContainer - [hivemq-test-hivemq-platform] [hivemq-platform-operator] [e91b5f58] 	at io.fabric8.kubernetes.client.dsl.internal.HasMetadataOperation.updateStatus(HasMetadataOperation.java:126)
2025-01-30 18:49:34,764 INFO c.h.h.t.HelmChartContainer - [hivemq-test-hivemq-platform] [hivemq-platform-operator] [e91b5f58] 	at io.fabric8.kubernetes.client.dsl.internal.HasMetadataOperation.updateStatus(HasMetadataOperation.java:44)
2025-01-30 18:49:34,764 INFO c.h.h.t.HelmChartContainer - [hivemq-test-hivemq-platform] [hivemq-platform-operator] [e91b5f58] 	at io.javaoperatorsdk.operator.processing.event.ReconciliationDispatcher$CustomResourceFacade.updateStatus(ReconciliationDispatcher.java:408)
2025-01-30 18:49:34,764 INFO c.h.h.t.HelmChartContainer - [hivemq-test-hivemq-platform] [hivemq-platform-operator] [e91b5f58] 	at io.javaoperatorsdk.operator.processing.event.ReconciliationDispatcher.updateStatusGenerationAware(ReconciliationDispatcher.java:228)
2025-01-30 18:49:34,764 INFO c.h.h.t.HelmChartContainer - [hivemq-test-hivemq-platform] [hivemq-platform-operator] [e91b5f58] 	at io.javaoperatorsdk.operator.processing.event.ReconciliationDispatcher.reconcileExecution(ReconciliationDispatcher.java:150)
2025-01-30 18:49:34,764 INFO c.h.h.t.HelmChartContainer - [hivemq-test-hivemq-platform] [hivemq-platform-operator] [e91b5f58] 	at io.javaoperatorsdk.operator.processing.event.ReconciliationDispatcher.handleReconcile(ReconciliationDispatcher.java:117)
2025-01-30 18:49:34,764 INFO c.h.h.t.HelmChartContainer - [hivemq-test-hivemq-platform] [hivemq-platform-operator] [e91b5f58] 	at io.javaoperatorsdk.operator.processing.event.ReconciliationDispatcher.handleDispatch(ReconciliationDispatcher.java:91)
2025-01-30 18:49:34,764 INFO c.h.h.t.HelmChartContainer - [hivemq-test-hivemq-platform] [hivemq-platform-operator] [e91b5f58] 	at io.javaoperatorsdk.operator.processing.event.ReconciliationDispatcher.handleExecution(ReconciliationDispatcher.java:64)
2025-01-30 18:49:34,764 INFO c.h.h.t.HelmChartContainer - [hivemq-test-hivemq-platform] [hivemq-platform-operator] [e91b5f58] 	at io.javaoperatorsdk.operator.processing.event.EventProcessor$ReconcilerExecutor.run(EventProcessor.java:452)
2025-01-30 18:49:34,764 INFO c.h.h.t.HelmChartContainer - [hivemq-test-hivemq-platform] [hivemq-platform-operator] [e91b5f58] 	at java.base/java.util.concurrent.ThreadPoolExecutor.runWorker(Unknown Source)
2025-01-30 18:49:34,764 INFO c.h.h.t.HelmChartContainer - [hivemq-test-hivemq-platform] [hivemq-platform-operator] [e91b5f58] 	at java.base/java.util.concurrent.ThreadPoolExecutor$Worker.run(Unknown Source)
2025-01-30 18:49:34,764 INFO c.h.h.t.HelmChartContainer - [hivemq-test-hivemq-platform] [hivemq-platform-operator] [e91b5f58] 	at java.base/java.lang.Thread.run(Unknown Source)
2025-01-30 18:49:34,764 INFO c.h.h.t.HelmChartContainer - [hivemq-test-hivemq-platform] [hivemq-platform-operator] [e91b5f58] Caused by: io.fabric8.kubernetes.client.KubernetesClientException: Failure executing: PUT at: https://10.43.0.1:443/apis/hivemq.com/v1/namespaces/helmpodsecuritycontextupgradeextensionit/hivemq-platforms/test-hivemq-platform/status. Message: Operation cannot be fulfilled on hivemq-platforms.hivemq.com "test-hivemq-platform": the object has been modified; please apply your changes to the latest version and try again. Received status: Status(apiVersion=v1, code=409, details=StatusDetails(causes=[], group=hivemq.com, kind=hivemq-platforms, name=test-hivemq-platform, retryAfterSeconds=null, uid=null, additionalProperties={}), kind=Status, message=Operation cannot be fulfilled on hivemq-platforms.hivemq.com "test-hivemq-platform": the object has been modified; please apply your changes to the latest version and try again, metadata=ListMeta(_continue=null, remainingItemCount=null, resourceVersion=null, selfLink=null, additionalProperties={}), reason=Conflict, status=Failure, additionalProperties={}).
2025-01-30 18:49:34,764 INFO c.h.h.t.HelmChartContainer - [hivemq-test-hivemq-platform] [hivemq-platform-operator] [e91b5f58] 	at io.fabric8.kubernetes.client.dsl.internal.OperationSupport.requestFailure(OperationSupport.java:660)
2025-01-30 18:49:34,764 INFO c.h.h.t.HelmChartContainer - [hivemq-test-hivemq-platform] [hivemq-platform-operator] [e91b5f58] 	at io.fabric8.kubernetes.client.dsl.internal.OperationSupport.requestFailure(OperationSupport.java:640)
2025-01-30 18:49:34,764 INFO c.h.h.t.HelmChartContainer - [hivemq-test-hivemq-platform] [hivemq-platform-operator] [e91b5f58] 	at io.fabric8.kubernetes.client.dsl.internal.OperationSupport.assertResponseCode(OperationSupport.java:589)
2025-01-30 18:49:34,764 INFO c.h.h.t.HelmChartContainer - [hivemq-test-hivemq-platform] [hivemq-platform-operator] [e91b5f58] 	at io.fabric8.kubernetes.client.dsl.internal.OperationSupport.lambda$handleResponse$0(OperationSupport.java:549)
2025-01-30 18:49:34,764 INFO c.h.h.t.HelmChartContainer - [hivemq-test-hivemq-platform] [hivemq-platform-operator] [e91b5f58] 	at java.base/java.util.concurrent.CompletableFuture$UniApply.tryFire(Unknown Source)
2025-01-30 18:49:34,764 INFO c.h.h.t.HelmChartContainer - [hivemq-test-hivemq-platform] [hivemq-platform-operator] [e91b5f58] 	at java.base/java.util.concurrent.CompletableFuture.postComplete(Unknown Source)
2025-01-30 18:49:34,764 INFO c.h.h.t.HelmChartContainer - [hivemq-test-hivemq-platform] [hivemq-platform-operator] [e91b5f58] 	at java.base/java.util.concurrent.CompletableFuture.complete(Unknown Source)
2025-01-30 18:49:34,764 INFO c.h.h.t.HelmChartContainer - [hivemq-test-hivemq-platform] [hivemq-platform-operator] [e91b5f58] 	at io.fabric8.kubernetes.client.http.StandardHttpClient.lambda$completeOrCancel$10(StandardHttpClient.java:141)
2025-01-30 18:49:34,764 INFO c.h.h.t.HelmChartContainer - [hivemq-test-hivemq-platform] [hivemq-platform-operator] [e91b5f58] 	at java.base/java.util.concurrent.CompletableFuture.uniWhenComplete(Unknown Source)
2025-01-30 18:49:34,764 INFO c.h.h.t.HelmChartContainer - [hivemq-test-hivemq-platform] [hivemq-platform-operator] [e91b5f58] 	at java.base/java.util.concurrent.CompletableFuture$UniWhenComplete.tryFire(Unknown Source)
2025-01-30 18:49:34,764 INFO c.h.h.t.HelmChartContainer - [hivemq-test-hivemq-platform] [hivemq-platform-operator] [e91b5f58] 	at java.base/java.util.concurrent.CompletableFuture.postComplete(Unknown Source)
2025-01-30 18:49:34,764 INFO c.h.h.t.HelmChartContainer - [hivemq-test-hivemq-platform] [hivemq-platform-operator] [e91b5f58] 	at java.base/java.util.concurrent.CompletableFuture.complete(Unknown Source)
2025-01-30 18:49:34,764 INFO c.h.h.t.HelmChartContainer - [hivemq-test-hivemq-platform] [hivemq-platform-operator] [e91b5f58] 	at io.fabric8.kubernetes.client.http.ByteArrayBodyHandler.onBodyDone(ByteArrayBodyHandler.java:51)
2025-01-30 18:49:34,764 INFO c.h.h.t.HelmChartContainer - [hivemq-test-hivemq-platform] [hivemq-platform-operator] [e91b5f58] 	at java.base/java.util.concurrent.CompletableFuture.uniWhenComplete(Unknown Source)
2025-01-30 18:49:34,764 INFO c.h.h.t.HelmChartContainer - [hivemq-test-hivemq-platform] [hivemq-platform-operator] [e91b5f58] 	at java.base/java.util.concurrent.CompletableFuture$UniWhenComplete.tryFire(Unknown Source)
2025-01-30 18:49:34,764 INFO c.h.h.t.HelmChartContainer - [hivemq-test-hivemq-platform] [hivemq-platform-operator] [e91b5f58] 	at java.base/java.util.concurrent.CompletableFuture.postComplete(Unknown Source)
2025-01-30 18:49:34,764 INFO c.h.h.t.HelmChartContainer - [hivemq-test-hivemq-platform] [hivemq-platform-operator] [e91b5f58] 	at java.base/java.util.concurrent.CompletableFuture.complete(Unknown Source)
2025-01-30 18:49:34,764 INFO c.h.h.t.HelmChartContainer - [hivemq-test-hivemq-platform] [hivemq-platform-operator] [e91b5f58] 	at io.fabric8.kubernetes.client.vertx.VertxHttpRequest.lambda$null$1(VertxHttpRequest.java:121)
2025-01-30 18:49:34,764 INFO c.h.h.t.HelmChartContainer - [hivemq-test-hivemq-platform] [hivemq-platform-operator] [e91b5f58] 	at io.vertx.core.impl.ContextInternal.dispatch(ContextInternal.java:279)
2025-01-30 18:49:34,764 INFO c.h.h.t.HelmChartContainer - [hivemq-test-hivemq-platform] [hivemq-platform-operator] [e91b5f58] 	at io.vertx.core.impl.ContextInternal.dispatch(ContextInternal.java:261)
2025-01-30 18:49:34,764 INFO c.h.h.t.HelmChartContainer - [hivemq-test-hivemq-platform] [hivemq-platform-operator] [e91b5f58] 	at io.vertx.core.http.impl.HttpEventHandler.handleEnd(HttpEventHandler.java:76)
2025-01-30 18:49:34,764 INFO c.h.h.t.HelmChartContainer - [hivemq-test-hivemq-platform] [hivemq-platform-operator] [e91b5f58] 	at io.vertx.core.http.impl.HttpClientResponseImpl.handleEnd(HttpClientResponseImpl.java:250)
2025-01-30 18:49:34,764 INFO c.h.h.t.HelmChartContainer - [hivemq-test-hivemq-platform] [hivemq-platform-operator] [e91b5f58] 	at io.vertx.core.http.impl.Http1xClientConnection$StreamImpl.lambda$new$0(Http1xClientConnection.java:421)
2025-01-30 18:49:34,764 INFO c.h.h.t.HelmChartContainer - [hivemq-test-hivemq-platform] [hivemq-platform-operator] [e91b5f58] 	at io.vertx.core.streams.impl.InboundBuffer.handleEvent(InboundBuffer.java:279)
2025-01-30 18:49:34,764 INFO c.h.h.t.HelmChartContainer - [hivemq-test-hivemq-platform] [hivemq-platform-operator] [e91b5f58] 	at io.vertx.core.streams.impl.InboundBuffer.write(InboundBuffer.java:157)
2025-01-30 18:49:34,764 INFO c.h.h.t.HelmChartContainer - [hivemq-test-hivemq-platform] [hivemq-platform-operator] [e91b5f58] 	at io.vertx.core.http.impl.Http1xClientConnection$StreamImpl.handleEnd(Http1xClientConnection.java:709)
2025-01-30 18:49:34,764 INFO c.h.h.t.HelmChartContainer - [hivemq-test-hivemq-platform] [hivemq-platform-operator] [e91b5f58] 	at io.vertx.core.impl.ContextImpl.lambda$execute$4(ContextImpl.java:315)
2025-01-30 18:49:34,764 INFO c.h.h.t.HelmChartContainer - [hivemq-test-hivemq-platform] [hivemq-platform-operator] [e91b5f58] 	at io.netty.util.concurrent.AbstractEventExecutor.runTask(AbstractEventExecutor.java:173)
2025-01-30 18:49:34,764 INFO c.h.h.t.HelmChartContainer - [hivemq-test-hivemq-platform] [hivemq-platform-operator] [e91b5f58] 	at io.netty.util.concurrent.AbstractEventExecutor.safeExecute(AbstractEventExecutor.java:166)
2025-01-30 18:49:34,764 INFO c.h.h.t.HelmChartContainer - [hivemq-test-hivemq-platform] [hivemq-platform-operator] [e91b5f58] 	at io.netty.util.concurrent.SingleThreadEventExecutor.runAllTasks(SingleThreadEventExecutor.java:472)
2025-01-30 18:49:34,764 INFO c.h.h.t.HelmChartContainer - [hivemq-test-hivemq-platform] [hivemq-platform-operator] [e91b5f58] 	at io.netty.channel.nio.NioEventLoop.run(NioEventLoop.java:569)
2025-01-30 18:49:34,764 INFO c.h.h.t.HelmChartContainer - [hivemq-test-hivemq-platform] [hivemq-platform-operator] [e91b5f58] 	at io.netty.util.concurrent.SingleThreadEventExecutor$4.run(SingleThreadEventExecutor.java:997)
2025-01-30 18:49:34,764 INFO c.h.h.t.HelmChartContainer - [hivemq-test-hivemq-platform] [hivemq-platform-operator] [e91b5f58] 	at io.netty.util.internal.ThreadExecutorMap$2.run(ThreadExecutorMap.java:74)
2025-01-30 18:49:34,764 INFO c.h.h.t.HelmChartContainer - [hivemq-test-hivemq-platform] [hivemq-platform-operator] [e91b5f58] 	at io.netty.util.concurrent.FastThreadLocalRunnable.run(FastThreadLocalRunnable.java:30)
2025-01-30 18:49:34,764 INFO c.h.h.t.HelmChartContainer - [hivemq-test-hivemq-platform] [hivemq-platform-operator] [e91b5f58] 	... 1 common frames omitted
2025-01-30 18:49:34,772 INFO c.h.h.t.HelmChartContainer - [hivemq-test-hivemq-platform] [hivemq-platform-operator] [e91b5f58] 18:49:34.769 [ReconcilerExecutor-hivemq-controller-135] INFO  c.h.p.o.HiveMQPlatformReconciler - [helmpods] Cleanup test-hivemq-platform - helmpodsecuritycontextupgradeextensionit HiveMQ Platform is shut down
2025-01-30 18:49:35,172 INFO c.h.h.t.HelmChartContainer - [POD] test-hivemq-platform-0 [0d810b67-71d5-4c1c-bf1e-05b355693830] in helmpodsecuritycontextupgradeextensionit was MODIFIED
2025-01-30 18:49:35,174 INFO c.h.h.t.HelmChartContainer - [EVENT] Normal [Killing] Stopping container hivemq [helmpodsecuritycontextupgradeextensionit:test-hivemq-platform-0]
2025-01-30 18:49:35,174 INFO c.h.h.t.HelmChartContainer - Received Killing event for container hivemq in pod test-hivemq-platform-0 [0d810b67-71d5-4c1c-bf1e-05b355693830]
2025-01-30 18:49:35,174 INFO c.h.h.t.HelmChartContainer - Container [test-hivemq-platform-0] [hivemq] [0d810b67-71d5-4c1c-bf1e-05b355693830] was terminated
2025-01-30 18:49:35,174 INFO c.h.h.t.HelmChartContainer - Stopped log watcher for hivemq in pod test-hivemq-platform-0 [0d810b67-71d5-4c1c-bf1e-05b355693830]
2025-01-30 18:49:35,200 INFO c.h.h.t.HelmChartContainer - [test-hivemq-platform] [hivemq] [0d810b67] INFO  - [HiveMQ Platform Operator Init App 1.7.0-SNAPSHOT] Shutting down
2025-01-30 18:49:35,204 INFO c.h.h.t.HelmChartContainer - [test-hivemq-platform] [hivemq] [0d810b67] INFO  - [HiveMQ Platform Operator Init App 1.7.0-SNAPSHOT] Stopping the HiveMQ Platform
2025-01-30 18:49:35,381 INFO c.h.h.t.HelmChartContainer - [test-hivemq-platform] [hivemq] [0d810b67] INFO  - Shutting down HiveMQ. Please wait, this could take a while...
2025-01-30 18:49:35,400 INFO c.h.h.t.HelmChartContainer - [test-hivemq-platform] [hivemq] [0d810b67] INFO  - Shutting down listeners and clients
2025-01-30 18:49:35,401 INFO c.h.h.t.HelmChartContainer - [test-hivemq-platform] [hivemq] [0d810b67] INFO  - Shutdown of listeners is done
2025-01-30 18:49:35,401 INFO c.h.h.t.HelmChartContainer - [test-hivemq-platform] [hivemq] [0d810b67] INFO  - No clients are connected, proceeding with shutdown
2025-01-30 18:49:36,522 INFO c.h.h.t.HelmChartContainer - Deleting namespace 'helmpodsecuritycontextupgradeextensionit'...
2025-01-30 18:49:37,308 INFO c.h.h.t.HelmChartContainer - [test-hivemq-platform] [hivemq] [0d810b67] INFO  - [HiveMQ Platform Operator Init App 1.7.0-SNAPSHOT] Returning shutdown Health API response 503 for readiness
2025-01-30 18:49:37,312 INFO c.h.h.t.HelmChartContainer - [EVENT] Warning [Unhealthy] Readiness probe failed: HTTP probe failed with statuscode: 503 [helmpodsecuritycontextupgradeextensionit:test-hivemq-platform-0]
2025-01-30 18:49:37,312 INFO c.h.h.t.HelmChartContainer - Received Unhealthy event for container hivemq in pod test-hivemq-platform-0 [0d810b67-71d5-4c1c-bf1e-05b355693830]
2025-01-30 18:49:37,906 INFO c.h.h.t.HelmChartContainer - [K3S] [authentication.go:74] "Unable to authenticate the request" err="[invalid bearer token, serviceaccounts \"hivemq-platform-pod-test-hivemq-platform\" not found]"
2025-01-30 18:49:37,921 INFO c.h.h.t.HelmChartContainer - [K3S] [authentication.go:74] "Unable to authenticate the request" err="[invalid bearer token, serviceaccounts \"hivemq-platform-pod-test-hivemq-platform\" not found]"
2025-01-30 18:49:37,998 INFO c.h.h.t.HelmChartContainer - [test-hivemq-platform] [hivemq] [0d810b67] WARN  - [HiveMQ Platform Operator Init App 1.7.0-SNAPSHOT] Could not update Pod annotations: Failure executing: GET at: https://10.43.0.1:443/api/v1/namespaces/helmpodsecuritycontextupgradeextensionit/pods/test-hivemq-platform-0. Message: Unauthorized. Received status: Status(apiVersion=v1, code=401, details=null, kind=Status, message=Unauthorized, metadata=ListMeta(_continue=null, remainingItemCount=null, resourceVersion=null, selfLink=null, additionalProperties={}), reason=Unauthorized, status=Failure, additionalProperties={}).
2025-01-30 18:49:38,614 INFO c.h.h.t.HelmChartContainer - [test-hivemq-platform] [hivemq] [0d810b67] INFO  - Shutting down extension system
2025-01-30 18:49:38,620 INFO c.h.h.t.HelmChartContainer - [test-hivemq-platform] [hivemq] [0d810b67] INFO  - Stopping extension with id hivemq-dns-cluster-discovery
2025-01-30 18:49:38,620 INFO c.h.h.t.HelmChartContainer - [test-hivemq-platform] [hivemq] [0d810b67] INFO  - Extension "DNS Cluster Discovery Extension" version 4.3.2 stopped successfully.
2025-01-30 18:49:38,621 INFO c.h.h.t.HelmChartContainer - [test-hivemq-platform] [hivemq] [0d810b67] INFO  - Stopping extension with id hivemq-distributed-tracing-extension
2025-01-30 18:49:38,622 INFO c.h.h.t.HelmChartContainer - [test-hivemq-platform] [hivemq] [0d810b67] INFO  - Extension "HiveMQ Enterprise Distributed Tracing Extension" version 4.36.0 stopped successfully.
2025-01-30 18:49:38,622 INFO c.h.h.t.HelmChartContainer - [test-hivemq-platform] [hivemq] [0d810b67] INFO  - Stopping extension with id hivemq-prometheus-extension
2025-01-30 18:49:38,626 INFO c.h.h.t.HelmChartContainer - [test-hivemq-platform] [hivemq] [0d810b67] INFO  - Extension "Prometheus Monitoring Extension" version 4.0.12 stopped successfully.
2025-01-30 18:49:38,626 INFO c.h.h.t.HelmChartContainer - [test-hivemq-platform] [hivemq] [0d810b67] INFO  - Stopping extension with id hivemq-allow-all-extension
2025-01-30 18:49:38,626 INFO c.h.h.t.HelmChartContainer - [test-hivemq-platform] [hivemq] [0d810b67] INFO  - Extension "Allow All Extension" version 1.1.1 stopped successfully.
2025-01-30 18:49:40,901 INFO c.h.h.t.HelmChartContainer - [test-hivemq-platform] [hivemq] [0d810b67] INFO  - Shutdown completed.
2025-01-30 18:49:41,338 INFO c.h.h.t.HelmChartContainer - [test-hivemq-platform] [hivemq] [0d810b67] INFO  - [HiveMQ Platform Operator Init App 1.7.0-SNAPSHOT] The HiveMQ Platform exited with code 143
2025-01-30 18:49:41,338 INFO c.h.h.t.HelmChartContainer - [test-hivemq-platform] [hivemq] [0d810b67] INFO  - [HiveMQ Platform Operator Init App 1.7.0-SNAPSHOT] Stopping the REST API
2025-01-30 18:49:41,397 INFO c.h.h.t.HelmChartContainer - [test-hivemq-platform] [hivemq] [0d810b67] INFO  - [HiveMQ Platform Operator Init App 1.7.0-SNAPSHOT] Shutdown complete
2025-01-30 18:49:41,626 INFO c.h.h.t.HelmChartContainer - [K3S] [stateful_set.go:466] "StatefulSet has been deleted" key="helmpodsecuritycontextupgradeextensionit/test-hivemq-platform"
2025-01-30 18:49:41,841 INFO c.h.h.t.HelmChartContainer - [POD] test-hivemq-platform-0 [0d810b67-71d5-4c1c-bf1e-05b355693830] in helmpodsecuritycontextupgradeextensionit was MODIFIED
2025-01-30 18:49:41,927 INFO c.h.h.t.HelmChartContainer - [K3S] [reconciler_common.go:162] "operationExecutor.UnmountVolume started for volume \"pod-info\" (UniqueName: \"kubernetes.io/configmap/0d810b67-71d5-4c1c-bf1e-05b355693830-pod-info\") pod \"0d810b67-71d5-4c1c-bf1e-05b355693830\" (UID: \"0d810b67-71d5-4c1c-bf1e-05b355693830\") "
2025-01-30 18:49:41,927 INFO c.h.h.t.HelmChartContainer - [K3S] [reconciler_common.go:162] "operationExecutor.UnmountVolume started for volume \"kube-api-access-sbdzz\" (UniqueName: \"kubernetes.io/projected/0d810b67-71d5-4c1c-bf1e-05b355693830-kube-api-access-sbdzz\") pod \"0d810b67-71d5-4c1c-bf1e-05b355693830\" (UID: \"0d810b67-71d5-4c1c-bf1e-05b355693830\") "
2025-01-30 18:49:41,927 INFO c.h.h.t.HelmChartContainer - [K3S] [reconciler_common.go:162] "operationExecutor.UnmountVolume started for volume \"broker-configuration\" (UniqueName: \"kubernetes.io/configmap/0d810b67-71d5-4c1c-bf1e-05b355693830-broker-configuration\") pod \"0d810b67-71d5-4c1c-bf1e-05b355693830\" (UID: \"0d810b67-71d5-4c1c-bf1e-05b355693830\") "
2025-01-30 18:49:41,927 INFO c.h.h.t.HelmChartContainer - [K3S] [reconciler_common.go:162] "operationExecutor.UnmountVolume started for volume \"extension-configuration-hivemq-distributed-tracing-extension\" (UniqueName: \"kubernetes.io/configmap/0d810b67-71d5-4c1c-bf1e-05b355693830-extension-configuration-hivemq-distributed-tracing-extension\") pod \"0d810b67-71d5-4c1c-bf1e-05b355693830\" (UID: \"0d810b67-71d5-4c1c-bf1e-05b355693830\") "
2025-01-30 18:49:41,928 INFO c.h.h.t.HelmChartContainer - [K3S] [reconciler_common.go:162] "operationExecutor.UnmountVolume started for volume \"operator-init\" (UniqueName: \"kubernetes.io/empty-dir/0d810b67-71d5-4c1c-bf1e-05b355693830-operator-init\") pod \"0d810b67-71d5-4c1c-bf1e-05b355693830\" (UID: \"0d810b67-71d5-4c1c-bf1e-05b355693830\") "
2025-01-30 18:49:42,028 INFO c.h.h.t.HelmChartContainer - [K3S] [reconciler_common.go:299] "Volume detached for volume \"pod-info\" (UniqueName: \"kubernetes.io/configmap/0d810b67-71d5-4c1c-bf1e-05b355693830-pod-info\") on node \"96c0d6c16666\" DevicePath \"\""
2025-01-30 18:49:42,028 INFO c.h.h.t.HelmChartContainer - [K3S] [reconciler_common.go:299] "Volume detached for volume \"kube-api-access-sbdzz\" (UniqueName: \"kubernetes.io/projected/0d810b67-71d5-4c1c-bf1e-05b355693830-kube-api-access-sbdzz\") on node \"96c0d6c16666\" DevicePath \"\""
2025-01-30 18:49:42,028 INFO c.h.h.t.HelmChartContainer - [K3S] [reconciler_common.go:299] "Volume detached for volume \"broker-configuration\" (UniqueName: \"kubernetes.io/configmap/0d810b67-71d5-4c1c-bf1e-05b355693830-broker-configuration\") on node \"96c0d6c16666\" DevicePath \"\""
2025-01-30 18:49:42,028 INFO c.h.h.t.HelmChartContainer - [K3S] [reconciler_common.go:299] "Volume detached for volume \"extension-configuration-hivemq-distributed-tracing-extension\" (UniqueName: \"kubernetes.io/configmap/0d810b67-71d5-4c1c-bf1e-05b355693830-extension-configuration-hivemq-distributed-tracing-extension\") on node \"96c0d6c16666\" DevicePath \"\""
2025-01-30 18:49:42,028 INFO c.h.h.t.HelmChartContainer - [K3S] [reconciler_common.go:299] "Volume detached for volume \"operator-init\" (UniqueName: \"kubernetes.io/empty-dir/0d810b67-71d5-4c1c-bf1e-05b355693830-operator-init\") on node \"96c0d6c16666\" DevicePath \"\""
2025-01-30 18:49:42,083 INFO c.h.h.t.HelmChartContainer - [K3S] [scope.go:117] "RemoveContainer" containerID="6321ad1fa5cc351e2c0d273e6d93c1fe601311d4a87b4c09f14f99267eed7ad7"
2025-01-30 18:49:42,099 INFO c.h.h.t.HelmChartContainer - [POD] test-hivemq-platform-0 [0d810b67-71d5-4c1c-bf1e-05b355693830] in helmpodsecuritycontextupgradeextensionit was MODIFIED
2025-01-30 18:49:42,100 INFO c.h.h.t.HelmChartContainer - [POD] test-hivemq-platform-0 [0d810b67-71d5-4c1c-bf1e-05b355693830] in helmpodsecuritycontextupgradeextensionit was DELETED
2025-01-30 18:49:42,184 INFO c.h.h.t.HelmChartContainer - [K3S] [scope.go:117] "RemoveContainer" containerID="8659eed8910dc90e0da1186743de0e816c5ead3bafd13d50230c6f6220dabcc7"
2025-01-30 18:49:42,186 INFO c.h.h.t.HelmChartContainer - [K3S] [scope.go:117] "RemoveContainer" containerID="6321ad1fa5cc351e2c0d273e6d93c1fe601311d4a87b4c09f14f99267eed7ad7"
2025-01-30 18:49:42,187 INFO c.h.h.t.HelmChartContainer - [K3S] [scope.go:117] "RemoveContainer" containerID="8659eed8910dc90e0da1186743de0e816c5ead3bafd13d50230c6f6220dabcc7"
2025-01-30 18:49:42,339 INFO c.h.h.t.HelmChartContainer - [K3S] [kubelet_volumes.go:163] "Cleaned up orphaned pod volumes dir" podUID="0d810b67-71d5-4c1c-bf1e-05b355693830" path="/var/lib/kubelet/pods/0d810b67-71d5-4c1c-bf1e-05b355693830/volumes"
2025-01-30 18:49:46,858 INFO c.h.h.t.HelmChartContainer - Namespace 'helmpodsecuritycontextupgradeextensionit' deleted
2025-01-30 18:49:46,858 INFO c.h.h.t.HelmChartContainer - Release 'test-hivemq-platform' in namespace 'helmpodsecuritycontextupgradeextensionit' is uninstalled
2025-01-30 18:49:46,858 INFO c.h.h.t.HelmChartContainer - Uninstalling release 'test-hivemq-platform-operator' in namespace 'helmpodsecuritycontextupgradeextensionit-operator'...
2025-01-30 18:49:46,858 DEBUG c.h.h.t.HelmChartContainer - Executing helm command: /bin/helm --kubeconfig /etc/rancher/k3s/k3s.yaml uninstall test-hivemq-platform-operator  --wait --timeout 5m0s --cascade foreground --namespace helmpodsecuritycontextupgradeextensionit-operator
2025-01-30 18:49:47,029 INFO c.h.h.t.HelmChartContainer - [K3S] [replica_set.go:679] "Finished syncing" kind="ReplicaSet" key="helmpodsecuritycontextupgradeextensionit-operator/hivemq-test-hivemq-platform-operator-7ccc997bc4" duration="10.932757ms"
2025-01-30 18:49:47,029 INFO c.h.h.t.HelmChartContainer - [K3S] [replica_set.go:679] "Finished syncing" kind="ReplicaSet" key="helmpodsecuritycontextupgradeextensionit-operator/hivemq-test-hivemq-platform-operator-7ccc997bc4" duration="37.981µs"
2025-01-30 18:49:47,055 INFO c.h.h.t.HelmChartContainer - [POD] hivemq-test-hivemq-platform-operator-7ccc997bc4-s7nss [e91b5f58-c960-4fe8-a0c5-874b474b5514] in helmpodsecuritycontextupgradeextensionit-operator was MODIFIED
2025-01-30 18:49:47,063 INFO c.h.h.t.HelmChartContainer - [hivemq-test-hivemq-platform] [hivemq-platform-operator] [e91b5f58] 18:49:47.062 [application-shutdown-thread] INFO  c.h.p.o.HiveMQPlatformOperatorApplication - HiveMQ Platform Operator is stopping...
2025-01-30 18:49:47,065 INFO c.h.h.t.HelmChartContainer - [EVENT] Normal [Killing] Stopping container hivemq-platform-operator [helmpodsecuritycontextupgradeextensionit-operator:hivemq-test-hivemq-platform-operator-7ccc997bc4-s7nss]
2025-01-30 18:49:47,066 INFO c.h.h.t.HelmChartContainer - Received Killing event for container hivemq-platform-operator in pod hivemq-test-hivemq-platform-operator-7ccc997bc4-s7nss [e91b5f58-c960-4fe8-a0c5-874b474b5514]
2025-01-30 18:49:47,066 INFO c.h.h.t.HelmChartContainer - Container [hivemq-test-hivemq-platform-operator-7ccc997bc4-s7nss] [hivemq-platform-operator] [e91b5f58-c960-4fe8-a0c5-874b474b5514] was terminated
2025-01-30 18:49:47,066 INFO c.h.h.t.HelmChartContainer - Stopped log watcher for hivemq-platform-operator in pod hivemq-test-hivemq-platform-operator-7ccc997bc4-s7nss [e91b5f58-c960-4fe8-a0c5-874b474b5514]
2025-01-30 18:49:47,068 INFO c.h.h.t.HelmChartContainer - [K3S] [replica_set.go:679] "Finished syncing" kind="ReplicaSet" key="helmpodsecuritycontextupgradeextensionit-operator/hivemq-test-hivemq-platform-operator-7ccc997bc4" duration="18.71823ms"
2025-01-30 18:49:47,068 INFO c.h.h.t.HelmChartContainer - [K3S] [replica_set.go:679] "Finished syncing" kind="ReplicaSet" key="helmpodsecuritycontextupgradeextensionit-operator/hivemq-test-hivemq-platform-operator-7ccc997bc4" duration="43.742µs"
2025-01-30 18:49:47,069 INFO c.h.h.t.HelmChartContainer - [hivemq-test-hivemq-platform] [hivemq-platform-operator] [e91b5f58] 18:49:47.062 [application-shutdown-thread] INFO  i.javaoperatorsdk.operator.Operator - Operator SDK 4.9.7 is shutting down...
2025-01-30 18:49:47,593 INFO c.h.h.t.HelmChartContainer - [K3S] [replica_set.go:679] "Finished syncing" kind="ReplicaSet" key="helmpodsecuritycontextupgradeextensionit-operator/hivemq-test-hivemq-platform-operator-7ccc997bc4" duration="41.188µs"
2025-01-30 18:49:47,594 INFO c.h.h.t.HelmChartContainer - [POD] hivemq-test-hivemq-platform-operator-7ccc997bc4-s7nss [e91b5f58-c960-4fe8-a0c5-874b474b5514] in helmpodsecuritycontextupgradeextensionit-operator was MODIFIED
2025-01-30 18:49:47,659 INFO c.h.h.t.HelmChartContainer - [K3S] [reconciler_common.go:162] "operationExecutor.UnmountVolume started for volume \"kube-api-access-gqtvg\" (UniqueName: \"kubernetes.io/projected/e91b5f58-c960-4fe8-a0c5-874b474b5514-kube-api-access-gqtvg\") pod \"e91b5f58-c960-4fe8-a0c5-874b474b5514\" (UID: \"e91b5f58-c960-4fe8-a0c5-874b474b5514\") "
2025-01-30 18:49:47,759 INFO c.h.h.t.HelmChartContainer - [K3S] [reconciler_common.go:299] "Volume detached for volume \"kube-api-access-gqtvg\" (UniqueName: \"kubernetes.io/projected/e91b5f58-c960-4fe8-a0c5-874b474b5514-kube-api-access-gqtvg\") on node \"96c0d6c16666\" DevicePath \"\""
2025-01-30 18:49:48,093 INFO c.h.h.t.HelmChartContainer - [K3S] [scope.go:117] "RemoveContainer" containerID="50da5b379f0058262eeb5621b469375a402013df9985bf47a57f7a19c5a52d70"
2025-01-30 18:49:48,095 INFO c.h.h.t.HelmChartContainer - [K3S] [scope.go:117] "RemoveContainer" containerID="50da5b379f0058262eeb5621b469375a402013df9985bf47a57f7a19c5a52d70"
2025-01-30 18:49:48,104 INFO c.h.h.t.HelmChartContainer - [POD] hivemq-test-hivemq-platform-operator-7ccc997bc4-s7nss [e91b5f58-c960-4fe8-a0c5-874b474b5514] in helmpodsecuritycontextupgradeextensionit-operator was MODIFIED
2025-01-30 18:49:48,104 INFO c.h.h.t.HelmChartContainer - [K3S] [replica_set.go:679] "Finished syncing" kind="ReplicaSet" key="helmpodsecuritycontextupgradeextensionit-operator/hivemq-test-hivemq-platform-operator-7ccc997bc4" duration="42.049µs"
2025-01-30 18:49:48,107 INFO c.h.h.t.HelmChartContainer - [POD] hivemq-test-hivemq-platform-operator-7ccc997bc4-s7nss [e91b5f58-c960-4fe8-a0c5-874b474b5514] in helmpodsecuritycontextupgradeextensionit-operator was DELETED
2025-01-30 18:49:48,107 INFO c.h.h.t.HelmChartContainer - [K3S] [replica_set.go:679] "Finished syncing" kind="ReplicaSet" key="helmpodsecuritycontextupgradeextensionit-operator/hivemq-test-hivemq-platform-operator-7ccc997bc4" duration="29.205µs"
2025-01-30 18:49:48,124 INFO c.h.h.t.HelmChartContainer - [K3S] [replica_set.go:679] "Finished syncing" kind="ReplicaSet" key="helmpodsecuritycontextupgradeextensionit-operator/hivemq-test-hivemq-platform-operator-7ccc997bc4" duration="6.352µs"
2025-01-30 18:49:48,339 INFO c.h.h.t.HelmChartContainer - [K3S] [kubelet_volumes.go:163] "Cleaned up orphaned pod volumes dir" podUID="e91b5f58-c960-4fe8-a0c5-874b474b5514" path="/var/lib/kubelet/pods/e91b5f58-c960-4fe8-a0c5-874b474b5514/volumes"
2025-01-30 18:49:49,066 INFO c.h.h.t.HelmChartContainer - Deleting namespace 'helmpodsecuritycontextupgradeextensionit-operator'...
2025-01-30 18:49:51,768 INFO c.h.h.t.HelmChartContainer - [K3S] [namespace_controller.go:187] "Namespace has been deleted" namespace="helmpodsecuritycontextupgradeextensionit"
2025-01-30 18:49:54,283 INFO c.h.h.t.HelmChartContainer - Namespace 'helmpodsecuritycontextupgradeextensionit-operator' deleted
2025-01-30 18:49:54,283 INFO c.h.h.t.HelmChartContainer - Release 'test-hivemq-platform-operator' in namespace 'helmpodsecuritycontextupgradeextensionit-operator' is uninstalled
2025-01-30 18:49:54,851 INFO c.h.helmcharts.AbstractHelmChartIT - Removed unused containers:

2025-01-30 18:49:59,187 INFO c.h.h.t.HelmChartContainer - [K3S] [namespace_controller.go:187] "Namespace has been deleted" namespace="helmpodsecuritycontextupgradeextensionit-operator"
2025-01-30 18:50:02,367 INFO c.h.helmcharts.AbstractHelmChartIT - Removed unused snapshots:
Removing snapshot sha256:03af251906410714c5aef9fa705b63f6bbc39c4a5e787de7361eeb18886c2ed2
Removing snapshot sha256:0c46b3b43cce082ce5ec34ffc6c294e0417d17b9d1e6f366d114b6aadc4f96dc
Removing snapshot sha256:0ce761beee59082d6ed5bcebd3a805b8ddd9b3426b617e4809e7fb7c6587ffec
Removing snapshot sha256:0df91287303208332c8ff6ba40ae4710105201739addbfbddfb955f1ad593664
Removing snapshot sha256:1021ef88c7974bfff89c5a0ec4fd3160daac6c48a075f74cff721f85dd104e68
Removing snapshot sha256:10aba4953ddc18145dd38e3704709bc464aa20af60b56fe52caaff4b68411e62
Removing snapshot sha256:2573e0d8158209ed54ab25c87bcdcb00bd3d2539246960a3d592a1c599d70465
Removing snapshot sha256:2fe061f760529f2927c43de720a26105d8c6895ed1029c7637bbc076314b6799
Removing snapshot sha256:362a8a37f8bbc31925a8146adcf7cf51f9882f5c1dcbef67c5baa03a297543c0
Removing snapshot sha256:3fa4ad33f0ddc8fd45b39b6b4640f82a3a83619606cd975bfe89d8710ad2d4cd
Removing snapshot sha256:43a7c979bbaba6838bc3102d6b10a1459f3ab050b87ccdfef84ef90cf43d3058
Removing snapshot sha256:4ab04491cdf0d3267f08206fe30bd48f49f94b9cab2f016d6739220f722a64af
Removing snapshot sha256:4b6068250e89c96f263060261819c7d912855bfbd64b3eb4c4a8483299b8c295
Removing snapshot sha256:580e69a0a8034ede1921139bbd2bfb72a69ebf276d008281896c32dd8bf74775
Removing snapshot sha256:5d30ba46b27fe37484567ccc5242cadc78217b8da605f3f195ef25cbf7487904
Removing snapshot sha256:63ca1fbb43ae5034640e5e6cb3e083e05c290072c5366fcaa9d62435a4cced85
Removing snapshot sha256:67f702c6baae873bceb19487c8b1f27bd2b86077e4f2f0e480e6d60ab508b8f5
Removing snapshot sha256:6864348dd42806d552efdec384f1274be15e2d0c10ce44c1f04347af004c10a9
Removing snapshot sha256:6c7dee8f2c39b84b7dc2711c01d33de93514d9055499173e9290176fbe484b6c
Removing snapshot sha256:82753493a6d61ded36556292f02f31841a14c20d2f279f19eaad65afb661d5cd
Removing snapshot sha256:8a10d3db42c505ee0fcfa98417bdd7e39b304f6bcc0a06bb1b220797ff2cc63c
Removing snapshot sha256:a21e5b12dbac529ad45d976eb9ce45c881f3bedcc500fb30aba1e52aa1813418
Removing snapshot sha256:b921e6c28969094157f9b8e7244677780319637afd14450b7cb6b2fdea558a0c
Removing snapshot sha256:bc27ecb5769a00e309cf99ebc763c4a4b958b618d1decc96ffac5bc05f02f5b7
Removing snapshot sha256:be3ccb6627a5332e309d45ef461d09b4879dd870c7394d89323d0ebc6ca6aa8a
Removing snapshot sha256:c261f7cbbc64211ee175ee47273acdb7b1a36a4450b397a064a8f2c026490095
Removing snapshot sha256:c34d9393647eea0c9e3557ab988efaf59f61d10a2a5613b439ef0958cca5ec10
Removing snapshot sha256:ccf3c4a0fa967a41c1c83497a2ce6fa5787965859df0adb32c4ca2cf7490bc2b
Removing snapshot sha256:ce72cc6496096af906e5ea628099ec1e5c55b755a3647298ee6c9b961210ab8e
Removing snapshot sha256:cf92d33f869417309692088c341cd0f223c178ea78a125f757317b22aa8f90e9
Removing snapshot sha256:d0037344cf2fb078884f1849f6a1f8cf9a33a3b6139b6a85833e5ee528e1f9a8
Removing snapshot sha256:d3b36d5b79273b1e98e7700470eaeff05a882e777124d84cebcc1505b85ecb36
Removing snapshot sha256:d65a44a37914602d12c611e5e22a50f11451d847e63015cc1c2aef92dee777a4
Removing snapshot sha256:e2dc0bae2455930f23ae570e019b7f32edc75c0f2d71cab084db837ff9051796
Removing snapshot sha256:eccbd24a99c60cd9e86ee5305dbfc4a4dc89f5ab4fb1f06c8d64797cecedef34
Removing snapshot sha256:f144bb4c7c7f0d2aa7eeffd36d934ec40db1ee167be727e326aad9fdc616f475

]]></system-out>
  </testcase>
  <system-out><![CDATA[2025-01-30 18:43:55,238 INFO c.h.h.t.HelmChartContainerExtension - Using cached HelmChartContainer instance
]]></system-out>
  <system-err><![CDATA[]]></system-err>
</testsuite>
