<?xml version="1.0" encoding="UTF-8"?>
<testsuite name="com.hivemq.helmcharts.operator.HelmRemoveNamespaceIT" tests="1" skipped="0" failures="0" errors="0" timestamp="2025-03-03T14:02:37" hostname="fv-az1376-738" time="105.062">
  <properties/>
  <testcase name="withSingleOperator_hivemqRunningThenDelete()" classname="com.hivemq.helmcharts.operator.HelmRemoveNamespaceIT" time="105.062"/>
</testsuite>
