<?xml version="1.0" encoding="UTF-8"?>
<testsuite name="com.hivemq.helmcharts.services.HelmWebsocketsIT" tests="2" skipped="0" failures="0" errors="0" timestamp="2025-09-29T12:29:29" hostname="runnervm3ublj" time="178.469">
  <properties/>
  <testcase name="platformChart_whenMtlsWebsocketEnabledWithDifferentPrivateKey_thenSendsReceivesMessage()" classname="com.hivemq.helmcharts.services.HelmWebsocketsIT" time="90.486"/>
  <testcase name="platformChart_whenMtlsWebsocketEnabled_thenSendsReceivesMessage()" classname="com.hivemq.helmcharts.services.HelmWebsocketsIT" time="87.983"/>
</testsuite>
