<?xml version="1.0" encoding="UTF-8"?>
<testsuite name="com.hivemq.helmcharts.operator.HelmUpgradeOperatorIT" tests="1" skipped="0" failures="0" errors="0" timestamp="2025-01-30T18:49:00" hostname="fv-az1065-242" time="43.303">
  <properties/>
  <testcase name="withDeployedOperator_upgradeUsingNewValues()" classname="com.hivemq.helmcharts.operator.HelmUpgradeOperatorIT" time="43.303">
    <system-out><![CDATA[2025-01-30 18:49:00,184 INFO c.h.h.t.HelmChartContainer - Creating namespace 'helmupgradeoperatorit-operator'...
2025-01-30 18:49:00,191 INFO c.h.h.t.HelmChartContainer - Namespace 'helmupgradeoperatorit-operator' created
2025-01-30 18:49:00,191 INFO c.h.h.t.HelmChartContainer - Creating namespace 'helmupgradeoperatorit'...
2025-01-30 18:49:00,199 INFO c.h.h.t.HelmChartContainer - Namespace 'helmupgradeoperatorit' created
2025-01-30 18:49:00,265 DEBUG c.h.h.t.HelmChartContainer - Executing helm command: /bin/helm --kubeconfig /etc/rancher/k3s/k3s.yaml install test-hivemq-platform-operator /charts/hivemq-platform-operator --wait --timeout 5m0s --set image.repository=docker.io/hivemq --set image.name=hivemq-platform-operator-test --set image.initImageName=hivemq-platform-operator-init-test --set image.tag=snapshot --set image.pullPolicy=Never --set logLevel=DEBUG --set resources.cpu=512m --namespace helmupgradeoperatorit-operator
2025-01-30 18:49:00,594 INFO c.h.h.t.HelmChartContainer - [K3S] [alloc.go:330] "allocated clusterIPs" service="helmupgradeoperatorit-operator/hivemq-platform-operator-test-hivemq-platform-operator" clusterIPs={"IPv4":"10.43.244.182"}
2025-01-30 18:49:00,608 INFO c.h.h.t.HelmChartContainer - [EVENT] Normal [ScalingReplicaSet] Scaled up replica set hivemq-test-hivemq-platform-operator-6966f96d65 from 0 to 1 [helmupgradeoperatorit-operator:hivemq-test-hivemq-platform-operator]
2025-01-30 18:49:00,614 INFO c.h.h.t.HelmChartContainer - [POD] hivemq-test-hivemq-platform-operator-6966f96d65-rnzlx [5efccdf3-a9ed-48c1-afa4-9c024848d66c] in helmupgradeoperatorit-operator was ADDED
2025-01-30 18:49:00,619 INFO c.h.h.t.HelmChartContainer - [POD] hivemq-test-hivemq-platform-operator-6966f96d65-rnzlx [5efccdf3-a9ed-48c1-afa4-9c024848d66c] in helmupgradeoperatorit-operator was MODIFIED
2025-01-30 18:49:00,619 INFO c.h.h.t.HelmChartContainer - [EVENT] Normal [SuccessfulCreate] Created pod: hivemq-test-hivemq-platform-operator-6966f96d65-rnzlx [helmupgradeoperatorit-operator:hivemq-test-hivemq-platform-operator-6966f96d65]
2025-01-30 18:49:00,621 INFO c.h.h.t.HelmChartContainer - [K3S] [memory_manager.go:355] "RemoveStaleState removing state" podUID="60d0cfd8-3823-4f0f-adc4-58de342afc70" containerName="hivemq-platform-operator"
2025-01-30 18:49:00,627 INFO c.h.h.t.HelmChartContainer - [K3S] [replica_set.go:679] "Finished syncing" kind="ReplicaSet" key="helmupgradeoperatorit-operator/hivemq-test-hivemq-platform-operator-6966f96d65" duration="23.978321ms"
2025-01-30 18:49:00,628 INFO c.h.h.t.HelmChartContainer - [EVENT] Normal [Scheduled] Successfully assigned helmupgradeoperatorit-operator/hivemq-test-hivemq-platform-operator-6966f96d65-rnzlx to 90fa49e9dab5 [helmupgradeoperatorit-operator:hivemq-test-hivemq-platform-operator-6966f96d65-rnzlx]
2025-01-30 18:49:00,633 INFO c.h.h.t.HelmChartContainer - [K3S] [replica_set.go:679] "Finished syncing" kind="ReplicaSet" key="helmupgradeoperatorit-operator/hivemq-test-hivemq-platform-operator-6966f96d65" duration="6.068796ms"
2025-01-30 18:49:00,633 INFO c.h.h.t.HelmChartContainer - [K3S] [replica_set.go:679] "Finished syncing" kind="ReplicaSet" key="helmupgradeoperatorit-operator/hivemq-test-hivemq-platform-operator-6966f96d65" duration="34.314µs"
2025-01-30 18:49:00,634 INFO c.h.h.t.HelmChartContainer - [K3S] [replica_set.go:679] "Finished syncing" kind="ReplicaSet" key="helmupgradeoperatorit-operator/hivemq-test-hivemq-platform-operator-6966f96d65" duration="31.128µs"
2025-01-30 18:49:00,635 INFO c.h.h.t.HelmChartContainer - [POD] hivemq-test-hivemq-platform-operator-6966f96d65-rnzlx [5efccdf3-a9ed-48c1-afa4-9c024848d66c] in helmupgradeoperatorit-operator was MODIFIED
2025-01-30 18:49:00,748 INFO c.h.h.t.HelmChartContainer - [K3S] [reconciler_common.go:251] "operationExecutor.VerifyControllerAttachedVolume started for volume \"kube-api-access-f6wnx\" (UniqueName: \"kubernetes.io/projected/5efccdf3-a9ed-48c1-afa4-9c024848d66c-kube-api-access-f6wnx\") pod \"hivemq-test-hivemq-platform-operator-6966f96d65-rnzlx\" (UID: \"5efccdf3-a9ed-48c1-afa4-9c024848d66c\") " pod="helmupgradeoperatorit-operator/hivemq-test-hivemq-platform-operator-6966f96d65-rnzlx"
2025-01-30 18:49:01,016 INFO c.h.h.t.HelmChartContainer - [EVENT] Normal [Pulled] Container image "docker.io/hivemq/hivemq-platform-operator-test:snapshot" already present on machine [helmupgradeoperatorit-operator:hivemq-test-hivemq-platform-operator-6966f96d65-rnzlx]
2025-01-30 18:49:01,016 INFO c.h.h.t.HelmChartContainer - Received Pulled event for container hivemq-platform-operator in pod hivemq-test-hivemq-platform-operator-6966f96d65-rnzlx [5efccdf3-a9ed-48c1-afa4-9c024848d66c]
2025-01-30 18:49:02,276 INFO c.h.h.t.HelmChartContainer - [EVENT] Normal [Created] Created container: hivemq-platform-operator [helmupgradeoperatorit-operator:hivemq-test-hivemq-platform-operator-6966f96d65-rnzlx]
2025-01-30 18:49:02,276 INFO c.h.h.t.HelmChartContainer - Received Created event for container hivemq-platform-operator in pod hivemq-test-hivemq-platform-operator-6966f96d65-rnzlx [5efccdf3-a9ed-48c1-afa4-9c024848d66c]
2025-01-30 18:49:02,747 INFO c.h.h.t.HelmChartContainer - [POD] hivemq-test-hivemq-platform-operator-6966f96d65-rnzlx [5efccdf3-a9ed-48c1-afa4-9c024848d66c] in helmupgradeoperatorit-operator was MODIFIED
2025-01-30 18:49:02,748 INFO c.h.h.t.HelmChartContainer - [K3S] [replica_set.go:679] "Finished syncing" kind="ReplicaSet" key="helmupgradeoperatorit-operator/hivemq-test-hivemq-platform-operator-6966f96d65" duration="45.063µs"
2025-01-30 18:49:02,755 INFO c.h.h.t.HelmChartContainer - [EVENT] Normal [Started] Started container hivemq-platform-operator [helmupgradeoperatorit-operator:hivemq-test-hivemq-platform-operator-6966f96d65-rnzlx]
2025-01-30 18:49:02,755 INFO c.h.h.t.HelmChartContainer - Started log watcher for hivemq-platform-operator in pod hivemq-test-hivemq-platform-operator-6966f96d65-rnzlx [5efccdf3-a9ed-48c1-afa4-9c024848d66c]
2025-01-30 18:49:02,755 INFO c.h.h.t.HelmChartContainer - Received Started event for container hivemq-platform-operator in pod hivemq-test-hivemq-platform-operator-6966f96d65-rnzlx [5efccdf3-a9ed-48c1-afa4-9c024848d66c]
2025-01-30 18:49:02,756 INFO c.h.h.t.HelmChartContainer - [hivemq-test-hivemq-platform] [hivemq-platform-operator] [5efccdf3] -------------------------------------------------------------------------
2025-01-30 18:49:02,756 INFO c.h.h.t.HelmChartContainer - [hivemq-test-hivemq-platform] [hivemq-platform-operator] [5efccdf3] 
2025-01-30 18:49:02,756 INFO c.h.h.t.HelmChartContainer - [hivemq-test-hivemq-platform] [hivemq-platform-operator] [5efccdf3]                   _    _  _              __  __   ____
2025-01-30 18:49:02,756 INFO c.h.h.t.HelmChartContainer - [hivemq-test-hivemq-platform] [hivemq-platform-operator] [5efccdf3]                  | |  | |(_)            |  \/  | / __ \
2025-01-30 18:49:02,756 INFO c.h.h.t.HelmChartContainer - [hivemq-test-hivemq-platform] [hivemq-platform-operator] [5efccdf3]                  | |__| | _ __   __ ___ | \  / || |  | |
2025-01-30 18:49:02,756 INFO c.h.h.t.HelmChartContainer - [hivemq-test-hivemq-platform] [hivemq-platform-operator] [5efccdf3]                  |  __  || |\ \ / // _ \| |\/| || |  | |
2025-01-30 18:49:02,756 INFO c.h.h.t.HelmChartContainer - [hivemq-test-hivemq-platform] [hivemq-platform-operator] [5efccdf3]                  | |  | || | \ V /|  __/| |  | || |__| |
2025-01-30 18:49:02,756 INFO c.h.h.t.HelmChartContainer - [hivemq-test-hivemq-platform] [hivemq-platform-operator] [5efccdf3]                  |_|  |_||_|  \_/  \___||_|  |_| \___\_\
2025-01-30 18:49:02,756 INFO c.h.h.t.HelmChartContainer - [hivemq-test-hivemq-platform] [hivemq-platform-operator] [5efccdf3] 
2025-01-30 18:49:02,756 INFO c.h.h.t.HelmChartContainer - [hivemq-test-hivemq-platform] [hivemq-platform-operator] [5efccdf3] -------------------------------------------------------------------------
2025-01-30 18:49:02,756 INFO c.h.h.t.HelmChartContainer - [hivemq-test-hivemq-platform] [hivemq-platform-operator] [5efccdf3] 
2025-01-30 18:49:02,756 INFO c.h.h.t.HelmChartContainer - [hivemq-test-hivemq-platform] [hivemq-platform-operator] [5efccdf3]   HiveMQ Platform Operator Start Script v1.0
2025-01-30 18:49:02,756 INFO c.h.h.t.HelmChartContainer - [hivemq-test-hivemq-platform] [hivemq-platform-operator] [5efccdf3] 
2025-01-30 18:49:02,756 INFO c.h.h.t.HelmChartContainer - [hivemq-test-hivemq-platform] [hivemq-platform-operator] [5efccdf3] -------------------------------------------------------------------------
2025-01-30 18:49:02,756 INFO c.h.h.t.HelmChartContainer - [hivemq-test-hivemq-platform] [hivemq-platform-operator] [5efccdf3] 
2025-01-30 18:49:02,756 INFO c.h.h.t.HelmChartContainer - [hivemq-test-hivemq-platform] [hivemq-platform-operator] [5efccdf3]   JAVA_OPTS: -XX:+UnlockExperimentalVMOptions -XX:InitialRAMPercentage=75 -XX:MaxRAMPercentage=75 -Duser.language=en -Duser.region=US
2025-01-30 18:49:02,756 INFO c.h.h.t.HelmChartContainer - [hivemq-test-hivemq-platform] [hivemq-platform-operator] [5efccdf3] 
2025-01-30 18:49:02,756 INFO c.h.h.t.HelmChartContainer - [hivemq-test-hivemq-platform] [hivemq-platform-operator] [5efccdf3]   JAVA_VERSION: 21
2025-01-30 18:49:02,756 INFO c.h.h.t.HelmChartContainer - [hivemq-test-hivemq-platform] [hivemq-platform-operator] [5efccdf3] 
2025-01-30 18:49:02,756 INFO c.h.h.t.HelmChartContainer - [hivemq-test-hivemq-platform] [hivemq-platform-operator] [5efccdf3] -------------------------------------------------------------------------
2025-01-30 18:49:02,756 INFO c.h.h.t.HelmChartContainer - [hivemq-test-hivemq-platform] [hivemq-platform-operator] [5efccdf3] 
2025-01-30 18:49:05,517 INFO c.h.h.t.HelmChartContainer - [hivemq-test-hivemq-platform] [hivemq-platform-operator] [5efccdf3] 18:49:05.515 [main] DEBUG org.jboss.logging - Logging Provider: org.jboss.logging.Slf4jLoggerProvider
2025-01-30 18:49:05,620 INFO c.h.h.t.HelmChartContainer - [hivemq-test-hivemq-platform] [hivemq-platform-operator] [5efccdf3] 18:49:05.619 [main] DEBUG io.smallrye.config - SRCFG01006: Loaded ConfigSource SysPropConfigSource with ordinal 400
2025-01-30 18:49:05,620 INFO c.h.h.t.HelmChartContainer - [hivemq-test-hivemq-platform] [hivemq-platform-operator] [5efccdf3] 18:49:05.619 [main] DEBUG io.smallrye.config - SRCFG01006: Loaded ConfigSource EnvConfigSource with ordinal 300
2025-01-30 18:49:05,621 INFO c.h.h.t.HelmChartContainer - [hivemq-test-hivemq-platform] [hivemq-platform-operator] [5efccdf3] 18:49:05.619 [main] DEBUG io.smallrye.config - SRCFG01006: Loaded ConfigSource PropertiesConfigSource[source=jar:file:///opt/hivemq-platform-operator/bin/hivemq-platform-operator.jar!/hivemq-platform-operator.properties] with ordinal 100
2025-01-30 18:49:05,621 INFO c.h.h.t.HelmChartContainer - [hivemq-test-hivemq-platform] [hivemq-platform-operator] [5efccdf3] 18:49:05.619 [main] DEBUG io.smallrye.config - SRCFG01006: Loaded ConfigSource DefaultValuesConfigSource with ordinal -2147483648
2025-01-30 18:49:05,729 INFO c.h.h.t.HelmChartContainer - [hivemq-test-hivemq-platform] [hivemq-platform-operator] [5efccdf3] 18:49:05.728 [main] DEBUG i.m.c.u.i.l.InternalLoggerFactory - Using SLF4J as the default logging framework
2025-01-30 18:49:05,914 INFO c.h.h.t.HelmChartContainer - [hivemq-test-hivemq-platform] [hivemq-platform-operator] [5efccdf3] 18:49:05.906 [main] INFO  c.h.p.o.HiveMQPlatformOperatorApplication - HiveMQ Platform Operator 1.7.0-SNAPSHOT (commit: 47e3375 on branch: HEAD) built on Thu Jan 30 03:55:50 UTC 2025
2025-01-30 18:49:05,914 INFO c.h.h.t.HelmChartContainer - [hivemq-test-hivemq-platform] [hivemq-platform-operator] [5efccdf3] 18:49:05.913 [main] INFO  c.h.p.o.HiveMQPlatformOperatorApplication - HiveMQ Platform Operator is running in namespace: helmupgradeoperatorit-operator
2025-01-30 18:49:05,914 INFO c.h.h.t.HelmChartContainer - [hivemq-test-hivemq-platform] [hivemq-platform-operator] [5efccdf3] 18:49:05.913 [main] INFO  c.h.p.o.HiveMQPlatformOperatorApplication - Watching all namespaces
2025-01-30 18:49:05,914 INFO c.h.h.t.HelmChartContainer - [hivemq-test-hivemq-platform] [hivemq-platform-operator] [5efccdf3] 18:49:05.913 [main] INFO  c.h.p.o.HiveMQPlatformOperatorApplication - Log level: DEBUG
2025-01-30 18:49:05,914 INFO c.h.h.t.HelmChartContainer - [hivemq-test-hivemq-platform] [hivemq-platform-operator] [5efccdf3] 18:49:05.913 [main] INFO  c.h.p.o.HiveMQPlatformOperatorApplication - Release name: test-hivemq-platform-operator
2025-01-30 18:49:05,914 INFO c.h.h.t.HelmChartContainer - [hivemq-test-hivemq-platform] [hivemq-platform-operator] [5efccdf3] 18:49:05.913 [main] INFO  c.h.p.o.HiveMQPlatformOperatorApplication - HiveMQ Platform Operator Init image: docker.io/hivemq/hivemq-platform-operator-init-test:snapshot
2025-01-30 18:49:05,915 INFO c.h.h.t.HelmChartContainer - [hivemq-test-hivemq-platform] [hivemq-platform-operator] [5efccdf3] 18:49:05.913 [main] INFO  c.h.p.o.HiveMQPlatformOperatorApplication - HiveMQ Platform Operator Init App update URL: http://hivemq-platform-operator-test-hivemq-platform-operator.helmupgradeoperatorit-operator.svc:8080/initAppUpdate/hivemq-platform-operator-init-app-1.7.0-SNAPSHOT.jar
2025-01-30 18:49:05,915 INFO c.h.h.t.HelmChartContainer - [hivemq-test-hivemq-platform] [hivemq-platform-operator] [5efccdf3] 18:49:05.913 [main] INFO  c.h.p.o.HiveMQPlatformOperatorApplication - Additional imagePullSecret for all Platform deployments: none
2025-01-30 18:49:05,915 INFO c.h.h.t.HelmChartContainer - [hivemq-test-hivemq-platform] [hivemq-platform-operator] [5efccdf3] 18:49:05.913 [main] INFO  c.h.p.o.HiveMQPlatformOperatorApplication - Apply HiveMQ Platform CRD: true
2025-01-30 18:49:05,915 INFO c.h.h.t.HelmChartContainer - [hivemq-test-hivemq-platform] [hivemq-platform-operator] [5efccdf3] 18:49:05.913 [main] INFO  c.h.p.o.HiveMQPlatformOperatorApplication - Create Platform ServiceAccount: true
2025-01-30 18:49:05,915 INFO c.h.h.t.HelmChartContainer - [hivemq-test-hivemq-platform] [hivemq-platform-operator] [5efccdf3] 18:49:05.913 [main] INFO  c.h.p.o.HiveMQPlatformOperatorApplication - Create Platform ServiceAccount permissions: true
2025-01-30 18:49:05,915 INFO c.h.h.t.HelmChartContainer - [hivemq-test-hivemq-platform] [hivemq-platform-operator] [5efccdf3] 18:49:05.913 [main] INFO  c.h.p.o.HiveMQPlatformOperatorApplication - Validate Platform ServiceAccount: true
2025-01-30 18:49:05,916 INFO c.h.h.t.HelmChartContainer - [hivemq-test-hivemq-platform] [hivemq-platform-operator] [5efccdf3] 18:49:05.913 [main] INFO  c.h.p.o.HiveMQPlatformOperatorApplication - Validate Platform ServiceAccount permissions: true
2025-01-30 18:49:06,104 INFO c.h.h.t.HelmChartContainer - [hivemq-test-hivemq-platform] [hivemq-platform-operator] [5efccdf3] 18:49:06.103 [main] INFO  c.h.platform.operator.util.CRDUtil - Verifying deployed HiveMQ Platform CRD...
2025-01-30 18:49:08,607 INFO c.h.h.t.HelmChartContainer - [hivemq-test-hivemq-platform] [hivemq-platform-operator] [5efccdf3] 18:49:08.606 [main] DEBUG c.h.platform.operator.util.CRDUtil - HiveMQ Platform CRD version v1 is up to date
2025-01-30 18:49:08,607 INFO c.h.h.t.HelmChartContainer - [hivemq-test-hivemq-platform] [hivemq-platform-operator] [5efccdf3] 18:49:08.606 [main] INFO  c.h.platform.operator.util.CRDUtil - HiveMQ Platform CRD is up to date (version: V1_6_0)
2025-01-30 18:49:08,609 INFO c.h.h.t.HelmChartContainer - [hivemq-test-hivemq-platform] [hivemq-platform-operator] [5efccdf3] 18:49:08.606 [main] INFO  c.h.platform.operator.util.CRDUtil - Waiting 10000 ms for HiveMQ Platform CRD 'hivemq-platforms.hivemq.com' to become ready...
2025-01-30 18:49:08,816 INFO c.h.h.t.HelmChartContainer - [hivemq-test-hivemq-platform] [hivemq-platform-operator] [5efccdf3] 18:49:08.815 [vert.x-eventloop-thread-1] DEBUG c.h.platform.operator.util.CRDUtil - Checking CRD condition 'NamesAccepted' (status: 'True')
2025-01-30 18:49:08,817 INFO c.h.h.t.HelmChartContainer - [hivemq-test-hivemq-platform] [hivemq-platform-operator] [5efccdf3] 18:49:08.815 [vert.x-eventloop-thread-1] DEBUG c.h.platform.operator.util.CRDUtil - Checking CRD condition 'Established' (status: 'True')
2025-01-30 18:49:08,818 INFO c.h.h.t.HelmChartContainer - [hivemq-test-hivemq-platform] [hivemq-platform-operator] [5efccdf3] 18:49:08.816 [main] INFO  c.h.platform.operator.util.CRDUtil - HiveMQ Platform CRD 'hivemq-platforms.hivemq.com' is ready
2025-01-30 18:49:09,018 INFO c.h.h.t.HelmChartContainer - [hivemq-test-hivemq-platform] [hivemq-platform-operator] [5efccdf3] 18:49:09.017 [main] INFO  c.h.p.o.HiveMQPlatformReconciler - HiveMQ Platform Operator is starting...
2025-01-30 18:49:09,119 INFO c.h.h.t.HelmChartContainer - [hivemq-test-hivemq-platform] [hivemq-platform-operator] [5efccdf3] 18:49:09.118 [main] WARN  Default ConfigurationService implementation - Configuration for reconciler 'hivemq-controller' was not found. Known reconcilers: None.
2025-01-30 18:49:09,203 INFO c.h.h.t.HelmChartContainer - [hivemq-test-hivemq-platform] [hivemq-platform-operator] [5efccdf3] 18:49:09.203 [main] INFO  Default ConfigurationService implementation - Created configuration for reconciler com.hivemq.platform.operator.HiveMQPlatformReconciler with name hivemq-controller
2025-01-30 18:49:09,306 INFO c.h.h.t.HelmChartContainer - [hivemq-test-hivemq-platform] [hivemq-platform-operator] [5efccdf3] 18:49:09.306 [main] DEBUG c.h.p.o.HiveMQPlatformReconciler - HiveMQ Platform Operator is preparing EventSources
2025-01-30 18:49:09,321 INFO c.h.h.t.HelmChartContainer - [hivemq-test-hivemq-platform] [hivemq-platform-operator] [5efccdf3] 18:49:09.320 [main] INFO  i.javaoperatorsdk.operator.Operator - Registered reconciler: 'hivemq-controller' for resource: 'class com.hivemq.platform.operator.v1.HiveMQPlatform' for namespace(s): [all namespaces]
2025-01-30 18:49:09,916 INFO c.h.h.t.HelmChartContainer - [hivemq-test-hivemq-platform] [hivemq-platform-operator] [5efccdf3] 18:49:09.915 [main] INFO  c.h.p.operator.webserver.JettyServer - Starting Jetty server on port 8080
2025-01-30 18:49:10,013 INFO c.h.h.t.HelmChartContainer - [hivemq-test-hivemq-platform] [hivemq-platform-operator] [5efccdf3] 18:49:10.012 [main] INFO  i.javaoperatorsdk.operator.Operator - Operator SDK 4.9.7 (commit: 2133d28) built on Wed Nov 20 12:56:20 UTC 2024 starting...
2025-01-30 18:49:10,013 INFO c.h.h.t.HelmChartContainer - [hivemq-test-hivemq-platform] [hivemq-platform-operator] [5efccdf3] 18:49:10.012 [main] INFO  i.javaoperatorsdk.operator.Operator - Client version: 6.13.5
2025-01-30 18:49:10,014 INFO c.h.h.t.HelmChartContainer - [hivemq-test-hivemq-platform] [hivemq-platform-operator] [5efccdf3] 18:49:10.013 [Controller Starter for: hivemq-controller] INFO  i.j.operator.processing.Controller - Starting 'hivemq-controller' controller for reconciler: com.hivemq.platform.operator.HiveMQPlatformReconciler, resource: com.hivemq.platform.operator.v1.HiveMQPlatform
2025-01-30 18:49:12,110 INFO c.h.h.t.HelmChartContainer - [hivemq-test-hivemq-platform] [hivemq-platform-operator] [5efccdf3] 18:49:12.108 [Controller Starter for: hivemq-controller] INFO  i.j.operator.processing.Controller - 'hivemq-controller' controller started
2025-01-30 18:49:12,110 INFO c.h.h.t.HelmChartContainer - [hivemq-test-hivemq-platform] [hivemq-platform-operator] [5efccdf3] 18:49:12.109 [main] INFO  c.h.p.o.HiveMQPlatformOperatorApplication - HiveMQ Platform Operator 1.7.0-SNAPSHOT started in 6202 ms
2025-01-30 18:49:13,754 INFO c.h.h.t.HelmChartContainer - [POD] hivemq-test-hivemq-platform-operator-6966f96d65-rnzlx [5efccdf3-a9ed-48c1-afa4-9c024848d66c] in helmupgradeoperatorit-operator was MODIFIED
2025-01-30 18:49:13,760 INFO c.h.h.t.HelmChartContainer - [K3S] [replica_set.go:679] "Finished syncing" kind="ReplicaSet" key="helmupgradeoperatorit-operator/hivemq-test-hivemq-platform-operator-6966f96d65" duration="8.063172ms"
2025-01-30 18:49:13,760 INFO c.h.h.t.HelmChartContainer - [K3S] [replica_set.go:679] "Finished syncing" kind="ReplicaSet" key="helmupgradeoperatorit-operator/hivemq-test-hivemq-platform-operator-6966f96d65" duration="33.953µs"
2025-01-30 18:49:14,663 DEBUG c.h.h.operator.HelmUpgradeOperatorIT - Operator deployed successfully
2025-01-30 18:49:14,730 DEBUG c.h.h.t.HelmChartContainer - Executing helm command: /bin/helm --kubeconfig /etc/rancher/k3s/k3s.yaml upgrade test-hivemq-platform-operator /charts/hivemq-platform-operator --wait --timeout 5m0s --set image.repository=docker.io/hivemq --set image.name=hivemq-platform-operator-test --set image.initImageName=hivemq-platform-operator-init-test --set image.tag=snapshot --set image.pullPolicy=Never --set logLevel=DEBUG --set resources.cpu=512m --set http.port=8081 --namespace helmupgradeoperatorit-operator
2025-01-30 18:49:15,170 INFO c.h.h.t.HelmChartContainer - [EVENT] Normal [ScalingReplicaSet] Scaled down replica set hivemq-test-hivemq-platform-operator-6966f96d65 from 1 to 0 [helmupgradeoperatorit-operator:hivemq-test-hivemq-platform-operator]
2025-01-30 18:49:15,175 INFO c.h.h.t.HelmChartContainer - [EVENT] Normal [SuccessfulDelete] Deleted pod: hivemq-test-hivemq-platform-operator-6966f96d65-rnzlx [helmupgradeoperatorit-operator:hivemq-test-hivemq-platform-operator-6966f96d65]
2025-01-30 18:49:15,175 INFO c.h.h.t.HelmChartContainer - [POD] hivemq-test-hivemq-platform-operator-6966f96d65-rnzlx [5efccdf3-a9ed-48c1-afa4-9c024848d66c] in helmupgradeoperatorit-operator was MODIFIED
2025-01-30 18:49:15,181 INFO c.h.h.t.HelmChartContainer - [K3S] [replica_set.go:679] "Finished syncing" kind="ReplicaSet" key="helmupgradeoperatorit-operator/hivemq-test-hivemq-platform-operator-6966f96d65" duration="14.360417ms"
2025-01-30 18:49:15,188 INFO c.h.h.t.HelmChartContainer - [EVENT] Normal [Killing] Stopping container hivemq-platform-operator [helmupgradeoperatorit-operator:hivemq-test-hivemq-platform-operator-6966f96d65-rnzlx]
2025-01-30 18:49:15,188 INFO c.h.h.t.HelmChartContainer - Received Killing event for container hivemq-platform-operator in pod hivemq-test-hivemq-platform-operator-6966f96d65-rnzlx [5efccdf3-a9ed-48c1-afa4-9c024848d66c]
2025-01-30 18:49:15,188 INFO c.h.h.t.HelmChartContainer - Container [hivemq-test-hivemq-platform-operator-6966f96d65-rnzlx] [hivemq-platform-operator] [5efccdf3-a9ed-48c1-afa4-9c024848d66c] was terminated
2025-01-30 18:49:15,188 INFO c.h.h.t.HelmChartContainer - Stopped log watcher for hivemq-platform-operator in pod hivemq-test-hivemq-platform-operator-6966f96d65-rnzlx [5efccdf3-a9ed-48c1-afa4-9c024848d66c]
2025-01-30 18:49:15,190 INFO c.h.h.t.HelmChartContainer - [K3S] [replica_set.go:679] "Finished syncing" kind="ReplicaSet" key="helmupgradeoperatorit-operator/hivemq-test-hivemq-platform-operator-6966f96d65" duration="8.561189ms"
2025-01-30 18:49:15,190 INFO c.h.h.t.HelmChartContainer - [K3S] [replica_set.go:679] "Finished syncing" kind="ReplicaSet" key="helmupgradeoperatorit-operator/hivemq-test-hivemq-platform-operator-6966f96d65" duration="32.17µs"
2025-01-30 18:49:15,202 INFO c.h.h.t.HelmChartContainer - [hivemq-test-hivemq-platform] [hivemq-platform-operator] [5efccdf3] 18:49:15.201 [application-shutdown-thread] INFO  c.h.p.o.HiveMQPlatformOperatorApplication - HiveMQ Platform Operator is stopping...
2025-01-30 18:49:15,202 INFO c.h.h.t.HelmChartContainer - [hivemq-test-hivemq-platform] [hivemq-platform-operator] [5efccdf3] 18:49:15.201 [application-shutdown-thread] INFO  i.javaoperatorsdk.operator.Operator - Operator SDK 4.9.7 is shutting down...
2025-01-30 18:49:16,387 INFO c.h.h.t.HelmChartContainer - [K3S] [replica_set.go:679] "Finished syncing" kind="ReplicaSet" key="helmupgradeoperatorit-operator/hivemq-test-hivemq-platform-operator-6966f96d65" duration="44.343µs"
2025-01-30 18:49:16,388 INFO c.h.h.t.HelmChartContainer - [POD] hivemq-test-hivemq-platform-operator-6966f96d65-rnzlx [5efccdf3-a9ed-48c1-afa4-9c024848d66c] in helmupgradeoperatorit-operator was MODIFIED
2025-01-30 18:49:16,435 INFO c.h.h.t.HelmChartContainer - [K3S] [reconciler_common.go:162] "operationExecutor.UnmountVolume started for volume \"kube-api-access-f6wnx\" (UniqueName: \"kubernetes.io/projected/5efccdf3-a9ed-48c1-afa4-9c024848d66c-kube-api-access-f6wnx\") pod \"5efccdf3-a9ed-48c1-afa4-9c024848d66c\" (UID: \"5efccdf3-a9ed-48c1-afa4-9c024848d66c\") "
2025-01-30 18:49:16,535 INFO c.h.h.t.HelmChartContainer - [K3S] [reconciler_common.go:299] "Volume detached for volume \"kube-api-access-f6wnx\" (UniqueName: \"kubernetes.io/projected/5efccdf3-a9ed-48c1-afa4-9c024848d66c-kube-api-access-f6wnx\") on node \"90fa49e9dab5\" DevicePath \"\""
2025-01-30 18:49:16,761 INFO c.h.h.t.HelmChartContainer - [K3S] [scope.go:117] "RemoveContainer" containerID="a31c8aa811b3f0c84cceb48082f978a7378bce847bd025c6708c8dc3db4b0182"
2025-01-30 18:49:16,764 INFO c.h.h.t.HelmChartContainer - [K3S] [scope.go:117] "RemoveContainer" containerID="a31c8aa811b3f0c84cceb48082f978a7378bce847bd025c6708c8dc3db4b0182"
2025-01-30 18:49:16,773 INFO c.h.h.t.HelmChartContainer - [K3S] [replica_set.go:679] "Finished syncing" kind="ReplicaSet" key="helmupgradeoperatorit-operator/hivemq-test-hivemq-platform-operator-6966f96d65" duration="41.707µs"
2025-01-30 18:49:16,774 INFO c.h.h.t.HelmChartContainer - [POD] hivemq-test-hivemq-platform-operator-6966f96d65-rnzlx [5efccdf3-a9ed-48c1-afa4-9c024848d66c] in helmupgradeoperatorit-operator was MODIFIED
2025-01-30 18:49:16,775 INFO c.h.h.t.HelmChartContainer - [K3S] [replica_set.go:679] "Finished syncing" kind="ReplicaSet" key="helmupgradeoperatorit-operator/hivemq-test-hivemq-platform-operator-6966f96d65" duration="32.821µs"
2025-01-30 18:49:16,776 INFO c.h.h.t.HelmChartContainer - [POD] hivemq-test-hivemq-platform-operator-6966f96d65-rnzlx [5efccdf3-a9ed-48c1-afa4-9c024848d66c] in helmupgradeoperatorit-operator was DELETED
2025-01-30 18:49:16,785 INFO c.h.h.t.HelmChartContainer - [EVENT] Normal [ScalingReplicaSet] Scaled up replica set hivemq-test-hivemq-platform-operator-56497fff47 from 0 to 1 [helmupgradeoperatorit-operator:hivemq-test-hivemq-platform-operator]
2025-01-30 18:49:16,789 INFO c.h.h.t.HelmChartContainer - [POD] hivemq-test-hivemq-platform-operator-56497fff47-zxrr4 [fc4eee00-8bc4-44e6-b1af-9ae11cb543c6] in helmupgradeoperatorit-operator was ADDED
2025-01-30 18:49:16,790 INFO c.h.h.t.HelmChartContainer - [EVENT] Normal [SuccessfulCreate] Created pod: hivemq-test-hivemq-platform-operator-56497fff47-zxrr4 [helmupgradeoperatorit-operator:hivemq-test-hivemq-platform-operator-56497fff47]
2025-01-30 18:49:16,793 INFO c.h.h.t.HelmChartContainer - [K3S] [replica_set.go:679] "Finished syncing" kind="ReplicaSet" key="helmupgradeoperatorit-operator/hivemq-test-hivemq-platform-operator-56497fff47" duration="11.742481ms"
2025-01-30 18:49:16,798 INFO c.h.h.t.HelmChartContainer - [K3S] [replica_set.go:679] "Finished syncing" kind="ReplicaSet" key="helmupgradeoperatorit-operator/hivemq-test-hivemq-platform-operator-56497fff47" duration="5.485325ms"
2025-01-30 18:49:16,800 INFO c.h.h.t.HelmChartContainer - [K3S] [memory_manager.go:355] "RemoveStaleState removing state" podUID="5efccdf3-a9ed-48c1-afa4-9c024848d66c" containerName="hivemq-platform-operator"
2025-01-30 18:49:16,802 INFO c.h.h.t.HelmChartContainer - [POD] hivemq-test-hivemq-platform-operator-56497fff47-zxrr4 [fc4eee00-8bc4-44e6-b1af-9ae11cb543c6] in helmupgradeoperatorit-operator was MODIFIED
2025-01-30 18:49:16,806 INFO c.h.h.t.HelmChartContainer - [EVENT] Normal [Scheduled] Successfully assigned helmupgradeoperatorit-operator/hivemq-test-hivemq-platform-operator-56497fff47-zxrr4 to 90fa49e9dab5 [helmupgradeoperatorit-operator:hivemq-test-hivemq-platform-operator-56497fff47-zxrr4]
2025-01-30 18:49:16,816 INFO c.h.h.t.HelmChartContainer - [K3S] [replica_set.go:679] "Finished syncing" kind="ReplicaSet" key="helmupgradeoperatorit-operator/hivemq-test-hivemq-platform-operator-56497fff47" duration="14.995828ms"
2025-01-30 18:49:16,816 INFO c.h.h.t.HelmChartContainer - [K3S] [replica_set.go:679] "Finished syncing" kind="ReplicaSet" key="helmupgradeoperatorit-operator/hivemq-test-hivemq-platform-operator-56497fff47" duration="37.861µs"
2025-01-30 18:49:16,816 INFO c.h.h.t.HelmChartContainer - [K3S] [replica_set.go:679] "Finished syncing" kind="ReplicaSet" key="helmupgradeoperatorit-operator/hivemq-test-hivemq-platform-operator-56497fff47" duration="30.958µs"
2025-01-30 18:49:16,817 INFO c.h.h.t.HelmChartContainer - [POD] hivemq-test-hivemq-platform-operator-56497fff47-zxrr4 [fc4eee00-8bc4-44e6-b1af-9ae11cb543c6] in helmupgradeoperatorit-operator was MODIFIED
2025-01-30 18:49:16,837 INFO c.h.h.t.HelmChartContainer - [K3S] [reconciler_common.go:251] "operationExecutor.VerifyControllerAttachedVolume started for volume \"kube-api-access-r78j2\" (UniqueName: \"kubernetes.io/projected/fc4eee00-8bc4-44e6-b1af-9ae11cb543c6-kube-api-access-r78j2\") pod \"hivemq-test-hivemq-platform-operator-56497fff47-zxrr4\" (UID: \"fc4eee00-8bc4-44e6-b1af-9ae11cb543c6\") " pod="helmupgradeoperatorit-operator/hivemq-test-hivemq-platform-operator-56497fff47-zxrr4"
2025-01-30 18:49:16,990 INFO c.h.h.t.HelmChartContainer - [K3S] [kubelet_volumes.go:163] "Cleaned up orphaned pod volumes dir" podUID="5efccdf3-a9ed-48c1-afa4-9c024848d66c" path="/var/lib/kubelet/pods/5efccdf3-a9ed-48c1-afa4-9c024848d66c/volumes"
2025-01-30 18:49:17,195 INFO c.h.h.t.HelmChartContainer - [EVENT] Normal [Pulled] Container image "docker.io/hivemq/hivemq-platform-operator-test:snapshot" already present on machine [helmupgradeoperatorit-operator:hivemq-test-hivemq-platform-operator-56497fff47-zxrr4]
2025-01-30 18:49:17,195 INFO c.h.h.t.HelmChartContainer - Received Pulled event for container hivemq-platform-operator in pod hivemq-test-hivemq-platform-operator-56497fff47-zxrr4 [fc4eee00-8bc4-44e6-b1af-9ae11cb543c6]
2025-01-30 18:49:17,198 INFO c.h.h.t.HelmChartContainer - [EVENT] Normal [Created] Created container: hivemq-platform-operator [helmupgradeoperatorit-operator:hivemq-test-hivemq-platform-operator-56497fff47-zxrr4]
2025-01-30 18:49:17,198 INFO c.h.h.t.HelmChartContainer - Received Created event for container hivemq-platform-operator in pod hivemq-test-hivemq-platform-operator-56497fff47-zxrr4 [fc4eee00-8bc4-44e6-b1af-9ae11cb543c6]
2025-01-30 18:49:17,777 INFO c.h.h.t.HelmChartContainer - [POD] hivemq-test-hivemq-platform-operator-56497fff47-zxrr4 [fc4eee00-8bc4-44e6-b1af-9ae11cb543c6] in helmupgradeoperatorit-operator was MODIFIED
2025-01-30 18:49:17,777 INFO c.h.h.t.HelmChartContainer - [K3S] [replica_set.go:679] "Finished syncing" kind="ReplicaSet" key="helmupgradeoperatorit-operator/hivemq-test-hivemq-platform-operator-56497fff47" duration="39.413µs"
2025-01-30 18:49:17,782 INFO c.h.h.t.HelmChartContainer - Started log watcher for hivemq-platform-operator in pod hivemq-test-hivemq-platform-operator-56497fff47-zxrr4 [fc4eee00-8bc4-44e6-b1af-9ae11cb543c6]
2025-01-30 18:49:17,782 INFO c.h.h.t.HelmChartContainer - [EVENT] Normal [Started] Started container hivemq-platform-operator [helmupgradeoperatorit-operator:hivemq-test-hivemq-platform-operator-56497fff47-zxrr4]
2025-01-30 18:49:17,782 INFO c.h.h.t.HelmChartContainer - Received Started event for container hivemq-platform-operator in pod hivemq-test-hivemq-platform-operator-56497fff47-zxrr4 [fc4eee00-8bc4-44e6-b1af-9ae11cb543c6]
2025-01-30 18:49:17,783 INFO c.h.h.t.HelmChartContainer - [hivemq-test-hivemq-platform] [hivemq-platform-operator] [fc4eee00] -------------------------------------------------------------------------
2025-01-30 18:49:17,783 INFO c.h.h.t.HelmChartContainer - [hivemq-test-hivemq-platform] [hivemq-platform-operator] [fc4eee00] 
2025-01-30 18:49:17,783 INFO c.h.h.t.HelmChartContainer - [hivemq-test-hivemq-platform] [hivemq-platform-operator] [fc4eee00]                   _    _  _              __  __   ____
2025-01-30 18:49:17,783 INFO c.h.h.t.HelmChartContainer - [hivemq-test-hivemq-platform] [hivemq-platform-operator] [fc4eee00]                  | |  | |(_)            |  \/  | / __ \
2025-01-30 18:49:17,783 INFO c.h.h.t.HelmChartContainer - [hivemq-test-hivemq-platform] [hivemq-platform-operator] [fc4eee00]                  | |__| | _ __   __ ___ | \  / || |  | |
2025-01-30 18:49:17,783 INFO c.h.h.t.HelmChartContainer - [hivemq-test-hivemq-platform] [hivemq-platform-operator] [fc4eee00]                  |  __  || |\ \ / // _ \| |\/| || |  | |
2025-01-30 18:49:17,783 INFO c.h.h.t.HelmChartContainer - [hivemq-test-hivemq-platform] [hivemq-platform-operator] [fc4eee00]                  | |  | || | \ V /|  __/| |  | || |__| |
2025-01-30 18:49:17,783 INFO c.h.h.t.HelmChartContainer - [hivemq-test-hivemq-platform] [hivemq-platform-operator] [fc4eee00]                  |_|  |_||_|  \_/  \___||_|  |_| \___\_\
2025-01-30 18:49:17,783 INFO c.h.h.t.HelmChartContainer - [hivemq-test-hivemq-platform] [hivemq-platform-operator] [fc4eee00] 
2025-01-30 18:49:17,783 INFO c.h.h.t.HelmChartContainer - [hivemq-test-hivemq-platform] [hivemq-platform-operator] [fc4eee00] -------------------------------------------------------------------------
2025-01-30 18:49:17,783 INFO c.h.h.t.HelmChartContainer - [hivemq-test-hivemq-platform] [hivemq-platform-operator] [fc4eee00] 
2025-01-30 18:49:17,783 INFO c.h.h.t.HelmChartContainer - [hivemq-test-hivemq-platform] [hivemq-platform-operator] [fc4eee00]   HiveMQ Platform Operator Start Script v1.0
2025-01-30 18:49:17,783 INFO c.h.h.t.HelmChartContainer - [hivemq-test-hivemq-platform] [hivemq-platform-operator] [fc4eee00] 
2025-01-30 18:49:17,783 INFO c.h.h.t.HelmChartContainer - [hivemq-test-hivemq-platform] [hivemq-platform-operator] [fc4eee00] -------------------------------------------------------------------------
2025-01-30 18:49:17,783 INFO c.h.h.t.HelmChartContainer - [hivemq-test-hivemq-platform] [hivemq-platform-operator] [fc4eee00] 
2025-01-30 18:49:17,783 INFO c.h.h.t.HelmChartContainer - [hivemq-test-hivemq-platform] [hivemq-platform-operator] [fc4eee00]   JAVA_OPTS: -XX:+UnlockExperimentalVMOptions -XX:InitialRAMPercentage=75 -XX:MaxRAMPercentage=75 -Duser.language=en -Duser.region=US
2025-01-30 18:49:17,783 INFO c.h.h.t.HelmChartContainer - [hivemq-test-hivemq-platform] [hivemq-platform-operator] [fc4eee00] 
2025-01-30 18:49:17,783 INFO c.h.h.t.HelmChartContainer - [hivemq-test-hivemq-platform] [hivemq-platform-operator] [fc4eee00]   JAVA_VERSION: 21
2025-01-30 18:49:17,783 INFO c.h.h.t.HelmChartContainer - [hivemq-test-hivemq-platform] [hivemq-platform-operator] [fc4eee00] 
2025-01-30 18:49:17,783 INFO c.h.h.t.HelmChartContainer - [hivemq-test-hivemq-platform] [hivemq-platform-operator] [fc4eee00] -------------------------------------------------------------------------
2025-01-30 18:49:17,783 INFO c.h.h.t.HelmChartContainer - [hivemq-test-hivemq-platform] [hivemq-platform-operator] [fc4eee00] 
2025-01-30 18:49:20,434 INFO c.h.h.t.HelmChartContainer - [hivemq-test-hivemq-platform] [hivemq-platform-operator] [fc4eee00] 18:49:20.352 [main] DEBUG org.jboss.logging - Logging Provider: org.jboss.logging.Slf4jLoggerProvider
2025-01-30 18:49:20,537 INFO c.h.h.t.HelmChartContainer - [hivemq-test-hivemq-platform] [hivemq-platform-operator] [fc4eee00] 18:49:20.536 [main] DEBUG io.smallrye.config - SRCFG01006: Loaded ConfigSource SysPropConfigSource with ordinal 400
2025-01-30 18:49:20,537 INFO c.h.h.t.HelmChartContainer - [hivemq-test-hivemq-platform] [hivemq-platform-operator] [fc4eee00] 18:49:20.536 [main] DEBUG io.smallrye.config - SRCFG01006: Loaded ConfigSource EnvConfigSource with ordinal 300
2025-01-30 18:49:20,538 INFO c.h.h.t.HelmChartContainer - [hivemq-test-hivemq-platform] [hivemq-platform-operator] [fc4eee00] 18:49:20.536 [main] DEBUG io.smallrye.config - SRCFG01006: Loaded ConfigSource PropertiesConfigSource[source=jar:file:///opt/hivemq-platform-operator/bin/hivemq-platform-operator.jar!/hivemq-platform-operator.properties] with ordinal 100
2025-01-30 18:49:20,538 INFO c.h.h.t.HelmChartContainer - [hivemq-test-hivemq-platform] [hivemq-platform-operator] [fc4eee00] 18:49:20.537 [main] DEBUG io.smallrye.config - SRCFG01006: Loaded ConfigSource DefaultValuesConfigSource with ordinal -2147483648
2025-01-30 18:49:20,645 INFO c.h.h.t.HelmChartContainer - [hivemq-test-hivemq-platform] [hivemq-platform-operator] [fc4eee00] 18:49:20.644 [main] DEBUG i.m.c.u.i.l.InternalLoggerFactory - Using SLF4J as the default logging framework
2025-01-30 18:49:20,757 INFO c.h.h.t.HelmChartContainer - [hivemq-test-hivemq-platform] [hivemq-platform-operator] [fc4eee00] 18:49:20.749 [main] INFO  c.h.p.o.HiveMQPlatformOperatorApplication - HiveMQ Platform Operator 1.7.0-SNAPSHOT (commit: 47e3375 on branch: HEAD) built on Thu Jan 30 03:55:50 UTC 2025
2025-01-30 18:49:20,758 INFO c.h.h.t.HelmChartContainer - [hivemq-test-hivemq-platform] [hivemq-platform-operator] [fc4eee00] 18:49:20.757 [main] INFO  c.h.p.o.HiveMQPlatformOperatorApplication - HiveMQ Platform Operator is running in namespace: helmupgradeoperatorit-operator
2025-01-30 18:49:20,758 INFO c.h.h.t.HelmChartContainer - [hivemq-test-hivemq-platform] [hivemq-platform-operator] [fc4eee00] 18:49:20.757 [main] INFO  c.h.p.o.HiveMQPlatformOperatorApplication - Watching all namespaces
2025-01-30 18:49:20,758 INFO c.h.h.t.HelmChartContainer - [hivemq-test-hivemq-platform] [hivemq-platform-operator] [fc4eee00] 18:49:20.757 [main] INFO  c.h.p.o.HiveMQPlatformOperatorApplication - Log level: DEBUG
2025-01-30 18:49:20,834 INFO c.h.h.t.HelmChartContainer - [hivemq-test-hivemq-platform] [hivemq-platform-operator] [fc4eee00] 18:49:20.757 [main] INFO  c.h.p.o.HiveMQPlatformOperatorApplication - Release name: test-hivemq-platform-operator
2025-01-30 18:49:20,834 INFO c.h.h.t.HelmChartContainer - [hivemq-test-hivemq-platform] [hivemq-platform-operator] [fc4eee00] 18:49:20.832 [main] INFO  c.h.p.o.HiveMQPlatformOperatorApplication - HiveMQ Platform Operator Init image: docker.io/hivemq/hivemq-platform-operator-init-test:snapshot
2025-01-30 18:49:20,834 INFO c.h.h.t.HelmChartContainer - [hivemq-test-hivemq-platform] [hivemq-platform-operator] [fc4eee00] 18:49:20.833 [main] INFO  c.h.p.o.HiveMQPlatformOperatorApplication - HiveMQ Platform Operator Init App update URL: http://hivemq-platform-operator-test-hivemq-platform-operator.helmupgradeoperatorit-operator.svc:8081/initAppUpdate/hivemq-platform-operator-init-app-1.7.0-SNAPSHOT.jar
2025-01-30 18:49:20,834 INFO c.h.h.t.HelmChartContainer - [hivemq-test-hivemq-platform] [hivemq-platform-operator] [fc4eee00] 18:49:20.833 [main] INFO  c.h.p.o.HiveMQPlatformOperatorApplication - Additional imagePullSecret for all Platform deployments: none
2025-01-30 18:49:20,834 INFO c.h.h.t.HelmChartContainer - [hivemq-test-hivemq-platform] [hivemq-platform-operator] [fc4eee00] 18:49:20.833 [main] INFO  c.h.p.o.HiveMQPlatformOperatorApplication - Apply HiveMQ Platform CRD: true
2025-01-30 18:49:20,834 INFO c.h.h.t.HelmChartContainer - [hivemq-test-hivemq-platform] [hivemq-platform-operator] [fc4eee00] 18:49:20.833 [main] INFO  c.h.p.o.HiveMQPlatformOperatorApplication - Create Platform ServiceAccount: true
2025-01-30 18:49:20,834 INFO c.h.h.t.HelmChartContainer - [hivemq-test-hivemq-platform] [hivemq-platform-operator] [fc4eee00] 18:49:20.833 [main] INFO  c.h.p.o.HiveMQPlatformOperatorApplication - Create Platform ServiceAccount permissions: true
2025-01-30 18:49:20,834 INFO c.h.h.t.HelmChartContainer - [hivemq-test-hivemq-platform] [hivemq-platform-operator] [fc4eee00] 18:49:20.833 [main] INFO  c.h.p.o.HiveMQPlatformOperatorApplication - Validate Platform ServiceAccount: true
2025-01-30 18:49:20,834 INFO c.h.h.t.HelmChartContainer - [hivemq-test-hivemq-platform] [hivemq-platform-operator] [fc4eee00] 18:49:20.833 [main] INFO  c.h.p.o.HiveMQPlatformOperatorApplication - Validate Platform ServiceAccount permissions: true
2025-01-30 18:49:20,847 INFO c.h.h.t.HelmChartContainer - [hivemq-test-hivemq-platform] [hivemq-platform-operator] [fc4eee00] 18:49:20.847 [main] INFO  c.h.platform.operator.util.CRDUtil - Verifying deployed HiveMQ Platform CRD...
2025-01-30 18:49:23,349 INFO c.h.h.t.HelmChartContainer - [hivemq-test-hivemq-platform] [hivemq-platform-operator] [fc4eee00] 18:49:23.348 [main] DEBUG c.h.platform.operator.util.CRDUtil - HiveMQ Platform CRD version v1 is up to date
2025-01-30 18:49:23,349 INFO c.h.h.t.HelmChartContainer - [hivemq-test-hivemq-platform] [hivemq-platform-operator] [fc4eee00] 18:49:23.348 [main] INFO  c.h.platform.operator.util.CRDUtil - HiveMQ Platform CRD is up to date (version: V1_6_0)
2025-01-30 18:49:23,349 INFO c.h.h.t.HelmChartContainer - [hivemq-test-hivemq-platform] [hivemq-platform-operator] [fc4eee00] 18:49:23.348 [main] INFO  c.h.platform.operator.util.CRDUtil - Waiting 10000 ms for HiveMQ Platform CRD 'hivemq-platforms.hivemq.com' to become ready...
2025-01-30 18:49:23,734 INFO c.h.h.t.HelmChartContainer - [hivemq-test-hivemq-platform] [hivemq-platform-operator] [fc4eee00] 18:49:23.733 [vert.x-eventloop-thread-1] DEBUG c.h.platform.operator.util.CRDUtil - Checking CRD condition 'NamesAccepted' (status: 'True')
2025-01-30 18:49:23,736 INFO c.h.h.t.HelmChartContainer - [hivemq-test-hivemq-platform] [hivemq-platform-operator] [fc4eee00] 18:49:23.733 [vert.x-eventloop-thread-1] DEBUG c.h.platform.operator.util.CRDUtil - Checking CRD condition 'Established' (status: 'True')
2025-01-30 18:49:23,736 INFO c.h.h.t.HelmChartContainer - [hivemq-test-hivemq-platform] [hivemq-platform-operator] [fc4eee00] 18:49:23.734 [main] INFO  c.h.platform.operator.util.CRDUtil - HiveMQ Platform CRD 'hivemq-platforms.hivemq.com' is ready
2025-01-30 18:49:23,852 INFO c.h.h.t.HelmChartContainer - [hivemq-test-hivemq-platform] [hivemq-platform-operator] [fc4eee00] 18:49:23.851 [main] INFO  c.h.p.o.HiveMQPlatformReconciler - HiveMQ Platform Operator is starting...
2025-01-30 18:49:23,997 INFO c.h.h.t.HelmChartContainer - [hivemq-test-hivemq-platform] [hivemq-platform-operator] [fc4eee00] 18:49:23.997 [main] WARN  Default ConfigurationService implementation - Configuration for reconciler 'hivemq-controller' was not found. Known reconcilers: None.
2025-01-30 18:49:24,040 INFO c.h.h.t.HelmChartContainer - [hivemq-test-hivemq-platform] [hivemq-platform-operator] [fc4eee00] 18:49:24.040 [main] INFO  Default ConfigurationService implementation - Created configuration for reconciler com.hivemq.platform.operator.HiveMQPlatformReconciler with name hivemq-controller
2025-01-30 18:49:24,145 INFO c.h.h.t.HelmChartContainer - [hivemq-test-hivemq-platform] [hivemq-platform-operator] [fc4eee00] 18:49:24.144 [main] DEBUG c.h.p.o.HiveMQPlatformReconciler - HiveMQ Platform Operator is preparing EventSources
2025-01-30 18:49:24,234 INFO c.h.h.t.HelmChartContainer - [hivemq-test-hivemq-platform] [hivemq-platform-operator] [fc4eee00] 18:49:24.233 [main] INFO  i.javaoperatorsdk.operator.Operator - Registered reconciler: 'hivemq-controller' for resource: 'class com.hivemq.platform.operator.v1.HiveMQPlatform' for namespace(s): [all namespaces]
2025-01-30 18:49:24,744 INFO c.h.h.t.HelmChartContainer - [hivemq-test-hivemq-platform] [hivemq-platform-operator] [fc4eee00] 18:49:24.743 [main] INFO  c.h.p.operator.webserver.JettyServer - Starting Jetty server on port 8081
2025-01-30 18:49:24,840 INFO c.h.h.t.HelmChartContainer - [hivemq-test-hivemq-platform] [hivemq-platform-operator] [fc4eee00] 18:49:24.839 [main] INFO  i.javaoperatorsdk.operator.Operator - Operator SDK 4.9.7 (commit: 2133d28) built on Wed Nov 20 12:56:20 UTC 2024 starting...
2025-01-30 18:49:24,840 INFO c.h.h.t.HelmChartContainer - [hivemq-test-hivemq-platform] [hivemq-platform-operator] [fc4eee00] 18:49:24.839 [main] INFO  i.javaoperatorsdk.operator.Operator - Client version: 6.13.5
2025-01-30 18:49:24,841 INFO c.h.h.t.HelmChartContainer - [hivemq-test-hivemq-platform] [hivemq-platform-operator] [fc4eee00] 18:49:24.841 [Controller Starter for: hivemq-controller] INFO  i.j.operator.processing.Controller - Starting 'hivemq-controller' controller for reconciler: com.hivemq.platform.operator.HiveMQPlatformReconciler, resource: com.hivemq.platform.operator.v1.HiveMQPlatform
2025-01-30 18:49:27,034 INFO c.h.h.t.HelmChartContainer - [hivemq-test-hivemq-platform] [hivemq-platform-operator] [fc4eee00] 18:49:27.033 [Controller Starter for: hivemq-controller] INFO  i.j.operator.processing.Controller - 'hivemq-controller' controller started
2025-01-30 18:49:27,035 INFO c.h.h.t.HelmChartContainer - [hivemq-test-hivemq-platform] [hivemq-platform-operator] [fc4eee00] 18:49:27.034 [main] INFO  c.h.p.o.HiveMQPlatformOperatorApplication - HiveMQ Platform Operator 1.7.0-SNAPSHOT started in 6284 ms
2025-01-30 18:49:28,783 INFO c.h.h.t.HelmChartContainer - [POD] hivemq-test-hivemq-platform-operator-56497fff47-zxrr4 [fc4eee00-8bc4-44e6-b1af-9ae11cb543c6] in helmupgradeoperatorit-operator was MODIFIED
2025-01-30 18:49:28,800 INFO c.h.h.t.HelmChartContainer - [K3S] [replica_set.go:679] "Finished syncing" kind="ReplicaSet" key="helmupgradeoperatorit-operator/hivemq-test-hivemq-platform-operator-56497fff47" duration="16.176749ms"
2025-01-30 18:49:28,801 INFO c.h.h.t.HelmChartContainer - [K3S] [replica_set.go:679] "Finished syncing" kind="ReplicaSet" key="helmupgradeoperatorit-operator/hivemq-test-hivemq-platform-operator-56497fff47" duration="70.451µs"
2025-01-30 18:49:29,277 INFO c.h.h.t.HelmChartContainer - Uninstalling release 'test-hivemq-platform-operator' in namespace 'helmupgradeoperatorit-operator'...
2025-01-30 18:49:29,277 DEBUG c.h.h.t.HelmChartContainer - Executing helm command: /bin/helm --kubeconfig /etc/rancher/k3s/k3s.yaml uninstall test-hivemq-platform-operator  --wait --timeout 5m0s --cascade foreground --namespace helmupgradeoperatorit-operator
2025-01-30 18:49:29,458 INFO c.h.h.t.HelmChartContainer - [K3S] [replica_set.go:679] "Finished syncing" kind="ReplicaSet" key="helmupgradeoperatorit-operator/hivemq-test-hivemq-platform-operator-6966f96d65" duration="4.769µs"
2025-01-30 18:49:29,464 INFO c.h.h.t.HelmChartContainer - [K3S] [replica_set.go:679] "Finished syncing" kind="ReplicaSet" key="helmupgradeoperatorit-operator/hivemq-test-hivemq-platform-operator-56497fff47" duration="10.918485ms"
2025-01-30 18:49:29,464 INFO c.h.h.t.HelmChartContainer - [K3S] [replica_set.go:679] "Finished syncing" kind="ReplicaSet" key="helmupgradeoperatorit-operator/hivemq-test-hivemq-platform-operator-56497fff47" duration="31.129µs"
2025-01-30 18:49:29,479 INFO c.h.h.t.HelmChartContainer - [POD] hivemq-test-hivemq-platform-operator-56497fff47-zxrr4 [fc4eee00-8bc4-44e6-b1af-9ae11cb543c6] in helmupgradeoperatorit-operator was MODIFIED
2025-01-30 18:49:29,491 INFO c.h.h.t.HelmChartContainer - [EVENT] Normal [Killing] Stopping container hivemq-platform-operator [helmupgradeoperatorit-operator:hivemq-test-hivemq-platform-operator-56497fff47-zxrr4]
2025-01-30 18:49:29,491 INFO c.h.h.t.HelmChartContainer - Received Killing event for container hivemq-platform-operator in pod hivemq-test-hivemq-platform-operator-56497fff47-zxrr4 [fc4eee00-8bc4-44e6-b1af-9ae11cb543c6]
2025-01-30 18:49:29,491 INFO c.h.h.t.HelmChartContainer - Container [hivemq-test-hivemq-platform-operator-56497fff47-zxrr4] [hivemq-platform-operator] [fc4eee00-8bc4-44e6-b1af-9ae11cb543c6] was terminated
2025-01-30 18:49:29,491 INFO c.h.h.t.HelmChartContainer - Stopped log watcher for hivemq-platform-operator in pod hivemq-test-hivemq-platform-operator-56497fff47-zxrr4 [fc4eee00-8bc4-44e6-b1af-9ae11cb543c6]
2025-01-30 18:49:29,493 INFO c.h.h.t.HelmChartContainer - [K3S] [replica_set.go:679] "Finished syncing" kind="ReplicaSet" key="helmupgradeoperatorit-operator/hivemq-test-hivemq-platform-operator-56497fff47" duration="14.319475ms"
2025-01-30 18:49:29,497 INFO c.h.h.t.HelmChartContainer - [K3S] [replica_set.go:679] "Finished syncing" kind="ReplicaSet" key="helmupgradeoperatorit-operator/hivemq-test-hivemq-platform-operator-56497fff47" duration="42.609µs"
2025-01-30 18:49:29,506 INFO c.h.h.t.HelmChartContainer - [EVENT] Warning [FailedToUpdateEndpoint] Failed to update endpoint helmupgradeoperatorit-operator/hivemq-platform-operator-test-hivemq-platform-operator: Operation cannot be fulfilled on endpoints "hivemq-platform-operator-test-hivemq-platform-operator": StorageError: invalid object, Code: 4, Key: /registry/services/endpoints/helmupgradeoperatorit-operator/hivemq-platform-operator-test-hivemq-platform-operator, ResourceVersion: 0, AdditionalErrorMsg: Precondition failed: UID in precondition: 182a1ed0-8656-4dfd-9c58-9ea767c1502e, UID in object meta:  [helmupgradeoperatorit-operator:hivemq-platform-operator-test-hivemq-platform-operator]
2025-01-30 18:49:29,509 INFO c.h.h.t.HelmChartContainer - [hivemq-test-hivemq-platform] [hivemq-platform-operator] [fc4eee00] 18:49:29.504 [application-shutdown-thread] INFO  c.h.p.o.HiveMQPlatformOperatorApplication - HiveMQ Platform Operator is stopping...
2025-01-30 18:49:29,509 INFO c.h.h.t.HelmChartContainer - [hivemq-test-hivemq-platform] [hivemq-platform-operator] [fc4eee00] 18:49:29.507 [application-shutdown-thread] INFO  i.javaoperatorsdk.operator.Operator - Operator SDK 4.9.7 is shutting down...
2025-01-30 18:49:30,060 INFO c.h.h.t.HelmChartContainer - [K3S] [replica_set.go:679] "Finished syncing" kind="ReplicaSet" key="helmupgradeoperatorit-operator/hivemq-test-hivemq-platform-operator-56497fff47" duration="46.056µs"
2025-01-30 18:49:30,060 INFO c.h.h.t.HelmChartContainer - [POD] hivemq-test-hivemq-platform-operator-56497fff47-zxrr4 [fc4eee00-8bc4-44e6-b1af-9ae11cb543c6] in helmupgradeoperatorit-operator was MODIFIED
2025-01-30 18:49:30,117 INFO c.h.h.t.HelmChartContainer - [K3S] [reconciler_common.go:162] "operationExecutor.UnmountVolume started for volume \"kube-api-access-r78j2\" (UniqueName: \"kubernetes.io/projected/fc4eee00-8bc4-44e6-b1af-9ae11cb543c6-kube-api-access-r78j2\") pod \"fc4eee00-8bc4-44e6-b1af-9ae11cb543c6\" (UID: \"fc4eee00-8bc4-44e6-b1af-9ae11cb543c6\") "
2025-01-30 18:49:30,218 INFO c.h.h.t.HelmChartContainer - [K3S] [reconciler_common.go:299] "Volume detached for volume \"kube-api-access-r78j2\" (UniqueName: \"kubernetes.io/projected/fc4eee00-8bc4-44e6-b1af-9ae11cb543c6-kube-api-access-r78j2\") on node \"90fa49e9dab5\" DevicePath \"\""
2025-01-30 18:49:30,785 INFO c.h.h.t.HelmChartContainer - [K3S] [scope.go:117] "RemoveContainer" containerID="6a18b09ee2870322689885aaa3d5497b4ab89e4631dd84cfcd97a9cc1fd53dc3"
2025-01-30 18:49:30,789 INFO c.h.h.t.HelmChartContainer - [K3S] [scope.go:117] "RemoveContainer" containerID="6a18b09ee2870322689885aaa3d5497b4ab89e4631dd84cfcd97a9cc1fd53dc3"
2025-01-30 18:49:30,797 INFO c.h.h.t.HelmChartContainer - [K3S] [replica_set.go:679] "Finished syncing" kind="ReplicaSet" key="helmupgradeoperatorit-operator/hivemq-test-hivemq-platform-operator-56497fff47" duration="46.086µs"
2025-01-30 18:49:30,797 INFO c.h.h.t.HelmChartContainer - [POD] hivemq-test-hivemq-platform-operator-56497fff47-zxrr4 [fc4eee00-8bc4-44e6-b1af-9ae11cb543c6] in helmupgradeoperatorit-operator was MODIFIED
2025-01-30 18:49:30,799 INFO c.h.h.t.HelmChartContainer - [POD] hivemq-test-hivemq-platform-operator-56497fff47-zxrr4 [fc4eee00-8bc4-44e6-b1af-9ae11cb543c6] in helmupgradeoperatorit-operator was DELETED
2025-01-30 18:49:30,799 INFO c.h.h.t.HelmChartContainer - [K3S] [replica_set.go:679] "Finished syncing" kind="ReplicaSet" key="helmupgradeoperatorit-operator/hivemq-test-hivemq-platform-operator-56497fff47" duration="32.06µs"
2025-01-30 18:49:30,809 INFO c.h.h.t.HelmChartContainer - [K3S] [replica_set.go:679] "Finished syncing" kind="ReplicaSet" key="helmupgradeoperatorit-operator/hivemq-test-hivemq-platform-operator-56497fff47" duration="6.252µs"
2025-01-30 18:49:30,990 INFO c.h.h.t.HelmChartContainer - [K3S] [kubelet_volumes.go:163] "Cleaned up orphaned pod volumes dir" podUID="fc4eee00-8bc4-44e6-b1af-9ae11cb543c6" path="/var/lib/kubelet/pods/fc4eee00-8bc4-44e6-b1af-9ae11cb543c6/volumes"
2025-01-30 18:49:31,527 INFO c.h.h.t.HelmChartContainer - Deleting namespace 'helmupgradeoperatorit-operator'...
2025-01-30 18:49:36,741 INFO c.h.h.t.HelmChartContainer - Namespace 'helmupgradeoperatorit-operator' deleted
2025-01-30 18:49:36,741 INFO c.h.h.t.HelmChartContainer - Release 'test-hivemq-platform-operator' in namespace 'helmupgradeoperatorit-operator' is uninstalled
2025-01-30 18:49:37,551 INFO c.h.helmcharts.AbstractHelmChartIT - Removed unused containers:

2025-01-30 18:49:41,687 INFO c.h.h.t.HelmChartContainer - [K3S] [namespace_controller.go:187] "Namespace has been deleted" namespace="helmupgradeoperatorit-operator"
2025-01-30 18:49:43,485 INFO c.h.helmcharts.AbstractHelmChartIT - Removed unused snapshots:
Removing snapshot sha256:03af251906410714c5aef9fa705b63f6bbc39c4a5e787de7361eeb18886c2ed2
Removing snapshot sha256:0c46b3b43cce082ce5ec34ffc6c294e0417d17b9d1e6f366d114b6aadc4f96dc
Removing snapshot sha256:0ce761beee59082d6ed5bcebd3a805b8ddd9b3426b617e4809e7fb7c6587ffec
Removing snapshot sha256:1021ef88c7974bfff89c5a0ec4fd3160daac6c48a075f74cff721f85dd104e68
Removing snapshot sha256:10aba4953ddc18145dd38e3704709bc464aa20af60b56fe52caaff4b68411e62
Removing snapshot sha256:2573e0d8158209ed54ab25c87bcdcb00bd3d2539246960a3d592a1c599d70465
Removing snapshot sha256:362a8a37f8bbc31925a8146adcf7cf51f9882f5c1dcbef67c5baa03a297543c0
Removing snapshot sha256:3fa4ad33f0ddc8fd45b39b6b4640f82a3a83619606cd975bfe89d8710ad2d4cd
Removing snapshot sha256:43a7c979bbaba6838bc3102d6b10a1459f3ab050b87ccdfef84ef90cf43d3058
Removing snapshot sha256:4ab04491cdf0d3267f08206fe30bd48f49f94b9cab2f016d6739220f722a64af
Removing snapshot sha256:4b6068250e89c96f263060261819c7d912855bfbd64b3eb4c4a8483299b8c295
Removing snapshot sha256:580e69a0a8034ede1921139bbd2bfb72a69ebf276d008281896c32dd8bf74775
Removing snapshot sha256:5d30ba46b27fe37484567ccc5242cadc78217b8da605f3f195ef25cbf7487904
Removing snapshot sha256:63ca1fbb43ae5034640e5e6cb3e083e05c290072c5366fcaa9d62435a4cced85
Removing snapshot sha256:67f702c6baae873bceb19487c8b1f27bd2b86077e4f2f0e480e6d60ab508b8f5
Removing snapshot sha256:6864348dd42806d552efdec384f1274be15e2d0c10ce44c1f04347af004c10a9
Removing snapshot sha256:6c7dee8f2c39b84b7dc2711c01d33de93514d9055499173e9290176fbe484b6c
Removing snapshot sha256:82753493a6d61ded36556292f02f31841a14c20d2f279f19eaad65afb661d5cd
Removing snapshot sha256:8a10d3db42c505ee0fcfa98417bdd7e39b304f6bcc0a06bb1b220797ff2cc63c
Removing snapshot sha256:a21e5b12dbac529ad45d976eb9ce45c881f3bedcc500fb30aba1e52aa1813418
Removing snapshot sha256:b921e6c28969094157f9b8e7244677780319637afd14450b7cb6b2fdea558a0c
Removing snapshot sha256:bc27ecb5769a00e309cf99ebc763c4a4b958b618d1decc96ffac5bc05f02f5b7
Removing snapshot sha256:be3ccb6627a5332e309d45ef461d09b4879dd870c7394d89323d0ebc6ca6aa8a
Removing snapshot sha256:c261f7cbbc64211ee175ee47273acdb7b1a36a4450b397a064a8f2c026490095
Removing snapshot sha256:c34d9393647eea0c9e3557ab988efaf59f61d10a2a5613b439ef0958cca5ec10
Removing snapshot sha256:ccf3c4a0fa967a41c1c83497a2ce6fa5787965859df0adb32c4ca2cf7490bc2b
Removing snapshot sha256:cf92d33f869417309692088c341cd0f223c178ea78a125f757317b22aa8f90e9
Removing snapshot sha256:d0037344cf2fb078884f1849f6a1f8cf9a33a3b6139b6a85833e5ee528e1f9a8
Removing snapshot sha256:d24583fd61e8da8f70b0afe6d49d83bd35e2b45dd3fbd8cd5530539694217387
Removing snapshot sha256:d3b36d5b79273b1e98e7700470eaeff05a882e777124d84cebcc1505b85ecb36
Removing snapshot sha256:d65a44a37914602d12c611e5e22a50f11451d847e63015cc1c2aef92dee777a4
Removing snapshot sha256:e2dc0bae2455930f23ae570e019b7f32edc75c0f2d71cab084db837ff9051796
Removing snapshot sha256:eccbd24a99c60cd9e86ee5305dbfc4a4dc89f5ab4fb1f06c8d64797cecedef34
Removing snapshot sha256:f144bb4c7c7f0d2aa7eeffd36d934ec40db1ee167be727e326aad9fdc616f475

2025-01-30 18:49:43,486 WARN c.h.helmcharts.AbstractHelmChartIT - Error during removal of snapshots:
ctr: failed to remove "sha256:03af251906410714c5aef9fa705b63f6bbc39c4a5e787de7361eeb18886c2ed2": cannot remove snapshot with child: failed precondition
ctr: failed to remove "sha256:0c46b3b43cce082ce5ec34ffc6c294e0417d17b9d1e6f366d114b6aadc4f96dc": cannot remove snapshot with child: failed precondition
ctr: failed to remove "sha256:0ce761beee59082d6ed5bcebd3a805b8ddd9b3426b617e4809e7fb7c6587ffec": cannot remove snapshot with child: failed precondition
ctr: failed to remove "sha256:1021ef88c7974bfff89c5a0ec4fd3160daac6c48a075f74cff721f85dd104e68": cannot remove snapshot with child: failed precondition
ctr: failed to remove "sha256:10aba4953ddc18145dd38e3704709bc464aa20af60b56fe52caaff4b68411e62": cannot remove snapshot with child: failed precondition
ctr: failed to remove "sha256:2573e0d8158209ed54ab25c87bcdcb00bd3d2539246960a3d592a1c599d70465": cannot remove snapshot with child: failed precondition
ctr: failed to remove "sha256:362a8a37f8bbc31925a8146adcf7cf51f9882f5c1dcbef67c5baa03a297543c0": cannot remove snapshot with child: failed precondition
ctr: failed to remove "sha256:3fa4ad33f0ddc8fd45b39b6b4640f82a3a83619606cd975bfe89d8710ad2d4cd": cannot remove snapshot with child: failed precondition
ctr: failed to remove "sha256:43a7c979bbaba6838bc3102d6b10a1459f3ab050b87ccdfef84ef90cf43d3058": cannot remove snapshot with child: failed precondition
ctr: failed to remove "sha256:4ab04491cdf0d3267f08206fe30bd48f49f94b9cab2f016d6739220f722a64af": cannot remove snapshot with child: failed precondition
ctr: failed to remove "sha256:4b6068250e89c96f263060261819c7d912855bfbd64b3eb4c4a8483299b8c295": cannot remove snapshot with child: failed precondition
ctr: failed to remove "sha256:580e69a0a8034ede1921139bbd2bfb72a69ebf276d008281896c32dd8bf74775": cannot remove snapshot with child: failed precondition
ctr: failed to remove "sha256:5d30ba46b27fe37484567ccc5242cadc78217b8da605f3f195ef25cbf7487904": cannot remove snapshot with child: failed precondition
ctr: failed to remove "sha256:63ca1fbb43ae5034640e5e6cb3e083e05c290072c5366fcaa9d62435a4cced85": cannot remove snapshot with child: failed precondition
ctr: failed to remove "sha256:67f702c6baae873bceb19487c8b1f27bd2b86077e4f2f0e480e6d60ab508b8f5": cannot remove snapshot with child: failed precondition
ctr: failed to remove "sha256:6864348dd42806d552efdec384f1274be15e2d0c10ce44c1f04347af004c10a9": cannot remove snapshot with child: failed precondition
ctr: failed to remove "sha256:6c7dee8f2c39b84b7dc2711c01d33de93514d9055499173e9290176fbe484b6c": cannot remove snapshot with child: failed precondition
ctr: failed to remove "sha256:82753493a6d61ded36556292f02f31841a14c20d2f279f19eaad65afb661d5cd": cannot remove snapshot with child: failed precondition
ctr: failed to remove "sha256:8a10d3db42c505ee0fcfa98417bdd7e39b304f6bcc0a06bb1b220797ff2cc63c": cannot remove snapshot with child: failed precondition
ctr: failed to remove "sha256:a21e5b12dbac529ad45d976eb9ce45c881f3bedcc500fb30aba1e52aa1813418": cannot remove snapshot with child: failed precondition
ctr: failed to remove "sha256:b921e6c28969094157f9b8e7244677780319637afd14450b7cb6b2fdea558a0c": cannot remove snapshot with child: failed precondition
ctr: failed to remove "sha256:bc27ecb5769a00e309cf99ebc763c4a4b958b618d1decc96ffac5bc05f02f5b7": cannot remove snapshot with child: failed precondition
ctr: failed to remove "sha256:be3ccb6627a5332e309d45ef461d09b4879dd870c7394d89323d0ebc6ca6aa8a": cannot remove snapshot with child: failed precondition
ctr: failed to remove "sha256:c261f7cbbc64211ee175ee47273acdb7b1a36a4450b397a064a8f2c026490095": cannot remove snapshot with child: failed precondition
ctr: failed to remove "sha256:c34d9393647eea0c9e3557ab988efaf59f61d10a2a5613b439ef0958cca5ec10": cannot remove snapshot with child: failed precondition
ctr: failed to remove "sha256:ccf3c4a0fa967a41c1c83497a2ce6fa5787965859df0adb32c4ca2cf7490bc2b": cannot remove snapshot with child: failed precondition
ctr: failed to remove "sha256:cf92d33f869417309692088c341cd0f223c178ea78a125f757317b22aa8f90e9": cannot remove snapshot with child: failed precondition
ctr: failed to remove "sha256:d0037344cf2fb078884f1849f6a1f8cf9a33a3b6139b6a85833e5ee528e1f9a8": cannot remove snapshot with child: failed precondition
ctr: failed to remove "sha256:d3b36d5b79273b1e98e7700470eaeff05a882e777124d84cebcc1505b85ecb36": cannot remove snapshot with child: failed precondition
ctr: failed to remove "sha256:d65a44a37914602d12c611e5e22a50f11451d847e63015cc1c2aef92dee777a4": cannot remove snapshot with child: failed precondition
ctr: failed to remove "sha256:e2dc0bae2455930f23ae570e019b7f32edc75c0f2d71cab084db837ff9051796": cannot remove snapshot with child: failed precondition
ctr: failed to remove "sha256:eccbd24a99c60cd9e86ee5305dbfc4a4dc89f5ab4fb1f06c8d64797cecedef34": cannot remove snapshot with child: failed precondition
ctr: failed to remove "sha256:f144bb4c7c7f0d2aa7eeffd36d934ec40db1ee167be727e326aad9fdc616f475": cannot remove snapshot with child: failed precondition

]]></system-out>
  </testcase>
  <system-out><![CDATA[2025-01-30 18:49:00,184 INFO c.h.h.t.HelmChartContainerExtension - Using cached HelmChartContainer instance
]]></system-out>
  <system-err><![CDATA[]]></system-err>
</testsuite>
