<?xml version="1.0" encoding="UTF-8"?>
<testsuite name="com.hivemq.helmcharts.license.HelmBrokerLicensesIT" tests="2" skipped="0" failures="0" errors="0" timestamp="2025-02-19T21:21:12" hostname="fv-az1701-66" time="191.342">
  <properties/>
  <testcase name="withExistingBrokerLicenseSecret_statefulSetWithLicenseSecretMounted()" classname="com.hivemq.helmcharts.license.HelmBrokerLicensesIT" time="90.538"/>
  <testcase name="withBrokerLicenseFileContent_statefulSetWithLicenseSecretMounted()" classname="com.hivemq.helmcharts.license.HelmBrokerLicensesIT" time="100.803"/>
</testsuite>
