<?xml version="1.0" encoding="UTF-8"?>
<testsuite name="com.hivemq.helmcharts.extensions.HelmCustomExtensionIT" tests="1" skipped="0" failures="0" errors="0" timestamp="2025-06-11T18:03:52" hostname="fv-az1690-171" time="100.444">
  <properties/>
  <testcase name="platformChart_whenCustomExtensionIsConfigured_withHttp_thenStartsUpSuccessfully()" classname="com.hivemq.helmcharts.extensions.HelmCustomExtensionIT" time="100.444"/>
</testsuite>
