<?xml version="1.0" encoding="UTF-8"?>
<testsuite name="com.hivemq.helmcharts.platform.HelmPlatformTlsIT" tests="2" skipped="0" failures="0" errors="0" timestamp="2025-09-17T13:02:02" hostname="runnervmf4ws1" time="200.525">
  <properties/>
  <testcase name="platformChart_whenTlsEnabled_hivemqRunning()" classname="com.hivemq.helmcharts.platform.HelmPlatformTlsIT" time="105.888"/>
  <testcase name="platformChart_whenTlsEnabledWithDifferentPrivateKey_hivemqRunning()" classname="com.hivemq.helmcharts.platform.HelmPlatformTlsIT" time="94.637"/>
</testsuite>
