<?xml version="1.0" encoding="UTF-8"?>
<testsuite name="com.hivemq.helmcharts.securitycontext.HelmContainerSecurityContextUpgradePlatformIT" tests="2" skipped="0" failures="0" errors="0" timestamp="2025-01-29T13:37:50" hostname="fv-az1074-511" time="476.76">
  <properties/>
  <testcase name="Operator values: (UID=0, GID=0, valuesFile='/files/operator-container-security-context-root-user-values.yaml') and Platform values: (UID=0, GID=0, valuesFile='/files/platform-container-security-context-root-user-values.yaml')" classname="com.hivemq.helmcharts.securitycontext.HelmContainerSecurityContextUpgradePlatformIT" time="237.323">
    <system-out><![CDATA[2025-01-29 13:37:50,775 INFO c.h.h.t.HelmChartContainer - Creating namespace 'helmcontainersecuritycontextupgradeplatformit-operator'...
2025-01-29 13:37:50,962 INFO c.h.h.t.HelmChartContainer - Namespace 'helmcontainersecuritycontextupgradeplatformit-operator' created
2025-01-29 13:37:50,963 INFO c.h.h.t.HelmChartContainer - [POD] coredns-ff8999cc5-z8zch [b7ef363d-f4e4-44be-9fc5-b23371e706ca] in kube-system was ADDED
2025-01-29 13:37:50,963 INFO c.h.h.t.HelmChartContainer - Creating namespace 'helmcontainersecuritycontextupgradeplatformit'...
2025-01-29 13:37:50,965 INFO c.h.h.t.HelmChartContainer - [POD] local-path-provisioner-698b58967b-thglx [61e358ed-b2bc-486c-984e-2974a274e7fb] in kube-system was ADDED
2025-01-29 13:37:50,967 INFO c.h.h.t.HelmChartContainer - [POD] metrics-server-8584b5786c-j7cgf [d5ad4fb7-f68f-4618-9a71-d17ea48bf899] in kube-system was ADDED
2025-01-29 13:37:50,972 INFO c.h.h.t.HelmChartContainer - Namespace 'helmcontainersecuritycontextupgradeplatformit' created
2025-01-29 13:37:51,053 DEBUG c.h.h.t.HelmChartContainer - Executing helm command: /bin/helm --kubeconfig /etc/rancher/k3s/k3s.yaml install test-hivemq-platform-operator /charts/hivemq-platform-operator --wait --timeout 5m0s --set image.repository=docker.io/hivemq --set image.name=hivemq-platform-operator-test --set image.initImageName=hivemq-platform-operator-init-test --set image.tag=snapshot --set image.pullPolicy=Never --set logLevel=DEBUG --set resources.cpu=512m -f /files/operator-container-security-context-root-user-values.yaml --namespace helmcontainersecuritycontextupgradeplatformit-operator
2025-01-29 13:37:53,418 INFO c.h.h.t.HelmChartContainer - [K3S] [alloc.go:330] "allocated clusterIPs" service="helmcontainersecuritycontextupgradeplatformit-operator/hivemq-platform-operator-test-hivemq-platform-operator" clusterIPs={"IPv4":"10.43.57.81"}
2025-01-29 13:37:53,437 INFO c.h.h.t.HelmChartContainer - [EVENT] Normal [ScalingReplicaSet] Scaled up replica set hivemq-test-hivemq-platform-operator-8669f546db from 0 to 1 [helmcontainersecuritycontextupgradeplatformit-operator:hivemq-test-hivemq-platform-operator]
2025-01-29 13:37:53,452 INFO c.h.h.t.HelmChartContainer - [POD] hivemq-test-hivemq-platform-operator-8669f546db-r7g9d [82c4986f-6009-41a7-b34b-2bfeb02cc035] in helmcontainersecuritycontextupgradeplatformit-operator was ADDED
2025-01-29 13:37:53,452 INFO c.h.h.t.HelmChartContainer - [EVENT] Normal [SuccessfulCreate] Created pod: hivemq-test-hivemq-platform-operator-8669f546db-r7g9d [helmcontainersecuritycontextupgradeplatformit-operator:hivemq-test-hivemq-platform-operator-8669f546db]
2025-01-29 13:37:53,457 INFO c.h.h.t.HelmChartContainer - [K3S] [replica_set.go:679] "Finished syncing" kind="ReplicaSet" key="helmcontainersecuritycontextupgradeplatformit-operator/hivemq-test-hivemq-platform-operator-8669f546db" duration="26.648221ms"
2025-01-29 13:37:53,468 INFO c.h.h.t.HelmChartContainer - [POD] hivemq-test-hivemq-platform-operator-8669f546db-r7g9d [82c4986f-6009-41a7-b34b-2bfeb02cc035] in helmcontainersecuritycontextupgradeplatformit-operator was MODIFIED
2025-01-29 13:37:53,473 INFO c.h.h.t.HelmChartContainer - [EVENT] Normal [Scheduled] Successfully assigned helmcontainersecuritycontextupgradeplatformit-operator/hivemq-test-hivemq-platform-operator-8669f546db-r7g9d to ddd52fe05997 [helmcontainersecuritycontextupgradeplatformit-operator:hivemq-test-hivemq-platform-operator-8669f546db-r7g9d]
2025-01-29 13:37:53,485 INFO c.h.h.t.HelmChartContainer - [K3S] [replica_set.go:679] "Finished syncing" kind="ReplicaSet" key="helmcontainersecuritycontextupgradeplatformit-operator/hivemq-test-hivemq-platform-operator-8669f546db" duration="28.068202ms"
2025-01-29 13:37:53,493 INFO c.h.h.t.HelmChartContainer - [POD] hivemq-test-hivemq-platform-operator-8669f546db-r7g9d [82c4986f-6009-41a7-b34b-2bfeb02cc035] in helmcontainersecuritycontextupgradeplatformit-operator was MODIFIED
2025-01-29 13:37:53,499 INFO c.h.h.t.HelmChartContainer - [K3S] [replica_set.go:679] "Finished syncing" kind="ReplicaSet" key="helmcontainersecuritycontextupgradeplatformit-operator/hivemq-test-hivemq-platform-operator-8669f546db" duration="13.795614ms"
2025-01-29 13:37:53,499 INFO c.h.h.t.HelmChartContainer - [K3S] [replica_set.go:679] "Finished syncing" kind="ReplicaSet" key="helmcontainersecuritycontextupgradeplatformit-operator/hivemq-test-hivemq-platform-operator-8669f546db" duration="63.258µs"
2025-01-29 13:37:53,588 INFO c.h.h.t.HelmChartContainer - [K3S] [reconciler_common.go:251] "operationExecutor.VerifyControllerAttachedVolume started for volume \"kube-api-access-jvmn2\" (UniqueName: \"kubernetes.io/projected/82c4986f-6009-41a7-b34b-2bfeb02cc035-kube-api-access-jvmn2\") pod \"hivemq-test-hivemq-platform-operator-8669f546db-r7g9d\" (UID: \"82c4986f-6009-41a7-b34b-2bfeb02cc035\") " pod="helmcontainersecuritycontextupgradeplatformit-operator/hivemq-test-hivemq-platform-operator-8669f546db-r7g9d"
2025-01-29 13:37:53,857 INFO c.h.h.t.HelmChartContainer - [EVENT] Normal [Pulled] Container image "docker.io/hivemq/hivemq-platform-operator-test:snapshot" already present on machine [helmcontainersecuritycontextupgradeplatformit-operator:hivemq-test-hivemq-platform-operator-8669f546db-r7g9d]
2025-01-29 13:37:53,858 INFO c.h.h.t.HelmChartContainer - Received Pulled event for container hivemq-platform-operator in pod hivemq-test-hivemq-platform-operator-8669f546db-r7g9d [82c4986f-6009-41a7-b34b-2bfeb02cc035]
2025-01-29 13:37:53,867 INFO c.h.h.t.HelmChartContainer - [EVENT] Normal [Created] Created container: hivemq-platform-operator [helmcontainersecuritycontextupgradeplatformit-operator:hivemq-test-hivemq-platform-operator-8669f546db-r7g9d]
2025-01-29 13:37:53,867 INFO c.h.h.t.HelmChartContainer - Received Created event for container hivemq-platform-operator in pod hivemq-test-hivemq-platform-operator-8669f546db-r7g9d [82c4986f-6009-41a7-b34b-2bfeb02cc035]
2025-01-29 13:37:54,370 INFO c.h.h.t.HelmChartContainer - [K3S] [replica_set.go:679] "Finished syncing" kind="ReplicaSet" key="helmcontainersecuritycontextupgradeplatformit-operator/hivemq-test-hivemq-platform-operator-8669f546db" duration="43.121µs"
2025-01-29 13:37:54,374 INFO c.h.h.t.HelmChartContainer - [POD] hivemq-test-hivemq-platform-operator-8669f546db-r7g9d [82c4986f-6009-41a7-b34b-2bfeb02cc035] in helmcontainersecuritycontextupgradeplatformit-operator was MODIFIED
2025-01-29 13:37:54,393 INFO c.h.h.t.HelmChartContainer - Started log watcher for hivemq-platform-operator in pod hivemq-test-hivemq-platform-operator-8669f546db-r7g9d [82c4986f-6009-41a7-b34b-2bfeb02cc035]
2025-01-29 13:37:54,393 INFO c.h.h.t.HelmChartContainer - [EVENT] Normal [Started] Started container hivemq-platform-operator [helmcontainersecuritycontextupgradeplatformit-operator:hivemq-test-hivemq-platform-operator-8669f546db-r7g9d]
2025-01-29 13:37:54,394 INFO c.h.h.t.HelmChartContainer - Received Started event for container hivemq-platform-operator in pod hivemq-test-hivemq-platform-operator-8669f546db-r7g9d [82c4986f-6009-41a7-b34b-2bfeb02cc035]
2025-01-29 13:37:54,394 INFO c.h.h.t.HelmChartContainer - [hivemq-test-hivemq-platform] [hivemq-platform-operator] [82c4986f] -------------------------------------------------------------------------
2025-01-29 13:37:54,394 INFO c.h.h.t.HelmChartContainer - [hivemq-test-hivemq-platform] [hivemq-platform-operator] [82c4986f] 
2025-01-29 13:37:54,394 INFO c.h.h.t.HelmChartContainer - [hivemq-test-hivemq-platform] [hivemq-platform-operator] [82c4986f]                   _    _  _              __  __   ____
2025-01-29 13:37:54,394 INFO c.h.h.t.HelmChartContainer - [hivemq-test-hivemq-platform] [hivemq-platform-operator] [82c4986f]                  | |  | |(_)            |  \/  | / __ \
2025-01-29 13:37:54,394 INFO c.h.h.t.HelmChartContainer - [hivemq-test-hivemq-platform] [hivemq-platform-operator] [82c4986f]                  | |__| | _ __   __ ___ | \  / || |  | |
2025-01-29 13:37:54,394 INFO c.h.h.t.HelmChartContainer - [hivemq-test-hivemq-platform] [hivemq-platform-operator] [82c4986f]                  |  __  || |\ \ / // _ \| |\/| || |  | |
2025-01-29 13:37:54,394 INFO c.h.h.t.HelmChartContainer - [hivemq-test-hivemq-platform] [hivemq-platform-operator] [82c4986f]                  | |  | || | \ V /|  __/| |  | || |__| |
2025-01-29 13:37:54,394 INFO c.h.h.t.HelmChartContainer - [hivemq-test-hivemq-platform] [hivemq-platform-operator] [82c4986f]                  |_|  |_||_|  \_/  \___||_|  |_| \___\_\
2025-01-29 13:37:54,394 INFO c.h.h.t.HelmChartContainer - [hivemq-test-hivemq-platform] [hivemq-platform-operator] [82c4986f] 
2025-01-29 13:37:54,394 INFO c.h.h.t.HelmChartContainer - [hivemq-test-hivemq-platform] [hivemq-platform-operator] [82c4986f] -------------------------------------------------------------------------
2025-01-29 13:37:54,394 INFO c.h.h.t.HelmChartContainer - [hivemq-test-hivemq-platform] [hivemq-platform-operator] [82c4986f] 
2025-01-29 13:37:54,394 INFO c.h.h.t.HelmChartContainer - [hivemq-test-hivemq-platform] [hivemq-platform-operator] [82c4986f]   HiveMQ Platform Operator Start Script v1.0
2025-01-29 13:37:54,394 INFO c.h.h.t.HelmChartContainer - [hivemq-test-hivemq-platform] [hivemq-platform-operator] [82c4986f] 
2025-01-29 13:37:54,394 INFO c.h.h.t.HelmChartContainer - [hivemq-test-hivemq-platform] [hivemq-platform-operator] [82c4986f] -------------------------------------------------------------------------
2025-01-29 13:37:54,394 INFO c.h.h.t.HelmChartContainer - [hivemq-test-hivemq-platform] [hivemq-platform-operator] [82c4986f] 
2025-01-29 13:37:54,394 INFO c.h.h.t.HelmChartContainer - [hivemq-test-hivemq-platform] [hivemq-platform-operator] [82c4986f]   JAVA_OPTS: -XX:+UnlockExperimentalVMOptions -XX:InitialRAMPercentage=75 -XX:MaxRAMPercentage=75 -Duser.language=en -Duser.region=US
2025-01-29 13:37:54,394 INFO c.h.h.t.HelmChartContainer - [hivemq-test-hivemq-platform] [hivemq-platform-operator] [82c4986f] 
2025-01-29 13:37:54,394 INFO c.h.h.t.HelmChartContainer - [hivemq-test-hivemq-platform] [hivemq-platform-operator] [82c4986f]   JAVA_VERSION: 21
2025-01-29 13:37:54,394 INFO c.h.h.t.HelmChartContainer - [hivemq-test-hivemq-platform] [hivemq-platform-operator] [82c4986f] 
2025-01-29 13:37:54,394 INFO c.h.h.t.HelmChartContainer - [hivemq-test-hivemq-platform] [hivemq-platform-operator] [82c4986f] -------------------------------------------------------------------------
2025-01-29 13:37:54,394 INFO c.h.h.t.HelmChartContainer - [hivemq-test-hivemq-platform] [hivemq-platform-operator] [82c4986f] 
2025-01-29 13:37:57,437 INFO c.h.h.t.HelmChartContainer - [hivemq-test-hivemq-platform] [hivemq-platform-operator] [82c4986f] 13:37:57.434 [main] DEBUG org.jboss.logging - Logging Provider: org.jboss.logging.Slf4jLoggerProvider
2025-01-29 13:37:57,541 INFO c.h.h.t.HelmChartContainer - [hivemq-test-hivemq-platform] [hivemq-platform-operator] [82c4986f] 13:37:57.539 [main] DEBUG io.smallrye.config - SRCFG01006: Loaded ConfigSource SysPropConfigSource with ordinal 400
2025-01-29 13:37:57,541 INFO c.h.h.t.HelmChartContainer - [hivemq-test-hivemq-platform] [hivemq-platform-operator] [82c4986f] 13:37:57.539 [main] DEBUG io.smallrye.config - SRCFG01006: Loaded ConfigSource EnvConfigSource with ordinal 300
2025-01-29 13:37:57,541 INFO c.h.h.t.HelmChartContainer - [hivemq-test-hivemq-platform] [hivemq-platform-operator] [82c4986f] 13:37:57.539 [main] DEBUG io.smallrye.config - SRCFG01006: Loaded ConfigSource PropertiesConfigSource[source=jar:file:///opt/hivemq-platform-operator/bin/hivemq-platform-operator.jar!/hivemq-platform-operator.properties] with ordinal 100
2025-01-29 13:37:57,541 INFO c.h.h.t.HelmChartContainer - [hivemq-test-hivemq-platform] [hivemq-platform-operator] [82c4986f] 13:37:57.539 [main] DEBUG io.smallrye.config - SRCFG01006: Loaded ConfigSource DefaultValuesConfigSource with ordinal -2147483648
2025-01-29 13:37:57,650 INFO c.h.h.t.HelmChartContainer - [hivemq-test-hivemq-platform] [hivemq-platform-operator] [82c4986f] 13:37:57.649 [main] DEBUG i.m.c.u.i.l.InternalLoggerFactory - Using SLF4J as the default logging framework
2025-01-29 13:37:57,832 INFO c.h.h.t.HelmChartContainer - [hivemq-test-hivemq-platform] [hivemq-platform-operator] [82c4986f] 13:37:57.823 [main] INFO  c.h.p.o.HiveMQPlatformOperatorApplication - HiveMQ Platform Operator 1.7.0-SNAPSHOT (commit: bebf408 on branch: HEAD) built on Sun Jan 26 20:47:47 UTC 2025
2025-01-29 13:37:57,832 INFO c.h.h.t.HelmChartContainer - [hivemq-test-hivemq-platform] [hivemq-platform-operator] [82c4986f] 13:37:57.829 [main] INFO  c.h.p.o.HiveMQPlatformOperatorApplication - HiveMQ Platform Operator is running in namespace: helmcontainersecuritycontextupgradeplatformit-operator
2025-01-29 13:37:57,832 INFO c.h.h.t.HelmChartContainer - [hivemq-test-hivemq-platform] [hivemq-platform-operator] [82c4986f] 13:37:57.829 [main] INFO  c.h.p.o.HiveMQPlatformOperatorApplication - Watching all namespaces
2025-01-29 13:37:57,832 INFO c.h.h.t.HelmChartContainer - [hivemq-test-hivemq-platform] [hivemq-platform-operator] [82c4986f] 13:37:57.829 [main] INFO  c.h.p.o.HiveMQPlatformOperatorApplication - Log level: DEBUG
2025-01-29 13:37:57,832 INFO c.h.h.t.HelmChartContainer - [hivemq-test-hivemq-platform] [hivemq-platform-operator] [82c4986f] 13:37:57.829 [main] INFO  c.h.p.o.HiveMQPlatformOperatorApplication - Release name: test-hivemq-platform-operator
2025-01-29 13:37:57,832 INFO c.h.h.t.HelmChartContainer - [hivemq-test-hivemq-platform] [hivemq-platform-operator] [82c4986f] 13:37:57.830 [main] INFO  c.h.p.o.HiveMQPlatformOperatorApplication - HiveMQ Platform Operator Init image: docker.io/hivemq/hivemq-platform-operator-init-test:snapshot
2025-01-29 13:37:57,832 INFO c.h.h.t.HelmChartContainer - [hivemq-test-hivemq-platform] [hivemq-platform-operator] [82c4986f] 13:37:57.830 [main] INFO  c.h.p.o.HiveMQPlatformOperatorApplication - HiveMQ Platform Operator Init App update URL: http://hivemq-platform-operator-test-hivemq-platform-operator.helmcontainersecuritycontextupgradeplatformit-operator.svc:8080/initAppUpdate/hivemq-platform-operator-init-app-1.7.0-SNAPSHOT.jar
2025-01-29 13:37:57,832 INFO c.h.h.t.HelmChartContainer - [hivemq-test-hivemq-platform] [hivemq-platform-operator] [82c4986f] 13:37:57.830 [main] INFO  c.h.p.o.HiveMQPlatformOperatorApplication - Additional imagePullSecret for all Platform deployments: none
2025-01-29 13:37:57,832 INFO c.h.h.t.HelmChartContainer - [hivemq-test-hivemq-platform] [hivemq-platform-operator] [82c4986f] 13:37:57.830 [main] INFO  c.h.p.o.HiveMQPlatformOperatorApplication - Apply HiveMQ Platform CRD: true
2025-01-29 13:37:57,832 INFO c.h.h.t.HelmChartContainer - [hivemq-test-hivemq-platform] [hivemq-platform-operator] [82c4986f] 13:37:57.830 [main] INFO  c.h.p.o.HiveMQPlatformOperatorApplication - Create Platform ServiceAccount: true
2025-01-29 13:37:57,832 INFO c.h.h.t.HelmChartContainer - [hivemq-test-hivemq-platform] [hivemq-platform-operator] [82c4986f] 13:37:57.830 [main] INFO  c.h.p.o.HiveMQPlatformOperatorApplication - Create Platform ServiceAccount permissions: true
2025-01-29 13:37:57,832 INFO c.h.h.t.HelmChartContainer - [hivemq-test-hivemq-platform] [hivemq-platform-operator] [82c4986f] 13:37:57.830 [main] INFO  c.h.p.o.HiveMQPlatformOperatorApplication - Validate Platform ServiceAccount: true
2025-01-29 13:37:57,832 INFO c.h.h.t.HelmChartContainer - [hivemq-test-hivemq-platform] [hivemq-platform-operator] [82c4986f] 13:37:57.830 [main] INFO  c.h.p.o.HiveMQPlatformOperatorApplication - Validate Platform ServiceAccount permissions: true
2025-01-29 13:37:57,952 INFO c.h.h.t.HelmChartContainer - [hivemq-test-hivemq-platform] [hivemq-platform-operator] [82c4986f] 13:37:57.951 [main] INFO  c.h.platform.operator.util.CRDUtil - Verifying deployed HiveMQ Platform CRD...
2025-01-29 13:37:58,361 INFO c.h.h.t.HelmChartContainer - [POD] metrics-server-8584b5786c-j7cgf [d5ad4fb7-f68f-4618-9a71-d17ea48bf899] in kube-system was MODIFIED
2025-01-29 13:37:58,371 INFO c.h.h.t.HelmChartContainer - [K3S] [replica_set.go:679] "Finished syncing" kind="ReplicaSet" key="kube-system/metrics-server-8584b5786c" duration="11.476976ms"
2025-01-29 13:37:58,371 INFO c.h.h.t.HelmChartContainer - [K3S] [replica_set.go:679] "Finished syncing" kind="ReplicaSet" key="kube-system/metrics-server-8584b5786c" duration="43.451µs"
2025-01-29 13:38:00,435 INFO c.h.h.t.HelmChartContainer - [hivemq-test-hivemq-platform] [hivemq-platform-operator] [82c4986f] 13:38:00.433 [main] DEBUG c.h.platform.operator.util.CRDUtil - HiveMQ Platform CRD version v1 is up to date
2025-01-29 13:38:00,435 INFO c.h.h.t.HelmChartContainer - [hivemq-test-hivemq-platform] [hivemq-platform-operator] [82c4986f] 13:38:00.433 [main] INFO  c.h.platform.operator.util.CRDUtil - HiveMQ Platform CRD is up to date (version: V1_6_0)
2025-01-29 13:38:00,435 INFO c.h.h.t.HelmChartContainer - [hivemq-test-hivemq-platform] [hivemq-platform-operator] [82c4986f] 13:38:00.433 [main] INFO  c.h.platform.operator.util.CRDUtil - Waiting 10000 ms for HiveMQ Platform CRD 'hivemq-platforms.hivemq.com' to become ready...
2025-01-29 13:38:00,729 INFO c.h.h.t.HelmChartContainer - [hivemq-test-hivemq-platform] [hivemq-platform-operator] [82c4986f] 13:38:00.727 [vert.x-eventloop-thread-1] DEBUG c.h.platform.operator.util.CRDUtil - Checking CRD condition 'NamesAccepted' (status: 'True')
2025-01-29 13:38:00,729 INFO c.h.h.t.HelmChartContainer - [hivemq-test-hivemq-platform] [hivemq-platform-operator] [82c4986f] 13:38:00.727 [vert.x-eventloop-thread-1] DEBUG c.h.platform.operator.util.CRDUtil - Checking CRD condition 'Established' (status: 'True')
2025-01-29 13:38:00,729 INFO c.h.h.t.HelmChartContainer - [hivemq-test-hivemq-platform] [hivemq-platform-operator] [82c4986f] 13:38:00.728 [main] INFO  c.h.platform.operator.util.CRDUtil - HiveMQ Platform CRD 'hivemq-platforms.hivemq.com' is ready
2025-01-29 13:38:00,926 INFO c.h.h.t.HelmChartContainer - [hivemq-test-hivemq-platform] [hivemq-platform-operator] [82c4986f] 13:38:00.925 [main] INFO  c.h.p.o.HiveMQPlatformReconciler - HiveMQ Platform Operator is starting...
2025-01-29 13:38:01,028 INFO c.h.h.t.HelmChartContainer - [hivemq-test-hivemq-platform] [hivemq-platform-operator] [82c4986f] 13:38:01.027 [main] WARN  Default ConfigurationService implementation - Configuration for reconciler 'hivemq-controller' was not found. Known reconcilers: None.
2025-01-29 13:38:01,036 INFO c.h.h.t.HelmChartContainer - [hivemq-test-hivemq-platform] [hivemq-platform-operator] [82c4986f] 13:38:01.035 [main] INFO  Default ConfigurationService implementation - Created configuration for reconciler com.hivemq.platform.operator.HiveMQPlatformReconciler with name hivemq-controller
2025-01-29 13:38:01,142 INFO c.h.h.t.HelmChartContainer - [hivemq-test-hivemq-platform] [hivemq-platform-operator] [82c4986f] 13:38:01.141 [main] DEBUG c.h.p.o.HiveMQPlatformReconciler - HiveMQ Platform Operator is preparing EventSources
2025-01-29 13:38:01,232 INFO c.h.h.t.HelmChartContainer - [hivemq-test-hivemq-platform] [hivemq-platform-operator] [82c4986f] 13:38:01.230 [main] INFO  i.javaoperatorsdk.operator.Operator - Registered reconciler: 'hivemq-controller' for resource: 'class com.hivemq.platform.operator.v1.HiveMQPlatform' for namespace(s): [all namespaces]
2025-01-29 13:38:01,916 INFO c.h.h.t.HelmChartContainer - [hivemq-test-hivemq-platform] [hivemq-platform-operator] [82c4986f] 13:38:01.914 [main] INFO  c.h.p.operator.webserver.JettyServer - Starting Jetty server on port 8080
2025-01-29 13:38:02,024 INFO c.h.h.t.HelmChartContainer - [hivemq-test-hivemq-platform] [hivemq-platform-operator] [82c4986f] 13:38:02.016 [main] INFO  i.javaoperatorsdk.operator.Operator - Operator SDK 4.9.7 (commit: 2133d28) built on Wed Nov 20 12:56:20 UTC 2024 starting...
2025-01-29 13:38:02,025 INFO c.h.h.t.HelmChartContainer - [hivemq-test-hivemq-platform] [hivemq-platform-operator] [82c4986f] 13:38:02.023 [main] INFO  i.javaoperatorsdk.operator.Operator - Client version: 6.13.4
2025-01-29 13:38:02,026 INFO c.h.h.t.HelmChartContainer - [hivemq-test-hivemq-platform] [hivemq-platform-operator] [82c4986f] 13:38:02.025 [Controller Starter for: hivemq-controller] INFO  i.j.operator.processing.Controller - Starting 'hivemq-controller' controller for reconciler: com.hivemq.platform.operator.HiveMQPlatformReconciler, resource: com.hivemq.platform.operator.v1.HiveMQPlatform
2025-01-29 13:38:03,836 INFO c.h.h.t.HelmChartContainer - [K3S] [range_allocator.go:247] "Successfully synced" key="ddd52fe05997"
2025-01-29 13:38:04,526 INFO c.h.h.t.HelmChartContainer - [hivemq-test-hivemq-platform] [hivemq-platform-operator] [82c4986f] 13:38:04.523 [Controller Starter for: hivemq-controller] INFO  i.j.operator.processing.Controller - 'hivemq-controller' controller started
2025-01-29 13:38:04,526 INFO c.h.h.t.HelmChartContainer - [hivemq-test-hivemq-platform] [hivemq-platform-operator] [82c4986f] 13:38:04.524 [main] INFO  c.h.p.o.HiveMQPlatformOperatorApplication - HiveMQ Platform Operator 1.7.0-SNAPSHOT started in 6700 ms
2025-01-29 13:38:05,379 INFO c.h.h.t.HelmChartContainer - [POD] hivemq-test-hivemq-platform-operator-8669f546db-r7g9d [82c4986f-6009-41a7-b34b-2bfeb02cc035] in helmcontainersecuritycontextupgradeplatformit-operator was MODIFIED
2025-01-29 13:38:05,400 INFO c.h.h.t.HelmChartContainer - [K3S] [replica_set.go:679] "Finished syncing" kind="ReplicaSet" key="helmcontainersecuritycontextupgradeplatformit-operator/hivemq-test-hivemq-platform-operator-8669f546db" duration="19.608997ms"
2025-01-29 13:38:05,400 INFO c.h.h.t.HelmChartContainer - [K3S] [replica_set.go:679] "Finished syncing" kind="ReplicaSet" key="helmcontainersecuritycontextupgradeplatformit-operator/hivemq-test-hivemq-platform-operator-8669f546db" duration="42.369µs"
2025-01-29 13:38:05,562 INFO com.hivemq.helmcharts.util.K8sUtil - Pod 'hivemq-test-hivemq-platform-operator-8669f546db-r7g9d' is ready
2025-01-29 13:38:05,737 DEBUG com.hivemq.helmcharts.util.PodUtil - Received status for command '[sh, -c, stat -c "%u:%g" /proc/1]' on pod 'hivemq-test-hivemq-platform-operator-8669f546db-r7g9d' (exit code: 0)
2025-01-29 13:38:05,815 DEBUG c.h.h.t.HelmChartContainer - Executing helm command: /bin/helm --kubeconfig /etc/rancher/k3s/k3s.yaml install test-hivemq-platform /charts/hivemq-platform --wait --timeout 5m0s --set image.repository=docker.io/hivemq --set image.tag=4.36.0 --set image.pullPolicy=Never --set nodes.resources.cpu=512m -f /files/platform-container-security-context-root-user-values.yaml --namespace helmcontainersecuritycontextupgradeplatformit
2025-01-29 13:38:06,140 INFO c.h.h.t.HelmChartContainer - [hivemq-test-hivemq-platform] [hivemq-platform-operator] [82c4986f] 13:38:06.139 [-373097727-pool-1-thread-2] WARN  i.m.p.PrometheusMeterRegistry - The meter (MeterId{name='operator.sdk.events.received', tags=[tag(action=ADDED),tag(event=ResourceEvent),tag(group=hivemq.com),tag(kind=HiveMQPlatform),tag(name=test-hivemq-platform),tag(namespace=helmcontainersecuritycontextupgradeplatformit),tag(scope=namespace),tag(version=v1)]}) registration has failed: Prometheus requires that all meters with the same name have the same set of tag keys. There is already an existing meter named 'operator.sdk.events.received' containing tag keys [event, group, kind, name, namespace, scope, version]. The meter you are attempting to register has keys [action, event, group, kind, name, namespace, scope, version]. Note that subsequent logs will be logged at debug level.
2025-01-29 13:38:06,630 INFO c.h.h.t.HelmChartContainer - [hivemq-test-hivemq-platform] [hivemq-platform-operator] [82c4986f] 13:38:06.628 [pool-6-thread-3] DEBUG c.h.p.o.dependants.PodInfoConfigMap - [helmcont] Desired PodInfo ConfigMap (1 extensions) (1 enabled)
2025-01-29 13:38:06,631 INFO c.h.h.t.HelmChartContainer - [hivemq-test-hivemq-platform] [hivemq-platform-operator] [82c4986f] 13:38:06.629 [pool-6-thread-3] DEBUG c.h.p.o.dependants.PodInfoConfigMap - [helmcont] Desired PodInfo ConfigMap (metrics port: 9399) (metrics path: /)
2025-01-29 13:38:06,631 INFO c.h.h.t.HelmChartContainer - [hivemq-test-hivemq-platform] [hivemq-platform-operator] [82c4986f] 13:38:06.629 [pool-6-thread-3] DEBUG c.h.p.o.dependants.PodInfoConfigMap - [helmcont] Desired PodInfo ConfigMap (extension state hash: -1817474005)
2025-01-29 13:38:06,632 INFO c.h.h.t.HelmChartContainer - [hivemq-test-hivemq-platform] [hivemq-platform-operator] [82c4986f] 13:38:06.631 [pool-6-thread-3] DEBUG c.h.p.o.dependants.PodInfoConfigMap - [helmcont] Create PodInfo ConfigMap
2025-01-29 13:38:06,733 INFO c.h.h.t.HelmChartContainer - [hivemq-test-hivemq-platform] [hivemq-platform-operator] [82c4986f] 13:38:06.731 [pool-6-thread-5] DEBUG c.h.p.o.dependants.PodRoleResource - [helmcont] Create Role: Role(apiVersion=rbac.authorization.k8s.io/v1, kind=Role, metadata=ObjectMeta(annotations={meta.helm.sh/release-name=test-hivemq-platform, meta.helm.sh/release-namespace=helmcontainersecuritycontextupgradeplatformit}, creationTimestamp=null, deletionGracePeriodSeconds=null, deletionTimestamp=null, finalizers=[], generateName=null, generation=null, labels={helm.sh/chart=hivemq-platform-0.2.32, app.kubernetes.io/managed-by=Helm, app.kubernetes.io/name=hivemq-platform, hivemq-platform=test-hivemq-platform, app.kubernetes.io/instance=test-hivemq-platform, app.kubernetes.io/version=4.36.0}, managedFields=[], name=hivemq-platform-role-test-hivemq-platform, namespace=helmcontainersecuritycontextupgradeplatformit, ownerReferences=[OwnerReference(apiVersion=hivemq.com/v1, blockOwnerDeletion=null, controller=null, kind=HiveMQPlatform, name=test-hivemq-platform, uid=5436fcb0-9915-47f8-a02f-731b2523a0c5, additionalProperties={})], resourceVersion=null, selfLink=null, uid=null, additionalProperties={}), rules=[PolicyRule(apiGroups=[], nonResourceURLs=[], resourceNames=[], resources=[pods], verbs=[get, patch, update], additionalProperties={})], additionalProperties={})
2025-01-29 13:38:06,835 INFO c.h.h.t.HelmChartContainer - [hivemq-test-hivemq-platform] [hivemq-platform-operator] [82c4986f] 13:38:06.833 [pool-6-thread-7] DEBUG c.h.p.o.d.PodServiceAccountResource - [helmcont] Desired PodServiceAccountResource (serviceAccountName: hivemq-platform-pod-test-hivemq-platform)
2025-01-29 13:38:06,837 INFO c.h.h.t.HelmChartContainer - [hivemq-test-hivemq-platform] [hivemq-platform-operator] [82c4986f] 13:38:06.834 [pool-6-thread-7] DEBUG c.h.p.o.d.PodServiceAccountResource - [helmcont] Create ServiceAccount 'hivemq-platform-pod-test-hivemq-platform'
2025-01-29 13:38:06,941 INFO c.h.h.t.HelmChartContainer - [hivemq-test-hivemq-platform] [hivemq-platform-operator] [82c4986f] 13:38:06.940 [pool-6-thread-10] DEBUG c.h.p.o.d.PodRoleBindingResource - [helmcont] Create RoleBinding: RoleBinding(apiVersion=rbac.authorization.k8s.io/v1, kind=RoleBinding, metadata=ObjectMeta(annotations={meta.helm.sh/release-name=test-hivemq-platform, meta.helm.sh/release-namespace=helmcontainersecuritycontextupgradeplatformit}, creationTimestamp=null, deletionGracePeriodSeconds=null, deletionTimestamp=null, finalizers=[], generateName=null, generation=null, labels={helm.sh/chart=hivemq-platform-0.2.32, app.kubernetes.io/managed-by=Helm, app.kubernetes.io/name=hivemq-platform, hivemq-platform=test-hivemq-platform, app.kubernetes.io/instance=test-hivemq-platform, app.kubernetes.io/version=4.36.0}, managedFields=[], name=hivemq-platform-role-binding-test-hivemq-platform, namespace=helmcontainersecuritycontextupgradeplatformit, ownerReferences=[OwnerReference(apiVersion=hivemq.com/v1, blockOwnerDeletion=null, controller=null, kind=HiveMQPlatform, name=test-hivemq-platform, uid=5436fcb0-9915-47f8-a02f-731b2523a0c5, additionalProperties={})], resourceVersion=null, selfLink=null, uid=null, additionalProperties={}), roleRef=RoleRef(apiGroup=rbac.authorization.k8s.io, kind=Role, name=hivemq-platform-role-test-hivemq-platform, additionalProperties={}), subjects=[Subject(apiGroup=null, kind=ServiceAccount, name=hivemq-platform-pod-test-hivemq-platform, namespace=helmcontainersecuritycontextupgradeplatformit, additionalProperties={})], additionalProperties={})
2025-01-29 13:38:07,042 INFO c.h.h.t.HelmChartContainer - [hivemq-test-hivemq-platform] [hivemq-platform-operator] [82c4986f] 13:38:07.041 [ReconcilerExecutor-hivemq-controller-53] INFO  c.h.p.o.HiveMQPlatformReconciler - [helmcont] Reconciling HiveMQ Platform 'test-hivemq-platform' in namespace 'helmcontainersecuritycontextupgradeplatformit'
2025-01-29 13:38:07,042 INFO c.h.h.t.HelmChartContainer - [hivemq-test-hivemq-platform] [hivemq-platform-operator] [82c4986f] 13:38:07.041 [ReconcilerExecutor-hivemq-controller-53] DEBUG c.h.p.o.HiveMQPlatformReconciler - [helmcont] Custom Resource Status CREATED - HiveMQ Platform was created (READY)
2025-01-29 13:38:07,043 INFO c.h.h.t.HelmChartContainer - [hivemq-test-hivemq-platform] [hivemq-platform-operator] [82c4986f] 13:38:07.041 [ReconcilerExecutor-hivemq-controller-53] DEBUG c.h.p.o.HiveMQPlatformReconciler - [helmcont] Custom Resource Spec (replicas: 1) (extensions: 1)
2025-01-29 13:38:07,046 INFO c.h.h.t.HelmChartContainer - [hivemq-test-hivemq-platform] [hivemq-platform-operator] [82c4986f] 13:38:07.045 [ReconcilerExecutor-hivemq-controller-53] INFO  c.h.p.o.h.HiveMQPlatformReconcilerBaseHandler - [helmcont] HiveMQ Platform is starting
2025-01-29 13:38:07,224 INFO c.h.h.t.HelmChartContainer - [hivemq-test-hivemq-platform] [hivemq-platform-operator] [82c4986f] 13:38:07.146 [ReconcilerExecutor-hivemq-controller-53] DEBUG c.h.p.operator.event.EventSender - [helmcont] Creating K8s event hivemq-platform-starting: [Start] HiveMQ Platform is starting
2025-01-29 13:38:07,233 INFO c.h.h.t.HelmChartContainer - [EVENT] Normal [Start] HiveMQ Platform is starting [helmcontainersecuritycontextupgradeplatformit:test-hivemq-platform]
2025-01-29 13:38:07,239 INFO c.h.h.t.HelmChartContainer - [hivemq-test-hivemq-platform] [hivemq-platform-operator] [82c4986f] 13:38:07.237 [ReconcilerExecutor-hivemq-controller-53] INFO  c.h.p.o.h.AbstractHiveMQReconcilerStateHandler - [helmcont] Update HiveMQ Platform Status (CREATED [READY] -> STARTING [READY]): HiveMQ Platform is starting
2025-01-29 13:38:07,332 DEBUG com.hivemq.helmcharts.util.K8sUtil - Comparing actual state 'STARTING' and waiting for 'RUNNING'
2025-01-29 13:38:17,343 INFO c.h.h.t.HelmChartContainer - [hivemq-test-hivemq-platform] [hivemq-platform-operator] [82c4986f] 13:38:17.340 [pool-6-thread-12] DEBUG c.h.p.o.d.PlatformServiceResource - [helmcont] Desired Platform services (3 services)
2025-01-29 13:38:17,345 INFO c.h.h.t.HelmChartContainer - [hivemq-test-hivemq-platform] [hivemq-platform-operator] [82c4986f] 13:38:17.342 [pool-6-thread-13] DEBUG c.h.p.o.dependants.PodInfoConfigMap - [helmcont] Desired PodInfo ConfigMap (1 extensions) (1 enabled)
2025-01-29 13:38:17,346 INFO c.h.h.t.HelmChartContainer - [hivemq-test-hivemq-platform] [hivemq-platform-operator] [82c4986f] 13:38:17.342 [pool-6-thread-13] DEBUG c.h.p.o.dependants.PodInfoConfigMap - [helmcont] Desired PodInfo ConfigMap (metrics port: 9399) (metrics path: /)
2025-01-29 13:38:17,346 INFO c.h.h.t.HelmChartContainer - [hivemq-test-hivemq-platform] [hivemq-platform-operator] [82c4986f] 13:38:17.342 [pool-6-thread-13] DEBUG c.h.p.o.dependants.PodInfoConfigMap - [helmcont] Desired PodInfo ConfigMap (extension state hash: -1817474005)
2025-01-29 13:38:17,350 INFO c.h.h.t.HelmChartContainer - [hivemq-test-hivemq-platform] [hivemq-platform-operator] [82c4986f] 13:38:17.347 [pool-6-thread-13] DEBUG c.h.p.o.dependants.PodInfoConfigMap - [helmcont] Update PodInfo ConfigMap
2025-01-29 13:38:17,352 INFO c.h.h.t.HelmChartContainer - [hivemq-test-hivemq-platform] [hivemq-platform-operator] [82c4986f] 13:38:17.348 [pool-6-thread-17] DEBUG c.h.p.o.d.PodServiceAccountResource - [helmcont] Desired PodServiceAccountResource (serviceAccountName: hivemq-platform-pod-test-hivemq-platform)
2025-01-29 13:38:17,442 INFO c.h.h.t.HelmChartContainer - [K3S] [alloc.go:330] "allocated clusterIPs" service="helmcontainersecuritycontextupgradeplatformit/hivemq-test-hivemq-platform-metrics-9399" clusterIPs={"IPv4":"10.43.29.207"}
2025-01-29 13:38:17,530 INFO c.h.h.t.HelmChartContainer - [K3S] [alloc.go:330] "allocated clusterIPs" service="helmcontainersecuritycontextupgradeplatformit/hivemq-test-hivemq-platform-mqtt-1883" clusterIPs={"IPv4":"10.43.222.135"}
2025-01-29 13:38:17,541 INFO c.h.h.t.HelmChartContainer - [K3S] [alloc.go:330] "allocated clusterIPs" service="helmcontainersecuritycontextupgradeplatformit/hivemq-test-hivemq-platform-cc-8080" clusterIPs={"IPv4":"10.43.232.71"}
2025-01-29 13:38:17,625 INFO c.h.h.t.HelmChartContainer - [hivemq-test-hivemq-platform] [hivemq-platform-operator] [82c4986f] 13:38:17.623 [pool-6-thread-20] DEBUG c.h.p.o.d.StatefulSetResource - [helmcont] Desired StatefulSet (1 replicas) for status STARTING (READY)
2025-01-29 13:38:17,639 INFO c.h.h.t.HelmChartContainer - [hivemq-test-hivemq-platform] [hivemq-platform-operator] [82c4986f] 13:38:17.637 [pool-6-thread-20] DEBUG c.h.p.o.d.StatefulSetResource - [helmcont] Create StatefulSet
2025-01-29 13:38:17,743 INFO c.h.h.t.HelmChartContainer - [hivemq-test-hivemq-platform] [hivemq-platform-operator] [82c4986f] 13:38:17.738 [ReconcilerExecutor-hivemq-controller-64] INFO  c.h.p.o.HiveMQPlatformReconciler - [helmcont] Reconciling HiveMQ Platform 'test-hivemq-platform' in namespace 'helmcontainersecuritycontextupgradeplatformit'
2025-01-29 13:38:17,743 INFO c.h.h.t.HelmChartContainer - [hivemq-test-hivemq-platform] [hivemq-platform-operator] [82c4986f] 13:38:17.738 [ReconcilerExecutor-hivemq-controller-64] DEBUG c.h.p.o.HiveMQPlatformReconciler - [helmcont] Custom Resource Status STARTING - HiveMQ Platform is starting (READY)
2025-01-29 13:38:17,743 INFO c.h.h.t.HelmChartContainer - [hivemq-test-hivemq-platform] [hivemq-platform-operator] [82c4986f] 13:38:17.738 [ReconcilerExecutor-hivemq-controller-64] DEBUG c.h.p.o.HiveMQPlatformReconciler - [helmcont] Custom Resource Spec (replicas: 1) (extensions: 1)
2025-01-29 13:38:17,748 INFO c.h.h.t.HelmChartContainer - [hivemq-test-hivemq-platform] [hivemq-platform-operator] [82c4986f] 13:38:17.747 [ReconcilerExecutor-hivemq-controller-64] DEBUG c.h.p.o.HiveMQPlatformReconciler - [helmcont] StatefulSet Status (revision: null, replicas: 0, available: 0, ready: 0, current: 0, updated: 0)
2025-01-29 13:38:17,748 INFO c.h.h.t.HelmChartContainer - [hivemq-test-hivemq-platform] [hivemq-platform-operator] [82c4986f] 13:38:17.747 [ReconcilerExecutor-hivemq-controller-64] DEBUG c.h.p.o.HiveMQPlatformReconciler - [helmcont] StatefulSet Spec (replicas: 1, init containers: 1, containers: 1, volumes: 3)
2025-01-29 13:38:17,760 INFO c.h.h.t.HelmChartContainer - [POD] test-hivemq-platform-0 [66d41060-9cb0-45fb-bb9d-f24852e7678f] in helmcontainersecuritycontextupgradeplatformit was ADDED
2025-01-29 13:38:17,760 INFO c.h.h.t.HelmChartContainer - [EVENT] Normal [SuccessfulCreate] create Pod test-hivemq-platform-0 in StatefulSet test-hivemq-platform successful [helmcontainersecuritycontextupgradeplatformit:test-hivemq-platform]
2025-01-29 13:38:17,767 INFO c.h.h.t.HelmChartContainer - [POD] test-hivemq-platform-0 [66d41060-9cb0-45fb-bb9d-f24852e7678f] in helmcontainersecuritycontextupgradeplatformit was MODIFIED
2025-01-29 13:38:17,767 INFO c.h.h.t.HelmChartContainer - [EVENT] Normal [Scheduled] Successfully assigned helmcontainersecuritycontextupgradeplatformit/test-hivemq-platform-0 to ddd52fe05997 [helmcontainersecuritycontextupgradeplatformit:test-hivemq-platform-0]
2025-01-29 13:38:17,784 INFO c.h.h.t.HelmChartContainer - [POD] test-hivemq-platform-0 [66d41060-9cb0-45fb-bb9d-f24852e7678f] in helmcontainersecuritycontextupgradeplatformit was MODIFIED
2025-01-29 13:38:17,840 INFO c.h.h.t.HelmChartContainer - [hivemq-test-hivemq-platform] [hivemq-platform-operator] [82c4986f] 13:38:17.833 [ReconcilerExecutor-hivemq-controller-64] INFO  c.h.p.o.h.HiveMQPlatformReconcilerBaseHandler - [helmcont] HiveMQ Platform is starting, 0 of 1 replicas are ready
2025-01-29 13:38:17,844 INFO c.h.h.t.HelmChartContainer - [hivemq-test-hivemq-platform] [hivemq-platform-operator] [82c4986f] 13:38:17.843 [pool-6-thread-22] DEBUG c.h.p.o.d.PlatformServiceResource - [helmcont] Desired Platform services (3 services)
2025-01-29 13:38:17,929 INFO c.h.h.t.HelmChartContainer - [hivemq-test-hivemq-platform] [hivemq-platform-operator] [82c4986f] 13:38:17.927 [pool-6-thread-23] DEBUG c.h.p.o.dependants.PodInfoConfigMap - [helmcont] Desired PodInfo ConfigMap (1 extensions) (1 enabled)
2025-01-29 13:38:17,931 INFO c.h.h.t.HelmChartContainer - [K3S] [reconciler_common.go:251] "operationExecutor.VerifyControllerAttachedVolume started for volume \"pod-info\" (UniqueName: \"kubernetes.io/configmap/66d41060-9cb0-45fb-bb9d-f24852e7678f-pod-info\") pod \"test-hivemq-platform-0\" (UID: \"66d41060-9cb0-45fb-bb9d-f24852e7678f\") " pod="helmcontainersecuritycontextupgradeplatformit/test-hivemq-platform-0"
2025-01-29 13:38:17,932 INFO c.h.h.t.HelmChartContainer - [K3S] [reconciler_common.go:251] "operationExecutor.VerifyControllerAttachedVolume started for volume \"broker-configuration\" (UniqueName: \"kubernetes.io/configmap/66d41060-9cb0-45fb-bb9d-f24852e7678f-broker-configuration\") pod \"test-hivemq-platform-0\" (UID: \"66d41060-9cb0-45fb-bb9d-f24852e7678f\") " pod="helmcontainersecuritycontextupgradeplatformit/test-hivemq-platform-0"
2025-01-29 13:38:17,932 INFO c.h.h.t.HelmChartContainer - [K3S] [reconciler_common.go:251] "operationExecutor.VerifyControllerAttachedVolume started for volume \"operator-init\" (UniqueName: \"kubernetes.io/empty-dir/66d41060-9cb0-45fb-bb9d-f24852e7678f-operator-init\") pod \"test-hivemq-platform-0\" (UID: \"66d41060-9cb0-45fb-bb9d-f24852e7678f\") " pod="helmcontainersecuritycontextupgradeplatformit/test-hivemq-platform-0"
2025-01-29 13:38:17,932 INFO c.h.h.t.HelmChartContainer - [K3S] [reconciler_common.go:251] "operationExecutor.VerifyControllerAttachedVolume started for volume \"kube-api-access-5v9r6\" (UniqueName: \"kubernetes.io/projected/66d41060-9cb0-45fb-bb9d-f24852e7678f-kube-api-access-5v9r6\") pod \"test-hivemq-platform-0\" (UID: \"66d41060-9cb0-45fb-bb9d-f24852e7678f\") " pod="helmcontainersecuritycontextupgradeplatformit/test-hivemq-platform-0"
2025-01-29 13:38:17,932 INFO c.h.h.t.HelmChartContainer - [hivemq-test-hivemq-platform] [hivemq-platform-operator] [82c4986f] 13:38:17.930 [pool-6-thread-23] DEBUG c.h.p.o.dependants.PodInfoConfigMap - [helmcont] Desired PodInfo ConfigMap (metrics port: 9399) (metrics path: /)
2025-01-29 13:38:17,932 INFO c.h.h.t.HelmChartContainer - [hivemq-test-hivemq-platform] [hivemq-platform-operator] [82c4986f] 13:38:17.930 [pool-6-thread-23] DEBUG c.h.p.o.dependants.PodInfoConfigMap - [helmcont] Desired PodInfo ConfigMap (extension state hash: -1817474005)
2025-01-29 13:38:17,936 INFO c.h.h.t.HelmChartContainer - [hivemq-test-hivemq-platform] [hivemq-platform-operator] [82c4986f] 13:38:17.934 [pool-6-thread-27] DEBUG c.h.p.o.d.PodServiceAccountResource - [helmcont] Desired PodServiceAccountResource (serviceAccountName: hivemq-platform-pod-test-hivemq-platform)
2025-01-29 13:38:18,027 INFO c.h.h.t.HelmChartContainer - [hivemq-test-hivemq-platform] [hivemq-platform-operator] [82c4986f] 13:38:18.025 [pool-6-thread-30] DEBUG c.h.p.o.d.StatefulSetResource - [helmcont] Desired StatefulSet (1 replicas) for status STARTING (READY)
2025-01-29 13:38:18,038 INFO c.h.h.t.HelmChartContainer - [hivemq-test-hivemq-platform] [hivemq-platform-operator] [82c4986f] 13:38:18.033 [ReconcilerExecutor-hivemq-controller-76] INFO  c.h.p.o.HiveMQPlatformReconciler - [helmcont] Reconciling HiveMQ Platform 'test-hivemq-platform' in namespace 'helmcontainersecuritycontextupgradeplatformit'
2025-01-29 13:38:18,040 INFO c.h.h.t.HelmChartContainer - [hivemq-test-hivemq-platform] [hivemq-platform-operator] [82c4986f] 13:38:18.034 [ReconcilerExecutor-hivemq-controller-76] DEBUG c.h.p.o.HiveMQPlatformReconciler - [helmcont] Custom Resource Status STARTING - HiveMQ Platform is starting (READY)
2025-01-29 13:38:18,040 INFO c.h.h.t.HelmChartContainer - [hivemq-test-hivemq-platform] [hivemq-platform-operator] [82c4986f] 13:38:18.034 [ReconcilerExecutor-hivemq-controller-76] DEBUG c.h.p.o.HiveMQPlatformReconciler - [helmcont] Custom Resource Spec (replicas: 1) (extensions: 1)
2025-01-29 13:38:18,041 INFO c.h.h.t.HelmChartContainer - [hivemq-test-hivemq-platform] [hivemq-platform-operator] [82c4986f] 13:38:18.039 [ReconcilerExecutor-hivemq-controller-76] DEBUG c.h.p.o.HiveMQPlatformReconciler - [helmcont] StatefulSet Status (revision: test-hivemq-platform-5fb49467b6, replicas: 1, available: 0, ready: 0, current: 1, updated: 1)
2025-01-29 13:38:18,041 INFO c.h.h.t.HelmChartContainer - [hivemq-test-hivemq-platform] [hivemq-platform-operator] [82c4986f] 13:38:18.039 [ReconcilerExecutor-hivemq-controller-76] DEBUG c.h.p.o.HiveMQPlatformReconciler - [helmcont] StatefulSet Spec (replicas: 1, init containers: 1, containers: 1, volumes: 3)
2025-01-29 13:38:18,143 INFO c.h.h.t.HelmChartContainer - [hivemq-test-hivemq-platform] [hivemq-platform-operator] [82c4986f] 13:38:18.140 [ReconcilerExecutor-hivemq-controller-76] DEBUG c.h.p.o.h.HiveMQPlatformReconcilerErrorHandler - [helmcont] Pod 'test-hivemq-platform-0' phase Pending
2025-01-29 13:38:18,144 INFO c.h.h.t.HelmChartContainer - [hivemq-test-hivemq-platform] [hivemq-platform-operator] [82c4986f] 13:38:18.142 [ReconcilerExecutor-hivemq-controller-76] DEBUG c.h.p.o.h.HiveMQPlatformReconcilerErrorHandler - [helmcont] Pod 'test-hivemq-platform-0' condition 'PodReadyToStartContainers': False
2025-01-29 13:38:18,145 INFO c.h.h.t.HelmChartContainer - [hivemq-test-hivemq-platform] [hivemq-platform-operator] [82c4986f] 13:38:18.143 [ReconcilerExecutor-hivemq-controller-76] DEBUG c.h.p.o.h.HiveMQPlatformReconcilerErrorHandler - [helmcont] Pod 'test-hivemq-platform-0' condition 'Initialized': False
2025-01-29 13:38:18,146 INFO c.h.h.t.HelmChartContainer - [hivemq-test-hivemq-platform] [hivemq-platform-operator] [82c4986f] 13:38:18.143 [ReconcilerExecutor-hivemq-controller-76] DEBUG c.h.p.o.h.HiveMQPlatformReconcilerErrorHandler - [helmcont] Pod 'test-hivemq-platform-0' condition 'Ready': False
2025-01-29 13:38:18,146 INFO c.h.h.t.HelmChartContainer - [hivemq-test-hivemq-platform] [hivemq-platform-operator] [82c4986f] 13:38:18.143 [ReconcilerExecutor-hivemq-controller-76] DEBUG c.h.p.o.h.HiveMQPlatformReconcilerErrorHandler - [helmcont] Pod 'test-hivemq-platform-0' condition 'ContainersReady': False
2025-01-29 13:38:18,146 INFO c.h.h.t.HelmChartContainer - [hivemq-test-hivemq-platform] [hivemq-platform-operator] [82c4986f] 13:38:18.143 [ReconcilerExecutor-hivemq-controller-76] DEBUG c.h.p.o.h.HiveMQPlatformReconcilerErrorHandler - [helmcont] Pod 'test-hivemq-platform-0' condition 'PodScheduled': True
2025-01-29 13:38:18,146 INFO c.h.h.t.HelmChartContainer - [hivemq-test-hivemq-platform] [hivemq-platform-operator] [82c4986f] 13:38:18.144 [ReconcilerExecutor-hivemq-controller-76] DEBUG c.h.p.o.h.HiveMQPlatformReconcilerErrorHandler - [helmcont] Pod 'test-hivemq-platform-0' containerStatus 'hivemq' (started: false) (ready: false) (waiting: [PodInitializing] null)
2025-01-29 13:38:18,170 INFO c.h.h.t.HelmChartContainer - [EVENT] Normal [Pulled] Container image "docker.io/hivemq/hivemq-platform-operator-init-test:snapshot" already present on machine [helmcontainersecuritycontextupgradeplatformit:test-hivemq-platform-0]
2025-01-29 13:38:18,177 INFO c.h.h.t.HelmChartContainer - [EVENT] Normal [Created] Created container: hivemq-platform-operator-init [helmcontainersecuritycontextupgradeplatformit:test-hivemq-platform-0]
2025-01-29 13:38:18,213 INFO c.h.h.t.HelmChartContainer - [EVENT] Normal [Started] Started container hivemq-platform-operator-init [helmcontainersecuritycontextupgradeplatformit:test-hivemq-platform-0]
2025-01-29 13:38:18,226 INFO c.h.h.t.HelmChartContainer - [hivemq-test-hivemq-platform] [hivemq-platform-operator] [82c4986f] 13:38:18.224 [ReconcilerExecutor-hivemq-controller-76] INFO  c.h.p.o.h.HiveMQPlatformReconcilerBaseHandler - [helmcont] HiveMQ Platform is starting, 0 of 1 replicas are ready
2025-01-29 13:38:18,239 INFO c.h.h.t.HelmChartContainer - [hivemq-test-hivemq-platform] [hivemq-platform-operator] [82c4986f] 13:38:18.236 [pool-6-thread-32] DEBUG c.h.p.o.d.PlatformServiceResource - [helmcont] Desired Platform services (3 services)
2025-01-29 13:38:18,242 INFO c.h.h.t.HelmChartContainer - [hivemq-test-hivemq-platform] [hivemq-platform-operator] [82c4986f] 13:38:18.240 [pool-6-thread-33] DEBUG c.h.p.o.dependants.PodInfoConfigMap - [helmcont] Desired PodInfo ConfigMap (1 extensions) (1 enabled)
2025-01-29 13:38:18,242 INFO c.h.h.t.HelmChartContainer - [hivemq-test-hivemq-platform] [hivemq-platform-operator] [82c4986f] 13:38:18.240 [pool-6-thread-33] DEBUG c.h.p.o.dependants.PodInfoConfigMap - [helmcont] Desired PodInfo ConfigMap (metrics port: 9399) (metrics path: /)
2025-01-29 13:38:18,242 INFO c.h.h.t.HelmChartContainer - [hivemq-test-hivemq-platform] [hivemq-platform-operator] [82c4986f] 13:38:18.240 [pool-6-thread-33] DEBUG c.h.p.o.dependants.PodInfoConfigMap - [helmcont] Desired PodInfo ConfigMap (extension state hash: -1817474005)
2025-01-29 13:38:18,243 INFO c.h.h.t.HelmChartContainer - [hivemq-test-hivemq-platform] [hivemq-platform-operator] [82c4986f] 13:38:18.242 [pool-6-thread-37] DEBUG c.h.p.o.d.PodServiceAccountResource - [helmcont] Desired PodServiceAccountResource (serviceAccountName: hivemq-platform-pod-test-hivemq-platform)
2025-01-29 13:38:18,337 INFO c.h.h.t.HelmChartContainer - [hivemq-test-hivemq-platform] [hivemq-platform-operator] [82c4986f] 13:38:18.333 [pool-6-thread-40] DEBUG c.h.p.o.d.StatefulSetResource - [helmcont] Desired StatefulSet (1 replicas) for status STARTING (READY)
2025-01-29 13:38:18,345 INFO c.h.h.t.HelmChartContainer - [hivemq-test-hivemq-platform] [hivemq-platform-operator] [82c4986f] 13:38:18.343 [ReconcilerExecutor-hivemq-controller-87] INFO  c.h.p.o.HiveMQPlatformReconciler - [helmcont] Reconciling HiveMQ Platform 'test-hivemq-platform' in namespace 'helmcontainersecuritycontextupgradeplatformit'
2025-01-29 13:38:18,346 INFO c.h.h.t.HelmChartContainer - [hivemq-test-hivemq-platform] [hivemq-platform-operator] [82c4986f] 13:38:18.344 [ReconcilerExecutor-hivemq-controller-87] DEBUG c.h.p.o.HiveMQPlatformReconciler - [helmcont] Custom Resource Status STARTING - HiveMQ Platform is starting (READY)
2025-01-29 13:38:18,346 INFO c.h.h.t.HelmChartContainer - [hivemq-test-hivemq-platform] [hivemq-platform-operator] [82c4986f] 13:38:18.344 [ReconcilerExecutor-hivemq-controller-87] DEBUG c.h.p.o.HiveMQPlatformReconciler - [helmcont] Custom Resource Spec (replicas: 1) (extensions: 1)
2025-01-29 13:38:18,347 INFO c.h.h.t.HelmChartContainer - [hivemq-test-hivemq-platform] [hivemq-platform-operator] [82c4986f] 13:38:18.346 [ReconcilerExecutor-hivemq-controller-87] DEBUG c.h.p.o.HiveMQPlatformReconciler - [helmcont] StatefulSet Status (revision: test-hivemq-platform-5fb49467b6, replicas: 1, available: 0, ready: 0, current: 1, updated: 1)
2025-01-29 13:38:18,348 INFO c.h.h.t.HelmChartContainer - [hivemq-test-hivemq-platform] [hivemq-platform-operator] [82c4986f] 13:38:18.346 [ReconcilerExecutor-hivemq-controller-87] DEBUG c.h.p.o.HiveMQPlatformReconciler - [helmcont] StatefulSet Spec (replicas: 1, init containers: 1, containers: 1, volumes: 3)
2025-01-29 13:38:18,446 INFO c.h.h.t.HelmChartContainer - [POD] test-hivemq-platform-0 [66d41060-9cb0-45fb-bb9d-f24852e7678f] in helmcontainersecuritycontextupgradeplatformit was MODIFIED
2025-01-29 13:38:18,448 INFO c.h.h.t.HelmChartContainer - [hivemq-test-hivemq-platform] [hivemq-platform-operator] [82c4986f] 13:38:18.423 [ReconcilerExecutor-hivemq-controller-87] DEBUG c.h.p.o.h.HiveMQPlatformReconcilerErrorHandler - [helmcont] Pod 'test-hivemq-platform-0' phase Pending
2025-01-29 13:38:18,448 INFO c.h.h.t.HelmChartContainer - [hivemq-test-hivemq-platform] [hivemq-platform-operator] [82c4986f] 13:38:18.423 [ReconcilerExecutor-hivemq-controller-87] DEBUG c.h.p.o.h.HiveMQPlatformReconcilerErrorHandler - [helmcont] Pod 'test-hivemq-platform-0' condition 'PodReadyToStartContainers': False
2025-01-29 13:38:18,448 INFO c.h.h.t.HelmChartContainer - [hivemq-test-hivemq-platform] [hivemq-platform-operator] [82c4986f] 13:38:18.423 [ReconcilerExecutor-hivemq-controller-87] DEBUG c.h.p.o.h.HiveMQPlatformReconcilerErrorHandler - [helmcont] Pod 'test-hivemq-platform-0' condition 'Initialized': False
2025-01-29 13:38:18,448 INFO c.h.h.t.HelmChartContainer - [hivemq-test-hivemq-platform] [hivemq-platform-operator] [82c4986f] 13:38:18.423 [ReconcilerExecutor-hivemq-controller-87] DEBUG c.h.p.o.h.HiveMQPlatformReconcilerErrorHandler - [helmcont] Pod 'test-hivemq-platform-0' condition 'Ready': False
2025-01-29 13:38:18,448 INFO c.h.h.t.HelmChartContainer - [hivemq-test-hivemq-platform] [hivemq-platform-operator] [82c4986f] 13:38:18.423 [ReconcilerExecutor-hivemq-controller-87] DEBUG c.h.p.o.h.HiveMQPlatformReconcilerErrorHandler - [helmcont] Pod 'test-hivemq-platform-0' condition 'ContainersReady': False
2025-01-29 13:38:18,448 INFO c.h.h.t.HelmChartContainer - [hivemq-test-hivemq-platform] [hivemq-platform-operator] [82c4986f] 13:38:18.423 [ReconcilerExecutor-hivemq-controller-87] DEBUG c.h.p.o.h.HiveMQPlatformReconcilerErrorHandler - [helmcont] Pod 'test-hivemq-platform-0' condition 'PodScheduled': True
2025-01-29 13:38:18,448 INFO c.h.h.t.HelmChartContainer - [hivemq-test-hivemq-platform] [hivemq-platform-operator] [82c4986f] 13:38:18.424 [ReconcilerExecutor-hivemq-controller-87] DEBUG c.h.p.o.h.HiveMQPlatformReconcilerErrorHandler - [helmcont] Pod 'test-hivemq-platform-0' containerStatus 'hivemq' (started: false) (ready: false) (waiting: [PodInitializing] null)
2025-01-29 13:38:18,448 INFO c.h.h.t.HelmChartContainer - [hivemq-test-hivemq-platform] [hivemq-platform-operator] [82c4986f] 13:38:18.425 [ReconcilerExecutor-hivemq-controller-87] INFO  c.h.p.o.h.HiveMQPlatformReconcilerBaseHandler - [helmcont] HiveMQ Platform is starting, 0 of 1 replicas are ready
2025-01-29 13:38:18,469 INFO c.h.h.t.HelmChartContainer - [hivemq-test-hivemq-platform] [hivemq-platform-operator] [82c4986f] 13:38:18.467 [pool-6-thread-42] DEBUG c.h.p.o.d.PlatformServiceResource - [helmcont] Desired Platform services (3 services)
2025-01-29 13:38:18,527 INFO c.h.h.t.HelmChartContainer - [hivemq-test-hivemq-platform] [hivemq-platform-operator] [82c4986f] 13:38:18.524 [pool-6-thread-43] DEBUG c.h.p.o.dependants.PodInfoConfigMap - [helmcont] Desired PodInfo ConfigMap (1 extensions) (1 enabled)
2025-01-29 13:38:18,527 INFO c.h.h.t.HelmChartContainer - [hivemq-test-hivemq-platform] [hivemq-platform-operator] [82c4986f] 13:38:18.524 [pool-6-thread-43] DEBUG c.h.p.o.dependants.PodInfoConfigMap - [helmcont] Desired PodInfo ConfigMap (metrics port: 9399) (metrics path: /)
2025-01-29 13:38:18,527 INFO c.h.h.t.HelmChartContainer - [hivemq-test-hivemq-platform] [hivemq-platform-operator] [82c4986f] 13:38:18.524 [pool-6-thread-43] DEBUG c.h.p.o.dependants.PodInfoConfigMap - [helmcont] Desired PodInfo ConfigMap (extension state hash: -1817474005)
2025-01-29 13:38:18,529 INFO c.h.h.t.HelmChartContainer - [hivemq-test-hivemq-platform] [hivemq-platform-operator] [82c4986f] 13:38:18.527 [pool-6-thread-47] DEBUG c.h.p.o.d.PodServiceAccountResource - [helmcont] Desired PodServiceAccountResource (serviceAccountName: hivemq-platform-pod-test-hivemq-platform)
2025-01-29 13:38:18,539 INFO c.h.h.t.HelmChartContainer - [hivemq-test-hivemq-platform] [hivemq-platform-operator] [82c4986f] 13:38:18.536 [pool-6-thread-50] DEBUG c.h.p.o.d.StatefulSetResource - [helmcont] Desired StatefulSet (1 replicas) for status STARTING (READY)
2025-01-29 13:38:18,627 INFO c.h.h.t.HelmChartContainer - [hivemq-test-hivemq-platform] [hivemq-platform-operator] [82c4986f] 13:38:18.625 [ReconcilerExecutor-hivemq-controller-98] INFO  c.h.p.o.HiveMQPlatformReconciler - [helmcont] Reconciling HiveMQ Platform 'test-hivemq-platform' in namespace 'helmcontainersecuritycontextupgradeplatformit'
2025-01-29 13:38:18,627 INFO c.h.h.t.HelmChartContainer - [hivemq-test-hivemq-platform] [hivemq-platform-operator] [82c4986f] 13:38:18.626 [ReconcilerExecutor-hivemq-controller-98] DEBUG c.h.p.o.HiveMQPlatformReconciler - [helmcont] Custom Resource Status STARTING - HiveMQ Platform is starting (READY)
2025-01-29 13:38:18,628 INFO c.h.h.t.HelmChartContainer - [hivemq-test-hivemq-platform] [hivemq-platform-operator] [82c4986f] 13:38:18.626 [ReconcilerExecutor-hivemq-controller-98] DEBUG c.h.p.o.HiveMQPlatformReconciler - [helmcont] Custom Resource Spec (replicas: 1) (extensions: 1)
2025-01-29 13:38:18,630 INFO c.h.h.t.HelmChartContainer - [hivemq-test-hivemq-platform] [hivemq-platform-operator] [82c4986f] 13:38:18.629 [ReconcilerExecutor-hivemq-controller-98] DEBUG c.h.p.o.HiveMQPlatformReconciler - [helmcont] StatefulSet Status (revision: test-hivemq-platform-5fb49467b6, replicas: 1, available: 0, ready: 0, current: 1, updated: 1)
2025-01-29 13:38:18,633 INFO c.h.h.t.HelmChartContainer - [hivemq-test-hivemq-platform] [hivemq-platform-operator] [82c4986f] 13:38:18.629 [ReconcilerExecutor-hivemq-controller-98] DEBUG c.h.p.o.HiveMQPlatformReconciler - [helmcont] StatefulSet Spec (replicas: 1, init containers: 1, containers: 1, volumes: 3)
2025-01-29 13:38:18,638 INFO c.h.h.t.HelmChartContainer - [hivemq-test-hivemq-platform] [hivemq-platform-operator] [82c4986f] 13:38:18.635 [ReconcilerExecutor-hivemq-controller-98] DEBUG c.h.p.o.h.HiveMQPlatformReconcilerErrorHandler - [helmcont] Pod 'test-hivemq-platform-0' phase Pending
2025-01-29 13:38:18,639 INFO c.h.h.t.HelmChartContainer - [hivemq-test-hivemq-platform] [hivemq-platform-operator] [82c4986f] 13:38:18.635 [ReconcilerExecutor-hivemq-controller-98] DEBUG c.h.p.o.h.HiveMQPlatformReconcilerErrorHandler - [helmcont] Pod 'test-hivemq-platform-0' condition 'PodReadyToStartContainers': True
2025-01-29 13:38:18,639 INFO c.h.h.t.HelmChartContainer - [hivemq-test-hivemq-platform] [hivemq-platform-operator] [82c4986f] 13:38:18.635 [ReconcilerExecutor-hivemq-controller-98] DEBUG c.h.p.o.h.HiveMQPlatformReconcilerErrorHandler - [helmcont] Pod 'test-hivemq-platform-0' condition 'Initialized': False
2025-01-29 13:38:18,639 INFO c.h.h.t.HelmChartContainer - [hivemq-test-hivemq-platform] [hivemq-platform-operator] [82c4986f] 13:38:18.635 [ReconcilerExecutor-hivemq-controller-98] DEBUG c.h.p.o.h.HiveMQPlatformReconcilerErrorHandler - [helmcont] Pod 'test-hivemq-platform-0' condition 'Ready': False
2025-01-29 13:38:18,639 INFO c.h.h.t.HelmChartContainer - [hivemq-test-hivemq-platform] [hivemq-platform-operator] [82c4986f] 13:38:18.636 [ReconcilerExecutor-hivemq-controller-98] DEBUG c.h.p.o.h.HiveMQPlatformReconcilerErrorHandler - [helmcont] Pod 'test-hivemq-platform-0' condition 'ContainersReady': False
2025-01-29 13:38:18,639 INFO c.h.h.t.HelmChartContainer - [hivemq-test-hivemq-platform] [hivemq-platform-operator] [82c4986f] 13:38:18.636 [ReconcilerExecutor-hivemq-controller-98] DEBUG c.h.p.o.h.HiveMQPlatformReconcilerErrorHandler - [helmcont] Pod 'test-hivemq-platform-0' condition 'PodScheduled': True
2025-01-29 13:38:18,639 INFO c.h.h.t.HelmChartContainer - [hivemq-test-hivemq-platform] [hivemq-platform-operator] [82c4986f] 13:38:18.636 [ReconcilerExecutor-hivemq-controller-98] DEBUG c.h.p.o.h.HiveMQPlatformReconcilerErrorHandler - [helmcont] Pod 'test-hivemq-platform-0' containerStatus 'hivemq' (started: false) (ready: false) (waiting: [PodInitializing] null)
2025-01-29 13:38:18,640 INFO c.h.h.t.HelmChartContainer - [hivemq-test-hivemq-platform] [hivemq-platform-operator] [82c4986f] 13:38:18.639 [ReconcilerExecutor-hivemq-controller-98] INFO  c.h.p.o.h.HiveMQPlatformReconcilerBaseHandler - [helmcont] HiveMQ Platform is starting, 0 of 1 replicas are ready
2025-01-29 13:38:19,412 INFO c.h.h.t.HelmChartContainer - [EVENT] Normal [Pulled] Container image "docker.io/hivemq/hivemq4:4.36.0" already present on machine [helmcontainersecuritycontextupgradeplatformit:test-hivemq-platform-0]
2025-01-29 13:38:19,412 INFO c.h.h.t.HelmChartContainer - Received Pulled event for container hivemq in pod test-hivemq-platform-0 [66d41060-9cb0-45fb-bb9d-f24852e7678f]
2025-01-29 13:38:19,421 INFO c.h.h.t.HelmChartContainer - [POD] test-hivemq-platform-0 [66d41060-9cb0-45fb-bb9d-f24852e7678f] in helmcontainersecuritycontextupgradeplatformit was MODIFIED
2025-01-29 13:38:19,428 INFO c.h.h.t.HelmChartContainer - [hivemq-test-hivemq-platform] [hivemq-platform-operator] [82c4986f] 13:38:19.425 [pool-6-thread-8] DEBUG c.h.p.o.d.PlatformServiceResource - [helmcont] Desired Platform services (3 services)
2025-01-29 13:38:19,429 INFO c.h.h.t.HelmChartContainer - [hivemq-test-hivemq-platform] [hivemq-platform-operator] [82c4986f] 13:38:19.428 [pool-6-thread-9] DEBUG c.h.p.o.dependants.PodInfoConfigMap - [helmcont] Desired PodInfo ConfigMap (1 extensions) (1 enabled)
2025-01-29 13:38:19,431 INFO c.h.h.t.HelmChartContainer - [hivemq-test-hivemq-platform] [hivemq-platform-operator] [82c4986f] 13:38:19.430 [pool-6-thread-9] DEBUG c.h.p.o.dependants.PodInfoConfigMap - [helmcont] Desired PodInfo ConfigMap (metrics port: 9399) (metrics path: /)
2025-01-29 13:38:19,435 INFO c.h.h.t.HelmChartContainer - [hivemq-test-hivemq-platform] [hivemq-platform-operator] [82c4986f] 13:38:19.430 [pool-6-thread-9] DEBUG c.h.p.o.dependants.PodInfoConfigMap - [helmcont] Desired PodInfo ConfigMap (extension state hash: -1817474005)
2025-01-29 13:38:19,435 INFO c.h.h.t.HelmChartContainer - [hivemq-test-hivemq-platform] [hivemq-platform-operator] [82c4986f] 13:38:19.428 [pool-6-thread-6] DEBUG c.h.p.o.d.PodServiceAccountResource - [helmcont] Desired PodServiceAccountResource (serviceAccountName: hivemq-platform-pod-test-hivemq-platform)
2025-01-29 13:38:19,436 INFO c.h.h.t.HelmChartContainer - [hivemq-test-hivemq-platform] [hivemq-platform-operator] [82c4986f] 13:38:19.436 [pool-6-thread-9] DEBUG c.h.p.o.d.StatefulSetResource - [helmcont] Desired StatefulSet (1 replicas) for status STARTING (READY)
2025-01-29 13:38:19,439 INFO c.h.h.t.HelmChartContainer - [EVENT] Normal [Created] Created container: hivemq [helmcontainersecuritycontextupgradeplatformit:test-hivemq-platform-0]
2025-01-29 13:38:19,439 INFO c.h.h.t.HelmChartContainer - Received Created event for container hivemq in pod test-hivemq-platform-0 [66d41060-9cb0-45fb-bb9d-f24852e7678f]
2025-01-29 13:38:19,517 INFO c.h.h.t.HelmChartContainer - [hivemq-test-hivemq-platform] [hivemq-platform-operator] [82c4986f] 13:38:19.514 [ReconcilerExecutor-hivemq-controller-109] INFO  c.h.p.o.HiveMQPlatformReconciler - [helmcont] Reconciling HiveMQ Platform 'test-hivemq-platform' in namespace 'helmcontainersecuritycontextupgradeplatformit'
2025-01-29 13:38:19,517 INFO c.h.h.t.HelmChartContainer - [hivemq-test-hivemq-platform] [hivemq-platform-operator] [82c4986f] 13:38:19.515 [ReconcilerExecutor-hivemq-controller-109] DEBUG c.h.p.o.HiveMQPlatformReconciler - [helmcont] Custom Resource Status STARTING - HiveMQ Platform is starting (READY)
2025-01-29 13:38:19,517 INFO c.h.h.t.HelmChartContainer - [hivemq-test-hivemq-platform] [hivemq-platform-operator] [82c4986f] 13:38:19.515 [ReconcilerExecutor-hivemq-controller-109] DEBUG c.h.p.o.HiveMQPlatformReconciler - [helmcont] Custom Resource Spec (replicas: 1) (extensions: 1)
2025-01-29 13:38:19,528 INFO c.h.h.t.HelmChartContainer - [hivemq-test-hivemq-platform] [hivemq-platform-operator] [82c4986f] 13:38:19.525 [ReconcilerExecutor-hivemq-controller-109] DEBUG c.h.p.o.HiveMQPlatformReconciler - [helmcont] StatefulSet Status (revision: test-hivemq-platform-5fb49467b6, replicas: 1, available: 0, ready: 0, current: 1, updated: 1)
2025-01-29 13:38:19,530 INFO c.h.h.t.HelmChartContainer - [hivemq-test-hivemq-platform] [hivemq-platform-operator] [82c4986f] 13:38:19.525 [ReconcilerExecutor-hivemq-controller-109] DEBUG c.h.p.o.HiveMQPlatformReconciler - [helmcont] StatefulSet Spec (replicas: 1, init containers: 1, containers: 1, volumes: 3)
2025-01-29 13:38:19,530 INFO c.h.h.t.HelmChartContainer - [hivemq-test-hivemq-platform] [hivemq-platform-operator] [82c4986f] 13:38:19.527 [ReconcilerExecutor-hivemq-controller-109] DEBUG c.h.p.o.h.HiveMQPlatformReconcilerErrorHandler - [helmcont] Pod 'test-hivemq-platform-0' phase Pending
2025-01-29 13:38:19,530 INFO c.h.h.t.HelmChartContainer - [hivemq-test-hivemq-platform] [hivemq-platform-operator] [82c4986f] 13:38:19.528 [ReconcilerExecutor-hivemq-controller-109] DEBUG c.h.p.o.h.HiveMQPlatformReconcilerErrorHandler - [helmcont] Pod 'test-hivemq-platform-0' condition 'PodReadyToStartContainers': True
2025-01-29 13:38:19,531 INFO c.h.h.t.HelmChartContainer - [hivemq-test-hivemq-platform] [hivemq-platform-operator] [82c4986f] 13:38:19.528 [ReconcilerExecutor-hivemq-controller-109] DEBUG c.h.p.o.h.HiveMQPlatformReconcilerErrorHandler - [helmcont] Pod 'test-hivemq-platform-0' condition 'Initialized': True
2025-01-29 13:38:19,531 INFO c.h.h.t.HelmChartContainer - [hivemq-test-hivemq-platform] [hivemq-platform-operator] [82c4986f] 13:38:19.528 [ReconcilerExecutor-hivemq-controller-109] DEBUG c.h.p.o.h.HiveMQPlatformReconcilerErrorHandler - [helmcont] Pod 'test-hivemq-platform-0' condition 'Ready': False
2025-01-29 13:38:19,531 INFO c.h.h.t.HelmChartContainer - [hivemq-test-hivemq-platform] [hivemq-platform-operator] [82c4986f] 13:38:19.528 [ReconcilerExecutor-hivemq-controller-109] DEBUG c.h.p.o.h.HiveMQPlatformReconcilerErrorHandler - [helmcont] Pod 'test-hivemq-platform-0' condition 'ContainersReady': False
2025-01-29 13:38:19,531 INFO c.h.h.t.HelmChartContainer - [hivemq-test-hivemq-platform] [hivemq-platform-operator] [82c4986f] 13:38:19.528 [ReconcilerExecutor-hivemq-controller-109] DEBUG c.h.p.o.h.HiveMQPlatformReconcilerErrorHandler - [helmcont] Pod 'test-hivemq-platform-0' condition 'PodScheduled': True
2025-01-29 13:38:19,531 INFO c.h.h.t.HelmChartContainer - [hivemq-test-hivemq-platform] [hivemq-platform-operator] [82c4986f] 13:38:19.528 [ReconcilerExecutor-hivemq-controller-109] DEBUG c.h.p.o.h.HiveMQPlatformReconcilerErrorHandler - [helmcont] Pod 'test-hivemq-platform-0' containerStatus 'hivemq' (started: false) (ready: false) (waiting: [PodInitializing] null)
2025-01-29 13:38:19,531 INFO c.h.h.t.HelmChartContainer - [hivemq-test-hivemq-platform] [hivemq-platform-operator] [82c4986f] 13:38:19.528 [ReconcilerExecutor-hivemq-controller-109] INFO  c.h.p.o.h.HiveMQPlatformReconcilerBaseHandler - [helmcont] HiveMQ Platform is starting, 0 of 1 replicas are ready
2025-01-29 13:38:20,427 INFO c.h.h.t.HelmChartContainer - [POD] test-hivemq-platform-0 [66d41060-9cb0-45fb-bb9d-f24852e7678f] in helmcontainersecuritycontextupgradeplatformit was MODIFIED
2025-01-29 13:38:20,431 INFO c.h.h.t.HelmChartContainer - [hivemq-test-hivemq-platform] [hivemq-platform-operator] [82c4986f] 13:38:20.428 [pool-6-thread-17] DEBUG c.h.p.o.d.PlatformServiceResource - [helmcont] Desired Platform services (3 services)
2025-01-29 13:38:20,436 INFO c.h.h.t.HelmChartContainer - [hivemq-test-hivemq-platform] [hivemq-platform-operator] [82c4986f] 13:38:20.430 [pool-6-thread-15] DEBUG c.h.p.o.dependants.PodInfoConfigMap - [helmcont] Desired PodInfo ConfigMap (1 extensions) (1 enabled)
2025-01-29 13:38:20,436 INFO c.h.h.t.HelmChartContainer - [hivemq-test-hivemq-platform] [hivemq-platform-operator] [82c4986f] 13:38:20.430 [pool-6-thread-15] DEBUG c.h.p.o.dependants.PodInfoConfigMap - [helmcont] Desired PodInfo ConfigMap (metrics port: 9399) (metrics path: /)
2025-01-29 13:38:20,436 INFO c.h.h.t.HelmChartContainer - [hivemq-test-hivemq-platform] [hivemq-platform-operator] [82c4986f] 13:38:20.431 [pool-6-thread-15] DEBUG c.h.p.o.dependants.PodInfoConfigMap - [helmcont] Desired PodInfo ConfigMap (extension state hash: -1817474005)
2025-01-29 13:38:20,436 INFO c.h.h.t.HelmChartContainer - [hivemq-test-hivemq-platform] [hivemq-platform-operator] [82c4986f] 13:38:20.432 [pool-6-thread-14] DEBUG c.h.p.o.d.PodServiceAccountResource - [helmcont] Desired PodServiceAccountResource (serviceAccountName: hivemq-platform-pod-test-hivemq-platform)
2025-01-29 13:38:20,444 INFO c.h.h.t.HelmChartContainer - Started log watcher for hivemq in pod test-hivemq-platform-0 [66d41060-9cb0-45fb-bb9d-f24852e7678f]
2025-01-29 13:38:20,444 INFO c.h.h.t.HelmChartContainer - [EVENT] Normal [Started] Started container hivemq [helmcontainersecuritycontextupgradeplatformit:test-hivemq-platform-0]
2025-01-29 13:38:20,446 INFO c.h.h.t.HelmChartContainer - Received Started event for container hivemq in pod test-hivemq-platform-0 [66d41060-9cb0-45fb-bb9d-f24852e7678f]
2025-01-29 13:38:20,448 INFO c.h.h.t.HelmChartContainer - [test-hivemq-platform] [hivemq] [66d41060] Adding pre-installed HiveMQ Platform Operator extensions
2025-01-29 13:38:20,448 INFO c.h.h.t.HelmChartContainer - [test-hivemq-platform] [hivemq] [66d41060] Running as user 0
2025-01-29 13:38:20,448 INFO c.h.h.t.HelmChartContainer - [test-hivemq-platform] [hivemq] [66d41060] Starting HiveMQ Platform Operator Init
2025-01-29 13:38:20,448 INFO c.h.h.t.HelmChartContainer - [hivemq-test-hivemq-platform] [hivemq-platform-operator] [82c4986f] 13:38:20.445 [pool-6-thread-17] DEBUG c.h.p.o.d.StatefulSetResource - [helmcont] Desired StatefulSet (1 replicas) for status STARTING (READY)
2025-01-29 13:38:20,460 INFO c.h.h.t.HelmChartContainer - [hivemq-test-hivemq-platform] [hivemq-platform-operator] [82c4986f] 13:38:20.454 [ReconcilerExecutor-hivemq-controller-110] INFO  c.h.p.o.HiveMQPlatformReconciler - [helmcont] Reconciling HiveMQ Platform 'test-hivemq-platform' in namespace 'helmcontainersecuritycontextupgradeplatformit'
2025-01-29 13:38:20,460 INFO c.h.h.t.HelmChartContainer - [hivemq-test-hivemq-platform] [hivemq-platform-operator] [82c4986f] 13:38:20.454 [ReconcilerExecutor-hivemq-controller-110] DEBUG c.h.p.o.HiveMQPlatformReconciler - [helmcont] Custom Resource Status STARTING - HiveMQ Platform is starting (READY)
2025-01-29 13:38:20,460 INFO c.h.h.t.HelmChartContainer - [hivemq-test-hivemq-platform] [hivemq-platform-operator] [82c4986f] 13:38:20.454 [ReconcilerExecutor-hivemq-controller-110] DEBUG c.h.p.o.HiveMQPlatformReconciler - [helmcont] Custom Resource Spec (replicas: 1) (extensions: 1)
2025-01-29 13:38:20,528 INFO c.h.h.t.HelmChartContainer - [hivemq-test-hivemq-platform] [hivemq-platform-operator] [82c4986f] 13:38:20.523 [ReconcilerExecutor-hivemq-controller-110] DEBUG c.h.p.o.HiveMQPlatformReconciler - [helmcont] StatefulSet Status (revision: test-hivemq-platform-5fb49467b6, replicas: 1, available: 0, ready: 0, current: 1, updated: 1)
2025-01-29 13:38:20,528 INFO c.h.h.t.HelmChartContainer - [hivemq-test-hivemq-platform] [hivemq-platform-operator] [82c4986f] 13:38:20.524 [ReconcilerExecutor-hivemq-controller-110] DEBUG c.h.p.o.HiveMQPlatformReconciler - [helmcont] StatefulSet Spec (replicas: 1, init containers: 1, containers: 1, volumes: 3)
2025-01-29 13:38:20,528 INFO c.h.h.t.HelmChartContainer - [hivemq-test-hivemq-platform] [hivemq-platform-operator] [82c4986f] 13:38:20.526 [ReconcilerExecutor-hivemq-controller-110] DEBUG c.h.p.o.h.HiveMQPlatformReconcilerErrorHandler - [helmcont] Pod 'test-hivemq-platform-0' phase Running
2025-01-29 13:38:20,530 INFO c.h.h.t.HelmChartContainer - [hivemq-test-hivemq-platform] [hivemq-platform-operator] [82c4986f] 13:38:20.529 [ReconcilerExecutor-hivemq-controller-110] INFO  c.h.p.o.h.HiveMQPlatformReconcilerBaseHandler - [helmcont] HiveMQ Platform is starting, 0 of 1 replicas are ready
2025-01-29 13:38:20,734 INFO c.h.h.t.HelmChartContainer - [test-hivemq-platform] [hivemq] [66d41060] INFO  - [HiveMQ Platform Operator Init 1.7.0-SNAPSHOT] HiveMQ Platform Operator Init 1.7.0-SNAPSHOT (commit: bebf408 on branch: HEAD) built on Sun Jan 26 20:47:47 UTC 2025
2025-01-29 13:38:21,930 INFO c.h.h.t.HelmChartContainer - [test-hivemq-platform] [hivemq] [66d41060] INFO  - [HiveMQ Platform Operator Init App 1.7.0-SNAPSHOT] Using bind address 10.42.0.6 from environment variable
2025-01-29 13:38:22,933 INFO c.h.h.t.HelmChartContainer - [test-hivemq-platform] [hivemq] [66d41060] INFO  - [HiveMQ Platform Operator Init App 1.7.0-SNAPSHOT] HiveMQ Platform Operator Init App 1.7.0-SNAPSHOT (commit: bebf408 on branch: HEAD) built on Sun Jan 26 20:47:47 UTC 2025
2025-01-29 13:38:22,933 INFO c.h.h.t.HelmChartContainer - [test-hivemq-platform] [hivemq] [66d41060] INFO  - [HiveMQ Platform Operator Init App 1.7.0-SNAPSHOT] PodInfo ConfigMap directory: /etc/podinfo
2025-01-29 13:38:22,933 INFO c.h.h.t.HelmChartContainer - [test-hivemq-platform] [hivemq] [66d41060] INFO  - [HiveMQ Platform Operator Init App 1.7.0-SNAPSHOT] HiveMQ home directory: /opt/hivemq
2025-01-29 13:38:22,936 INFO c.h.h.t.HelmChartContainer - [test-hivemq-platform] [hivemq] [66d41060] INFO  - [HiveMQ Platform Operator Init App 1.7.0-SNAPSHOT] HiveMQ Logback folder: /opt/hivemq/conf
2025-01-29 13:38:22,936 INFO c.h.h.t.HelmChartContainer - [test-hivemq-platform] [hivemq] [66d41060] INFO  - [HiveMQ Platform Operator Init App 1.7.0-SNAPSHOT] HiveMQ Config folder: /opt/hivemq/conf-k8s
2025-01-29 13:38:22,936 INFO c.h.h.t.HelmChartContainer - [test-hivemq-platform] [hivemq] [66d41060] INFO  - [HiveMQ Platform Operator Init App 1.7.0-SNAPSHOT] Starting HiveMQ Platform Operator Init App
2025-01-29 13:38:22,936 INFO c.h.h.t.HelmChartContainer - [test-hivemq-platform] [hivemq] [66d41060] INFO  - [HiveMQ Platform Operator Init App 1.7.0-SNAPSHOT] Starting Pod reconciler
2025-01-29 13:38:24,250 INFO c.h.h.t.HelmChartContainer - [test-hivemq-platform] [hivemq] [66d41060] INFO  - [HiveMQ Platform Operator Init App 1.7.0-SNAPSHOT] Pod reconciler is scheduled (interval: 5000 ms)
2025-01-29 13:38:24,321 INFO c.h.h.t.HelmChartContainer - [test-hivemq-platform] [hivemq] [66d41060] INFO  - [HiveMQ Platform Operator Init App 1.7.0-SNAPSHOT] Starting the REST API on 10.42.0.6:7979
2025-01-29 13:38:24,323 INFO c.h.h.t.HelmChartContainer - [test-hivemq-platform] [hivemq] [66d41060] INFO  - [HiveMQ Platform Operator Init App 1.7.0-SNAPSHOT] Waiting up to 600s for at most 1 HiveMQ nodes in cluster service hivemq-test-hivemq-platform-cluster.helmcontainersecuritycontextupgradeplatformit.svc
2025-01-29 13:38:24,719 INFO c.h.h.t.HelmChartContainer - [test-hivemq-platform] [hivemq] [66d41060] INFO  - [HiveMQ Platform Operator Init App 1.7.0-SNAPSHOT] Resolved 1 IP addresses: [10.42.0.6]
2025-01-29 13:38:24,719 INFO c.h.h.t.HelmChartContainer - [test-hivemq-platform] [hivemq] [66d41060] INFO  - [HiveMQ Platform Operator Init App 1.7.0-SNAPSHOT] HiveMQ node count of 1 is within threshold of 1
2025-01-29 13:38:24,719 INFO c.h.h.t.HelmChartContainer - [test-hivemq-platform] [hivemq] [66d41060] INFO  - [HiveMQ Platform Operator Init App 1.7.0-SNAPSHOT] Proceeding with container start
2025-01-29 13:38:24,747 INFO c.h.h.t.HelmChartContainer - [test-hivemq-platform] [hivemq] [66d41060] INFO  - [HiveMQ Platform Operator Init App 1.7.0-SNAPSHOT] Initializing HiveMQ Platform extensions with initial configuration: {hivemq-allow-all-extension={start-priority=-1, skip-https-hostname-verification=false, restart=true, config-version=0, header-version=0, c-uri=, priority=-1, uri=preinstalled, skip-https-certificate-validation=false, enabled=true}, hivemq-prometheus-extension={priority=-1, start-priority=-1, c-uri=, skip-https-hostname-verification=false, skip-https-certificate-validation=false, uri=preinstalled, request-header-path=no-request-headers, enabled=true, restart=true}}
2025-01-29 13:38:25,219 INFO c.h.h.t.HelmChartContainer - [test-hivemq-platform] [hivemq] [66d41060] INFO  - [HiveMQ Platform Operator Init App 1.7.0-SNAPSHOT] Extension hivemq-allow-all-extension was already enabled
2025-01-29 13:38:25,229 INFO c.h.h.t.HelmChartContainer - [test-hivemq-platform] [hivemq] [66d41060] INFO  - [HiveMQ Platform Operator Init App 1.7.0-SNAPSHOT] Successfully enabled extension hivemq-prometheus-extension
2025-01-29 13:38:25,231 INFO c.h.h.t.HelmChartContainer - [test-hivemq-platform] [hivemq] [66d41060] INFO  - [HiveMQ Platform Operator Init App 1.7.0-SNAPSHOT] Starting HiveMQ Platform version 4.36.0 (4.36.0)
2025-01-29 13:38:25,231 INFO c.h.h.t.HelmChartContainer - [test-hivemq-platform] [hivemq] [66d41060] INFO  - [HiveMQ Platform Operator Init App 1.7.0-SNAPSHOT] Configuring the HiveMQ Platform
2025-01-29 13:38:25,325 INFO c.h.h.t.HelmChartContainer - [test-hivemq-platform] [hivemq] [66d41060] INFO  - [HiveMQ Platform Operator Init App 1.7.0-SNAPSHOT] Changed logback.xml file scan period to 20 seconds
2025-01-29 13:38:25,420 INFO c.h.h.t.HelmChartContainer - [test-hivemq-platform] [hivemq] [66d41060] INFO  - [HiveMQ Platform Operator Init App 1.7.0-SNAPSHOT] Starting the HiveMQ Platform
2025-01-29 13:38:25,423 INFO c.h.h.t.HelmChartContainer - [test-hivemq-platform] [hivemq] [66d41060] -------------------------------------------------------------------------
2025-01-29 13:38:25,423 INFO c.h.h.t.HelmChartContainer - [test-hivemq-platform] [hivemq] [66d41060] 
2025-01-29 13:38:25,423 INFO c.h.h.t.HelmChartContainer - [test-hivemq-platform] [hivemq] [66d41060]                   _    _  _              __  __   ____
2025-01-29 13:38:25,423 INFO c.h.h.t.HelmChartContainer - [test-hivemq-platform] [hivemq] [66d41060]                  | |  | |(_)            |  \/  | / __ \
2025-01-29 13:38:25,424 INFO c.h.h.t.HelmChartContainer - [test-hivemq-platform] [hivemq] [66d41060]                  | |__| | _ __   __ ___ | \  / || |  | |
2025-01-29 13:38:25,425 INFO c.h.h.t.HelmChartContainer - [test-hivemq-platform] [hivemq] [66d41060]                  |  __  || |\ \ / // _ \| |\/| || |  | |
2025-01-29 13:38:25,425 INFO c.h.h.t.HelmChartContainer - [test-hivemq-platform] [hivemq] [66d41060]                  | |  | || | \ V /|  __/| |  | || |__| |
2025-01-29 13:38:25,425 INFO c.h.h.t.HelmChartContainer - [test-hivemq-platform] [hivemq] [66d41060]                  |_|  |_||_|  \_/  \___||_|  |_| \___\_\
2025-01-29 13:38:25,425 INFO c.h.h.t.HelmChartContainer - [test-hivemq-platform] [hivemq] [66d41060] 
2025-01-29 13:38:25,425 INFO c.h.h.t.HelmChartContainer - [test-hivemq-platform] [hivemq] [66d41060] -------------------------------------------------------------------------
2025-01-29 13:38:25,425 INFO c.h.h.t.HelmChartContainer - [test-hivemq-platform] [hivemq] [66d41060] 
2025-01-29 13:38:25,425 INFO c.h.h.t.HelmChartContainer - [test-hivemq-platform] [hivemq] [66d41060]   HiveMQ Start Script for Linux/Unix v1.14
2025-01-29 13:38:25,425 INFO c.h.h.t.HelmChartContainer - [test-hivemq-platform] [hivemq] [66d41060] 
2025-01-29 13:38:25,454 INFO c.h.h.t.HelmChartContainer - [test-hivemq-platform] [hivemq] [66d41060] -------------------------------------------------------------------------
2025-01-29 13:38:25,454 INFO c.h.h.t.HelmChartContainer - [test-hivemq-platform] [hivemq] [66d41060] 
2025-01-29 13:38:25,454 INFO c.h.h.t.HelmChartContainer - [test-hivemq-platform] [hivemq] [66d41060]   HIVEMQ_HOME: /opt/hivemq
2025-01-29 13:38:25,454 INFO c.h.h.t.HelmChartContainer - [test-hivemq-platform] [hivemq] [66d41060] 
2025-01-29 13:38:25,454 INFO c.h.h.t.HelmChartContainer - [test-hivemq-platform] [hivemq] [66d41060]   JAVA_OPTS: -XX:+UnlockExperimentalVMOptions -XX:InitialRAMPercentage=50 -XX:MaxRAMPercentage=50 -Djava.net.preferIPv4Stack=true --add-opens java.base/java.lang=ALL-UNNAMED --add-opens java.base/java.nio=ALL-UNNAMED --add-opens java.base/sun.nio.ch=ALL-UNNAMED --add-opens jdk.management/com.sun.management.internal=ALL-UNNAMED --add-exports java.base/jdk.internal.misc=ALL-UNNAMED -Djava.security.egd=file:/dev/./urandom -Dcom.sun.management.jmxremote -Dcom.sun.management.jmxremote.port=9010 -Dcom.sun.management.jmxremote.local.only=false -Dcom.sun.management.jmxremote.authenticate=false -Dcom.sun.management.jmxremote.ssl=false -Duser.language=en -Duser.region=US -XX:+CrashOnOutOfMemoryError -XX:+HeapDumpOnOutOfMemoryError
2025-01-29 13:38:25,454 INFO c.h.h.t.HelmChartContainer - [test-hivemq-platform] [hivemq] [66d41060] 
2025-01-29 13:38:25,454 INFO c.h.h.t.HelmChartContainer - [test-hivemq-platform] [hivemq] [66d41060]   JAVA_VERSION: 21
2025-01-29 13:38:25,454 INFO c.h.h.t.HelmChartContainer - [test-hivemq-platform] [hivemq] [66d41060] 
2025-01-29 13:38:25,454 INFO c.h.h.t.HelmChartContainer - [test-hivemq-platform] [hivemq] [66d41060] -------------------------------------------------------------------------
2025-01-29 13:38:25,454 INFO c.h.h.t.HelmChartContainer - [test-hivemq-platform] [hivemq] [66d41060] 
2025-01-29 13:38:26,431 INFO c.h.h.t.HelmChartContainer - [test-hivemq-platform] [hivemq] [66d41060] INFO  - [HiveMQ Platform Operator Init App 1.7.0-SNAPSHOT] Returning default Health API response 503 for readiness
2025-01-29 13:38:26,925 INFO c.h.h.t.HelmChartContainer - [EVENT] Warning [Unhealthy] Readiness probe failed: HTTP probe failed with statuscode: 503 [helmcontainersecuritycontextupgradeplatformit:test-hivemq-platform-0]
2025-01-29 13:38:26,925 INFO c.h.h.t.HelmChartContainer - Received Unhealthy event for container hivemq in pod test-hivemq-platform-0 [66d41060-9cb0-45fb-bb9d-f24852e7678f]
2025-01-29 13:38:28,236 INFO c.h.h.t.HelmChartContainer - [test-hivemq-platform] [hivemq] [66d41060] INFO  - Starting HiveMQ Enterprise Server
2025-01-29 13:38:28,321 INFO c.h.h.t.HelmChartContainer - [test-hivemq-platform] [hivemq] [66d41060] INFO  - HiveMQ version: 4.36.0
2025-01-29 13:38:28,322 INFO c.h.h.t.HelmChartContainer - [test-hivemq-platform] [hivemq] [66d41060] INFO  - HiveMQ home directory: /opt/hivemq
2025-01-29 13:38:28,322 INFO c.h.h.t.HelmChartContainer - [test-hivemq-platform] [hivemq] [66d41060] INFO  - Log Configuration was overridden by /opt/hivemq/conf/logback.xml
2025-01-29 13:38:29,720 INFO c.h.h.t.HelmChartContainer - [test-hivemq-platform] [hivemq] [66d41060] INFO  - Successfully loaded configuration from '/opt/hivemq/conf-k8s/config.xml'.
2025-01-29 13:38:30,430 INFO c.h.h.t.HelmChartContainer - [test-hivemq-platform] [hivemq] [66d41060] INFO  - This node's ID is 90mHh
2025-01-29 13:38:30,430 INFO c.h.h.t.HelmChartContainer - [test-hivemq-platform] [hivemq] [66d41060] INFO  - Clustering is enabled
2025-01-29 13:38:30,541 INFO c.h.h.t.HelmChartContainer - [hivemq-test-hivemq-platform] [hivemq-platform-operator] [82c4986f] 13:38:30.539 [pool-6-thread-27] DEBUG c.h.p.o.d.PlatformServiceResource - [helmcont] Desired Platform services (3 services)
2025-01-29 13:38:30,543 INFO c.h.h.t.HelmChartContainer - [hivemq-test-hivemq-platform] [hivemq-platform-operator] [82c4986f] 13:38:30.543 [pool-6-thread-26] DEBUG c.h.p.o.d.PodServiceAccountResource - [helmcont] Desired PodServiceAccountResource (serviceAccountName: hivemq-platform-pod-test-hivemq-platform)
2025-01-29 13:38:30,550 INFO c.h.h.t.HelmChartContainer - [hivemq-test-hivemq-platform] [hivemq-platform-operator] [82c4986f] 13:38:30.544 [pool-6-thread-25] DEBUG c.h.p.o.dependants.PodInfoConfigMap - [helmcont] Desired PodInfo ConfigMap (1 extensions) (1 enabled)
2025-01-29 13:38:30,553 INFO c.h.h.t.HelmChartContainer - [hivemq-test-hivemq-platform] [hivemq-platform-operator] [82c4986f] 13:38:30.550 [pool-6-thread-25] DEBUG c.h.p.o.dependants.PodInfoConfigMap - [helmcont] Desired PodInfo ConfigMap (metrics port: 9399) (metrics path: /)
2025-01-29 13:38:30,553 INFO c.h.h.t.HelmChartContainer - [hivemq-test-hivemq-platform] [hivemq-platform-operator] [82c4986f] 13:38:30.551 [pool-6-thread-25] DEBUG c.h.p.o.dependants.PodInfoConfigMap - [helmcont] Desired PodInfo ConfigMap (extension state hash: -1817474005)
2025-01-29 13:38:30,555 INFO c.h.h.t.HelmChartContainer - [hivemq-test-hivemq-platform] [hivemq-platform-operator] [82c4986f] 13:38:30.554 [pool-6-thread-25] DEBUG c.h.p.o.d.StatefulSetResource - [helmcont] Desired StatefulSet (1 replicas) for status STARTING (READY)
2025-01-29 13:38:30,628 INFO c.h.h.t.HelmChartContainer - [hivemq-test-hivemq-platform] [hivemq-platform-operator] [82c4986f] 13:38:30.626 [ReconcilerExecutor-hivemq-controller-111] INFO  c.h.p.o.HiveMQPlatformReconciler - [helmcont] Reconciling HiveMQ Platform 'test-hivemq-platform' in namespace 'helmcontainersecuritycontextupgradeplatformit'
2025-01-29 13:38:30,634 INFO c.h.h.t.HelmChartContainer - [hivemq-test-hivemq-platform] [hivemq-platform-operator] [82c4986f] 13:38:30.626 [ReconcilerExecutor-hivemq-controller-111] DEBUG c.h.p.o.HiveMQPlatformReconciler - [helmcont] Custom Resource Status STARTING - HiveMQ Platform is starting (READY)
2025-01-29 13:38:30,634 INFO c.h.h.t.HelmChartContainer - [hivemq-test-hivemq-platform] [hivemq-platform-operator] [82c4986f] 13:38:30.626 [ReconcilerExecutor-hivemq-controller-111] DEBUG c.h.p.o.HiveMQPlatformReconciler - [helmcont] Custom Resource Spec (replicas: 1) (extensions: 1)
2025-01-29 13:38:30,635 INFO c.h.h.t.HelmChartContainer - [hivemq-test-hivemq-platform] [hivemq-platform-operator] [82c4986f] 13:38:30.633 [ReconcilerExecutor-hivemq-controller-111] DEBUG c.h.p.o.HiveMQPlatformReconciler - [helmcont] StatefulSet Status (revision: test-hivemq-platform-5fb49467b6, replicas: 1, available: 0, ready: 0, current: 1, updated: 1)
2025-01-29 13:38:30,638 INFO c.h.h.t.HelmChartContainer - [hivemq-test-hivemq-platform] [hivemq-platform-operator] [82c4986f] 13:38:30.633 [ReconcilerExecutor-hivemq-controller-111] DEBUG c.h.p.o.HiveMQPlatformReconciler - [helmcont] StatefulSet Spec (replicas: 1, init containers: 1, containers: 1, volumes: 3)
2025-01-29 13:38:30,640 INFO c.h.h.t.HelmChartContainer - [hivemq-test-hivemq-platform] [hivemq-platform-operator] [82c4986f] 13:38:30.638 [ReconcilerExecutor-hivemq-controller-111] DEBUG c.h.p.o.h.HiveMQPlatformReconcilerErrorHandler - [helmcont] Pod 'test-hivemq-platform-0' phase Running
2025-01-29 13:38:30,642 INFO c.h.h.t.HelmChartContainer - [hivemq-test-hivemq-platform] [hivemq-platform-operator] [82c4986f] 13:38:30.641 [ReconcilerExecutor-hivemq-controller-111] INFO  c.h.p.o.h.HiveMQPlatformReconcilerBaseHandler - [helmcont] HiveMQ Platform is starting, 0 of 1 replicas are ready
2025-01-29 13:38:31,926 INFO c.h.h.t.HelmChartContainer - [test-hivemq-platform] [hivemq] [66d41060] WARN  - [HiveMQ Platform Operator Init App 1.7.0-SNAPSHOT] Cannot connect to Health API for readiness: null
2025-01-29 13:38:31,932 INFO c.h.h.t.HelmChartContainer - [EVENT] Warning [Unhealthy] Readiness probe failed: HTTP probe failed with statuscode: 503 [helmcontainersecuritycontextupgradeplatformit:test-hivemq-platform-0]
2025-01-29 13:38:31,932 INFO c.h.h.t.HelmChartContainer - Received Unhealthy event for container hivemq in pod test-hivemq-platform-0 [66d41060-9cb0-45fb-bb9d-f24852e7678f]
2025-01-29 13:38:35,522 INFO c.h.h.t.HelmChartContainer - [test-hivemq-platform] [hivemq] [66d41060] Jan 29, 2025 1:38:35 PM io.vertx.core.impl.BlockedThreadChecker
2025-01-29 13:38:35,523 INFO c.h.h.t.HelmChartContainer - [test-hivemq-platform] [hivemq] [66d41060] WARNING: Thread Thread[vert.x-eventloop-thread-1,5,main] has been blocked for 2596 ms, time limit is 2000 ms
2025-01-29 13:38:35,733 INFO c.h.h.t.HelmChartContainer - [test-hivemq-platform] [hivemq] [66d41060] INFO  - [HiveMQ Platform Operator Init App 1.7.0-SNAPSHOT] Updating Pod HiveMQ Platform Operator Init App version annotation (version: 1.7.0-SNAPSHOT)
2025-01-29 13:38:36,343 INFO c.h.h.t.HelmChartContainer - [hivemq-test-hivemq-platform] [hivemq-platform-operator] [82c4986f] 13:38:36.340 [pool-6-thread-31] DEBUG c.h.p.o.d.PlatformServiceResource - [helmcont] Desired Platform services (3 services)
2025-01-29 13:38:36,344 INFO c.h.h.t.HelmChartContainer - [hivemq-test-hivemq-platform] [hivemq-platform-operator] [82c4986f] 13:38:36.343 [pool-6-thread-33] DEBUG c.h.p.o.dependants.PodInfoConfigMap - [helmcont] Desired PodInfo ConfigMap (1 extensions) (1 enabled)
2025-01-29 13:38:36,347 INFO c.h.h.t.HelmChartContainer - [POD] test-hivemq-platform-0 [66d41060-9cb0-45fb-bb9d-f24852e7678f] in helmcontainersecuritycontextupgradeplatformit was MODIFIED
2025-01-29 13:38:36,348 INFO c.h.h.t.HelmChartContainer - [hivemq-test-hivemq-platform] [hivemq-platform-operator] [82c4986f] 13:38:36.343 [pool-6-thread-33] DEBUG c.h.p.o.dependants.PodInfoConfigMap - [helmcont] Desired PodInfo ConfigMap (metrics port: 9399) (metrics path: /)
2025-01-29 13:38:36,348 INFO c.h.h.t.HelmChartContainer - [hivemq-test-hivemq-platform] [hivemq-platform-operator] [82c4986f] 13:38:36.347 [pool-6-thread-33] DEBUG c.h.p.o.dependants.PodInfoConfigMap - [helmcont] Desired PodInfo ConfigMap (extension state hash: -1817474005)
2025-01-29 13:38:36,351 INFO c.h.h.t.HelmChartContainer - [test-hivemq-platform] [hivemq] [66d41060] WARN  - [HiveMQ Platform Operator Init App 1.7.0-SNAPSHOT] Cannot connect to Health API for readiness: null
2025-01-29 13:38:36,358 INFO c.h.h.t.HelmChartContainer - [EVENT] Warning [Unhealthy] Readiness probe failed: HTTP probe failed with statuscode: 503 [helmcontainersecuritycontextupgradeplatformit:test-hivemq-platform-0]
2025-01-29 13:38:36,358 INFO c.h.h.t.HelmChartContainer - Received Unhealthy event for container hivemq in pod test-hivemq-platform-0 [66d41060-9cb0-45fb-bb9d-f24852e7678f]
2025-01-29 13:38:36,359 INFO c.h.h.t.HelmChartContainer - [hivemq-test-hivemq-platform] [hivemq-platform-operator] [82c4986f] 13:38:36.346 [pool-6-thread-35] DEBUG c.h.p.o.d.PodServiceAccountResource - [helmcont] Desired PodServiceAccountResource (serviceAccountName: hivemq-platform-pod-test-hivemq-platform)
2025-01-29 13:38:36,362 INFO c.h.h.t.HelmChartContainer - [hivemq-test-hivemq-platform] [hivemq-platform-operator] [82c4986f] 13:38:36.360 [pool-6-thread-40] DEBUG c.h.p.o.d.StatefulSetResource - [helmcont] Desired StatefulSet (1 replicas) for status STARTING (READY)
2025-01-29 13:38:36,365 INFO c.h.h.t.HelmChartContainer - [hivemq-test-hivemq-platform] [hivemq-platform-operator] [82c4986f] 13:38:36.364 [ReconcilerExecutor-hivemq-controller-112] INFO  c.h.p.o.HiveMQPlatformReconciler - [helmcont] Reconciling HiveMQ Platform 'test-hivemq-platform' in namespace 'helmcontainersecuritycontextupgradeplatformit'
2025-01-29 13:38:36,366 INFO c.h.h.t.HelmChartContainer - [hivemq-test-hivemq-platform] [hivemq-platform-operator] [82c4986f] 13:38:36.365 [ReconcilerExecutor-hivemq-controller-112] DEBUG c.h.p.o.HiveMQPlatformReconciler - [helmcont] Custom Resource Status STARTING - HiveMQ Platform is starting (READY)
2025-01-29 13:38:36,367 INFO c.h.h.t.HelmChartContainer - [hivemq-test-hivemq-platform] [hivemq-platform-operator] [82c4986f] 13:38:36.366 [ReconcilerExecutor-hivemq-controller-112] DEBUG c.h.p.o.HiveMQPlatformReconciler - [helmcont] Custom Resource Spec (replicas: 1) (extensions: 1)
2025-01-29 13:38:36,424 INFO c.h.h.t.HelmChartContainer - [test-hivemq-platform] [hivemq] [66d41060] INFO  - [HiveMQ Platform Operator Init App 1.7.0-SNAPSHOT] Successfully updated Pod HiveMQ Platform Operator Init App version annotation (version: 1.7.0-SNAPSHOT)
2025-01-29 13:38:36,427 INFO c.h.h.t.HelmChartContainer - [hivemq-test-hivemq-platform] [hivemq-platform-operator] [82c4986f] 13:38:36.426 [ReconcilerExecutor-hivemq-controller-112] DEBUG c.h.p.o.HiveMQPlatformReconciler - [helmcont] StatefulSet Status (revision: test-hivemq-platform-5fb49467b6, replicas: 1, available: 0, ready: 0, current: 1, updated: 1)
2025-01-29 13:38:36,428 INFO c.h.h.t.HelmChartContainer - [hivemq-test-hivemq-platform] [hivemq-platform-operator] [82c4986f] 13:38:36.426 [ReconcilerExecutor-hivemq-controller-112] DEBUG c.h.p.o.HiveMQPlatformReconciler - [helmcont] StatefulSet Spec (replicas: 1, init containers: 1, containers: 1, volumes: 3)
2025-01-29 13:38:36,429 INFO c.h.h.t.HelmChartContainer - [hivemq-test-hivemq-platform] [hivemq-platform-operator] [82c4986f] 13:38:36.429 [ReconcilerExecutor-hivemq-controller-112] DEBUG c.h.p.o.h.HiveMQPlatformReconcilerErrorHandler - [helmcont] Pod 'test-hivemq-platform-0' phase Running
2025-01-29 13:38:36,431 INFO c.h.h.t.HelmChartContainer - [hivemq-test-hivemq-platform] [hivemq-platform-operator] [82c4986f] 13:38:36.430 [ReconcilerExecutor-hivemq-controller-112] INFO  c.h.p.o.h.HiveMQPlatformReconcilerBaseHandler - [helmcont] HiveMQ Platform is starting, 0 of 1 replicas are ready
2025-01-29 13:38:41,340 INFO c.h.h.t.HelmChartContainer - [test-hivemq-platform] [hivemq] [66d41060] WARN  - [HiveMQ Platform Operator Init App 1.7.0-SNAPSHOT] Cannot connect to Health API for readiness: null
2025-01-29 13:38:41,344 INFO c.h.h.t.HelmChartContainer - [EVENT] Warning [Unhealthy] Readiness probe failed: HTTP probe failed with statuscode: 503 [helmcontainersecuritycontextupgradeplatformit:test-hivemq-platform-0]
2025-01-29 13:38:41,344 INFO c.h.h.t.HelmChartContainer - Received Unhealthy event for container hivemq in pod test-hivemq-platform-0 [66d41060-9cb0-45fb-bb9d-f24852e7678f]
2025-01-29 13:38:46,340 INFO c.h.h.t.HelmChartContainer - [test-hivemq-platform] [hivemq] [66d41060] WARN  - [HiveMQ Platform Operator Init App 1.7.0-SNAPSHOT] Cannot connect to Health API for readiness: null
2025-01-29 13:38:46,425 INFO c.h.h.t.HelmChartContainer - [EVENT] Warning [Unhealthy] Readiness probe failed: HTTP probe failed with statuscode: 503 [helmcontainersecuritycontextupgradeplatformit:test-hivemq-platform-0]
2025-01-29 13:38:46,425 INFO c.h.h.t.HelmChartContainer - Received Unhealthy event for container hivemq in pod test-hivemq-platform-0 [66d41060-9cb0-45fb-bb9d-f24852e7678f]
2025-01-29 13:38:46,438 INFO c.h.h.t.HelmChartContainer - [hivemq-test-hivemq-platform] [hivemq-platform-operator] [82c4986f] 13:38:46.434 [pool-6-thread-43] DEBUG c.h.p.o.d.PlatformServiceResource - [helmcont] Desired Platform services (3 services)
2025-01-29 13:38:46,438 INFO c.h.h.t.HelmChartContainer - [hivemq-test-hivemq-platform] [hivemq-platform-operator] [82c4986f] 13:38:46.436 [pool-6-thread-47] DEBUG c.h.p.o.dependants.PodInfoConfigMap - [helmcont] Desired PodInfo ConfigMap (1 extensions) (1 enabled)
2025-01-29 13:38:46,440 INFO c.h.h.t.HelmChartContainer - [hivemq-test-hivemq-platform] [hivemq-platform-operator] [82c4986f] 13:38:46.436 [pool-6-thread-47] DEBUG c.h.p.o.dependants.PodInfoConfigMap - [helmcont] Desired PodInfo ConfigMap (metrics port: 9399) (metrics path: /)
2025-01-29 13:38:46,440 INFO c.h.h.t.HelmChartContainer - [hivemq-test-hivemq-platform] [hivemq-platform-operator] [82c4986f] 13:38:46.436 [pool-6-thread-47] DEBUG c.h.p.o.dependants.PodInfoConfigMap - [helmcont] Desired PodInfo ConfigMap (extension state hash: -1817474005)
2025-01-29 13:38:46,441 INFO c.h.h.t.HelmChartContainer - [hivemq-test-hivemq-platform] [hivemq-platform-operator] [82c4986f] 13:38:46.440 [pool-6-thread-41] DEBUG c.h.p.o.d.PodServiceAccountResource - [helmcont] Desired PodServiceAccountResource (serviceAccountName: hivemq-platform-pod-test-hivemq-platform)
2025-01-29 13:38:46,449 INFO c.h.h.t.HelmChartContainer - [hivemq-test-hivemq-platform] [hivemq-platform-operator] [82c4986f] 13:38:46.447 [pool-6-thread-46] DEBUG c.h.p.o.d.StatefulSetResource - [helmcont] Desired StatefulSet (1 replicas) for status STARTING (READY)
2025-01-29 13:38:46,452 INFO c.h.h.t.HelmChartContainer - [hivemq-test-hivemq-platform] [hivemq-platform-operator] [82c4986f] 13:38:46.451 [ReconcilerExecutor-hivemq-controller-113] INFO  c.h.p.o.HiveMQPlatformReconciler - [helmcont] Reconciling HiveMQ Platform 'test-hivemq-platform' in namespace 'helmcontainersecuritycontextupgradeplatformit'
2025-01-29 13:38:46,452 INFO c.h.h.t.HelmChartContainer - [hivemq-test-hivemq-platform] [hivemq-platform-operator] [82c4986f] 13:38:46.451 [ReconcilerExecutor-hivemq-controller-113] DEBUG c.h.p.o.HiveMQPlatformReconciler - [helmcont] Custom Resource Status STARTING - HiveMQ Platform is starting (READY)
2025-01-29 13:38:46,452 INFO c.h.h.t.HelmChartContainer - [hivemq-test-hivemq-platform] [hivemq-platform-operator] [82c4986f] 13:38:46.451 [ReconcilerExecutor-hivemq-controller-113] DEBUG c.h.p.o.HiveMQPlatformReconciler - [helmcont] Custom Resource Spec (replicas: 1) (extensions: 1)
2025-01-29 13:38:46,531 INFO c.h.h.t.HelmChartContainer - [hivemq-test-hivemq-platform] [hivemq-platform-operator] [82c4986f] 13:38:46.528 [ReconcilerExecutor-hivemq-controller-113] DEBUG c.h.p.o.HiveMQPlatformReconciler - [helmcont] StatefulSet Status (revision: test-hivemq-platform-5fb49467b6, replicas: 1, available: 0, ready: 0, current: 1, updated: 1)
2025-01-29 13:38:46,531 INFO c.h.h.t.HelmChartContainer - [hivemq-test-hivemq-platform] [hivemq-platform-operator] [82c4986f] 13:38:46.528 [ReconcilerExecutor-hivemq-controller-113] DEBUG c.h.p.o.HiveMQPlatformReconciler - [helmcont] StatefulSet Spec (replicas: 1, init containers: 1, containers: 1, volumes: 3)
2025-01-29 13:38:46,534 INFO c.h.h.t.HelmChartContainer - [hivemq-test-hivemq-platform] [hivemq-platform-operator] [82c4986f] 13:38:46.532 [ReconcilerExecutor-hivemq-controller-113] DEBUG c.h.p.o.h.HiveMQPlatformReconcilerErrorHandler - [helmcont] Pod 'test-hivemq-platform-0' phase Running
2025-01-29 13:38:46,539 INFO c.h.h.t.HelmChartContainer - [hivemq-test-hivemq-platform] [hivemq-platform-operator] [82c4986f] 13:38:46.536 [ReconcilerExecutor-hivemq-controller-113] INFO  c.h.p.o.h.HiveMQPlatformReconcilerBaseHandler - [helmcont] HiveMQ Platform is starting, 0 of 1 replicas are ready
2025-01-29 13:38:47,831 INFO c.h.h.t.HelmChartContainer - [test-hivemq-platform] [hivemq] [66d41060] INFO  - No valid license file found. Using trial license, restricted to 25 connections.
2025-01-29 13:38:48,124 INFO c.h.h.t.HelmChartContainer - [test-hivemq-platform] [hivemq] [66d41060] WARN  - [HiveMQ Platform Operator Init App 1.7.0-SNAPSHOT] Cannot connect to Health API for liveness: null
2025-01-29 13:38:48,124 INFO c.h.h.t.HelmChartContainer - [test-hivemq-platform] [hivemq] [66d41060] INFO  - [HiveMQ Platform Operator Init App 1.7.0-SNAPSHOT] Returning default Health API response 200 for liveness
2025-01-29 13:38:51,220 INFO c.h.h.t.HelmChartContainer - [test-hivemq-platform] [hivemq] [66d41060] INFO  - No valid license file for Data Hub found. Using free license, restricted to 1 policy.
2025-01-29 13:38:51,431 INFO c.h.h.t.HelmChartContainer - [test-hivemq-platform] [hivemq] [66d41060] WARN  - [HiveMQ Platform Operator Init App 1.7.0-SNAPSHOT] Cannot connect to Health API for readiness: null
2025-01-29 13:38:51,435 INFO c.h.h.t.HelmChartContainer - [EVENT] Warning [Unhealthy] Readiness probe failed: HTTP probe failed with statuscode: 503 [helmcontainersecuritycontextupgradeplatformit:test-hivemq-platform-0]
2025-01-29 13:38:51,435 INFO c.h.h.t.HelmChartContainer - Received Unhealthy event for container hivemq in pod test-hivemq-platform-0 [66d41060-9cb0-45fb-bb9d-f24852e7678f]
2025-01-29 13:38:52,344 INFO c.h.h.t.HelmChartContainer - [test-hivemq-platform] [hivemq] [66d41060] INFO  - Audit Logger started.
2025-01-29 13:38:52,643 INFO c.h.h.t.HelmChartContainer - [test-hivemq-platform] [hivemq] [66d41060] INFO  - This node uses '1' CPU cores.
2025-01-29 13:38:52,649 INFO c.h.h.t.HelmChartContainer - [test-hivemq-platform] [hivemq] [66d41060] INFO  - Starting HiveMQ Health API on address 0.0.0.0 and port 8889
2025-01-29 13:38:53,530 INFO c.h.h.t.HelmChartContainer - [test-hivemq-platform] [hivemq] [66d41060] INFO  - Started HiveMQ Health API in 880ms
2025-01-29 13:38:54,238 INFO c.h.h.t.HelmChartContainer - [test-hivemq-platform] [hivemq] [66d41060] INFO  - Starting HiveMQ extension system.
2025-01-29 13:38:54,531 INFO c.h.h.t.HelmChartContainer - [test-hivemq-platform] [hivemq] [66d41060] INFO  - Starting extension with id "hivemq-dns-cluster-discovery" at /opt/hivemq/extensions/hivemq-dns-cluster-discovery
2025-01-29 13:38:55,026 INFO c.h.h.t.HelmChartContainer - [test-hivemq-platform] [hivemq] [66d41060] INFO  - Extension "DNS Cluster Discovery Extension" version 4.3.2 started successfully.
2025-01-29 13:38:55,026 INFO c.h.h.t.HelmChartContainer - [test-hivemq-platform] [hivemq] [66d41060] INFO  - Starting extension with id "hivemq-prometheus-extension" at /opt/hivemq/extensions/hivemq-prometheus-extension
2025-01-29 13:38:55,033 INFO c.h.h.t.HelmChartContainer - [test-hivemq-platform] [hivemq] [66d41060] INFO  - Using TCP cluster transport on address 10.42.0.6 and port 7000
2025-01-29 13:38:55,123 INFO c.h.h.t.HelmChartContainer - [test-hivemq-platform] [hivemq] [66d41060] INFO  - Using extension cluster discovery
2025-01-29 13:38:56,030 INFO c.h.h.t.HelmChartContainer - [test-hivemq-platform] [hivemq] [66d41060] INFO  - Started Jetty Server exposing Prometheus Servlet on URI http://0.0.0.0:9399/
2025-01-29 13:38:56,030 INFO c.h.h.t.HelmChartContainer - [test-hivemq-platform] [hivemq] [66d41060] INFO  - Extension "Prometheus Monitoring Extension" version 4.0.12 started successfully.
2025-01-29 13:38:56,030 INFO c.h.h.t.HelmChartContainer - [test-hivemq-platform] [hivemq] [66d41060] INFO  - Starting extension with id "hivemq-allow-all-extension" at /opt/hivemq/extensions/hivemq-allow-all-extension
2025-01-29 13:38:56,031 INFO c.h.h.t.HelmChartContainer - [test-hivemq-platform] [hivemq] [66d41060] WARN  - 
2025-01-29 13:38:56,032 INFO c.h.h.t.HelmChartContainer - [test-hivemq-platform] [hivemq] [66d41060] ################################################################################################################
2025-01-29 13:38:56,032 INFO c.h.h.t.HelmChartContainer - [test-hivemq-platform] [hivemq] [66d41060] # This HiveMQ deployment is not secure! You are lacking Authentication and Authorization.                      #
2025-01-29 13:38:56,032 INFO c.h.h.t.HelmChartContainer - [test-hivemq-platform] [hivemq] [66d41060] # Right now any MQTT client can connect to the broker with a full set of permissions.                          #
2025-01-29 13:38:56,032 INFO c.h.h.t.HelmChartContainer - [test-hivemq-platform] [hivemq] [66d41060] # For production usage, add an appropriate security extension and remove the hivemq-allow-all extension.       #
2025-01-29 13:38:56,032 INFO c.h.h.t.HelmChartContainer - [test-hivemq-platform] [hivemq] [66d41060] # You can download security extensions from the HiveMQ Marketplace (https://www.hivemq.com/extensions/).       #
2025-01-29 13:38:56,032 INFO c.h.h.t.HelmChartContainer - [test-hivemq-platform] [hivemq] [66d41060] ################################################################################################################
2025-01-29 13:38:56,032 INFO c.h.h.t.HelmChartContainer - [test-hivemq-platform] [hivemq] [66d41060] INFO  - Extension "Allow All Extension" version 1.1.1 started successfully.
2025-01-29 13:38:56,547 INFO c.h.h.t.HelmChartContainer - [hivemq-test-hivemq-platform] [hivemq-platform-operator] [82c4986f] 13:38:56.545 [pool-6-thread-8] DEBUG c.h.p.o.d.PlatformServiceResource - [helmcont] Desired Platform services (3 services)
2025-01-29 13:38:56,549 INFO c.h.h.t.HelmChartContainer - [hivemq-test-hivemq-platform] [hivemq-platform-operator] [82c4986f] 13:38:56.546 [pool-6-thread-3] DEBUG c.h.p.o.dependants.PodInfoConfigMap - [helmcont] Desired PodInfo ConfigMap (1 extensions) (1 enabled)
2025-01-29 13:38:56,549 INFO c.h.h.t.HelmChartContainer - [hivemq-test-hivemq-platform] [hivemq-platform-operator] [82c4986f] 13:38:56.546 [pool-6-thread-3] DEBUG c.h.p.o.dependants.PodInfoConfigMap - [helmcont] Desired PodInfo ConfigMap (metrics port: 9399) (metrics path: /)
2025-01-29 13:38:56,549 INFO c.h.h.t.HelmChartContainer - [hivemq-test-hivemq-platform] [hivemq-platform-operator] [82c4986f] 13:38:56.546 [pool-6-thread-3] DEBUG c.h.p.o.dependants.PodInfoConfigMap - [helmcont] Desired PodInfo ConfigMap (extension state hash: -1817474005)
2025-01-29 13:38:56,549 INFO c.h.h.t.HelmChartContainer - [hivemq-test-hivemq-platform] [hivemq-platform-operator] [82c4986f] 13:38:56.546 [pool-6-thread-1] DEBUG c.h.p.o.d.PodServiceAccountResource - [helmcont] Desired PodServiceAccountResource (serviceAccountName: hivemq-platform-pod-test-hivemq-platform)
2025-01-29 13:38:56,556 INFO c.h.h.t.HelmChartContainer - [hivemq-test-hivemq-platform] [hivemq-platform-operator] [82c4986f] 13:38:56.555 [pool-6-thread-8] DEBUG c.h.p.o.d.StatefulSetResource - [helmcont] Desired StatefulSet (1 replicas) for status STARTING (READY)
2025-01-29 13:38:56,627 INFO c.h.h.t.HelmChartContainer - [hivemq-test-hivemq-platform] [hivemq-platform-operator] [82c4986f] 13:38:56.623 [ReconcilerExecutor-hivemq-controller-114] INFO  c.h.p.o.HiveMQPlatformReconciler - [helmcont] Reconciling HiveMQ Platform 'test-hivemq-platform' in namespace 'helmcontainersecuritycontextupgradeplatformit'
2025-01-29 13:38:56,627 INFO c.h.h.t.HelmChartContainer - [hivemq-test-hivemq-platform] [hivemq-platform-operator] [82c4986f] 13:38:56.623 [ReconcilerExecutor-hivemq-controller-114] DEBUG c.h.p.o.HiveMQPlatformReconciler - [helmcont] Custom Resource Status STARTING - HiveMQ Platform is starting (READY)
2025-01-29 13:38:56,627 INFO c.h.h.t.HelmChartContainer - [hivemq-test-hivemq-platform] [hivemq-platform-operator] [82c4986f] 13:38:56.623 [ReconcilerExecutor-hivemq-controller-114] DEBUG c.h.p.o.HiveMQPlatformReconciler - [helmcont] Custom Resource Spec (replicas: 1) (extensions: 1)
2025-01-29 13:38:56,627 INFO c.h.h.t.HelmChartContainer - [hivemq-test-hivemq-platform] [hivemq-platform-operator] [82c4986f] 13:38:56.625 [ReconcilerExecutor-hivemq-controller-114] DEBUG c.h.p.o.HiveMQPlatformReconciler - [helmcont] StatefulSet Status (revision: test-hivemq-platform-5fb49467b6, replicas: 1, available: 0, ready: 0, current: 1, updated: 1)
2025-01-29 13:38:56,627 INFO c.h.h.t.HelmChartContainer - [hivemq-test-hivemq-platform] [hivemq-platform-operator] [82c4986f] 13:38:56.625 [ReconcilerExecutor-hivemq-controller-114] DEBUG c.h.p.o.HiveMQPlatformReconciler - [helmcont] StatefulSet Spec (replicas: 1, init containers: 1, containers: 1, volumes: 3)
2025-01-29 13:38:56,633 INFO c.h.h.t.HelmChartContainer - [hivemq-test-hivemq-platform] [hivemq-platform-operator] [82c4986f] 13:38:56.629 [ReconcilerExecutor-hivemq-controller-114] DEBUG c.h.p.o.h.HiveMQPlatformReconcilerErrorHandler - [helmcont] Pod 'test-hivemq-platform-0' phase Running
2025-01-29 13:38:56,634 INFO c.h.h.t.HelmChartContainer - [hivemq-test-hivemq-platform] [hivemq-platform-operator] [82c4986f] 13:38:56.633 [ReconcilerExecutor-hivemq-controller-114] INFO  c.h.p.o.h.HiveMQPlatformReconcilerBaseHandler - [helmcont] HiveMQ Platform is starting, 0 of 1 replicas are ready
2025-01-29 13:38:56,738 INFO c.h.h.t.HelmChartContainer - [test-hivemq-platform] [hivemq] [66d41060] INFO  - [HiveMQ Platform Operator Init App 1.7.0-SNAPSHOT] Returning Health API response 503 for readiness
2025-01-29 13:38:56,743 INFO c.h.h.t.HelmChartContainer - [EVENT] Warning [Unhealthy] Readiness probe failed: HTTP probe failed with statuscode: 503 [helmcontainersecuritycontextupgradeplatformit:test-hivemq-platform-0]
2025-01-29 13:38:56,743 INFO c.h.h.t.HelmChartContainer - Received Unhealthy event for container hivemq in pod test-hivemq-platform-0 [66d41060-9cb0-45fb-bb9d-f24852e7678f]
2025-01-29 13:38:58,131 INFO c.h.h.t.HelmChartContainer - [test-hivemq-platform] [hivemq] [66d41060] INFO  - 90mHh: no members discovered after 2304 ms: creating cluster as first member
2025-01-29 13:38:58,137 INFO c.h.h.t.HelmChartContainer - [test-hivemq-platform] [hivemq] [66d41060] INFO  - Cluster nodes found by discovery: [90mHh|0] (1) [90mHh].
2025-01-29 13:38:58,226 INFO c.h.h.t.HelmChartContainer - [test-hivemq-platform] [hivemq] [66d41060] WARN  - No user for HiveMQ Control Center configured. Starting with default user
2025-01-29 13:38:58,227 INFO c.h.h.t.HelmChartContainer - [test-hivemq-platform] [hivemq] [66d41060] INFO  - Starting HiveMQ Control Center on address 0.0.0.0 and port 8080
2025-01-29 13:38:58,233 INFO c.h.h.t.HelmChartContainer - [test-hivemq-platform] [hivemq] [66d41060] INFO  - Mounting HiveMQ Control Center V2 Preview
2025-01-29 13:38:58,929 INFO c.h.h.t.HelmChartContainer - [test-hivemq-platform] [hivemq] [66d41060] INFO  - Started HiveMQ Control Center in 704ms
2025-01-29 13:38:58,943 INFO c.h.h.t.HelmChartContainer - [test-hivemq-platform] [hivemq] [66d41060] INFO  - Starting TCP listener on address 0.0.0.0 and port 1883
2025-01-29 13:38:59,035 INFO c.h.h.t.HelmChartContainer - [test-hivemq-platform] [hivemq] [66d41060] INFO  - Started TCP Listener on address 0.0.0.0 and on port 1883.
2025-01-29 13:38:59,036 INFO c.h.h.t.HelmChartContainer - [test-hivemq-platform] [hivemq] [66d41060] INFO  - Started HiveMQ in 31111ms
2025-01-29 13:39:01,341 INFO c.h.h.t.HelmChartContainer - [test-hivemq-platform] [hivemq] [66d41060] INFO  - [HiveMQ Platform Operator Init App 1.7.0-SNAPSHOT] Returning Health API response 200 for readiness
2025-01-29 13:39:01,357 INFO c.h.h.t.HelmChartContainer - [POD] test-hivemq-platform-0 [66d41060-9cb0-45fb-bb9d-f24852e7678f] in helmcontainersecuritycontextupgradeplatformit was MODIFIED
2025-01-29 13:39:01,365 INFO c.h.h.t.HelmChartContainer - [hivemq-test-hivemq-platform] [hivemq-platform-operator] [82c4986f] 13:39:01.360 [pool-6-thread-14] DEBUG c.h.p.o.d.PlatformServiceResource - [helmcont] Desired Platform services (3 services)
2025-01-29 13:39:01,367 INFO c.h.h.t.HelmChartContainer - [hivemq-test-hivemq-platform] [hivemq-platform-operator] [82c4986f] 13:39:01.366 [pool-6-thread-11] DEBUG c.h.p.o.dependants.PodInfoConfigMap - [helmcont] Desired PodInfo ConfigMap (1 extensions) (1 enabled)
2025-01-29 13:39:01,374 INFO c.h.h.t.HelmChartContainer - [hivemq-test-hivemq-platform] [hivemq-platform-operator] [82c4986f] 13:39:01.367 [pool-6-thread-11] DEBUG c.h.p.o.dependants.PodInfoConfigMap - [helmcont] Desired PodInfo ConfigMap (metrics port: 9399) (metrics path: /)
2025-01-29 13:39:01,374 INFO c.h.h.t.HelmChartContainer - [hivemq-test-hivemq-platform] [hivemq-platform-operator] [82c4986f] 13:39:01.367 [pool-6-thread-11] DEBUG c.h.p.o.dependants.PodInfoConfigMap - [helmcont] Desired PodInfo ConfigMap (extension state hash: -1817474005)
2025-01-29 13:39:01,380 INFO c.h.h.t.HelmChartContainer - [hivemq-test-hivemq-platform] [hivemq-platform-operator] [82c4986f] 13:39:01.377 [pool-6-thread-15] DEBUG c.h.p.o.d.PodServiceAccountResource - [helmcont] Desired PodServiceAccountResource (serviceAccountName: hivemq-platform-pod-test-hivemq-platform)
2025-01-29 13:39:01,428 INFO c.h.h.t.HelmChartContainer - [hivemq-test-hivemq-platform] [hivemq-platform-operator] [82c4986f] 13:39:01.425 [pool-6-thread-17] DEBUG c.h.p.o.d.StatefulSetResource - [helmcont] Desired StatefulSet (1 replicas) for status STARTING (READY)
2025-01-29 13:39:01,435 INFO c.h.h.t.HelmChartContainer - [hivemq-test-hivemq-platform] [hivemq-platform-operator] [82c4986f] 13:39:01.433 [ReconcilerExecutor-hivemq-controller-115] INFO  c.h.p.o.HiveMQPlatformReconciler - [helmcont] Reconciling HiveMQ Platform 'test-hivemq-platform' in namespace 'helmcontainersecuritycontextupgradeplatformit'
2025-01-29 13:39:01,435 INFO c.h.h.t.HelmChartContainer - [hivemq-test-hivemq-platform] [hivemq-platform-operator] [82c4986f] 13:39:01.434 [ReconcilerExecutor-hivemq-controller-115] DEBUG c.h.p.o.HiveMQPlatformReconciler - [helmcont] Custom Resource Status STARTING - HiveMQ Platform is starting (READY)
2025-01-29 13:39:01,435 INFO c.h.h.t.HelmChartContainer - [hivemq-test-hivemq-platform] [hivemq-platform-operator] [82c4986f] 13:39:01.434 [ReconcilerExecutor-hivemq-controller-115] DEBUG c.h.p.o.HiveMQPlatformReconciler - [helmcont] Custom Resource Spec (replicas: 1) (extensions: 1)
2025-01-29 13:39:01,443 INFO c.h.h.t.HelmChartContainer - [hivemq-test-hivemq-platform] [hivemq-platform-operator] [82c4986f] 13:39:01.438 [ReconcilerExecutor-hivemq-controller-115] DEBUG c.h.p.o.HiveMQPlatformReconciler - [helmcont] StatefulSet Status (revision: test-hivemq-platform-5fb49467b6, replicas: 1, available: 1, ready: 1, current: 1, updated: 1)
2025-01-29 13:39:01,443 INFO c.h.h.t.HelmChartContainer - [hivemq-test-hivemq-platform] [hivemq-platform-operator] [82c4986f] 13:39:01.438 [ReconcilerExecutor-hivemq-controller-115] DEBUG c.h.p.o.HiveMQPlatformReconciler - [helmcont] StatefulSet Spec (replicas: 1, init containers: 1, containers: 1, volumes: 3)
2025-01-29 13:39:01,444 INFO c.h.h.t.HelmChartContainer - [hivemq-test-hivemq-platform] [hivemq-platform-operator] [82c4986f] 13:39:01.439 [ReconcilerExecutor-hivemq-controller-115] DEBUG c.h.p.o.h.HiveMQPlatformReconcilerErrorHandler - [helmcont] Pod 'test-hivemq-platform-0' phase Running
2025-01-29 13:39:01,444 INFO c.h.h.t.HelmChartContainer - [hivemq-test-hivemq-platform] [hivemq-platform-operator] [82c4986f] 13:39:01.440 [ReconcilerExecutor-hivemq-controller-115] INFO  c.h.p.o.h.HiveMQPlatformReconcilerBaseHandler - [helmcont] HiveMQ Platform started successfully
2025-01-29 13:39:01,542 INFO c.h.h.t.HelmChartContainer - [hivemq-test-hivemq-platform] [hivemq-platform-operator] [82c4986f] 13:39:01.540 [ReconcilerExecutor-hivemq-controller-115] DEBUG c.h.p.operator.event.EventSender - [helmcont] Creating K8s event hivemq-platform-ready: [Ready] HiveMQ Platform is ready
2025-01-29 13:39:01,545 INFO c.h.h.t.HelmChartContainer - [EVENT] Normal [Ready] HiveMQ Platform is ready [helmcontainersecuritycontextupgradeplatformit:test-hivemq-platform]
2025-01-29 13:39:01,547 INFO c.h.h.t.HelmChartContainer - [hivemq-test-hivemq-platform] [hivemq-platform-operator] [82c4986f] 13:39:01.546 [ReconcilerExecutor-hivemq-controller-115] INFO  c.h.p.o.h.AbstractHiveMQReconcilerStateHandler - [helmcont] Update HiveMQ Platform Status (STARTING [READY] -> RUNNING [READY]): HiveMQ Platform is ready
2025-01-29 13:39:01,632 DEBUG com.hivemq.helmcharts.util.K8sUtil - Comparing actual state 'RUNNING' and waiting for 'RUNNING'
2025-01-29 13:39:01,640 INFO c.h.h.t.HelmChartContainer - [hivemq-test-hivemq-platform] [hivemq-platform-operator] [82c4986f] 13:39:01.637 [pool-6-thread-28] DEBUG c.h.p.o.d.PlatformServiceResource - [helmcont] Desired Platform services (3 services)
2025-01-29 13:39:01,641 INFO c.h.h.t.HelmChartContainer - [hivemq-test-hivemq-platform] [hivemq-platform-operator] [82c4986f] 13:39:01.639 [pool-6-thread-22] DEBUG c.h.p.o.d.PodServiceAccountResource - [helmcont] Desired PodServiceAccountResource (serviceAccountName: hivemq-platform-pod-test-hivemq-platform)
2025-01-29 13:39:01,645 INFO c.h.h.t.HelmChartContainer - [hivemq-test-hivemq-platform] [hivemq-platform-operator] [82c4986f] 13:39:01.641 [pool-6-thread-26] DEBUG c.h.p.o.dependants.PodInfoConfigMap - [helmcont] Desired PodInfo ConfigMap (1 extensions) (1 enabled)
2025-01-29 13:39:01,645 INFO c.h.h.t.HelmChartContainer - [hivemq-test-hivemq-platform] [hivemq-platform-operator] [82c4986f] 13:39:01.641 [pool-6-thread-26] DEBUG c.h.p.o.dependants.PodInfoConfigMap - [helmcont] Desired PodInfo ConfigMap (metrics port: 9399) (metrics path: /)
2025-01-29 13:39:01,645 INFO c.h.h.t.HelmChartContainer - [hivemq-test-hivemq-platform] [hivemq-platform-operator] [82c4986f] 13:39:01.641 [pool-6-thread-26] DEBUG c.h.p.o.dependants.PodInfoConfigMap - [helmcont] Desired PodInfo ConfigMap (extension state hash: -1817474005)
2025-01-29 13:39:01,645 INFO c.h.h.t.HelmChartContainer - [hivemq-test-hivemq-platform] [hivemq-platform-operator] [82c4986f] 13:39:01.641 [pool-6-thread-26] DEBUG c.h.p.o.dependants.PodInfoConfigMap - [helmcont] Update PodInfo ConfigMap
2025-01-29 13:39:01,736 INFO c.h.h.t.HelmChartContainer - [hivemq-test-hivemq-platform] [hivemq-platform-operator] [82c4986f] 13:39:01.732 [pool-6-thread-26] DEBUG c.h.p.o.d.StatefulSetResource - [helmcont] Desired StatefulSet (1 replicas) for status RUNNING (READY)
2025-01-29 13:39:01,740 INFO c.h.h.t.HelmChartContainer - [hivemq-test-hivemq-platform] [hivemq-platform-operator] [82c4986f] 13:39:01.738 [ReconcilerExecutor-hivemq-controller-116] INFO  c.h.p.o.HiveMQPlatformReconciler - [helmcont] Reconciling HiveMQ Platform 'test-hivemq-platform' in namespace 'helmcontainersecuritycontextupgradeplatformit'
2025-01-29 13:39:01,740 INFO c.h.h.t.HelmChartContainer - [hivemq-test-hivemq-platform] [hivemq-platform-operator] [82c4986f] 13:39:01.739 [ReconcilerExecutor-hivemq-controller-116] DEBUG c.h.p.o.HiveMQPlatformReconciler - [helmcont] Custom Resource Status RUNNING - HiveMQ Platform is ready (READY)
2025-01-29 13:39:01,740 INFO c.h.h.t.HelmChartContainer - [hivemq-test-hivemq-platform] [hivemq-platform-operator] [82c4986f] 13:39:01.739 [ReconcilerExecutor-hivemq-controller-116] DEBUG c.h.p.o.HiveMQPlatformReconciler - [helmcont] Custom Resource Spec (replicas: 1) (extensions: 1)
2025-01-29 13:39:01,746 INFO c.h.h.t.HelmChartContainer - [hivemq-test-hivemq-platform] [hivemq-platform-operator] [82c4986f] 13:39:01.741 [ReconcilerExecutor-hivemq-controller-116] DEBUG c.h.p.o.HiveMQPlatformReconciler - [helmcont] StatefulSet Status (revision: test-hivemq-platform-5fb49467b6, replicas: 1, available: 1, ready: 1, current: 1, updated: 1)
2025-01-29 13:39:01,746 INFO c.h.h.t.HelmChartContainer - [hivemq-test-hivemq-platform] [hivemq-platform-operator] [82c4986f] 13:39:01.743 [ReconcilerExecutor-hivemq-controller-116] DEBUG c.h.p.o.HiveMQPlatformReconciler - [helmcont] StatefulSet Spec (replicas: 1, init containers: 1, containers: 1, volumes: 3)
2025-01-29 13:39:01,751 INFO c.h.h.t.HelmChartContainer - [hivemq-test-hivemq-platform] [hivemq-platform-operator] [82c4986f] 13:39:01.749 [ReconcilerExecutor-hivemq-controller-116] DEBUG c.h.p.o.h.HiveMQPlatformReconcilerErrorHandler - [helmcont] Pod 'test-hivemq-platform-0' phase Running
2025-01-29 13:39:01,755 DEBUG com.hivemq.helmcharts.util.PodUtil - Received status for command '[sh, -c, stat -c "%u:%g" /proc/1]' on pod 'test-hivemq-platform-0' (exit code: 0)
2025-01-29 13:39:01,785 DEBUG com.hivemq.helmcharts.util.K8sUtil - Comparing actual state 'RUNNING' and waiting for 'ROLLING_RESTART'
2025-01-29 13:39:01,830 INFO c.h.h.t.HelmChartContainer - [hivemq-test-hivemq-platform] [hivemq-platform-operator] [82c4986f] 13:39:01.826 [pool-6-thread-34] DEBUG c.h.p.o.d.PlatformServiceResource - [helmcont] Desired Platform services (3 services)
2025-01-29 13:39:01,830 INFO c.h.h.t.HelmChartContainer - [hivemq-test-hivemq-platform] [hivemq-platform-operator] [82c4986f] 13:39:01.828 [pool-6-thread-38] DEBUG c.h.p.o.dependants.PodInfoConfigMap - [helmcont] Desired PodInfo ConfigMap (1 extensions) (1 enabled)
2025-01-29 13:39:01,830 INFO c.h.h.t.HelmChartContainer - [hivemq-test-hivemq-platform] [hivemq-platform-operator] [82c4986f] 13:39:01.828 [pool-6-thread-38] DEBUG c.h.p.o.dependants.PodInfoConfigMap - [helmcont] Desired PodInfo ConfigMap (metrics port: 9399) (metrics path: /)
2025-01-29 13:39:01,830 INFO c.h.h.t.HelmChartContainer - [hivemq-test-hivemq-platform] [hivemq-platform-operator] [82c4986f] 13:39:01.828 [pool-6-thread-38] DEBUG c.h.p.o.dependants.PodInfoConfigMap - [helmcont] Desired PodInfo ConfigMap (extension state hash: -1817474005)
2025-01-29 13:39:01,831 INFO c.h.h.t.HelmChartContainer - [hivemq-test-hivemq-platform] [hivemq-platform-operator] [82c4986f] 13:39:01.828 [pool-6-thread-39] DEBUG c.h.p.o.d.PodServiceAccountResource - [helmcont] Desired PodServiceAccountResource (serviceAccountName: hivemq-platform-pod-test-hivemq-platform)
2025-01-29 13:39:01,835 INFO c.h.h.t.HelmChartContainer - [hivemq-test-hivemq-platform] [hivemq-platform-operator] [82c4986f] 13:39:01.834 [pool-6-thread-34] DEBUG c.h.p.o.d.StatefulSetResource - [helmcont] Desired StatefulSet (1 replicas) for status RUNNING (READY)
2025-01-29 13:39:01,838 INFO c.h.h.t.HelmChartContainer - [hivemq-test-hivemq-platform] [hivemq-platform-operator] [82c4986f] 13:39:01.838 [pool-6-thread-34] DEBUG c.h.p.o.d.StatefulSetResource - [helmcont] Update StatefulSet (replicas: 1 -> 1)
2025-01-29 13:39:01,839 INFO c.h.h.t.HelmChartContainer - [hivemq-test-hivemq-platform] [hivemq-platform-operator] [82c4986f] 13:39:01.838 [pool-6-thread-34] DEBUG c.h.p.o.d.StatefulSetResource - [helmcont] Detected change in StatefulSet specification (path: /template/metadata/annotations/kubernetes-resource-versions) (actual value: {broker-configuration-v2=-2089688360}) (target value: {broker-configuration-v2=1242811043})
2025-01-29 13:39:01,840 INFO c.h.h.t.HelmChartContainer - [hivemq-test-hivemq-platform] [hivemq-platform-operator] [82c4986f] 13:39:01.838 [pool-6-thread-34] INFO  c.h.p.o.d.StatefulSetResource - [helmcont] StatefulSet spec was updated, triggering rolling restart
2025-01-29 13:39:01,926 INFO c.h.h.t.HelmChartContainer - [hivemq-test-hivemq-platform] [hivemq-platform-operator] [82c4986f] 13:39:01.925 [ReconcilerExecutor-hivemq-controller-117] INFO  c.h.p.o.HiveMQPlatformReconciler - [helmcont] Reconciling HiveMQ Platform 'test-hivemq-platform' in namespace 'helmcontainersecuritycontextupgradeplatformit'
2025-01-29 13:39:01,927 INFO c.h.h.t.HelmChartContainer - [hivemq-test-hivemq-platform] [hivemq-platform-operator] [82c4986f] 13:39:01.926 [ReconcilerExecutor-hivemq-controller-117] DEBUG c.h.p.o.HiveMQPlatformReconciler - [helmcont] Custom Resource Status RUNNING - HiveMQ Platform is ready (READY) (reconciliation requests: REQUESTS_UPDATED, ROLLING_RESTART)
2025-01-29 13:39:01,928 INFO c.h.h.t.HelmChartContainer - [hivemq-test-hivemq-platform] [hivemq-platform-operator] [82c4986f] 13:39:01.926 [ReconcilerExecutor-hivemq-controller-117] DEBUG c.h.p.o.HiveMQPlatformReconciler - [helmcont] Custom Resource Spec (replicas: 1) (extensions: 1)
2025-01-29 13:39:01,928 INFO c.h.h.t.HelmChartContainer - [hivemq-test-hivemq-platform] [hivemq-platform-operator] [82c4986f] 13:39:01.927 [ReconcilerExecutor-hivemq-controller-117] DEBUG c.h.p.o.HiveMQPlatformReconciler - [helmcont] StatefulSet Status (revision: test-hivemq-platform-579f489c45, replicas: 1, available: 1, ready: 1, current: 1, updated: 0)
2025-01-29 13:39:01,929 INFO c.h.h.t.HelmChartContainer - [hivemq-test-hivemq-platform] [hivemq-platform-operator] [82c4986f] 13:39:01.927 [ReconcilerExecutor-hivemq-controller-117] DEBUG c.h.p.o.HiveMQPlatformReconciler - [helmcont] StatefulSet Spec (replicas: 1, init containers: 1, containers: 1, volumes: 3)
2025-01-29 13:39:01,934 INFO c.h.h.t.HelmChartContainer - [hivemq-test-hivemq-platform] [hivemq-platform-operator] [82c4986f] 13:39:01.932 [ReconcilerExecutor-hivemq-controller-117] DEBUG c.h.p.o.h.HiveMQPlatformReconcilerErrorHandler - [helmcont] Pod 'test-hivemq-platform-0' phase Running
2025-01-29 13:39:01,935 INFO c.h.h.t.HelmChartContainer - [hivemq-test-hivemq-platform] [hivemq-platform-operator] [82c4986f] 13:39:01.933 [ReconcilerExecutor-hivemq-controller-117] INFO  c.h.p.o.h.HiveMQPlatformReconcilerBaseHandler - [helmcont] Started rolling restart (scaling to 2 replicas)
2025-01-29 13:39:02,036 INFO c.h.h.t.HelmChartContainer - [hivemq-test-hivemq-platform] [hivemq-platform-operator] [82c4986f] 13:39:02.034 [ReconcilerExecutor-hivemq-controller-117] DEBUG c.h.p.operator.event.EventSender - [helmcont] Creating K8s event rolling-restart-started: [RollingRestart] HiveMQ Platform is starting a surge Pod (rolling restart)
2025-01-29 13:39:02,041 INFO c.h.h.t.HelmChartContainer - [EVENT] Normal [RollingRestart] HiveMQ Platform is starting a surge Pod (rolling restart) [helmcontainersecuritycontextupgradeplatformit:test-hivemq-platform]
2025-01-29 13:39:02,044 INFO c.h.h.t.HelmChartContainer - [hivemq-test-hivemq-platform] [hivemq-platform-operator] [82c4986f] 13:39:02.042 [ReconcilerExecutor-hivemq-controller-117] INFO  c.h.p.o.h.AbstractHiveMQReconcilerStateHandler - [helmcont] Update HiveMQ Platform Status (RUNNING [READY] -> ROLLING_RESTART [SURGE_IN_PROGRESS]): HiveMQ Platform is starting a surge Pod (rolling restart)
2025-01-29 13:39:02,053 DEBUG com.hivemq.helmcharts.util.K8sUtil - Comparing actual state 'ROLLING_RESTART' and waiting for 'ROLLING_RESTART'
2025-01-29 13:39:02,059 DEBUG com.hivemq.helmcharts.util.K8sUtil - Comparing actual state 'ROLLING_RESTART' and waiting for 'RUNNING'
2025-01-29 13:39:02,145 INFO c.h.h.t.HelmChartContainer - [hivemq-test-hivemq-platform] [hivemq-platform-operator] [82c4986f] 13:39:02.142 [pool-6-thread-43] DEBUG c.h.p.o.d.PlatformServiceResource - [helmcont] Desired Platform services (3 services)
2025-01-29 13:39:02,145 INFO c.h.h.t.HelmChartContainer - [hivemq-test-hivemq-platform] [hivemq-platform-operator] [82c4986f] 13:39:02.142 [pool-6-thread-47] DEBUG c.h.p.o.dependants.PodInfoConfigMap - [helmcont] Desired PodInfo ConfigMap (1 extensions) (1 enabled)
2025-01-29 13:39:02,145 INFO c.h.h.t.HelmChartContainer - [hivemq-test-hivemq-platform] [hivemq-platform-operator] [82c4986f] 13:39:02.142 [pool-6-thread-47] DEBUG c.h.p.o.dependants.PodInfoConfigMap - [helmcont] Desired PodInfo ConfigMap (metrics port: 9399) (metrics path: /)
2025-01-29 13:39:02,145 INFO c.h.h.t.HelmChartContainer - [hivemq-test-hivemq-platform] [hivemq-platform-operator] [82c4986f] 13:39:02.143 [pool-6-thread-47] DEBUG c.h.p.o.dependants.PodInfoConfigMap - [helmcont] Desired PodInfo ConfigMap (extension state hash: -1817474005)
2025-01-29 13:39:02,146 INFO c.h.h.t.HelmChartContainer - [hivemq-test-hivemq-platform] [hivemq-platform-operator] [82c4986f] 13:39:02.144 [pool-6-thread-45] DEBUG c.h.p.o.d.PodServiceAccountResource - [helmcont] Desired PodServiceAccountResource (serviceAccountName: hivemq-platform-pod-test-hivemq-platform)
2025-01-29 13:39:02,148 INFO c.h.h.t.HelmChartContainer - [hivemq-test-hivemq-platform] [hivemq-platform-operator] [82c4986f] 13:39:02.146 [pool-6-thread-47] DEBUG c.h.p.o.dependants.PodInfoConfigMap - [helmcont] Update PodInfo ConfigMap
2025-01-29 13:39:02,237 INFO c.h.h.t.HelmChartContainer - [hivemq-test-hivemq-platform] [hivemq-platform-operator] [82c4986f] 13:39:02.234 [pool-6-thread-47] DEBUG c.h.p.o.d.StatefulSetResource - [helmcont] Desired StatefulSet (2 replicas) for status ROLLING_RESTART (SURGE_IN_PROGRESS)
2025-01-29 13:39:02,239 INFO c.h.h.t.HelmChartContainer - [hivemq-test-hivemq-platform] [hivemq-platform-operator] [82c4986f] 13:39:02.238 [pool-6-thread-47] DEBUG c.h.p.o.d.StatefulSetResource - [helmcont] Update StatefulSet (replicas: 1 -> 2)
2025-01-29 13:39:02,267 INFO c.h.h.t.HelmChartContainer - [POD] test-hivemq-platform-1 [5992604f-30da-41de-8f0b-a6b1aaff3ae0] in helmcontainersecuritycontextupgradeplatformit was ADDED
2025-01-29 13:39:02,272 INFO c.h.h.t.HelmChartContainer - [EVENT] Normal [SuccessfulCreate] create Pod test-hivemq-platform-1 in StatefulSet test-hivemq-platform successful [helmcontainersecuritycontextupgradeplatformit:test-hivemq-platform]
2025-01-29 13:39:02,276 INFO c.h.h.t.HelmChartContainer - [POD] test-hivemq-platform-1 [5992604f-30da-41de-8f0b-a6b1aaff3ae0] in helmcontainersecuritycontextupgradeplatformit was MODIFIED
2025-01-29 13:39:02,277 INFO c.h.h.t.HelmChartContainer - [EVENT] Normal [Scheduled] Successfully assigned helmcontainersecuritycontextupgradeplatformit/test-hivemq-platform-1 to ddd52fe05997 [helmcontainersecuritycontextupgradeplatformit:test-hivemq-platform-1]
2025-01-29 13:39:02,285 INFO c.h.h.t.HelmChartContainer - [POD] test-hivemq-platform-1 [5992604f-30da-41de-8f0b-a6b1aaff3ae0] in helmcontainersecuritycontextupgradeplatformit was MODIFIED
2025-01-29 13:39:02,298 INFO c.h.h.t.HelmChartContainer - [K3S] [reconciler_common.go:251] "operationExecutor.VerifyControllerAttachedVolume started for volume \"broker-configuration\" (UniqueName: \"kubernetes.io/configmap/5992604f-30da-41de-8f0b-a6b1aaff3ae0-broker-configuration\") pod \"test-hivemq-platform-1\" (UID: \"5992604f-30da-41de-8f0b-a6b1aaff3ae0\") " pod="helmcontainersecuritycontextupgradeplatformit/test-hivemq-platform-1"
2025-01-29 13:39:02,298 INFO c.h.h.t.HelmChartContainer - [K3S] [reconciler_common.go:251] "operationExecutor.VerifyControllerAttachedVolume started for volume \"pod-info\" (UniqueName: \"kubernetes.io/configmap/5992604f-30da-41de-8f0b-a6b1aaff3ae0-pod-info\") pod \"test-hivemq-platform-1\" (UID: \"5992604f-30da-41de-8f0b-a6b1aaff3ae0\") " pod="helmcontainersecuritycontextupgradeplatformit/test-hivemq-platform-1"
2025-01-29 13:39:02,299 INFO c.h.h.t.HelmChartContainer - [K3S] [reconciler_common.go:251] "operationExecutor.VerifyControllerAttachedVolume started for volume \"operator-init\" (UniqueName: \"kubernetes.io/empty-dir/5992604f-30da-41de-8f0b-a6b1aaff3ae0-operator-init\") pod \"test-hivemq-platform-1\" (UID: \"5992604f-30da-41de-8f0b-a6b1aaff3ae0\") " pod="helmcontainersecuritycontextupgradeplatformit/test-hivemq-platform-1"
2025-01-29 13:39:02,299 INFO c.h.h.t.HelmChartContainer - [K3S] [reconciler_common.go:251] "operationExecutor.VerifyControllerAttachedVolume started for volume \"kube-api-access-jhxdv\" (UniqueName: \"kubernetes.io/projected/5992604f-30da-41de-8f0b-a6b1aaff3ae0-kube-api-access-jhxdv\") pod \"test-hivemq-platform-1\" (UID: \"5992604f-30da-41de-8f0b-a6b1aaff3ae0\") " pod="helmcontainersecuritycontextupgradeplatformit/test-hivemq-platform-1"
2025-01-29 13:39:02,340 INFO c.h.h.t.HelmChartContainer - [hivemq-test-hivemq-platform] [hivemq-platform-operator] [82c4986f] 13:39:02.336 [ReconcilerExecutor-hivemq-controller-118] INFO  c.h.p.o.HiveMQPlatformReconciler - [helmcont] Reconciling HiveMQ Platform 'test-hivemq-platform' in namespace 'helmcontainersecuritycontextupgradeplatformit'
2025-01-29 13:39:02,340 INFO c.h.h.t.HelmChartContainer - [hivemq-test-hivemq-platform] [hivemq-platform-operator] [82c4986f] 13:39:02.336 [ReconcilerExecutor-hivemq-controller-118] DEBUG c.h.p.o.HiveMQPlatformReconciler - [helmcont] Custom Resource Status ROLLING_RESTART - HiveMQ Platform is starting a surge Pod (rolling restart) (SURGE_IN_PROGRESS)
2025-01-29 13:39:02,340 INFO c.h.h.t.HelmChartContainer - [hivemq-test-hivemq-platform] [hivemq-platform-operator] [82c4986f] 13:39:02.336 [ReconcilerExecutor-hivemq-controller-118] DEBUG c.h.p.o.HiveMQPlatformReconciler - [helmcont] Custom Resource Spec (replicas: 1) (extensions: 1)
2025-01-29 13:39:02,340 INFO c.h.h.t.HelmChartContainer - [hivemq-test-hivemq-platform] [hivemq-platform-operator] [82c4986f] 13:39:02.338 [ReconcilerExecutor-hivemq-controller-118] DEBUG c.h.p.o.HiveMQPlatformReconciler - [helmcont] StatefulSet Status (revision: test-hivemq-platform-579f489c45, replicas: 2, available: 1, ready: 1, current: 1, updated: 1)
2025-01-29 13:39:02,340 INFO c.h.h.t.HelmChartContainer - [hivemq-test-hivemq-platform] [hivemq-platform-operator] [82c4986f] 13:39:02.338 [ReconcilerExecutor-hivemq-controller-118] DEBUG c.h.p.o.HiveMQPlatformReconciler - [helmcont] StatefulSet Spec (replicas: 2, init containers: 1, containers: 1, volumes: 3)
2025-01-29 13:39:02,345 INFO c.h.h.t.HelmChartContainer - [hivemq-test-hivemq-platform] [hivemq-platform-operator] [82c4986f] 13:39:02.341 [ReconcilerExecutor-hivemq-controller-118] DEBUG c.h.p.o.h.HiveMQPlatformReconcilerErrorHandler - [helmcont] Pod 'test-hivemq-platform-1' phase Pending
2025-01-29 13:39:02,345 INFO c.h.h.t.HelmChartContainer - [hivemq-test-hivemq-platform] [hivemq-platform-operator] [82c4986f] 13:39:02.342 [ReconcilerExecutor-hivemq-controller-118] DEBUG c.h.p.o.h.HiveMQPlatformReconcilerErrorHandler - [helmcont] Pod 'test-hivemq-platform-1' condition 'PodReadyToStartContainers': False
2025-01-29 13:39:02,345 INFO c.h.h.t.HelmChartContainer - [hivemq-test-hivemq-platform] [hivemq-platform-operator] [82c4986f] 13:39:02.343 [ReconcilerExecutor-hivemq-controller-118] DEBUG c.h.p.o.h.HiveMQPlatformReconcilerErrorHandler - [helmcont] Pod 'test-hivemq-platform-1' condition 'Initialized': False
2025-01-29 13:39:02,345 INFO c.h.h.t.HelmChartContainer - [hivemq-test-hivemq-platform] [hivemq-platform-operator] [82c4986f] 13:39:02.343 [ReconcilerExecutor-hivemq-controller-118] DEBUG c.h.p.o.h.HiveMQPlatformReconcilerErrorHandler - [helmcont] Pod 'test-hivemq-platform-1' condition 'Ready': False
2025-01-29 13:39:02,345 INFO c.h.h.t.HelmChartContainer - [hivemq-test-hivemq-platform] [hivemq-platform-operator] [82c4986f] 13:39:02.343 [ReconcilerExecutor-hivemq-controller-118] DEBUG c.h.p.o.h.HiveMQPlatformReconcilerErrorHandler - [helmcont] Pod 'test-hivemq-platform-1' condition 'ContainersReady': False
2025-01-29 13:39:02,345 INFO c.h.h.t.HelmChartContainer - [hivemq-test-hivemq-platform] [hivemq-platform-operator] [82c4986f] 13:39:02.343 [ReconcilerExecutor-hivemq-controller-118] DEBUG c.h.p.o.h.HiveMQPlatformReconcilerErrorHandler - [helmcont] Pod 'test-hivemq-platform-1' condition 'PodScheduled': True
2025-01-29 13:39:02,345 INFO c.h.h.t.HelmChartContainer - [hivemq-test-hivemq-platform] [hivemq-platform-operator] [82c4986f] 13:39:02.343 [ReconcilerExecutor-hivemq-controller-118] DEBUG c.h.p.o.h.HiveMQPlatformReconcilerErrorHandler - [helmcont] Pod 'test-hivemq-platform-1' containerStatus 'hivemq' (started: false) (ready: false) (waiting: [PodInitializing] null)
2025-01-29 13:39:02,424 INFO c.h.h.t.HelmChartContainer - [hivemq-test-hivemq-platform] [hivemq-platform-operator] [82c4986f] 13:39:02.423 [ReconcilerExecutor-hivemq-controller-118] DEBUG c.h.p.o.h.HiveMQPlatformReconcilerErrorHandler - [helmcont] Pod 'test-hivemq-platform-0' phase Running
2025-01-29 13:39:02,426 INFO c.h.h.t.HelmChartContainer - [hivemq-test-hivemq-platform] [hivemq-platform-operator] [82c4986f] 13:39:02.425 [ReconcilerExecutor-hivemq-controller-118] DEBUG c.h.p.o.h.HiveMQPlatformReconcilerRollingRestartHandler - [helmcont] Rolling restart is waiting for 1 of 2 replicas
2025-01-29 13:39:02,434 INFO c.h.h.t.HelmChartContainer - [hivemq-test-hivemq-platform] [hivemq-platform-operator] [82c4986f] 13:39:02.429 [pool-6-thread-1] DEBUG c.h.p.o.d.PlatformServiceResource - [helmcont] Desired Platform services (3 services)
2025-01-29 13:39:02,434 INFO c.h.h.t.HelmChartContainer - [hivemq-test-hivemq-platform] [hivemq-platform-operator] [82c4986f] 13:39:02.430 [pool-6-thread-5] DEBUG c.h.p.o.dependants.PodInfoConfigMap - [helmcont] Desired PodInfo ConfigMap (1 extensions) (1 enabled)
2025-01-29 13:39:02,434 INFO c.h.h.t.HelmChartContainer - [hivemq-test-hivemq-platform] [hivemq-platform-operator] [82c4986f] 13:39:02.430 [pool-6-thread-5] DEBUG c.h.p.o.dependants.PodInfoConfigMap - [helmcont] Desired PodInfo ConfigMap (metrics port: 9399) (metrics path: /)
2025-01-29 13:39:02,434 INFO c.h.h.t.HelmChartContainer - [hivemq-test-hivemq-platform] [hivemq-platform-operator] [82c4986f] 13:39:02.430 [pool-6-thread-5] DEBUG c.h.p.o.dependants.PodInfoConfigMap - [helmcont] Desired PodInfo ConfigMap (extension state hash: -1817474005)
2025-01-29 13:39:02,434 INFO c.h.h.t.HelmChartContainer - [hivemq-test-hivemq-platform] [hivemq-platform-operator] [82c4986f] 13:39:02.432 [pool-6-thread-5] DEBUG c.h.p.o.d.PodServiceAccountResource - [helmcont] Desired PodServiceAccountResource (serviceAccountName: hivemq-platform-pod-test-hivemq-platform)
2025-01-29 13:39:02,437 INFO c.h.h.t.HelmChartContainer - [hivemq-test-hivemq-platform] [hivemq-platform-operator] [82c4986f] 13:39:02.436 [pool-6-thread-1] DEBUG c.h.p.o.d.StatefulSetResource - [helmcont] Desired StatefulSet (2 replicas) for status ROLLING_RESTART (SURGE_IN_PROGRESS)
2025-01-29 13:39:02,440 INFO c.h.h.t.HelmChartContainer - [hivemq-test-hivemq-platform] [hivemq-platform-operator] [82c4986f] 13:39:02.439 [ReconcilerExecutor-hivemq-controller-119] INFO  c.h.p.o.HiveMQPlatformReconciler - [helmcont] Reconciling HiveMQ Platform 'test-hivemq-platform' in namespace 'helmcontainersecuritycontextupgradeplatformit'
2025-01-29 13:39:02,441 INFO c.h.h.t.HelmChartContainer - [hivemq-test-hivemq-platform] [hivemq-platform-operator] [82c4986f] 13:39:02.440 [ReconcilerExecutor-hivemq-controller-119] DEBUG c.h.p.o.HiveMQPlatformReconciler - [helmcont] Custom Resource Status ROLLING_RESTART - HiveMQ Platform is starting a surge Pod (rolling restart) (SURGE_IN_PROGRESS)
2025-01-29 13:39:02,441 INFO c.h.h.t.HelmChartContainer - [hivemq-test-hivemq-platform] [hivemq-platform-operator] [82c4986f] 13:39:02.440 [ReconcilerExecutor-hivemq-controller-119] DEBUG c.h.p.o.HiveMQPlatformReconciler - [helmcont] Custom Resource Spec (replicas: 1) (extensions: 1)
2025-01-29 13:39:02,442 INFO c.h.h.t.HelmChartContainer - [hivemq-test-hivemq-platform] [hivemq-platform-operator] [82c4986f] 13:39:02.441 [ReconcilerExecutor-hivemq-controller-119] DEBUG c.h.p.o.HiveMQPlatformReconciler - [helmcont] StatefulSet Status (revision: test-hivemq-platform-579f489c45, replicas: 2, available: 1, ready: 1, current: 1, updated: 1)
2025-01-29 13:39:02,442 INFO c.h.h.t.HelmChartContainer - [hivemq-test-hivemq-platform] [hivemq-platform-operator] [82c4986f] 13:39:02.441 [ReconcilerExecutor-hivemq-controller-119] DEBUG c.h.p.o.HiveMQPlatformReconciler - [helmcont] StatefulSet Spec (replicas: 2, init containers: 1, containers: 1, volumes: 3)
2025-01-29 13:39:02,527 INFO c.h.h.t.HelmChartContainer - [hivemq-test-hivemq-platform] [hivemq-platform-operator] [82c4986f] 13:39:02.524 [ReconcilerExecutor-hivemq-controller-119] DEBUG c.h.p.o.h.HiveMQPlatformReconcilerErrorHandler - [helmcont] Pod 'test-hivemq-platform-1' phase Pending
2025-01-29 13:39:02,527 INFO c.h.h.t.HelmChartContainer - [hivemq-test-hivemq-platform] [hivemq-platform-operator] [82c4986f] 13:39:02.524 [ReconcilerExecutor-hivemq-controller-119] DEBUG c.h.p.o.h.HiveMQPlatformReconcilerErrorHandler - [helmcont] Pod 'test-hivemq-platform-1' condition 'PodReadyToStartContainers': False
2025-01-29 13:39:02,527 INFO c.h.h.t.HelmChartContainer - [hivemq-test-hivemq-platform] [hivemq-platform-operator] [82c4986f] 13:39:02.524 [ReconcilerExecutor-hivemq-controller-119] DEBUG c.h.p.o.h.HiveMQPlatformReconcilerErrorHandler - [helmcont] Pod 'test-hivemq-platform-1' condition 'Initialized': False
2025-01-29 13:39:02,527 INFO c.h.h.t.HelmChartContainer - [hivemq-test-hivemq-platform] [hivemq-platform-operator] [82c4986f] 13:39:02.524 [ReconcilerExecutor-hivemq-controller-119] DEBUG c.h.p.o.h.HiveMQPlatformReconcilerErrorHandler - [helmcont] Pod 'test-hivemq-platform-1' condition 'Ready': False
2025-01-29 13:39:02,527 INFO c.h.h.t.HelmChartContainer - [hivemq-test-hivemq-platform] [hivemq-platform-operator] [82c4986f] 13:39:02.524 [ReconcilerExecutor-hivemq-controller-119] DEBUG c.h.p.o.h.HiveMQPlatformReconcilerErrorHandler - [helmcont] Pod 'test-hivemq-platform-1' condition 'ContainersReady': False
2025-01-29 13:39:02,527 INFO c.h.h.t.HelmChartContainer - [hivemq-test-hivemq-platform] [hivemq-platform-operator] [82c4986f] 13:39:02.524 [ReconcilerExecutor-hivemq-controller-119] DEBUG c.h.p.o.h.HiveMQPlatformReconcilerErrorHandler - [helmcont] Pod 'test-hivemq-platform-1' condition 'PodScheduled': True
2025-01-29 13:39:02,527 INFO c.h.h.t.HelmChartContainer - [hivemq-test-hivemq-platform] [hivemq-platform-operator] [82c4986f] 13:39:02.524 [ReconcilerExecutor-hivemq-controller-119] DEBUG c.h.p.o.h.HiveMQPlatformReconcilerErrorHandler - [helmcont] Pod 'test-hivemq-platform-1' containerStatus 'hivemq' (started: false) (ready: false) (waiting: [PodInitializing] null)
2025-01-29 13:39:02,527 INFO c.h.h.t.HelmChartContainer - [hivemq-test-hivemq-platform] [hivemq-platform-operator] [82c4986f] 13:39:02.526 [ReconcilerExecutor-hivemq-controller-119] DEBUG c.h.p.o.h.HiveMQPlatformReconcilerErrorHandler - [helmcont] Pod 'test-hivemq-platform-0' phase Running
2025-01-29 13:39:02,528 INFO c.h.h.t.HelmChartContainer - [hivemq-test-hivemq-platform] [hivemq-platform-operator] [82c4986f] 13:39:02.526 [ReconcilerExecutor-hivemq-controller-119] DEBUG c.h.p.o.h.HiveMQPlatformReconcilerRollingRestartHandler - [helmcont] Rolling restart is waiting for 1 of 2 replicas
2025-01-29 13:39:02,671 INFO c.h.h.t.HelmChartContainer - [EVENT] Normal [Pulled] Container image "docker.io/hivemq/hivemq-platform-operator-init-test:snapshot" already present on machine [helmcontainersecuritycontextupgradeplatformit:test-hivemq-platform-1]
2025-01-29 13:39:02,678 INFO c.h.h.t.HelmChartContainer - [EVENT] Normal [Created] Created container: hivemq-platform-operator-init [helmcontainersecuritycontextupgradeplatformit:test-hivemq-platform-1]
2025-01-29 13:39:02,718 INFO c.h.h.t.HelmChartContainer - [EVENT] Normal [Started] Started container hivemq-platform-operator-init [helmcontainersecuritycontextupgradeplatformit:test-hivemq-platform-1]
2025-01-29 13:39:03,480 INFO c.h.h.t.HelmChartContainer - [EVENT] Normal [Pulled] Container image "docker.io/hivemq/hivemq4:4.36.0" already present on machine [helmcontainersecuritycontextupgradeplatformit:test-hivemq-platform-1]
2025-01-29 13:39:03,481 INFO c.h.h.t.HelmChartContainer - Received Pulled event for container hivemq in pod test-hivemq-platform-1 [5992604f-30da-41de-8f0b-a6b1aaff3ae0]
2025-01-29 13:39:03,497 INFO c.h.h.t.HelmChartContainer - [POD] test-hivemq-platform-1 [5992604f-30da-41de-8f0b-a6b1aaff3ae0] in helmcontainersecuritycontextupgradeplatformit was MODIFIED
2025-01-29 13:39:03,502 INFO c.h.h.t.HelmChartContainer - [EVENT] Normal [Created] Created container: hivemq [helmcontainersecuritycontextupgradeplatformit:test-hivemq-platform-1]
2025-01-29 13:39:03,504 INFO c.h.h.t.HelmChartContainer - Received Created event for container hivemq in pod test-hivemq-platform-1 [5992604f-30da-41de-8f0b-a6b1aaff3ae0]
2025-01-29 13:39:03,512 INFO c.h.h.t.HelmChartContainer - [hivemq-test-hivemq-platform] [hivemq-platform-operator] [82c4986f] 13:39:03.505 [pool-6-thread-13] DEBUG c.h.p.o.d.PlatformServiceResource - [helmcont] Desired Platform services (3 services)
2025-01-29 13:39:03,517 INFO c.h.h.t.HelmChartContainer - [hivemq-test-hivemq-platform] [hivemq-platform-operator] [82c4986f] 13:39:03.507 [pool-6-thread-11] DEBUG c.h.p.o.dependants.PodInfoConfigMap - [helmcont] Desired PodInfo ConfigMap (1 extensions) (1 enabled)
2025-01-29 13:39:03,517 INFO c.h.h.t.HelmChartContainer - [hivemq-test-hivemq-platform] [hivemq-platform-operator] [82c4986f] 13:39:03.507 [pool-6-thread-11] DEBUG c.h.p.o.dependants.PodInfoConfigMap - [helmcont] Desired PodInfo ConfigMap (metrics port: 9399) (metrics path: /)
2025-01-29 13:39:03,517 INFO c.h.h.t.HelmChartContainer - [hivemq-test-hivemq-platform] [hivemq-platform-operator] [82c4986f] 13:39:03.507 [pool-6-thread-11] DEBUG c.h.p.o.dependants.PodInfoConfigMap - [helmcont] Desired PodInfo ConfigMap (extension state hash: -1817474005)
2025-01-29 13:39:03,521 INFO c.h.h.t.HelmChartContainer - [hivemq-test-hivemq-platform] [hivemq-platform-operator] [82c4986f] 13:39:03.513 [pool-6-thread-18] DEBUG c.h.p.o.d.PodServiceAccountResource - [helmcont] Desired PodServiceAccountResource (serviceAccountName: hivemq-platform-pod-test-hivemq-platform)
2025-01-29 13:39:03,522 INFO c.h.h.t.HelmChartContainer - [hivemq-test-hivemq-platform] [hivemq-platform-operator] [82c4986f] 13:39:03.518 [pool-6-thread-13] DEBUG c.h.p.o.d.StatefulSetResource - [helmcont] Desired StatefulSet (2 replicas) for status ROLLING_RESTART (SURGE_IN_PROGRESS)
2025-01-29 13:39:03,527 INFO c.h.h.t.HelmChartContainer - [hivemq-test-hivemq-platform] [hivemq-platform-operator] [82c4986f] 13:39:03.522 [ReconcilerExecutor-hivemq-controller-120] INFO  c.h.p.o.HiveMQPlatformReconciler - [helmcont] Reconciling HiveMQ Platform 'test-hivemq-platform' in namespace 'helmcontainersecuritycontextupgradeplatformit'
2025-01-29 13:39:03,529 INFO c.h.h.t.HelmChartContainer - [hivemq-test-hivemq-platform] [hivemq-platform-operator] [82c4986f] 13:39:03.522 [ReconcilerExecutor-hivemq-controller-120] DEBUG c.h.p.o.HiveMQPlatformReconciler - [helmcont] Custom Resource Status ROLLING_RESTART - HiveMQ Platform is starting a surge Pod (rolling restart) (SURGE_IN_PROGRESS)
2025-01-29 13:39:03,529 INFO c.h.h.t.HelmChartContainer - [hivemq-test-hivemq-platform] [hivemq-platform-operator] [82c4986f] 13:39:03.522 [ReconcilerExecutor-hivemq-controller-120] DEBUG c.h.p.o.HiveMQPlatformReconciler - [helmcont] Custom Resource Spec (replicas: 1) (extensions: 1)
2025-01-29 13:39:03,529 INFO c.h.h.t.HelmChartContainer - [hivemq-test-hivemq-platform] [hivemq-platform-operator] [82c4986f] 13:39:03.523 [ReconcilerExecutor-hivemq-controller-120] DEBUG c.h.p.o.HiveMQPlatformReconciler - [helmcont] StatefulSet Status (revision: test-hivemq-platform-579f489c45, replicas: 2, available: 1, ready: 1, current: 1, updated: 1)
2025-01-29 13:39:03,529 INFO c.h.h.t.HelmChartContainer - [hivemq-test-hivemq-platform] [hivemq-platform-operator] [82c4986f] 13:39:03.524 [ReconcilerExecutor-hivemq-controller-120] DEBUG c.h.p.o.HiveMQPlatformReconciler - [helmcont] StatefulSet Spec (replicas: 2, init containers: 1, containers: 1, volumes: 3)
2025-01-29 13:39:03,529 INFO c.h.h.t.HelmChartContainer - [hivemq-test-hivemq-platform] [hivemq-platform-operator] [82c4986f] 13:39:03.525 [ReconcilerExecutor-hivemq-controller-120] DEBUG c.h.p.o.h.HiveMQPlatformReconcilerErrorHandler - [helmcont] Pod 'test-hivemq-platform-1' phase Pending
2025-01-29 13:39:03,529 INFO c.h.h.t.HelmChartContainer - [hivemq-test-hivemq-platform] [hivemq-platform-operator] [82c4986f] 13:39:03.525 [ReconcilerExecutor-hivemq-controller-120] DEBUG c.h.p.o.h.HiveMQPlatformReconcilerErrorHandler - [helmcont] Pod 'test-hivemq-platform-1' condition 'PodReadyToStartContainers': True
2025-01-29 13:39:03,529 INFO c.h.h.t.HelmChartContainer - [hivemq-test-hivemq-platform] [hivemq-platform-operator] [82c4986f] 13:39:03.525 [ReconcilerExecutor-hivemq-controller-120] DEBUG c.h.p.o.h.HiveMQPlatformReconcilerErrorHandler - [helmcont] Pod 'test-hivemq-platform-1' condition 'Initialized': True
2025-01-29 13:39:03,529 INFO c.h.h.t.HelmChartContainer - [hivemq-test-hivemq-platform] [hivemq-platform-operator] [82c4986f] 13:39:03.525 [ReconcilerExecutor-hivemq-controller-120] DEBUG c.h.p.o.h.HiveMQPlatformReconcilerErrorHandler - [helmcont] Pod 'test-hivemq-platform-1' condition 'Ready': False
2025-01-29 13:39:03,529 INFO c.h.h.t.HelmChartContainer - [hivemq-test-hivemq-platform] [hivemq-platform-operator] [82c4986f] 13:39:03.525 [ReconcilerExecutor-hivemq-controller-120] DEBUG c.h.p.o.h.HiveMQPlatformReconcilerErrorHandler - [helmcont] Pod 'test-hivemq-platform-1' condition 'ContainersReady': False
2025-01-29 13:39:03,529 INFO c.h.h.t.HelmChartContainer - [hivemq-test-hivemq-platform] [hivemq-platform-operator] [82c4986f] 13:39:03.525 [ReconcilerExecutor-hivemq-controller-120] DEBUG c.h.p.o.h.HiveMQPlatformReconcilerErrorHandler - [helmcont] Pod 'test-hivemq-platform-1' condition 'PodScheduled': True
2025-01-29 13:39:03,529 INFO c.h.h.t.HelmChartContainer - [hivemq-test-hivemq-platform] [hivemq-platform-operator] [82c4986f] 13:39:03.525 [ReconcilerExecutor-hivemq-controller-120] DEBUG c.h.p.o.h.HiveMQPlatformReconcilerErrorHandler - [helmcont] Pod 'test-hivemq-platform-1' containerStatus 'hivemq' (started: false) (ready: false) (waiting: [PodInitializing] null)
2025-01-29 13:39:03,529 INFO c.h.h.t.HelmChartContainer - [hivemq-test-hivemq-platform] [hivemq-platform-operator] [82c4986f] 13:39:03.526 [ReconcilerExecutor-hivemq-controller-120] DEBUG c.h.p.o.h.HiveMQPlatformReconcilerErrorHandler - [helmcont] Pod 'test-hivemq-platform-0' phase Running
2025-01-29 13:39:03,529 INFO c.h.h.t.HelmChartContainer - [hivemq-test-hivemq-platform] [hivemq-platform-operator] [82c4986f] 13:39:03.527 [ReconcilerExecutor-hivemq-controller-120] DEBUG c.h.p.o.h.HiveMQPlatformReconcilerRollingRestartHandler - [helmcont] Rolling restart is waiting for 1 of 2 replicas
2025-01-29 13:39:04,494 INFO c.h.h.t.HelmChartContainer - [POD] test-hivemq-platform-1 [5992604f-30da-41de-8f0b-a6b1aaff3ae0] in helmcontainersecuritycontextupgradeplatformit was MODIFIED
2025-01-29 13:39:04,504 INFO c.h.h.t.HelmChartContainer - Started log watcher for hivemq in pod test-hivemq-platform-1 [5992604f-30da-41de-8f0b-a6b1aaff3ae0]
2025-01-29 13:39:04,504 INFO c.h.h.t.HelmChartContainer - [test-hivemq-platform] [hivemq] [5992604f] Adding pre-installed HiveMQ Platform Operator extensions
2025-01-29 13:39:04,504 INFO c.h.h.t.HelmChartContainer - [test-hivemq-platform] [hivemq] [5992604f] Running as user 0
2025-01-29 13:39:04,504 INFO c.h.h.t.HelmChartContainer - [test-hivemq-platform] [hivemq] [5992604f] Starting HiveMQ Platform Operator Init
2025-01-29 13:39:04,505 INFO c.h.h.t.HelmChartContainer - [hivemq-test-hivemq-platform] [hivemq-platform-operator] [82c4986f] 13:39:04.501 [pool-6-thread-24] DEBUG c.h.p.o.d.PlatformServiceResource - [helmcont] Desired Platform services (3 services)
2025-01-29 13:39:04,509 INFO c.h.h.t.HelmChartContainer - [hivemq-test-hivemq-platform] [hivemq-platform-operator] [82c4986f] 13:39:04.504 [pool-6-thread-21] DEBUG c.h.p.o.dependants.PodInfoConfigMap - [helmcont] Desired PodInfo ConfigMap (1 extensions) (1 enabled)
2025-01-29 13:39:04,509 INFO c.h.h.t.HelmChartContainer - [hivemq-test-hivemq-platform] [hivemq-platform-operator] [82c4986f] 13:39:04.505 [pool-6-thread-21] DEBUG c.h.p.o.dependants.PodInfoConfigMap - [helmcont] Desired PodInfo ConfigMap (metrics port: 9399) (metrics path: /)
2025-01-29 13:39:04,509 INFO c.h.h.t.HelmChartContainer - [hivemq-test-hivemq-platform] [hivemq-platform-operator] [82c4986f] 13:39:04.505 [pool-6-thread-21] DEBUG c.h.p.o.dependants.PodInfoConfigMap - [helmcont] Desired PodInfo ConfigMap (extension state hash: -1817474005)
2025-01-29 13:39:04,511 INFO c.h.h.t.HelmChartContainer - [EVENT] Normal [Started] Started container hivemq [helmcontainersecuritycontextupgradeplatformit:test-hivemq-platform-1]
2025-01-29 13:39:04,511 INFO c.h.h.t.HelmChartContainer - Received Started event for container hivemq in pod test-hivemq-platform-1 [5992604f-30da-41de-8f0b-a6b1aaff3ae0]
2025-01-29 13:39:04,515 INFO c.h.h.t.HelmChartContainer - [hivemq-test-hivemq-platform] [hivemq-platform-operator] [82c4986f] 13:39:04.512 [pool-6-thread-29] DEBUG c.h.p.o.d.PodServiceAccountResource - [helmcont] Desired PodServiceAccountResource (serviceAccountName: hivemq-platform-pod-test-hivemq-platform)
2025-01-29 13:39:04,524 INFO c.h.h.t.HelmChartContainer - [hivemq-test-hivemq-platform] [hivemq-platform-operator] [82c4986f] 13:39:04.521 [pool-6-thread-24] DEBUG c.h.p.o.d.StatefulSetResource - [helmcont] Desired StatefulSet (2 replicas) for status ROLLING_RESTART (SURGE_IN_PROGRESS)
2025-01-29 13:39:04,526 INFO c.h.h.t.HelmChartContainer - [hivemq-test-hivemq-platform] [hivemq-platform-operator] [82c4986f] 13:39:04.525 [ReconcilerExecutor-hivemq-controller-121] INFO  c.h.p.o.HiveMQPlatformReconciler - [helmcont] Reconciling HiveMQ Platform 'test-hivemq-platform' in namespace 'helmcontainersecuritycontextupgradeplatformit'
2025-01-29 13:39:04,527 INFO c.h.h.t.HelmChartContainer - [hivemq-test-hivemq-platform] [hivemq-platform-operator] [82c4986f] 13:39:04.526 [ReconcilerExecutor-hivemq-controller-121] DEBUG c.h.p.o.HiveMQPlatformReconciler - [helmcont] Custom Resource Status ROLLING_RESTART - HiveMQ Platform is starting a surge Pod (rolling restart) (SURGE_IN_PROGRESS)
2025-01-29 13:39:04,527 INFO c.h.h.t.HelmChartContainer - [hivemq-test-hivemq-platform] [hivemq-platform-operator] [82c4986f] 13:39:04.526 [ReconcilerExecutor-hivemq-controller-121] DEBUG c.h.p.o.HiveMQPlatformReconciler - [helmcont] Custom Resource Spec (replicas: 1) (extensions: 1)
2025-01-29 13:39:04,530 INFO c.h.h.t.HelmChartContainer - [hivemq-test-hivemq-platform] [hivemq-platform-operator] [82c4986f] 13:39:04.528 [ReconcilerExecutor-hivemq-controller-121] DEBUG c.h.p.o.HiveMQPlatformReconciler - [helmcont] StatefulSet Status (revision: test-hivemq-platform-579f489c45, replicas: 2, available: 1, ready: 1, current: 1, updated: 1)
2025-01-29 13:39:04,530 INFO c.h.h.t.HelmChartContainer - [hivemq-test-hivemq-platform] [hivemq-platform-operator] [82c4986f] 13:39:04.529 [ReconcilerExecutor-hivemq-controller-121] DEBUG c.h.p.o.HiveMQPlatformReconciler - [helmcont] StatefulSet Spec (replicas: 2, init containers: 1, containers: 1, volumes: 3)
2025-01-29 13:39:04,531 INFO c.h.h.t.HelmChartContainer - [hivemq-test-hivemq-platform] [hivemq-platform-operator] [82c4986f] 13:39:04.530 [ReconcilerExecutor-hivemq-controller-121] DEBUG c.h.p.o.h.HiveMQPlatformReconcilerErrorHandler - [helmcont] Pod 'test-hivemq-platform-1' phase Running
2025-01-29 13:39:04,533 INFO c.h.h.t.HelmChartContainer - [hivemq-test-hivemq-platform] [hivemq-platform-operator] [82c4986f] 13:39:04.532 [ReconcilerExecutor-hivemq-controller-121] DEBUG c.h.p.o.h.HiveMQPlatformReconcilerErrorHandler - [helmcont] Pod 'test-hivemq-platform-0' phase Running
2025-01-29 13:39:04,535 INFO c.h.h.t.HelmChartContainer - [hivemq-test-hivemq-platform] [hivemq-platform-operator] [82c4986f] 13:39:04.534 [ReconcilerExecutor-hivemq-controller-121] DEBUG c.h.p.o.h.HiveMQPlatformReconcilerRollingRestartHandler - [helmcont] Rolling restart is waiting for 1 of 2 replicas
2025-01-29 13:39:04,790 INFO c.h.h.t.HelmChartContainer - [test-hivemq-platform] [hivemq] [5992604f] INFO  - [HiveMQ Platform Operator Init 1.7.0-SNAPSHOT] HiveMQ Platform Operator Init 1.7.0-SNAPSHOT (commit: bebf408 on branch: HEAD) built on Sun Jan 26 20:47:47 UTC 2025
2025-01-29 13:39:05,992 INFO c.h.h.t.HelmChartContainer - [test-hivemq-platform] [hivemq] [5992604f] INFO  - [HiveMQ Platform Operator Init App 1.7.0-SNAPSHOT] Using bind address 10.42.0.7 from environment variable
2025-01-29 13:39:06,891 INFO c.h.h.t.HelmChartContainer - [test-hivemq-platform] [hivemq] [5992604f] INFO  - [HiveMQ Platform Operator Init App 1.7.0-SNAPSHOT] HiveMQ Platform Operator Init App 1.7.0-SNAPSHOT (commit: bebf408 on branch: HEAD) built on Sun Jan 26 20:47:47 UTC 2025
2025-01-29 13:39:06,891 INFO c.h.h.t.HelmChartContainer - [test-hivemq-platform] [hivemq] [5992604f] INFO  - [HiveMQ Platform Operator Init App 1.7.0-SNAPSHOT] PodInfo ConfigMap directory: /etc/podinfo
2025-01-29 13:39:06,892 INFO c.h.h.t.HelmChartContainer - [test-hivemq-platform] [hivemq] [5992604f] INFO  - [HiveMQ Platform Operator Init App 1.7.0-SNAPSHOT] HiveMQ home directory: /opt/hivemq
2025-01-29 13:39:06,892 INFO c.h.h.t.HelmChartContainer - [test-hivemq-platform] [hivemq] [5992604f] INFO  - [HiveMQ Platform Operator Init App 1.7.0-SNAPSHOT] HiveMQ Logback folder: /opt/hivemq/conf
2025-01-29 13:39:06,892 INFO c.h.h.t.HelmChartContainer - [test-hivemq-platform] [hivemq] [5992604f] INFO  - [HiveMQ Platform Operator Init App 1.7.0-SNAPSHOT] HiveMQ Config folder: /opt/hivemq/conf-k8s
2025-01-29 13:39:06,892 INFO c.h.h.t.HelmChartContainer - [test-hivemq-platform] [hivemq] [5992604f] INFO  - [HiveMQ Platform Operator Init App 1.7.0-SNAPSHOT] Starting HiveMQ Platform Operator Init App
2025-01-29 13:39:06,892 INFO c.h.h.t.HelmChartContainer - [test-hivemq-platform] [hivemq] [5992604f] INFO  - [HiveMQ Platform Operator Init App 1.7.0-SNAPSHOT] Starting Pod reconciler
2025-01-29 13:39:08,112 INFO c.h.h.t.HelmChartContainer - [test-hivemq-platform] [hivemq] [5992604f] INFO  - [HiveMQ Platform Operator Init App 1.7.0-SNAPSHOT] Pod reconciler is scheduled (interval: 5000 ms)
2025-01-29 13:39:08,113 INFO c.h.h.t.HelmChartContainer - [test-hivemq-platform] [hivemq] [5992604f] INFO  - [HiveMQ Platform Operator Init App 1.7.0-SNAPSHOT] Starting the REST API on 10.42.0.7:7979
2025-01-29 13:39:08,116 INFO c.h.h.t.HelmChartContainer - [test-hivemq-platform] [hivemq] [5992604f] INFO  - [HiveMQ Platform Operator Init App 1.7.0-SNAPSHOT] Waiting up to 600s for at most 2 HiveMQ nodes in cluster service hivemq-test-hivemq-platform-cluster.helmcontainersecuritycontextupgradeplatformit.svc
2025-01-29 13:39:08,488 INFO c.h.h.t.HelmChartContainer - [test-hivemq-platform] [hivemq] [5992604f] INFO  - [HiveMQ Platform Operator Init App 1.7.0-SNAPSHOT] Resolved 2 IP addresses: [10.42.0.6, 10.42.0.7]
2025-01-29 13:39:08,489 INFO c.h.h.t.HelmChartContainer - [test-hivemq-platform] [hivemq] [5992604f] INFO  - [HiveMQ Platform Operator Init App 1.7.0-SNAPSHOT] HiveMQ node count of 2 is within threshold of 2
2025-01-29 13:39:08,489 INFO c.h.h.t.HelmChartContainer - [test-hivemq-platform] [hivemq] [5992604f] INFO  - [HiveMQ Platform Operator Init App 1.7.0-SNAPSHOT] Waiting 15s for previous shutdown replication to finish...
2025-01-29 13:39:10,489 INFO c.h.h.t.HelmChartContainer - [test-hivemq-platform] [hivemq] [5992604f] INFO  - [HiveMQ Platform Operator Init App 1.7.0-SNAPSHOT] Returning default Health API response 503 for readiness
2025-01-29 13:39:10,611 INFO c.h.h.t.HelmChartContainer - [EVENT] Warning [Unhealthy] Readiness probe failed: HTTP probe failed with statuscode: 503 [helmcontainersecuritycontextupgradeplatformit:test-hivemq-platform-1]
2025-01-29 13:39:10,611 INFO c.h.h.t.HelmChartContainer - Received Unhealthy event for container hivemq in pod test-hivemq-platform-1 [5992604f-30da-41de-8f0b-a6b1aaff3ae0]
2025-01-29 13:39:14,543 INFO c.h.h.t.HelmChartContainer - [hivemq-test-hivemq-platform] [hivemq-platform-operator] [82c4986f] 13:39:14.538 [pool-6-thread-36] DEBUG c.h.p.o.d.PlatformServiceResource - [helmcont] Desired Platform services (3 services)
2025-01-29 13:39:14,543 INFO c.h.h.t.HelmChartContainer - [hivemq-test-hivemq-platform] [hivemq-platform-operator] [82c4986f] 13:39:14.541 [pool-6-thread-32] DEBUG c.h.p.o.d.PodServiceAccountResource - [helmcont] Desired PodServiceAccountResource (serviceAccountName: hivemq-platform-pod-test-hivemq-platform)
2025-01-29 13:39:14,543 INFO c.h.h.t.HelmChartContainer - [hivemq-test-hivemq-platform] [hivemq-platform-operator] [82c4986f] 13:39:14.539 [pool-6-thread-39] DEBUG c.h.p.o.dependants.PodInfoConfigMap - [helmcont] Desired PodInfo ConfigMap (1 extensions) (1 enabled)
2025-01-29 13:39:14,543 INFO c.h.h.t.HelmChartContainer - [hivemq-test-hivemq-platform] [hivemq-platform-operator] [82c4986f] 13:39:14.541 [pool-6-thread-39] DEBUG c.h.p.o.dependants.PodInfoConfigMap - [helmcont] Desired PodInfo ConfigMap (metrics port: 9399) (metrics path: /)
2025-01-29 13:39:14,543 INFO c.h.h.t.HelmChartContainer - [hivemq-test-hivemq-platform] [hivemq-platform-operator] [82c4986f] 13:39:14.541 [pool-6-thread-39] DEBUG c.h.p.o.dependants.PodInfoConfigMap - [helmcont] Desired PodInfo ConfigMap (extension state hash: -1817474005)
2025-01-29 13:39:14,546 INFO c.h.h.t.HelmChartContainer - [hivemq-test-hivemq-platform] [hivemq-platform-operator] [82c4986f] 13:39:14.545 [pool-6-thread-32] DEBUG c.h.p.o.d.StatefulSetResource - [helmcont] Desired StatefulSet (2 replicas) for status ROLLING_RESTART (SURGE_IN_PROGRESS)
2025-01-29 13:39:14,550 INFO c.h.h.t.HelmChartContainer - [hivemq-test-hivemq-platform] [hivemq-platform-operator] [82c4986f] 13:39:14.550 [ReconcilerExecutor-hivemq-controller-122] INFO  c.h.p.o.HiveMQPlatformReconciler - [helmcont] Reconciling HiveMQ Platform 'test-hivemq-platform' in namespace 'helmcontainersecuritycontextupgradeplatformit'
2025-01-29 13:39:14,551 INFO c.h.h.t.HelmChartContainer - [hivemq-test-hivemq-platform] [hivemq-platform-operator] [82c4986f] 13:39:14.550 [ReconcilerExecutor-hivemq-controller-122] DEBUG c.h.p.o.HiveMQPlatformReconciler - [helmcont] Custom Resource Status ROLLING_RESTART - HiveMQ Platform is starting a surge Pod (rolling restart) (SURGE_IN_PROGRESS)
2025-01-29 13:39:14,551 INFO c.h.h.t.HelmChartContainer - [hivemq-test-hivemq-platform] [hivemq-platform-operator] [82c4986f] 13:39:14.550 [ReconcilerExecutor-hivemq-controller-122] DEBUG c.h.p.o.HiveMQPlatformReconciler - [helmcont] Custom Resource Spec (replicas: 1) (extensions: 1)
2025-01-29 13:39:14,552 INFO c.h.h.t.HelmChartContainer - [hivemq-test-hivemq-platform] [hivemq-platform-operator] [82c4986f] 13:39:14.551 [ReconcilerExecutor-hivemq-controller-122] DEBUG c.h.p.o.HiveMQPlatformReconciler - [helmcont] StatefulSet Status (revision: test-hivemq-platform-579f489c45, replicas: 2, available: 1, ready: 1, current: 1, updated: 1)
2025-01-29 13:39:14,552 INFO c.h.h.t.HelmChartContainer - [hivemq-test-hivemq-platform] [hivemq-platform-operator] [82c4986f] 13:39:14.551 [ReconcilerExecutor-hivemq-controller-122] DEBUG c.h.p.o.HiveMQPlatformReconciler - [helmcont] StatefulSet Spec (replicas: 2, init containers: 1, containers: 1, volumes: 3)
2025-01-29 13:39:14,553 INFO c.h.h.t.HelmChartContainer - [hivemq-test-hivemq-platform] [hivemq-platform-operator] [82c4986f] 13:39:14.553 [ReconcilerExecutor-hivemq-controller-122] DEBUG c.h.p.o.h.HiveMQPlatformReconcilerErrorHandler - [helmcont] Pod 'test-hivemq-platform-1' phase Running
2025-01-29 13:39:14,626 INFO c.h.h.t.HelmChartContainer - [hivemq-test-hivemq-platform] [hivemq-platform-operator] [82c4986f] 13:39:14.624 [ReconcilerExecutor-hivemq-controller-122] DEBUG c.h.p.o.h.HiveMQPlatformReconcilerErrorHandler - [helmcont] Pod 'test-hivemq-platform-0' phase Running
2025-01-29 13:39:14,627 INFO c.h.h.t.HelmChartContainer - [hivemq-test-hivemq-platform] [hivemq-platform-operator] [82c4986f] 13:39:14.625 [ReconcilerExecutor-hivemq-controller-122] DEBUG c.h.p.o.h.HiveMQPlatformReconcilerRollingRestartHandler - [helmcont] Rolling restart is waiting for 1 of 2 replicas
2025-01-29 13:39:15,504 INFO c.h.h.t.HelmChartContainer - [EVENT] Warning [Unhealthy] Readiness probe failed: HTTP probe failed with statuscode: 503 [helmcontainersecuritycontextupgradeplatformit:test-hivemq-platform-1]
2025-01-29 13:39:15,504 INFO c.h.h.t.HelmChartContainer - Received Unhealthy event for container hivemq in pod test-hivemq-platform-1 [5992604f-30da-41de-8f0b-a6b1aaff3ae0]
2025-01-29 13:39:15,599 INFO c.h.h.t.HelmChartContainer - [test-hivemq-platform] [hivemq] [5992604f] INFO  - [HiveMQ Platform Operator Init App 1.7.0-SNAPSHOT] Updating Pod HiveMQ Platform Operator Init App version annotation (version: 1.7.0-SNAPSHOT)
2025-01-29 13:39:15,911 INFO c.h.h.t.HelmChartContainer - [POD] test-hivemq-platform-1 [5992604f-30da-41de-8f0b-a6b1aaff3ae0] in helmcontainersecuritycontextupgradeplatformit was MODIFIED
2025-01-29 13:39:15,924 INFO c.h.h.t.HelmChartContainer - [EVENT] Warning [Unhealthy] Readiness probe failed: HTTP probe failed with statuscode: 503 [helmcontainersecuritycontextupgradeplatformit:test-hivemq-platform-1]
2025-01-29 13:39:15,924 INFO c.h.h.t.HelmChartContainer - Received Unhealthy event for container hivemq in pod test-hivemq-platform-1 [5992604f-30da-41de-8f0b-a6b1aaff3ae0]
2025-01-29 13:39:15,925 INFO c.h.h.t.HelmChartContainer - [hivemq-test-hivemq-platform] [hivemq-platform-operator] [82c4986f] 13:39:15.921 [pool-6-thread-48] DEBUG c.h.p.o.d.PlatformServiceResource - [helmcont] Desired Platform services (3 services)
2025-01-29 13:39:15,925 INFO c.h.h.t.HelmChartContainer - [hivemq-test-hivemq-platform] [hivemq-platform-operator] [82c4986f] 13:39:15.922 [pool-6-thread-41] DEBUG c.h.p.o.dependants.PodInfoConfigMap - [helmcont] Desired PodInfo ConfigMap (1 extensions) (1 enabled)
2025-01-29 13:39:15,926 INFO c.h.h.t.HelmChartContainer - [test-hivemq-platform] [hivemq] [5992604f] INFO  - [HiveMQ Platform Operator Init App 1.7.0-SNAPSHOT] Successfully updated Pod HiveMQ Platform Operator Init App version annotation (version: 1.7.0-SNAPSHOT)
2025-01-29 13:39:15,927 INFO c.h.h.t.HelmChartContainer - [hivemq-test-hivemq-platform] [hivemq-platform-operator] [82c4986f] 13:39:15.926 [pool-6-thread-41] DEBUG c.h.p.o.dependants.PodInfoConfigMap - [helmcont] Desired PodInfo ConfigMap (metrics port: 9399) (metrics path: /)
2025-01-29 13:39:15,928 INFO c.h.h.t.HelmChartContainer - [hivemq-test-hivemq-platform] [hivemq-platform-operator] [82c4986f] 13:39:15.926 [pool-6-thread-41] DEBUG c.h.p.o.dependants.PodInfoConfigMap - [helmcont] Desired PodInfo ConfigMap (extension state hash: -1817474005)
2025-01-29 13:39:15,928 INFO c.h.h.t.HelmChartContainer - [hivemq-test-hivemq-platform] [hivemq-platform-operator] [82c4986f] 13:39:15.924 [pool-6-thread-49] DEBUG c.h.p.o.d.PodServiceAccountResource - [helmcont] Desired PodServiceAccountResource (serviceAccountName: hivemq-platform-pod-test-hivemq-platform)
2025-01-29 13:39:15,935 INFO c.h.h.t.HelmChartContainer - [hivemq-test-hivemq-platform] [hivemq-platform-operator] [82c4986f] 13:39:15.931 [pool-6-thread-47] DEBUG c.h.p.o.d.StatefulSetResource - [helmcont] Desired StatefulSet (2 replicas) for status ROLLING_RESTART (SURGE_IN_PROGRESS)
2025-01-29 13:39:15,938 INFO c.h.h.t.HelmChartContainer - [hivemq-test-hivemq-platform] [hivemq-platform-operator] [82c4986f] 13:39:15.936 [ReconcilerExecutor-hivemq-controller-123] INFO  c.h.p.o.HiveMQPlatformReconciler - [helmcont] Reconciling HiveMQ Platform 'test-hivemq-platform' in namespace 'helmcontainersecuritycontextupgradeplatformit'
2025-01-29 13:39:15,939 INFO c.h.h.t.HelmChartContainer - [hivemq-test-hivemq-platform] [hivemq-platform-operator] [82c4986f] 13:39:15.936 [ReconcilerExecutor-hivemq-controller-123] DEBUG c.h.p.o.HiveMQPlatformReconciler - [helmcont] Custom Resource Status ROLLING_RESTART - HiveMQ Platform is starting a surge Pod (rolling restart) (SURGE_IN_PROGRESS)
2025-01-29 13:39:15,939 INFO c.h.h.t.HelmChartContainer - [hivemq-test-hivemq-platform] [hivemq-platform-operator] [82c4986f] 13:39:15.936 [ReconcilerExecutor-hivemq-controller-123] DEBUG c.h.p.o.HiveMQPlatformReconciler - [helmcont] Custom Resource Spec (replicas: 1) (extensions: 1)
2025-01-29 13:39:15,940 INFO c.h.h.t.HelmChartContainer - [hivemq-test-hivemq-platform] [hivemq-platform-operator] [82c4986f] 13:39:15.937 [ReconcilerExecutor-hivemq-controller-123] DEBUG c.h.p.o.HiveMQPlatformReconciler - [helmcont] StatefulSet Status (revision: test-hivemq-platform-579f489c45, replicas: 2, available: 1, ready: 1, current: 1, updated: 1)
2025-01-29 13:39:15,940 INFO c.h.h.t.HelmChartContainer - [hivemq-test-hivemq-platform] [hivemq-platform-operator] [82c4986f] 13:39:15.937 [ReconcilerExecutor-hivemq-controller-123] DEBUG c.h.p.o.HiveMQPlatformReconciler - [helmcont] StatefulSet Spec (replicas: 2, init containers: 1, containers: 1, volumes: 3)
2025-01-29 13:39:15,940 INFO c.h.h.t.HelmChartContainer - [hivemq-test-hivemq-platform] [hivemq-platform-operator] [82c4986f] 13:39:15.938 [ReconcilerExecutor-hivemq-controller-123] DEBUG c.h.p.o.h.HiveMQPlatformReconcilerErrorHandler - [helmcont] Pod 'test-hivemq-platform-1' phase Running
2025-01-29 13:39:15,940 INFO c.h.h.t.HelmChartContainer - [hivemq-test-hivemq-platform] [hivemq-platform-operator] [82c4986f] 13:39:15.939 [ReconcilerExecutor-hivemq-controller-123] DEBUG c.h.p.o.h.HiveMQPlatformReconcilerErrorHandler - [helmcont] Pod 'test-hivemq-platform-0' phase Running
2025-01-29 13:39:15,941 INFO c.h.h.t.HelmChartContainer - [hivemq-test-hivemq-platform] [hivemq-platform-operator] [82c4986f] 13:39:15.940 [ReconcilerExecutor-hivemq-controller-123] DEBUG c.h.p.o.h.HiveMQPlatformReconcilerRollingRestartHandler - [helmcont] Rolling restart is waiting for 1 of 2 replicas
2025-01-29 13:39:18,076 INFO c.h.h.t.HelmChartContainer - [test-hivemq-platform] [hivemq] [66d41060] INFO  - [HiveMQ Platform Operator Init App 1.7.0-SNAPSHOT] Returning Health API response 200 for liveness
2025-01-29 13:39:20,914 INFO c.h.h.t.HelmChartContainer - [EVENT] Warning [Unhealthy] Readiness probe failed: HTTP probe failed with statuscode: 503 [helmcontainersecuritycontextupgradeplatformit:test-hivemq-platform-1]
2025-01-29 13:39:20,914 INFO c.h.h.t.HelmChartContainer - Received Unhealthy event for container hivemq in pod test-hivemq-platform-1 [5992604f-30da-41de-8f0b-a6b1aaff3ae0]
2025-01-29 13:39:23,489 INFO c.h.h.t.HelmChartContainer - [test-hivemq-platform] [hivemq] [5992604f] INFO  - [HiveMQ Platform Operator Init App 1.7.0-SNAPSHOT] Proceeding with container start
2025-01-29 13:39:23,493 INFO c.h.h.t.HelmChartContainer - [test-hivemq-platform] [hivemq] [5992604f] INFO  - [HiveMQ Platform Operator Init App 1.7.0-SNAPSHOT] Initializing HiveMQ Platform extensions with initial configuration: {hivemq-allow-all-extension={start-priority=-1, skip-https-hostname-verification=false, restart=true, config-version=0, header-version=0, c-uri=, priority=-1, uri=preinstalled, skip-https-certificate-validation=false, enabled=true}, hivemq-prometheus-extension={enabled=true, restart=true, priority=-1, start-priority=-1, c-uri=, skip-https-hostname-verification=false, skip-https-certificate-validation=false, uri=preinstalled, request-header-path=no-request-headers}}
2025-01-29 13:39:23,903 INFO c.h.h.t.HelmChartContainer - [test-hivemq-platform] [hivemq] [5992604f] INFO  - [HiveMQ Platform Operator Init App 1.7.0-SNAPSHOT] Extension hivemq-allow-all-extension was already enabled
2025-01-29 13:39:23,912 INFO c.h.h.t.HelmChartContainer - [test-hivemq-platform] [hivemq] [5992604f] INFO  - [HiveMQ Platform Operator Init App 1.7.0-SNAPSHOT] Successfully enabled extension hivemq-prometheus-extension
2025-01-29 13:39:23,983 INFO c.h.h.t.HelmChartContainer - [test-hivemq-platform] [hivemq] [5992604f] INFO  - [HiveMQ Platform Operator Init App 1.7.0-SNAPSHOT] Starting HiveMQ Platform version 4.36.0 (4.36.0)
2025-01-29 13:39:23,983 INFO c.h.h.t.HelmChartContainer - [test-hivemq-platform] [hivemq] [5992604f] INFO  - [HiveMQ Platform Operator Init App 1.7.0-SNAPSHOT] Configuring the HiveMQ Platform
2025-01-29 13:39:24,002 INFO c.h.h.t.HelmChartContainer - [test-hivemq-platform] [hivemq] [5992604f] INFO  - [HiveMQ Platform Operator Init App 1.7.0-SNAPSHOT] Changed logback.xml file scan period to 20 seconds
2025-01-29 13:39:24,086 INFO c.h.h.t.HelmChartContainer - [test-hivemq-platform] [hivemq] [5992604f] INFO  - [HiveMQ Platform Operator Init App 1.7.0-SNAPSHOT] Starting the HiveMQ Platform
2025-01-29 13:39:24,101 INFO c.h.h.t.HelmChartContainer - [test-hivemq-platform] [hivemq] [5992604f] -------------------------------------------------------------------------
2025-01-29 13:39:24,103 INFO c.h.h.t.HelmChartContainer - [test-hivemq-platform] [hivemq] [5992604f] 
2025-01-29 13:39:24,104 INFO c.h.h.t.HelmChartContainer - [test-hivemq-platform] [hivemq] [5992604f]                   _    _  _              __  __   ____
2025-01-29 13:39:24,104 INFO c.h.h.t.HelmChartContainer - [test-hivemq-platform] [hivemq] [5992604f]                  | |  | |(_)            |  \/  | / __ \
2025-01-29 13:39:24,104 INFO c.h.h.t.HelmChartContainer - [test-hivemq-platform] [hivemq] [5992604f]                  | |__| | _ __   __ ___ | \  / || |  | |
2025-01-29 13:39:24,104 INFO c.h.h.t.HelmChartContainer - [test-hivemq-platform] [hivemq] [5992604f]                  |  __  || |\ \ / // _ \| |\/| || |  | |
2025-01-29 13:39:24,104 INFO c.h.h.t.HelmChartContainer - [test-hivemq-platform] [hivemq] [5992604f]                  | |  | || | \ V /|  __/| |  | || |__| |
2025-01-29 13:39:24,104 INFO c.h.h.t.HelmChartContainer - [test-hivemq-platform] [hivemq] [5992604f]                  |_|  |_||_|  \_/  \___||_|  |_| \___\_\
2025-01-29 13:39:24,104 INFO c.h.h.t.HelmChartContainer - [test-hivemq-platform] [hivemq] [5992604f] 
2025-01-29 13:39:24,104 INFO c.h.h.t.HelmChartContainer - [test-hivemq-platform] [hivemq] [5992604f] -------------------------------------------------------------------------
2025-01-29 13:39:24,104 INFO c.h.h.t.HelmChartContainer - [test-hivemq-platform] [hivemq] [5992604f] 
2025-01-29 13:39:24,104 INFO c.h.h.t.HelmChartContainer - [test-hivemq-platform] [hivemq] [5992604f]   HiveMQ Start Script for Linux/Unix v1.14
2025-01-29 13:39:24,104 INFO c.h.h.t.HelmChartContainer - [test-hivemq-platform] [hivemq] [5992604f] 
2025-01-29 13:39:24,205 INFO c.h.h.t.HelmChartContainer - [test-hivemq-platform] [hivemq] [5992604f] -------------------------------------------------------------------------
2025-01-29 13:39:24,206 INFO c.h.h.t.HelmChartContainer - [test-hivemq-platform] [hivemq] [5992604f] 
2025-01-29 13:39:24,206 INFO c.h.h.t.HelmChartContainer - [test-hivemq-platform] [hivemq] [5992604f]   HIVEMQ_HOME: /opt/hivemq
2025-01-29 13:39:24,206 INFO c.h.h.t.HelmChartContainer - [test-hivemq-platform] [hivemq] [5992604f] 
2025-01-29 13:39:24,206 INFO c.h.h.t.HelmChartContainer - [test-hivemq-platform] [hivemq] [5992604f]   JAVA_OPTS: -XX:+UnlockExperimentalVMOptions -XX:InitialRAMPercentage=50 -XX:MaxRAMPercentage=50 -Djava.net.preferIPv4Stack=true --add-opens java.base/java.lang=ALL-UNNAMED --add-opens java.base/java.nio=ALL-UNNAMED --add-opens java.base/sun.nio.ch=ALL-UNNAMED --add-opens jdk.management/com.sun.management.internal=ALL-UNNAMED --add-exports java.base/jdk.internal.misc=ALL-UNNAMED -Djava.security.egd=file:/dev/./urandom -Dcom.sun.management.jmxremote -Dcom.sun.management.jmxremote.port=9010 -Dcom.sun.management.jmxremote.local.only=false -Dcom.sun.management.jmxremote.authenticate=false -Dcom.sun.management.jmxremote.ssl=false -Duser.language=en -Duser.region=US -XX:+CrashOnOutOfMemoryError -XX:+HeapDumpOnOutOfMemoryError
2025-01-29 13:39:24,206 INFO c.h.h.t.HelmChartContainer - [test-hivemq-platform] [hivemq] [5992604f] 
2025-01-29 13:39:24,206 INFO c.h.h.t.HelmChartContainer - [test-hivemq-platform] [hivemq] [5992604f]   JAVA_VERSION: 21
2025-01-29 13:39:24,206 INFO c.h.h.t.HelmChartContainer - [test-hivemq-platform] [hivemq] [5992604f] 
2025-01-29 13:39:24,206 INFO c.h.h.t.HelmChartContainer - [test-hivemq-platform] [hivemq] [5992604f] -------------------------------------------------------------------------
2025-01-29 13:39:24,206 INFO c.h.h.t.HelmChartContainer - [test-hivemq-platform] [hivemq] [5992604f] 
2025-01-29 13:39:25,947 INFO c.h.h.t.HelmChartContainer - [hivemq-test-hivemq-platform] [hivemq-platform-operator] [82c4986f] 13:39:25.943 [pool-6-thread-6] DEBUG c.h.p.o.dependants.PodInfoConfigMap - [helmcont] Desired PodInfo ConfigMap (1 extensions) (1 enabled)
2025-01-29 13:39:25,947 INFO c.h.h.t.HelmChartContainer - [hivemq-test-hivemq-platform] [hivemq-platform-operator] [82c4986f] 13:39:25.944 [pool-6-thread-6] DEBUG c.h.p.o.dependants.PodInfoConfigMap - [helmcont] Desired PodInfo ConfigMap (metrics port: 9399) (metrics path: /)
2025-01-29 13:39:25,947 INFO c.h.h.t.HelmChartContainer - [hivemq-test-hivemq-platform] [hivemq-platform-operator] [82c4986f] 13:39:25.944 [pool-6-thread-6] DEBUG c.h.p.o.dependants.PodInfoConfigMap - [helmcont] Desired PodInfo ConfigMap (extension state hash: -1817474005)
2025-01-29 13:39:25,947 INFO c.h.h.t.HelmChartContainer - [hivemq-test-hivemq-platform] [hivemq-platform-operator] [82c4986f] 13:39:25.944 [pool-6-thread-2] DEBUG c.h.p.o.d.PlatformServiceResource - [helmcont] Desired Platform services (3 services)
2025-01-29 13:39:25,947 INFO c.h.h.t.HelmChartContainer - [hivemq-test-hivemq-platform] [hivemq-platform-operator] [82c4986f] 13:39:25.944 [pool-6-thread-6] DEBUG c.h.p.o.d.PodServiceAccountResource - [helmcont] Desired PodServiceAccountResource (serviceAccountName: hivemq-platform-pod-test-hivemq-platform)
2025-01-29 13:39:25,949 INFO c.h.h.t.HelmChartContainer - [hivemq-test-hivemq-platform] [hivemq-platform-operator] [82c4986f] 13:39:25.948 [pool-6-thread-2] DEBUG c.h.p.o.d.StatefulSetResource - [helmcont] Desired StatefulSet (2 replicas) for status ROLLING_RESTART (SURGE_IN_PROGRESS)
2025-01-29 13:39:25,953 INFO c.h.h.t.HelmChartContainer - [hivemq-test-hivemq-platform] [hivemq-platform-operator] [82c4986f] 13:39:25.952 [ReconcilerExecutor-hivemq-controller-124] INFO  c.h.p.o.HiveMQPlatformReconciler - [helmcont] Reconciling HiveMQ Platform 'test-hivemq-platform' in namespace 'helmcontainersecuritycontextupgradeplatformit'
2025-01-29 13:39:25,953 INFO c.h.h.t.HelmChartContainer - [hivemq-test-hivemq-platform] [hivemq-platform-operator] [82c4986f] 13:39:25.952 [ReconcilerExecutor-hivemq-controller-124] DEBUG c.h.p.o.HiveMQPlatformReconciler - [helmcont] Custom Resource Status ROLLING_RESTART - HiveMQ Platform is starting a surge Pod (rolling restart) (SURGE_IN_PROGRESS)
2025-01-29 13:39:25,953 INFO c.h.h.t.HelmChartContainer - [hivemq-test-hivemq-platform] [hivemq-platform-operator] [82c4986f] 13:39:25.952 [ReconcilerExecutor-hivemq-controller-124] DEBUG c.h.p.o.HiveMQPlatformReconciler - [helmcont] Custom Resource Spec (replicas: 1) (extensions: 1)
2025-01-29 13:39:25,954 INFO c.h.h.t.HelmChartContainer - [hivemq-test-hivemq-platform] [hivemq-platform-operator] [82c4986f] 13:39:25.953 [ReconcilerExecutor-hivemq-controller-124] DEBUG c.h.p.o.HiveMQPlatformReconciler - [helmcont] StatefulSet Status (revision: test-hivemq-platform-579f489c45, replicas: 2, available: 1, ready: 1, current: 1, updated: 1)
2025-01-29 13:39:25,954 INFO c.h.h.t.HelmChartContainer - [hivemq-test-hivemq-platform] [hivemq-platform-operator] [82c4986f] 13:39:25.953 [ReconcilerExecutor-hivemq-controller-124] DEBUG c.h.p.o.HiveMQPlatformReconciler - [helmcont] StatefulSet Spec (replicas: 2, init containers: 1, containers: 1, volumes: 3)
2025-01-29 13:39:25,957 INFO c.h.h.t.HelmChartContainer - [hivemq-test-hivemq-platform] [hivemq-platform-operator] [82c4986f] 13:39:25.954 [ReconcilerExecutor-hivemq-controller-124] DEBUG c.h.p.o.h.HiveMQPlatformReconcilerErrorHandler - [helmcont] Pod 'test-hivemq-platform-1' phase Running
2025-01-29 13:39:25,957 INFO c.h.h.t.HelmChartContainer - [hivemq-test-hivemq-platform] [hivemq-platform-operator] [82c4986f] 13:39:25.956 [ReconcilerExecutor-hivemq-controller-124] DEBUG c.h.p.o.h.HiveMQPlatformReconcilerErrorHandler - [helmcont] Pod 'test-hivemq-platform-0' phase Running
2025-01-29 13:39:25,957 INFO c.h.h.t.HelmChartContainer - [hivemq-test-hivemq-platform] [hivemq-platform-operator] [82c4986f] 13:39:25.957 [ReconcilerExecutor-hivemq-controller-124] DEBUG c.h.p.o.h.HiveMQPlatformReconcilerRollingRestartHandler - [helmcont] Rolling restart is waiting for 1 of 2 replicas
2025-01-29 13:39:26,009 INFO c.h.h.t.HelmChartContainer - [EVENT] Warning [Unhealthy] Readiness probe failed: HTTP probe failed with statuscode: 503 [helmcontainersecuritycontextupgradeplatformit:test-hivemq-platform-1]
2025-01-29 13:39:26,009 INFO c.h.h.t.HelmChartContainer - Received Unhealthy event for container hivemq in pod test-hivemq-platform-1 [5992604f-30da-41de-8f0b-a6b1aaff3ae0]
2025-01-29 13:39:26,810 INFO c.h.h.t.HelmChartContainer - [test-hivemq-platform] [hivemq] [5992604f] INFO  - Starting HiveMQ Enterprise Server
2025-01-29 13:39:26,887 INFO c.h.h.t.HelmChartContainer - [test-hivemq-platform] [hivemq] [5992604f] INFO  - HiveMQ version: 4.36.0
2025-01-29 13:39:26,887 INFO c.h.h.t.HelmChartContainer - [test-hivemq-platform] [hivemq] [5992604f] INFO  - HiveMQ home directory: /opt/hivemq
2025-01-29 13:39:26,888 INFO c.h.h.t.HelmChartContainer - [test-hivemq-platform] [hivemq] [5992604f] INFO  - Log Configuration was overridden by /opt/hivemq/conf/logback.xml
2025-01-29 13:39:28,289 INFO c.h.h.t.HelmChartContainer - [test-hivemq-platform] [hivemq] [5992604f] INFO  - Successfully loaded configuration from '/opt/hivemq/conf-k8s/config.xml'.
2025-01-29 13:39:28,684 INFO c.h.h.t.HelmChartContainer - [test-hivemq-platform] [hivemq] [5992604f] INFO  - This node's ID is dKKdB
2025-01-29 13:39:28,684 INFO c.h.h.t.HelmChartContainer - [test-hivemq-platform] [hivemq] [5992604f] INFO  - Clustering is enabled
2025-01-29 13:39:31,401 INFO c.h.h.t.HelmChartContainer - [test-hivemq-platform] [hivemq] [5992604f] WARN  - [HiveMQ Platform Operator Init App 1.7.0-SNAPSHOT] Cannot connect to Health API for readiness: null
2025-01-29 13:39:31,406 INFO c.h.h.t.HelmChartContainer - [EVENT] Warning [Unhealthy] Readiness probe failed: HTTP probe failed with statuscode: 503 [helmcontainersecuritycontextupgradeplatformit:test-hivemq-platform-1]
2025-01-29 13:39:31,407 INFO c.h.h.t.HelmChartContainer - Received Unhealthy event for container hivemq in pod test-hivemq-platform-1 [5992604f-30da-41de-8f0b-a6b1aaff3ae0]
2025-01-29 13:39:32,602 INFO c.h.h.t.HelmChartContainer - [test-hivemq-platform] [hivemq] [5992604f] WARN  - [HiveMQ Platform Operator Init App 1.7.0-SNAPSHOT] Cannot connect to Health API for liveness: null
2025-01-29 13:39:32,602 INFO c.h.h.t.HelmChartContainer - [test-hivemq-platform] [hivemq] [5992604f] INFO  - [HiveMQ Platform Operator Init App 1.7.0-SNAPSHOT] Returning default Health API response 200 for liveness
2025-01-29 13:39:35,912 INFO c.h.h.t.HelmChartContainer - [test-hivemq-platform] [hivemq] [5992604f] WARN  - [HiveMQ Platform Operator Init App 1.7.0-SNAPSHOT] Cannot connect to Health API for readiness: null
2025-01-29 13:39:35,917 INFO c.h.h.t.HelmChartContainer - [EVENT] Warning [Unhealthy] Readiness probe failed: HTTP probe failed with statuscode: 503 [helmcontainersecuritycontextupgradeplatformit:test-hivemq-platform-1]
2025-01-29 13:39:35,917 INFO c.h.h.t.HelmChartContainer - Received Unhealthy event for container hivemq in pod test-hivemq-platform-1 [5992604f-30da-41de-8f0b-a6b1aaff3ae0]
2025-01-29 13:39:35,961 INFO c.h.h.t.HelmChartContainer - [hivemq-test-hivemq-platform] [hivemq-platform-operator] [82c4986f] 13:39:35.959 [pool-6-thread-11] DEBUG c.h.p.o.d.PlatformServiceResource - [helmcont] Desired Platform services (3 services)
2025-01-29 13:39:35,962 INFO c.h.h.t.HelmChartContainer - [hivemq-test-hivemq-platform] [hivemq-platform-operator] [82c4986f] 13:39:35.960 [pool-6-thread-16] DEBUG c.h.p.o.d.PodServiceAccountResource - [helmcont] Desired PodServiceAccountResource (serviceAccountName: hivemq-platform-pod-test-hivemq-platform)
2025-01-29 13:39:35,996 INFO c.h.h.t.HelmChartContainer - [hivemq-test-hivemq-platform] [hivemq-platform-operator] [82c4986f] 13:39:35.994 [pool-6-thread-20] DEBUG c.h.p.o.dependants.PodInfoConfigMap - [helmcont] Desired PodInfo ConfigMap (1 extensions) (1 enabled)
2025-01-29 13:39:35,996 INFO c.h.h.t.HelmChartContainer - [hivemq-test-hivemq-platform] [hivemq-platform-operator] [82c4986f] 13:39:35.994 [pool-6-thread-20] DEBUG c.h.p.o.dependants.PodInfoConfigMap - [helmcont] Desired PodInfo ConfigMap (metrics port: 9399) (metrics path: /)
2025-01-29 13:39:35,996 INFO c.h.h.t.HelmChartContainer - [hivemq-test-hivemq-platform] [hivemq-platform-operator] [82c4986f] 13:39:35.994 [pool-6-thread-20] DEBUG c.h.p.o.dependants.PodInfoConfigMap - [helmcont] Desired PodInfo ConfigMap (extension state hash: -1817474005)
2025-01-29 13:39:36,028 INFO c.h.h.t.HelmChartContainer - [hivemq-test-hivemq-platform] [hivemq-platform-operator] [82c4986f] 13:39:36.026 [pool-6-thread-16] DEBUG c.h.p.o.d.StatefulSetResource - [helmcont] Desired StatefulSet (2 replicas) for status ROLLING_RESTART (SURGE_IN_PROGRESS)
2025-01-29 13:39:36,034 INFO c.h.h.t.HelmChartContainer - [hivemq-test-hivemq-platform] [hivemq-platform-operator] [82c4986f] 13:39:36.031 [ReconcilerExecutor-hivemq-controller-125] INFO  c.h.p.o.HiveMQPlatformReconciler - [helmcont] Reconciling HiveMQ Platform 'test-hivemq-platform' in namespace 'helmcontainersecuritycontextupgradeplatformit'
2025-01-29 13:39:36,035 INFO c.h.h.t.HelmChartContainer - [hivemq-test-hivemq-platform] [hivemq-platform-operator] [82c4986f] 13:39:36.031 [ReconcilerExecutor-hivemq-controller-125] DEBUG c.h.p.o.HiveMQPlatformReconciler - [helmcont] Custom Resource Status ROLLING_RESTART - HiveMQ Platform is starting a surge Pod (rolling restart) (SURGE_IN_PROGRESS)
2025-01-29 13:39:36,035 INFO c.h.h.t.HelmChartContainer - [hivemq-test-hivemq-platform] [hivemq-platform-operator] [82c4986f] 13:39:36.031 [ReconcilerExecutor-hivemq-controller-125] DEBUG c.h.p.o.HiveMQPlatformReconciler - [helmcont] Custom Resource Spec (replicas: 1) (extensions: 1)
2025-01-29 13:39:36,035 INFO c.h.h.t.HelmChartContainer - [hivemq-test-hivemq-platform] [hivemq-platform-operator] [82c4986f] 13:39:36.033 [ReconcilerExecutor-hivemq-controller-125] DEBUG c.h.p.o.HiveMQPlatformReconciler - [helmcont] StatefulSet Status (revision: test-hivemq-platform-579f489c45, replicas: 2, available: 1, ready: 1, current: 1, updated: 1)
2025-01-29 13:39:36,035 INFO c.h.h.t.HelmChartContainer - [hivemq-test-hivemq-platform] [hivemq-platform-operator] [82c4986f] 13:39:36.033 [ReconcilerExecutor-hivemq-controller-125] DEBUG c.h.p.o.HiveMQPlatformReconciler - [helmcont] StatefulSet Spec (replicas: 2, init containers: 1, containers: 1, volumes: 3)
2025-01-29 13:39:36,035 INFO c.h.h.t.HelmChartContainer - [hivemq-test-hivemq-platform] [hivemq-platform-operator] [82c4986f] 13:39:36.034 [ReconcilerExecutor-hivemq-controller-125] DEBUG c.h.p.o.h.HiveMQPlatformReconcilerErrorHandler - [helmcont] Pod 'test-hivemq-platform-1' phase Running
2025-01-29 13:39:36,038 INFO c.h.h.t.HelmChartContainer - [hivemq-test-hivemq-platform] [hivemq-platform-operator] [82c4986f] 13:39:36.037 [ReconcilerExecutor-hivemq-controller-125] DEBUG c.h.p.o.h.HiveMQPlatformReconcilerErrorHandler - [helmcont] Pod 'test-hivemq-platform-0' phase Running
2025-01-29 13:39:36,038 INFO c.h.h.t.HelmChartContainer - [hivemq-test-hivemq-platform] [hivemq-platform-operator] [82c4986f] 13:39:36.037 [ReconcilerExecutor-hivemq-controller-125] DEBUG c.h.p.o.h.HiveMQPlatformReconcilerRollingRestartHandler - [helmcont] Rolling restart is waiting for 1 of 2 replicas
2025-01-29 13:39:40,986 INFO c.h.h.t.HelmChartContainer - [test-hivemq-platform] [hivemq] [5992604f] WARN  - [HiveMQ Platform Operator Init App 1.7.0-SNAPSHOT] Cannot connect to Health API for readiness: null
2025-01-29 13:39:40,991 INFO c.h.h.t.HelmChartContainer - [EVENT] Warning [Unhealthy] Readiness probe failed: HTTP probe failed with statuscode: 503 [helmcontainersecuritycontextupgradeplatformit:test-hivemq-platform-1]
2025-01-29 13:39:40,991 INFO c.h.h.t.HelmChartContainer - Received Unhealthy event for container hivemq in pod test-hivemq-platform-1 [5992604f-30da-41de-8f0b-a6b1aaff3ae0]
2025-01-29 13:39:42,311 INFO c.h.h.t.HelmChartContainer - [test-hivemq-platform] [hivemq] [5992604f] INFO  - No valid license file found. Using trial license, restricted to 25 connections.
2025-01-29 13:39:45,912 INFO c.h.h.t.HelmChartContainer - [test-hivemq-platform] [hivemq] [5992604f] WARN  - [HiveMQ Platform Operator Init App 1.7.0-SNAPSHOT] Cannot connect to Health API for readiness: null
2025-01-29 13:39:45,916 INFO c.h.h.t.HelmChartContainer - [EVENT] Warning [Unhealthy] Readiness probe failed: HTTP probe failed with statuscode: 503 [helmcontainersecuritycontextupgradeplatformit:test-hivemq-platform-1]
2025-01-29 13:39:45,916 INFO c.h.h.t.HelmChartContainer - Received Unhealthy event for container hivemq in pod test-hivemq-platform-1 [5992604f-30da-41de-8f0b-a6b1aaff3ae0]
2025-01-29 13:39:46,043 INFO c.h.h.t.HelmChartContainer - [hivemq-test-hivemq-platform] [hivemq-platform-operator] [82c4986f] 13:39:46.041 [pool-6-thread-22] DEBUG c.h.p.o.d.PodServiceAccountResource - [helmcont] Desired PodServiceAccountResource (serviceAccountName: hivemq-platform-pod-test-hivemq-platform)
2025-01-29 13:39:46,043 INFO c.h.h.t.HelmChartContainer - [hivemq-test-hivemq-platform] [hivemq-platform-operator] [82c4986f] 13:39:46.041 [pool-6-thread-27] DEBUG c.h.p.o.dependants.PodInfoConfigMap - [helmcont] Desired PodInfo ConfigMap (1 extensions) (1 enabled)
2025-01-29 13:39:46,043 INFO c.h.h.t.HelmChartContainer - [hivemq-test-hivemq-platform] [hivemq-platform-operator] [82c4986f] 13:39:46.041 [pool-6-thread-27] DEBUG c.h.p.o.dependants.PodInfoConfigMap - [helmcont] Desired PodInfo ConfigMap (metrics port: 9399) (metrics path: /)
2025-01-29 13:39:46,044 INFO c.h.h.t.HelmChartContainer - [hivemq-test-hivemq-platform] [hivemq-platform-operator] [82c4986f] 13:39:46.041 [pool-6-thread-21] DEBUG c.h.p.o.d.PlatformServiceResource - [helmcont] Desired Platform services (3 services)
2025-01-29 13:39:46,045 INFO c.h.h.t.HelmChartContainer - [hivemq-test-hivemq-platform] [hivemq-platform-operator] [82c4986f] 13:39:46.041 [pool-6-thread-27] DEBUG c.h.p.o.dependants.PodInfoConfigMap - [helmcont] Desired PodInfo ConfigMap (extension state hash: -1817474005)
2025-01-29 13:39:46,048 INFO c.h.h.t.HelmChartContainer - [hivemq-test-hivemq-platform] [hivemq-platform-operator] [82c4986f] 13:39:46.047 [pool-6-thread-28] DEBUG c.h.p.o.d.StatefulSetResource - [helmcont] Desired StatefulSet (2 replicas) for status ROLLING_RESTART (SURGE_IN_PROGRESS)
2025-01-29 13:39:46,051 INFO c.h.h.t.HelmChartContainer - [hivemq-test-hivemq-platform] [hivemq-platform-operator] [82c4986f] 13:39:46.050 [ReconcilerExecutor-hivemq-controller-126] INFO  c.h.p.o.HiveMQPlatformReconciler - [helmcont] Reconciling HiveMQ Platform 'test-hivemq-platform' in namespace 'helmcontainersecuritycontextupgradeplatformit'
2025-01-29 13:39:46,051 INFO c.h.h.t.HelmChartContainer - [hivemq-test-hivemq-platform] [hivemq-platform-operator] [82c4986f] 13:39:46.050 [ReconcilerExecutor-hivemq-controller-126] DEBUG c.h.p.o.HiveMQPlatformReconciler - [helmcont] Custom Resource Status ROLLING_RESTART - HiveMQ Platform is starting a surge Pod (rolling restart) (SURGE_IN_PROGRESS)
2025-01-29 13:39:46,051 INFO c.h.h.t.HelmChartContainer - [hivemq-test-hivemq-platform] [hivemq-platform-operator] [82c4986f] 13:39:46.050 [ReconcilerExecutor-hivemq-controller-126] DEBUG c.h.p.o.HiveMQPlatformReconciler - [helmcont] Custom Resource Spec (replicas: 1) (extensions: 1)
2025-01-29 13:39:46,052 INFO c.h.h.t.HelmChartContainer - [hivemq-test-hivemq-platform] [hivemq-platform-operator] [82c4986f] 13:39:46.051 [ReconcilerExecutor-hivemq-controller-126] DEBUG c.h.p.o.HiveMQPlatformReconciler - [helmcont] StatefulSet Status (revision: test-hivemq-platform-579f489c45, replicas: 2, available: 1, ready: 1, current: 1, updated: 1)
2025-01-29 13:39:46,052 INFO c.h.h.t.HelmChartContainer - [hivemq-test-hivemq-platform] [hivemq-platform-operator] [82c4986f] 13:39:46.051 [ReconcilerExecutor-hivemq-controller-126] DEBUG c.h.p.o.HiveMQPlatformReconciler - [helmcont] StatefulSet Spec (replicas: 2, init containers: 1, containers: 1, volumes: 3)
2025-01-29 13:39:46,054 INFO c.h.h.t.HelmChartContainer - [hivemq-test-hivemq-platform] [hivemq-platform-operator] [82c4986f] 13:39:46.052 [ReconcilerExecutor-hivemq-controller-126] DEBUG c.h.p.o.h.HiveMQPlatformReconcilerErrorHandler - [helmcont] Pod 'test-hivemq-platform-1' phase Running
2025-01-29 13:39:46,054 INFO c.h.h.t.HelmChartContainer - [hivemq-test-hivemq-platform] [hivemq-platform-operator] [82c4986f] 13:39:46.053 [ReconcilerExecutor-hivemq-controller-126] DEBUG c.h.p.o.h.HiveMQPlatformReconcilerErrorHandler - [helmcont] Pod 'test-hivemq-platform-0' phase Running
2025-01-29 13:39:46,055 INFO c.h.h.t.HelmChartContainer - [hivemq-test-hivemq-platform] [hivemq-platform-operator] [82c4986f] 13:39:46.054 [ReconcilerExecutor-hivemq-controller-126] DEBUG c.h.p.o.h.HiveMQPlatformReconcilerRollingRestartHandler - [helmcont] Rolling restart is waiting for 1 of 2 replicas
2025-01-29 13:39:46,209 INFO c.h.h.t.HelmChartContainer - [test-hivemq-platform] [hivemq] [5992604f] INFO  - No valid license file for Data Hub found. Using free license, restricted to 1 policy.
2025-01-29 13:39:47,809 INFO c.h.h.t.HelmChartContainer - [test-hivemq-platform] [hivemq] [5992604f] INFO  - Audit Logger started.
2025-01-29 13:39:48,107 INFO c.h.h.t.HelmChartContainer - [test-hivemq-platform] [hivemq] [5992604f] INFO  - This node uses '1' CPU cores.
2025-01-29 13:39:48,113 INFO c.h.h.t.HelmChartContainer - [test-hivemq-platform] [hivemq] [5992604f] INFO  - Starting HiveMQ Health API on address 0.0.0.0 and port 8889
2025-01-29 13:39:49,301 INFO c.h.h.t.HelmChartContainer - [test-hivemq-platform] [hivemq] [5992604f] INFO  - Started HiveMQ Health API in 1187ms
2025-01-29 13:39:50,102 INFO c.h.h.t.HelmChartContainer - [test-hivemq-platform] [hivemq] [5992604f] INFO  - Starting HiveMQ extension system.
2025-01-29 13:39:50,485 INFO c.h.h.t.HelmChartContainer - [test-hivemq-platform] [hivemq] [5992604f] INFO  - Starting extension with id "hivemq-dns-cluster-discovery" at /opt/hivemq/extensions/hivemq-dns-cluster-discovery
2025-01-29 13:39:50,907 INFO c.h.h.t.HelmChartContainer - [test-hivemq-platform] [hivemq] [5992604f] INFO  - Using TCP cluster transport on address 10.42.0.7 and port 7000
2025-01-29 13:39:51,004 INFO c.h.h.t.HelmChartContainer - [test-hivemq-platform] [hivemq] [5992604f] INFO  - Using extension cluster discovery
2025-01-29 13:39:51,301 INFO c.h.h.t.HelmChartContainer - [test-hivemq-platform] [hivemq] [5992604f] INFO  - Extension "DNS Cluster Discovery Extension" version 4.3.2 started successfully.
2025-01-29 13:39:51,303 INFO c.h.h.t.HelmChartContainer - [test-hivemq-platform] [hivemq] [5992604f] INFO  - Starting extension with id "hivemq-prometheus-extension" at /opt/hivemq/extensions/hivemq-prometheus-extension
2025-01-29 13:39:51,951 INFO c.h.h.t.HelmChartContainer - [EVENT] Warning [Unhealthy] Readiness probe failed: Get "http://10.42.0.7:7979/readiness": context deadline exceeded (Client.Timeout exceeded while awaiting headers) [helmcontainersecuritycontextupgradeplatformit:test-hivemq-platform-1]
2025-01-29 13:39:51,952 INFO c.h.h.t.HelmChartContainer - Received Unhealthy event for container hivemq in pod test-hivemq-platform-1 [5992604f-30da-41de-8f0b-a6b1aaff3ae0]
2025-01-29 13:39:52,405 INFO c.h.h.t.HelmChartContainer - [test-hivemq-platform] [hivemq] [5992604f] INFO  - [HiveMQ Platform Operator Init App 1.7.0-SNAPSHOT] Returning Health API response 503 for readiness
2025-01-29 13:39:52,502 INFO c.h.h.t.HelmChartContainer - [test-hivemq-platform] [hivemq] [5992604f] INFO  - Started Jetty Server exposing Prometheus Servlet on URI http://0.0.0.0:9399/
2025-01-29 13:39:52,502 INFO c.h.h.t.HelmChartContainer - [test-hivemq-platform] [hivemq] [5992604f] INFO  - Extension "Prometheus Monitoring Extension" version 4.0.12 started successfully.
2025-01-29 13:39:52,503 INFO c.h.h.t.HelmChartContainer - [test-hivemq-platform] [hivemq] [5992604f] INFO  - Starting extension with id "hivemq-allow-all-extension" at /opt/hivemq/extensions/hivemq-allow-all-extension
2025-01-29 13:39:52,503 INFO c.h.h.t.HelmChartContainer - [test-hivemq-platform] [hivemq] [5992604f] WARN  - 
2025-01-29 13:39:52,503 INFO c.h.h.t.HelmChartContainer - [test-hivemq-platform] [hivemq] [5992604f] ################################################################################################################
2025-01-29 13:39:52,503 INFO c.h.h.t.HelmChartContainer - [test-hivemq-platform] [hivemq] [5992604f] # This HiveMQ deployment is not secure! You are lacking Authentication and Authorization.                      #
2025-01-29 13:39:52,503 INFO c.h.h.t.HelmChartContainer - [test-hivemq-platform] [hivemq] [5992604f] # Right now any MQTT client can connect to the broker with a full set of permissions.                          #
2025-01-29 13:39:52,503 INFO c.h.h.t.HelmChartContainer - [test-hivemq-platform] [hivemq] [5992604f] # For production usage, add an appropriate security extension and remove the hivemq-allow-all extension.       #
2025-01-29 13:39:52,503 INFO c.h.h.t.HelmChartContainer - [test-hivemq-platform] [hivemq] [5992604f] # You can download security extensions from the HiveMQ Marketplace (https://www.hivemq.com/extensions/).       #
2025-01-29 13:39:52,503 INFO c.h.h.t.HelmChartContainer - [test-hivemq-platform] [hivemq] [5992604f] ################################################################################################################
2025-01-29 13:39:52,505 INFO c.h.h.t.HelmChartContainer - [test-hivemq-platform] [hivemq] [5992604f] INFO  - Extension "Allow All Extension" version 1.1.1 started successfully.
2025-01-29 13:39:52,993 INFO c.h.h.t.HelmChartContainer - [test-hivemq-platform] [hivemq] [66d41060] INFO  - Cluster nodes found by discovery: [90mHh|1] (2) [90mHh, dKKdB].
2025-01-29 13:39:53,084 INFO c.h.h.t.HelmChartContainer - [test-hivemq-platform] [hivemq] [5992604f] INFO  - Cluster nodes found by discovery: [90mHh|1] (2) [90mHh, dKKdB].
2025-01-29 13:39:53,207 INFO c.h.h.t.HelmChartContainer - [test-hivemq-platform] [hivemq] [5992604f] INFO  - Cluster size = 1, members : [90mHh].
2025-01-29 13:39:53,706 INFO c.h.h.t.HelmChartContainer - [test-hivemq-platform] [hivemq] [5992604f] INFO  - Starting cluster join process. This may take a while. Please do not shut down HiveMQ.
2025-01-29 13:39:53,786 INFO c.h.h.t.HelmChartContainer - [test-hivemq-platform] [hivemq] [5992604f] INFO  - Cluster join process is still ongoing. Please do not shut down HiveMQ.
2025-01-29 13:39:55,721 INFO c.h.h.t.HelmChartContainer - [test-hivemq-platform] [hivemq] [66d41060] INFO  - Cluster size = 2, members : [dKKdB, 90mHh].
2025-01-29 13:39:55,737 INFO c.h.h.t.HelmChartContainer - [test-hivemq-platform] [hivemq] [5992604f] INFO  - Cluster size = 2, members : [dKKdB, 90mHh].
2025-01-29 13:39:55,802 INFO c.h.h.t.HelmChartContainer - [test-hivemq-platform] [hivemq] [5992604f] INFO  - Finished cluster join process successfully.
2025-01-29 13:39:55,804 INFO c.h.h.t.HelmChartContainer - [test-hivemq-platform] [hivemq] [5992604f] WARN  - No user for HiveMQ Control Center configured. Starting with default user
2025-01-29 13:39:55,804 INFO c.h.h.t.HelmChartContainer - [test-hivemq-platform] [hivemq] [5992604f] INFO  - Starting HiveMQ Control Center on address 0.0.0.0 and port 8080
2025-01-29 13:39:55,812 INFO c.h.h.t.HelmChartContainer - [test-hivemq-platform] [hivemq] [5992604f] INFO  - Mounting HiveMQ Control Center V2 Preview
2025-01-29 13:39:55,919 INFO c.h.h.t.HelmChartContainer - [EVENT] Warning [Unhealthy] Readiness probe failed: HTTP probe failed with statuscode: 503 [helmcontainersecuritycontextupgradeplatformit:test-hivemq-platform-1]
2025-01-29 13:39:55,919 INFO c.h.h.t.HelmChartContainer - Received Unhealthy event for container hivemq in pod test-hivemq-platform-1 [5992604f-30da-41de-8f0b-a6b1aaff3ae0]
2025-01-29 13:39:56,058 INFO c.h.h.t.HelmChartContainer - [hivemq-test-hivemq-platform] [hivemq-platform-operator] [82c4986f] 13:39:56.056 [pool-6-thread-38] DEBUG c.h.p.o.d.PlatformServiceResource - [helmcont] Desired Platform services (3 services)
2025-01-29 13:39:56,059 INFO c.h.h.t.HelmChartContainer - [hivemq-test-hivemq-platform] [hivemq-platform-operator] [82c4986f] 13:39:56.057 [pool-6-thread-31] DEBUG c.h.p.o.d.PodServiceAccountResource - [helmcont] Desired PodServiceAccountResource (serviceAccountName: hivemq-platform-pod-test-hivemq-platform)
2025-01-29 13:39:56,060 INFO c.h.h.t.HelmChartContainer - [hivemq-test-hivemq-platform] [hivemq-platform-operator] [82c4986f] 13:39:56.058 [pool-6-thread-36] DEBUG c.h.p.o.dependants.PodInfoConfigMap - [helmcont] Desired PodInfo ConfigMap (1 extensions) (1 enabled)
2025-01-29 13:39:56,060 INFO c.h.h.t.HelmChartContainer - [hivemq-test-hivemq-platform] [hivemq-platform-operator] [82c4986f] 13:39:56.059 [pool-6-thread-36] DEBUG c.h.p.o.dependants.PodInfoConfigMap - [helmcont] Desired PodInfo ConfigMap (metrics port: 9399) (metrics path: /)
2025-01-29 13:39:56,060 INFO c.h.h.t.HelmChartContainer - [hivemq-test-hivemq-platform] [hivemq-platform-operator] [82c4986f] 13:39:56.059 [pool-6-thread-36] DEBUG c.h.p.o.dependants.PodInfoConfigMap - [helmcont] Desired PodInfo ConfigMap (extension state hash: -1817474005)
2025-01-29 13:39:56,063 INFO c.h.h.t.HelmChartContainer - [hivemq-test-hivemq-platform] [hivemq-platform-operator] [82c4986f] 13:39:56.062 [pool-6-thread-32] DEBUG c.h.p.o.d.StatefulSetResource - [helmcont] Desired StatefulSet (2 replicas) for status ROLLING_RESTART (SURGE_IN_PROGRESS)
2025-01-29 13:39:56,066 INFO c.h.h.t.HelmChartContainer - [hivemq-test-hivemq-platform] [hivemq-platform-operator] [82c4986f] 13:39:56.065 [ReconcilerExecutor-hivemq-controller-127] INFO  c.h.p.o.HiveMQPlatformReconciler - [helmcont] Reconciling HiveMQ Platform 'test-hivemq-platform' in namespace 'helmcontainersecuritycontextupgradeplatformit'
2025-01-29 13:39:56,066 INFO c.h.h.t.HelmChartContainer - [hivemq-test-hivemq-platform] [hivemq-platform-operator] [82c4986f] 13:39:56.065 [ReconcilerExecutor-hivemq-controller-127] DEBUG c.h.p.o.HiveMQPlatformReconciler - [helmcont] Custom Resource Status ROLLING_RESTART - HiveMQ Platform is starting a surge Pod (rolling restart) (SURGE_IN_PROGRESS)
2025-01-29 13:39:56,066 INFO c.h.h.t.HelmChartContainer - [hivemq-test-hivemq-platform] [hivemq-platform-operator] [82c4986f] 13:39:56.065 [ReconcilerExecutor-hivemq-controller-127] DEBUG c.h.p.o.HiveMQPlatformReconciler - [helmcont] Custom Resource Spec (replicas: 1) (extensions: 1)
2025-01-29 13:39:56,067 INFO c.h.h.t.HelmChartContainer - [hivemq-test-hivemq-platform] [hivemq-platform-operator] [82c4986f] 13:39:56.066 [ReconcilerExecutor-hivemq-controller-127] DEBUG c.h.p.o.HiveMQPlatformReconciler - [helmcont] StatefulSet Status (revision: test-hivemq-platform-579f489c45, replicas: 2, available: 1, ready: 1, current: 1, updated: 1)
2025-01-29 13:39:56,067 INFO c.h.h.t.HelmChartContainer - [hivemq-test-hivemq-platform] [hivemq-platform-operator] [82c4986f] 13:39:56.066 [ReconcilerExecutor-hivemq-controller-127] DEBUG c.h.p.o.HiveMQPlatformReconciler - [helmcont] StatefulSet Spec (replicas: 2, init containers: 1, containers: 1, volumes: 3)
2025-01-29 13:39:56,068 INFO c.h.h.t.HelmChartContainer - [hivemq-test-hivemq-platform] [hivemq-platform-operator] [82c4986f] 13:39:56.067 [ReconcilerExecutor-hivemq-controller-127] DEBUG c.h.p.o.h.HiveMQPlatformReconcilerErrorHandler - [helmcont] Pod 'test-hivemq-platform-1' phase Running
2025-01-29 13:39:56,070 INFO c.h.h.t.HelmChartContainer - [hivemq-test-hivemq-platform] [hivemq-platform-operator] [82c4986f] 13:39:56.069 [ReconcilerExecutor-hivemq-controller-127] DEBUG c.h.p.o.h.HiveMQPlatformReconcilerErrorHandler - [helmcont] Pod 'test-hivemq-platform-0' phase Running
2025-01-29 13:39:56,071 INFO c.h.h.t.HelmChartContainer - [hivemq-test-hivemq-platform] [hivemq-platform-operator] [82c4986f] 13:39:56.070 [ReconcilerExecutor-hivemq-controller-127] DEBUG c.h.p.o.h.HiveMQPlatformReconcilerRollingRestartHandler - [helmcont] Rolling restart is waiting for 1 of 2 replicas
2025-01-29 13:39:56,504 INFO c.h.h.t.HelmChartContainer - [test-hivemq-platform] [hivemq] [5992604f] INFO  - Started HiveMQ Control Center in 701ms
2025-01-29 13:39:56,519 INFO c.h.h.t.HelmChartContainer - [test-hivemq-platform] [hivemq] [5992604f] INFO  - Starting TCP listener on address 0.0.0.0 and port 1884
2025-01-29 13:39:56,706 INFO c.h.h.t.HelmChartContainer - [test-hivemq-platform] [hivemq] [5992604f] INFO  - Started TCP Listener on address 0.0.0.0 and on port 1884.
2025-01-29 13:39:56,706 INFO c.h.h.t.HelmChartContainer - [test-hivemq-platform] [hivemq] [5992604f] INFO  - Started HiveMQ in 30218ms
2025-01-29 13:40:00,913 INFO c.h.h.t.HelmChartContainer - [test-hivemq-platform] [hivemq] [5992604f] INFO  - [HiveMQ Platform Operator Init App 1.7.0-SNAPSHOT] Returning Health API response 200 for readiness
2025-01-29 13:40:00,927 INFO c.h.h.t.HelmChartContainer - [POD] test-hivemq-platform-1 [5992604f-30da-41de-8f0b-a6b1aaff3ae0] in helmcontainersecuritycontextupgradeplatformit was MODIFIED
2025-01-29 13:40:00,942 INFO c.h.h.t.HelmChartContainer - [hivemq-test-hivemq-platform] [hivemq-platform-operator] [82c4986f] 13:40:00.934 [pool-6-thread-45] DEBUG c.h.p.o.d.PlatformServiceResource - [helmcont] Desired Platform services (3 services)
2025-01-29 13:40:00,942 INFO c.h.h.t.HelmChartContainer - [hivemq-test-hivemq-platform] [hivemq-platform-operator] [82c4986f] 13:40:00.937 [pool-6-thread-43] DEBUG c.h.p.o.dependants.PodInfoConfigMap - [helmcont] Desired PodInfo ConfigMap (1 extensions) (1 enabled)
2025-01-29 13:40:00,942 INFO c.h.h.t.HelmChartContainer - [hivemq-test-hivemq-platform] [hivemq-platform-operator] [82c4986f] 13:40:00.937 [pool-6-thread-43] DEBUG c.h.p.o.dependants.PodInfoConfigMap - [helmcont] Desired PodInfo ConfigMap (metrics port: 9399) (metrics path: /)
2025-01-29 13:40:00,942 INFO c.h.h.t.HelmChartContainer - [hivemq-test-hivemq-platform] [hivemq-platform-operator] [82c4986f] 13:40:00.937 [pool-6-thread-43] DEBUG c.h.p.o.dependants.PodInfoConfigMap - [helmcont] Desired PodInfo ConfigMap (extension state hash: -1817474005)
2025-01-29 13:40:00,942 INFO c.h.h.t.HelmChartContainer - [hivemq-test-hivemq-platform] [hivemq-platform-operator] [82c4986f] 13:40:00.938 [pool-6-thread-45] DEBUG c.h.p.o.d.PodServiceAccountResource - [helmcont] Desired PodServiceAccountResource (serviceAccountName: hivemq-platform-pod-test-hivemq-platform)
2025-01-29 13:40:00,949 INFO c.h.h.t.HelmChartContainer - [hivemq-test-hivemq-platform] [hivemq-platform-operator] [82c4986f] 13:40:00.943 [pool-6-thread-46] DEBUG c.h.p.o.d.StatefulSetResource - [helmcont] Desired StatefulSet (2 replicas) for status ROLLING_RESTART (SURGE_IN_PROGRESS)
2025-01-29 13:40:00,949 INFO c.h.h.t.HelmChartContainer - [hivemq-test-hivemq-platform] [hivemq-platform-operator] [82c4986f] 13:40:00.947 [ReconcilerExecutor-hivemq-controller-128] INFO  c.h.p.o.HiveMQPlatformReconciler - [helmcont] Reconciling HiveMQ Platform 'test-hivemq-platform' in namespace 'helmcontainersecuritycontextupgradeplatformit'
2025-01-29 13:40:00,950 INFO c.h.h.t.HelmChartContainer - [hivemq-test-hivemq-platform] [hivemq-platform-operator] [82c4986f] 13:40:00.947 [ReconcilerExecutor-hivemq-controller-128] DEBUG c.h.p.o.HiveMQPlatformReconciler - [helmcont] Custom Resource Status ROLLING_RESTART - HiveMQ Platform is starting a surge Pod (rolling restart) (SURGE_IN_PROGRESS)
2025-01-29 13:40:00,951 INFO c.h.h.t.HelmChartContainer - [hivemq-test-hivemq-platform] [hivemq-platform-operator] [82c4986f] 13:40:00.948 [ReconcilerExecutor-hivemq-controller-128] DEBUG c.h.p.o.HiveMQPlatformReconciler - [helmcont] Custom Resource Spec (replicas: 1) (extensions: 1)
2025-01-29 13:40:00,951 INFO c.h.h.t.HelmChartContainer - [hivemq-test-hivemq-platform] [hivemq-platform-operator] [82c4986f] 13:40:00.949 [ReconcilerExecutor-hivemq-controller-128] DEBUG c.h.p.o.HiveMQPlatformReconciler - [helmcont] StatefulSet Status (revision: test-hivemq-platform-579f489c45, replicas: 2, available: 2, ready: 2, current: 1, updated: 1)
2025-01-29 13:40:00,951 INFO c.h.h.t.HelmChartContainer - [hivemq-test-hivemq-platform] [hivemq-platform-operator] [82c4986f] 13:40:00.949 [ReconcilerExecutor-hivemq-controller-128] DEBUG c.h.p.o.HiveMQPlatformReconciler - [helmcont] StatefulSet Spec (replicas: 2, init containers: 1, containers: 1, volumes: 3)
2025-01-29 13:40:00,952 INFO c.h.h.t.HelmChartContainer - [hivemq-test-hivemq-platform] [hivemq-platform-operator] [82c4986f] 13:40:00.950 [ReconcilerExecutor-hivemq-controller-128] DEBUG c.h.p.o.h.HiveMQPlatformReconcilerErrorHandler - [helmcont] Pod 'test-hivemq-platform-1' phase Running
2025-01-29 13:40:00,953 INFO c.h.h.t.HelmChartContainer - [hivemq-test-hivemq-platform] [hivemq-platform-operator] [82c4986f] 13:40:00.951 [ReconcilerExecutor-hivemq-controller-128] DEBUG c.h.p.o.h.HiveMQPlatformReconcilerErrorHandler - [helmcont] Pod 'test-hivemq-platform-0' phase Running
2025-01-29 13:40:00,953 INFO c.h.h.t.HelmChartContainer - [hivemq-test-hivemq-platform] [hivemq-platform-operator] [82c4986f] 13:40:00.952 [ReconcilerExecutor-hivemq-controller-128] INFO  c.h.p.o.h.HiveMQPlatformReconcilerRollingRestartHandler - [helmcont] Surge Pod started successfully
2025-01-29 13:40:01,040 INFO c.h.h.t.HelmChartContainer - [hivemq-test-hivemq-platform] [hivemq-platform-operator] [82c4986f] 13:40:01.039 [ReconcilerExecutor-hivemq-controller-128] DEBUG c.h.p.operator.event.EventSender - [helmcont] Creating K8s event rolling-restart-surge-in-progress: [RollingRestart] HiveMQ Platform is restarting Pods (rolling restart)
2025-01-29 13:40:01,045 INFO c.h.h.t.HelmChartContainer - [EVENT] Normal [RollingRestart] HiveMQ Platform is restarting Pods (rolling restart) [helmcontainersecuritycontextupgradeplatformit:test-hivemq-platform]
2025-01-29 13:40:01,116 INFO c.h.h.t.HelmChartContainer - [hivemq-test-hivemq-platform] [hivemq-platform-operator] [82c4986f] 13:40:01.115 [ReconcilerExecutor-hivemq-controller-128] INFO  c.h.p.o.h.AbstractHiveMQReconcilerStateHandler - [helmcont] Update HiveMQ Platform Status (ROLLING_RESTART [SURGE_IN_PROGRESS] -> ROLLING_RESTART [RESTART_PODS_IN_PROGRESS]): HiveMQ Platform is restarting Pods (rolling restart)
2025-01-29 13:40:01,131 DEBUG com.hivemq.helmcharts.util.K8sUtil - Comparing actual state 'ROLLING_RESTART' and waiting for 'RUNNING'
2025-01-29 13:40:01,138 INFO c.h.h.t.HelmChartContainer - [hivemq-test-hivemq-platform] [hivemq-platform-operator] [82c4986f] 13:40:01.134 [pool-6-thread-7] DEBUG c.h.p.o.d.PlatformServiceResource - [helmcont] Desired Platform services (3 services)
2025-01-29 13:40:01,138 INFO c.h.h.t.HelmChartContainer - [hivemq-test-hivemq-platform] [hivemq-platform-operator] [82c4986f] 13:40:01.135 [pool-6-thread-10] DEBUG c.h.p.o.dependants.PodInfoConfigMap - [helmcont] Desired PodInfo ConfigMap (1 extensions) (1 enabled)
2025-01-29 13:40:01,138 INFO c.h.h.t.HelmChartContainer - [hivemq-test-hivemq-platform] [hivemq-platform-operator] [82c4986f] 13:40:01.135 [pool-6-thread-10] DEBUG c.h.p.o.dependants.PodInfoConfigMap - [helmcont] Desired PodInfo ConfigMap (metrics port: 9399) (metrics path: /)
2025-01-29 13:40:01,138 INFO c.h.h.t.HelmChartContainer - [hivemq-test-hivemq-platform] [hivemq-platform-operator] [82c4986f] 13:40:01.135 [pool-6-thread-10] DEBUG c.h.p.o.dependants.PodInfoConfigMap - [helmcont] Desired PodInfo ConfigMap (extension state hash: -1817474005)
2025-01-29 13:40:01,138 INFO c.h.h.t.HelmChartContainer - [hivemq-test-hivemq-platform] [hivemq-platform-operator] [82c4986f] 13:40:01.135 [pool-6-thread-5] DEBUG c.h.p.o.d.PodServiceAccountResource - [helmcont] Desired PodServiceAccountResource (serviceAccountName: hivemq-platform-pod-test-hivemq-platform)
2025-01-29 13:40:01,139 INFO c.h.h.t.HelmChartContainer - [hivemq-test-hivemq-platform] [hivemq-platform-operator] [82c4986f] 13:40:01.138 [pool-6-thread-7] DEBUG c.h.p.o.d.StatefulSetResource - [helmcont] Desired StatefulSet (2 replicas) for status ROLLING_RESTART (RESTART_PODS_IN_PROGRESS)
2025-01-29 13:40:01,143 INFO c.h.h.t.HelmChartContainer - [hivemq-test-hivemq-platform] [hivemq-platform-operator] [82c4986f] 13:40:01.142 [ReconcilerExecutor-hivemq-controller-129] INFO  c.h.p.o.HiveMQPlatformReconciler - [helmcont] Reconciling HiveMQ Platform 'test-hivemq-platform' in namespace 'helmcontainersecuritycontextupgradeplatformit'
2025-01-29 13:40:01,143 INFO c.h.h.t.HelmChartContainer - [hivemq-test-hivemq-platform] [hivemq-platform-operator] [82c4986f] 13:40:01.142 [ReconcilerExecutor-hivemq-controller-129] DEBUG c.h.p.o.HiveMQPlatformReconciler - [helmcont] Custom Resource Status ROLLING_RESTART - HiveMQ Platform is restarting Pods (rolling restart) (RESTART_PODS_IN_PROGRESS)
2025-01-29 13:40:01,143 INFO c.h.h.t.HelmChartContainer - [hivemq-test-hivemq-platform] [hivemq-platform-operator] [82c4986f] 13:40:01.142 [ReconcilerExecutor-hivemq-controller-129] DEBUG c.h.p.o.HiveMQPlatformReconciler - [helmcont] Custom Resource Spec (replicas: 1) (extensions: 1)
2025-01-29 13:40:01,144 INFO c.h.h.t.HelmChartContainer - [hivemq-test-hivemq-platform] [hivemq-platform-operator] [82c4986f] 13:40:01.143 [ReconcilerExecutor-hivemq-controller-129] DEBUG c.h.p.o.HiveMQPlatformReconciler - [helmcont] StatefulSet Status (revision: test-hivemq-platform-579f489c45, replicas: 2, available: 2, ready: 2, current: 1, updated: 1)
2025-01-29 13:40:01,215 INFO c.h.h.t.HelmChartContainer - [hivemq-test-hivemq-platform] [hivemq-platform-operator] [82c4986f] 13:40:01.214 [ReconcilerExecutor-hivemq-controller-129] DEBUG c.h.p.o.HiveMQPlatformReconciler - [helmcont] StatefulSet Spec (replicas: 2, init containers: 1, containers: 1, volumes: 3)
2025-01-29 13:40:01,216 INFO c.h.h.t.HelmChartContainer - [hivemq-test-hivemq-platform] [hivemq-platform-operator] [82c4986f] 13:40:01.216 [ReconcilerExecutor-hivemq-controller-129] DEBUG c.h.p.o.h.HiveMQPlatformReconcilerErrorHandler - [helmcont] Pod 'test-hivemq-platform-1' phase Running
2025-01-29 13:40:01,217 INFO c.h.h.t.HelmChartContainer - [hivemq-test-hivemq-platform] [hivemq-platform-operator] [82c4986f] 13:40:01.217 [ReconcilerExecutor-hivemq-controller-129] DEBUG c.h.p.o.h.HiveMQPlatformReconcilerErrorHandler - [helmcont] Pod 'test-hivemq-platform-0' phase Running
2025-01-29 13:40:01,230 INFO c.h.h.t.HelmChartContainer - [hivemq-test-hivemq-platform] [hivemq-platform-operator] [82c4986f] 13:40:01.228 [ReconcilerExecutor-hivemq-controller-129] DEBUG c.h.p.o.h.HiveMQPlatformReconcilerRollingRestartHandler - [helmcont] Skipping Pod test-hivemq-platform-1 as it's already on the controller update revision (update revision: test-hivemq-platform-579f489c45, pod revision: test-hivemq-platform-579f489c45)
2025-01-29 13:40:01,241 INFO c.h.h.t.HelmChartContainer - [hivemq-test-hivemq-platform] [hivemq-platform-operator] [82c4986f] 13:40:01.241 [ReconcilerExecutor-hivemq-controller-129] DEBUG c.h.p.o.h.HiveMQPlatformReconcilerRollingRestartHandler - [helmcont] The last Pod is running for 59 seconds, the next Pod can be restarted
2025-01-29 13:40:01,241 INFO c.h.h.t.HelmChartContainer - [hivemq-test-hivemq-platform] [hivemq-platform-operator] [82c4986f] 13:40:01.241 [ReconcilerExecutor-hivemq-controller-129] INFO  c.h.p.o.h.HiveMQPlatformReconcilerRollingRestartHandler - [helmcont] Restarting Pod test-hivemq-platform-0 as it's not matching the controller update revision (update revision: test-hivemq-platform-579f489c45, pod revision: test-hivemq-platform-5fb49467b6)
2025-01-29 13:40:01,345 INFO c.h.h.t.HelmChartContainer - [EVENT] Normal [Killing] Stopping container hivemq [helmcontainersecuritycontextupgradeplatformit:test-hivemq-platform-0]
2025-01-29 13:40:01,346 INFO c.h.h.t.HelmChartContainer - [POD] test-hivemq-platform-0 [66d41060-9cb0-45fb-bb9d-f24852e7678f] in helmcontainersecuritycontextupgradeplatformit was MODIFIED
2025-01-29 13:40:01,346 INFO c.h.h.t.HelmChartContainer - Received Killing event for container hivemq in pod test-hivemq-platform-0 [66d41060-9cb0-45fb-bb9d-f24852e7678f]
2025-01-29 13:40:01,350 INFO c.h.h.t.HelmChartContainer - Container [test-hivemq-platform-0] [hivemq] [66d41060-9cb0-45fb-bb9d-f24852e7678f] was terminated
2025-01-29 13:40:01,350 INFO c.h.h.t.HelmChartContainer - Stopped log watcher for hivemq in pod test-hivemq-platform-0 [66d41060-9cb0-45fb-bb9d-f24852e7678f]
2025-01-29 13:40:01,358 INFO c.h.h.t.HelmChartContainer - [test-hivemq-platform] [hivemq] [66d41060] INFO  - [HiveMQ Platform Operator Init App 1.7.0-SNAPSHOT] Shutting down
2025-01-29 13:40:01,358 INFO c.h.h.t.HelmChartContainer - [test-hivemq-platform] [hivemq] [66d41060] INFO  - [HiveMQ Platform Operator Init App 1.7.0-SNAPSHOT] Stopping the HiveMQ Platform
2025-01-29 13:40:01,363 INFO c.h.h.t.HelmChartContainer - [hivemq-test-hivemq-platform] [hivemq-platform-operator] [82c4986f] 13:40:01.361 [pool-6-thread-14] DEBUG c.h.p.o.d.PlatformServiceResource - [helmcont] Desired Platform services (3 services)
2025-01-29 13:40:01,366 INFO c.h.h.t.HelmChartContainer - [hivemq-test-hivemq-platform] [hivemq-platform-operator] [82c4986f] 13:40:01.363 [pool-6-thread-19] DEBUG c.h.p.o.dependants.PodInfoConfigMap - [helmcont] Desired PodInfo ConfigMap (1 extensions) (1 enabled)
2025-01-29 13:40:01,416 INFO c.h.h.t.HelmChartContainer - [hivemq-test-hivemq-platform] [hivemq-platform-operator] [82c4986f] 13:40:01.414 [pool-6-thread-12] DEBUG c.h.p.o.d.PodServiceAccountResource - [helmcont] Desired PodServiceAccountResource (serviceAccountName: hivemq-platform-pod-test-hivemq-platform)
2025-01-29 13:40:01,425 INFO c.h.h.t.HelmChartContainer - [hivemq-test-hivemq-platform] [hivemq-platform-operator] [82c4986f] 13:40:01.363 [pool-6-thread-19] DEBUG c.h.p.o.dependants.PodInfoConfigMap - [helmcont] Desired PodInfo ConfigMap (metrics port: 9399) (metrics path: /)
2025-01-29 13:40:01,425 INFO c.h.h.t.HelmChartContainer - [hivemq-test-hivemq-platform] [hivemq-platform-operator] [82c4986f] 13:40:01.423 [pool-6-thread-19] DEBUG c.h.p.o.dependants.PodInfoConfigMap - [helmcont] Desired PodInfo ConfigMap (extension state hash: -1817474005)
2025-01-29 13:40:01,430 INFO c.h.h.t.HelmChartContainer - [hivemq-test-hivemq-platform] [hivemq-platform-operator] [82c4986f] 13:40:01.429 [pool-6-thread-14] DEBUG c.h.p.o.d.StatefulSetResource - [helmcont] Desired StatefulSet (2 replicas) for status ROLLING_RESTART (RESTART_PODS_IN_PROGRESS)
2025-01-29 13:40:01,434 INFO c.h.h.t.HelmChartContainer - [hivemq-test-hivemq-platform] [hivemq-platform-operator] [82c4986f] 13:40:01.434 [ReconcilerExecutor-hivemq-controller-130] INFO  c.h.p.o.HiveMQPlatformReconciler - [helmcont] Reconciling HiveMQ Platform 'test-hivemq-platform' in namespace 'helmcontainersecuritycontextupgradeplatformit'
2025-01-29 13:40:01,437 INFO c.h.h.t.HelmChartContainer - [hivemq-test-hivemq-platform] [hivemq-platform-operator] [82c4986f] 13:40:01.434 [ReconcilerExecutor-hivemq-controller-130] DEBUG c.h.p.o.HiveMQPlatformReconciler - [helmcont] Custom Resource Status ROLLING_RESTART - HiveMQ Platform is restarting Pods (rolling restart) (RESTART_PODS_IN_PROGRESS)
2025-01-29 13:40:01,437 INFO c.h.h.t.HelmChartContainer - [hivemq-test-hivemq-platform] [hivemq-platform-operator] [82c4986f] 13:40:01.434 [ReconcilerExecutor-hivemq-controller-130] DEBUG c.h.p.o.HiveMQPlatformReconciler - [helmcont] Custom Resource Spec (replicas: 1) (extensions: 1)
2025-01-29 13:40:01,438 INFO c.h.h.t.HelmChartContainer - [hivemq-test-hivemq-platform] [hivemq-platform-operator] [82c4986f] 13:40:01.436 [ReconcilerExecutor-hivemq-controller-130] DEBUG c.h.p.o.HiveMQPlatformReconciler - [helmcont] StatefulSet Status (revision: test-hivemq-platform-579f489c45, replicas: 2, available: 2, ready: 2, current: 0, updated: 1)
2025-01-29 13:40:01,438 INFO c.h.h.t.HelmChartContainer - [hivemq-test-hivemq-platform] [hivemq-platform-operator] [82c4986f] 13:40:01.436 [ReconcilerExecutor-hivemq-controller-130] DEBUG c.h.p.o.HiveMQPlatformReconciler - [helmcont] StatefulSet Spec (replicas: 2, init containers: 1, containers: 1, volumes: 3)
2025-01-29 13:40:01,439 INFO c.h.h.t.HelmChartContainer - [hivemq-test-hivemq-platform] [hivemq-platform-operator] [82c4986f] 13:40:01.439 [ReconcilerExecutor-hivemq-controller-130] DEBUG c.h.p.o.h.HiveMQPlatformReconcilerErrorHandler - [helmcont] Pod 'test-hivemq-platform-1' phase Running
2025-01-29 13:40:01,443 INFO c.h.h.t.HelmChartContainer - [hivemq-test-hivemq-platform] [hivemq-platform-operator] [82c4986f] 13:40:01.442 [ReconcilerExecutor-hivemq-controller-130] DEBUG c.h.p.o.h.HiveMQPlatformReconcilerErrorHandler - [helmcont] Pod 'test-hivemq-platform-0' phase Running
2025-01-29 13:40:01,450 INFO c.h.h.t.HelmChartContainer - [hivemq-test-hivemq-platform] [hivemq-platform-operator] [82c4986f] 13:40:01.449 [ReconcilerExecutor-hivemq-controller-130] DEBUG c.h.p.o.h.HiveMQPlatformReconcilerRollingRestartHandler - [helmcont] Skipping Pod test-hivemq-platform-1 as it's already on the controller update revision (update revision: test-hivemq-platform-579f489c45, pod revision: test-hivemq-platform-579f489c45)
2025-01-29 13:40:01,531 INFO c.h.h.t.HelmChartContainer - [test-hivemq-platform] [hivemq] [66d41060] INFO  - Shutting down HiveMQ. Please wait, this could take a while...
2025-01-29 13:40:01,537 INFO c.h.h.t.HelmChartContainer - [test-hivemq-platform] [hivemq] [66d41060] INFO  - Shutting down listeners and clients
2025-01-29 13:40:01,539 INFO c.h.h.t.HelmChartContainer - [test-hivemq-platform] [hivemq] [66d41060] INFO  - Shutdown of listeners is done
2025-01-29 13:40:01,540 INFO c.h.h.t.HelmChartContainer - [test-hivemq-platform] [hivemq] [66d41060] INFO  - No clients are connected, proceeding with shutdown
2025-01-29 13:40:01,542 INFO c.h.h.t.HelmChartContainer - [hivemq-test-hivemq-platform] [hivemq-platform-operator] [82c4986f] 13:40:01.542 [ReconcilerExecutor-hivemq-controller-130] DEBUG c.h.p.o.h.HiveMQPlatformReconcilerRollingRestartHandler - [helmcont] The last Pod is running for 59 seconds, the next Pod can be restarted
2025-01-29 13:40:01,545 INFO c.h.h.t.HelmChartContainer - [hivemq-test-hivemq-platform] [hivemq-platform-operator] [82c4986f] 13:40:01.542 [ReconcilerExecutor-hivemq-controller-130] INFO  c.h.p.o.h.HiveMQPlatformReconcilerRollingRestartHandler - [helmcont] Restarting Pod test-hivemq-platform-0 as it's not matching the controller update revision (update revision: test-hivemq-platform-579f489c45, pod revision: test-hivemq-platform-5fb49467b6)
2025-01-29 13:40:01,551 INFO c.h.h.t.HelmChartContainer - [hivemq-test-hivemq-platform] [hivemq-platform-operator] [82c4986f] 13:40:01.551 [pool-6-thread-29] DEBUG c.h.p.o.d.PlatformServiceResource - [helmcont] Desired Platform services (3 services)
2025-01-29 13:40:01,617 INFO c.h.h.t.HelmChartContainer - [hivemq-test-hivemq-platform] [hivemq-platform-operator] [82c4986f] 13:40:01.614 [pool-6-thread-25] DEBUG c.h.p.o.dependants.PodInfoConfigMap - [helmcont] Desired PodInfo ConfigMap (1 extensions) (1 enabled)
2025-01-29 13:40:01,617 INFO c.h.h.t.HelmChartContainer - [hivemq-test-hivemq-platform] [hivemq-platform-operator] [82c4986f] 13:40:01.614 [pool-6-thread-25] DEBUG c.h.p.o.dependants.PodInfoConfigMap - [helmcont] Desired PodInfo ConfigMap (metrics port: 9399) (metrics path: /)
2025-01-29 13:40:01,617 INFO c.h.h.t.HelmChartContainer - [hivemq-test-hivemq-platform] [hivemq-platform-operator] [82c4986f] 13:40:01.614 [pool-6-thread-25] DEBUG c.h.p.o.dependants.PodInfoConfigMap - [helmcont] Desired PodInfo ConfigMap (extension state hash: -1817474005)
2025-01-29 13:40:01,625 INFO c.h.h.t.HelmChartContainer - [hivemq-test-hivemq-platform] [hivemq-platform-operator] [82c4986f] 13:40:01.623 [pool-6-thread-25] DEBUG c.h.p.o.d.PodServiceAccountResource - [helmcont] Desired PodServiceAccountResource (serviceAccountName: hivemq-platform-pod-test-hivemq-platform)
2025-01-29 13:40:01,628 INFO c.h.h.t.HelmChartContainer - [hivemq-test-hivemq-platform] [hivemq-platform-operator] [82c4986f] 13:40:01.626 [pool-6-thread-25] DEBUG c.h.p.o.d.StatefulSetResource - [helmcont] Desired StatefulSet (2 replicas) for status ROLLING_RESTART (RESTART_PODS_IN_PROGRESS)
2025-01-29 13:40:01,630 INFO c.h.h.t.HelmChartContainer - [hivemq-test-hivemq-platform] [hivemq-platform-operator] [82c4986f] 13:40:01.629 [ReconcilerExecutor-hivemq-controller-131] INFO  c.h.p.o.HiveMQPlatformReconciler - [helmcont] Reconciling HiveMQ Platform 'test-hivemq-platform' in namespace 'helmcontainersecuritycontextupgradeplatformit'
2025-01-29 13:40:01,632 INFO c.h.h.t.HelmChartContainer - [hivemq-test-hivemq-platform] [hivemq-platform-operator] [82c4986f] 13:40:01.630 [ReconcilerExecutor-hivemq-controller-131] DEBUG c.h.p.o.HiveMQPlatformReconciler - [helmcont] Custom Resource Status ROLLING_RESTART - HiveMQ Platform is restarting Pods (rolling restart) (RESTART_PODS_IN_PROGRESS)
2025-01-29 13:40:01,632 INFO c.h.h.t.HelmChartContainer - [hivemq-test-hivemq-platform] [hivemq-platform-operator] [82c4986f] 13:40:01.630 [ReconcilerExecutor-hivemq-controller-131] DEBUG c.h.p.o.HiveMQPlatformReconciler - [helmcont] Custom Resource Spec (replicas: 1) (extensions: 1)
2025-01-29 13:40:01,632 INFO c.h.h.t.HelmChartContainer - [hivemq-test-hivemq-platform] [hivemq-platform-operator] [82c4986f] 13:40:01.631 [ReconcilerExecutor-hivemq-controller-131] DEBUG c.h.p.o.HiveMQPlatformReconciler - [helmcont] StatefulSet Status (revision: test-hivemq-platform-579f489c45, replicas: 2, available: 2, ready: 2, current: 0, updated: 1)
2025-01-29 13:40:01,632 INFO c.h.h.t.HelmChartContainer - [hivemq-test-hivemq-platform] [hivemq-platform-operator] [82c4986f] 13:40:01.631 [ReconcilerExecutor-hivemq-controller-131] DEBUG c.h.p.o.HiveMQPlatformReconciler - [helmcont] StatefulSet Spec (replicas: 2, init containers: 1, containers: 1, volumes: 3)
2025-01-29 13:40:01,633 INFO c.h.h.t.HelmChartContainer - [hivemq-test-hivemq-platform] [hivemq-platform-operator] [82c4986f] 13:40:01.633 [ReconcilerExecutor-hivemq-controller-131] DEBUG c.h.p.o.h.HiveMQPlatformReconcilerErrorHandler - [helmcont] Pod 'test-hivemq-platform-1' phase Running
2025-01-29 13:40:01,635 INFO c.h.h.t.HelmChartContainer - [hivemq-test-hivemq-platform] [hivemq-platform-operator] [82c4986f] 13:40:01.634 [ReconcilerExecutor-hivemq-controller-131] DEBUG c.h.p.o.h.HiveMQPlatformReconcilerErrorHandler - [helmcont] Pod 'test-hivemq-platform-0' phase Running
2025-01-29 13:40:01,641 INFO c.h.h.t.HelmChartContainer - [hivemq-test-hivemq-platform] [hivemq-platform-operator] [82c4986f] 13:40:01.641 [ReconcilerExecutor-hivemq-controller-131] DEBUG c.h.p.o.h.HiveMQPlatformReconcilerRollingRestartHandler - [helmcont] Skipping Pod test-hivemq-platform-1 as it's already on the controller update revision (update revision: test-hivemq-platform-579f489c45, pod revision: test-hivemq-platform-579f489c45)
2025-01-29 13:40:01,730 INFO c.h.h.t.HelmChartContainer - [hivemq-test-hivemq-platform] [hivemq-platform-operator] [82c4986f] 13:40:01.729 [ReconcilerExecutor-hivemq-controller-131] DEBUG c.h.p.o.h.HiveMQPlatformReconcilerRollingRestartHandler - [helmcont] The last Pod is running for 59 seconds, the next Pod can be restarted
2025-01-29 13:40:01,730 INFO c.h.h.t.HelmChartContainer - [hivemq-test-hivemq-platform] [hivemq-platform-operator] [82c4986f] 13:40:01.729 [ReconcilerExecutor-hivemq-controller-131] INFO  c.h.p.o.h.HiveMQPlatformReconcilerRollingRestartHandler - [helmcont] Restarting Pod test-hivemq-platform-0 as it's not matching the controller update revision (update revision: test-hivemq-platform-579f489c45, pod revision: test-hivemq-platform-5fb49467b6)
2025-01-29 13:40:02,583 INFO c.h.h.t.HelmChartContainer - [test-hivemq-platform] [hivemq] [5992604f] INFO  - [HiveMQ Platform Operator Init App 1.7.0-SNAPSHOT] Returning Health API response 200 for liveness
2025-01-29 13:40:04,332 INFO c.h.h.t.HelmChartContainer - [test-hivemq-platform] [hivemq] [66d41060] INFO  - Shutting down extension system
2025-01-29 13:40:04,334 INFO c.h.h.t.HelmChartContainer - [test-hivemq-platform] [hivemq] [66d41060] INFO  - Stopping extension with id hivemq-dns-cluster-discovery
2025-01-29 13:40:04,335 INFO c.h.h.t.HelmChartContainer - [test-hivemq-platform] [hivemq] [66d41060] INFO  - Extension "DNS Cluster Discovery Extension" version 4.3.2 stopped successfully.
2025-01-29 13:40:04,335 INFO c.h.h.t.HelmChartContainer - [test-hivemq-platform] [hivemq] [66d41060] INFO  - Stopping extension with id hivemq-prometheus-extension
2025-01-29 13:40:04,339 INFO c.h.h.t.HelmChartContainer - [test-hivemq-platform] [hivemq] [66d41060] INFO  - Extension "Prometheus Monitoring Extension" version 4.0.12 stopped successfully.
2025-01-29 13:40:04,340 INFO c.h.h.t.HelmChartContainer - [test-hivemq-platform] [hivemq] [66d41060] INFO  - Stopping extension with id hivemq-allow-all-extension
2025-01-29 13:40:04,340 INFO c.h.h.t.HelmChartContainer - [test-hivemq-platform] [hivemq] [66d41060] INFO  - Extension "Allow All Extension" version 1.1.1 stopped successfully.
2025-01-29 13:40:04,347 INFO c.h.h.t.HelmChartContainer - [test-hivemq-platform] [hivemq] [5992604f] INFO  - Cluster nodes found by discovery: [dKKdB|2] (1) [dKKdB].
2025-01-29 13:40:04,352 INFO c.h.h.t.HelmChartContainer - [test-hivemq-platform] [hivemq] [5992604f] INFO  - Cluster size = 1, members : [dKKdB].
2025-01-29 13:40:06,337 INFO c.h.h.t.HelmChartContainer - [test-hivemq-platform] [hivemq] [66d41060] INFO  - [HiveMQ Platform Operator Init App 1.7.0-SNAPSHOT] Returning shutdown Health API response 503 for readiness
2025-01-29 13:40:06,341 INFO c.h.h.t.HelmChartContainer - [EVENT] Warning [Unhealthy] Readiness probe failed: HTTP probe failed with statuscode: 503 [helmcontainersecuritycontextupgradeplatformit:test-hivemq-platform-0]
2025-01-29 13:40:06,341 INFO c.h.h.t.HelmChartContainer - Received Unhealthy event for container hivemq in pod test-hivemq-platform-0 [66d41060-9cb0-45fb-bb9d-f24852e7678f]
2025-01-29 13:40:06,626 INFO c.h.h.t.HelmChartContainer - [test-hivemq-platform] [hivemq] [66d41060] INFO  - Shutdown completed.
2025-01-29 13:40:06,976 INFO c.h.h.t.HelmChartContainer - [test-hivemq-platform] [hivemq] [66d41060] INFO  - [HiveMQ Platform Operator Init App 1.7.0-SNAPSHOT] The HiveMQ Platform exited with code 143
2025-01-29 13:40:06,976 INFO c.h.h.t.HelmChartContainer - [test-hivemq-platform] [hivemq] [66d41060] INFO  - [HiveMQ Platform Operator Init App 1.7.0-SNAPSHOT] Stopping the REST API
2025-01-29 13:40:07,021 INFO c.h.h.t.HelmChartContainer - [test-hivemq-platform] [hivemq] [66d41060] INFO  - [HiveMQ Platform Operator Init App 1.7.0-SNAPSHOT] Shutdown complete
2025-01-29 13:40:07,509 INFO c.h.h.t.HelmChartContainer - [POD] test-hivemq-platform-0 [66d41060-9cb0-45fb-bb9d-f24852e7678f] in helmcontainersecuritycontextupgradeplatformit was MODIFIED
2025-01-29 13:40:07,515 INFO c.h.h.t.HelmChartContainer - [hivemq-test-hivemq-platform] [hivemq-platform-operator] [82c4986f] 13:40:07.512 [pool-6-thread-35] DEBUG c.h.p.o.d.PlatformServiceResource - [helmcont] Desired Platform services (3 services)
2025-01-29 13:40:07,516 INFO c.h.h.t.HelmChartContainer - [hivemq-test-hivemq-platform] [hivemq-platform-operator] [82c4986f] 13:40:07.515 [pool-6-thread-31] DEBUG c.h.p.o.dependants.PodInfoConfigMap - [helmcont] Desired PodInfo ConfigMap (1 extensions) (1 enabled)
2025-01-29 13:40:07,519 INFO c.h.h.t.HelmChartContainer - [hivemq-test-hivemq-platform] [hivemq-platform-operator] [82c4986f] 13:40:07.516 [pool-6-thread-36] DEBUG c.h.p.o.d.PodServiceAccountResource - [helmcont] Desired PodServiceAccountResource (serviceAccountName: hivemq-platform-pod-test-hivemq-platform)
2025-01-29 13:40:07,520 INFO c.h.h.t.HelmChartContainer - [hivemq-test-hivemq-platform] [hivemq-platform-operator] [82c4986f] 13:40:07.515 [pool-6-thread-31] DEBUG c.h.p.o.dependants.PodInfoConfigMap - [helmcont] Desired PodInfo ConfigMap (metrics port: 9399) (metrics path: /)
2025-01-29 13:40:07,520 INFO c.h.h.t.HelmChartContainer - [hivemq-test-hivemq-platform] [hivemq-platform-operator] [82c4986f] 13:40:07.518 [pool-6-thread-31] DEBUG c.h.p.o.dependants.PodInfoConfigMap - [helmcont] Desired PodInfo ConfigMap (extension state hash: -1817474005)
2025-01-29 13:40:07,525 INFO c.h.h.t.HelmChartContainer - [hivemq-test-hivemq-platform] [hivemq-platform-operator] [82c4986f] 13:40:07.524 [pool-6-thread-35] DEBUG c.h.p.o.d.StatefulSetResource - [helmcont] Desired StatefulSet (2 replicas) for status ROLLING_RESTART (RESTART_PODS_IN_PROGRESS)
2025-01-29 13:40:07,529 INFO c.h.h.t.HelmChartContainer - [hivemq-test-hivemq-platform] [hivemq-platform-operator] [82c4986f] 13:40:07.528 [ReconcilerExecutor-hivemq-controller-132] INFO  c.h.p.o.HiveMQPlatformReconciler - [helmcont] Reconciling HiveMQ Platform 'test-hivemq-platform' in namespace 'helmcontainersecuritycontextupgradeplatformit'
2025-01-29 13:40:07,529 INFO c.h.h.t.HelmChartContainer - [hivemq-test-hivemq-platform] [hivemq-platform-operator] [82c4986f] 13:40:07.528 [ReconcilerExecutor-hivemq-controller-132] DEBUG c.h.p.o.HiveMQPlatformReconciler - [helmcont] Custom Resource Status ROLLING_RESTART - HiveMQ Platform is restarting Pods (rolling restart) (RESTART_PODS_IN_PROGRESS)
2025-01-29 13:40:07,529 INFO c.h.h.t.HelmChartContainer - [hivemq-test-hivemq-platform] [hivemq-platform-operator] [82c4986f] 13:40:07.528 [ReconcilerExecutor-hivemq-controller-132] DEBUG c.h.p.o.HiveMQPlatformReconciler - [helmcont] Custom Resource Spec (replicas: 1) (extensions: 1)
2025-01-29 13:40:07,530 INFO c.h.h.t.HelmChartContainer - [hivemq-test-hivemq-platform] [hivemq-platform-operator] [82c4986f] 13:40:07.529 [ReconcilerExecutor-hivemq-controller-132] DEBUG c.h.p.o.HiveMQPlatformReconciler - [helmcont] StatefulSet Status (revision: test-hivemq-platform-579f489c45, replicas: 2, available: 1, ready: 1, current: 0, updated: 1)
2025-01-29 13:40:07,530 INFO c.h.h.t.HelmChartContainer - [hivemq-test-hivemq-platform] [hivemq-platform-operator] [82c4986f] 13:40:07.529 [ReconcilerExecutor-hivemq-controller-132] DEBUG c.h.p.o.HiveMQPlatformReconciler - [helmcont] StatefulSet Spec (replicas: 2, init containers: 1, containers: 1, volumes: 3)
2025-01-29 13:40:07,531 INFO c.h.h.t.HelmChartContainer - [hivemq-test-hivemq-platform] [hivemq-platform-operator] [82c4986f] 13:40:07.530 [ReconcilerExecutor-hivemq-controller-132] DEBUG c.h.p.o.h.HiveMQPlatformReconcilerErrorHandler - [helmcont] Pod 'test-hivemq-platform-1' phase Running
2025-01-29 13:40:07,532 INFO c.h.h.t.HelmChartContainer - [hivemq-test-hivemq-platform] [hivemq-platform-operator] [82c4986f] 13:40:07.531 [ReconcilerExecutor-hivemq-controller-132] DEBUG c.h.p.o.h.HiveMQPlatformReconcilerErrorHandler - [helmcont] Pod 'test-hivemq-platform-0' phase Failed
2025-01-29 13:40:07,534 INFO c.h.h.t.HelmChartContainer - [hivemq-test-hivemq-platform] [hivemq-platform-operator] [82c4986f] 13:40:07.531 [ReconcilerExecutor-hivemq-controller-132] DEBUG c.h.p.o.h.HiveMQPlatformReconcilerErrorHandler - [helmcont] Pod 'test-hivemq-platform-0' condition 'PodReadyToStartContainers': False
2025-01-29 13:40:07,534 INFO c.h.h.t.HelmChartContainer - [hivemq-test-hivemq-platform] [hivemq-platform-operator] [82c4986f] 13:40:07.531 [ReconcilerExecutor-hivemq-controller-132] DEBUG c.h.p.o.h.HiveMQPlatformReconcilerErrorHandler - [helmcont] Pod 'test-hivemq-platform-0' condition 'Initialized': True
2025-01-29 13:40:07,534 INFO c.h.h.t.HelmChartContainer - [hivemq-test-hivemq-platform] [hivemq-platform-operator] [82c4986f] 13:40:07.531 [ReconcilerExecutor-hivemq-controller-132] DEBUG c.h.p.o.h.HiveMQPlatformReconcilerErrorHandler - [helmcont] Pod 'test-hivemq-platform-0' condition 'Ready': False
2025-01-29 13:40:07,534 INFO c.h.h.t.HelmChartContainer - [hivemq-test-hivemq-platform] [hivemq-platform-operator] [82c4986f] 13:40:07.531 [ReconcilerExecutor-hivemq-controller-132] DEBUG c.h.p.o.h.HiveMQPlatformReconcilerErrorHandler - [helmcont] Pod 'test-hivemq-platform-0' condition 'ContainersReady': False
2025-01-29 13:40:07,536 INFO c.h.h.t.HelmChartContainer - [hivemq-test-hivemq-platform] [hivemq-platform-operator] [82c4986f] 13:40:07.531 [ReconcilerExecutor-hivemq-controller-132] DEBUG c.h.p.o.h.HiveMQPlatformReconcilerErrorHandler - [helmcont] Pod 'test-hivemq-platform-0' condition 'PodScheduled': True
2025-01-29 13:40:07,536 INFO c.h.h.t.HelmChartContainer - [hivemq-test-hivemq-platform] [hivemq-platform-operator] [82c4986f] 13:40:07.531 [ReconcilerExecutor-hivemq-controller-132] DEBUG c.h.p.o.h.HiveMQPlatformReconcilerErrorHandler - [helmcont] Pod 'test-hivemq-platform-0' containerStatus 'hivemq' (started: false) (ready: false) (waiting: [Unknown] no message)
2025-01-29 13:40:07,536 INFO c.h.h.t.HelmChartContainer - [hivemq-test-hivemq-platform] [hivemq-platform-operator] [82c4986f] 13:40:07.532 [ReconcilerExecutor-hivemq-controller-132] DEBUG c.h.p.o.h.HiveMQPlatformReconcilerRollingRestartHandler - [helmcont] Rolling restart is waiting for 1 of 2 replicas
2025-01-29 13:40:07,539 INFO c.h.h.t.HelmChartContainer - [hivemq-test-hivemq-platform] [hivemq-platform-operator] [82c4986f] 13:40:07.538 [pool-6-thread-48] DEBUG c.h.p.o.d.PlatformServiceResource - [helmcont] Desired Platform services (3 services)
2025-01-29 13:40:07,541 INFO c.h.h.t.HelmChartContainer - [hivemq-test-hivemq-platform] [hivemq-platform-operator] [82c4986f] 13:40:07.540 [pool-6-thread-42] DEBUG c.h.p.o.dependants.PodInfoConfigMap - [helmcont] Desired PodInfo ConfigMap (1 extensions) (1 enabled)
2025-01-29 13:40:07,541 INFO c.h.h.t.HelmChartContainer - [hivemq-test-hivemq-platform] [hivemq-platform-operator] [82c4986f] 13:40:07.540 [pool-6-thread-42] DEBUG c.h.p.o.dependants.PodInfoConfigMap - [helmcont] Desired PodInfo ConfigMap (metrics port: 9399) (metrics path: /)
2025-01-29 13:40:07,541 INFO c.h.h.t.HelmChartContainer - [hivemq-test-hivemq-platform] [hivemq-platform-operator] [82c4986f] 13:40:07.540 [pool-6-thread-42] DEBUG c.h.p.o.dependants.PodInfoConfigMap - [helmcont] Desired PodInfo ConfigMap (extension state hash: -1817474005)
2025-01-29 13:40:07,542 INFO c.h.h.t.HelmChartContainer - [hivemq-test-hivemq-platform] [hivemq-platform-operator] [82c4986f] 13:40:07.542 [pool-6-thread-41] DEBUG c.h.p.o.d.PodServiceAccountResource - [helmcont] Desired PodServiceAccountResource (serviceAccountName: hivemq-platform-pod-test-hivemq-platform)
2025-01-29 13:40:07,548 INFO c.h.h.t.HelmChartContainer - [hivemq-test-hivemq-platform] [hivemq-platform-operator] [82c4986f] 13:40:07.545 [pool-6-thread-41] DEBUG c.h.p.o.d.StatefulSetResource - [helmcont] Desired StatefulSet (2 replicas) for status ROLLING_RESTART (RESTART_PODS_IN_PROGRESS)
2025-01-29 13:40:07,551 INFO c.h.h.t.HelmChartContainer - [hivemq-test-hivemq-platform] [hivemq-platform-operator] [82c4986f] 13:40:07.549 [ReconcilerExecutor-hivemq-controller-133] INFO  c.h.p.o.HiveMQPlatformReconciler - [helmcont] Reconciling HiveMQ Platform 'test-hivemq-platform' in namespace 'helmcontainersecuritycontextupgradeplatformit'
2025-01-29 13:40:07,552 INFO c.h.h.t.HelmChartContainer - [hivemq-test-hivemq-platform] [hivemq-platform-operator] [82c4986f] 13:40:07.549 [ReconcilerExecutor-hivemq-controller-133] DEBUG c.h.p.o.HiveMQPlatformReconciler - [helmcont] Custom Resource Status ROLLING_RESTART - HiveMQ Platform is restarting Pods (rolling restart) (RESTART_PODS_IN_PROGRESS)
2025-01-29 13:40:07,552 INFO c.h.h.t.HelmChartContainer - [hivemq-test-hivemq-platform] [hivemq-platform-operator] [82c4986f] 13:40:07.549 [ReconcilerExecutor-hivemq-controller-133] DEBUG c.h.p.o.HiveMQPlatformReconciler - [helmcont] Custom Resource Spec (replicas: 1) (extensions: 1)
2025-01-29 13:40:07,554 INFO c.h.h.t.HelmChartContainer - [hivemq-test-hivemq-platform] [hivemq-platform-operator] [82c4986f] 13:40:07.550 [ReconcilerExecutor-hivemq-controller-133] DEBUG c.h.p.o.HiveMQPlatformReconciler - [helmcont] StatefulSet Status (revision: test-hivemq-platform-579f489c45, replicas: 2, available: 1, ready: 1, current: 0, updated: 1)
2025-01-29 13:40:07,554 INFO c.h.h.t.HelmChartContainer - [hivemq-test-hivemq-platform] [hivemq-platform-operator] [82c4986f] 13:40:07.551 [ReconcilerExecutor-hivemq-controller-133] DEBUG c.h.p.o.HiveMQPlatformReconciler - [helmcont] StatefulSet Spec (replicas: 2, init containers: 1, containers: 1, volumes: 3)
2025-01-29 13:40:07,554 INFO c.h.h.t.HelmChartContainer - [hivemq-test-hivemq-platform] [hivemq-platform-operator] [82c4986f] 13:40:07.553 [ReconcilerExecutor-hivemq-controller-133] DEBUG c.h.p.o.h.HiveMQPlatformReconcilerErrorHandler - [helmcont] Pod 'test-hivemq-platform-1' phase Running
2025-01-29 13:40:07,557 INFO c.h.h.t.HelmChartContainer - [hivemq-test-hivemq-platform] [hivemq-platform-operator] [82c4986f] 13:40:07.555 [ReconcilerExecutor-hivemq-controller-133] DEBUG c.h.p.o.h.HiveMQPlatformReconcilerErrorHandler - [helmcont] Pod 'test-hivemq-platform-0' phase Failed
2025-01-29 13:40:07,557 INFO c.h.h.t.HelmChartContainer - [hivemq-test-hivemq-platform] [hivemq-platform-operator] [82c4986f] 13:40:07.555 [ReconcilerExecutor-hivemq-controller-133] DEBUG c.h.p.o.h.HiveMQPlatformReconcilerErrorHandler - [helmcont] Pod 'test-hivemq-platform-0' condition 'PodReadyToStartContainers': False
2025-01-29 13:40:07,557 INFO c.h.h.t.HelmChartContainer - [hivemq-test-hivemq-platform] [hivemq-platform-operator] [82c4986f] 13:40:07.555 [ReconcilerExecutor-hivemq-controller-133] DEBUG c.h.p.o.h.HiveMQPlatformReconcilerErrorHandler - [helmcont] Pod 'test-hivemq-platform-0' condition 'Initialized': True
2025-01-29 13:40:07,557 INFO c.h.h.t.HelmChartContainer - [hivemq-test-hivemq-platform] [hivemq-platform-operator] [82c4986f] 13:40:07.556 [ReconcilerExecutor-hivemq-controller-133] DEBUG c.h.p.o.h.HiveMQPlatformReconcilerErrorHandler - [helmcont] Pod 'test-hivemq-platform-0' condition 'Ready': False
2025-01-29 13:40:07,557 INFO c.h.h.t.HelmChartContainer - [hivemq-test-hivemq-platform] [hivemq-platform-operator] [82c4986f] 13:40:07.556 [ReconcilerExecutor-hivemq-controller-133] DEBUG c.h.p.o.h.HiveMQPlatformReconcilerErrorHandler - [helmcont] Pod 'test-hivemq-platform-0' condition 'ContainersReady': False
2025-01-29 13:40:07,557 INFO c.h.h.t.HelmChartContainer - [hivemq-test-hivemq-platform] [hivemq-platform-operator] [82c4986f] 13:40:07.556 [ReconcilerExecutor-hivemq-controller-133] DEBUG c.h.p.o.h.HiveMQPlatformReconcilerErrorHandler - [helmcont] Pod 'test-hivemq-platform-0' condition 'PodScheduled': True
2025-01-29 13:40:07,557 INFO c.h.h.t.HelmChartContainer - [hivemq-test-hivemq-platform] [hivemq-platform-operator] [82c4986f] 13:40:07.556 [ReconcilerExecutor-hivemq-controller-133] DEBUG c.h.p.o.h.HiveMQPlatformReconcilerErrorHandler - [helmcont] Pod 'test-hivemq-platform-0' containerStatus 'hivemq' (started: false) (ready: false) (waiting: [Unknown] no message)
2025-01-29 13:40:07,578 INFO c.h.h.t.HelmChartContainer - [K3S] [scope.go:117] "RemoveContainer" containerID="ea4b697f93a4615054eca9bc0dc8d479bbc9005308715b7ef11c3ddf7e27ab8c"
2025-01-29 13:40:07,582 INFO c.h.h.t.HelmChartContainer - [K3S] [reconciler_common.go:162] "operationExecutor.UnmountVolume started for volume \"pod-info\" (UniqueName: \"kubernetes.io/configmap/66d41060-9cb0-45fb-bb9d-f24852e7678f-pod-info\") pod \"66d41060-9cb0-45fb-bb9d-f24852e7678f\" (UID: \"66d41060-9cb0-45fb-bb9d-f24852e7678f\") "
2025-01-29 13:40:07,583 INFO c.h.h.t.HelmChartContainer - [K3S] [reconciler_common.go:162] "operationExecutor.UnmountVolume started for volume \"operator-init\" (UniqueName: \"kubernetes.io/empty-dir/66d41060-9cb0-45fb-bb9d-f24852e7678f-operator-init\") pod \"66d41060-9cb0-45fb-bb9d-f24852e7678f\" (UID: \"66d41060-9cb0-45fb-bb9d-f24852e7678f\") "
2025-01-29 13:40:07,583 INFO c.h.h.t.HelmChartContainer - [K3S] [reconciler_common.go:162] "operationExecutor.UnmountVolume started for volume \"broker-configuration\" (UniqueName: \"kubernetes.io/configmap/66d41060-9cb0-45fb-bb9d-f24852e7678f-broker-configuration\") pod \"66d41060-9cb0-45fb-bb9d-f24852e7678f\" (UID: \"66d41060-9cb0-45fb-bb9d-f24852e7678f\") "
2025-01-29 13:40:07,583 INFO c.h.h.t.HelmChartContainer - [K3S] [reconciler_common.go:162] "operationExecutor.UnmountVolume started for volume \"kube-api-access-5v9r6\" (UniqueName: \"kubernetes.io/projected/66d41060-9cb0-45fb-bb9d-f24852e7678f-kube-api-access-5v9r6\") pod \"66d41060-9cb0-45fb-bb9d-f24852e7678f\" (UID: \"66d41060-9cb0-45fb-bb9d-f24852e7678f\") "
2025-01-29 13:40:07,624 INFO c.h.h.t.HelmChartContainer - [hivemq-test-hivemq-platform] [hivemq-platform-operator] [82c4986f] 13:40:07.623 [ReconcilerExecutor-hivemq-controller-133] DEBUG c.h.p.o.h.HiveMQPlatformReconcilerRollingRestartHandler - [helmcont] Rolling restart is waiting for 1 of 2 replicas
2025-01-29 13:40:07,677 INFO c.h.h.t.HelmChartContainer - [K3S] [scope.go:117] "RemoveContainer" containerID="e3517944570a422860d7c66c4737d9b6c8364eb47a29841118c50e0491701451"
2025-01-29 13:40:07,682 INFO c.h.h.t.HelmChartContainer - [K3S] [reconciler_common.go:299] "Volume detached for volume \"pod-info\" (UniqueName: \"kubernetes.io/configmap/66d41060-9cb0-45fb-bb9d-f24852e7678f-pod-info\") on node \"ddd52fe05997\" DevicePath \"\""
2025-01-29 13:40:07,682 INFO c.h.h.t.HelmChartContainer - [K3S] [reconciler_common.go:299] "Volume detached for volume \"operator-init\" (UniqueName: \"kubernetes.io/empty-dir/66d41060-9cb0-45fb-bb9d-f24852e7678f-operator-init\") on node \"ddd52fe05997\" DevicePath \"\""
2025-01-29 13:40:07,682 INFO c.h.h.t.HelmChartContainer - [K3S] [reconciler_common.go:299] "Volume detached for volume \"broker-configuration\" (UniqueName: \"kubernetes.io/configmap/66d41060-9cb0-45fb-bb9d-f24852e7678f-broker-configuration\") on node \"ddd52fe05997\" DevicePath \"\""
2025-01-29 13:40:07,682 INFO c.h.h.t.HelmChartContainer - [K3S] [reconciler_common.go:299] "Volume detached for volume \"kube-api-access-5v9r6\" (UniqueName: \"kubernetes.io/projected/66d41060-9cb0-45fb-bb9d-f24852e7678f-kube-api-access-5v9r6\") on node \"ddd52fe05997\" DevicePath \"\""
2025-01-29 13:40:07,682 INFO c.h.h.t.HelmChartContainer - [K3S] [scope.go:117] "RemoveContainer" containerID="ea4b697f93a4615054eca9bc0dc8d479bbc9005308715b7ef11c3ddf7e27ab8c"
2025-01-29 13:40:07,683 INFO c.h.h.t.HelmChartContainer - [K3S] [scope.go:117] "RemoveContainer" containerID="e3517944570a422860d7c66c4737d9b6c8364eb47a29841118c50e0491701451"
2025-01-29 13:40:07,892 INFO c.h.h.t.HelmChartContainer - [POD] test-hivemq-platform-0 [66d41060-9cb0-45fb-bb9d-f24852e7678f] in helmcontainersecuritycontextupgradeplatformit was MODIFIED
2025-01-29 13:40:07,901 INFO c.h.h.t.HelmChartContainer - [POD] test-hivemq-platform-0 [66d41060-9cb0-45fb-bb9d-f24852e7678f] in helmcontainersecuritycontextupgradeplatformit was DELETED
2025-01-29 13:40:07,909 INFO c.h.h.t.HelmChartContainer - [hivemq-test-hivemq-platform] [hivemq-platform-operator] [82c4986f] 13:40:07.905 [pool-6-thread-9] DEBUG c.h.p.o.d.PlatformServiceResource - [helmcont] Desired Platform services (3 services)
2025-01-29 13:40:07,910 INFO c.h.h.t.HelmChartContainer - [hivemq-test-hivemq-platform] [hivemq-platform-operator] [82c4986f] 13:40:07.908 [pool-6-thread-8] DEBUG c.h.p.o.dependants.PodInfoConfigMap - [helmcont] Desired PodInfo ConfigMap (1 extensions) (1 enabled)
2025-01-29 13:40:07,910 INFO c.h.h.t.HelmChartContainer - [hivemq-test-hivemq-platform] [hivemq-platform-operator] [82c4986f] 13:40:07.908 [pool-6-thread-8] DEBUG c.h.p.o.dependants.PodInfoConfigMap - [helmcont] Desired PodInfo ConfigMap (metrics port: 9399) (metrics path: /)
2025-01-29 13:40:07,910 INFO c.h.h.t.HelmChartContainer - [hivemq-test-hivemq-platform] [hivemq-platform-operator] [82c4986f] 13:40:07.908 [pool-6-thread-8] DEBUG c.h.p.o.dependants.PodInfoConfigMap - [helmcont] Desired PodInfo ConfigMap (extension state hash: -1817474005)
2025-01-29 13:40:07,910 INFO c.h.h.t.HelmChartContainer - [hivemq-test-hivemq-platform] [hivemq-platform-operator] [82c4986f] 13:40:07.909 [pool-6-thread-4] DEBUG c.h.p.o.d.PodServiceAccountResource - [helmcont] Desired PodServiceAccountResource (serviceAccountName: hivemq-platform-pod-test-hivemq-platform)
2025-01-29 13:40:07,936 INFO c.h.h.t.HelmChartContainer - [hivemq-test-hivemq-platform] [hivemq-platform-operator] [82c4986f] 13:40:07.917 [pool-6-thread-9] DEBUG c.h.p.o.d.StatefulSetResource - [helmcont] Desired StatefulSet (2 replicas) for status ROLLING_RESTART (RESTART_PODS_IN_PROGRESS)
2025-01-29 13:40:07,940 INFO c.h.h.t.HelmChartContainer - [POD] test-hivemq-platform-0 [6326137b-7258-4171-aa8e-6be01342c736] in helmcontainersecuritycontextupgradeplatformit was ADDED
2025-01-29 13:40:07,941 INFO c.h.h.t.HelmChartContainer - [hivemq-test-hivemq-platform] [hivemq-platform-operator] [82c4986f] 13:40:07.929 [ReconcilerExecutor-hivemq-controller-134] INFO  c.h.p.o.HiveMQPlatformReconciler - [helmcont] Reconciling HiveMQ Platform 'test-hivemq-platform' in namespace 'helmcontainersecuritycontextupgradeplatformit'
2025-01-29 13:40:07,941 INFO c.h.h.t.HelmChartContainer - [hivemq-test-hivemq-platform] [hivemq-platform-operator] [82c4986f] 13:40:07.929 [ReconcilerExecutor-hivemq-controller-134] DEBUG c.h.p.o.HiveMQPlatformReconciler - [helmcont] Custom Resource Status ROLLING_RESTART - HiveMQ Platform is restarting Pods (rolling restart) (RESTART_PODS_IN_PROGRESS)
2025-01-29 13:40:07,941 INFO c.h.h.t.HelmChartContainer - [hivemq-test-hivemq-platform] [hivemq-platform-operator] [82c4986f] 13:40:07.929 [ReconcilerExecutor-hivemq-controller-134] DEBUG c.h.p.o.HiveMQPlatformReconciler - [helmcont] Custom Resource Spec (replicas: 1) (extensions: 1)
2025-01-29 13:40:07,941 INFO c.h.h.t.HelmChartContainer - [hivemq-test-hivemq-platform] [hivemq-platform-operator] [82c4986f] 13:40:07.933 [ReconcilerExecutor-hivemq-controller-134] DEBUG c.h.p.o.HiveMQPlatformReconciler - [helmcont] StatefulSet Status (revision: test-hivemq-platform-579f489c45, replicas: 2, available: 1, ready: 1, current: 0, updated: 1)
2025-01-29 13:40:07,941 INFO c.h.h.t.HelmChartContainer - [hivemq-test-hivemq-platform] [hivemq-platform-operator] [82c4986f] 13:40:07.933 [ReconcilerExecutor-hivemq-controller-134] DEBUG c.h.p.o.HiveMQPlatformReconciler - [helmcont] StatefulSet Spec (replicas: 2, init containers: 1, containers: 1, volumes: 3)
2025-01-29 13:40:07,943 INFO c.h.h.t.HelmChartContainer - [K3S] [memory_manager.go:355] "RemoveStaleState removing state" podUID="66d41060-9cb0-45fb-bb9d-f24852e7678f" containerName="hivemq"
2025-01-29 13:40:07,949 INFO c.h.h.t.HelmChartContainer - [EVENT] Normal [SuccessfulCreate] create Pod test-hivemq-platform-0 in StatefulSet test-hivemq-platform successful [helmcontainersecuritycontextupgradeplatformit:test-hivemq-platform]
2025-01-29 13:40:07,951 INFO c.h.h.t.HelmChartContainer - [POD] test-hivemq-platform-0 [6326137b-7258-4171-aa8e-6be01342c736] in helmcontainersecuritycontextupgradeplatformit was MODIFIED
2025-01-29 13:40:07,951 INFO c.h.h.t.HelmChartContainer - [hivemq-test-hivemq-platform] [hivemq-platform-operator] [82c4986f] 13:40:07.936 [ReconcilerExecutor-hivemq-controller-134] DEBUG c.h.p.o.h.HiveMQPlatformReconcilerErrorHandler - [helmcont] Pod 'test-hivemq-platform-1' phase Running
2025-01-29 13:40:07,954 INFO c.h.h.t.HelmChartContainer - [EVENT] Normal [Scheduled] Successfully assigned helmcontainersecuritycontextupgradeplatformit/test-hivemq-platform-0 to ddd52fe05997 [helmcontainersecuritycontextupgradeplatformit:test-hivemq-platform-0]
2025-01-29 13:40:07,954 INFO c.h.h.t.HelmChartContainer - [hivemq-test-hivemq-platform] [hivemq-platform-operator] [82c4986f] 13:40:07.937 [ReconcilerExecutor-hivemq-controller-134] DEBUG c.h.p.o.h.HiveMQPlatformReconcilerErrorHandler - [helmcont] Pod 'test-hivemq-platform-0' phase Pending
2025-01-29 13:40:07,954 INFO c.h.h.t.HelmChartContainer - [hivemq-test-hivemq-platform] [hivemq-platform-operator] [82c4986f] 13:40:07.938 [ReconcilerExecutor-hivemq-controller-134] DEBUG c.h.p.o.h.HiveMQPlatformReconcilerRollingRestartHandler - [helmcont] Rolling restart is waiting for 1 of 2 replicas
2025-01-29 13:40:07,969 INFO c.h.h.t.HelmChartContainer - [POD] test-hivemq-platform-0 [6326137b-7258-4171-aa8e-6be01342c736] in helmcontainersecuritycontextupgradeplatformit was MODIFIED
2025-01-29 13:40:07,984 INFO c.h.h.t.HelmChartContainer - [K3S] [reconciler_common.go:251] "operationExecutor.VerifyControllerAttachedVolume started for volume \"operator-init\" (UniqueName: \"kubernetes.io/empty-dir/6326137b-7258-4171-aa8e-6be01342c736-operator-init\") pod \"test-hivemq-platform-0\" (UID: \"6326137b-7258-4171-aa8e-6be01342c736\") " pod="helmcontainersecuritycontextupgradeplatformit/test-hivemq-platform-0"
2025-01-29 13:40:07,984 INFO c.h.h.t.HelmChartContainer - [K3S] [reconciler_common.go:251] "operationExecutor.VerifyControllerAttachedVolume started for volume \"kube-api-access-5qb5l\" (UniqueName: \"kubernetes.io/projected/6326137b-7258-4171-aa8e-6be01342c736-kube-api-access-5qb5l\") pod \"test-hivemq-platform-0\" (UID: \"6326137b-7258-4171-aa8e-6be01342c736\") " pod="helmcontainersecuritycontextupgradeplatformit/test-hivemq-platform-0"
2025-01-29 13:40:07,984 INFO c.h.h.t.HelmChartContainer - [K3S] [reconciler_common.go:251] "operationExecutor.VerifyControllerAttachedVolume started for volume \"pod-info\" (UniqueName: \"kubernetes.io/configmap/6326137b-7258-4171-aa8e-6be01342c736-pod-info\") pod \"test-hivemq-platform-0\" (UID: \"6326137b-7258-4171-aa8e-6be01342c736\") " pod="helmcontainersecuritycontextupgradeplatformit/test-hivemq-platform-0"
2025-01-29 13:40:07,984 INFO c.h.h.t.HelmChartContainer - [K3S] [reconciler_common.go:251] "operationExecutor.VerifyControllerAttachedVolume started for volume \"broker-configuration\" (UniqueName: \"kubernetes.io/configmap/6326137b-7258-4171-aa8e-6be01342c736-broker-configuration\") pod \"test-hivemq-platform-0\" (UID: \"6326137b-7258-4171-aa8e-6be01342c736\") " pod="helmcontainersecuritycontextupgradeplatformit/test-hivemq-platform-0"
2025-01-29 13:40:08,025 INFO c.h.h.t.HelmChartContainer - [hivemq-test-hivemq-platform] [hivemq-platform-operator] [82c4986f] 13:40:08.023 [pool-6-thread-20] DEBUG c.h.p.o.d.PlatformServiceResource - [helmcont] Desired Platform services (3 services)
2025-01-29 13:40:08,026 INFO c.h.h.t.HelmChartContainer - [hivemq-test-hivemq-platform] [hivemq-platform-operator] [82c4986f] 13:40:08.023 [pool-6-thread-13] DEBUG c.h.p.o.d.PodServiceAccountResource - [helmcont] Desired PodServiceAccountResource (serviceAccountName: hivemq-platform-pod-test-hivemq-platform)
2025-01-29 13:40:08,026 INFO c.h.h.t.HelmChartContainer - [hivemq-test-hivemq-platform] [hivemq-platform-operator] [82c4986f] 13:40:08.023 [pool-6-thread-18] DEBUG c.h.p.o.dependants.PodInfoConfigMap - [helmcont] Desired PodInfo ConfigMap (1 extensions) (1 enabled)
2025-01-29 13:40:08,026 INFO c.h.h.t.HelmChartContainer - [hivemq-test-hivemq-platform] [hivemq-platform-operator] [82c4986f] 13:40:08.023 [pool-6-thread-18] DEBUG c.h.p.o.dependants.PodInfoConfigMap - [helmcont] Desired PodInfo ConfigMap (metrics port: 9399) (metrics path: /)
2025-01-29 13:40:08,026 INFO c.h.h.t.HelmChartContainer - [hivemq-test-hivemq-platform] [hivemq-platform-operator] [82c4986f] 13:40:08.023 [pool-6-thread-18] DEBUG c.h.p.o.dependants.PodInfoConfigMap - [helmcont] Desired PodInfo ConfigMap (extension state hash: -1817474005)
2025-01-29 13:40:08,028 INFO c.h.h.t.HelmChartContainer - [hivemq-test-hivemq-platform] [hivemq-platform-operator] [82c4986f] 13:40:08.028 [pool-6-thread-15] DEBUG c.h.p.o.d.StatefulSetResource - [helmcont] Desired StatefulSet (2 replicas) for status ROLLING_RESTART (RESTART_PODS_IN_PROGRESS)
2025-01-29 13:40:08,032 INFO c.h.h.t.HelmChartContainer - [hivemq-test-hivemq-platform] [hivemq-platform-operator] [82c4986f] 13:40:08.030 [ReconcilerExecutor-hivemq-controller-135] INFO  c.h.p.o.HiveMQPlatformReconciler - [helmcont] Reconciling HiveMQ Platform 'test-hivemq-platform' in namespace 'helmcontainersecuritycontextupgradeplatformit'
2025-01-29 13:40:08,032 INFO c.h.h.t.HelmChartContainer - [hivemq-test-hivemq-platform] [hivemq-platform-operator] [82c4986f] 13:40:08.030 [ReconcilerExecutor-hivemq-controller-135] DEBUG c.h.p.o.HiveMQPlatformReconciler - [helmcont] Custom Resource Status ROLLING_RESTART - HiveMQ Platform is restarting Pods (rolling restart) (RESTART_PODS_IN_PROGRESS)
2025-01-29 13:40:08,032 INFO c.h.h.t.HelmChartContainer - [hivemq-test-hivemq-platform] [hivemq-platform-operator] [82c4986f] 13:40:08.030 [ReconcilerExecutor-hivemq-controller-135] DEBUG c.h.p.o.HiveMQPlatformReconciler - [helmcont] Custom Resource Spec (replicas: 1) (extensions: 1)
2025-01-29 13:40:08,032 INFO c.h.h.t.HelmChartContainer - [hivemq-test-hivemq-platform] [hivemq-platform-operator] [82c4986f] 13:40:08.031 [ReconcilerExecutor-hivemq-controller-135] DEBUG c.h.p.o.HiveMQPlatformReconciler - [helmcont] StatefulSet Status (revision: test-hivemq-platform-579f489c45, replicas: 2, available: 1, ready: 1, current: 0, updated: 2)
2025-01-29 13:40:08,032 INFO c.h.h.t.HelmChartContainer - [hivemq-test-hivemq-platform] [hivemq-platform-operator] [82c4986f] 13:40:08.031 [ReconcilerExecutor-hivemq-controller-135] DEBUG c.h.p.o.HiveMQPlatformReconciler - [helmcont] StatefulSet Spec (replicas: 2, init containers: 1, containers: 1, volumes: 3)
2025-01-29 13:40:08,034 INFO c.h.h.t.HelmChartContainer - [hivemq-test-hivemq-platform] [hivemq-platform-operator] [82c4986f] 13:40:08.032 [ReconcilerExecutor-hivemq-controller-135] DEBUG c.h.p.o.h.HiveMQPlatformReconcilerErrorHandler - [helmcont] Pod 'test-hivemq-platform-1' phase Running
2025-01-29 13:40:08,035 INFO c.h.h.t.HelmChartContainer - [hivemq-test-hivemq-platform] [hivemq-platform-operator] [82c4986f] 13:40:08.033 [ReconcilerExecutor-hivemq-controller-135] DEBUG c.h.p.o.h.HiveMQPlatformReconcilerErrorHandler - [helmcont] Pod 'test-hivemq-platform-0' phase Pending
2025-01-29 13:40:08,035 INFO c.h.h.t.HelmChartContainer - [hivemq-test-hivemq-platform] [hivemq-platform-operator] [82c4986f] 13:40:08.033 [ReconcilerExecutor-hivemq-controller-135] DEBUG c.h.p.o.h.HiveMQPlatformReconcilerErrorHandler - [helmcont] Pod 'test-hivemq-platform-0' condition 'PodReadyToStartContainers': False
2025-01-29 13:40:08,037 INFO c.h.h.t.HelmChartContainer - [hivemq-test-hivemq-platform] [hivemq-platform-operator] [82c4986f] 13:40:08.033 [ReconcilerExecutor-hivemq-controller-135] DEBUG c.h.p.o.h.HiveMQPlatformReconcilerErrorHandler - [helmcont] Pod 'test-hivemq-platform-0' condition 'Initialized': False
2025-01-29 13:40:08,037 INFO c.h.h.t.HelmChartContainer - [hivemq-test-hivemq-platform] [hivemq-platform-operator] [82c4986f] 13:40:08.033 [ReconcilerExecutor-hivemq-controller-135] DEBUG c.h.p.o.h.HiveMQPlatformReconcilerErrorHandler - [helmcont] Pod 'test-hivemq-platform-0' condition 'Ready': False
2025-01-29 13:40:08,037 INFO c.h.h.t.HelmChartContainer - [hivemq-test-hivemq-platform] [hivemq-platform-operator] [82c4986f] 13:40:08.034 [ReconcilerExecutor-hivemq-controller-135] DEBUG c.h.p.o.h.HiveMQPlatformReconcilerErrorHandler - [helmcont] Pod 'test-hivemq-platform-0' condition 'ContainersReady': False
2025-01-29 13:40:08,037 INFO c.h.h.t.HelmChartContainer - [hivemq-test-hivemq-platform] [hivemq-platform-operator] [82c4986f] 13:40:08.034 [ReconcilerExecutor-hivemq-controller-135] DEBUG c.h.p.o.h.HiveMQPlatformReconcilerErrorHandler - [helmcont] Pod 'test-hivemq-platform-0' condition 'PodScheduled': True
2025-01-29 13:40:08,037 INFO c.h.h.t.HelmChartContainer - [hivemq-test-hivemq-platform] [hivemq-platform-operator] [82c4986f] 13:40:08.034 [ReconcilerExecutor-hivemq-controller-135] DEBUG c.h.p.o.h.HiveMQPlatformReconcilerErrorHandler - [helmcont] Pod 'test-hivemq-platform-0' containerStatus 'hivemq' (started: false) (ready: false) (waiting: [PodInitializing] null)
2025-01-29 13:40:08,037 INFO c.h.h.t.HelmChartContainer - [hivemq-test-hivemq-platform] [hivemq-platform-operator] [82c4986f] 13:40:08.034 [ReconcilerExecutor-hivemq-controller-135] DEBUG c.h.p.o.h.HiveMQPlatformReconcilerRollingRestartHandler - [helmcont] Rolling restart is waiting for 1 of 2 replicas
2025-01-29 13:40:08,042 INFO c.h.h.t.HelmChartContainer - [hivemq-test-hivemq-platform] [hivemq-platform-operator] [82c4986f] 13:40:08.040 [pool-6-thread-23] DEBUG c.h.p.o.d.PlatformServiceResource - [helmcont] Desired Platform services (3 services)
2025-01-29 13:40:08,042 INFO c.h.h.t.HelmChartContainer - [hivemq-test-hivemq-platform] [hivemq-platform-operator] [82c4986f] 13:40:08.041 [pool-6-thread-29] DEBUG c.h.p.o.dependants.PodInfoConfigMap - [helmcont] Desired PodInfo ConfigMap (1 extensions) (1 enabled)
2025-01-29 13:40:08,043 INFO c.h.h.t.HelmChartContainer - [hivemq-test-hivemq-platform] [hivemq-platform-operator] [82c4986f] 13:40:08.041 [pool-6-thread-29] DEBUG c.h.p.o.dependants.PodInfoConfigMap - [helmcont] Desired PodInfo ConfigMap (metrics port: 9399) (metrics path: /)
2025-01-29 13:40:08,043 INFO c.h.h.t.HelmChartContainer - [hivemq-test-hivemq-platform] [hivemq-platform-operator] [82c4986f] 13:40:08.041 [pool-6-thread-29] DEBUG c.h.p.o.dependants.PodInfoConfigMap - [helmcont] Desired PodInfo ConfigMap (extension state hash: -1817474005)
2025-01-29 13:40:08,044 INFO c.h.h.t.HelmChartContainer - [hivemq-test-hivemq-platform] [hivemq-platform-operator] [82c4986f] 13:40:08.043 [pool-6-thread-29] DEBUG c.h.p.o.d.PodServiceAccountResource - [helmcont] Desired PodServiceAccountResource (serviceAccountName: hivemq-platform-pod-test-hivemq-platform)
2025-01-29 13:40:08,126 INFO c.h.h.t.HelmChartContainer - [hivemq-test-hivemq-platform] [hivemq-platform-operator] [82c4986f] 13:40:08.124 [pool-6-thread-25] DEBUG c.h.p.o.d.StatefulSetResource - [helmcont] Desired StatefulSet (2 replicas) for status ROLLING_RESTART (RESTART_PODS_IN_PROGRESS)
2025-01-29 13:40:08,130 INFO c.h.h.t.HelmChartContainer - [hivemq-test-hivemq-platform] [hivemq-platform-operator] [82c4986f] 13:40:08.128 [ReconcilerExecutor-hivemq-controller-138] INFO  c.h.p.o.HiveMQPlatformReconciler - [helmcont] Reconciling HiveMQ Platform 'test-hivemq-platform' in namespace 'helmcontainersecuritycontextupgradeplatformit'
2025-01-29 13:40:08,131 INFO c.h.h.t.HelmChartContainer - [hivemq-test-hivemq-platform] [hivemq-platform-operator] [82c4986f] 13:40:08.128 [ReconcilerExecutor-hivemq-controller-138] DEBUG c.h.p.o.HiveMQPlatformReconciler - [helmcont] Custom Resource Status ROLLING_RESTART - HiveMQ Platform is restarting Pods (rolling restart) (RESTART_PODS_IN_PROGRESS)
2025-01-29 13:40:08,131 INFO c.h.h.t.HelmChartContainer - [hivemq-test-hivemq-platform] [hivemq-platform-operator] [82c4986f] 13:40:08.128 [ReconcilerExecutor-hivemq-controller-138] DEBUG c.h.p.o.HiveMQPlatformReconciler - [helmcont] Custom Resource Spec (replicas: 1) (extensions: 1)
2025-01-29 13:40:08,131 INFO c.h.h.t.HelmChartContainer - [hivemq-test-hivemq-platform] [hivemq-platform-operator] [82c4986f] 13:40:08.130 [ReconcilerExecutor-hivemq-controller-138] DEBUG c.h.p.o.HiveMQPlatformReconciler - [helmcont] StatefulSet Status (revision: test-hivemq-platform-579f489c45, replicas: 2, available: 1, ready: 1, current: 0, updated: 2)
2025-01-29 13:40:08,131 INFO c.h.h.t.HelmChartContainer - [hivemq-test-hivemq-platform] [hivemq-platform-operator] [82c4986f] 13:40:08.130 [ReconcilerExecutor-hivemq-controller-138] DEBUG c.h.p.o.HiveMQPlatformReconciler - [helmcont] StatefulSet Spec (replicas: 2, init containers: 1, containers: 1, volumes: 3)
2025-01-29 13:40:08,133 INFO c.h.h.t.HelmChartContainer - [hivemq-test-hivemq-platform] [hivemq-platform-operator] [82c4986f] 13:40:08.133 [ReconcilerExecutor-hivemq-controller-138] DEBUG c.h.p.o.h.HiveMQPlatformReconcilerErrorHandler - [helmcont] Pod 'test-hivemq-platform-1' phase Running
2025-01-29 13:40:08,135 INFO c.h.h.t.HelmChartContainer - [hivemq-test-hivemq-platform] [hivemq-platform-operator] [82c4986f] 13:40:08.134 [ReconcilerExecutor-hivemq-controller-138] DEBUG c.h.p.o.h.HiveMQPlatformReconcilerErrorHandler - [helmcont] Pod 'test-hivemq-platform-0' phase Pending
2025-01-29 13:40:08,135 INFO c.h.h.t.HelmChartContainer - [hivemq-test-hivemq-platform] [hivemq-platform-operator] [82c4986f] 13:40:08.134 [ReconcilerExecutor-hivemq-controller-138] DEBUG c.h.p.o.h.HiveMQPlatformReconcilerErrorHandler - [helmcont] Pod 'test-hivemq-platform-0' condition 'PodReadyToStartContainers': False
2025-01-29 13:40:08,135 INFO c.h.h.t.HelmChartContainer - [hivemq-test-hivemq-platform] [hivemq-platform-operator] [82c4986f] 13:40:08.134 [ReconcilerExecutor-hivemq-controller-138] DEBUG c.h.p.o.h.HiveMQPlatformReconcilerErrorHandler - [helmcont] Pod 'test-hivemq-platform-0' condition 'Initialized': False
2025-01-29 13:40:08,136 INFO c.h.h.t.HelmChartContainer - [hivemq-test-hivemq-platform] [hivemq-platform-operator] [82c4986f] 13:40:08.134 [ReconcilerExecutor-hivemq-controller-138] DEBUG c.h.p.o.h.HiveMQPlatformReconcilerErrorHandler - [helmcont] Pod 'test-hivemq-platform-0' condition 'Ready': False
2025-01-29 13:40:08,136 INFO c.h.h.t.HelmChartContainer - [hivemq-test-hivemq-platform] [hivemq-platform-operator] [82c4986f] 13:40:08.134 [ReconcilerExecutor-hivemq-controller-138] DEBUG c.h.p.o.h.HiveMQPlatformReconcilerErrorHandler - [helmcont] Pod 'test-hivemq-platform-0' condition 'ContainersReady': False
2025-01-29 13:40:08,136 INFO c.h.h.t.HelmChartContainer - [hivemq-test-hivemq-platform] [hivemq-platform-operator] [82c4986f] 13:40:08.134 [ReconcilerExecutor-hivemq-controller-138] DEBUG c.h.p.o.h.HiveMQPlatformReconcilerErrorHandler - [helmcont] Pod 'test-hivemq-platform-0' condition 'PodScheduled': True
2025-01-29 13:40:08,136 INFO c.h.h.t.HelmChartContainer - [hivemq-test-hivemq-platform] [hivemq-platform-operator] [82c4986f] 13:40:08.134 [ReconcilerExecutor-hivemq-controller-138] DEBUG c.h.p.o.h.HiveMQPlatformReconcilerErrorHandler - [helmcont] Pod 'test-hivemq-platform-0' containerStatus 'hivemq' (started: false) (ready: false) (waiting: [PodInitializing] null)
2025-01-29 13:40:08,136 INFO c.h.h.t.HelmChartContainer - [hivemq-test-hivemq-platform] [hivemq-platform-operator] [82c4986f] 13:40:08.134 [ReconcilerExecutor-hivemq-controller-138] DEBUG c.h.p.o.h.HiveMQPlatformReconcilerRollingRestartHandler - [helmcont] Rolling restart is waiting for 1 of 2 replicas
2025-01-29 13:40:08,363 INFO c.h.h.t.HelmChartContainer - [EVENT] Normal [Pulled] Container image "docker.io/hivemq/hivemq-platform-operator-init-test:snapshot" already present on machine [helmcontainersecuritycontextupgradeplatformit:test-hivemq-platform-0]
2025-01-29 13:40:08,366 INFO c.h.h.t.HelmChartContainer - [EVENT] Normal [Created] Created container: hivemq-platform-operator-init [helmcontainersecuritycontextupgradeplatformit:test-hivemq-platform-0]
2025-01-29 13:40:08,412 INFO c.h.h.t.HelmChartContainer - [EVENT] Normal [Started] Started container hivemq-platform-operator-init [helmcontainersecuritycontextupgradeplatformit:test-hivemq-platform-0]
2025-01-29 13:40:08,597 INFO c.h.h.t.HelmChartContainer - [POD] test-hivemq-platform-0 [6326137b-7258-4171-aa8e-6be01342c736] in helmcontainersecuritycontextupgradeplatformit was MODIFIED
2025-01-29 13:40:08,599 INFO c.h.h.t.HelmChartContainer - [hivemq-test-hivemq-platform] [hivemq-platform-operator] [82c4986f] 13:40:08.596 [pool-6-thread-40] DEBUG c.h.p.o.d.PlatformServiceResource - [helmcont] Desired Platform services (3 services)
2025-01-29 13:40:08,611 INFO c.h.h.t.HelmChartContainer - [hivemq-test-hivemq-platform] [hivemq-platform-operator] [82c4986f] 13:40:08.601 [pool-6-thread-31] DEBUG c.h.p.o.dependants.PodInfoConfigMap - [helmcont] Desired PodInfo ConfigMap (1 extensions) (1 enabled)
2025-01-29 13:40:08,611 INFO c.h.h.t.HelmChartContainer - [hivemq-test-hivemq-platform] [hivemq-platform-operator] [82c4986f] 13:40:08.601 [pool-6-thread-31] DEBUG c.h.p.o.dependants.PodInfoConfigMap - [helmcont] Desired PodInfo ConfigMap (metrics port: 9399) (metrics path: /)
2025-01-29 13:40:08,611 INFO c.h.h.t.HelmChartContainer - [hivemq-test-hivemq-platform] [hivemq-platform-operator] [82c4986f] 13:40:08.601 [pool-6-thread-31] DEBUG c.h.p.o.dependants.PodInfoConfigMap - [helmcont] Desired PodInfo ConfigMap (extension state hash: -1817474005)
2025-01-29 13:40:08,611 INFO c.h.h.t.HelmChartContainer - [hivemq-test-hivemq-platform] [hivemq-platform-operator] [82c4986f] 13:40:08.604 [pool-6-thread-36] DEBUG c.h.p.o.d.PodServiceAccountResource - [helmcont] Desired PodServiceAccountResource (serviceAccountName: hivemq-platform-pod-test-hivemq-platform)
2025-01-29 13:40:08,619 INFO c.h.h.t.HelmChartContainer - [hivemq-test-hivemq-platform] [hivemq-platform-operator] [82c4986f] 13:40:08.610 [pool-6-thread-40] DEBUG c.h.p.o.d.StatefulSetResource - [helmcont] Desired StatefulSet (2 replicas) for status ROLLING_RESTART (RESTART_PODS_IN_PROGRESS)
2025-01-29 13:40:08,622 INFO c.h.h.t.HelmChartContainer - [hivemq-test-hivemq-platform] [hivemq-platform-operator] [82c4986f] 13:40:08.618 [ReconcilerExecutor-hivemq-controller-139] INFO  c.h.p.o.HiveMQPlatformReconciler - [helmcont] Reconciling HiveMQ Platform 'test-hivemq-platform' in namespace 'helmcontainersecuritycontextupgradeplatformit'
2025-01-29 13:40:08,627 INFO c.h.h.t.HelmChartContainer - [hivemq-test-hivemq-platform] [hivemq-platform-operator] [82c4986f] 13:40:08.620 [ReconcilerExecutor-hivemq-controller-139] DEBUG c.h.p.o.HiveMQPlatformReconciler - [helmcont] Custom Resource Status ROLLING_RESTART - HiveMQ Platform is restarting Pods (rolling restart) (RESTART_PODS_IN_PROGRESS)
2025-01-29 13:40:08,627 INFO c.h.h.t.HelmChartContainer - [hivemq-test-hivemq-platform] [hivemq-platform-operator] [82c4986f] 13:40:08.620 [ReconcilerExecutor-hivemq-controller-139] DEBUG c.h.p.o.HiveMQPlatformReconciler - [helmcont] Custom Resource Spec (replicas: 1) (extensions: 1)
2025-01-29 13:40:08,627 INFO c.h.h.t.HelmChartContainer - [hivemq-test-hivemq-platform] [hivemq-platform-operator] [82c4986f] 13:40:08.622 [ReconcilerExecutor-hivemq-controller-139] DEBUG c.h.p.o.HiveMQPlatformReconciler - [helmcont] StatefulSet Status (revision: test-hivemq-platform-579f489c45, replicas: 2, available: 1, ready: 1, current: 0, updated: 2)
2025-01-29 13:40:08,627 INFO c.h.h.t.HelmChartContainer - [hivemq-test-hivemq-platform] [hivemq-platform-operator] [82c4986f] 13:40:08.623 [ReconcilerExecutor-hivemq-controller-139] DEBUG c.h.p.o.HiveMQPlatformReconciler - [helmcont] StatefulSet Spec (replicas: 2, init containers: 1, containers: 1, volumes: 3)
2025-01-29 13:40:08,627 INFO c.h.h.t.HelmChartContainer - [hivemq-test-hivemq-platform] [hivemq-platform-operator] [82c4986f] 13:40:08.625 [ReconcilerExecutor-hivemq-controller-139] DEBUG c.h.p.o.h.HiveMQPlatformReconcilerErrorHandler - [helmcont] Pod 'test-hivemq-platform-1' phase Running
2025-01-29 13:40:08,632 INFO c.h.h.t.HelmChartContainer - [hivemq-test-hivemq-platform] [hivemq-platform-operator] [82c4986f] 13:40:08.631 [ReconcilerExecutor-hivemq-controller-139] DEBUG c.h.p.o.h.HiveMQPlatformReconcilerErrorHandler - [helmcont] Pod 'test-hivemq-platform-0' phase Pending
2025-01-29 13:40:08,635 INFO c.h.h.t.HelmChartContainer - [hivemq-test-hivemq-platform] [hivemq-platform-operator] [82c4986f] 13:40:08.631 [ReconcilerExecutor-hivemq-controller-139] DEBUG c.h.p.o.h.HiveMQPlatformReconcilerErrorHandler - [helmcont] Pod 'test-hivemq-platform-0' condition 'PodReadyToStartContainers': True
2025-01-29 13:40:08,635 INFO c.h.h.t.HelmChartContainer - [hivemq-test-hivemq-platform] [hivemq-platform-operator] [82c4986f] 13:40:08.632 [ReconcilerExecutor-hivemq-controller-139] DEBUG c.h.p.o.h.HiveMQPlatformReconcilerErrorHandler - [helmcont] Pod 'test-hivemq-platform-0' condition 'Initialized': False
2025-01-29 13:40:08,635 INFO c.h.h.t.HelmChartContainer - [hivemq-test-hivemq-platform] [hivemq-platform-operator] [82c4986f] 13:40:08.632 [ReconcilerExecutor-hivemq-controller-139] DEBUG c.h.p.o.h.HiveMQPlatformReconcilerErrorHandler - [helmcont] Pod 'test-hivemq-platform-0' condition 'Ready': False
2025-01-29 13:40:08,635 INFO c.h.h.t.HelmChartContainer - [hivemq-test-hivemq-platform] [hivemq-platform-operator] [82c4986f] 13:40:08.632 [ReconcilerExecutor-hivemq-controller-139] DEBUG c.h.p.o.h.HiveMQPlatformReconcilerErrorHandler - [helmcont] Pod 'test-hivemq-platform-0' condition 'ContainersReady': False
2025-01-29 13:40:08,635 INFO c.h.h.t.HelmChartContainer - [hivemq-test-hivemq-platform] [hivemq-platform-operator] [82c4986f] 13:40:08.632 [ReconcilerExecutor-hivemq-controller-139] DEBUG c.h.p.o.h.HiveMQPlatformReconcilerErrorHandler - [helmcont] Pod 'test-hivemq-platform-0' condition 'PodScheduled': True
2025-01-29 13:40:08,635 INFO c.h.h.t.HelmChartContainer - [hivemq-test-hivemq-platform] [hivemq-platform-operator] [82c4986f] 13:40:08.632 [ReconcilerExecutor-hivemq-controller-139] DEBUG c.h.p.o.h.HiveMQPlatformReconcilerErrorHandler - [helmcont] Pod 'test-hivemq-platform-0' containerStatus 'hivemq' (started: false) (ready: false) (waiting: [PodInitializing] null)
2025-01-29 13:40:08,636 INFO c.h.h.t.HelmChartContainer - [hivemq-test-hivemq-platform] [hivemq-platform-operator] [82c4986f] 13:40:08.634 [ReconcilerExecutor-hivemq-controller-139] DEBUG c.h.p.o.h.HiveMQPlatformReconcilerRollingRestartHandler - [helmcont] Rolling restart is waiting for 1 of 2 replicas
2025-01-29 13:40:09,290 INFO c.h.h.t.HelmChartContainer - [K3S] [kubelet_volumes.go:163] "Cleaned up orphaned pod volumes dir" podUID="66d41060-9cb0-45fb-bb9d-f24852e7678f" path="/var/lib/kubelet/pods/66d41060-9cb0-45fb-bb9d-f24852e7678f/volumes"
2025-01-29 13:40:09,587 INFO c.h.h.t.HelmChartContainer - [EVENT] Normal [Pulled] Container image "docker.io/hivemq/hivemq4:4.36.0" already present on machine [helmcontainersecuritycontextupgradeplatformit:test-hivemq-platform-0]
2025-01-29 13:40:09,587 INFO c.h.h.t.HelmChartContainer - Received Pulled event for container hivemq in pod test-hivemq-platform-0 [6326137b-7258-4171-aa8e-6be01342c736]
2025-01-29 13:40:09,594 INFO c.h.h.t.HelmChartContainer - [POD] test-hivemq-platform-0 [6326137b-7258-4171-aa8e-6be01342c736] in helmcontainersecuritycontextupgradeplatformit was MODIFIED
2025-01-29 13:40:09,602 INFO c.h.h.t.HelmChartContainer - [hivemq-test-hivemq-platform] [hivemq-platform-operator] [82c4986f] 13:40:09.597 [pool-6-thread-48] DEBUG c.h.p.o.d.PlatformServiceResource - [helmcont] Desired Platform services (3 services)
2025-01-29 13:40:09,602 INFO c.h.h.t.HelmChartContainer - [hivemq-test-hivemq-platform] [hivemq-platform-operator] [82c4986f] 13:40:09.599 [pool-6-thread-49] DEBUG c.h.p.o.d.PodServiceAccountResource - [helmcont] Desired PodServiceAccountResource (serviceAccountName: hivemq-platform-pod-test-hivemq-platform)
2025-01-29 13:40:09,602 INFO c.h.h.t.HelmChartContainer - [hivemq-test-hivemq-platform] [hivemq-platform-operator] [82c4986f] 13:40:09.601 [pool-6-thread-42] DEBUG c.h.p.o.dependants.PodInfoConfigMap - [helmcont] Desired PodInfo ConfigMap (1 extensions) (1 enabled)
2025-01-29 13:40:09,602 INFO c.h.h.t.HelmChartContainer - [hivemq-test-hivemq-platform] [hivemq-platform-operator] [82c4986f] 13:40:09.601 [pool-6-thread-42] DEBUG c.h.p.o.dependants.PodInfoConfigMap - [helmcont] Desired PodInfo ConfigMap (metrics port: 9399) (metrics path: /)
2025-01-29 13:40:09,604 INFO c.h.h.t.HelmChartContainer - [hivemq-test-hivemq-platform] [hivemq-platform-operator] [82c4986f] 13:40:09.601 [pool-6-thread-42] DEBUG c.h.p.o.dependants.PodInfoConfigMap - [helmcont] Desired PodInfo ConfigMap (extension state hash: -1817474005)
2025-01-29 13:40:09,605 INFO c.h.h.t.HelmChartContainer - [EVENT] Normal [Created] Created container: hivemq [helmcontainersecuritycontextupgradeplatformit:test-hivemq-platform-0]
2025-01-29 13:40:09,605 INFO c.h.h.t.HelmChartContainer - Received Created event for container hivemq in pod test-hivemq-platform-0 [6326137b-7258-4171-aa8e-6be01342c736]
2025-01-29 13:40:09,611 INFO c.h.h.t.HelmChartContainer - [hivemq-test-hivemq-platform] [hivemq-platform-operator] [82c4986f] 13:40:09.607 [pool-6-thread-43] DEBUG c.h.p.o.d.StatefulSetResource - [helmcont] Desired StatefulSet (2 replicas) for status ROLLING_RESTART (RESTART_PODS_IN_PROGRESS)
2025-01-29 13:40:09,623 INFO c.h.h.t.HelmChartContainer - [hivemq-test-hivemq-platform] [hivemq-platform-operator] [82c4986f] 13:40:09.613 [ReconcilerExecutor-hivemq-controller-140] INFO  c.h.p.o.HiveMQPlatformReconciler - [helmcont] Reconciling HiveMQ Platform 'test-hivemq-platform' in namespace 'helmcontainersecuritycontextupgradeplatformit'
2025-01-29 13:40:09,623 INFO c.h.h.t.HelmChartContainer - [hivemq-test-hivemq-platform] [hivemq-platform-operator] [82c4986f] 13:40:09.613 [ReconcilerExecutor-hivemq-controller-140] DEBUG c.h.p.o.HiveMQPlatformReconciler - [helmcont] Custom Resource Status ROLLING_RESTART - HiveMQ Platform is restarting Pods (rolling restart) (RESTART_PODS_IN_PROGRESS)
2025-01-29 13:40:09,623 INFO c.h.h.t.HelmChartContainer - [hivemq-test-hivemq-platform] [hivemq-platform-operator] [82c4986f] 13:40:09.613 [ReconcilerExecutor-hivemq-controller-140] DEBUG c.h.p.o.HiveMQPlatformReconciler - [helmcont] Custom Resource Spec (replicas: 1) (extensions: 1)
2025-01-29 13:40:09,623 INFO c.h.h.t.HelmChartContainer - [hivemq-test-hivemq-platform] [hivemq-platform-operator] [82c4986f] 13:40:09.615 [ReconcilerExecutor-hivemq-controller-140] DEBUG c.h.p.o.HiveMQPlatformReconciler - [helmcont] StatefulSet Status (revision: test-hivemq-platform-579f489c45, replicas: 2, available: 1, ready: 1, current: 0, updated: 2)
2025-01-29 13:40:09,623 INFO c.h.h.t.HelmChartContainer - [hivemq-test-hivemq-platform] [hivemq-platform-operator] [82c4986f] 13:40:09.615 [ReconcilerExecutor-hivemq-controller-140] DEBUG c.h.p.o.HiveMQPlatformReconciler - [helmcont] StatefulSet Spec (replicas: 2, init containers: 1, containers: 1, volumes: 3)
2025-01-29 13:40:09,623 INFO c.h.h.t.HelmChartContainer - [hivemq-test-hivemq-platform] [hivemq-platform-operator] [82c4986f] 13:40:09.616 [ReconcilerExecutor-hivemq-controller-140] DEBUG c.h.p.o.h.HiveMQPlatformReconcilerErrorHandler - [helmcont] Pod 'test-hivemq-platform-1' phase Running
2025-01-29 13:40:09,623 INFO c.h.h.t.HelmChartContainer - [hivemq-test-hivemq-platform] [hivemq-platform-operator] [82c4986f] 13:40:09.618 [ReconcilerExecutor-hivemq-controller-140] DEBUG c.h.p.o.h.HiveMQPlatformReconcilerErrorHandler - [helmcont] Pod 'test-hivemq-platform-0' phase Pending
2025-01-29 13:40:09,623 INFO c.h.h.t.HelmChartContainer - [hivemq-test-hivemq-platform] [hivemq-platform-operator] [82c4986f] 13:40:09.618 [ReconcilerExecutor-hivemq-controller-140] DEBUG c.h.p.o.h.HiveMQPlatformReconcilerErrorHandler - [helmcont] Pod 'test-hivemq-platform-0' condition 'PodReadyToStartContainers': True
2025-01-29 13:40:09,623 INFO c.h.h.t.HelmChartContainer - [hivemq-test-hivemq-platform] [hivemq-platform-operator] [82c4986f] 13:40:09.618 [ReconcilerExecutor-hivemq-controller-140] DEBUG c.h.p.o.h.HiveMQPlatformReconcilerErrorHandler - [helmcont] Pod 'test-hivemq-platform-0' condition 'Initialized': True
2025-01-29 13:40:09,623 INFO c.h.h.t.HelmChartContainer - [hivemq-test-hivemq-platform] [hivemq-platform-operator] [82c4986f] 13:40:09.618 [ReconcilerExecutor-hivemq-controller-140] DEBUG c.h.p.o.h.HiveMQPlatformReconcilerErrorHandler - [helmcont] Pod 'test-hivemq-platform-0' condition 'Ready': False
2025-01-29 13:40:09,623 INFO c.h.h.t.HelmChartContainer - [hivemq-test-hivemq-platform] [hivemq-platform-operator] [82c4986f] 13:40:09.618 [ReconcilerExecutor-hivemq-controller-140] DEBUG c.h.p.o.h.HiveMQPlatformReconcilerErrorHandler - [helmcont] Pod 'test-hivemq-platform-0' condition 'ContainersReady': False
2025-01-29 13:40:09,623 INFO c.h.h.t.HelmChartContainer - [hivemq-test-hivemq-platform] [hivemq-platform-operator] [82c4986f] 13:40:09.618 [ReconcilerExecutor-hivemq-controller-140] DEBUG c.h.p.o.h.HiveMQPlatformReconcilerErrorHandler - [helmcont] Pod 'test-hivemq-platform-0' condition 'PodScheduled': True
2025-01-29 13:40:09,623 INFO c.h.h.t.HelmChartContainer - [hivemq-test-hivemq-platform] [hivemq-platform-operator] [82c4986f] 13:40:09.618 [ReconcilerExecutor-hivemq-controller-140] DEBUG c.h.p.o.h.HiveMQPlatformReconcilerErrorHandler - [helmcont] Pod 'test-hivemq-platform-0' containerStatus 'hivemq' (started: false) (ready: false) (waiting: [PodInitializing] null)
2025-01-29 13:40:09,623 INFO c.h.h.t.HelmChartContainer - [hivemq-test-hivemq-platform] [hivemq-platform-operator] [82c4986f] 13:40:09.619 [ReconcilerExecutor-hivemq-controller-140] DEBUG c.h.p.o.h.HiveMQPlatformReconcilerRollingRestartHandler - [helmcont] Rolling restart is waiting for 1 of 2 replicas
2025-01-29 13:40:10,596 INFO c.h.h.t.HelmChartContainer - [POD] test-hivemq-platform-0 [6326137b-7258-4171-aa8e-6be01342c736] in helmcontainersecuritycontextupgradeplatformit was MODIFIED
2025-01-29 13:40:10,612 INFO c.h.h.t.HelmChartContainer - [hivemq-test-hivemq-platform] [hivemq-platform-operator] [82c4986f] 13:40:10.604 [pool-6-thread-6] DEBUG c.h.p.o.d.PlatformServiceResource - [helmcont] Desired Platform services (3 services)
2025-01-29 13:40:10,614 INFO c.h.h.t.HelmChartContainer - [hivemq-test-hivemq-platform] [hivemq-platform-operator] [82c4986f] 13:40:10.607 [pool-6-thread-8] DEBUG c.h.p.o.d.PodServiceAccountResource - [helmcont] Desired PodServiceAccountResource (serviceAccountName: hivemq-platform-pod-test-hivemq-platform)
2025-01-29 13:40:10,620 INFO c.h.h.t.HelmChartContainer - Started log watcher for hivemq in pod test-hivemq-platform-0 [6326137b-7258-4171-aa8e-6be01342c736]
2025-01-29 13:40:10,620 INFO c.h.h.t.HelmChartContainer - [test-hivemq-platform] [hivemq] [6326137b] Adding pre-installed HiveMQ Platform Operator extensions
2025-01-29 13:40:10,621 INFO c.h.h.t.HelmChartContainer - [test-hivemq-platform] [hivemq] [6326137b] Running as user 0
2025-01-29 13:40:10,621 INFO c.h.h.t.HelmChartContainer - [test-hivemq-platform] [hivemq] [6326137b] Starting HiveMQ Platform Operator Init
2025-01-29 13:40:10,622 INFO c.h.h.t.HelmChartContainer - [EVENT] Normal [Started] Started container hivemq [helmcontainersecuritycontextupgradeplatformit:test-hivemq-platform-0]
2025-01-29 13:40:10,622 INFO c.h.h.t.HelmChartContainer - Received Started event for container hivemq in pod test-hivemq-platform-0 [6326137b-7258-4171-aa8e-6be01342c736]
2025-01-29 13:40:10,623 INFO c.h.h.t.HelmChartContainer - [hivemq-test-hivemq-platform] [hivemq-platform-operator] [82c4986f] 13:40:10.615 [pool-6-thread-10] DEBUG c.h.p.o.dependants.PodInfoConfigMap - [helmcont] Desired PodInfo ConfigMap (1 extensions) (1 enabled)
2025-01-29 13:40:10,623 INFO c.h.h.t.HelmChartContainer - [hivemq-test-hivemq-platform] [hivemq-platform-operator] [82c4986f] 13:40:10.616 [pool-6-thread-10] DEBUG c.h.p.o.dependants.PodInfoConfigMap - [helmcont] Desired PodInfo ConfigMap (metrics port: 9399) (metrics path: /)
2025-01-29 13:40:10,623 INFO c.h.h.t.HelmChartContainer - [hivemq-test-hivemq-platform] [hivemq-platform-operator] [82c4986f] 13:40:10.616 [pool-6-thread-10] DEBUG c.h.p.o.dependants.PodInfoConfigMap - [helmcont] Desired PodInfo ConfigMap (extension state hash: -1817474005)
2025-01-29 13:40:10,628 INFO c.h.h.t.HelmChartContainer - [hivemq-test-hivemq-platform] [hivemq-platform-operator] [82c4986f] 13:40:10.625 [pool-6-thread-10] DEBUG c.h.p.o.d.StatefulSetResource - [helmcont] Desired StatefulSet (2 replicas) for status ROLLING_RESTART (RESTART_PODS_IN_PROGRESS)
2025-01-29 13:40:10,635 INFO c.h.h.t.HelmChartContainer - [hivemq-test-hivemq-platform] [hivemq-platform-operator] [82c4986f] 13:40:10.634 [ReconcilerExecutor-hivemq-controller-141] INFO  c.h.p.o.HiveMQPlatformReconciler - [helmcont] Reconciling HiveMQ Platform 'test-hivemq-platform' in namespace 'helmcontainersecuritycontextupgradeplatformit'
2025-01-29 13:40:10,638 INFO c.h.h.t.HelmChartContainer - [hivemq-test-hivemq-platform] [hivemq-platform-operator] [82c4986f] 13:40:10.635 [ReconcilerExecutor-hivemq-controller-141] DEBUG c.h.p.o.HiveMQPlatformReconciler - [helmcont] Custom Resource Status ROLLING_RESTART - HiveMQ Platform is restarting Pods (rolling restart) (RESTART_PODS_IN_PROGRESS)
2025-01-29 13:40:10,638 INFO c.h.h.t.HelmChartContainer - [hivemq-test-hivemq-platform] [hivemq-platform-operator] [82c4986f] 13:40:10.635 [ReconcilerExecutor-hivemq-controller-141] DEBUG c.h.p.o.HiveMQPlatformReconciler - [helmcont] Custom Resource Spec (replicas: 1) (extensions: 1)
2025-01-29 13:40:10,638 INFO c.h.h.t.HelmChartContainer - [hivemq-test-hivemq-platform] [hivemq-platform-operator] [82c4986f] 13:40:10.637 [ReconcilerExecutor-hivemq-controller-141] DEBUG c.h.p.o.HiveMQPlatformReconciler - [helmcont] StatefulSet Status (revision: test-hivemq-platform-579f489c45, replicas: 2, available: 1, ready: 1, current: 0, updated: 2)
2025-01-29 13:40:10,638 INFO c.h.h.t.HelmChartContainer - [hivemq-test-hivemq-platform] [hivemq-platform-operator] [82c4986f] 13:40:10.637 [ReconcilerExecutor-hivemq-controller-141] DEBUG c.h.p.o.HiveMQPlatformReconciler - [helmcont] StatefulSet Spec (replicas: 2, init containers: 1, containers: 1, volumes: 3)
2025-01-29 13:40:10,639 INFO c.h.h.t.HelmChartContainer - [hivemq-test-hivemq-platform] [hivemq-platform-operator] [82c4986f] 13:40:10.638 [ReconcilerExecutor-hivemq-controller-141] DEBUG c.h.p.o.h.HiveMQPlatformReconcilerErrorHandler - [helmcont] Pod 'test-hivemq-platform-1' phase Running
2025-01-29 13:40:10,640 INFO c.h.h.t.HelmChartContainer - [hivemq-test-hivemq-platform] [hivemq-platform-operator] [82c4986f] 13:40:10.640 [ReconcilerExecutor-hivemq-controller-141] DEBUG c.h.p.o.h.HiveMQPlatformReconcilerErrorHandler - [helmcont] Pod 'test-hivemq-platform-0' phase Running
2025-01-29 13:40:10,641 INFO c.h.h.t.HelmChartContainer - [hivemq-test-hivemq-platform] [hivemq-platform-operator] [82c4986f] 13:40:10.640 [ReconcilerExecutor-hivemq-controller-141] DEBUG c.h.p.o.h.HiveMQPlatformReconcilerRollingRestartHandler - [helmcont] Rolling restart is waiting for 1 of 2 replicas
2025-01-29 13:40:10,901 INFO c.h.h.t.HelmChartContainer - [test-hivemq-platform] [hivemq] [6326137b] INFO  - [HiveMQ Platform Operator Init 1.7.0-SNAPSHOT] HiveMQ Platform Operator Init 1.7.0-SNAPSHOT (commit: bebf408 on branch: HEAD) built on Sun Jan 26 20:47:47 UTC 2025
2025-01-29 13:40:12,088 INFO c.h.h.t.HelmChartContainer - [test-hivemq-platform] [hivemq] [6326137b] INFO  - [HiveMQ Platform Operator Init App 1.7.0-SNAPSHOT] Using bind address 10.42.0.8 from environment variable
2025-01-29 13:40:13,011 INFO c.h.h.t.HelmChartContainer - [test-hivemq-platform] [hivemq] [6326137b] INFO  - [HiveMQ Platform Operator Init App 1.7.0-SNAPSHOT] HiveMQ Platform Operator Init App 1.7.0-SNAPSHOT (commit: bebf408 on branch: HEAD) built on Sun Jan 26 20:47:47 UTC 2025
2025-01-29 13:40:13,013 INFO c.h.h.t.HelmChartContainer - [test-hivemq-platform] [hivemq] [6326137b] INFO  - [HiveMQ Platform Operator Init App 1.7.0-SNAPSHOT] PodInfo ConfigMap directory: /etc/podinfo
2025-01-29 13:40:13,013 INFO c.h.h.t.HelmChartContainer - [test-hivemq-platform] [hivemq] [6326137b] INFO  - [HiveMQ Platform Operator Init App 1.7.0-SNAPSHOT] HiveMQ home directory: /opt/hivemq
2025-01-29 13:40:13,013 INFO c.h.h.t.HelmChartContainer - [test-hivemq-platform] [hivemq] [6326137b] INFO  - [HiveMQ Platform Operator Init App 1.7.0-SNAPSHOT] HiveMQ Logback folder: /opt/hivemq/conf
2025-01-29 13:40:13,013 INFO c.h.h.t.HelmChartContainer - [test-hivemq-platform] [hivemq] [6326137b] INFO  - [HiveMQ Platform Operator Init App 1.7.0-SNAPSHOT] HiveMQ Config folder: /opt/hivemq/conf-k8s
2025-01-29 13:40:13,013 INFO c.h.h.t.HelmChartContainer - [test-hivemq-platform] [hivemq] [6326137b] INFO  - [HiveMQ Platform Operator Init App 1.7.0-SNAPSHOT] Starting HiveMQ Platform Operator Init App
2025-01-29 13:40:13,013 INFO c.h.h.t.HelmChartContainer - [test-hivemq-platform] [hivemq] [6326137b] INFO  - [HiveMQ Platform Operator Init App 1.7.0-SNAPSHOT] Starting Pod reconciler
2025-01-29 13:40:14,305 INFO c.h.h.t.HelmChartContainer - [test-hivemq-platform] [hivemq] [6326137b] INFO  - [HiveMQ Platform Operator Init App 1.7.0-SNAPSHOT] Pod reconciler is scheduled (interval: 5000 ms)
2025-01-29 13:40:14,306 INFO c.h.h.t.HelmChartContainer - [test-hivemq-platform] [hivemq] [6326137b] INFO  - [HiveMQ Platform Operator Init App 1.7.0-SNAPSHOT] Starting the REST API on 10.42.0.8:7979
2025-01-29 13:40:14,308 INFO c.h.h.t.HelmChartContainer - [test-hivemq-platform] [hivemq] [6326137b] INFO  - [HiveMQ Platform Operator Init App 1.7.0-SNAPSHOT] Waiting up to 600s for at most 2 HiveMQ nodes in cluster service hivemq-test-hivemq-platform-cluster.helmcontainersecuritycontextupgradeplatformit.svc
2025-01-29 13:40:14,686 INFO c.h.h.t.HelmChartContainer - [test-hivemq-platform] [hivemq] [6326137b] INFO  - [HiveMQ Platform Operator Init App 1.7.0-SNAPSHOT] Resolved 2 IP addresses: [10.42.0.8, 10.42.0.7]
2025-01-29 13:40:14,686 INFO c.h.h.t.HelmChartContainer - [test-hivemq-platform] [hivemq] [6326137b] INFO  - [HiveMQ Platform Operator Init App 1.7.0-SNAPSHOT] HiveMQ node count of 2 is within threshold of 2
2025-01-29 13:40:14,700 INFO c.h.h.t.HelmChartContainer - [test-hivemq-platform] [hivemq] [6326137b] INFO  - [HiveMQ Platform Operator Init App 1.7.0-SNAPSHOT] Waiting 15s for previous shutdown replication to finish...
2025-01-29 13:40:16,597 INFO c.h.h.t.HelmChartContainer - [test-hivemq-platform] [hivemq] [6326137b] INFO  - [HiveMQ Platform Operator Init App 1.7.0-SNAPSHOT] Returning default Health API response 503 for readiness
2025-01-29 13:40:16,711 INFO c.h.h.t.HelmChartContainer - [EVENT] Warning [Unhealthy] Readiness probe failed: HTTP probe failed with statuscode: 503 [helmcontainersecuritycontextupgradeplatformit:test-hivemq-platform-0]
2025-01-29 13:40:16,711 INFO c.h.h.t.HelmChartContainer - Received Unhealthy event for container hivemq in pod test-hivemq-platform-0 [6326137b-7258-4171-aa8e-6be01342c736]
2025-01-29 13:40:20,646 INFO c.h.h.t.HelmChartContainer - [hivemq-test-hivemq-platform] [hivemq-platform-operator] [82c4986f] 13:40:20.644 [pool-6-thread-13] DEBUG c.h.p.o.d.PlatformServiceResource - [helmcont] Desired Platform services (3 services)
2025-01-29 13:40:20,646 INFO c.h.h.t.HelmChartContainer - [hivemq-test-hivemq-platform] [hivemq-platform-operator] [82c4986f] 13:40:20.644 [pool-6-thread-16] DEBUG c.h.p.o.d.PodServiceAccountResource - [helmcont] Desired PodServiceAccountResource (serviceAccountName: hivemq-platform-pod-test-hivemq-platform)
2025-01-29 13:40:20,646 INFO c.h.h.t.HelmChartContainer - [hivemq-test-hivemq-platform] [hivemq-platform-operator] [82c4986f] 13:40:20.645 [pool-6-thread-12] DEBUG c.h.p.o.dependants.PodInfoConfigMap - [helmcont] Desired PodInfo ConfigMap (1 extensions) (1 enabled)
2025-01-29 13:40:20,647 INFO c.h.h.t.HelmChartContainer - [hivemq-test-hivemq-platform] [hivemq-platform-operator] [82c4986f] 13:40:20.645 [pool-6-thread-12] DEBUG c.h.p.o.dependants.PodInfoConfigMap - [helmcont] Desired PodInfo ConfigMap (metrics port: 9399) (metrics path: /)
2025-01-29 13:40:20,647 INFO c.h.h.t.HelmChartContainer - [hivemq-test-hivemq-platform] [hivemq-platform-operator] [82c4986f] 13:40:20.645 [pool-6-thread-12] DEBUG c.h.p.o.dependants.PodInfoConfigMap - [helmcont] Desired PodInfo ConfigMap (extension state hash: -1817474005)
2025-01-29 13:40:20,651 INFO c.h.h.t.HelmChartContainer - [hivemq-test-hivemq-platform] [hivemq-platform-operator] [82c4986f] 13:40:20.650 [pool-6-thread-13] DEBUG c.h.p.o.d.StatefulSetResource - [helmcont] Desired StatefulSet (2 replicas) for status ROLLING_RESTART (RESTART_PODS_IN_PROGRESS)
2025-01-29 13:40:20,653 INFO c.h.h.t.HelmChartContainer - [hivemq-test-hivemq-platform] [hivemq-platform-operator] [82c4986f] 13:40:20.652 [ReconcilerExecutor-hivemq-controller-142] INFO  c.h.p.o.HiveMQPlatformReconciler - [helmcont] Reconciling HiveMQ Platform 'test-hivemq-platform' in namespace 'helmcontainersecuritycontextupgradeplatformit'
2025-01-29 13:40:20,653 INFO c.h.h.t.HelmChartContainer - [hivemq-test-hivemq-platform] [hivemq-platform-operator] [82c4986f] 13:40:20.652 [ReconcilerExecutor-hivemq-controller-142] DEBUG c.h.p.o.HiveMQPlatformReconciler - [helmcont] Custom Resource Status ROLLING_RESTART - HiveMQ Platform is restarting Pods (rolling restart) (RESTART_PODS_IN_PROGRESS)
2025-01-29 13:40:20,653 INFO c.h.h.t.HelmChartContainer - [hivemq-test-hivemq-platform] [hivemq-platform-operator] [82c4986f] 13:40:20.652 [ReconcilerExecutor-hivemq-controller-142] DEBUG c.h.p.o.HiveMQPlatformReconciler - [helmcont] Custom Resource Spec (replicas: 1) (extensions: 1)
2025-01-29 13:40:20,655 INFO c.h.h.t.HelmChartContainer - [hivemq-test-hivemq-platform] [hivemq-platform-operator] [82c4986f] 13:40:20.653 [ReconcilerExecutor-hivemq-controller-142] DEBUG c.h.p.o.HiveMQPlatformReconciler - [helmcont] StatefulSet Status (revision: test-hivemq-platform-579f489c45, replicas: 2, available: 1, ready: 1, current: 0, updated: 2)
2025-01-29 13:40:20,656 INFO c.h.h.t.HelmChartContainer - [hivemq-test-hivemq-platform] [hivemq-platform-operator] [82c4986f] 13:40:20.653 [ReconcilerExecutor-hivemq-controller-142] DEBUG c.h.p.o.HiveMQPlatformReconciler - [helmcont] StatefulSet Spec (replicas: 2, init containers: 1, containers: 1, volumes: 3)
2025-01-29 13:40:20,656 INFO c.h.h.t.HelmChartContainer - [hivemq-test-hivemq-platform] [hivemq-platform-operator] [82c4986f] 13:40:20.654 [ReconcilerExecutor-hivemq-controller-142] DEBUG c.h.p.o.h.HiveMQPlatformReconcilerErrorHandler - [helmcont] Pod 'test-hivemq-platform-1' phase Running
2025-01-29 13:40:20,656 INFO c.h.h.t.HelmChartContainer - [hivemq-test-hivemq-platform] [hivemq-platform-operator] [82c4986f] 13:40:20.655 [ReconcilerExecutor-hivemq-controller-142] DEBUG c.h.p.o.h.HiveMQPlatformReconcilerErrorHandler - [helmcont] Pod 'test-hivemq-platform-0' phase Running
2025-01-29 13:40:20,657 INFO c.h.h.t.HelmChartContainer - [hivemq-test-hivemq-platform] [hivemq-platform-operator] [82c4986f] 13:40:20.656 [ReconcilerExecutor-hivemq-controller-142] DEBUG c.h.p.o.h.HiveMQPlatformReconcilerRollingRestartHandler - [helmcont] Rolling restart is waiting for 1 of 2 replicas
2025-01-29 13:40:21,607 INFO c.h.h.t.HelmChartContainer - [EVENT] Warning [Unhealthy] Readiness probe failed: HTTP probe failed with statuscode: 503 [helmcontainersecuritycontextupgradeplatformit:test-hivemq-platform-0]
2025-01-29 13:40:21,607 INFO c.h.h.t.HelmChartContainer - Received Unhealthy event for container hivemq in pod test-hivemq-platform-0 [6326137b-7258-4171-aa8e-6be01342c736]
2025-01-29 13:40:21,903 INFO c.h.h.t.HelmChartContainer - [test-hivemq-platform] [hivemq] [6326137b] INFO  - [HiveMQ Platform Operator Init App 1.7.0-SNAPSHOT] Updating Pod HiveMQ Platform Operator Init App version annotation (version: 1.7.0-SNAPSHOT)
2025-01-29 13:40:22,216 INFO c.h.h.t.HelmChartContainer - [POD] test-hivemq-platform-0 [6326137b-7258-4171-aa8e-6be01342c736] in helmcontainersecuritycontextupgradeplatformit was MODIFIED
2025-01-29 13:40:22,219 INFO c.h.h.t.HelmChartContainer - [test-hivemq-platform] [hivemq] [6326137b] INFO  - [HiveMQ Platform Operator Init App 1.7.0-SNAPSHOT] Successfully updated Pod HiveMQ Platform Operator Init App version annotation (version: 1.7.0-SNAPSHOT)
2025-01-29 13:40:22,222 INFO c.h.h.t.HelmChartContainer - [hivemq-test-hivemq-platform] [hivemq-platform-operator] [82c4986f] 13:40:22.220 [pool-6-thread-26] DEBUG c.h.p.o.d.PlatformServiceResource - [helmcont] Desired Platform services (3 services)
2025-01-29 13:40:22,222 INFO c.h.h.t.HelmChartContainer - [hivemq-test-hivemq-platform] [hivemq-platform-operator] [82c4986f] 13:40:22.221 [pool-6-thread-30] DEBUG c.h.p.o.dependants.PodInfoConfigMap - [helmcont] Desired PodInfo ConfigMap (1 extensions) (1 enabled)
2025-01-29 13:40:22,222 INFO c.h.h.t.HelmChartContainer - [hivemq-test-hivemq-platform] [hivemq-platform-operator] [82c4986f] 13:40:22.221 [pool-6-thread-30] DEBUG c.h.p.o.dependants.PodInfoConfigMap - [helmcont] Desired PodInfo ConfigMap (metrics port: 9399) (metrics path: /)
2025-01-29 13:40:22,222 INFO c.h.h.t.HelmChartContainer - [hivemq-test-hivemq-platform] [hivemq-platform-operator] [82c4986f] 13:40:22.221 [pool-6-thread-30] DEBUG c.h.p.o.dependants.PodInfoConfigMap - [helmcont] Desired PodInfo ConfigMap (extension state hash: -1817474005)
2025-01-29 13:40:22,225 INFO c.h.h.t.HelmChartContainer - [hivemq-test-hivemq-platform] [hivemq-platform-operator] [82c4986f] 13:40:22.223 [pool-6-thread-21] DEBUG c.h.p.o.d.PodServiceAccountResource - [helmcont] Desired PodServiceAccountResource (serviceAccountName: hivemq-platform-pod-test-hivemq-platform)
2025-01-29 13:40:22,225 INFO c.h.h.t.HelmChartContainer - [EVENT] Warning [Unhealthy] Readiness probe failed: HTTP probe failed with statuscode: 503 [helmcontainersecuritycontextupgradeplatformit:test-hivemq-platform-0]
2025-01-29 13:40:22,225 INFO c.h.h.t.HelmChartContainer - Received Unhealthy event for container hivemq in pod test-hivemq-platform-0 [6326137b-7258-4171-aa8e-6be01342c736]
2025-01-29 13:40:22,229 INFO c.h.h.t.HelmChartContainer - [hivemq-test-hivemq-platform] [hivemq-platform-operator] [82c4986f] 13:40:22.228 [pool-6-thread-24] DEBUG c.h.p.o.d.StatefulSetResource - [helmcont] Desired StatefulSet (2 replicas) for status ROLLING_RESTART (RESTART_PODS_IN_PROGRESS)
2025-01-29 13:40:22,232 INFO c.h.h.t.HelmChartContainer - [hivemq-test-hivemq-platform] [hivemq-platform-operator] [82c4986f] 13:40:22.231 [ReconcilerExecutor-hivemq-controller-143] INFO  c.h.p.o.HiveMQPlatformReconciler - [helmcont] Reconciling HiveMQ Platform 'test-hivemq-platform' in namespace 'helmcontainersecuritycontextupgradeplatformit'
2025-01-29 13:40:22,233 INFO c.h.h.t.HelmChartContainer - [hivemq-test-hivemq-platform] [hivemq-platform-operator] [82c4986f] 13:40:22.232 [ReconcilerExecutor-hivemq-controller-143] DEBUG c.h.p.o.HiveMQPlatformReconciler - [helmcont] Custom Resource Status ROLLING_RESTART - HiveMQ Platform is restarting Pods (rolling restart) (RESTART_PODS_IN_PROGRESS)
2025-01-29 13:40:22,236 INFO c.h.h.t.HelmChartContainer - [hivemq-test-hivemq-platform] [hivemq-platform-operator] [82c4986f] 13:40:22.232 [ReconcilerExecutor-hivemq-controller-143] DEBUG c.h.p.o.HiveMQPlatformReconciler - [helmcont] Custom Resource Spec (replicas: 1) (extensions: 1)
2025-01-29 13:40:22,236 INFO c.h.h.t.HelmChartContainer - [hivemq-test-hivemq-platform] [hivemq-platform-operator] [82c4986f] 13:40:22.233 [ReconcilerExecutor-hivemq-controller-143] DEBUG c.h.p.o.HiveMQPlatformReconciler - [helmcont] StatefulSet Status (revision: test-hivemq-platform-579f489c45, replicas: 2, available: 1, ready: 1, current: 0, updated: 2)
2025-01-29 13:40:22,236 INFO c.h.h.t.HelmChartContainer - [hivemq-test-hivemq-platform] [hivemq-platform-operator] [82c4986f] 13:40:22.233 [ReconcilerExecutor-hivemq-controller-143] DEBUG c.h.p.o.HiveMQPlatformReconciler - [helmcont] StatefulSet Spec (replicas: 2, init containers: 1, containers: 1, volumes: 3)
2025-01-29 13:40:22,236 INFO c.h.h.t.HelmChartContainer - [hivemq-test-hivemq-platform] [hivemq-platform-operator] [82c4986f] 13:40:22.234 [ReconcilerExecutor-hivemq-controller-143] DEBUG c.h.p.o.h.HiveMQPlatformReconcilerErrorHandler - [helmcont] Pod 'test-hivemq-platform-1' phase Running
2025-01-29 13:40:22,237 INFO c.h.h.t.HelmChartContainer - [hivemq-test-hivemq-platform] [hivemq-platform-operator] [82c4986f] 13:40:22.235 [ReconcilerExecutor-hivemq-controller-143] DEBUG c.h.p.o.h.HiveMQPlatformReconcilerErrorHandler - [helmcont] Pod 'test-hivemq-platform-0' phase Running
2025-01-29 13:40:22,237 INFO c.h.h.t.HelmChartContainer - [hivemq-test-hivemq-platform] [hivemq-platform-operator] [82c4986f] 13:40:22.236 [ReconcilerExecutor-hivemq-controller-143] DEBUG c.h.p.o.h.HiveMQPlatformReconcilerRollingRestartHandler - [helmcont] Rolling restart is waiting for 1 of 2 replicas
2025-01-29 13:40:27,218 INFO c.h.h.t.HelmChartContainer - [EVENT] Warning [Unhealthy] Readiness probe failed: HTTP probe failed with statuscode: 503 [helmcontainersecuritycontextupgradeplatformit:test-hivemq-platform-0]
2025-01-29 13:40:27,218 INFO c.h.h.t.HelmChartContainer - Received Unhealthy event for container hivemq in pod test-hivemq-platform-0 [6326137b-7258-4171-aa8e-6be01342c736]
2025-01-29 13:40:29,701 INFO c.h.h.t.HelmChartContainer - [test-hivemq-platform] [hivemq] [6326137b] INFO  - [HiveMQ Platform Operator Init App 1.7.0-SNAPSHOT] Proceeding with container start
2025-01-29 13:40:29,704 INFO c.h.h.t.HelmChartContainer - [test-hivemq-platform] [hivemq] [6326137b] INFO  - [HiveMQ Platform Operator Init App 1.7.0-SNAPSHOT] Initializing HiveMQ Platform extensions with initial configuration: {hivemq-allow-all-extension={start-priority=-1, skip-https-hostname-verification=false, restart=true, config-version=0, header-version=0, c-uri=, priority=-1, uri=preinstalled, skip-https-certificate-validation=false, enabled=true}, hivemq-prometheus-extension={uri=preinstalled, skip-https-certificate-validation=false, skip-https-hostname-verification=false, c-uri=, start-priority=-1, priority=-1, restart=true, enabled=true, request-header-path=no-request-headers}}
2025-01-29 13:40:30,209 INFO c.h.h.t.HelmChartContainer - [test-hivemq-platform] [hivemq] [6326137b] INFO  - [HiveMQ Platform Operator Init App 1.7.0-SNAPSHOT] Extension hivemq-allow-all-extension was already enabled
2025-01-29 13:40:30,217 INFO c.h.h.t.HelmChartContainer - [test-hivemq-platform] [hivemq] [6326137b] INFO  - [HiveMQ Platform Operator Init App 1.7.0-SNAPSHOT] Successfully enabled extension hivemq-prometheus-extension
2025-01-29 13:40:30,218 INFO c.h.h.t.HelmChartContainer - [test-hivemq-platform] [hivemq] [6326137b] INFO  - [HiveMQ Platform Operator Init App 1.7.0-SNAPSHOT] Starting HiveMQ Platform version 4.36.0 (4.36.0)
2025-01-29 13:40:30,220 INFO c.h.h.t.HelmChartContainer - [test-hivemq-platform] [hivemq] [6326137b] INFO  - [HiveMQ Platform Operator Init App 1.7.0-SNAPSHOT] Configuring the HiveMQ Platform
2025-01-29 13:40:30,308 INFO c.h.h.t.HelmChartContainer - [test-hivemq-platform] [hivemq] [6326137b] INFO  - [HiveMQ Platform Operator Init App 1.7.0-SNAPSHOT] Changed logback.xml file scan period to 20 seconds
2025-01-29 13:40:30,405 INFO c.h.h.t.HelmChartContainer - [test-hivemq-platform] [hivemq] [6326137b] INFO  - [HiveMQ Platform Operator Init App 1.7.0-SNAPSHOT] Starting the HiveMQ Platform
2025-01-29 13:40:30,407 INFO c.h.h.t.HelmChartContainer - [test-hivemq-platform] [hivemq] [6326137b] -------------------------------------------------------------------------
2025-01-29 13:40:30,407 INFO c.h.h.t.HelmChartContainer - [test-hivemq-platform] [hivemq] [6326137b] 
2025-01-29 13:40:30,407 INFO c.h.h.t.HelmChartContainer - [test-hivemq-platform] [hivemq] [6326137b]                   _    _  _              __  __   ____
2025-01-29 13:40:30,407 INFO c.h.h.t.HelmChartContainer - [test-hivemq-platform] [hivemq] [6326137b]                  | |  | |(_)            |  \/  | / __ \
2025-01-29 13:40:30,407 INFO c.h.h.t.HelmChartContainer - [test-hivemq-platform] [hivemq] [6326137b]                  | |__| | _ __   __ ___ | \  / || |  | |
2025-01-29 13:40:30,407 INFO c.h.h.t.HelmChartContainer - [test-hivemq-platform] [hivemq] [6326137b]                  |  __  || |\ \ / // _ \| |\/| || |  | |
2025-01-29 13:40:30,407 INFO c.h.h.t.HelmChartContainer - [test-hivemq-platform] [hivemq] [6326137b]                  | |  | || | \ V /|  __/| |  | || |__| |
2025-01-29 13:40:30,407 INFO c.h.h.t.HelmChartContainer - [test-hivemq-platform] [hivemq] [6326137b]                  |_|  |_||_|  \_/  \___||_|  |_| \___\_\
2025-01-29 13:40:30,407 INFO c.h.h.t.HelmChartContainer - [test-hivemq-platform] [hivemq] [6326137b] 
2025-01-29 13:40:30,407 INFO c.h.h.t.HelmChartContainer - [test-hivemq-platform] [hivemq] [6326137b] -------------------------------------------------------------------------
2025-01-29 13:40:30,407 INFO c.h.h.t.HelmChartContainer - [test-hivemq-platform] [hivemq] [6326137b] 
2025-01-29 13:40:30,407 INFO c.h.h.t.HelmChartContainer - [test-hivemq-platform] [hivemq] [6326137b]   HiveMQ Start Script for Linux/Unix v1.14
2025-01-29 13:40:30,407 INFO c.h.h.t.HelmChartContainer - [test-hivemq-platform] [hivemq] [6326137b] 
2025-01-29 13:40:30,514 INFO c.h.h.t.HelmChartContainer - [test-hivemq-platform] [hivemq] [6326137b] -------------------------------------------------------------------------
2025-01-29 13:40:30,514 INFO c.h.h.t.HelmChartContainer - [test-hivemq-platform] [hivemq] [6326137b] 
2025-01-29 13:40:30,514 INFO c.h.h.t.HelmChartContainer - [test-hivemq-platform] [hivemq] [6326137b]   HIVEMQ_HOME: /opt/hivemq
2025-01-29 13:40:30,514 INFO c.h.h.t.HelmChartContainer - [test-hivemq-platform] [hivemq] [6326137b] 
2025-01-29 13:40:30,514 INFO c.h.h.t.HelmChartContainer - [test-hivemq-platform] [hivemq] [6326137b]   JAVA_OPTS: -XX:+UnlockExperimentalVMOptions -XX:InitialRAMPercentage=50 -XX:MaxRAMPercentage=50 -Djava.net.preferIPv4Stack=true --add-opens java.base/java.lang=ALL-UNNAMED --add-opens java.base/java.nio=ALL-UNNAMED --add-opens java.base/sun.nio.ch=ALL-UNNAMED --add-opens jdk.management/com.sun.management.internal=ALL-UNNAMED --add-exports java.base/jdk.internal.misc=ALL-UNNAMED -Djava.security.egd=file:/dev/./urandom -Dcom.sun.management.jmxremote -Dcom.sun.management.jmxremote.port=9010 -Dcom.sun.management.jmxremote.local.only=false -Dcom.sun.management.jmxremote.authenticate=false -Dcom.sun.management.jmxremote.ssl=false -Duser.language=en -Duser.region=US -XX:+CrashOnOutOfMemoryError -XX:+HeapDumpOnOutOfMemoryError
2025-01-29 13:40:30,514 INFO c.h.h.t.HelmChartContainer - [test-hivemq-platform] [hivemq] [6326137b] 
2025-01-29 13:40:30,514 INFO c.h.h.t.HelmChartContainer - [test-hivemq-platform] [hivemq] [6326137b]   JAVA_VERSION: 21
2025-01-29 13:40:30,514 INFO c.h.h.t.HelmChartContainer - [test-hivemq-platform] [hivemq] [6326137b] 
2025-01-29 13:40:30,514 INFO c.h.h.t.HelmChartContainer - [test-hivemq-platform] [hivemq] [6326137b] -------------------------------------------------------------------------
2025-01-29 13:40:30,514 INFO c.h.h.t.HelmChartContainer - [test-hivemq-platform] [hivemq] [6326137b] 
2025-01-29 13:40:32,219 INFO c.h.h.t.HelmChartContainer - [EVENT] Warning [Unhealthy] Readiness probe failed: HTTP probe failed with statuscode: 503 [helmcontainersecuritycontextupgradeplatformit:test-hivemq-platform-0]
2025-01-29 13:40:32,219 INFO c.h.h.t.HelmChartContainer - Received Unhealthy event for container hivemq in pod test-hivemq-platform-0 [6326137b-7258-4171-aa8e-6be01342c736]
2025-01-29 13:40:32,241 INFO c.h.h.t.HelmChartContainer - [hivemq-test-hivemq-platform] [hivemq-platform-operator] [82c4986f] 13:40:32.239 [pool-6-thread-31] DEBUG c.h.p.o.d.PlatformServiceResource - [helmcont] Desired Platform services (3 services)
2025-01-29 13:40:32,241 INFO c.h.h.t.HelmChartContainer - [hivemq-test-hivemq-platform] [hivemq-platform-operator] [82c4986f] 13:40:32.239 [pool-6-thread-36] DEBUG c.h.p.o.dependants.PodInfoConfigMap - [helmcont] Desired PodInfo ConfigMap (1 extensions) (1 enabled)
2025-01-29 13:40:32,241 INFO c.h.h.t.HelmChartContainer - [hivemq-test-hivemq-platform] [hivemq-platform-operator] [82c4986f] 13:40:32.239 [pool-6-thread-36] DEBUG c.h.p.o.dependants.PodInfoConfigMap - [helmcont] Desired PodInfo ConfigMap (metrics port: 9399) (metrics path: /)
2025-01-29 13:40:32,241 INFO c.h.h.t.HelmChartContainer - [hivemq-test-hivemq-platform] [hivemq-platform-operator] [82c4986f] 13:40:32.239 [pool-6-thread-36] DEBUG c.h.p.o.dependants.PodInfoConfigMap - [helmcont] Desired PodInfo ConfigMap (extension state hash: -1817474005)
2025-01-29 13:40:32,242 INFO c.h.h.t.HelmChartContainer - [hivemq-test-hivemq-platform] [hivemq-platform-operator] [82c4986f] 13:40:32.240 [pool-6-thread-34] DEBUG c.h.p.o.d.PodServiceAccountResource - [helmcont] Desired PodServiceAccountResource (serviceAccountName: hivemq-platform-pod-test-hivemq-platform)
2025-01-29 13:40:32,243 INFO c.h.h.t.HelmChartContainer - [hivemq-test-hivemq-platform] [hivemq-platform-operator] [82c4986f] 13:40:32.243 [pool-6-thread-38] DEBUG c.h.p.o.d.StatefulSetResource - [helmcont] Desired StatefulSet (2 replicas) for status ROLLING_RESTART (RESTART_PODS_IN_PROGRESS)
2025-01-29 13:40:32,246 INFO c.h.h.t.HelmChartContainer - [hivemq-test-hivemq-platform] [hivemq-platform-operator] [82c4986f] 13:40:32.245 [ReconcilerExecutor-hivemq-controller-144] INFO  c.h.p.o.HiveMQPlatformReconciler - [helmcont] Reconciling HiveMQ Platform 'test-hivemq-platform' in namespace 'helmcontainersecuritycontextupgradeplatformit'
2025-01-29 13:40:32,247 INFO c.h.h.t.HelmChartContainer - [hivemq-test-hivemq-platform] [hivemq-platform-operator] [82c4986f] 13:40:32.245 [ReconcilerExecutor-hivemq-controller-144] DEBUG c.h.p.o.HiveMQPlatformReconciler - [helmcont] Custom Resource Status ROLLING_RESTART - HiveMQ Platform is restarting Pods (rolling restart) (RESTART_PODS_IN_PROGRESS)
2025-01-29 13:40:32,247 INFO c.h.h.t.HelmChartContainer - [hivemq-test-hivemq-platform] [hivemq-platform-operator] [82c4986f] 13:40:32.245 [ReconcilerExecutor-hivemq-controller-144] DEBUG c.h.p.o.HiveMQPlatformReconciler - [helmcont] Custom Resource Spec (replicas: 1) (extensions: 1)
2025-01-29 13:40:32,247 INFO c.h.h.t.HelmChartContainer - [hivemq-test-hivemq-platform] [hivemq-platform-operator] [82c4986f] 13:40:32.246 [ReconcilerExecutor-hivemq-controller-144] DEBUG c.h.p.o.HiveMQPlatformReconciler - [helmcont] StatefulSet Status (revision: test-hivemq-platform-579f489c45, replicas: 2, available: 1, ready: 1, current: 0, updated: 2)
2025-01-29 13:40:32,247 INFO c.h.h.t.HelmChartContainer - [hivemq-test-hivemq-platform] [hivemq-platform-operator] [82c4986f] 13:40:32.246 [ReconcilerExecutor-hivemq-controller-144] DEBUG c.h.p.o.HiveMQPlatformReconciler - [helmcont] StatefulSet Spec (replicas: 2, init containers: 1, containers: 1, volumes: 3)
2025-01-29 13:40:32,248 INFO c.h.h.t.HelmChartContainer - [hivemq-test-hivemq-platform] [hivemq-platform-operator] [82c4986f] 13:40:32.248 [ReconcilerExecutor-hivemq-controller-144] DEBUG c.h.p.o.h.HiveMQPlatformReconcilerErrorHandler - [helmcont] Pod 'test-hivemq-platform-1' phase Running
2025-01-29 13:40:32,249 INFO c.h.h.t.HelmChartContainer - [hivemq-test-hivemq-platform] [hivemq-platform-operator] [82c4986f] 13:40:32.248 [ReconcilerExecutor-hivemq-controller-144] DEBUG c.h.p.o.h.HiveMQPlatformReconcilerErrorHandler - [helmcont] Pod 'test-hivemq-platform-0' phase Running
2025-01-29 13:40:32,250 INFO c.h.h.t.HelmChartContainer - [hivemq-test-hivemq-platform] [hivemq-platform-operator] [82c4986f] 13:40:32.249 [ReconcilerExecutor-hivemq-controller-144] DEBUG c.h.p.o.h.HiveMQPlatformReconcilerRollingRestartHandler - [helmcont] Rolling restart is waiting for 1 of 2 replicas
2025-01-29 13:40:33,016 INFO c.h.h.t.HelmChartContainer - [test-hivemq-platform] [hivemq] [6326137b] INFO  - Starting HiveMQ Enterprise Server
2025-01-29 13:40:33,103 INFO c.h.h.t.HelmChartContainer - [test-hivemq-platform] [hivemq] [6326137b] INFO  - HiveMQ version: 4.36.0
2025-01-29 13:40:33,103 INFO c.h.h.t.HelmChartContainer - [test-hivemq-platform] [hivemq] [6326137b] INFO  - HiveMQ home directory: /opt/hivemq
2025-01-29 13:40:33,103 INFO c.h.h.t.HelmChartContainer - [test-hivemq-platform] [hivemq] [6326137b] INFO  - Log Configuration was overridden by /opt/hivemq/conf/logback.xml
2025-01-29 13:40:34,417 INFO c.h.h.t.HelmChartContainer - [test-hivemq-platform] [hivemq] [6326137b] INFO  - Successfully loaded configuration from '/opt/hivemq/conf-k8s/config.xml'.
2025-01-29 13:40:34,816 INFO c.h.h.t.HelmChartContainer - [test-hivemq-platform] [hivemq] [6326137b] INFO  - This node's ID is 5sUuT
2025-01-29 13:40:34,817 INFO c.h.h.t.HelmChartContainer - [test-hivemq-platform] [hivemq] [6326137b] INFO  - Clustering is enabled
2025-01-29 13:40:37,507 INFO c.h.h.t.HelmChartContainer - [test-hivemq-platform] [hivemq] [6326137b] WARN  - [HiveMQ Platform Operator Init App 1.7.0-SNAPSHOT] Cannot connect to Health API for readiness: null
2025-01-29 13:40:37,513 INFO c.h.h.t.HelmChartContainer - [EVENT] Warning [Unhealthy] Readiness probe failed: HTTP probe failed with statuscode: 503 [helmcontainersecuritycontextupgradeplatformit:test-hivemq-platform-0]
2025-01-29 13:40:37,513 INFO c.h.h.t.HelmChartContainer - Received Unhealthy event for container hivemq in pod test-hivemq-platform-0 [6326137b-7258-4171-aa8e-6be01342c736]
2025-01-29 13:40:38,307 INFO c.h.h.t.HelmChartContainer - [test-hivemq-platform] [hivemq] [6326137b] WARN  - [HiveMQ Platform Operator Init App 1.7.0-SNAPSHOT] Cannot connect to Health API for liveness: null
2025-01-29 13:40:38,309 INFO c.h.h.t.HelmChartContainer - [test-hivemq-platform] [hivemq] [6326137b] INFO  - [HiveMQ Platform Operator Init App 1.7.0-SNAPSHOT] Returning default Health API response 200 for liveness
2025-01-29 13:40:42,219 INFO c.h.h.t.HelmChartContainer - [test-hivemq-platform] [hivemq] [6326137b] WARN  - [HiveMQ Platform Operator Init App 1.7.0-SNAPSHOT] Cannot connect to Health API for readiness: null
2025-01-29 13:40:42,223 INFO c.h.h.t.HelmChartContainer - [EVENT] Warning [Unhealthy] Readiness probe failed: HTTP probe failed with statuscode: 503 [helmcontainersecuritycontextupgradeplatformit:test-hivemq-platform-0]
2025-01-29 13:40:42,223 INFO c.h.h.t.HelmChartContainer - Received Unhealthy event for container hivemq in pod test-hivemq-platform-0 [6326137b-7258-4171-aa8e-6be01342c736]
2025-01-29 13:40:42,255 INFO c.h.h.t.HelmChartContainer - [hivemq-test-hivemq-platform] [hivemq-platform-operator] [82c4986f] 13:40:42.252 [pool-6-thread-49] DEBUG c.h.p.o.d.PlatformServiceResource - [helmcont] Desired Platform services (3 services)
2025-01-29 13:40:42,255 INFO c.h.h.t.HelmChartContainer - [hivemq-test-hivemq-platform] [hivemq-platform-operator] [82c4986f] 13:40:42.253 [pool-6-thread-44] DEBUG c.h.p.o.dependants.PodInfoConfigMap - [helmcont] Desired PodInfo ConfigMap (1 extensions) (1 enabled)
2025-01-29 13:40:42,255 INFO c.h.h.t.HelmChartContainer - [hivemq-test-hivemq-platform] [hivemq-platform-operator] [82c4986f] 13:40:42.253 [pool-6-thread-44] DEBUG c.h.p.o.dependants.PodInfoConfigMap - [helmcont] Desired PodInfo ConfigMap (metrics port: 9399) (metrics path: /)
2025-01-29 13:40:42,255 INFO c.h.h.t.HelmChartContainer - [hivemq-test-hivemq-platform] [hivemq-platform-operator] [82c4986f] 13:40:42.253 [pool-6-thread-44] DEBUG c.h.p.o.dependants.PodInfoConfigMap - [helmcont] Desired PodInfo ConfigMap (extension state hash: -1817474005)
2025-01-29 13:40:42,257 INFO c.h.h.t.HelmChartContainer - [hivemq-test-hivemq-platform] [hivemq-platform-operator] [82c4986f] 13:40:42.255 [pool-6-thread-47] DEBUG c.h.p.o.d.PodServiceAccountResource - [helmcont] Desired PodServiceAccountResource (serviceAccountName: hivemq-platform-pod-test-hivemq-platform)
2025-01-29 13:40:42,259 INFO c.h.h.t.HelmChartContainer - [hivemq-test-hivemq-platform] [hivemq-platform-operator] [82c4986f] 13:40:42.258 [pool-6-thread-49] DEBUG c.h.p.o.d.StatefulSetResource - [helmcont] Desired StatefulSet (2 replicas) for status ROLLING_RESTART (RESTART_PODS_IN_PROGRESS)
2025-01-29 13:40:42,261 INFO c.h.h.t.HelmChartContainer - [hivemq-test-hivemq-platform] [hivemq-platform-operator] [82c4986f] 13:40:42.260 [ReconcilerExecutor-hivemq-controller-145] INFO  c.h.p.o.HiveMQPlatformReconciler - [helmcont] Reconciling HiveMQ Platform 'test-hivemq-platform' in namespace 'helmcontainersecuritycontextupgradeplatformit'
2025-01-29 13:40:42,262 INFO c.h.h.t.HelmChartContainer - [hivemq-test-hivemq-platform] [hivemq-platform-operator] [82c4986f] 13:40:42.261 [ReconcilerExecutor-hivemq-controller-145] DEBUG c.h.p.o.HiveMQPlatformReconciler - [helmcont] Custom Resource Status ROLLING_RESTART - HiveMQ Platform is restarting Pods (rolling restart) (RESTART_PODS_IN_PROGRESS)
2025-01-29 13:40:42,262 INFO c.h.h.t.HelmChartContainer - [hivemq-test-hivemq-platform] [hivemq-platform-operator] [82c4986f] 13:40:42.261 [ReconcilerExecutor-hivemq-controller-145] DEBUG c.h.p.o.HiveMQPlatformReconciler - [helmcont] Custom Resource Spec (replicas: 1) (extensions: 1)
2025-01-29 13:40:42,263 INFO c.h.h.t.HelmChartContainer - [hivemq-test-hivemq-platform] [hivemq-platform-operator] [82c4986f] 13:40:42.262 [ReconcilerExecutor-hivemq-controller-145] DEBUG c.h.p.o.HiveMQPlatformReconciler - [helmcont] StatefulSet Status (revision: test-hivemq-platform-579f489c45, replicas: 2, available: 1, ready: 1, current: 0, updated: 2)
2025-01-29 13:40:42,263 INFO c.h.h.t.HelmChartContainer - [hivemq-test-hivemq-platform] [hivemq-platform-operator] [82c4986f] 13:40:42.262 [ReconcilerExecutor-hivemq-controller-145] DEBUG c.h.p.o.HiveMQPlatformReconciler - [helmcont] StatefulSet Spec (replicas: 2, init containers: 1, containers: 1, volumes: 3)
2025-01-29 13:40:42,264 INFO c.h.h.t.HelmChartContainer - [hivemq-test-hivemq-platform] [hivemq-platform-operator] [82c4986f] 13:40:42.263 [ReconcilerExecutor-hivemq-controller-145] DEBUG c.h.p.o.h.HiveMQPlatformReconcilerErrorHandler - [helmcont] Pod 'test-hivemq-platform-1' phase Running
2025-01-29 13:40:42,266 INFO c.h.h.t.HelmChartContainer - [hivemq-test-hivemq-platform] [hivemq-platform-operator] [82c4986f] 13:40:42.265 [ReconcilerExecutor-hivemq-controller-145] DEBUG c.h.p.o.h.HiveMQPlatformReconcilerErrorHandler - [helmcont] Pod 'test-hivemq-platform-0' phase Running
2025-01-29 13:40:42,267 INFO c.h.h.t.HelmChartContainer - [hivemq-test-hivemq-platform] [hivemq-platform-operator] [82c4986f] 13:40:42.266 [ReconcilerExecutor-hivemq-controller-145] DEBUG c.h.p.o.h.HiveMQPlatformReconcilerRollingRestartHandler - [helmcont] Rolling restart is waiting for 1 of 2 replicas
2025-01-29 13:40:47,217 INFO c.h.h.t.HelmChartContainer - [test-hivemq-platform] [hivemq] [6326137b] WARN  - [HiveMQ Platform Operator Init App 1.7.0-SNAPSHOT] Cannot connect to Health API for readiness: null
2025-01-29 13:40:47,221 INFO c.h.h.t.HelmChartContainer - [EVENT] Warning [Unhealthy] Readiness probe failed: HTTP probe failed with statuscode: 503 [helmcontainersecuritycontextupgradeplatformit:test-hivemq-platform-0]
2025-01-29 13:40:47,221 INFO c.h.h.t.HelmChartContainer - Received Unhealthy event for container hivemq in pod test-hivemq-platform-0 [6326137b-7258-4171-aa8e-6be01342c736]
2025-01-29 13:40:48,312 INFO c.h.h.t.HelmChartContainer - [test-hivemq-platform] [hivemq] [6326137b] INFO  - No valid license file found. Using trial license, restricted to 25 connections.
2025-01-29 13:40:52,118 INFO c.h.h.t.HelmChartContainer - [test-hivemq-platform] [hivemq] [6326137b] INFO  - No valid license file for Data Hub found. Using free license, restricted to 1 policy.
2025-01-29 13:40:52,270 INFO c.h.h.t.HelmChartContainer - [hivemq-test-hivemq-platform] [hivemq-platform-operator] [82c4986f] 13:40:52.268 [pool-6-thread-2] DEBUG c.h.p.o.d.PodServiceAccountResource - [helmcont] Desired PodServiceAccountResource (serviceAccountName: hivemq-platform-pod-test-hivemq-platform)
2025-01-29 13:40:52,270 INFO c.h.h.t.HelmChartContainer - [hivemq-test-hivemq-platform] [hivemq-platform-operator] [82c4986f] 13:40:52.269 [pool-6-thread-6] DEBUG c.h.p.o.dependants.PodInfoConfigMap - [helmcont] Desired PodInfo ConfigMap (1 extensions) (1 enabled)
2025-01-29 13:40:52,270 INFO c.h.h.t.HelmChartContainer - [hivemq-test-hivemq-platform] [hivemq-platform-operator] [82c4986f] 13:40:52.269 [pool-6-thread-6] DEBUG c.h.p.o.dependants.PodInfoConfigMap - [helmcont] Desired PodInfo ConfigMap (metrics port: 9399) (metrics path: /)
2025-01-29 13:40:52,270 INFO c.h.h.t.HelmChartContainer - [hivemq-test-hivemq-platform] [hivemq-platform-operator] [82c4986f] 13:40:52.269 [pool-6-thread-6] DEBUG c.h.p.o.dependants.PodInfoConfigMap - [helmcont] Desired PodInfo ConfigMap (extension state hash: -1817474005)
2025-01-29 13:40:52,270 INFO c.h.h.t.HelmChartContainer - [hivemq-test-hivemq-platform] [hivemq-platform-operator] [82c4986f] 13:40:52.268 [pool-6-thread-5] DEBUG c.h.p.o.d.PlatformServiceResource - [helmcont] Desired Platform services (3 services)
2025-01-29 13:40:52,274 INFO c.h.h.t.HelmChartContainer - [hivemq-test-hivemq-platform] [hivemq-platform-operator] [82c4986f] 13:40:52.273 [pool-6-thread-5] DEBUG c.h.p.o.d.StatefulSetResource - [helmcont] Desired StatefulSet (2 replicas) for status ROLLING_RESTART (RESTART_PODS_IN_PROGRESS)
2025-01-29 13:40:52,276 INFO c.h.h.t.HelmChartContainer - [hivemq-test-hivemq-platform] [hivemq-platform-operator] [82c4986f] 13:40:52.275 [ReconcilerExecutor-hivemq-controller-146] INFO  c.h.p.o.HiveMQPlatformReconciler - [helmcont] Reconciling HiveMQ Platform 'test-hivemq-platform' in namespace 'helmcontainersecuritycontextupgradeplatformit'
2025-01-29 13:40:52,277 INFO c.h.h.t.HelmChartContainer - [hivemq-test-hivemq-platform] [hivemq-platform-operator] [82c4986f] 13:40:52.275 [ReconcilerExecutor-hivemq-controller-146] DEBUG c.h.p.o.HiveMQPlatformReconciler - [helmcont] Custom Resource Status ROLLING_RESTART - HiveMQ Platform is restarting Pods (rolling restart) (RESTART_PODS_IN_PROGRESS)
2025-01-29 13:40:52,277 INFO c.h.h.t.HelmChartContainer - [hivemq-test-hivemq-platform] [hivemq-platform-operator] [82c4986f] 13:40:52.275 [ReconcilerExecutor-hivemq-controller-146] DEBUG c.h.p.o.HiveMQPlatformReconciler - [helmcont] Custom Resource Spec (replicas: 1) (extensions: 1)
2025-01-29 13:40:52,278 INFO c.h.h.t.HelmChartContainer - [hivemq-test-hivemq-platform] [hivemq-platform-operator] [82c4986f] 13:40:52.276 [ReconcilerExecutor-hivemq-controller-146] DEBUG c.h.p.o.HiveMQPlatformReconciler - [helmcont] StatefulSet Status (revision: test-hivemq-platform-579f489c45, replicas: 2, available: 1, ready: 1, current: 0, updated: 2)
2025-01-29 13:40:52,278 INFO c.h.h.t.HelmChartContainer - [hivemq-test-hivemq-platform] [hivemq-platform-operator] [82c4986f] 13:40:52.276 [ReconcilerExecutor-hivemq-controller-146] DEBUG c.h.p.o.HiveMQPlatformReconciler - [helmcont] StatefulSet Spec (replicas: 2, init containers: 1, containers: 1, volumes: 3)
2025-01-29 13:40:52,280 INFO c.h.h.t.HelmChartContainer - [hivemq-test-hivemq-platform] [hivemq-platform-operator] [82c4986f] 13:40:52.279 [ReconcilerExecutor-hivemq-controller-146] DEBUG c.h.p.o.h.HiveMQPlatformReconcilerErrorHandler - [helmcont] Pod 'test-hivemq-platform-1' phase Running
2025-01-29 13:40:52,281 INFO c.h.h.t.HelmChartContainer - [hivemq-test-hivemq-platform] [hivemq-platform-operator] [82c4986f] 13:40:52.281 [ReconcilerExecutor-hivemq-controller-146] DEBUG c.h.p.o.h.HiveMQPlatformReconcilerErrorHandler - [helmcont] Pod 'test-hivemq-platform-0' phase Running
2025-01-29 13:40:52,282 INFO c.h.h.t.HelmChartContainer - [hivemq-test-hivemq-platform] [hivemq-platform-operator] [82c4986f] 13:40:52.281 [ReconcilerExecutor-hivemq-controller-146] DEBUG c.h.p.o.h.HiveMQPlatformReconcilerRollingRestartHandler - [helmcont] Rolling restart is waiting for 1 of 2 replicas
2025-01-29 13:40:52,304 INFO c.h.h.t.HelmChartContainer - [test-hivemq-platform] [hivemq] [6326137b] WARN  - [HiveMQ Platform Operator Init App 1.7.0-SNAPSHOT] Cannot connect to Health API for readiness: null
2025-01-29 13:40:52,309 INFO c.h.h.t.HelmChartContainer - [EVENT] Warning [Unhealthy] Readiness probe failed: HTTP probe failed with statuscode: 503 [helmcontainersecuritycontextupgradeplatformit:test-hivemq-platform-0]
2025-01-29 13:40:52,310 INFO c.h.h.t.HelmChartContainer - Received Unhealthy event for container hivemq in pod test-hivemq-platform-0 [6326137b-7258-4171-aa8e-6be01342c736]
2025-01-29 13:40:53,717 INFO c.h.h.t.HelmChartContainer - [test-hivemq-platform] [hivemq] [6326137b] INFO  - Audit Logger started.
2025-01-29 13:40:54,033 INFO c.h.h.t.HelmChartContainer - [test-hivemq-platform] [hivemq] [6326137b] INFO  - This node uses '1' CPU cores.
2025-01-29 13:40:54,039 INFO c.h.h.t.HelmChartContainer - [test-hivemq-platform] [hivemq] [6326137b] INFO  - Starting HiveMQ Health API on address 0.0.0.0 and port 8889
2025-01-29 13:40:55,213 INFO c.h.h.t.HelmChartContainer - [test-hivemq-platform] [hivemq] [6326137b] INFO  - Started HiveMQ Health API in 1174ms
2025-01-29 13:40:56,122 INFO c.h.h.t.HelmChartContainer - [test-hivemq-platform] [hivemq] [6326137b] INFO  - Starting HiveMQ extension system.
2025-01-29 13:40:56,479 INFO c.h.h.t.HelmChartContainer - [test-hivemq-platform] [hivemq] [6326137b] INFO  - Starting extension with id "hivemq-dns-cluster-discovery" at /opt/hivemq/extensions/hivemq-dns-cluster-discovery
2025-01-29 13:40:57,006 INFO c.h.h.t.HelmChartContainer - [test-hivemq-platform] [hivemq] [6326137b] INFO  - Using TCP cluster transport on address 10.42.0.8 and port 7000
2025-01-29 13:40:57,008 INFO c.h.h.t.HelmChartContainer - [test-hivemq-platform] [hivemq] [6326137b] INFO  - Extension "DNS Cluster Discovery Extension" version 4.3.2 started successfully.
2025-01-29 13:40:57,008 INFO c.h.h.t.HelmChartContainer - [test-hivemq-platform] [hivemq] [6326137b] INFO  - Starting extension with id "hivemq-prometheus-extension" at /opt/hivemq/extensions/hivemq-prometheus-extension
2025-01-29 13:40:57,103 INFO c.h.h.t.HelmChartContainer - [test-hivemq-platform] [hivemq] [6326137b] INFO  - Using extension cluster discovery
2025-01-29 13:40:58,256 INFO c.h.h.t.HelmChartContainer - [EVENT] Warning [Unhealthy] Readiness probe failed: Get "http://10.42.0.8:7979/readiness": context deadline exceeded (Client.Timeout exceeded while awaiting headers) [helmcontainersecuritycontextupgradeplatformit:test-hivemq-platform-0]
2025-01-29 13:40:58,257 INFO c.h.h.t.HelmChartContainer - Received Unhealthy event for container hivemq in pod test-hivemq-platform-0 [6326137b-7258-4171-aa8e-6be01342c736]
2025-01-29 13:40:58,313 INFO c.h.h.t.HelmChartContainer - [test-hivemq-platform] [hivemq] [6326137b] INFO  - Started Jetty Server exposing Prometheus Servlet on URI http://0.0.0.0:9399/
2025-01-29 13:40:58,313 INFO c.h.h.t.HelmChartContainer - [test-hivemq-platform] [hivemq] [6326137b] INFO  - Extension "Prometheus Monitoring Extension" version 4.0.12 started successfully.
2025-01-29 13:40:58,313 INFO c.h.h.t.HelmChartContainer - [test-hivemq-platform] [hivemq] [6326137b] INFO  - Starting extension with id "hivemq-allow-all-extension" at /opt/hivemq/extensions/hivemq-allow-all-extension
2025-01-29 13:40:58,379 INFO c.h.h.t.HelmChartContainer - [test-hivemq-platform] [hivemq] [6326137b] WARN  - 
2025-01-29 13:40:58,379 INFO c.h.h.t.HelmChartContainer - [test-hivemq-platform] [hivemq] [6326137b] ################################################################################################################
2025-01-29 13:40:58,379 INFO c.h.h.t.HelmChartContainer - [test-hivemq-platform] [hivemq] [6326137b] # This HiveMQ deployment is not secure! You are lacking Authentication and Authorization.                      #
2025-01-29 13:40:58,379 INFO c.h.h.t.HelmChartContainer - [test-hivemq-platform] [hivemq] [6326137b] # Right now any MQTT client can connect to the broker with a full set of permissions.                          #
2025-01-29 13:40:58,379 INFO c.h.h.t.HelmChartContainer - [test-hivemq-platform] [hivemq] [6326137b] # For production usage, add an appropriate security extension and remove the hivemq-allow-all extension.       #
2025-01-29 13:40:58,379 INFO c.h.h.t.HelmChartContainer - [test-hivemq-platform] [hivemq] [6326137b] # You can download security extensions from the HiveMQ Marketplace (https://www.hivemq.com/extensions/).       #
2025-01-29 13:40:58,379 INFO c.h.h.t.HelmChartContainer - [test-hivemq-platform] [hivemq] [6326137b] ################################################################################################################
2025-01-29 13:40:58,402 INFO c.h.h.t.HelmChartContainer - [test-hivemq-platform] [hivemq] [6326137b] INFO  - Extension "Allow All Extension" version 1.1.1 started successfully.
2025-01-29 13:40:58,610 INFO c.h.h.t.HelmChartContainer - [test-hivemq-platform] [hivemq] [5992604f] INFO  - Cluster nodes found by discovery: [dKKdB|3] (2) [dKKdB, 5sUuT].
2025-01-29 13:40:58,708 INFO c.h.h.t.HelmChartContainer - [test-hivemq-platform] [hivemq] [6326137b] INFO  - Cluster nodes found by discovery: [dKKdB|3] (2) [dKKdB, 5sUuT].
2025-01-29 13:40:58,811 INFO c.h.h.t.HelmChartContainer - [test-hivemq-platform] [hivemq] [6326137b] INFO  - [HiveMQ Platform Operator Init App 1.7.0-SNAPSHOT] Returning Health API response 503 for readiness
2025-01-29 13:40:59,012 INFO c.h.h.t.HelmChartContainer - [test-hivemq-platform] [hivemq] [6326137b] INFO  - Cluster size = 1, members : [dKKdB].
2025-01-29 13:40:59,506 INFO c.h.h.t.HelmChartContainer - [test-hivemq-platform] [hivemq] [6326137b] INFO  - Starting cluster join process. This may take a while. Please do not shut down HiveMQ.
2025-01-29 13:40:59,506 INFO c.h.h.t.HelmChartContainer - [test-hivemq-platform] [hivemq] [6326137b] INFO  - Cluster join process is still ongoing. Please do not shut down HiveMQ.
2025-01-29 13:41:01,513 INFO c.h.h.t.HelmChartContainer - [test-hivemq-platform] [hivemq] [5992604f] INFO  - Cluster size = 2, members : [dKKdB, 5sUuT].
2025-01-29 13:41:01,523 INFO c.h.h.t.HelmChartContainer - [test-hivemq-platform] [hivemq] [6326137b] INFO  - Cluster size = 2, members : [dKKdB, 5sUuT].
2025-01-29 13:41:01,527 INFO c.h.h.t.HelmChartContainer - [test-hivemq-platform] [hivemq] [6326137b] INFO  - Finished cluster join process successfully.
2025-01-29 13:41:01,602 INFO c.h.h.t.HelmChartContainer - [test-hivemq-platform] [hivemq] [6326137b] WARN  - No user for HiveMQ Control Center configured. Starting with default user
2025-01-29 13:41:01,602 INFO c.h.h.t.HelmChartContainer - [test-hivemq-platform] [hivemq] [6326137b] INFO  - Starting HiveMQ Control Center on address 0.0.0.0 and port 8080
2025-01-29 13:41:01,611 INFO c.h.h.t.HelmChartContainer - [test-hivemq-platform] [hivemq] [6326137b] INFO  - Mounting HiveMQ Control Center V2 Preview
2025-01-29 13:41:02,289 INFO c.h.h.t.HelmChartContainer - [hivemq-test-hivemq-platform] [hivemq-platform-operator] [82c4986f] 13:41:02.285 [pool-6-thread-17] DEBUG c.h.p.o.d.PlatformServiceResource - [helmcont] Desired Platform services (3 services)
2025-01-29 13:41:02,289 INFO c.h.h.t.HelmChartContainer - [hivemq-test-hivemq-platform] [hivemq-platform-operator] [82c4986f] 13:41:02.285 [pool-6-thread-11] DEBUG c.h.p.o.dependants.PodInfoConfigMap - [helmcont] Desired PodInfo ConfigMap (1 extensions) (1 enabled)
2025-01-29 13:41:02,289 INFO c.h.h.t.HelmChartContainer - [hivemq-test-hivemq-platform] [hivemq-platform-operator] [82c4986f] 13:41:02.285 [pool-6-thread-11] DEBUG c.h.p.o.dependants.PodInfoConfigMap - [helmcont] Desired PodInfo ConfigMap (metrics port: 9399) (metrics path: /)
2025-01-29 13:41:02,289 INFO c.h.h.t.HelmChartContainer - [hivemq-test-hivemq-platform] [hivemq-platform-operator] [82c4986f] 13:41:02.285 [pool-6-thread-11] DEBUG c.h.p.o.dependants.PodInfoConfigMap - [helmcont] Desired PodInfo ConfigMap (extension state hash: -1817474005)
2025-01-29 13:41:02,289 INFO c.h.h.t.HelmChartContainer - [hivemq-test-hivemq-platform] [hivemq-platform-operator] [82c4986f] 13:41:02.286 [pool-6-thread-16] DEBUG c.h.p.o.d.PodServiceAccountResource - [helmcont] Desired PodServiceAccountResource (serviceAccountName: hivemq-platform-pod-test-hivemq-platform)
2025-01-29 13:41:02,292 INFO c.h.h.t.HelmChartContainer - [hivemq-test-hivemq-platform] [hivemq-platform-operator] [82c4986f] 13:41:02.290 [pool-6-thread-17] DEBUG c.h.p.o.d.StatefulSetResource - [helmcont] Desired StatefulSet (2 replicas) for status ROLLING_RESTART (RESTART_PODS_IN_PROGRESS)
2025-01-29 13:41:02,296 INFO c.h.h.t.HelmChartContainer - [hivemq-test-hivemq-platform] [hivemq-platform-operator] [82c4986f] 13:41:02.295 [ReconcilerExecutor-hivemq-controller-147] INFO  c.h.p.o.HiveMQPlatformReconciler - [helmcont] Reconciling HiveMQ Platform 'test-hivemq-platform' in namespace 'helmcontainersecuritycontextupgradeplatformit'
2025-01-29 13:41:02,298 INFO c.h.h.t.HelmChartContainer - [hivemq-test-hivemq-platform] [hivemq-platform-operator] [82c4986f] 13:41:02.295 [ReconcilerExecutor-hivemq-controller-147] DEBUG c.h.p.o.HiveMQPlatformReconciler - [helmcont] Custom Resource Status ROLLING_RESTART - HiveMQ Platform is restarting Pods (rolling restart) (RESTART_PODS_IN_PROGRESS)
2025-01-29 13:41:02,300 INFO c.h.h.t.HelmChartContainer - [hivemq-test-hivemq-platform] [hivemq-platform-operator] [82c4986f] 13:41:02.295 [ReconcilerExecutor-hivemq-controller-147] DEBUG c.h.p.o.HiveMQPlatformReconciler - [helmcont] Custom Resource Spec (replicas: 1) (extensions: 1)
2025-01-29 13:41:02,301 INFO c.h.h.t.HelmChartContainer - [hivemq-test-hivemq-platform] [hivemq-platform-operator] [82c4986f] 13:41:02.296 [ReconcilerExecutor-hivemq-controller-147] DEBUG c.h.p.o.HiveMQPlatformReconciler - [helmcont] StatefulSet Status (revision: test-hivemq-platform-579f489c45, replicas: 2, available: 1, ready: 1, current: 0, updated: 2)
2025-01-29 13:41:02,303 INFO c.h.h.t.HelmChartContainer - [hivemq-test-hivemq-platform] [hivemq-platform-operator] [82c4986f] 13:41:02.296 [ReconcilerExecutor-hivemq-controller-147] DEBUG c.h.p.o.HiveMQPlatformReconciler - [helmcont] StatefulSet Spec (replicas: 2, init containers: 1, containers: 1, volumes: 3)
2025-01-29 13:41:02,303 INFO c.h.h.t.HelmChartContainer - [hivemq-test-hivemq-platform] [hivemq-platform-operator] [82c4986f] 13:41:02.297 [ReconcilerExecutor-hivemq-controller-147] DEBUG c.h.p.o.h.HiveMQPlatformReconcilerErrorHandler - [helmcont] Pod 'test-hivemq-platform-1' phase Running
2025-01-29 13:41:02,308 INFO c.h.h.t.HelmChartContainer - [hivemq-test-hivemq-platform] [hivemq-platform-operator] [82c4986f] 13:41:02.298 [ReconcilerExecutor-hivemq-controller-147] DEBUG c.h.p.o.h.HiveMQPlatformReconcilerErrorHandler - [helmcont] Pod 'test-hivemq-platform-0' phase Running
2025-01-29 13:41:02,308 INFO c.h.h.t.HelmChartContainer - [hivemq-test-hivemq-platform] [hivemq-platform-operator] [82c4986f] 13:41:02.298 [ReconcilerExecutor-hivemq-controller-147] DEBUG c.h.p.o.h.HiveMQPlatformReconcilerRollingRestartHandler - [helmcont] Rolling restart is waiting for 1 of 2 replicas
2025-01-29 13:41:02,320 INFO c.h.h.t.HelmChartContainer - [EVENT] Warning [Unhealthy] Readiness probe failed: HTTP probe failed with statuscode: 503 [helmcontainersecuritycontextupgradeplatformit:test-hivemq-platform-0]
2025-01-29 13:41:02,323 INFO c.h.h.t.HelmChartContainer - [test-hivemq-platform] [hivemq] [6326137b] INFO  - Started HiveMQ Control Center in 721ms
2025-01-29 13:41:02,322 INFO c.h.h.t.HelmChartContainer - Received Unhealthy event for container hivemq in pod test-hivemq-platform-0 [6326137b-7258-4171-aa8e-6be01342c736]
2025-01-29 13:41:02,415 INFO c.h.h.t.HelmChartContainer - [test-hivemq-platform] [hivemq] [6326137b] INFO  - Starting TCP listener on address 0.0.0.0 and port 1884
2025-01-29 13:41:02,505 INFO c.h.h.t.HelmChartContainer - [test-hivemq-platform] [hivemq] [6326137b] INFO  - Started TCP Listener on address 0.0.0.0 and on port 1884.
2025-01-29 13:41:02,505 INFO c.h.h.t.HelmChartContainer - [test-hivemq-platform] [hivemq] [6326137b] INFO  - Started HiveMQ in 29796ms
2025-01-29 13:41:07,220 INFO c.h.h.t.HelmChartContainer - [test-hivemq-platform] [hivemq] [6326137b] INFO  - [HiveMQ Platform Operator Init App 1.7.0-SNAPSHOT] Returning Health API response 200 for readiness
2025-01-29 13:41:07,234 INFO c.h.h.t.HelmChartContainer - [POD] test-hivemq-platform-0 [6326137b-7258-4171-aa8e-6be01342c736] in helmcontainersecuritycontextupgradeplatformit was MODIFIED
2025-01-29 13:41:07,247 INFO c.h.h.t.HelmChartContainer - [hivemq-test-hivemq-platform] [hivemq-platform-operator] [82c4986f] 13:41:07.238 [pool-6-thread-28] DEBUG c.h.p.o.d.PlatformServiceResource - [helmcont] Desired Platform services (3 services)
2025-01-29 13:41:07,247 INFO c.h.h.t.HelmChartContainer - [hivemq-test-hivemq-platform] [hivemq-platform-operator] [82c4986f] 13:41:07.240 [pool-6-thread-27] DEBUG c.h.p.o.dependants.PodInfoConfigMap - [helmcont] Desired PodInfo ConfigMap (1 extensions) (1 enabled)
2025-01-29 13:41:07,247 INFO c.h.h.t.HelmChartContainer - [hivemq-test-hivemq-platform] [hivemq-platform-operator] [82c4986f] 13:41:07.240 [pool-6-thread-27] DEBUG c.h.p.o.dependants.PodInfoConfigMap - [helmcont] Desired PodInfo ConfigMap (metrics port: 9399) (metrics path: /)
2025-01-29 13:41:07,247 INFO c.h.h.t.HelmChartContainer - [hivemq-test-hivemq-platform] [hivemq-platform-operator] [82c4986f] 13:41:07.240 [pool-6-thread-27] DEBUG c.h.p.o.dependants.PodInfoConfigMap - [helmcont] Desired PodInfo ConfigMap (extension state hash: -1817474005)
2025-01-29 13:41:07,247 INFO c.h.h.t.HelmChartContainer - [hivemq-test-hivemq-platform] [hivemq-platform-operator] [82c4986f] 13:41:07.241 [pool-6-thread-27] DEBUG c.h.p.o.d.PodServiceAccountResource - [helmcont] Desired PodServiceAccountResource (serviceAccountName: hivemq-platform-pod-test-hivemq-platform)
2025-01-29 13:41:07,247 INFO c.h.h.t.HelmChartContainer - [hivemq-test-hivemq-platform] [hivemq-platform-operator] [82c4986f] 13:41:07.244 [pool-6-thread-29] DEBUG c.h.p.o.d.StatefulSetResource - [helmcont] Desired StatefulSet (2 replicas) for status ROLLING_RESTART (RESTART_PODS_IN_PROGRESS)
2025-01-29 13:41:07,257 INFO c.h.h.t.HelmChartContainer - [hivemq-test-hivemq-platform] [hivemq-platform-operator] [82c4986f] 13:41:07.250 [ReconcilerExecutor-hivemq-controller-148] INFO  c.h.p.o.HiveMQPlatformReconciler - [helmcont] Reconciling HiveMQ Platform 'test-hivemq-platform' in namespace 'helmcontainersecuritycontextupgradeplatformit'
2025-01-29 13:41:07,260 INFO c.h.h.t.HelmChartContainer - [hivemq-test-hivemq-platform] [hivemq-platform-operator] [82c4986f] 13:41:07.250 [ReconcilerExecutor-hivemq-controller-148] DEBUG c.h.p.o.HiveMQPlatformReconciler - [helmcont] Custom Resource Status ROLLING_RESTART - HiveMQ Platform is restarting Pods (rolling restart) (RESTART_PODS_IN_PROGRESS)
2025-01-29 13:41:07,260 INFO c.h.h.t.HelmChartContainer - [hivemq-test-hivemq-platform] [hivemq-platform-operator] [82c4986f] 13:41:07.250 [ReconcilerExecutor-hivemq-controller-148] DEBUG c.h.p.o.HiveMQPlatformReconciler - [helmcont] Custom Resource Spec (replicas: 1) (extensions: 1)
2025-01-29 13:41:07,260 INFO c.h.h.t.HelmChartContainer - [hivemq-test-hivemq-platform] [hivemq-platform-operator] [82c4986f] 13:41:07.252 [ReconcilerExecutor-hivemq-controller-148] DEBUG c.h.p.o.HiveMQPlatformReconciler - [helmcont] StatefulSet Status (revision: test-hivemq-platform-579f489c45, replicas: 2, available: 1, ready: 1, current: 0, updated: 2)
2025-01-29 13:41:07,260 INFO c.h.h.t.HelmChartContainer - [hivemq-test-hivemq-platform] [hivemq-platform-operator] [82c4986f] 13:41:07.252 [ReconcilerExecutor-hivemq-controller-148] DEBUG c.h.p.o.HiveMQPlatformReconciler - [helmcont] StatefulSet Spec (replicas: 2, init containers: 1, containers: 1, volumes: 3)
2025-01-29 13:41:07,260 INFO c.h.h.t.HelmChartContainer - [hivemq-test-hivemq-platform] [hivemq-platform-operator] [82c4986f] 13:41:07.254 [ReconcilerExecutor-hivemq-controller-148] DEBUG c.h.p.o.h.HiveMQPlatformReconcilerErrorHandler - [helmcont] Pod 'test-hivemq-platform-1' phase Running
2025-01-29 13:41:07,261 INFO c.h.h.t.HelmChartContainer - [hivemq-test-hivemq-platform] [hivemq-platform-operator] [82c4986f] 13:41:07.255 [ReconcilerExecutor-hivemq-controller-148] DEBUG c.h.p.o.h.HiveMQPlatformReconcilerErrorHandler - [helmcont] Pod 'test-hivemq-platform-0' phase Running
2025-01-29 13:41:07,261 INFO c.h.h.t.HelmChartContainer - [hivemq-test-hivemq-platform] [hivemq-platform-operator] [82c4986f] 13:41:07.256 [ReconcilerExecutor-hivemq-controller-148] DEBUG c.h.p.o.h.HiveMQPlatformReconcilerRollingRestartHandler - [helmcont] Rolling restart is waiting for 1 of 2 replicas
2025-01-29 13:41:07,327 INFO c.h.h.t.HelmChartContainer - [hivemq-test-hivemq-platform] [hivemq-platform-operator] [82c4986f] 13:41:07.324 [pool-6-thread-39] DEBUG c.h.p.o.d.PlatformServiceResource - [helmcont] Desired Platform services (3 services)
2025-01-29 13:41:07,328 INFO c.h.h.t.HelmChartContainer - [hivemq-test-hivemq-platform] [hivemq-platform-operator] [82c4986f] 13:41:07.327 [pool-6-thread-32] DEBUG c.h.p.o.d.PodServiceAccountResource - [helmcont] Desired PodServiceAccountResource (serviceAccountName: hivemq-platform-pod-test-hivemq-platform)
2025-01-29 13:41:07,329 INFO c.h.h.t.HelmChartContainer - [hivemq-test-hivemq-platform] [hivemq-platform-operator] [82c4986f] 13:41:07.327 [pool-6-thread-33] DEBUG c.h.p.o.dependants.PodInfoConfigMap - [helmcont] Desired PodInfo ConfigMap (1 extensions) (1 enabled)
2025-01-29 13:41:07,330 INFO c.h.h.t.HelmChartContainer - [hivemq-test-hivemq-platform] [hivemq-platform-operator] [82c4986f] 13:41:07.328 [pool-6-thread-33] DEBUG c.h.p.o.dependants.PodInfoConfigMap - [helmcont] Desired PodInfo ConfigMap (metrics port: 9399) (metrics path: /)
2025-01-29 13:41:07,330 INFO c.h.h.t.HelmChartContainer - [hivemq-test-hivemq-platform] [hivemq-platform-operator] [82c4986f] 13:41:07.328 [pool-6-thread-33] DEBUG c.h.p.o.dependants.PodInfoConfigMap - [helmcont] Desired PodInfo ConfigMap (extension state hash: -1817474005)
2025-01-29 13:41:07,332 INFO c.h.h.t.HelmChartContainer - [hivemq-test-hivemq-platform] [hivemq-platform-operator] [82c4986f] 13:41:07.330 [pool-6-thread-33] DEBUG c.h.p.o.d.StatefulSetResource - [helmcont] Desired StatefulSet (2 replicas) for status ROLLING_RESTART (RESTART_PODS_IN_PROGRESS)
2025-01-29 13:41:07,337 INFO c.h.h.t.HelmChartContainer - [hivemq-test-hivemq-platform] [hivemq-platform-operator] [82c4986f] 13:41:07.336 [ReconcilerExecutor-hivemq-controller-149] INFO  c.h.p.o.HiveMQPlatformReconciler - [helmcont] Reconciling HiveMQ Platform 'test-hivemq-platform' in namespace 'helmcontainersecuritycontextupgradeplatformit'
2025-01-29 13:41:07,338 INFO c.h.h.t.HelmChartContainer - [hivemq-test-hivemq-platform] [hivemq-platform-operator] [82c4986f] 13:41:07.336 [ReconcilerExecutor-hivemq-controller-149] DEBUG c.h.p.o.HiveMQPlatformReconciler - [helmcont] Custom Resource Status ROLLING_RESTART - HiveMQ Platform is restarting Pods (rolling restart) (RESTART_PODS_IN_PROGRESS)
2025-01-29 13:41:07,338 INFO c.h.h.t.HelmChartContainer - [hivemq-test-hivemq-platform] [hivemq-platform-operator] [82c4986f] 13:41:07.336 [ReconcilerExecutor-hivemq-controller-149] DEBUG c.h.p.o.HiveMQPlatformReconciler - [helmcont] Custom Resource Spec (replicas: 1) (extensions: 1)
2025-01-29 13:41:07,339 INFO c.h.h.t.HelmChartContainer - [hivemq-test-hivemq-platform] [hivemq-platform-operator] [82c4986f] 13:41:07.339 [ReconcilerExecutor-hivemq-controller-149] DEBUG c.h.p.o.HiveMQPlatformReconciler - [helmcont] StatefulSet Status (revision: test-hivemq-platform-579f489c45, replicas: 2, available: 2, ready: 2, current: 0, updated: 2)
2025-01-29 13:41:07,340 INFO c.h.h.t.HelmChartContainer - [hivemq-test-hivemq-platform] [hivemq-platform-operator] [82c4986f] 13:41:07.339 [ReconcilerExecutor-hivemq-controller-149] DEBUG c.h.p.o.HiveMQPlatformReconciler - [helmcont] StatefulSet Spec (replicas: 2, init containers: 1, containers: 1, volumes: 3)
2025-01-29 13:41:07,342 INFO c.h.h.t.HelmChartContainer - [hivemq-test-hivemq-platform] [hivemq-platform-operator] [82c4986f] 13:41:07.341 [ReconcilerExecutor-hivemq-controller-149] DEBUG c.h.p.o.h.HiveMQPlatformReconcilerErrorHandler - [helmcont] Pod 'test-hivemq-platform-1' phase Running
2025-01-29 13:41:07,343 INFO c.h.h.t.HelmChartContainer - [hivemq-test-hivemq-platform] [hivemq-platform-operator] [82c4986f] 13:41:07.342 [ReconcilerExecutor-hivemq-controller-149] DEBUG c.h.p.o.h.HiveMQPlatformReconcilerErrorHandler - [helmcont] Pod 'test-hivemq-platform-0' phase Running
2025-01-29 13:41:07,437 INFO c.h.h.t.HelmChartContainer - [hivemq-test-hivemq-platform] [hivemq-platform-operator] [82c4986f] 13:41:07.436 [ReconcilerExecutor-hivemq-controller-149] DEBUG c.h.p.o.h.HiveMQPlatformReconcilerRollingRestartHandler - [helmcont] Skipping Pod test-hivemq-platform-1 as it's already on the controller update revision (update revision: test-hivemq-platform-579f489c45, pod revision: test-hivemq-platform-579f489c45)
2025-01-29 13:41:07,441 INFO c.h.h.t.HelmChartContainer - [hivemq-test-hivemq-platform] [hivemq-platform-operator] [82c4986f] 13:41:07.440 [ReconcilerExecutor-hivemq-controller-149] DEBUG c.h.p.o.h.HiveMQPlatformReconcilerRollingRestartHandler - [helmcont] Skipping Pod test-hivemq-platform-0 as it's already on the controller update revision (update revision: test-hivemq-platform-579f489c45, pod revision: test-hivemq-platform-579f489c45)
2025-01-29 13:41:07,441 INFO c.h.h.t.HelmChartContainer - [hivemq-test-hivemq-platform] [hivemq-platform-operator] [82c4986f] 13:41:07.441 [ReconcilerExecutor-hivemq-controller-149] INFO  c.h.p.o.h.HiveMQPlatformReconcilerRollingRestartHandler - [helmcont] Stopping surge Pod
2025-01-29 13:41:07,525 INFO c.h.h.t.HelmChartContainer - [hivemq-test-hivemq-platform] [hivemq-platform-operator] [82c4986f] 13:41:07.524 [ReconcilerExecutor-hivemq-controller-149] DEBUG c.h.p.operator.event.EventSender - [helmcont] Creating K8s event rolling-restart-scale-down-in-progress: [RollingRestart] HiveMQ Platform is stopping the surge Pod (rolling restart)
2025-01-29 13:41:07,528 INFO c.h.h.t.HelmChartContainer - [EVENT] Normal [RollingRestart] HiveMQ Platform is stopping the surge Pod (rolling restart) [helmcontainersecuritycontextupgradeplatformit:test-hivemq-platform]
2025-01-29 13:41:07,530 INFO c.h.h.t.HelmChartContainer - [hivemq-test-hivemq-platform] [hivemq-platform-operator] [82c4986f] 13:41:07.529 [ReconcilerExecutor-hivemq-controller-149] INFO  c.h.p.o.h.AbstractHiveMQReconcilerStateHandler - [helmcont] Update HiveMQ Platform Status (ROLLING_RESTART [RESTART_PODS_IN_PROGRESS] -> ROLLING_RESTART [SCALE_DOWN_IN_PROGRESS]): HiveMQ Platform is stopping the surge Pod (rolling restart)
2025-01-29 13:41:07,537 DEBUG com.hivemq.helmcharts.util.K8sUtil - Comparing actual state 'ROLLING_RESTART' and waiting for 'RUNNING'
2025-01-29 13:41:08,263 INFO c.h.h.t.HelmChartContainer - [test-hivemq-platform] [hivemq] [6326137b] INFO  - [HiveMQ Platform Operator Init App 1.7.0-SNAPSHOT] Returning Health API response 200 for liveness
2025-01-29 13:41:17,547 INFO c.h.h.t.HelmChartContainer - [hivemq-test-hivemq-platform] [hivemq-platform-operator] [82c4986f] 13:41:17.542 [pool-6-thread-48] DEBUG c.h.p.o.d.PlatformServiceResource - [helmcont] Desired Platform services (3 services)
2025-01-29 13:41:17,547 INFO c.h.h.t.HelmChartContainer - [hivemq-test-hivemq-platform] [hivemq-platform-operator] [82c4986f] 13:41:17.542 [pool-6-thread-44] DEBUG c.h.p.o.dependants.PodInfoConfigMap - [helmcont] Desired PodInfo ConfigMap (1 extensions) (1 enabled)
2025-01-29 13:41:17,547 INFO c.h.h.t.HelmChartContainer - [hivemq-test-hivemq-platform] [hivemq-platform-operator] [82c4986f] 13:41:17.542 [pool-6-thread-44] DEBUG c.h.p.o.dependants.PodInfoConfigMap - [helmcont] Desired PodInfo ConfigMap (metrics port: 9399) (metrics path: /)
2025-01-29 13:41:17,547 INFO c.h.h.t.HelmChartContainer - [hivemq-test-hivemq-platform] [hivemq-platform-operator] [82c4986f] 13:41:17.542 [pool-6-thread-44] DEBUG c.h.p.o.dependants.PodInfoConfigMap - [helmcont] Desired PodInfo ConfigMap (extension state hash: -1817474005)
2025-01-29 13:41:17,547 INFO c.h.h.t.HelmChartContainer - [hivemq-test-hivemq-platform] [hivemq-platform-operator] [82c4986f] 13:41:17.542 [pool-6-thread-41] DEBUG c.h.p.o.d.PodServiceAccountResource - [helmcont] Desired PodServiceAccountResource (serviceAccountName: hivemq-platform-pod-test-hivemq-platform)
2025-01-29 13:41:17,547 INFO c.h.h.t.HelmChartContainer - [hivemq-test-hivemq-platform] [hivemq-platform-operator] [82c4986f] 13:41:17.543 [pool-6-thread-44] DEBUG c.h.p.o.dependants.PodInfoConfigMap - [helmcont] Update PodInfo ConfigMap
2025-01-29 13:41:17,553 INFO c.h.h.t.HelmChartContainer - [hivemq-test-hivemq-platform] [hivemq-platform-operator] [82c4986f] 13:41:17.552 [pool-6-thread-44] DEBUG c.h.p.o.d.StatefulSetResource - [helmcont] Desired StatefulSet (1 replicas) for status ROLLING_RESTART (SCALE_DOWN_IN_PROGRESS)
2025-01-29 13:41:17,557 INFO c.h.h.t.HelmChartContainer - [hivemq-test-hivemq-platform] [hivemq-platform-operator] [82c4986f] 13:41:17.556 [pool-6-thread-44] DEBUG c.h.p.o.d.StatefulSetResource - [helmcont] Update StatefulSet (replicas: 2 -> 1)
2025-01-29 13:41:17,634 INFO c.h.h.t.HelmChartContainer - [hivemq-test-hivemq-platform] [hivemq-platform-operator] [82c4986f] 13:41:17.632 [ReconcilerExecutor-hivemq-controller-150] INFO  c.h.p.o.HiveMQPlatformReconciler - [helmcont] Reconciling HiveMQ Platform 'test-hivemq-platform' in namespace 'helmcontainersecuritycontextupgradeplatformit'
2025-01-29 13:41:17,634 INFO c.h.h.t.HelmChartContainer - [hivemq-test-hivemq-platform] [hivemq-platform-operator] [82c4986f] 13:41:17.632 [ReconcilerExecutor-hivemq-controller-150] DEBUG c.h.p.o.HiveMQPlatformReconciler - [helmcont] Custom Resource Status ROLLING_RESTART - HiveMQ Platform is stopping the surge Pod (rolling restart) (SCALE_DOWN_IN_PROGRESS)
2025-01-29 13:41:17,634 INFO c.h.h.t.HelmChartContainer - [hivemq-test-hivemq-platform] [hivemq-platform-operator] [82c4986f] 13:41:17.632 [ReconcilerExecutor-hivemq-controller-150] DEBUG c.h.p.o.HiveMQPlatformReconciler - [helmcont] Custom Resource Spec (replicas: 1) (extensions: 1)
2025-01-29 13:41:17,639 INFO c.h.h.t.HelmChartContainer - [hivemq-test-hivemq-platform] [hivemq-platform-operator] [82c4986f] 13:41:17.633 [ReconcilerExecutor-hivemq-controller-150] DEBUG c.h.p.o.HiveMQPlatformReconciler - [helmcont] StatefulSet Status (revision: test-hivemq-platform-579f489c45, replicas: 2, available: 2, ready: 2, current: 0, updated: 2)
2025-01-29 13:41:17,639 INFO c.h.h.t.HelmChartContainer - [hivemq-test-hivemq-platform] [hivemq-platform-operator] [82c4986f] 13:41:17.633 [ReconcilerExecutor-hivemq-controller-150] DEBUG c.h.p.o.HiveMQPlatformReconciler - [helmcont] StatefulSet Spec (replicas: 1, init containers: 1, containers: 1, volumes: 3)
2025-01-29 13:41:17,641 INFO c.h.h.t.HelmChartContainer - [hivemq-test-hivemq-platform] [hivemq-platform-operator] [82c4986f] 13:41:17.635 [ReconcilerExecutor-hivemq-controller-150] DEBUG c.h.p.o.h.HiveMQPlatformReconcilerErrorHandler - [helmcont] Pod 'test-hivemq-platform-0' phase Running
2025-01-29 13:41:17,641 INFO c.h.h.t.HelmChartContainer - [hivemq-test-hivemq-platform] [hivemq-platform-operator] [82c4986f] 13:41:17.635 [ReconcilerExecutor-hivemq-controller-150] DEBUG c.h.p.o.h.HiveMQPlatformReconcilerRollingRestartHandler - [helmcont] Rolling restart is waiting for 2 of 1 replicas
2025-01-29 13:41:17,652 INFO c.h.h.t.HelmChartContainer - [hivemq-test-hivemq-platform] [hivemq-platform-operator] [82c4986f] 13:41:17.644 [pool-6-thread-2] DEBUG c.h.p.o.d.PlatformServiceResource - [helmcont] Desired Platform services (3 services)
2025-01-29 13:41:17,652 INFO c.h.h.t.HelmChartContainer - [POD] test-hivemq-platform-1 [5992604f-30da-41de-8f0b-a6b1aaff3ae0] in helmcontainersecuritycontextupgradeplatformit was MODIFIED
2025-01-29 13:41:17,655 INFO c.h.h.t.HelmChartContainer - [EVENT] Normal [SuccessfulDelete] delete Pod test-hivemq-platform-1 in StatefulSet test-hivemq-platform successful [helmcontainersecuritycontextupgradeplatformit:test-hivemq-platform]
2025-01-29 13:41:17,655 INFO c.h.h.t.HelmChartContainer - [hivemq-test-hivemq-platform] [hivemq-platform-operator] [82c4986f] 13:41:17.646 [pool-6-thread-9] DEBUG c.h.p.o.d.PodServiceAccountResource - [helmcont] Desired PodServiceAccountResource (serviceAccountName: hivemq-platform-pod-test-hivemq-platform)
2025-01-29 13:41:17,655 INFO c.h.h.t.HelmChartContainer - [hivemq-test-hivemq-platform] [hivemq-platform-operator] [82c4986f] 13:41:17.651 [pool-6-thread-7] DEBUG c.h.p.o.dependants.PodInfoConfigMap - [helmcont] Desired PodInfo ConfigMap (1 extensions) (1 enabled)
2025-01-29 13:41:17,655 INFO c.h.h.t.HelmChartContainer - [hivemq-test-hivemq-platform] [hivemq-platform-operator] [82c4986f] 13:41:17.651 [pool-6-thread-7] DEBUG c.h.p.o.dependants.PodInfoConfigMap - [helmcont] Desired PodInfo ConfigMap (metrics port: 9399) (metrics path: /)
2025-01-29 13:41:17,655 INFO c.h.h.t.HelmChartContainer - [hivemq-test-hivemq-platform] [hivemq-platform-operator] [82c4986f] 13:41:17.651 [pool-6-thread-7] DEBUG c.h.p.o.dependants.PodInfoConfigMap - [helmcont] Desired PodInfo ConfigMap (extension state hash: -1817474005)
2025-01-29 13:41:17,659 INFO c.h.h.t.HelmChartContainer - [EVENT] Normal [Killing] Stopping container hivemq [helmcontainersecuritycontextupgradeplatformit:test-hivemq-platform-1]
2025-01-29 13:41:17,659 INFO c.h.h.t.HelmChartContainer - Received Killing event for container hivemq in pod test-hivemq-platform-1 [5992604f-30da-41de-8f0b-a6b1aaff3ae0]
2025-01-29 13:41:17,659 INFO c.h.h.t.HelmChartContainer - Container [test-hivemq-platform-1] [hivemq] [5992604f-30da-41de-8f0b-a6b1aaff3ae0] was terminated
2025-01-29 13:41:17,659 INFO c.h.h.t.HelmChartContainer - Stopped log watcher for hivemq in pod test-hivemq-platform-1 [5992604f-30da-41de-8f0b-a6b1aaff3ae0]
2025-01-29 13:41:17,662 INFO c.h.h.t.HelmChartContainer - [test-hivemq-platform] [hivemq] [5992604f] INFO  - [HiveMQ Platform Operator Init App 1.7.0-SNAPSHOT] Shutting down
2025-01-29 13:41:17,662 INFO c.h.h.t.HelmChartContainer - [test-hivemq-platform] [hivemq] [5992604f] INFO  - [HiveMQ Platform Operator Init App 1.7.0-SNAPSHOT] Stopping the HiveMQ Platform
2025-01-29 13:41:17,662 INFO c.h.h.t.HelmChartContainer - [hivemq-test-hivemq-platform] [hivemq-platform-operator] [82c4986f] 13:41:17.656 [pool-6-thread-7] DEBUG c.h.p.o.d.StatefulSetResource - [helmcont] Desired StatefulSet (1 replicas) for status ROLLING_RESTART (SCALE_DOWN_IN_PROGRESS)
2025-01-29 13:41:17,670 INFO c.h.h.t.HelmChartContainer - [hivemq-test-hivemq-platform] [hivemq-platform-operator] [82c4986f] 13:41:17.660 [ReconcilerExecutor-hivemq-controller-153] INFO  c.h.p.o.HiveMQPlatformReconciler - [helmcont] Reconciling HiveMQ Platform 'test-hivemq-platform' in namespace 'helmcontainersecuritycontextupgradeplatformit'
2025-01-29 13:41:17,670 INFO c.h.h.t.HelmChartContainer - [hivemq-test-hivemq-platform] [hivemq-platform-operator] [82c4986f] 13:41:17.660 [ReconcilerExecutor-hivemq-controller-153] DEBUG c.h.p.o.HiveMQPlatformReconciler - [helmcont] Custom Resource Status ROLLING_RESTART - HiveMQ Platform is stopping the surge Pod (rolling restart) (SCALE_DOWN_IN_PROGRESS)
2025-01-29 13:41:17,670 INFO c.h.h.t.HelmChartContainer - [hivemq-test-hivemq-platform] [hivemq-platform-operator] [82c4986f] 13:41:17.660 [ReconcilerExecutor-hivemq-controller-153] DEBUG c.h.p.o.HiveMQPlatformReconciler - [helmcont] Custom Resource Spec (replicas: 1) (extensions: 1)
2025-01-29 13:41:17,671 INFO c.h.h.t.HelmChartContainer - [hivemq-test-hivemq-platform] [hivemq-platform-operator] [82c4986f] 13:41:17.662 [ReconcilerExecutor-hivemq-controller-153] DEBUG c.h.p.o.HiveMQPlatformReconciler - [helmcont] StatefulSet Status (revision: test-hivemq-platform-579f489c45, replicas: 2, available: 2, ready: 2, current: 0, updated: 2)
2025-01-29 13:41:17,671 INFO c.h.h.t.HelmChartContainer - [hivemq-test-hivemq-platform] [hivemq-platform-operator] [82c4986f] 13:41:17.662 [ReconcilerExecutor-hivemq-controller-153] DEBUG c.h.p.o.HiveMQPlatformReconciler - [helmcont] StatefulSet Spec (replicas: 1, init containers: 1, containers: 1, volumes: 3)
2025-01-29 13:41:17,671 INFO c.h.h.t.HelmChartContainer - [hivemq-test-hivemq-platform] [hivemq-platform-operator] [82c4986f] 13:41:17.663 [ReconcilerExecutor-hivemq-controller-153] DEBUG c.h.p.o.h.HiveMQPlatformReconcilerErrorHandler - [helmcont] Pod 'test-hivemq-platform-0' phase Running
2025-01-29 13:41:17,671 INFO c.h.h.t.HelmChartContainer - [hivemq-test-hivemq-platform] [hivemq-platform-operator] [82c4986f] 13:41:17.664 [ReconcilerExecutor-hivemq-controller-153] DEBUG c.h.p.o.h.HiveMQPlatformReconcilerRollingRestartHandler - [helmcont] Rolling restart is waiting for 2 of 1 replicas
2025-01-29 13:41:17,671 INFO c.h.h.t.HelmChartContainer - [hivemq-test-hivemq-platform] [hivemq-platform-operator] [82c4986f] 13:41:17.666 [pool-6-thread-16] DEBUG c.h.p.o.d.PlatformServiceResource - [helmcont] Desired Platform services (3 services)
2025-01-29 13:41:17,671 INFO c.h.h.t.HelmChartContainer - [hivemq-test-hivemq-platform] [hivemq-platform-operator] [82c4986f] 13:41:17.669 [pool-6-thread-20] DEBUG c.h.p.o.dependants.PodInfoConfigMap - [helmcont] Desired PodInfo ConfigMap (1 extensions) (1 enabled)
2025-01-29 13:41:17,724 INFO c.h.h.t.HelmChartContainer - [hivemq-test-hivemq-platform] [hivemq-platform-operator] [82c4986f] 13:41:17.669 [pool-6-thread-20] DEBUG c.h.p.o.dependants.PodInfoConfigMap - [helmcont] Desired PodInfo ConfigMap (metrics port: 9399) (metrics path: /)
2025-01-29 13:41:17,725 INFO c.h.h.t.HelmChartContainer - [hivemq-test-hivemq-platform] [hivemq-platform-operator] [82c4986f] 13:41:17.723 [pool-6-thread-20] DEBUG c.h.p.o.dependants.PodInfoConfigMap - [helmcont] Desired PodInfo ConfigMap (extension state hash: -1817474005)
2025-01-29 13:41:17,726 INFO c.h.h.t.HelmChartContainer - [hivemq-test-hivemq-platform] [hivemq-platform-operator] [82c4986f] 13:41:17.723 [pool-6-thread-12] DEBUG c.h.p.o.d.PodServiceAccountResource - [helmcont] Desired PodServiceAccountResource (serviceAccountName: hivemq-platform-pod-test-hivemq-platform)
2025-01-29 13:41:17,727 INFO c.h.h.t.HelmChartContainer - [hivemq-test-hivemq-platform] [hivemq-platform-operator] [82c4986f] 13:41:17.726 [pool-6-thread-20] DEBUG c.h.p.o.d.StatefulSetResource - [helmcont] Desired StatefulSet (1 replicas) for status ROLLING_RESTART (SCALE_DOWN_IN_PROGRESS)
2025-01-29 13:41:17,729 INFO c.h.h.t.HelmChartContainer - [hivemq-test-hivemq-platform] [hivemq-platform-operator] [82c4986f] 13:41:17.728 [ReconcilerExecutor-hivemq-controller-154] INFO  c.h.p.o.HiveMQPlatformReconciler - [helmcont] Reconciling HiveMQ Platform 'test-hivemq-platform' in namespace 'helmcontainersecuritycontextupgradeplatformit'
2025-01-29 13:41:17,729 INFO c.h.h.t.HelmChartContainer - [hivemq-test-hivemq-platform] [hivemq-platform-operator] [82c4986f] 13:41:17.728 [ReconcilerExecutor-hivemq-controller-154] DEBUG c.h.p.o.HiveMQPlatformReconciler - [helmcont] Custom Resource Status ROLLING_RESTART - HiveMQ Platform is stopping the surge Pod (rolling restart) (SCALE_DOWN_IN_PROGRESS)
2025-01-29 13:41:17,729 INFO c.h.h.t.HelmChartContainer - [hivemq-test-hivemq-platform] [hivemq-platform-operator] [82c4986f] 13:41:17.728 [ReconcilerExecutor-hivemq-controller-154] DEBUG c.h.p.o.HiveMQPlatformReconciler - [helmcont] Custom Resource Spec (replicas: 1) (extensions: 1)
2025-01-29 13:41:17,730 INFO c.h.h.t.HelmChartContainer - [hivemq-test-hivemq-platform] [hivemq-platform-operator] [82c4986f] 13:41:17.729 [ReconcilerExecutor-hivemq-controller-154] DEBUG c.h.p.o.HiveMQPlatformReconciler - [helmcont] StatefulSet Status (revision: test-hivemq-platform-579f489c45, replicas: 2, available: 2, ready: 2, current: 0, updated: 1)
2025-01-29 13:41:17,730 INFO c.h.h.t.HelmChartContainer - [hivemq-test-hivemq-platform] [hivemq-platform-operator] [82c4986f] 13:41:17.729 [ReconcilerExecutor-hivemq-controller-154] DEBUG c.h.p.o.HiveMQPlatformReconciler - [helmcont] StatefulSet Spec (replicas: 1, init containers: 1, containers: 1, volumes: 3)
2025-01-29 13:41:17,731 INFO c.h.h.t.HelmChartContainer - [hivemq-test-hivemq-platform] [hivemq-platform-operator] [82c4986f] 13:41:17.731 [ReconcilerExecutor-hivemq-controller-154] DEBUG c.h.p.o.h.HiveMQPlatformReconcilerErrorHandler - [helmcont] Pod 'test-hivemq-platform-0' phase Running
2025-01-29 13:41:17,732 INFO c.h.h.t.HelmChartContainer - [hivemq-test-hivemq-platform] [hivemq-platform-operator] [82c4986f] 13:41:17.731 [ReconcilerExecutor-hivemq-controller-154] DEBUG c.h.p.o.h.HiveMQPlatformReconcilerRollingRestartHandler - [helmcont] Rolling restart is waiting for 2 of 1 replicas
2025-01-29 13:41:17,734 INFO c.h.h.t.HelmChartContainer - [hivemq-test-hivemq-platform] [hivemq-platform-operator] [82c4986f] 13:41:17.733 [pool-6-thread-23] DEBUG c.h.p.o.dependants.PodInfoConfigMap - [helmcont] Desired PodInfo ConfigMap (1 extensions) (1 enabled)
2025-01-29 13:41:17,735 INFO c.h.h.t.HelmChartContainer - [hivemq-test-hivemq-platform] [hivemq-platform-operator] [82c4986f] 13:41:17.734 [pool-6-thread-23] DEBUG c.h.p.o.dependants.PodInfoConfigMap - [helmcont] Desired PodInfo ConfigMap (metrics port: 9399) (metrics path: /)
2025-01-29 13:41:17,735 INFO c.h.h.t.HelmChartContainer - [hivemq-test-hivemq-platform] [hivemq-platform-operator] [82c4986f] 13:41:17.734 [pool-6-thread-23] DEBUG c.h.p.o.dependants.PodInfoConfigMap - [helmcont] Desired PodInfo ConfigMap (extension state hash: -1817474005)
2025-01-29 13:41:17,736 INFO c.h.h.t.HelmChartContainer - [hivemq-test-hivemq-platform] [hivemq-platform-operator] [82c4986f] 13:41:17.734 [pool-6-thread-21] DEBUG c.h.p.o.d.PodServiceAccountResource - [helmcont] Desired PodServiceAccountResource (serviceAccountName: hivemq-platform-pod-test-hivemq-platform)
2025-01-29 13:41:17,736 INFO c.h.h.t.HelmChartContainer - [hivemq-test-hivemq-platform] [hivemq-platform-operator] [82c4986f] 13:41:17.734 [pool-6-thread-22] DEBUG c.h.p.o.d.PlatformServiceResource - [helmcont] Desired Platform services (3 services)
2025-01-29 13:41:17,738 INFO c.h.h.t.HelmChartContainer - [hivemq-test-hivemq-platform] [hivemq-platform-operator] [82c4986f] 13:41:17.737 [pool-6-thread-22] DEBUG c.h.p.o.d.StatefulSetResource - [helmcont] Desired StatefulSet (1 replicas) for status ROLLING_RESTART (SCALE_DOWN_IN_PROGRESS)
2025-01-29 13:41:17,740 INFO c.h.h.t.HelmChartContainer - [hivemq-test-hivemq-platform] [hivemq-platform-operator] [82c4986f] 13:41:17.739 [ReconcilerExecutor-hivemq-controller-155] INFO  c.h.p.o.HiveMQPlatformReconciler - [helmcont] Reconciling HiveMQ Platform 'test-hivemq-platform' in namespace 'helmcontainersecuritycontextupgradeplatformit'
2025-01-29 13:41:17,740 INFO c.h.h.t.HelmChartContainer - [hivemq-test-hivemq-platform] [hivemq-platform-operator] [82c4986f] 13:41:17.739 [ReconcilerExecutor-hivemq-controller-155] DEBUG c.h.p.o.HiveMQPlatformReconciler - [helmcont] Custom Resource Status ROLLING_RESTART - HiveMQ Platform is stopping the surge Pod (rolling restart) (SCALE_DOWN_IN_PROGRESS)
2025-01-29 13:41:17,740 INFO c.h.h.t.HelmChartContainer - [hivemq-test-hivemq-platform] [hivemq-platform-operator] [82c4986f] 13:41:17.739 [ReconcilerExecutor-hivemq-controller-155] DEBUG c.h.p.o.HiveMQPlatformReconciler - [helmcont] Custom Resource Spec (replicas: 1) (extensions: 1)
2025-01-29 13:41:17,741 INFO c.h.h.t.HelmChartContainer - [hivemq-test-hivemq-platform] [hivemq-platform-operator] [82c4986f] 13:41:17.740 [ReconcilerExecutor-hivemq-controller-155] DEBUG c.h.p.o.HiveMQPlatformReconciler - [helmcont] StatefulSet Status (revision: test-hivemq-platform-579f489c45, replicas: 2, available: 2, ready: 2, current: 0, updated: 1)
2025-01-29 13:41:17,741 INFO c.h.h.t.HelmChartContainer - [hivemq-test-hivemq-platform] [hivemq-platform-operator] [82c4986f] 13:41:17.740 [ReconcilerExecutor-hivemq-controller-155] DEBUG c.h.p.o.HiveMQPlatformReconciler - [helmcont] StatefulSet Spec (replicas: 1, init containers: 1, containers: 1, volumes: 3)
2025-01-29 13:41:17,742 INFO c.h.h.t.HelmChartContainer - [hivemq-test-hivemq-platform] [hivemq-platform-operator] [82c4986f] 13:41:17.742 [ReconcilerExecutor-hivemq-controller-155] DEBUG c.h.p.o.h.HiveMQPlatformReconcilerErrorHandler - [helmcont] Pod 'test-hivemq-platform-0' phase Running
2025-01-29 13:41:17,743 INFO c.h.h.t.HelmChartContainer - [hivemq-test-hivemq-platform] [hivemq-platform-operator] [82c4986f] 13:41:17.742 [ReconcilerExecutor-hivemq-controller-155] DEBUG c.h.p.o.h.HiveMQPlatformReconcilerRollingRestartHandler - [helmcont] Rolling restart is waiting for 2 of 1 replicas
2025-01-29 13:41:17,809 INFO c.h.h.t.HelmChartContainer - [test-hivemq-platform] [hivemq] [5992604f] INFO  - Shutting down HiveMQ. Please wait, this could take a while...
2025-01-29 13:41:17,885 INFO c.h.h.t.HelmChartContainer - [test-hivemq-platform] [hivemq] [5992604f] INFO  - Shutting down listeners and clients
2025-01-29 13:41:17,887 INFO c.h.h.t.HelmChartContainer - [test-hivemq-platform] [hivemq] [5992604f] INFO  - Shutdown of listeners is done
2025-01-29 13:41:17,888 INFO c.h.h.t.HelmChartContainer - [test-hivemq-platform] [hivemq] [5992604f] INFO  - No clients are connected, proceeding with shutdown
2025-01-29 13:41:20,909 INFO c.h.h.t.HelmChartContainer - [test-hivemq-platform] [hivemq] [5992604f] INFO  - [HiveMQ Platform Operator Init App 1.7.0-SNAPSHOT] Returning shutdown Health API response 503 for readiness
2025-01-29 13:41:20,914 INFO c.h.h.t.HelmChartContainer - [EVENT] Warning [Unhealthy] Readiness probe failed: HTTP probe failed with statuscode: 503 [helmcontainersecuritycontextupgradeplatformit:test-hivemq-platform-1]
2025-01-29 13:41:20,914 INFO c.h.h.t.HelmChartContainer - Received Unhealthy event for container hivemq in pod test-hivemq-platform-1 [5992604f-30da-41de-8f0b-a6b1aaff3ae0]
2025-01-29 13:41:21,118 INFO c.h.h.t.HelmChartContainer - [test-hivemq-platform] [hivemq] [5992604f] INFO  - Shutting down extension system
2025-01-29 13:41:21,120 INFO c.h.h.t.HelmChartContainer - [test-hivemq-platform] [hivemq] [5992604f] INFO  - Stopping extension with id hivemq-dns-cluster-discovery
2025-01-29 13:41:21,120 INFO c.h.h.t.HelmChartContainer - [test-hivemq-platform] [hivemq] [5992604f] INFO  - Extension "DNS Cluster Discovery Extension" version 4.3.2 stopped successfully.
2025-01-29 13:41:21,121 INFO c.h.h.t.HelmChartContainer - [test-hivemq-platform] [hivemq] [5992604f] INFO  - Stopping extension with id hivemq-prometheus-extension
2025-01-29 13:41:21,126 INFO c.h.h.t.HelmChartContainer - [test-hivemq-platform] [hivemq] [5992604f] INFO  - Extension "Prometheus Monitoring Extension" version 4.0.12 stopped successfully.
2025-01-29 13:41:21,127 INFO c.h.h.t.HelmChartContainer - [test-hivemq-platform] [hivemq] [5992604f] INFO  - Stopping extension with id hivemq-allow-all-extension
2025-01-29 13:41:21,127 INFO c.h.h.t.HelmChartContainer - [test-hivemq-platform] [hivemq] [5992604f] INFO  - Extension "Allow All Extension" version 1.1.1 stopped successfully.
2025-01-29 13:41:21,133 INFO c.h.h.t.HelmChartContainer - [test-hivemq-platform] [hivemq] [6326137b] INFO  - Cluster nodes found by discovery: [5sUuT|4] (1) [5sUuT].
2025-01-29 13:41:21,141 INFO c.h.h.t.HelmChartContainer - [test-hivemq-platform] [hivemq] [6326137b] INFO  - Cluster size = 1, members : [5sUuT].
2025-01-29 13:41:23,425 INFO c.h.h.t.HelmChartContainer - [test-hivemq-platform] [hivemq] [5992604f] INFO  - Shutdown completed.
2025-01-29 13:41:23,775 INFO c.h.h.t.HelmChartContainer - [test-hivemq-platform] [hivemq] [5992604f] INFO  - [HiveMQ Platform Operator Init App 1.7.0-SNAPSHOT] The HiveMQ Platform exited with code 143
2025-01-29 13:41:23,775 INFO c.h.h.t.HelmChartContainer - [test-hivemq-platform] [hivemq] [5992604f] INFO  - [HiveMQ Platform Operator Init App 1.7.0-SNAPSHOT] Stopping the REST API
2025-01-29 13:41:23,782 INFO c.h.h.t.HelmChartContainer - [test-hivemq-platform] [hivemq] [5992604f] INFO  - [HiveMQ Platform Operator Init App 1.7.0-SNAPSHOT] Shutdown complete
2025-01-29 13:41:24,265 INFO c.h.h.t.HelmChartContainer - [POD] test-hivemq-platform-1 [5992604f-30da-41de-8f0b-a6b1aaff3ae0] in helmcontainersecuritycontextupgradeplatformit was MODIFIED
2025-01-29 13:41:24,276 INFO c.h.h.t.HelmChartContainer - [hivemq-test-hivemq-platform] [hivemq-platform-operator] [82c4986f] 13:41:24.271 [pool-6-thread-36] DEBUG c.h.p.o.d.PlatformServiceResource - [helmcont] Desired Platform services (3 services)
2025-01-29 13:41:24,279 INFO c.h.h.t.HelmChartContainer - [hivemq-test-hivemq-platform] [hivemq-platform-operator] [82c4986f] 13:41:24.277 [pool-6-thread-35] DEBUG c.h.p.o.dependants.PodInfoConfigMap - [helmcont] Desired PodInfo ConfigMap (1 extensions) (1 enabled)
2025-01-29 13:41:24,279 INFO c.h.h.t.HelmChartContainer - [hivemq-test-hivemq-platform] [hivemq-platform-operator] [82c4986f] 13:41:24.278 [pool-6-thread-35] DEBUG c.h.p.o.dependants.PodInfoConfigMap - [helmcont] Desired PodInfo ConfigMap (metrics port: 9399) (metrics path: /)
2025-01-29 13:41:24,279 INFO c.h.h.t.HelmChartContainer - [hivemq-test-hivemq-platform] [hivemq-platform-operator] [82c4986f] 13:41:24.278 [pool-6-thread-35] DEBUG c.h.p.o.dependants.PodInfoConfigMap - [helmcont] Desired PodInfo ConfigMap (extension state hash: -1817474005)
2025-01-29 13:41:24,282 INFO c.h.h.t.HelmChartContainer - [hivemq-test-hivemq-platform] [hivemq-platform-operator] [82c4986f] 13:41:24.280 [pool-6-thread-34] DEBUG c.h.p.o.d.PodServiceAccountResource - [helmcont] Desired PodServiceAccountResource (serviceAccountName: hivemq-platform-pod-test-hivemq-platform)
2025-01-29 13:41:24,286 INFO c.h.h.t.HelmChartContainer - [hivemq-test-hivemq-platform] [hivemq-platform-operator] [82c4986f] 13:41:24.284 [pool-6-thread-34] DEBUG c.h.p.o.d.StatefulSetResource - [helmcont] Desired StatefulSet (1 replicas) for status ROLLING_RESTART (SCALE_DOWN_IN_PROGRESS)
2025-01-29 13:41:24,289 INFO c.h.h.t.HelmChartContainer - [hivemq-test-hivemq-platform] [hivemq-platform-operator] [82c4986f] 13:41:24.286 [ReconcilerExecutor-hivemq-controller-156] INFO  c.h.p.o.HiveMQPlatformReconciler - [helmcont] Reconciling HiveMQ Platform 'test-hivemq-platform' in namespace 'helmcontainersecuritycontextupgradeplatformit'
2025-01-29 13:41:24,289 INFO c.h.h.t.HelmChartContainer - [hivemq-test-hivemq-platform] [hivemq-platform-operator] [82c4986f] 13:41:24.286 [ReconcilerExecutor-hivemq-controller-156] DEBUG c.h.p.o.HiveMQPlatformReconciler - [helmcont] Custom Resource Status ROLLING_RESTART - HiveMQ Platform is stopping the surge Pod (rolling restart) (SCALE_DOWN_IN_PROGRESS)
2025-01-29 13:41:24,289 INFO c.h.h.t.HelmChartContainer - [hivemq-test-hivemq-platform] [hivemq-platform-operator] [82c4986f] 13:41:24.286 [ReconcilerExecutor-hivemq-controller-156] DEBUG c.h.p.o.HiveMQPlatformReconciler - [helmcont] Custom Resource Spec (replicas: 1) (extensions: 1)
2025-01-29 13:41:24,290 INFO c.h.h.t.HelmChartContainer - [hivemq-test-hivemq-platform] [hivemq-platform-operator] [82c4986f] 13:41:24.287 [ReconcilerExecutor-hivemq-controller-156] DEBUG c.h.p.o.HiveMQPlatformReconciler - [helmcont] StatefulSet Status (revision: test-hivemq-platform-579f489c45, replicas: 2, available: 1, ready: 1, current: 0, updated: 1)
2025-01-29 13:41:24,290 INFO c.h.h.t.HelmChartContainer - [hivemq-test-hivemq-platform] [hivemq-platform-operator] [82c4986f] 13:41:24.287 [ReconcilerExecutor-hivemq-controller-156] DEBUG c.h.p.o.HiveMQPlatformReconciler - [helmcont] StatefulSet Spec (replicas: 1, init containers: 1, containers: 1, volumes: 3)
2025-01-29 13:41:24,295 INFO c.h.h.t.HelmChartContainer - [hivemq-test-hivemq-platform] [hivemq-platform-operator] [82c4986f] 13:41:24.294 [ReconcilerExecutor-hivemq-controller-156] DEBUG c.h.p.o.h.HiveMQPlatformReconcilerErrorHandler - [helmcont] Pod 'test-hivemq-platform-0' phase Running
2025-01-29 13:41:24,296 INFO c.h.h.t.HelmChartContainer - [hivemq-test-hivemq-platform] [hivemq-platform-operator] [82c4986f] 13:41:24.295 [ReconcilerExecutor-hivemq-controller-156] INFO  c.h.p.o.h.HiveMQPlatformReconcilerRollingRestartHandler - [helmcont] Rolling restart is done
2025-01-29 13:41:24,331 INFO c.h.h.t.HelmChartContainer - [EVENT] Normal [Ready] HiveMQ Platform is ready [helmcontainersecuritycontextupgradeplatformit:test-hivemq-platform]
2025-01-29 13:41:24,331 INFO c.h.h.t.HelmChartContainer - [hivemq-test-hivemq-platform] [hivemq-platform-operator] [82c4986f] 13:41:24.329 [ReconcilerExecutor-hivemq-controller-156] DEBUG c.h.p.operator.event.EventSender - [helmcont] Updating K8s event hivemq-platform-ready: [Ready] HiveMQ Platform is ready
2025-01-29 13:41:24,331 INFO c.h.h.t.HelmChartContainer - [hivemq-test-hivemq-platform] [hivemq-platform-operator] [82c4986f] 13:41:24.329 [ReconcilerExecutor-hivemq-controller-156] INFO  c.h.p.o.h.AbstractHiveMQReconcilerStateHandler - [helmcont] Update HiveMQ Platform Status (ROLLING_RESTART [SCALE_DOWN_IN_PROGRESS] -> RUNNING [READY]): HiveMQ Platform is ready
2025-01-29 13:41:24,337 DEBUG com.hivemq.helmcharts.util.K8sUtil - Comparing actual state 'RUNNING' and waiting for 'RUNNING'
2025-01-29 13:41:24,342 INFO c.h.h.t.HelmChartContainer - Uninstalling release 'test-hivemq-platform' in namespace 'helmcontainersecuritycontextupgradeplatformit'...
2025-01-29 13:41:24,342 DEBUG c.h.h.t.HelmChartContainer - Executing helm command: /bin/helm --kubeconfig /etc/rancher/k3s/k3s.yaml uninstall test-hivemq-platform  --wait --timeout 5m0s --cascade foreground --namespace helmcontainersecuritycontextupgradeplatformit
2025-01-29 13:41:24,349 INFO c.h.h.t.HelmChartContainer - [hivemq-test-hivemq-platform] [hivemq-platform-operator] [82c4986f] 13:41:24.343 [pool-6-thread-42] DEBUG c.h.p.o.d.PlatformServiceResource - [helmcont] Desired Platform services (3 services)
2025-01-29 13:41:24,349 INFO c.h.h.t.HelmChartContainer - [hivemq-test-hivemq-platform] [hivemq-platform-operator] [82c4986f] 13:41:24.343 [pool-6-thread-41] DEBUG c.h.p.o.dependants.PodInfoConfigMap - [helmcont] Desired PodInfo ConfigMap (1 extensions) (1 enabled)
2025-01-29 13:41:24,349 INFO c.h.h.t.HelmChartContainer - [hivemq-test-hivemq-platform] [hivemq-platform-operator] [82c4986f] 13:41:24.343 [pool-6-thread-41] DEBUG c.h.p.o.dependants.PodInfoConfigMap - [helmcont] Desired PodInfo ConfigMap (metrics port: 9399) (metrics path: /)
2025-01-29 13:41:24,349 INFO c.h.h.t.HelmChartContainer - [hivemq-test-hivemq-platform] [hivemq-platform-operator] [82c4986f] 13:41:24.343 [pool-6-thread-41] DEBUG c.h.p.o.dependants.PodInfoConfigMap - [helmcont] Desired PodInfo ConfigMap (extension state hash: -1817474005)
2025-01-29 13:41:24,349 INFO c.h.h.t.HelmChartContainer - [hivemq-test-hivemq-platform] [hivemq-platform-operator] [82c4986f] 13:41:24.344 [pool-6-thread-41] DEBUG c.h.p.o.dependants.PodInfoConfigMap - [helmcont] Update PodInfo ConfigMap
2025-01-29 13:41:24,349 INFO c.h.h.t.HelmChartContainer - [hivemq-test-hivemq-platform] [hivemq-platform-operator] [82c4986f] 13:41:24.345 [pool-6-thread-46] DEBUG c.h.p.o.d.PodServiceAccountResource - [helmcont] Desired PodServiceAccountResource (serviceAccountName: hivemq-platform-pod-test-hivemq-platform)
2025-01-29 13:41:24,349 INFO c.h.h.t.HelmChartContainer - [K3S] [reconciler_common.go:162] "operationExecutor.UnmountVolume started for volume \"operator-init\" (UniqueName: \"kubernetes.io/empty-dir/5992604f-30da-41de-8f0b-a6b1aaff3ae0-operator-init\") pod \"5992604f-30da-41de-8f0b-a6b1aaff3ae0\" (UID: \"5992604f-30da-41de-8f0b-a6b1aaff3ae0\") "
2025-01-29 13:41:24,349 INFO c.h.h.t.HelmChartContainer - [K3S] [reconciler_common.go:162] "operationExecutor.UnmountVolume started for volume \"broker-configuration\" (UniqueName: \"kubernetes.io/configmap/5992604f-30da-41de-8f0b-a6b1aaff3ae0-broker-configuration\") pod \"5992604f-30da-41de-8f0b-a6b1aaff3ae0\" (UID: \"5992604f-30da-41de-8f0b-a6b1aaff3ae0\") "
2025-01-29 13:41:24,349 INFO c.h.h.t.HelmChartContainer - [K3S] [reconciler_common.go:162] "operationExecutor.UnmountVolume started for volume \"pod-info\" (UniqueName: \"kubernetes.io/configmap/5992604f-30da-41de-8f0b-a6b1aaff3ae0-pod-info\") pod \"5992604f-30da-41de-8f0b-a6b1aaff3ae0\" (UID: \"5992604f-30da-41de-8f0b-a6b1aaff3ae0\") "
2025-01-29 13:41:24,424 INFO c.h.h.t.HelmChartContainer - [hivemq-test-hivemq-platform] [hivemq-platform-operator] [82c4986f] 13:41:24.423 [pool-6-thread-41] DEBUG c.h.p.o.d.StatefulSetResource - [helmcont] Desired StatefulSet (1 replicas) for status RUNNING (READY)
2025-01-29 13:41:24,427 INFO c.h.h.t.HelmChartContainer - [hivemq-test-hivemq-platform] [hivemq-platform-operator] [82c4986f] 13:41:24.426 [ReconcilerExecutor-hivemq-controller-156] INFO  c.h.p.o.HiveMQPlatformReconciler - [helmcont] Reconciling HiveMQ Platform 'test-hivemq-platform' in namespace 'helmcontainersecuritycontextupgradeplatformit'
2025-01-29 13:41:24,429 INFO c.h.h.t.HelmChartContainer - [hivemq-test-hivemq-platform] [hivemq-platform-operator] [82c4986f] 13:41:24.426 [ReconcilerExecutor-hivemq-controller-156] DEBUG c.h.p.o.HiveMQPlatformReconciler - [helmcont] Custom Resource Status RUNNING - HiveMQ Platform is ready (READY)
2025-01-29 13:41:24,429 INFO c.h.h.t.HelmChartContainer - [hivemq-test-hivemq-platform] [hivemq-platform-operator] [82c4986f] 13:41:24.426 [ReconcilerExecutor-hivemq-controller-156] DEBUG c.h.p.o.HiveMQPlatformReconciler - [helmcont] Custom Resource Spec (replicas: 1) (extensions: 1)
2025-01-29 13:41:24,430 INFO c.h.h.t.HelmChartContainer - [hivemq-test-hivemq-platform] [hivemq-platform-operator] [82c4986f] 13:41:24.427 [ReconcilerExecutor-hivemq-controller-156] DEBUG c.h.p.o.HiveMQPlatformReconciler - [helmcont] StatefulSet Status (revision: test-hivemq-platform-579f489c45, replicas: 2, available: 1, ready: 1, current: 0, updated: 1)
2025-01-29 13:41:24,430 INFO c.h.h.t.HelmChartContainer - [hivemq-test-hivemq-platform] [hivemq-platform-operator] [82c4986f] 13:41:24.427 [ReconcilerExecutor-hivemq-controller-156] DEBUG c.h.p.o.HiveMQPlatformReconciler - [helmcont] StatefulSet Spec (replicas: 1, init containers: 1, containers: 1, volumes: 3)
2025-01-29 13:41:24,430 INFO c.h.h.t.HelmChartContainer - [hivemq-test-hivemq-platform] [hivemq-platform-operator] [82c4986f] 13:41:24.429 [ReconcilerExecutor-hivemq-controller-156] DEBUG c.h.p.o.h.HiveMQPlatformReconcilerErrorHandler - [helmcont] Pod 'test-hivemq-platform-0' phase Running
2025-01-29 13:41:24,447 INFO c.h.h.t.HelmChartContainer - [K3S] [reconciler_common.go:162] "operationExecutor.UnmountVolume started for volume \"kube-api-access-jhxdv\" (UniqueName: \"kubernetes.io/projected/5992604f-30da-41de-8f0b-a6b1aaff3ae0-kube-api-access-jhxdv\") pod \"5992604f-30da-41de-8f0b-a6b1aaff3ae0\" (UID: \"5992604f-30da-41de-8f0b-a6b1aaff3ae0\") "
2025-01-29 13:41:24,447 INFO c.h.h.t.HelmChartContainer - [K3S] [reconciler_common.go:299] "Volume detached for volume \"operator-init\" (UniqueName: \"kubernetes.io/empty-dir/5992604f-30da-41de-8f0b-a6b1aaff3ae0-operator-init\") on node \"ddd52fe05997\" DevicePath \"\""
2025-01-29 13:41:24,447 INFO c.h.h.t.HelmChartContainer - [K3S] [reconciler_common.go:299] "Volume detached for volume \"broker-configuration\" (UniqueName: \"kubernetes.io/configmap/5992604f-30da-41de-8f0b-a6b1aaff3ae0-broker-configuration\") on node \"ddd52fe05997\" DevicePath \"\""
2025-01-29 13:41:24,447 INFO c.h.h.t.HelmChartContainer - [K3S] [reconciler_common.go:299] "Volume detached for volume \"pod-info\" (UniqueName: \"kubernetes.io/configmap/5992604f-30da-41de-8f0b-a6b1aaff3ae0-pod-info\") on node \"ddd52fe05997\" DevicePath \"\""
2025-01-29 13:41:24,546 INFO c.h.h.t.HelmChartContainer - [K3S] [reconciler_common.go:299] "Volume detached for volume \"kube-api-access-jhxdv\" (UniqueName: \"kubernetes.io/projected/5992604f-30da-41de-8f0b-a6b1aaff3ae0-kube-api-access-jhxdv\") on node \"ddd52fe05997\" DevicePath \"\""
2025-01-29 13:41:24,631 INFO c.h.h.t.HelmChartContainer - [hivemq-test-hivemq-platform] [hivemq-platform-operator] [82c4986f] 13:41:24.630 [pool-6-thread-8] DEBUG c.h.p.o.d.PlatformServiceResource - [helmcont] Desired Platform services (3 services)
2025-01-29 13:41:24,634 INFO c.h.h.t.HelmChartContainer - [hivemq-test-hivemq-platform] [hivemq-platform-operator] [82c4986f] 13:41:24.633 [pool-6-thread-2] DEBUG c.h.p.o.dependants.PodInfoConfigMap - [helmcont] Desired PodInfo ConfigMap (1 extensions) (1 enabled)
2025-01-29 13:41:24,636 INFO c.h.h.t.HelmChartContainer - [hivemq-test-hivemq-platform] [hivemq-platform-operator] [82c4986f] 13:41:24.633 [pool-6-thread-2] DEBUG c.h.p.o.dependants.PodInfoConfigMap - [helmcont] Desired PodInfo ConfigMap (metrics port: 9399) (metrics path: /)
2025-01-29 13:41:24,636 INFO c.h.h.t.HelmChartContainer - [hivemq-test-hivemq-platform] [hivemq-platform-operator] [82c4986f] 13:41:24.633 [pool-6-thread-2] DEBUG c.h.p.o.dependants.PodInfoConfigMap - [helmcont] Desired PodInfo ConfigMap (extension state hash: -1817474005)
2025-01-29 13:41:24,636 INFO c.h.h.t.HelmChartContainer - [hivemq-test-hivemq-platform] [hivemq-platform-operator] [82c4986f] 13:41:24.634 [pool-6-thread-2] DEBUG c.h.p.o.dependants.PodInfoConfigMap - [helmcont] Create PodInfo ConfigMap
2025-01-29 13:41:24,636 INFO c.h.h.t.HelmChartContainer - [hivemq-test-hivemq-platform] [hivemq-platform-operator] [82c4986f] 13:41:24.635 [pool-6-thread-9] DEBUG c.h.p.o.d.PodServiceAccountResource - [helmcont] Desired PodServiceAccountResource (serviceAccountName: hivemq-platform-pod-test-hivemq-platform)
2025-01-29 13:41:24,706 INFO c.h.h.t.HelmChartContainer - [K3S] [scope.go:117] "RemoveContainer" containerID="1ffca0166bbcefc56518538e2d7f59af0567301b163e8c0d1e10954873a0225c"
2025-01-29 13:41:24,720 INFO c.h.h.t.HelmChartContainer - [POD] test-hivemq-platform-1 [5992604f-30da-41de-8f0b-a6b1aaff3ae0] in helmcontainersecuritycontextupgradeplatformit was MODIFIED
2025-01-29 13:41:24,728 INFO c.h.h.t.HelmChartContainer - [POD] test-hivemq-platform-1 [5992604f-30da-41de-8f0b-a6b1aaff3ae0] in helmcontainersecuritycontextupgradeplatformit was DELETED
2025-01-29 13:41:24,740 INFO c.h.h.t.HelmChartContainer - [hivemq-test-hivemq-platform] [hivemq-platform-operator] [82c4986f] 13:41:24.734 [pool-6-thread-6] DEBUG c.h.p.o.d.StatefulSetResource - [helmcont] Desired StatefulSet (1 replicas) for status RUNNING (READY)
2025-01-29 13:41:24,745 INFO c.h.h.t.HelmChartContainer - [hivemq-test-hivemq-platform] [hivemq-platform-operator] [82c4986f] 13:41:24.743 [pool-6-thread-6] DEBUG c.h.p.o.d.StatefulSetResource - [helmcont] Update StatefulSet (replicas: 1 -> 1)
2025-01-29 13:41:24,745 INFO c.h.h.t.HelmChartContainer - [hivemq-test-hivemq-platform] [hivemq-platform-operator] [82c4986f] 13:41:24.743 [pool-6-thread-6] DEBUG c.h.p.o.d.StatefulSetResource - [helmcont] Detected change in StatefulSet specification (path: /template/metadata/annotations/kubernetes-resource-versions) (actual value: {broker-configuration-v2=1242811043}) (target value: {broker-configuration-v2=0})
2025-01-29 13:41:24,745 INFO c.h.h.t.HelmChartContainer - [hivemq-test-hivemq-platform] [hivemq-platform-operator] [82c4986f] 13:41:24.744 [pool-6-thread-6] INFO  c.h.p.o.d.StatefulSetResource - [helmcont] StatefulSet spec was updated, triggering rolling restart
2025-01-29 13:41:24,848 INFO c.h.h.t.HelmChartContainer - [hivemq-test-hivemq-platform] [hivemq-platform-operator] [82c4986f] 13:41:24.836 [ReconcilerExecutor-hivemq-controller-53] INFO  c.h.p.o.HiveMQPlatformReconciler - [helmcont] Reconciling HiveMQ Platform 'test-hivemq-platform' in namespace 'helmcontainersecuritycontextupgradeplatformit'
2025-01-29 13:41:24,848 INFO c.h.h.t.HelmChartContainer - [hivemq-test-hivemq-platform] [hivemq-platform-operator] [82c4986f] 13:41:24.836 [ReconcilerExecutor-hivemq-controller-53] DEBUG c.h.p.o.HiveMQPlatformReconciler - [helmcont] Custom Resource Status RUNNING - HiveMQ Platform is ready (READY) (reconciliation requests: REQUESTS_UPDATED, ROLLING_RESTART)
2025-01-29 13:41:24,848 INFO c.h.h.t.HelmChartContainer - [hivemq-test-hivemq-platform] [hivemq-platform-operator] [82c4986f] 13:41:24.836 [ReconcilerExecutor-hivemq-controller-53] DEBUG c.h.p.o.HiveMQPlatformReconciler - [helmcont] Custom Resource Spec (replicas: 1) (extensions: 1)
2025-01-29 13:41:24,848 INFO c.h.h.t.HelmChartContainer - [hivemq-test-hivemq-platform] [hivemq-platform-operator] [82c4986f] 13:41:24.837 [ReconcilerExecutor-hivemq-controller-53] WARN  c.h.p.o.h.HiveMQPlatformReconcilerErrorHandler - [helmcont] Could not find ConfigMap 'hivemq-configuration-test-hivemq-platform' for HiveMQ Platform configuration
2025-01-29 13:41:24,849 INFO c.h.h.t.HelmChartContainer - [K3S] [scope.go:117] "RemoveContainer" containerID="943c161dd4c88a82ef1573d92b9a64851fe895a30a1e8edf75533944c41ccbb9"
2025-01-29 13:41:24,854 INFO c.h.h.t.HelmChartContainer - [K3S] [scope.go:117] "RemoveContainer" containerID="1ffca0166bbcefc56518538e2d7f59af0567301b163e8c0d1e10954873a0225c"
2025-01-29 13:41:24,854 INFO c.h.h.t.HelmChartContainer - [K3S] [scope.go:117] "RemoveContainer" containerID="943c161dd4c88a82ef1573d92b9a64851fe895a30a1e8edf75533944c41ccbb9"
2025-01-29 13:41:24,931 INFO c.h.h.t.HelmChartContainer - [hivemq-test-hivemq-platform] [hivemq-platform-operator] [82c4986f] 13:41:24.929 [ReconcilerExecutor-hivemq-controller-53] DEBUG c.h.p.operator.event.EventSender - [helmcont] Creating K8s event hivemq-platform-invalid-configuration: [Start] Could not find ConfigMap 'hivemq-configuration-test-hivemq-platform' for HiveMQ Platform configuration
2025-01-29 13:41:24,934 INFO c.h.h.t.HelmChartContainer - [EVENT] Warning [Start] Could not find ConfigMap 'hivemq-configuration-test-hivemq-platform' for HiveMQ Platform configuration [helmcontainersecuritycontextupgradeplatformit:test-hivemq-platform]
2025-01-29 13:41:24,935 INFO c.h.h.t.HelmChartContainer - [hivemq-test-hivemq-platform] [hivemq-platform-operator] [82c4986f] 13:41:24.934 [ReconcilerExecutor-hivemq-controller-53] INFO  c.h.p.o.h.AbstractHiveMQReconcilerStateHandler - [helmcont] Update HiveMQ Platform Status (RUNNING [READY] -> ERROR [INVALID_CONFIG_MAP]): Could not find ConfigMap 'hivemq-configuration-test-hivemq-platform' for HiveMQ Platform configuration (reconciliation requests: ROLLING_RESTART)
2025-01-29 13:41:24,946 INFO c.h.h.t.HelmChartContainer - [hivemq-test-hivemq-platform] [hivemq-platform-operator] [82c4986f] 13:41:24.941 [ReconcilerExecutor-hivemq-controller-53] ERROR i.j.o.p.event.EventProcessor - Error during event processing ExecutionScope{ resource id: ResourceID{name='test-hivemq-platform', namespace='helmcontainersecuritycontextupgradeplatformit'}, version: 796}
2025-01-29 13:41:24,946 INFO c.h.h.t.HelmChartContainer - [hivemq-test-hivemq-platform] [hivemq-platform-operator] [82c4986f] io.fabric8.kubernetes.client.KubernetesClientException: Failure executing: PUT at: https://10.43.0.1:443/apis/hivemq.com/v1/namespaces/helmcontainersecuritycontextupgradeplatformit/hivemq-platforms/test-hivemq-platform/status. Message: Operation cannot be fulfilled on hivemq-platforms.hivemq.com "test-hivemq-platform": the object has been modified; please apply your changes to the latest version and try again. Received status: Status(apiVersion=v1, code=409, details=StatusDetails(causes=[], group=hivemq.com, kind=hivemq-platforms, name=test-hivemq-platform, retryAfterSeconds=null, uid=null, additionalProperties={}), kind=Status, message=Operation cannot be fulfilled on hivemq-platforms.hivemq.com "test-hivemq-platform": the object has been modified; please apply your changes to the latest version and try again, metadata=ListMeta(_continue=null, remainingItemCount=null, resourceVersion=null, selfLink=null, additionalProperties={}), reason=Conflict, status=Failure, additionalProperties={}).
2025-01-29 13:41:24,946 INFO c.h.h.t.HelmChartContainer - [hivemq-test-hivemq-platform] [hivemq-platform-operator] [82c4986f] 	at io.fabric8.kubernetes.client.KubernetesClientException.copyAsCause(KubernetesClientException.java:238)
2025-01-29 13:41:24,946 INFO c.h.h.t.HelmChartContainer - [hivemq-test-hivemq-platform] [hivemq-platform-operator] [82c4986f] 	at io.fabric8.kubernetes.client.dsl.internal.OperationSupport.waitForResult(OperationSupport.java:507)
2025-01-29 13:41:24,946 INFO c.h.h.t.HelmChartContainer - [hivemq-test-hivemq-platform] [hivemq-platform-operator] [82c4986f] 	at io.fabric8.kubernetes.client.dsl.internal.OperationSupport.handleResponse(OperationSupport.java:524)
2025-01-29 13:41:24,946 INFO c.h.h.t.HelmChartContainer - [hivemq-test-hivemq-platform] [hivemq-platform-operator] [82c4986f] 	at io.fabric8.kubernetes.client.dsl.internal.OperationSupport.handleUpdate(OperationSupport.java:358)
2025-01-29 13:41:24,946 INFO c.h.h.t.HelmChartContainer - [hivemq-test-hivemq-platform] [hivemq-platform-operator] [82c4986f] 	at io.fabric8.kubernetes.client.dsl.internal.BaseOperation.handleUpdate(BaseOperation.java:759)
2025-01-29 13:41:24,946 INFO c.h.h.t.HelmChartContainer - [hivemq-test-hivemq-platform] [hivemq-platform-operator] [82c4986f] 	at io.fabric8.kubernetes.client.dsl.internal.HasMetadataOperation.update(HasMetadataOperation.java:138)
2025-01-29 13:41:24,946 INFO c.h.h.t.HelmChartContainer - [hivemq-test-hivemq-platform] [hivemq-platform-operator] [82c4986f] 	at io.fabric8.kubernetes.client.dsl.internal.HasMetadataOperation.update(HasMetadataOperation.java:121)
2025-01-29 13:41:24,946 INFO c.h.h.t.HelmChartContainer - [hivemq-test-hivemq-platform] [hivemq-platform-operator] [82c4986f] 	at io.fabric8.kubernetes.client.dsl.internal.HasMetadataOperation.updateStatus(HasMetadataOperation.java:126)
2025-01-29 13:41:24,946 INFO c.h.h.t.HelmChartContainer - [hivemq-test-hivemq-platform] [hivemq-platform-operator] [82c4986f] 	at io.fabric8.kubernetes.client.dsl.internal.HasMetadataOperation.updateStatus(HasMetadataOperation.java:44)
2025-01-29 13:41:24,946 INFO c.h.h.t.HelmChartContainer - [hivemq-test-hivemq-platform] [hivemq-platform-operator] [82c4986f] 	at io.javaoperatorsdk.operator.processing.event.ReconciliationDispatcher$CustomResourceFacade.updateStatus(ReconciliationDispatcher.java:408)
2025-01-29 13:41:24,946 INFO c.h.h.t.HelmChartContainer - [hivemq-test-hivemq-platform] [hivemq-platform-operator] [82c4986f] 	at io.javaoperatorsdk.operator.processing.event.ReconciliationDispatcher.updateStatusGenerationAware(ReconciliationDispatcher.java:228)
2025-01-29 13:41:24,946 INFO c.h.h.t.HelmChartContainer - [hivemq-test-hivemq-platform] [hivemq-platform-operator] [82c4986f] 	at io.javaoperatorsdk.operator.processing.event.ReconciliationDispatcher.reconcileExecution(ReconciliationDispatcher.java:150)
2025-01-29 13:41:24,946 INFO c.h.h.t.HelmChartContainer - [hivemq-test-hivemq-platform] [hivemq-platform-operator] [82c4986f] 	at io.javaoperatorsdk.operator.processing.event.ReconciliationDispatcher.handleReconcile(ReconciliationDispatcher.java:117)
2025-01-29 13:41:24,946 INFO c.h.h.t.HelmChartContainer - [hivemq-test-hivemq-platform] [hivemq-platform-operator] [82c4986f] 	at io.javaoperatorsdk.operator.processing.event.ReconciliationDispatcher.handleDispatch(ReconciliationDispatcher.java:91)
2025-01-29 13:41:24,946 INFO c.h.h.t.HelmChartContainer - [hivemq-test-hivemq-platform] [hivemq-platform-operator] [82c4986f] 	at io.javaoperatorsdk.operator.processing.event.ReconciliationDispatcher.handleExecution(ReconciliationDispatcher.java:64)
2025-01-29 13:41:24,946 INFO c.h.h.t.HelmChartContainer - [hivemq-test-hivemq-platform] [hivemq-platform-operator] [82c4986f] 	at io.javaoperatorsdk.operator.processing.event.EventProcessor$ReconcilerExecutor.run(EventProcessor.java:452)
2025-01-29 13:41:24,946 INFO c.h.h.t.HelmChartContainer - [hivemq-test-hivemq-platform] [hivemq-platform-operator] [82c4986f] 	at java.base/java.util.concurrent.ThreadPoolExecutor.runWorker(Unknown Source)
2025-01-29 13:41:24,946 INFO c.h.h.t.HelmChartContainer - [hivemq-test-hivemq-platform] [hivemq-platform-operator] [82c4986f] 	at java.base/java.util.concurrent.ThreadPoolExecutor$Worker.run(Unknown Source)
2025-01-29 13:41:24,946 INFO c.h.h.t.HelmChartContainer - [hivemq-test-hivemq-platform] [hivemq-platform-operator] [82c4986f] 	at java.base/java.lang.Thread.run(Unknown Source)
2025-01-29 13:41:24,946 INFO c.h.h.t.HelmChartContainer - [hivemq-test-hivemq-platform] [hivemq-platform-operator] [82c4986f] Caused by: io.fabric8.kubernetes.client.KubernetesClientException: Failure executing: PUT at: https://10.43.0.1:443/apis/hivemq.com/v1/namespaces/helmcontainersecuritycontextupgradeplatformit/hivemq-platforms/test-hivemq-platform/status. Message: Operation cannot be fulfilled on hivemq-platforms.hivemq.com "test-hivemq-platform": the object has been modified; please apply your changes to the latest version and try again. Received status: Status(apiVersion=v1, code=409, details=StatusDetails(causes=[], group=hivemq.com, kind=hivemq-platforms, name=test-hivemq-platform, retryAfterSeconds=null, uid=null, additionalProperties={}), kind=Status, message=Operation cannot be fulfilled on hivemq-platforms.hivemq.com "test-hivemq-platform": the object has been modified; please apply your changes to the latest version and try again, metadata=ListMeta(_continue=null, remainingItemCount=null, resourceVersion=null, selfLink=null, additionalProperties={}), reason=Conflict, status=Failure, additionalProperties={}).
2025-01-29 13:41:24,946 INFO c.h.h.t.HelmChartContainer - [hivemq-test-hivemq-platform] [hivemq-platform-operator] [82c4986f] 	at io.fabric8.kubernetes.client.dsl.internal.OperationSupport.requestFailure(OperationSupport.java:660)
2025-01-29 13:41:24,946 INFO c.h.h.t.HelmChartContainer - [hivemq-test-hivemq-platform] [hivemq-platform-operator] [82c4986f] 	at io.fabric8.kubernetes.client.dsl.internal.OperationSupport.requestFailure(OperationSupport.java:640)
2025-01-29 13:41:24,946 INFO c.h.h.t.HelmChartContainer - [hivemq-test-hivemq-platform] [hivemq-platform-operator] [82c4986f] 	at io.fabric8.kubernetes.client.dsl.internal.OperationSupport.assertResponseCode(OperationSupport.java:589)
2025-01-29 13:41:24,946 INFO c.h.h.t.HelmChartContainer - [hivemq-test-hivemq-platform] [hivemq-platform-operator] [82c4986f] 	at io.fabric8.kubernetes.client.dsl.internal.OperationSupport.lambda$handleResponse$0(OperationSupport.java:549)
2025-01-29 13:41:24,946 INFO c.h.h.t.HelmChartContainer - [hivemq-test-hivemq-platform] [hivemq-platform-operator] [82c4986f] 	at java.base/java.util.concurrent.CompletableFuture$UniApply.tryFire(Unknown Source)
2025-01-29 13:41:24,946 INFO c.h.h.t.HelmChartContainer - [hivemq-test-hivemq-platform] [hivemq-platform-operator] [82c4986f] 	at java.base/java.util.concurrent.CompletableFuture.postComplete(Unknown Source)
2025-01-29 13:41:24,946 INFO c.h.h.t.HelmChartContainer - [hivemq-test-hivemq-platform] [hivemq-platform-operator] [82c4986f] 	at java.base/java.util.concurrent.CompletableFuture.complete(Unknown Source)
2025-01-29 13:41:24,946 INFO c.h.h.t.HelmChartContainer - [hivemq-test-hivemq-platform] [hivemq-platform-operator] [82c4986f] 	at io.fabric8.kubernetes.client.http.StandardHttpClient.lambda$completeOrCancel$10(StandardHttpClient.java:141)
2025-01-29 13:41:24,949 INFO c.h.h.t.HelmChartContainer - [hivemq-test-hivemq-platform] [hivemq-platform-operator] [82c4986f] 	at java.base/java.util.concurrent.CompletableFuture.uniWhenComplete(Unknown Source)
2025-01-29 13:41:24,949 INFO c.h.h.t.HelmChartContainer - [hivemq-test-hivemq-platform] [hivemq-platform-operator] [82c4986f] 	at java.base/java.util.concurrent.CompletableFuture$UniWhenComplete.tryFire(Unknown Source)
2025-01-29 13:41:24,949 INFO c.h.h.t.HelmChartContainer - [hivemq-test-hivemq-platform] [hivemq-platform-operator] [82c4986f] 	at java.base/java.util.concurrent.CompletableFuture.postComplete(Unknown Source)
2025-01-29 13:41:24,949 INFO c.h.h.t.HelmChartContainer - [hivemq-test-hivemq-platform] [hivemq-platform-operator] [82c4986f] 	at java.base/java.util.concurrent.CompletableFuture.complete(Unknown Source)
2025-01-29 13:41:24,949 INFO c.h.h.t.HelmChartContainer - [hivemq-test-hivemq-platform] [hivemq-platform-operator] [82c4986f] 	at io.fabric8.kubernetes.client.http.ByteArrayBodyHandler.onBodyDone(ByteArrayBodyHandler.java:51)
2025-01-29 13:41:24,949 INFO c.h.h.t.HelmChartContainer - [hivemq-test-hivemq-platform] [hivemq-platform-operator] [82c4986f] 	at java.base/java.util.concurrent.CompletableFuture.uniWhenComplete(Unknown Source)
2025-01-29 13:41:24,949 INFO c.h.h.t.HelmChartContainer - [hivemq-test-hivemq-platform] [hivemq-platform-operator] [82c4986f] 	at java.base/java.util.concurrent.CompletableFuture$UniWhenComplete.tryFire(Unknown Source)
2025-01-29 13:41:24,949 INFO c.h.h.t.HelmChartContainer - [hivemq-test-hivemq-platform] [hivemq-platform-operator] [82c4986f] 	at java.base/java.util.concurrent.CompletableFuture.postComplete(Unknown Source)
2025-01-29 13:41:24,949 INFO c.h.h.t.HelmChartContainer - [hivemq-test-hivemq-platform] [hivemq-platform-operator] [82c4986f] 	at java.base/java.util.concurrent.CompletableFuture.complete(Unknown Source)
2025-01-29 13:41:24,949 INFO c.h.h.t.HelmChartContainer - [hivemq-test-hivemq-platform] [hivemq-platform-operator] [82c4986f] 	at io.fabric8.kubernetes.client.vertx.VertxHttpRequest.lambda$null$1(VertxHttpRequest.java:121)
2025-01-29 13:41:24,949 INFO c.h.h.t.HelmChartContainer - [hivemq-test-hivemq-platform] [hivemq-platform-operator] [82c4986f] 	at io.vertx.core.impl.ContextInternal.dispatch(ContextInternal.java:279)
2025-01-29 13:41:24,949 INFO c.h.h.t.HelmChartContainer - [hivemq-test-hivemq-platform] [hivemq-platform-operator] [82c4986f] 	at io.vertx.core.impl.ContextInternal.dispatch(ContextInternal.java:261)
2025-01-29 13:41:24,949 INFO c.h.h.t.HelmChartContainer - [hivemq-test-hivemq-platform] [hivemq-platform-operator] [82c4986f] 	at io.vertx.core.http.impl.HttpEventHandler.handleEnd(HttpEventHandler.java:76)
2025-01-29 13:41:24,949 INFO c.h.h.t.HelmChartContainer - [hivemq-test-hivemq-platform] [hivemq-platform-operator] [82c4986f] 	at io.vertx.core.http.impl.HttpClientResponseImpl.handleEnd(HttpClientResponseImpl.java:250)
2025-01-29 13:41:24,949 INFO c.h.h.t.HelmChartContainer - [hivemq-test-hivemq-platform] [hivemq-platform-operator] [82c4986f] 	at io.vertx.core.http.impl.Http1xClientConnection$StreamImpl.lambda$new$0(Http1xClientConnection.java:421)
2025-01-29 13:41:24,949 INFO c.h.h.t.HelmChartContainer - [hivemq-test-hivemq-platform] [hivemq-platform-operator] [82c4986f] 	at io.vertx.core.streams.impl.InboundBuffer.handleEvent(InboundBuffer.java:279)
2025-01-29 13:41:24,949 INFO c.h.h.t.HelmChartContainer - [hivemq-test-hivemq-platform] [hivemq-platform-operator] [82c4986f] 	at io.vertx.core.streams.impl.InboundBuffer.write(InboundBuffer.java:157)
2025-01-29 13:41:24,949 INFO c.h.h.t.HelmChartContainer - [hivemq-test-hivemq-platform] [hivemq-platform-operator] [82c4986f] 	at io.vertx.core.http.impl.Http1xClientConnection$StreamImpl.handleEnd(Http1xClientConnection.java:709)
2025-01-29 13:41:24,949 INFO c.h.h.t.HelmChartContainer - [hivemq-test-hivemq-platform] [hivemq-platform-operator] [82c4986f] 	at io.vertx.core.impl.ContextImpl.execute(ContextImpl.java:313)
2025-01-29 13:41:24,949 INFO c.h.h.t.HelmChartContainer - [hivemq-test-hivemq-platform] [hivemq-platform-operator] [82c4986f] 	at io.vertx.core.impl.ContextImpl.execute(ContextImpl.java:293)
2025-01-29 13:41:24,949 INFO c.h.h.t.HelmChartContainer - [hivemq-test-hivemq-platform] [hivemq-platform-operator] [82c4986f] 	at io.vertx.core.http.impl.Http1xClientConnection.handleResponseEnd(Http1xClientConnection.java:940)
2025-01-29 13:41:24,949 INFO c.h.h.t.HelmChartContainer - [hivemq-test-hivemq-platform] [hivemq-platform-operator] [82c4986f] 	at io.vertx.core.http.impl.Http1xClientConnection.handleHttpMessage(Http1xClientConnection.java:810)
2025-01-29 13:41:24,949 INFO c.h.h.t.HelmChartContainer - [hivemq-test-hivemq-platform] [hivemq-platform-operator] [82c4986f] 	at io.vertx.core.http.impl.Http1xClientConnection.handleMessage(Http1xClientConnection.java:774)
2025-01-29 13:41:24,949 INFO c.h.h.t.HelmChartContainer - [hivemq-test-hivemq-platform] [hivemq-platform-operator] [82c4986f] 	at io.vertx.core.net.impl.ConnectionBase.read(ConnectionBase.java:159)
2025-01-29 13:41:24,949 INFO c.h.h.t.HelmChartContainer - [hivemq-test-hivemq-platform] [hivemq-platform-operator] [82c4986f] 	at io.vertx.core.net.impl.VertxHandler.channelRead(VertxHandler.java:153)
2025-01-29 13:41:24,949 INFO c.h.h.t.HelmChartContainer - [hivemq-test-hivemq-platform] [hivemq-platform-operator] [82c4986f] 	at io.netty.channel.AbstractChannelHandlerContext.invokeChannelRead(AbstractChannelHandlerContext.java:442)
2025-01-29 13:41:24,949 INFO c.h.h.t.HelmChartContainer - [hivemq-test-hivemq-platform] [hivemq-platform-operator] [82c4986f] 	at io.netty.channel.AbstractChannelHandlerContext.invokeChannelRead(AbstractChannelHandlerContext.java:420)
2025-01-29 13:41:24,949 INFO c.h.h.t.HelmChartContainer - [hivemq-test-hivemq-platform] [hivemq-platform-operator] [82c4986f] 	at io.netty.channel.AbstractChannelHandlerContext.fireChannelRead(AbstractChannelHandlerContext.java:412)
2025-01-29 13:41:24,949 INFO c.h.h.t.HelmChartContainer - [hivemq-test-hivemq-platform] [hivemq-platform-operator] [82c4986f] 	at io.netty.channel.CombinedChannelDuplexHandler$DelegatingChannelHandlerContext.fireChannelRead(CombinedChannelDuplexHandler.java:436)
2025-01-29 13:41:24,949 INFO c.h.h.t.HelmChartContainer - [hivemq-test-hivemq-platform] [hivemq-platform-operator] [82c4986f] 	at io.netty.handler.codec.ByteToMessageDecoder.fireChannelRead(ByteToMessageDecoder.java:346)
2025-01-29 13:41:24,949 INFO c.h.h.t.HelmChartContainer - [hivemq-test-hivemq-platform] [hivemq-platform-operator] [82c4986f] 	at io.netty.handler.codec.ByteToMessageDecoder.channelRead(ByteToMessageDecoder.java:318)
2025-01-29 13:41:24,949 INFO c.h.h.t.HelmChartContainer - [hivemq-test-hivemq-platform] [hivemq-platform-operator] [82c4986f] 	at io.netty.channel.CombinedChannelDuplexHandler.channelRead(CombinedChannelDuplexHandler.java:251)
2025-01-29 13:41:24,949 INFO c.h.h.t.HelmChartContainer - [hivemq-test-hivemq-platform] [hivemq-platform-operator] [82c4986f] 	at io.netty.channel.AbstractChannelHandlerContext.invokeChannelRead(AbstractChannelHandlerContext.java:442)
2025-01-29 13:41:24,950 INFO c.h.h.t.HelmChartContainer - [hivemq-test-hivemq-platform] [hivemq-platform-operator] [82c4986f] 	at io.netty.channel.AbstractChannelHandlerContext.invokeChannelRead(AbstractChannelHandlerContext.java:420)
2025-01-29 13:41:24,950 INFO c.h.h.t.HelmChartContainer - [hivemq-test-hivemq-platform] [hivemq-platform-operator] [82c4986f] 	at io.netty.channel.AbstractChannelHandlerContext.fireChannelRead(AbstractChannelHandlerContext.java:412)
2025-01-29 13:41:24,950 INFO c.h.h.t.HelmChartContainer - [hivemq-test-hivemq-platform] [hivemq-platform-operator] [82c4986f] 	at io.netty.handler.ssl.SslHandler.unwrap(SslHandler.java:1475)
2025-01-29 13:41:24,950 INFO c.h.h.t.HelmChartContainer - [hivemq-test-hivemq-platform] [hivemq-platform-operator] [82c4986f] 	at io.netty.handler.ssl.SslHandler.decodeJdkCompatible(SslHandler.java:1338)
2025-01-29 13:41:24,950 INFO c.h.h.t.HelmChartContainer - [hivemq-test-hivemq-platform] [hivemq-platform-operator] [82c4986f] 	at io.netty.handler.ssl.SslHandler.decode(SslHandler.java:1387)
2025-01-29 13:41:24,950 INFO c.h.h.t.HelmChartContainer - [hivemq-test-hivemq-platform] [hivemq-platform-operator] [82c4986f] 	at io.netty.handler.codec.ByteToMessageDecoder.decodeRemovalReentryProtection(ByteToMessageDecoder.java:530)
2025-01-29 13:41:24,950 INFO c.h.h.t.HelmChartContainer - [hivemq-test-hivemq-platform] [hivemq-platform-operator] [82c4986f] 	at io.netty.handler.codec.ByteToMessageDecoder.callDecode(ByteToMessageDecoder.java:469)
2025-01-29 13:41:24,950 INFO c.h.h.t.HelmChartContainer - [hivemq-test-hivemq-platform] [hivemq-platform-operator] [82c4986f] 	at io.netty.handler.codec.ByteToMessageDecoder.channelRead(ByteToMessageDecoder.java:290)
2025-01-29 13:41:24,950 INFO c.h.h.t.HelmChartContainer - [hivemq-test-hivemq-platform] [hivemq-platform-operator] [82c4986f] 	at io.netty.channel.AbstractChannelHandlerContext.invokeChannelRead(AbstractChannelHandlerContext.java:444)
2025-01-29 13:41:24,950 INFO c.h.h.t.HelmChartContainer - [hivemq-test-hivemq-platform] [hivemq-platform-operator] [82c4986f] 	at io.netty.channel.AbstractChannelHandlerContext.invokeChannelRead(AbstractChannelHandlerContext.java:420)
2025-01-29 13:41:24,950 INFO c.h.h.t.HelmChartContainer - [hivemq-test-hivemq-platform] [hivemq-platform-operator] [82c4986f] 	at io.netty.channel.AbstractChannelHandlerContext.fireChannelRead(AbstractChannelHandlerContext.java:412)
2025-01-29 13:41:24,950 INFO c.h.h.t.HelmChartContainer - [hivemq-test-hivemq-platform] [hivemq-platform-operator] [82c4986f] 	at io.netty.channel.DefaultChannelPipeline$HeadContext.channelRead(DefaultChannelPipeline.java:1407)
2025-01-29 13:41:24,950 INFO c.h.h.t.HelmChartContainer - [hivemq-test-hivemq-platform] [hivemq-platform-operator] [82c4986f] 	at io.netty.channel.AbstractChannelHandlerContext.invokeChannelRead(AbstractChannelHandlerContext.java:440)
2025-01-29 13:41:24,950 INFO c.h.h.t.HelmChartContainer - [hivemq-test-hivemq-platform] [hivemq-platform-operator] [82c4986f] 	at io.netty.channel.AbstractChannelHandlerContext.invokeChannelRead(AbstractChannelHandlerContext.java:420)
2025-01-29 13:41:24,950 INFO c.h.h.t.HelmChartContainer - [hivemq-test-hivemq-platform] [hivemq-platform-operator] [82c4986f] 	at io.netty.channel.DefaultChannelPipeline.fireChannelRead(DefaultChannelPipeline.java:918)
2025-01-29 13:41:24,950 INFO c.h.h.t.HelmChartContainer - [hivemq-test-hivemq-platform] [hivemq-platform-operator] [82c4986f] 	at io.netty.channel.nio.AbstractNioByteChannel$NioByteUnsafe.read(AbstractNioByteChannel.java:166)
2025-01-29 13:41:24,950 INFO c.h.h.t.HelmChartContainer - [hivemq-test-hivemq-platform] [hivemq-platform-operator] [82c4986f] 	at io.netty.channel.nio.NioEventLoop.processSelectedKey(NioEventLoop.java:788)
2025-01-29 13:41:24,950 INFO c.h.h.t.HelmChartContainer - [hivemq-test-hivemq-platform] [hivemq-platform-operator] [82c4986f] 	at io.netty.channel.nio.NioEventLoop.processSelectedKeysOptimized(NioEventLoop.java:724)
2025-01-29 13:41:24,950 INFO c.h.h.t.HelmChartContainer - [hivemq-test-hivemq-platform] [hivemq-platform-operator] [82c4986f] 	at io.netty.channel.nio.NioEventLoop.processSelectedKeys(NioEventLoop.java:650)
2025-01-29 13:41:24,950 INFO c.h.h.t.HelmChartContainer - [hivemq-test-hivemq-platform] [hivemq-platform-operator] [82c4986f] 	at io.netty.channel.nio.NioEventLoop.run(NioEventLoop.java:562)
2025-01-29 13:41:24,950 INFO c.h.h.t.HelmChartContainer - [hivemq-test-hivemq-platform] [hivemq-platform-operator] [82c4986f] 	at io.netty.util.concurrent.SingleThreadEventExecutor$4.run(SingleThreadEventExecutor.java:997)
2025-01-29 13:41:24,950 INFO c.h.h.t.HelmChartContainer - [hivemq-test-hivemq-platform] [hivemq-platform-operator] [82c4986f] 	at io.netty.util.internal.ThreadExecutorMap$2.run(ThreadExecutorMap.java:74)
2025-01-29 13:41:24,950 INFO c.h.h.t.HelmChartContainer - [hivemq-test-hivemq-platform] [hivemq-platform-operator] [82c4986f] 	at io.netty.util.concurrent.FastThreadLocalRunnable.run(FastThreadLocalRunnable.java:30)
2025-01-29 13:41:24,950 INFO c.h.h.t.HelmChartContainer - [hivemq-test-hivemq-platform] [hivemq-platform-operator] [82c4986f] 	... 1 common frames omitted
2025-01-29 13:41:25,024 INFO c.h.h.t.HelmChartContainer - [hivemq-test-hivemq-platform] [hivemq-platform-operator] [82c4986f] 13:41:25.023 [ReconcilerExecutor-hivemq-controller-53] INFO  c.h.p.o.HiveMQPlatformReconciler - [helmcont] Cleanup test-hivemq-platform - helmcontainersecuritycontextupgradeplatformit HiveMQ Platform is shut down
2025-01-29 13:41:25,282 INFO c.h.h.t.HelmChartContainer - [POD] test-hivemq-platform-0 [6326137b-7258-4171-aa8e-6be01342c736] in helmcontainersecuritycontextupgradeplatformit was MODIFIED
2025-01-29 13:41:25,289 INFO c.h.h.t.HelmChartContainer - [EVENT] Normal [Killing] Stopping container hivemq [helmcontainersecuritycontextupgradeplatformit:test-hivemq-platform-0]
2025-01-29 13:41:25,289 INFO c.h.h.t.HelmChartContainer - Received Killing event for container hivemq in pod test-hivemq-platform-0 [6326137b-7258-4171-aa8e-6be01342c736]
2025-01-29 13:41:25,289 INFO c.h.h.t.HelmChartContainer - Container [test-hivemq-platform-0] [hivemq] [6326137b-7258-4171-aa8e-6be01342c736] was terminated
2025-01-29 13:41:25,289 INFO c.h.h.t.HelmChartContainer - Stopped log watcher for hivemq in pod test-hivemq-platform-0 [6326137b-7258-4171-aa8e-6be01342c736]
2025-01-29 13:41:25,301 INFO c.h.h.t.HelmChartContainer - [K3S] [kubelet_volumes.go:163] "Cleaned up orphaned pod volumes dir" podUID="5992604f-30da-41de-8f0b-a6b1aaff3ae0" path="/var/lib/kubelet/pods/5992604f-30da-41de-8f0b-a6b1aaff3ae0/volumes"
2025-01-29 13:41:25,302 INFO c.h.h.t.HelmChartContainer - [test-hivemq-platform] [hivemq] [6326137b] INFO  - [HiveMQ Platform Operator Init App 1.7.0-SNAPSHOT] Shutting down
2025-01-29 13:41:25,302 INFO c.h.h.t.HelmChartContainer - [test-hivemq-platform] [hivemq] [6326137b] INFO  - [HiveMQ Platform Operator Init App 1.7.0-SNAPSHOT] Stopping the HiveMQ Platform
2025-01-29 13:41:25,481 INFO c.h.h.t.HelmChartContainer - [test-hivemq-platform] [hivemq] [6326137b] INFO  - Shutting down HiveMQ. Please wait, this could take a while...
2025-01-29 13:41:25,502 INFO c.h.h.t.HelmChartContainer - [test-hivemq-platform] [hivemq] [6326137b] INFO  - Shutting down listeners and clients
2025-01-29 13:41:25,503 INFO c.h.h.t.HelmChartContainer - [test-hivemq-platform] [hivemq] [6326137b] INFO  - Shutdown of listeners is done
2025-01-29 13:41:25,504 INFO c.h.h.t.HelmChartContainer - [test-hivemq-platform] [hivemq] [6326137b] INFO  - No clients are connected, proceeding with shutdown
2025-01-29 13:41:26,627 INFO c.h.h.t.HelmChartContainer - Deleting namespace 'helmcontainersecuritycontextupgradeplatformit'...
2025-01-29 13:41:27,214 INFO c.h.h.t.HelmChartContainer - [test-hivemq-platform] [hivemq] [6326137b] INFO  - [HiveMQ Platform Operator Init App 1.7.0-SNAPSHOT] Returning shutdown Health API response 503 for readiness
2025-01-29 13:41:27,218 INFO c.h.h.t.HelmChartContainer - [EVENT] Warning [Unhealthy] Readiness probe failed: HTTP probe failed with statuscode: 503 [helmcontainersecuritycontextupgradeplatformit:test-hivemq-platform-0]
2025-01-29 13:41:27,218 INFO c.h.h.t.HelmChartContainer - Received Unhealthy event for container hivemq in pod test-hivemq-platform-0 [6326137b-7258-4171-aa8e-6be01342c736]
2025-01-29 13:41:27,953 INFO c.h.h.t.HelmChartContainer - [test-hivemq-platform] [hivemq] [6326137b] WARN  - [HiveMQ Platform Operator Init App 1.7.0-SNAPSHOT] Could not update Pod annotations: Failure executing: GET at: https://10.43.0.1:443/api/v1/namespaces/helmcontainersecuritycontextupgradeplatformit/pods/test-hivemq-platform-0. Message: pods "test-hivemq-platform-0" is forbidden: User "system:serviceaccount:helmcontainersecuritycontextupgradeplatformit:hivemq-platform-pod-test-hivemq-platform" cannot get resource "pods" in API group "" in the namespace "helmcontainersecuritycontextupgradeplatformit". Received status: Status(apiVersion=v1, code=403, details=StatusDetails(causes=[], group=null, kind=pods, name=test-hivemq-platform-0, retryAfterSeconds=null, uid=null, additionalProperties={}), kind=Status, message=pods "test-hivemq-platform-0" is forbidden: User "system:serviceaccount:helmcontainersecuritycontextupgradeplatformit:hivemq-platform-pod-test-hivemq-platform" cannot get resource "pods" in API group "" in the namespace "helmcontainersecuritycontextupgradeplatformit", metadata=ListMeta(_continue=null, remainingItemCount=null, resourceVersion=null, selfLink=null, additionalProperties={}), reason=Forbidden, status=Failure, additionalProperties={}).
2025-01-29 13:41:28,209 INFO c.h.h.t.HelmChartContainer - [test-hivemq-platform] [hivemq] [6326137b] INFO  - Shutting down extension system
2025-01-29 13:41:28,214 INFO c.h.h.t.HelmChartContainer - [test-hivemq-platform] [hivemq] [6326137b] INFO  - Stopping extension with id hivemq-dns-cluster-discovery
2025-01-29 13:41:28,215 INFO c.h.h.t.HelmChartContainer - [test-hivemq-platform] [hivemq] [6326137b] INFO  - Extension "DNS Cluster Discovery Extension" version 4.3.2 stopped successfully.
2025-01-29 13:41:28,215 INFO c.h.h.t.HelmChartContainer - [test-hivemq-platform] [hivemq] [6326137b] INFO  - Stopping extension with id hivemq-prometheus-extension
2025-01-29 13:41:28,219 INFO c.h.h.t.HelmChartContainer - [test-hivemq-platform] [hivemq] [6326137b] INFO  - Extension "Prometheus Monitoring Extension" version 4.0.12 stopped successfully.
2025-01-29 13:41:28,220 INFO c.h.h.t.HelmChartContainer - [test-hivemq-platform] [hivemq] [6326137b] INFO  - Stopping extension with id hivemq-allow-all-extension
2025-01-29 13:41:28,220 INFO c.h.h.t.HelmChartContainer - [test-hivemq-platform] [hivemq] [6326137b] INFO  - Extension "Allow All Extension" version 1.1.1 stopped successfully.
2025-01-29 13:41:30,508 INFO c.h.h.t.HelmChartContainer - [test-hivemq-platform] [hivemq] [6326137b] INFO  - Shutdown completed.
2025-01-29 13:41:30,857 INFO c.h.h.t.HelmChartContainer - [test-hivemq-platform] [hivemq] [6326137b] INFO  - [HiveMQ Platform Operator Init App 1.7.0-SNAPSHOT] The HiveMQ Platform exited with code 143
2025-01-29 13:41:30,857 INFO c.h.h.t.HelmChartContainer - [test-hivemq-platform] [hivemq] [6326137b] INFO  - [HiveMQ Platform Operator Init App 1.7.0-SNAPSHOT] Stopping the REST API
2025-01-29 13:41:30,901 INFO c.h.h.t.HelmChartContainer - [test-hivemq-platform] [hivemq] [6326137b] INFO  - [HiveMQ Platform Operator Init App 1.7.0-SNAPSHOT] Shutdown complete
2025-01-29 13:41:31,361 INFO c.h.h.t.HelmChartContainer - [POD] test-hivemq-platform-0 [6326137b-7258-4171-aa8e-6be01342c736] in helmcontainersecuritycontextupgradeplatformit was MODIFIED
2025-01-29 13:41:31,362 INFO c.h.h.t.HelmChartContainer - [K3S] [stateful_set.go:438] "Unhandled Error" err="error syncing StatefulSet helmcontainersecuritycontextupgradeplatformit/test-hivemq-platform, requeuing: controllerrevisions.apps \"test-hivemq-platform-bcdd64595\" is forbidden: unable to create new content in namespace helmcontainersecuritycontextupgradeplatformit because it is being terminated"
2025-01-29 13:41:31,370 INFO c.h.h.t.HelmChartContainer - [K3S] [stateful_set.go:438] "Unhandled Error" err="error syncing StatefulSet helmcontainersecuritycontextupgradeplatformit/test-hivemq-platform, requeuing: controllerrevisions.apps \"test-hivemq-platform-bcdd64595\" is forbidden: unable to create new content in namespace helmcontainersecuritycontextupgradeplatformit because it is being terminated"
2025-01-29 13:41:31,384 INFO c.h.h.t.HelmChartContainer - [K3S] [stateful_set.go:438] "Unhandled Error" err="error syncing StatefulSet helmcontainersecuritycontextupgradeplatformit/test-hivemq-platform, requeuing: controllerrevisions.apps \"test-hivemq-platform-bcdd64595\" is forbidden: unable to create new content in namespace helmcontainersecuritycontextupgradeplatformit because it is being terminated"
2025-01-29 13:41:31,408 INFO c.h.h.t.HelmChartContainer - [K3S] [stateful_set.go:438] "Unhandled Error" err="error syncing StatefulSet helmcontainersecuritycontextupgradeplatformit/test-hivemq-platform, requeuing: controllerrevisions.apps \"test-hivemq-platform-bcdd64595\" is forbidden: unable to create new content in namespace helmcontainersecuritycontextupgradeplatformit because it is being terminated"
2025-01-29 13:41:31,451 INFO c.h.h.t.HelmChartContainer - [K3S] [stateful_set.go:438] "Unhandled Error" err="error syncing StatefulSet helmcontainersecuritycontextupgradeplatformit/test-hivemq-platform, requeuing: controllerrevisions.apps \"test-hivemq-platform-bcdd64595\" is forbidden: unable to create new content in namespace helmcontainersecuritycontextupgradeplatformit because it is being terminated"
2025-01-29 13:41:31,483 INFO c.h.h.t.HelmChartContainer - [K3S] [reconciler_common.go:162] "operationExecutor.UnmountVolume started for volume \"kube-api-access-5qb5l\" (UniqueName: \"kubernetes.io/projected/6326137b-7258-4171-aa8e-6be01342c736-kube-api-access-5qb5l\") pod \"6326137b-7258-4171-aa8e-6be01342c736\" (UID: \"6326137b-7258-4171-aa8e-6be01342c736\") "
2025-01-29 13:41:31,483 INFO c.h.h.t.HelmChartContainer - [K3S] [reconciler_common.go:162] "operationExecutor.UnmountVolume started for volume \"operator-init\" (UniqueName: \"kubernetes.io/empty-dir/6326137b-7258-4171-aa8e-6be01342c736-operator-init\") pod \"6326137b-7258-4171-aa8e-6be01342c736\" (UID: \"6326137b-7258-4171-aa8e-6be01342c736\") "
2025-01-29 13:41:31,483 INFO c.h.h.t.HelmChartContainer - [K3S] [reconciler_common.go:162] "operationExecutor.UnmountVolume started for volume \"pod-info\" (UniqueName: \"kubernetes.io/configmap/6326137b-7258-4171-aa8e-6be01342c736-pod-info\") pod \"6326137b-7258-4171-aa8e-6be01342c736\" (UID: \"6326137b-7258-4171-aa8e-6be01342c736\") "
2025-01-29 13:41:31,483 INFO c.h.h.t.HelmChartContainer - [K3S] [reconciler_common.go:162] "operationExecutor.UnmountVolume started for volume \"broker-configuration\" (UniqueName: \"kubernetes.io/configmap/6326137b-7258-4171-aa8e-6be01342c736-broker-configuration\") pod \"6326137b-7258-4171-aa8e-6be01342c736\" (UID: \"6326137b-7258-4171-aa8e-6be01342c736\") "
2025-01-29 13:41:31,535 INFO c.h.h.t.HelmChartContainer - [K3S] [stateful_set.go:438] "Unhandled Error" err="error syncing StatefulSet helmcontainersecuritycontextupgradeplatformit/test-hivemq-platform, requeuing: controllerrevisions.apps \"test-hivemq-platform-bcdd64595\" is forbidden: unable to create new content in namespace helmcontainersecuritycontextupgradeplatformit because it is being terminated"
2025-01-29 13:41:31,583 INFO c.h.h.t.HelmChartContainer - [K3S] [reconciler_common.go:299] "Volume detached for volume \"operator-init\" (UniqueName: \"kubernetes.io/empty-dir/6326137b-7258-4171-aa8e-6be01342c736-operator-init\") on node \"ddd52fe05997\" DevicePath \"\""
2025-01-29 13:41:31,583 INFO c.h.h.t.HelmChartContainer - [K3S] [reconciler_common.go:299] "Volume detached for volume \"pod-info\" (UniqueName: \"kubernetes.io/configmap/6326137b-7258-4171-aa8e-6be01342c736-pod-info\") on node \"ddd52fe05997\" DevicePath \"\""
2025-01-29 13:41:31,583 INFO c.h.h.t.HelmChartContainer - [K3S] [reconciler_common.go:299] "Volume detached for volume \"broker-configuration\" (UniqueName: \"kubernetes.io/configmap/6326137b-7258-4171-aa8e-6be01342c736-broker-configuration\") on node \"ddd52fe05997\" DevicePath \"\""
2025-01-29 13:41:31,583 INFO c.h.h.t.HelmChartContainer - [K3S] [reconciler_common.go:299] "Volume detached for volume \"kube-api-access-5qb5l\" (UniqueName: \"kubernetes.io/projected/6326137b-7258-4171-aa8e-6be01342c736-kube-api-access-5qb5l\") on node \"ddd52fe05997\" DevicePath \"\""
2025-01-29 13:41:31,699 INFO c.h.h.t.HelmChartContainer - [K3S] [stateful_set.go:438] "Unhandled Error" err="error syncing StatefulSet helmcontainersecuritycontextupgradeplatformit/test-hivemq-platform, requeuing: controllerrevisions.apps \"test-hivemq-platform-bcdd64595\" is forbidden: unable to create new content in namespace helmcontainersecuritycontextupgradeplatformit because it is being terminated"
2025-01-29 13:41:31,717 INFO c.h.h.t.HelmChartContainer - [K3S] [scope.go:117] "RemoveContainer" containerID="e5599ffa368743a329e22b9b525e5682b83d8392eb068bb5316cb00abd8ad1e7"
2025-01-29 13:41:31,740 INFO c.h.h.t.HelmChartContainer - [POD] test-hivemq-platform-0 [6326137b-7258-4171-aa8e-6be01342c736] in helmcontainersecuritycontextupgradeplatformit was MODIFIED
2025-01-29 13:41:31,740 INFO c.h.h.t.HelmChartContainer - [K3S] [stateful_set.go:438] "Unhandled Error" err="error syncing StatefulSet helmcontainersecuritycontextupgradeplatformit/test-hivemq-platform, requeuing: controllerrevisions.apps \"test-hivemq-platform-bcdd64595\" is forbidden: unable to create new content in namespace helmcontainersecuritycontextupgradeplatformit because it is being terminated"
2025-01-29 13:41:31,746 INFO c.h.h.t.HelmChartContainer - [K3S] [stateful_set.go:438] "Unhandled Error" err="error syncing StatefulSet helmcontainersecuritycontextupgradeplatformit/test-hivemq-platform, requeuing: controllerrevisions.apps \"test-hivemq-platform-bcdd64595\" is forbidden: unable to create new content in namespace helmcontainersecuritycontextupgradeplatformit because it is being terminated"
2025-01-29 13:41:31,747 INFO c.h.h.t.HelmChartContainer - [POD] test-hivemq-platform-0 [6326137b-7258-4171-aa8e-6be01342c736] in helmcontainersecuritycontextupgradeplatformit was DELETED
2025-01-29 13:41:31,775 INFO c.h.h.t.HelmChartContainer - [K3S] [stateful_set.go:466] "StatefulSet has been deleted" key="helmcontainersecuritycontextupgradeplatformit/test-hivemq-platform"
2025-01-29 13:41:31,868 INFO c.h.h.t.HelmChartContainer - [K3S] [scope.go:117] "RemoveContainer" containerID="b7fe946fd68281ed8e99d4530909f7ea55e8ea8c623aa4594be44451224e6b44"
2025-01-29 13:41:31,871 INFO c.h.h.t.HelmChartContainer - [K3S] [scope.go:117] "RemoveContainer" containerID="e5599ffa368743a329e22b9b525e5682b83d8392eb068bb5316cb00abd8ad1e7"
2025-01-29 13:41:31,872 INFO c.h.h.t.HelmChartContainer - [K3S] [scope.go:117] "RemoveContainer" containerID="b7fe946fd68281ed8e99d4530909f7ea55e8ea8c623aa4594be44451224e6b44"
2025-01-29 13:41:31,979 INFO c.h.h.t.HelmChartContainer - Namespace 'helmcontainersecuritycontextupgradeplatformit' deleted
2025-01-29 13:41:31,979 INFO c.h.h.t.HelmChartContainer - Release 'test-hivemq-platform' in namespace 'helmcontainersecuritycontextupgradeplatformit' is uninstalled
2025-01-29 13:41:31,979 INFO c.h.h.t.HelmChartContainer - Uninstalling release 'test-hivemq-platform-operator' in namespace 'helmcontainersecuritycontextupgradeplatformit-operator'...
2025-01-29 13:41:31,979 DEBUG c.h.h.t.HelmChartContainer - Executing helm command: /bin/helm --kubeconfig /etc/rancher/k3s/k3s.yaml uninstall test-hivemq-platform-operator  --wait --timeout 5m0s --cascade foreground --namespace helmcontainersecuritycontextupgradeplatformit-operator
2025-01-29 13:41:32,020 INFO c.h.h.t.HelmChartContainer - [K3S] [stateful_set.go:466] "StatefulSet has been deleted" key="helmcontainersecuritycontextupgradeplatformit/test-hivemq-platform"
2025-01-29 13:41:32,140 INFO c.h.h.t.HelmChartContainer - [K3S] [replica_set.go:679] "Finished syncing" kind="ReplicaSet" key="helmcontainersecuritycontextupgradeplatformit-operator/hivemq-test-hivemq-platform-operator-8669f546db" duration="11.236702ms"
2025-01-29 13:41:32,141 INFO c.h.h.t.HelmChartContainer - [K3S] [replica_set.go:679] "Finished syncing" kind="ReplicaSet" key="helmcontainersecuritycontextupgradeplatformit-operator/hivemq-test-hivemq-platform-operator-8669f546db" duration="42.149µs"
2025-01-29 13:41:32,170 INFO c.h.h.t.HelmChartContainer - [POD] hivemq-test-hivemq-platform-operator-8669f546db-r7g9d [82c4986f-6009-41a7-b34b-2bfeb02cc035] in helmcontainersecuritycontextupgradeplatformit-operator was MODIFIED
2025-01-29 13:41:32,181 INFO c.h.h.t.HelmChartContainer - [EVENT] Normal [Killing] Stopping container hivemq-platform-operator [helmcontainersecuritycontextupgradeplatformit-operator:hivemq-test-hivemq-platform-operator-8669f546db-r7g9d]
2025-01-29 13:41:32,181 INFO c.h.h.t.HelmChartContainer - [K3S] [replica_set.go:679] "Finished syncing" kind="ReplicaSet" key="helmcontainersecuritycontextupgradeplatformit-operator/hivemq-test-hivemq-platform-operator-8669f546db" duration="13.543722ms"
2025-01-29 13:41:32,181 INFO c.h.h.t.HelmChartContainer - Received Killing event for container hivemq-platform-operator in pod hivemq-test-hivemq-platform-operator-8669f546db-r7g9d [82c4986f-6009-41a7-b34b-2bfeb02cc035]
2025-01-29 13:41:32,181 INFO c.h.h.t.HelmChartContainer - Container [hivemq-test-hivemq-platform-operator-8669f546db-r7g9d] [hivemq-platform-operator] [82c4986f-6009-41a7-b34b-2bfeb02cc035] was terminated
2025-01-29 13:41:32,181 INFO c.h.h.t.HelmChartContainer - Stopped log watcher for hivemq-platform-operator in pod hivemq-test-hivemq-platform-operator-8669f546db-r7g9d [82c4986f-6009-41a7-b34b-2bfeb02cc035]
2025-01-29 13:41:32,182 INFO c.h.h.t.HelmChartContainer - [hivemq-test-hivemq-platform] [hivemq-platform-operator] [82c4986f] 13:41:32.177 [application-shutdown-thread] INFO  c.h.p.o.HiveMQPlatformOperatorApplication - HiveMQ Platform Operator is stopping...
2025-01-29 13:41:32,182 INFO c.h.h.t.HelmChartContainer - [hivemq-test-hivemq-platform] [hivemq-platform-operator] [82c4986f] 13:41:32.177 [application-shutdown-thread] INFO  i.javaoperatorsdk.operator.Operator - Operator SDK 4.9.7 is shutting down...
2025-01-29 13:41:32,186 INFO c.h.h.t.HelmChartContainer - [K3S] [replica_set.go:679] "Finished syncing" kind="ReplicaSet" key="helmcontainersecuritycontextupgradeplatformit-operator/hivemq-test-hivemq-platform-operator-8669f546db" duration="232.725µs"
2025-01-29 13:41:32,682 INFO c.h.h.t.HelmChartContainer - [POD] hivemq-test-hivemq-platform-operator-8669f546db-r7g9d [82c4986f-6009-41a7-b34b-2bfeb02cc035] in helmcontainersecuritycontextupgradeplatformit-operator was MODIFIED
2025-01-29 13:41:32,683 INFO c.h.h.t.HelmChartContainer - [K3S] [replica_set.go:679] "Finished syncing" kind="ReplicaSet" key="helmcontainersecuritycontextupgradeplatformit-operator/hivemq-test-hivemq-platform-operator-8669f546db" duration="705.052µs"
2025-01-29 13:41:32,693 INFO c.h.h.t.HelmChartContainer - [K3S] [reconciler_common.go:162] "operationExecutor.UnmountVolume started for volume \"kube-api-access-jvmn2\" (UniqueName: \"kubernetes.io/projected/82c4986f-6009-41a7-b34b-2bfeb02cc035-kube-api-access-jvmn2\") pod \"82c4986f-6009-41a7-b34b-2bfeb02cc035\" (UID: \"82c4986f-6009-41a7-b34b-2bfeb02cc035\") "
2025-01-29 13:41:32,738 INFO c.h.h.t.HelmChartContainer - [K3S] [scope.go:117] "RemoveContainer" containerID="ff86407151b8cbe61d2b905ed6282c4d6db5c6411a1a5dc24d5feda49a7cd140"
2025-01-29 13:41:32,744 INFO c.h.h.t.HelmChartContainer - [K3S] [scope.go:117] "RemoveContainer" containerID="ff86407151b8cbe61d2b905ed6282c4d6db5c6411a1a5dc24d5feda49a7cd140"
2025-01-29 13:41:32,753 INFO c.h.h.t.HelmChartContainer - [K3S] [replica_set.go:679] "Finished syncing" kind="ReplicaSet" key="helmcontainersecuritycontextupgradeplatformit-operator/hivemq-test-hivemq-platform-operator-8669f546db" duration="42.259µs"
2025-01-29 13:41:32,753 INFO c.h.h.t.HelmChartContainer - [POD] hivemq-test-hivemq-platform-operator-8669f546db-r7g9d [82c4986f-6009-41a7-b34b-2bfeb02cc035] in helmcontainersecuritycontextupgradeplatformit-operator was MODIFIED
2025-01-29 13:41:32,755 INFO c.h.h.t.HelmChartContainer - [K3S] [replica_set.go:679] "Finished syncing" kind="ReplicaSet" key="helmcontainersecuritycontextupgradeplatformit-operator/hivemq-test-hivemq-platform-operator-8669f546db" duration="38.752µs"
2025-01-29 13:41:32,756 INFO c.h.h.t.HelmChartContainer - [POD] hivemq-test-hivemq-platform-operator-8669f546db-r7g9d [82c4986f-6009-41a7-b34b-2bfeb02cc035] in helmcontainersecuritycontextupgradeplatformit-operator was DELETED
2025-01-29 13:41:32,766 INFO c.h.h.t.HelmChartContainer - [K3S] [replica_set.go:679] "Finished syncing" kind="ReplicaSet" key="helmcontainersecuritycontextupgradeplatformit-operator/hivemq-test-hivemq-platform-operator-8669f546db" duration="5.711µs"
2025-01-29 13:41:32,792 INFO c.h.h.t.HelmChartContainer - [K3S] [reconciler_common.go:299] "Volume detached for volume \"kube-api-access-jvmn2\" (UniqueName: \"kubernetes.io/projected/82c4986f-6009-41a7-b34b-2bfeb02cc035-kube-api-access-jvmn2\") on node \"ddd52fe05997\" DevicePath \"\""
2025-01-29 13:41:33,289 INFO c.h.h.t.HelmChartContainer - [K3S] [kubelet_volumes.go:163] "Cleaned up orphaned pod volumes dir" podUID="6326137b-7258-4171-aa8e-6be01342c736" path="/var/lib/kubelet/pods/6326137b-7258-4171-aa8e-6be01342c736/volumes"
2025-01-29 13:41:33,290 INFO c.h.h.t.HelmChartContainer - [K3S] [kubelet_volumes.go:163] "Cleaned up orphaned pod volumes dir" podUID="82c4986f-6009-41a7-b34b-2bfeb02cc035" path="/var/lib/kubelet/pods/82c4986f-6009-41a7-b34b-2bfeb02cc035/volumes"
2025-01-29 13:41:34,186 INFO c.h.h.t.HelmChartContainer - Deleting namespace 'helmcontainersecuritycontextupgradeplatformit-operator'...
2025-01-29 13:41:36,899 INFO c.h.h.t.HelmChartContainer - [K3S] [namespace_controller.go:187] "Namespace has been deleted" namespace="helmcontainersecuritycontextupgradeplatformit"
2025-01-29 13:41:39,408 INFO c.h.h.t.HelmChartContainer - Namespace 'helmcontainersecuritycontextupgradeplatformit-operator' deleted
2025-01-29 13:41:39,408 INFO c.h.h.t.HelmChartContainer - Release 'test-hivemq-platform-operator' in namespace 'helmcontainersecuritycontextupgradeplatformit-operator' is uninstalled
2025-01-29 13:41:40,006 INFO c.h.helmcharts.AbstractHelmChartIT - Removed unused containers:

2025-01-29 13:41:44,315 INFO c.h.h.t.HelmChartContainer - [K3S] [namespace_controller.go:187] "Namespace has been deleted" namespace="helmcontainersecuritycontextupgradeplatformit-operator"
2025-01-29 13:41:48,086 INFO c.h.helmcharts.AbstractHelmChartIT - Removed unused snapshots:
Removing snapshot sha256:03af251906410714c5aef9fa705b63f6bbc39c4a5e787de7361eeb18886c2ed2
Removing snapshot sha256:0c46b3b43cce082ce5ec34ffc6c294e0417d17b9d1e6f366d114b6aadc4f96dc
Removing snapshot sha256:0ce761beee59082d6ed5bcebd3a805b8ddd9b3426b617e4809e7fb7c6587ffec
Removing snapshot sha256:0df91287303208332c8ff6ba40ae4710105201739addbfbddfb955f1ad593664
Removing snapshot sha256:1021ef88c7974bfff89c5a0ec4fd3160daac6c48a075f74cff721f85dd104e68
Removing snapshot sha256:10aba4953ddc18145dd38e3704709bc464aa20af60b56fe52caaff4b68411e62
Removing snapshot sha256:2573e0d8158209ed54ab25c87bcdcb00bd3d2539246960a3d592a1c599d70465
Removing snapshot sha256:362a8a37f8bbc31925a8146adcf7cf51f9882f5c1dcbef67c5baa03a297543c0
Removing snapshot sha256:3fa4ad33f0ddc8fd45b39b6b4640f82a3a83619606cd975bfe89d8710ad2d4cd
Removing snapshot sha256:43a7c979bbaba6838bc3102d6b10a1459f3ab050b87ccdfef84ef90cf43d3058
Removing snapshot sha256:4ab04491cdf0d3267f08206fe30bd48f49f94b9cab2f016d6739220f722a64af
Removing snapshot sha256:4b6068250e89c96f263060261819c7d912855bfbd64b3eb4c4a8483299b8c295
Removing snapshot sha256:580e69a0a8034ede1921139bbd2bfb72a69ebf276d008281896c32dd8bf74775
Removing snapshot sha256:5d30ba46b27fe37484567ccc5242cadc78217b8da605f3f195ef25cbf7487904
Removing snapshot sha256:63ca1fbb43ae5034640e5e6cb3e083e05c290072c5366fcaa9d62435a4cced85
Removing snapshot sha256:67f702c6baae873bceb19487c8b1f27bd2b86077e4f2f0e480e6d60ab508b8f5
Removing snapshot sha256:6864348dd42806d552efdec384f1274be15e2d0c10ce44c1f04347af004c10a9
Removing snapshot sha256:6c7dee8f2c39b84b7dc2711c01d33de93514d9055499173e9290176fbe484b6c
Removing snapshot sha256:82753493a6d61ded36556292f02f31841a14c20d2f279f19eaad65afb661d5cd
Removing snapshot sha256:83d466d16ede951b9efc6514b4be7e21ab70a37624540e40c67710c455b1b3e3
Removing snapshot sha256:8a10d3db42c505ee0fcfa98417bdd7e39b304f6bcc0a06bb1b220797ff2cc63c
Removing snapshot sha256:a0904247e36a7726c03c71ee48f3e64462021c88dafeb13f37fdaf613b27f11c
Removing snapshot sha256:a21e5b12dbac529ad45d976eb9ce45c881f3bedcc500fb30aba1e52aa1813418
Removing snapshot sha256:a3f2498b75a0956c0ec147e97d12b51df68cb56af73463e430359cddc8031f80
Removing snapshot sha256:b921e6c28969094157f9b8e7244677780319637afd14450b7cb6b2fdea558a0c
Removing snapshot sha256:bc27ecb5769a00e309cf99ebc763c4a4b958b618d1decc96ffac5bc05f02f5b7
Removing snapshot sha256:be3ccb6627a5332e309d45ef461d09b4879dd870c7394d89323d0ebc6ca6aa8a
Removing snapshot sha256:c261f7cbbc64211ee175ee47273acdb7b1a36a4450b397a064a8f2c026490095
Removing snapshot sha256:c34d9393647eea0c9e3557ab988efaf59f61d10a2a5613b439ef0958cca5ec10
Removing snapshot sha256:ccf3c4a0fa967a41c1c83497a2ce6fa5787965859df0adb32c4ca2cf7490bc2b
Removing snapshot sha256:cf92d33f869417309692088c341cd0f223c178ea78a125f757317b22aa8f90e9
Removing snapshot sha256:d0037344cf2fb078884f1849f6a1f8cf9a33a3b6139b6a85833e5ee528e1f9a8
Removing snapshot sha256:d3b36d5b79273b1e98e7700470eaeff05a882e777124d84cebcc1505b85ecb36
Removing snapshot sha256:d65a44a37914602d12c611e5e22a50f11451d847e63015cc1c2aef92dee777a4
Removing snapshot sha256:e2dc0bae2455930f23ae570e019b7f32edc75c0f2d71cab084db837ff9051796
Removing snapshot sha256:eccbd24a99c60cd9e86ee5305dbfc4a4dc89f5ab4fb1f06c8d64797cecedef34
Removing snapshot sha256:f144bb4c7c7f0d2aa7eeffd36d934ec40db1ee167be727e326aad9fdc616f475

]]></system-out>
  </testcase>
  <testcase name="Operator values: (UID=185, GID=0, valuesFile='/files/operator-container-security-context-non-root-user-values.yaml') and Platform values: (UID=10000, GID=0, valuesFile='/files/platform-container-security-context-non-root-user-values.yaml')" classname="com.hivemq.helmcharts.securitycontext.HelmContainerSecurityContextUpgradePlatformIT" time="239.435">
    <system-out><![CDATA[2025-01-29 13:41:48,095 INFO c.h.h.t.HelmChartContainer - Creating namespace 'helmcontainersecuritycontextupgradeplatformit-operator'...
2025-01-29 13:41:48,103 INFO c.h.h.t.HelmChartContainer - Namespace 'helmcontainersecuritycontextupgradeplatformit-operator' created
2025-01-29 13:41:48,103 INFO c.h.h.t.HelmChartContainer - Creating namespace 'helmcontainersecuritycontextupgradeplatformit'...
2025-01-29 13:41:48,116 INFO c.h.h.t.HelmChartContainer - Namespace 'helmcontainersecuritycontextupgradeplatformit' created
2025-01-29 13:41:48,194 DEBUG c.h.h.t.HelmChartContainer - Executing helm command: /bin/helm --kubeconfig /etc/rancher/k3s/k3s.yaml install test-hivemq-platform-operator /charts/hivemq-platform-operator --wait --timeout 5m0s --set image.repository=docker.io/hivemq --set image.name=hivemq-platform-operator-test --set image.initImageName=hivemq-platform-operator-init-test --set image.tag=snapshot --set image.pullPolicy=Never --set logLevel=DEBUG --set resources.cpu=512m -f /files/operator-container-security-context-non-root-user-values.yaml --namespace helmcontainersecuritycontextupgradeplatformit-operator
2025-01-29 13:41:48,521 INFO c.h.h.t.HelmChartContainer - [K3S] [alloc.go:330] "allocated clusterIPs" service="helmcontainersecuritycontextupgradeplatformit-operator/hivemq-platform-operator-test-hivemq-platform-operator" clusterIPs={"IPv4":"10.43.200.190"}
2025-01-29 13:41:48,541 INFO c.h.h.t.HelmChartContainer - [EVENT] Normal [ScalingReplicaSet] Scaled up replica set hivemq-test-hivemq-platform-operator-85995884cf from 0 to 1 [helmcontainersecuritycontextupgradeplatformit-operator:hivemq-test-hivemq-platform-operator]
2025-01-29 13:41:48,549 INFO c.h.h.t.HelmChartContainer - [POD] hivemq-test-hivemq-platform-operator-85995884cf-sz2jx [1d56d045-2978-4788-974c-240e4fcece1f] in helmcontainersecuritycontextupgradeplatformit-operator was ADDED
2025-01-29 13:41:48,558 INFO c.h.h.t.HelmChartContainer - [EVENT] Normal [SuccessfulCreate] Created pod: hivemq-test-hivemq-platform-operator-85995884cf-sz2jx [helmcontainersecuritycontextupgradeplatformit-operator:hivemq-test-hivemq-platform-operator-85995884cf]
2025-01-29 13:41:48,559 INFO c.h.h.t.HelmChartContainer - [K3S] [replica_set.go:679] "Finished syncing" kind="ReplicaSet" key="helmcontainersecuritycontextupgradeplatformit-operator/hivemq-test-hivemq-platform-operator-85995884cf" duration="21.890298ms"
2025-01-29 13:41:48,562 INFO c.h.h.t.HelmChartContainer - [K3S] [memory_manager.go:355] "RemoveStaleState removing state" podUID="6326137b-7258-4171-aa8e-6be01342c736" containerName="hivemq"
2025-01-29 13:41:48,562 INFO c.h.h.t.HelmChartContainer - [K3S] [memory_manager.go:355] "RemoveStaleState removing state" podUID="5992604f-30da-41de-8f0b-a6b1aaff3ae0" containerName="hivemq"
2025-01-29 13:41:48,562 INFO c.h.h.t.HelmChartContainer - [K3S] [memory_manager.go:355] "RemoveStaleState removing state" podUID="82c4986f-6009-41a7-b34b-2bfeb02cc035" containerName="hivemq-platform-operator"
2025-01-29 13:41:48,570 INFO c.h.h.t.HelmChartContainer - [POD] hivemq-test-hivemq-platform-operator-85995884cf-sz2jx [1d56d045-2978-4788-974c-240e4fcece1f] in helmcontainersecuritycontextupgradeplatformit-operator was MODIFIED
2025-01-29 13:41:48,572 INFO c.h.h.t.HelmChartContainer - [EVENT] Normal [Scheduled] Successfully assigned helmcontainersecuritycontextupgradeplatformit-operator/hivemq-test-hivemq-platform-operator-85995884cf-sz2jx to ddd52fe05997 [helmcontainersecuritycontextupgradeplatformit-operator:hivemq-test-hivemq-platform-operator-85995884cf-sz2jx]
2025-01-29 13:41:48,581 INFO c.h.h.t.HelmChartContainer - [POD] hivemq-test-hivemq-platform-operator-85995884cf-sz2jx [1d56d045-2978-4788-974c-240e4fcece1f] in helmcontainersecuritycontextupgradeplatformit-operator was MODIFIED
2025-01-29 13:41:48,583 INFO c.h.h.t.HelmChartContainer - [K3S] [replica_set.go:679] "Finished syncing" kind="ReplicaSet" key="helmcontainersecuritycontextupgradeplatformit-operator/hivemq-test-hivemq-platform-operator-85995884cf" duration="26.073431ms"
2025-01-29 13:41:48,586 INFO c.h.h.t.HelmChartContainer - [K3S] [reconciler_common.go:251] "operationExecutor.VerifyControllerAttachedVolume started for volume \"kube-api-access-vzzwv\" (UniqueName: \"kubernetes.io/projected/1d56d045-2978-4788-974c-240e4fcece1f-kube-api-access-vzzwv\") pod \"hivemq-test-hivemq-platform-operator-85995884cf-sz2jx\" (UID: \"1d56d045-2978-4788-974c-240e4fcece1f\") " pod="helmcontainersecuritycontextupgradeplatformit-operator/hivemq-test-hivemq-platform-operator-85995884cf-sz2jx"
2025-01-29 13:41:48,599 INFO c.h.h.t.HelmChartContainer - [K3S] [replica_set.go:679] "Finished syncing" kind="ReplicaSet" key="helmcontainersecuritycontextupgradeplatformit-operator/hivemq-test-hivemq-platform-operator-85995884cf" duration="15.63616ms"
2025-01-29 13:41:48,599 INFO c.h.h.t.HelmChartContainer - [K3S] [replica_set.go:679] "Finished syncing" kind="ReplicaSet" key="helmcontainersecuritycontextupgradeplatformit-operator/hivemq-test-hivemq-platform-operator-85995884cf" duration="34.625µs"
2025-01-29 13:41:48,961 INFO c.h.h.t.HelmChartContainer - [EVENT] Normal [Pulled] Container image "docker.io/hivemq/hivemq-platform-operator-test:snapshot" already present on machine [helmcontainersecuritycontextupgradeplatformit-operator:hivemq-test-hivemq-platform-operator-85995884cf-sz2jx]
2025-01-29 13:41:48,961 INFO c.h.h.t.HelmChartContainer - Received Pulled event for container hivemq-platform-operator in pod hivemq-test-hivemq-platform-operator-85995884cf-sz2jx [1d56d045-2978-4788-974c-240e4fcece1f]
2025-01-29 13:41:50,398 INFO c.h.h.t.HelmChartContainer - [EVENT] Normal [Created] Created container: hivemq-platform-operator [helmcontainersecuritycontextupgradeplatformit-operator:hivemq-test-hivemq-platform-operator-85995884cf-sz2jx]
2025-01-29 13:41:50,398 INFO c.h.h.t.HelmChartContainer - Received Created event for container hivemq-platform-operator in pod hivemq-test-hivemq-platform-operator-85995884cf-sz2jx [1d56d045-2978-4788-974c-240e4fcece1f]
2025-01-29 13:41:50,781 INFO c.h.h.t.HelmChartContainer - [K3S] [replica_set.go:679] "Finished syncing" kind="ReplicaSet" key="helmcontainersecuritycontextupgradeplatformit-operator/hivemq-test-hivemq-platform-operator-85995884cf" duration="43.11µs"
2025-01-29 13:41:50,783 INFO c.h.h.t.HelmChartContainer - [POD] hivemq-test-hivemq-platform-operator-85995884cf-sz2jx [1d56d045-2978-4788-974c-240e4fcece1f] in helmcontainersecuritycontextupgradeplatformit-operator was MODIFIED
2025-01-29 13:41:50,792 INFO c.h.h.t.HelmChartContainer - Started log watcher for hivemq-platform-operator in pod hivemq-test-hivemq-platform-operator-85995884cf-sz2jx [1d56d045-2978-4788-974c-240e4fcece1f]
2025-01-29 13:41:50,792 INFO c.h.h.t.HelmChartContainer - [hivemq-test-hivemq-platform] [hivemq-platform-operator] [1d56d045] -------------------------------------------------------------------------
2025-01-29 13:41:50,792 INFO c.h.h.t.HelmChartContainer - [hivemq-test-hivemq-platform] [hivemq-platform-operator] [1d56d045] 
2025-01-29 13:41:50,792 INFO c.h.h.t.HelmChartContainer - [hivemq-test-hivemq-platform] [hivemq-platform-operator] [1d56d045]                   _    _  _              __  __   ____
2025-01-29 13:41:50,792 INFO c.h.h.t.HelmChartContainer - [hivemq-test-hivemq-platform] [hivemq-platform-operator] [1d56d045]                  | |  | |(_)            |  \/  | / __ \
2025-01-29 13:41:50,792 INFO c.h.h.t.HelmChartContainer - [hivemq-test-hivemq-platform] [hivemq-platform-operator] [1d56d045]                  | |__| | _ __   __ ___ | \  / || |  | |
2025-01-29 13:41:50,792 INFO c.h.h.t.HelmChartContainer - [hivemq-test-hivemq-platform] [hivemq-platform-operator] [1d56d045]                  |  __  || |\ \ / // _ \| |\/| || |  | |
2025-01-29 13:41:50,792 INFO c.h.h.t.HelmChartContainer - [hivemq-test-hivemq-platform] [hivemq-platform-operator] [1d56d045]                  | |  | || | \ V /|  __/| |  | || |__| |
2025-01-29 13:41:50,792 INFO c.h.h.t.HelmChartContainer - [hivemq-test-hivemq-platform] [hivemq-platform-operator] [1d56d045]                  |_|  |_||_|  \_/  \___||_|  |_| \___\_\
2025-01-29 13:41:50,792 INFO c.h.h.t.HelmChartContainer - [hivemq-test-hivemq-platform] [hivemq-platform-operator] [1d56d045] 
2025-01-29 13:41:50,792 INFO c.h.h.t.HelmChartContainer - [hivemq-test-hivemq-platform] [hivemq-platform-operator] [1d56d045] -------------------------------------------------------------------------
2025-01-29 13:41:50,792 INFO c.h.h.t.HelmChartContainer - [hivemq-test-hivemq-platform] [hivemq-platform-operator] [1d56d045] 
2025-01-29 13:41:50,792 INFO c.h.h.t.HelmChartContainer - [hivemq-test-hivemq-platform] [hivemq-platform-operator] [1d56d045]   HiveMQ Platform Operator Start Script v1.0
2025-01-29 13:41:50,792 INFO c.h.h.t.HelmChartContainer - [hivemq-test-hivemq-platform] [hivemq-platform-operator] [1d56d045] 
2025-01-29 13:41:50,792 INFO c.h.h.t.HelmChartContainer - [hivemq-test-hivemq-platform] [hivemq-platform-operator] [1d56d045] -------------------------------------------------------------------------
2025-01-29 13:41:50,792 INFO c.h.h.t.HelmChartContainer - [hivemq-test-hivemq-platform] [hivemq-platform-operator] [1d56d045] 
2025-01-29 13:41:50,792 INFO c.h.h.t.HelmChartContainer - [hivemq-test-hivemq-platform] [hivemq-platform-operator] [1d56d045]   JAVA_OPTS: -XX:+UnlockExperimentalVMOptions -XX:InitialRAMPercentage=75 -XX:MaxRAMPercentage=75 -Duser.language=en -Duser.region=US
2025-01-29 13:41:50,792 INFO c.h.h.t.HelmChartContainer - [hivemq-test-hivemq-platform] [hivemq-platform-operator] [1d56d045] 
2025-01-29 13:41:50,792 INFO c.h.h.t.HelmChartContainer - [hivemq-test-hivemq-platform] [hivemq-platform-operator] [1d56d045]   JAVA_VERSION: 21
2025-01-29 13:41:50,792 INFO c.h.h.t.HelmChartContainer - [hivemq-test-hivemq-platform] [hivemq-platform-operator] [1d56d045] 
2025-01-29 13:41:50,792 INFO c.h.h.t.HelmChartContainer - [hivemq-test-hivemq-platform] [hivemq-platform-operator] [1d56d045] -------------------------------------------------------------------------
2025-01-29 13:41:50,792 INFO c.h.h.t.HelmChartContainer - [hivemq-test-hivemq-platform] [hivemq-platform-operator] [1d56d045] 
2025-01-29 13:41:50,792 INFO c.h.h.t.HelmChartContainer - [EVENT] Normal [Started] Started container hivemq-platform-operator [helmcontainersecuritycontextupgradeplatformit-operator:hivemq-test-hivemq-platform-operator-85995884cf-sz2jx]
2025-01-29 13:41:50,792 INFO c.h.h.t.HelmChartContainer - Received Started event for container hivemq-platform-operator in pod hivemq-test-hivemq-platform-operator-85995884cf-sz2jx [1d56d045-2978-4788-974c-240e4fcece1f]
2025-01-29 13:41:54,047 INFO c.h.h.t.HelmChartContainer - [hivemq-test-hivemq-platform] [hivemq-platform-operator] [1d56d045] 13:41:53.974 [main] DEBUG org.jboss.logging - Logging Provider: org.jboss.logging.Slf4jLoggerProvider
2025-01-29 13:41:54,153 INFO c.h.h.t.HelmChartContainer - [hivemq-test-hivemq-platform] [hivemq-platform-operator] [1d56d045] 13:41:54.151 [main] DEBUG io.smallrye.config - SRCFG01006: Loaded ConfigSource SysPropConfigSource with ordinal 400
2025-01-29 13:41:54,153 INFO c.h.h.t.HelmChartContainer - [hivemq-test-hivemq-platform] [hivemq-platform-operator] [1d56d045] 13:41:54.152 [main] DEBUG io.smallrye.config - SRCFG01006: Loaded ConfigSource EnvConfigSource with ordinal 300
2025-01-29 13:41:54,153 INFO c.h.h.t.HelmChartContainer - [hivemq-test-hivemq-platform] [hivemq-platform-operator] [1d56d045] 13:41:54.152 [main] DEBUG io.smallrye.config - SRCFG01006: Loaded ConfigSource PropertiesConfigSource[source=jar:file:///opt/hivemq-platform-operator/bin/hivemq-platform-operator.jar!/hivemq-platform-operator.properties] with ordinal 100
2025-01-29 13:41:54,153 INFO c.h.h.t.HelmChartContainer - [hivemq-test-hivemq-platform] [hivemq-platform-operator] [1d56d045] 13:41:54.152 [main] DEBUG io.smallrye.config - SRCFG01006: Loaded ConfigSource DefaultValuesConfigSource with ordinal -2147483648
2025-01-29 13:41:54,259 INFO c.h.h.t.HelmChartContainer - [hivemq-test-hivemq-platform] [hivemq-platform-operator] [1d56d045] 13:41:54.258 [main] DEBUG i.m.c.u.i.l.InternalLoggerFactory - Using SLF4J as the default logging framework
2025-01-29 13:41:54,448 INFO c.h.h.t.HelmChartContainer - [hivemq-test-hivemq-platform] [hivemq-platform-operator] [1d56d045] 13:41:54.369 [main] INFO  c.h.p.o.HiveMQPlatformOperatorApplication - HiveMQ Platform Operator 1.7.0-SNAPSHOT (commit: bebf408 on branch: HEAD) built on Sun Jan 26 20:47:47 UTC 2025
2025-01-29 13:41:54,449 INFO c.h.h.t.HelmChartContainer - [hivemq-test-hivemq-platform] [hivemq-platform-operator] [1d56d045] 13:41:54.447 [main] INFO  c.h.p.o.HiveMQPlatformOperatorApplication - HiveMQ Platform Operator is running in namespace: helmcontainersecuritycontextupgradeplatformit-operator
2025-01-29 13:41:54,450 INFO c.h.h.t.HelmChartContainer - [hivemq-test-hivemq-platform] [hivemq-platform-operator] [1d56d045] 13:41:54.448 [main] INFO  c.h.p.o.HiveMQPlatformOperatorApplication - Watching all namespaces
2025-01-29 13:41:54,450 INFO c.h.h.t.HelmChartContainer - [hivemq-test-hivemq-platform] [hivemq-platform-operator] [1d56d045] 13:41:54.448 [main] INFO  c.h.p.o.HiveMQPlatformOperatorApplication - Log level: DEBUG
2025-01-29 13:41:54,450 INFO c.h.h.t.HelmChartContainer - [hivemq-test-hivemq-platform] [hivemq-platform-operator] [1d56d045] 13:41:54.448 [main] INFO  c.h.p.o.HiveMQPlatformOperatorApplication - Release name: test-hivemq-platform-operator
2025-01-29 13:41:54,450 INFO c.h.h.t.HelmChartContainer - [hivemq-test-hivemq-platform] [hivemq-platform-operator] [1d56d045] 13:41:54.448 [main] INFO  c.h.p.o.HiveMQPlatformOperatorApplication - HiveMQ Platform Operator Init image: docker.io/hivemq/hivemq-platform-operator-init-test:snapshot
2025-01-29 13:41:54,450 INFO c.h.h.t.HelmChartContainer - [hivemq-test-hivemq-platform] [hivemq-platform-operator] [1d56d045] 13:41:54.448 [main] INFO  c.h.p.o.HiveMQPlatformOperatorApplication - HiveMQ Platform Operator Init App update URL: http://hivemq-platform-operator-test-hivemq-platform-operator.helmcontainersecuritycontextupgradeplatformit-operator.svc:8080/initAppUpdate/hivemq-platform-operator-init-app-1.7.0-SNAPSHOT.jar
2025-01-29 13:41:54,450 INFO c.h.h.t.HelmChartContainer - [hivemq-test-hivemq-platform] [hivemq-platform-operator] [1d56d045] 13:41:54.448 [main] INFO  c.h.p.o.HiveMQPlatformOperatorApplication - Additional imagePullSecret for all Platform deployments: none
2025-01-29 13:41:54,450 INFO c.h.h.t.HelmChartContainer - [hivemq-test-hivemq-platform] [hivemq-platform-operator] [1d56d045] 13:41:54.448 [main] INFO  c.h.p.o.HiveMQPlatformOperatorApplication - Apply HiveMQ Platform CRD: true
2025-01-29 13:41:54,450 INFO c.h.h.t.HelmChartContainer - [hivemq-test-hivemq-platform] [hivemq-platform-operator] [1d56d045] 13:41:54.448 [main] INFO  c.h.p.o.HiveMQPlatformOperatorApplication - Create Platform ServiceAccount: true
2025-01-29 13:41:54,450 INFO c.h.h.t.HelmChartContainer - [hivemq-test-hivemq-platform] [hivemq-platform-operator] [1d56d045] 13:41:54.448 [main] INFO  c.h.p.o.HiveMQPlatformOperatorApplication - Create Platform ServiceAccount permissions: true
2025-01-29 13:41:54,451 INFO c.h.h.t.HelmChartContainer - [hivemq-test-hivemq-platform] [hivemq-platform-operator] [1d56d045] 13:41:54.448 [main] INFO  c.h.p.o.HiveMQPlatformOperatorApplication - Validate Platform ServiceAccount: true
2025-01-29 13:41:54,451 INFO c.h.h.t.HelmChartContainer - [hivemq-test-hivemq-platform] [hivemq-platform-operator] [1d56d045] 13:41:54.448 [main] INFO  c.h.p.o.HiveMQPlatformOperatorApplication - Validate Platform ServiceAccount permissions: true
2025-01-29 13:41:54,571 INFO c.h.h.t.HelmChartContainer - [hivemq-test-hivemq-platform] [hivemq-platform-operator] [1d56d045] 13:41:54.570 [main] INFO  c.h.platform.operator.util.CRDUtil - Verifying deployed HiveMQ Platform CRD...
2025-01-29 13:41:57,348 INFO c.h.h.t.HelmChartContainer - [hivemq-test-hivemq-platform] [hivemq-platform-operator] [1d56d045] 13:41:57.347 [main] DEBUG c.h.platform.operator.util.CRDUtil - HiveMQ Platform CRD version v1 is up to date
2025-01-29 13:41:57,348 INFO c.h.h.t.HelmChartContainer - [hivemq-test-hivemq-platform] [hivemq-platform-operator] [1d56d045] 13:41:57.347 [main] INFO  c.h.platform.operator.util.CRDUtil - HiveMQ Platform CRD is up to date (version: V1_6_0)
2025-01-29 13:41:57,349 INFO c.h.h.t.HelmChartContainer - [hivemq-test-hivemq-platform] [hivemq-platform-operator] [1d56d045] 13:41:57.347 [main] INFO  c.h.platform.operator.util.CRDUtil - Waiting 10000 ms for HiveMQ Platform CRD 'hivemq-platforms.hivemq.com' to become ready...
2025-01-29 13:41:57,666 INFO c.h.h.t.HelmChartContainer - [hivemq-test-hivemq-platform] [hivemq-platform-operator] [1d56d045] 13:41:57.664 [vert.x-eventloop-thread-1] DEBUG c.h.platform.operator.util.CRDUtil - Checking CRD condition 'NamesAccepted' (status: 'True')
2025-01-29 13:41:57,667 INFO c.h.h.t.HelmChartContainer - [hivemq-test-hivemq-platform] [hivemq-platform-operator] [1d56d045] 13:41:57.665 [vert.x-eventloop-thread-1] DEBUG c.h.platform.operator.util.CRDUtil - Checking CRD condition 'Established' (status: 'True')
2025-01-29 13:41:57,668 INFO c.h.h.t.HelmChartContainer - [hivemq-test-hivemq-platform] [hivemq-platform-operator] [1d56d045] 13:41:57.666 [main] INFO  c.h.platform.operator.util.CRDUtil - HiveMQ Platform CRD 'hivemq-platforms.hivemq.com' is ready
2025-01-29 13:41:57,874 INFO c.h.h.t.HelmChartContainer - [hivemq-test-hivemq-platform] [hivemq-platform-operator] [1d56d045] 13:41:57.873 [main] INFO  c.h.p.o.HiveMQPlatformReconciler - HiveMQ Platform Operator is starting...
2025-01-29 13:41:58,064 INFO c.h.h.t.HelmChartContainer - [hivemq-test-hivemq-platform] [hivemq-platform-operator] [1d56d045] 13:41:58.055 [main] WARN  Default ConfigurationService implementation - Configuration for reconciler 'hivemq-controller' was not found. Known reconcilers: None.
2025-01-29 13:41:58,073 INFO c.h.h.t.HelmChartContainer - [hivemq-test-hivemq-platform] [hivemq-platform-operator] [1d56d045] 13:41:58.072 [main] INFO  Default ConfigurationService implementation - Created configuration for reconciler com.hivemq.platform.operator.HiveMQPlatformReconciler with name hivemq-controller
2025-01-29 13:41:58,249 INFO c.h.h.t.HelmChartContainer - [hivemq-test-hivemq-platform] [hivemq-platform-operator] [1d56d045] 13:41:58.247 [main] DEBUG c.h.p.o.HiveMQPlatformReconciler - HiveMQ Platform Operator is preparing EventSources
2025-01-29 13:41:58,272 INFO c.h.h.t.HelmChartContainer - [hivemq-test-hivemq-platform] [hivemq-platform-operator] [1d56d045] 13:41:58.271 [main] INFO  i.javaoperatorsdk.operator.Operator - Registered reconciler: 'hivemq-controller' for resource: 'class com.hivemq.platform.operator.v1.HiveMQPlatform' for namespace(s): [all namespaces]
2025-01-29 13:41:58,872 INFO c.h.h.t.HelmChartContainer - [EVENT] Warning [Unhealthy] Liveness probe failed: Get "http://10.42.0.9:8080/health/liveness": dial tcp 10.42.0.9:8080: connect: connection refused [helmcontainersecuritycontextupgradeplatformit-operator:hivemq-test-hivemq-platform-operator-85995884cf-sz2jx]
2025-01-29 13:41:58,872 INFO c.h.h.t.HelmChartContainer - Received Unhealthy event for container hivemq-platform-operator in pod hivemq-test-hivemq-platform-operator-85995884cf-sz2jx [1d56d045-2978-4788-974c-240e4fcece1f]
2025-01-29 13:41:58,967 INFO c.h.h.t.HelmChartContainer - [hivemq-test-hivemq-platform] [hivemq-platform-operator] [1d56d045] 13:41:58.965 [main] INFO  c.h.p.operator.webserver.JettyServer - Starting Jetty server on port 8080
2025-01-29 13:41:59,056 INFO c.h.h.t.HelmChartContainer - [hivemq-test-hivemq-platform] [hivemq-platform-operator] [1d56d045] 13:41:59.054 [main] INFO  i.javaoperatorsdk.operator.Operator - Operator SDK 4.9.7 (commit: 2133d28) built on Wed Nov 20 12:56:20 UTC 2024 starting...
2025-01-29 13:41:59,056 INFO c.h.h.t.HelmChartContainer - [hivemq-test-hivemq-platform] [hivemq-platform-operator] [1d56d045] 13:41:59.055 [main] INFO  i.javaoperatorsdk.operator.Operator - Client version: 6.13.4
2025-01-29 13:41:59,067 INFO c.h.h.t.HelmChartContainer - [hivemq-test-hivemq-platform] [hivemq-platform-operator] [1d56d045] 13:41:59.064 [Controller Starter for: hivemq-controller] INFO  i.j.operator.processing.Controller - Starting 'hivemq-controller' controller for reconciler: com.hivemq.platform.operator.HiveMQPlatformReconciler, resource: com.hivemq.platform.operator.v1.HiveMQPlatform
2025-01-29 13:42:01,569 INFO c.h.h.t.HelmChartContainer - [hivemq-test-hivemq-platform] [hivemq-platform-operator] [1d56d045] 13:42:01.566 [Controller Starter for: hivemq-controller] INFO  i.j.operator.processing.Controller - 'hivemq-controller' controller started
2025-01-29 13:42:01,570 INFO c.h.h.t.HelmChartContainer - [hivemq-test-hivemq-platform] [hivemq-platform-operator] [1d56d045] 13:42:01.566 [main] INFO  c.h.p.o.HiveMQPlatformOperatorApplication - HiveMQ Platform Operator 1.7.0-SNAPSHOT started in 7197 ms
2025-01-29 13:42:01,820 INFO c.h.h.t.HelmChartContainer - [POD] hivemq-test-hivemq-platform-operator-85995884cf-sz2jx [1d56d045-2978-4788-974c-240e4fcece1f] in helmcontainersecuritycontextupgradeplatformit-operator was MODIFIED
2025-01-29 13:42:01,827 INFO c.h.h.t.HelmChartContainer - [K3S] [replica_set.go:679] "Finished syncing" kind="ReplicaSet" key="helmcontainersecuritycontextupgradeplatformit-operator/hivemq-test-hivemq-platform-operator-85995884cf" duration="7.905848ms"
2025-01-29 13:42:01,827 INFO c.h.h.t.HelmChartContainer - [K3S] [replica_set.go:679] "Finished syncing" kind="ReplicaSet" key="helmcontainersecuritycontextupgradeplatformit-operator/hivemq-test-hivemq-platform-operator-85995884cf" duration="38.182µs"
2025-01-29 13:42:02,611 INFO com.hivemq.helmcharts.util.K8sUtil - Pod 'hivemq-test-hivemq-platform-operator-85995884cf-sz2jx' is ready
2025-01-29 13:42:02,705 DEBUG com.hivemq.helmcharts.util.PodUtil - Received status for command '[sh, -c, stat -c "%u:%g" /proc/1]' on pod 'hivemq-test-hivemq-platform-operator-85995884cf-sz2jx' (exit code: 0)
2025-01-29 13:42:02,773 DEBUG c.h.h.t.HelmChartContainer - Executing helm command: /bin/helm --kubeconfig /etc/rancher/k3s/k3s.yaml install test-hivemq-platform /charts/hivemq-platform --wait --timeout 5m0s --set image.repository=docker.io/hivemq --set image.tag=4.36.0 --set image.pullPolicy=Never --set nodes.resources.cpu=512m -f /files/platform-container-security-context-non-root-user-values.yaml --namespace helmcontainersecuritycontextupgradeplatformit
2025-01-29 13:42:03,071 INFO c.h.h.t.HelmChartContainer - [hivemq-test-hivemq-platform] [hivemq-platform-operator] [1d56d045] 13:42:03.069 [-373097727-pool-1-thread-1] WARN  i.m.p.PrometheusMeterRegistry - The meter (MeterId{name='operator.sdk.events.received', tags=[tag(action=ADDED),tag(event=ResourceEvent),tag(group=hivemq.com),tag(kind=HiveMQPlatform),tag(name=test-hivemq-platform),tag(namespace=helmcontainersecuritycontextupgradeplatformit),tag(scope=namespace),tag(version=v1)]}) registration has failed: Prometheus requires that all meters with the same name have the same set of tag keys. There is already an existing meter named 'operator.sdk.events.received' containing tag keys [event, group, kind, name, namespace, scope, version]. The meter you are attempting to register has keys [action, event, group, kind, name, namespace, scope, version]. Note that subsequent logs will be logged at debug level.
2025-01-29 13:42:03,485 INFO c.h.h.t.HelmChartContainer - [hivemq-test-hivemq-platform] [hivemq-platform-operator] [1d56d045] 13:42:03.481 [pool-6-thread-3] DEBUG c.h.p.o.dependants.PodInfoConfigMap - [helmcont] Desired PodInfo ConfigMap (1 extensions) (1 enabled)
2025-01-29 13:42:03,485 INFO c.h.h.t.HelmChartContainer - [hivemq-test-hivemq-platform] [hivemq-platform-operator] [1d56d045] 13:42:03.482 [pool-6-thread-3] DEBUG c.h.p.o.dependants.PodInfoConfigMap - [helmcont] Desired PodInfo ConfigMap (metrics port: 9399) (metrics path: /)
2025-01-29 13:42:03,485 INFO c.h.h.t.HelmChartContainer - [hivemq-test-hivemq-platform] [hivemq-platform-operator] [1d56d045] 13:42:03.482 [pool-6-thread-3] DEBUG c.h.p.o.dependants.PodInfoConfigMap - [helmcont] Desired PodInfo ConfigMap (extension state hash: -1817474005)
2025-01-29 13:42:03,486 INFO c.h.h.t.HelmChartContainer - [hivemq-test-hivemq-platform] [hivemq-platform-operator] [1d56d045] 13:42:03.484 [pool-6-thread-3] DEBUG c.h.p.o.dependants.PodInfoConfigMap - [helmcont] Create PodInfo ConfigMap
2025-01-29 13:42:03,668 INFO c.h.h.t.HelmChartContainer - [hivemq-test-hivemq-platform] [hivemq-platform-operator] [1d56d045] 13:42:03.664 [pool-6-thread-5] DEBUG c.h.p.o.dependants.PodRoleResource - [helmcont] Create Role: Role(apiVersion=rbac.authorization.k8s.io/v1, kind=Role, metadata=ObjectMeta(annotations={meta.helm.sh/release-name=test-hivemq-platform, meta.helm.sh/release-namespace=helmcontainersecuritycontextupgradeplatformit}, creationTimestamp=null, deletionGracePeriodSeconds=null, deletionTimestamp=null, finalizers=[], generateName=null, generation=null, labels={helm.sh/chart=hivemq-platform-0.2.32, app.kubernetes.io/managed-by=Helm, app.kubernetes.io/name=hivemq-platform, hivemq-platform=test-hivemq-platform, app.kubernetes.io/instance=test-hivemq-platform, app.kubernetes.io/version=4.36.0}, managedFields=[], name=hivemq-platform-role-test-hivemq-platform, namespace=helmcontainersecuritycontextupgradeplatformit, ownerReferences=[OwnerReference(apiVersion=hivemq.com/v1, blockOwnerDeletion=null, controller=null, kind=HiveMQPlatform, name=test-hivemq-platform, uid=5ed1f718-a45c-42b1-8fb8-833a2e5ebe85, additionalProperties={})], resourceVersion=null, selfLink=null, uid=null, additionalProperties={}), rules=[PolicyRule(apiGroups=[], nonResourceURLs=[], resourceNames=[], resources=[pods], verbs=[get, patch, update], additionalProperties={})], additionalProperties={})
2025-01-29 13:42:03,772 INFO c.h.h.t.HelmChartContainer - [hivemq-test-hivemq-platform] [hivemq-platform-operator] [1d56d045] 13:42:03.771 [pool-6-thread-7] DEBUG c.h.p.o.d.PodServiceAccountResource - [helmcont] Desired PodServiceAccountResource (serviceAccountName: hivemq-platform-pod-test-hivemq-platform)
2025-01-29 13:42:03,773 INFO c.h.h.t.HelmChartContainer - [hivemq-test-hivemq-platform] [hivemq-platform-operator] [1d56d045] 13:42:03.772 [pool-6-thread-7] DEBUG c.h.p.o.d.PodServiceAccountResource - [helmcont] Create ServiceAccount 'hivemq-platform-pod-test-hivemq-platform'
2025-01-29 13:42:03,876 INFO c.h.h.t.HelmChartContainer - [hivemq-test-hivemq-platform] [hivemq-platform-operator] [1d56d045] 13:42:03.875 [pool-6-thread-9] DEBUG c.h.p.o.d.PodRoleBindingResource - [helmcont] Create RoleBinding: RoleBinding(apiVersion=rbac.authorization.k8s.io/v1, kind=RoleBinding, metadata=ObjectMeta(annotations={meta.helm.sh/release-name=test-hivemq-platform, meta.helm.sh/release-namespace=helmcontainersecuritycontextupgradeplatformit}, creationTimestamp=null, deletionGracePeriodSeconds=null, deletionTimestamp=null, finalizers=[], generateName=null, generation=null, labels={helm.sh/chart=hivemq-platform-0.2.32, app.kubernetes.io/managed-by=Helm, app.kubernetes.io/name=hivemq-platform, hivemq-platform=test-hivemq-platform, app.kubernetes.io/instance=test-hivemq-platform, app.kubernetes.io/version=4.36.0}, managedFields=[], name=hivemq-platform-role-binding-test-hivemq-platform, namespace=helmcontainersecuritycontextupgradeplatformit, ownerReferences=[OwnerReference(apiVersion=hivemq.com/v1, blockOwnerDeletion=null, controller=null, kind=HiveMQPlatform, name=test-hivemq-platform, uid=5ed1f718-a45c-42b1-8fb8-833a2e5ebe85, additionalProperties={})], resourceVersion=null, selfLink=null, uid=null, additionalProperties={}), roleRef=RoleRef(apiGroup=rbac.authorization.k8s.io, kind=Role, name=hivemq-platform-role-test-hivemq-platform, additionalProperties={}), subjects=[Subject(apiGroup=null, kind=ServiceAccount, name=hivemq-platform-pod-test-hivemq-platform, namespace=helmcontainersecuritycontextupgradeplatformit, additionalProperties={})], additionalProperties={})
2025-01-29 13:42:03,978 INFO c.h.h.t.HelmChartContainer - [hivemq-test-hivemq-platform] [hivemq-platform-operator] [1d56d045] 13:42:03.977 [ReconcilerExecutor-hivemq-controller-54] INFO  c.h.p.o.HiveMQPlatformReconciler - [helmcont] Reconciling HiveMQ Platform 'test-hivemq-platform' in namespace 'helmcontainersecuritycontextupgradeplatformit'
2025-01-29 13:42:03,979 INFO c.h.h.t.HelmChartContainer - [hivemq-test-hivemq-platform] [hivemq-platform-operator] [1d56d045] 13:42:03.978 [ReconcilerExecutor-hivemq-controller-54] DEBUG c.h.p.o.HiveMQPlatformReconciler - [helmcont] Custom Resource Status CREATED - HiveMQ Platform was created (READY)
2025-01-29 13:42:03,979 INFO c.h.h.t.HelmChartContainer - [hivemq-test-hivemq-platform] [hivemq-platform-operator] [1d56d045] 13:42:03.978 [ReconcilerExecutor-hivemq-controller-54] DEBUG c.h.p.o.HiveMQPlatformReconciler - [helmcont] Custom Resource Spec (replicas: 1) (extensions: 1)
2025-01-29 13:42:03,982 INFO c.h.h.t.HelmChartContainer - [hivemq-test-hivemq-platform] [hivemq-platform-operator] [1d56d045] 13:42:03.981 [ReconcilerExecutor-hivemq-controller-54] INFO  c.h.p.o.h.HiveMQPlatformReconcilerBaseHandler - [helmcont] HiveMQ Platform is starting
2025-01-29 13:42:04,078 INFO c.h.h.t.HelmChartContainer - [hivemq-test-hivemq-platform] [hivemq-platform-operator] [1d56d045] 13:42:04.077 [ReconcilerExecutor-hivemq-controller-54] DEBUG c.h.p.operator.event.EventSender - [helmcont] Creating K8s event hivemq-platform-starting: [Start] HiveMQ Platform is starting
2025-01-29 13:42:04,168 INFO c.h.h.t.HelmChartContainer - [EVENT] Normal [Start] HiveMQ Platform is starting [helmcontainersecuritycontextupgradeplatformit:test-hivemq-platform]
2025-01-29 13:42:04,173 INFO c.h.h.t.HelmChartContainer - [hivemq-test-hivemq-platform] [hivemq-platform-operator] [1d56d045] 13:42:04.171 [ReconcilerExecutor-hivemq-controller-54] INFO  c.h.p.o.h.AbstractHiveMQReconcilerStateHandler - [helmcont] Update HiveMQ Platform Status (CREATED [READY] -> STARTING [READY]): HiveMQ Platform is starting
2025-01-29 13:42:04,185 DEBUG com.hivemq.helmcharts.util.K8sUtil - Comparing actual state 'STARTING' and waiting for 'RUNNING'
2025-01-29 13:42:14,275 INFO c.h.h.t.HelmChartContainer - [hivemq-test-hivemq-platform] [hivemq-platform-operator] [1d56d045] 13:42:14.273 [pool-6-thread-12] DEBUG c.h.p.o.d.PlatformServiceResource - [helmcont] Desired Platform services (3 services)
2025-01-29 13:42:14,276 INFO c.h.h.t.HelmChartContainer - [hivemq-test-hivemq-platform] [hivemq-platform-operator] [1d56d045] 13:42:14.274 [pool-6-thread-13] DEBUG c.h.p.o.dependants.PodInfoConfigMap - [helmcont] Desired PodInfo ConfigMap (1 extensions) (1 enabled)
2025-01-29 13:42:14,276 INFO c.h.h.t.HelmChartContainer - [hivemq-test-hivemq-platform] [hivemq-platform-operator] [1d56d045] 13:42:14.274 [pool-6-thread-13] DEBUG c.h.p.o.dependants.PodInfoConfigMap - [helmcont] Desired PodInfo ConfigMap (metrics port: 9399) (metrics path: /)
2025-01-29 13:42:14,276 INFO c.h.h.t.HelmChartContainer - [hivemq-test-hivemq-platform] [hivemq-platform-operator] [1d56d045] 13:42:14.274 [pool-6-thread-13] DEBUG c.h.p.o.dependants.PodInfoConfigMap - [helmcont] Desired PodInfo ConfigMap (extension state hash: -1817474005)
2025-01-29 13:42:14,278 INFO c.h.h.t.HelmChartContainer - [hivemq-test-hivemq-platform] [hivemq-platform-operator] [1d56d045] 13:42:14.277 [pool-6-thread-17] DEBUG c.h.p.o.d.PodServiceAccountResource - [helmcont] Desired PodServiceAccountResource (serviceAccountName: hivemq-platform-pod-test-hivemq-platform)
2025-01-29 13:42:14,284 INFO c.h.h.t.HelmChartContainer - [hivemq-test-hivemq-platform] [hivemq-platform-operator] [1d56d045] 13:42:14.282 [pool-6-thread-13] DEBUG c.h.p.o.dependants.PodInfoConfigMap - [helmcont] Update PodInfo ConfigMap
2025-01-29 13:42:14,376 INFO c.h.h.t.HelmChartContainer - [K3S] [alloc.go:330] "allocated clusterIPs" service="helmcontainersecuritycontextupgradeplatformit/hivemq-test-hivemq-platform-metrics-9399" clusterIPs={"IPv4":"10.43.18.59"}
2025-01-29 13:42:14,469 INFO c.h.h.t.HelmChartContainer - [K3S] [alloc.go:330] "allocated clusterIPs" service="helmcontainersecuritycontextupgradeplatformit/hivemq-test-hivemq-platform-mqtt-1883" clusterIPs={"IPv4":"10.43.103.179"}
2025-01-29 13:42:14,483 INFO c.h.h.t.HelmChartContainer - [K3S] [alloc.go:330] "allocated clusterIPs" service="helmcontainersecuritycontextupgradeplatformit/hivemq-test-hivemq-platform-cc-8080" clusterIPs={"IPv4":"10.43.32.12"}
2025-01-29 13:42:14,490 INFO c.h.h.t.HelmChartContainer - [hivemq-test-hivemq-platform] [hivemq-platform-operator] [1d56d045] 13:42:14.489 [pool-6-thread-20] DEBUG c.h.p.o.d.StatefulSetResource - [helmcont] Desired StatefulSet (1 replicas) for status STARTING (READY)
2025-01-29 13:42:14,568 INFO c.h.h.t.HelmChartContainer - [hivemq-test-hivemq-platform] [hivemq-platform-operator] [1d56d045] 13:42:14.567 [pool-6-thread-20] DEBUG c.h.p.o.d.StatefulSetResource - [helmcont] Create StatefulSet
2025-01-29 13:42:14,598 INFO c.h.h.t.HelmChartContainer - [POD] test-hivemq-platform-0 [35552fea-4afe-4d24-acb9-2a83d459db12] in helmcontainersecuritycontextupgradeplatformit was ADDED
2025-01-29 13:42:14,599 INFO c.h.h.t.HelmChartContainer - [EVENT] Normal [SuccessfulCreate] create Pod test-hivemq-platform-0 in StatefulSet test-hivemq-platform successful [helmcontainersecuritycontextupgradeplatformit:test-hivemq-platform]
2025-01-29 13:42:14,602 INFO c.h.h.t.HelmChartContainer - [POD] test-hivemq-platform-0 [35552fea-4afe-4d24-acb9-2a83d459db12] in helmcontainersecuritycontextupgradeplatformit was MODIFIED
2025-01-29 13:42:14,604 INFO c.h.h.t.HelmChartContainer - [EVENT] Normal [Scheduled] Successfully assigned helmcontainersecuritycontextupgradeplatformit/test-hivemq-platform-0 to ddd52fe05997 [helmcontainersecuritycontextupgradeplatformit:test-hivemq-platform-0]
2025-01-29 13:42:14,619 INFO c.h.h.t.HelmChartContainer - [POD] test-hivemq-platform-0 [35552fea-4afe-4d24-acb9-2a83d459db12] in helmcontainersecuritycontextupgradeplatformit was MODIFIED
2025-01-29 13:42:14,641 INFO c.h.h.t.HelmChartContainer - [K3S] [reconciler_common.go:251] "operationExecutor.VerifyControllerAttachedVolume started for volume \"operator-init\" (UniqueName: \"kubernetes.io/empty-dir/35552fea-4afe-4d24-acb9-2a83d459db12-operator-init\") pod \"test-hivemq-platform-0\" (UID: \"35552fea-4afe-4d24-acb9-2a83d459db12\") " pod="helmcontainersecuritycontextupgradeplatformit/test-hivemq-platform-0"
2025-01-29 13:42:14,641 INFO c.h.h.t.HelmChartContainer - [K3S] [reconciler_common.go:251] "operationExecutor.VerifyControllerAttachedVolume started for volume \"pod-info\" (UniqueName: \"kubernetes.io/configmap/35552fea-4afe-4d24-acb9-2a83d459db12-pod-info\") pod \"test-hivemq-platform-0\" (UID: \"35552fea-4afe-4d24-acb9-2a83d459db12\") " pod="helmcontainersecuritycontextupgradeplatformit/test-hivemq-platform-0"
2025-01-29 13:42:14,641 INFO c.h.h.t.HelmChartContainer - [K3S] [reconciler_common.go:251] "operationExecutor.VerifyControllerAttachedVolume started for volume \"kube-api-access-d9wfj\" (UniqueName: \"kubernetes.io/projected/35552fea-4afe-4d24-acb9-2a83d459db12-kube-api-access-d9wfj\") pod \"test-hivemq-platform-0\" (UID: \"35552fea-4afe-4d24-acb9-2a83d459db12\") " pod="helmcontainersecuritycontextupgradeplatformit/test-hivemq-platform-0"
2025-01-29 13:42:14,641 INFO c.h.h.t.HelmChartContainer - [K3S] [reconciler_common.go:251] "operationExecutor.VerifyControllerAttachedVolume started for volume \"broker-configuration\" (UniqueName: \"kubernetes.io/configmap/35552fea-4afe-4d24-acb9-2a83d459db12-broker-configuration\") pod \"test-hivemq-platform-0\" (UID: \"35552fea-4afe-4d24-acb9-2a83d459db12\") " pod="helmcontainersecuritycontextupgradeplatformit/test-hivemq-platform-0"
2025-01-29 13:42:14,767 INFO c.h.h.t.HelmChartContainer - [hivemq-test-hivemq-platform] [hivemq-platform-operator] [1d56d045] 13:42:14.763 [ReconcilerExecutor-hivemq-controller-65] INFO  c.h.p.o.HiveMQPlatformReconciler - [helmcont] Reconciling HiveMQ Platform 'test-hivemq-platform' in namespace 'helmcontainersecuritycontextupgradeplatformit'
2025-01-29 13:42:14,767 INFO c.h.h.t.HelmChartContainer - [hivemq-test-hivemq-platform] [hivemq-platform-operator] [1d56d045] 13:42:14.763 [ReconcilerExecutor-hivemq-controller-65] DEBUG c.h.p.o.HiveMQPlatformReconciler - [helmcont] Custom Resource Status STARTING - HiveMQ Platform is starting (READY)
2025-01-29 13:42:14,767 INFO c.h.h.t.HelmChartContainer - [hivemq-test-hivemq-platform] [hivemq-platform-operator] [1d56d045] 13:42:14.763 [ReconcilerExecutor-hivemq-controller-65] DEBUG c.h.p.o.HiveMQPlatformReconciler - [helmcont] Custom Resource Spec (replicas: 1) (extensions: 1)
2025-01-29 13:42:14,768 INFO c.h.h.t.HelmChartContainer - [hivemq-test-hivemq-platform] [hivemq-platform-operator] [1d56d045] 13:42:14.767 [ReconcilerExecutor-hivemq-controller-65] DEBUG c.h.p.o.HiveMQPlatformReconciler - [helmcont] StatefulSet Status (revision: test-hivemq-platform-fc778bc4c, replicas: 1, available: 0, ready: 0, current: 1, updated: 1)
2025-01-29 13:42:14,769 INFO c.h.h.t.HelmChartContainer - [hivemq-test-hivemq-platform] [hivemq-platform-operator] [1d56d045] 13:42:14.768 [ReconcilerExecutor-hivemq-controller-65] DEBUG c.h.p.o.HiveMQPlatformReconciler - [helmcont] StatefulSet Spec (replicas: 1, init containers: 1, containers: 1, volumes: 3)
2025-01-29 13:42:14,867 INFO c.h.h.t.HelmChartContainer - [hivemq-test-hivemq-platform] [hivemq-platform-operator] [1d56d045] 13:42:14.866 [ReconcilerExecutor-hivemq-controller-65] DEBUG c.h.p.o.h.HiveMQPlatformReconcilerErrorHandler - [helmcont] Pod 'test-hivemq-platform-0' phase Pending
2025-01-29 13:42:14,868 INFO c.h.h.t.HelmChartContainer - [hivemq-test-hivemq-platform] [hivemq-platform-operator] [1d56d045] 13:42:14.866 [ReconcilerExecutor-hivemq-controller-65] DEBUG c.h.p.o.h.HiveMQPlatformReconcilerErrorHandler - [helmcont] Pod 'test-hivemq-platform-0' condition 'PodReadyToStartContainers': False
2025-01-29 13:42:14,870 INFO c.h.h.t.HelmChartContainer - [hivemq-test-hivemq-platform] [hivemq-platform-operator] [1d56d045] 13:42:14.867 [ReconcilerExecutor-hivemq-controller-65] DEBUG c.h.p.o.h.HiveMQPlatformReconcilerErrorHandler - [helmcont] Pod 'test-hivemq-platform-0' condition 'Initialized': False
2025-01-29 13:42:14,870 INFO c.h.h.t.HelmChartContainer - [hivemq-test-hivemq-platform] [hivemq-platform-operator] [1d56d045] 13:42:14.867 [ReconcilerExecutor-hivemq-controller-65] DEBUG c.h.p.o.h.HiveMQPlatformReconcilerErrorHandler - [helmcont] Pod 'test-hivemq-platform-0' condition 'Ready': False
2025-01-29 13:42:14,870 INFO c.h.h.t.HelmChartContainer - [hivemq-test-hivemq-platform] [hivemq-platform-operator] [1d56d045] 13:42:14.867 [ReconcilerExecutor-hivemq-controller-65] DEBUG c.h.p.o.h.HiveMQPlatformReconcilerErrorHandler - [helmcont] Pod 'test-hivemq-platform-0' condition 'ContainersReady': False
2025-01-29 13:42:14,870 INFO c.h.h.t.HelmChartContainer - [hivemq-test-hivemq-platform] [hivemq-platform-operator] [1d56d045] 13:42:14.867 [ReconcilerExecutor-hivemq-controller-65] DEBUG c.h.p.o.h.HiveMQPlatformReconcilerErrorHandler - [helmcont] Pod 'test-hivemq-platform-0' condition 'PodScheduled': True
2025-01-29 13:42:14,870 INFO c.h.h.t.HelmChartContainer - [hivemq-test-hivemq-platform] [hivemq-platform-operator] [1d56d045] 13:42:14.868 [ReconcilerExecutor-hivemq-controller-65] DEBUG c.h.p.o.h.HiveMQPlatformReconcilerErrorHandler - [helmcont] Pod 'test-hivemq-platform-0' containerStatus 'hivemq' (started: false) (ready: false) (waiting: [PodInitializing] null)
2025-01-29 13:42:14,872 INFO c.h.h.t.HelmChartContainer - [hivemq-test-hivemq-platform] [hivemq-platform-operator] [1d56d045] 13:42:14.871 [ReconcilerExecutor-hivemq-controller-65] INFO  c.h.p.o.h.HiveMQPlatformReconcilerBaseHandler - [helmcont] HiveMQ Platform is starting, 0 of 1 replicas are ready
2025-01-29 13:42:14,879 INFO c.h.h.t.HelmChartContainer - [hivemq-test-hivemq-platform] [hivemq-platform-operator] [1d56d045] 13:42:14.877 [pool-6-thread-22] DEBUG c.h.p.o.d.PlatformServiceResource - [helmcont] Desired Platform services (3 services)
2025-01-29 13:42:14,881 INFO c.h.h.t.HelmChartContainer - [hivemq-test-hivemq-platform] [hivemq-platform-operator] [1d56d045] 13:42:14.879 [pool-6-thread-23] DEBUG c.h.p.o.dependants.PodInfoConfigMap - [helmcont] Desired PodInfo ConfigMap (1 extensions) (1 enabled)
2025-01-29 13:42:14,881 INFO c.h.h.t.HelmChartContainer - [hivemq-test-hivemq-platform] [hivemq-platform-operator] [1d56d045] 13:42:14.879 [pool-6-thread-23] DEBUG c.h.p.o.dependants.PodInfoConfigMap - [helmcont] Desired PodInfo ConfigMap (metrics port: 9399) (metrics path: /)
2025-01-29 13:42:14,881 INFO c.h.h.t.HelmChartContainer - [hivemq-test-hivemq-platform] [hivemq-platform-operator] [1d56d045] 13:42:14.879 [pool-6-thread-23] DEBUG c.h.p.o.dependants.PodInfoConfigMap - [helmcont] Desired PodInfo ConfigMap (extension state hash: -1817474005)
2025-01-29 13:42:14,981 INFO c.h.h.t.HelmChartContainer - [hivemq-test-hivemq-platform] [hivemq-platform-operator] [1d56d045] 13:42:14.975 [pool-6-thread-27] DEBUG c.h.p.o.d.PodServiceAccountResource - [helmcont] Desired PodServiceAccountResource (serviceAccountName: hivemq-platform-pod-test-hivemq-platform)
2025-01-29 13:42:15,011 INFO c.h.h.t.HelmChartContainer - [EVENT] Normal [Pulled] Container image "docker.io/hivemq/hivemq-platform-operator-init-test:snapshot" already present on machine [helmcontainersecuritycontextupgradeplatformit:test-hivemq-platform-0]
2025-01-29 13:42:15,073 INFO c.h.h.t.HelmChartContainer - [hivemq-test-hivemq-platform] [hivemq-platform-operator] [1d56d045] 13:42:15.068 [pool-6-thread-30] DEBUG c.h.p.o.d.StatefulSetResource - [helmcont] Desired StatefulSet (1 replicas) for status STARTING (READY)
2025-01-29 13:42:15,078 INFO c.h.h.t.HelmChartContainer - [hivemq-test-hivemq-platform] [hivemq-platform-operator] [1d56d045] 13:42:15.077 [ReconcilerExecutor-hivemq-controller-76] INFO  c.h.p.o.HiveMQPlatformReconciler - [helmcont] Reconciling HiveMQ Platform 'test-hivemq-platform' in namespace 'helmcontainersecuritycontextupgradeplatformit'
2025-01-29 13:42:15,079 INFO c.h.h.t.HelmChartContainer - [hivemq-test-hivemq-platform] [hivemq-platform-operator] [1d56d045] 13:42:15.078 [ReconcilerExecutor-hivemq-controller-76] DEBUG c.h.p.o.HiveMQPlatformReconciler - [helmcont] Custom Resource Status STARTING - HiveMQ Platform is starting (READY)
2025-01-29 13:42:15,079 INFO c.h.h.t.HelmChartContainer - [hivemq-test-hivemq-platform] [hivemq-platform-operator] [1d56d045] 13:42:15.078 [ReconcilerExecutor-hivemq-controller-76] DEBUG c.h.p.o.HiveMQPlatformReconciler - [helmcont] Custom Resource Spec (replicas: 1) (extensions: 1)
2025-01-29 13:42:15,165 INFO c.h.h.t.HelmChartContainer - [hivemq-test-hivemq-platform] [hivemq-platform-operator] [1d56d045] 13:42:15.164 [ReconcilerExecutor-hivemq-controller-76] DEBUG c.h.p.o.HiveMQPlatformReconciler - [helmcont] StatefulSet Status (revision: test-hivemq-platform-fc778bc4c, replicas: 1, available: 0, ready: 0, current: 1, updated: 1)
2025-01-29 13:42:15,165 INFO c.h.h.t.HelmChartContainer - [hivemq-test-hivemq-platform] [hivemq-platform-operator] [1d56d045] 13:42:15.164 [ReconcilerExecutor-hivemq-controller-76] DEBUG c.h.p.o.HiveMQPlatformReconciler - [helmcont] StatefulSet Spec (replicas: 1, init containers: 1, containers: 1, volumes: 3)
2025-01-29 13:42:15,169 INFO c.h.h.t.HelmChartContainer - [hivemq-test-hivemq-platform] [hivemq-platform-operator] [1d56d045] 13:42:15.166 [ReconcilerExecutor-hivemq-controller-76] DEBUG c.h.p.o.h.HiveMQPlatformReconcilerErrorHandler - [helmcont] Pod 'test-hivemq-platform-0' phase Pending
2025-01-29 13:42:15,169 INFO c.h.h.t.HelmChartContainer - [hivemq-test-hivemq-platform] [hivemq-platform-operator] [1d56d045] 13:42:15.167 [ReconcilerExecutor-hivemq-controller-76] DEBUG c.h.p.o.h.HiveMQPlatformReconcilerErrorHandler - [helmcont] Pod 'test-hivemq-platform-0' condition 'PodReadyToStartContainers': False
2025-01-29 13:42:15,170 INFO c.h.h.t.HelmChartContainer - [hivemq-test-hivemq-platform] [hivemq-platform-operator] [1d56d045] 13:42:15.167 [ReconcilerExecutor-hivemq-controller-76] DEBUG c.h.p.o.h.HiveMQPlatformReconcilerErrorHandler - [helmcont] Pod 'test-hivemq-platform-0' condition 'Initialized': False
2025-01-29 13:42:15,170 INFO c.h.h.t.HelmChartContainer - [hivemq-test-hivemq-platform] [hivemq-platform-operator] [1d56d045] 13:42:15.167 [ReconcilerExecutor-hivemq-controller-76] DEBUG c.h.p.o.h.HiveMQPlatformReconcilerErrorHandler - [helmcont] Pod 'test-hivemq-platform-0' condition 'Ready': False
2025-01-29 13:42:15,170 INFO c.h.h.t.HelmChartContainer - [hivemq-test-hivemq-platform] [hivemq-platform-operator] [1d56d045] 13:42:15.167 [ReconcilerExecutor-hivemq-controller-76] DEBUG c.h.p.o.h.HiveMQPlatformReconcilerErrorHandler - [helmcont] Pod 'test-hivemq-platform-0' condition 'ContainersReady': False
2025-01-29 13:42:15,170 INFO c.h.h.t.HelmChartContainer - [hivemq-test-hivemq-platform] [hivemq-platform-operator] [1d56d045] 13:42:15.167 [ReconcilerExecutor-hivemq-controller-76] DEBUG c.h.p.o.h.HiveMQPlatformReconcilerErrorHandler - [helmcont] Pod 'test-hivemq-platform-0' condition 'PodScheduled': True
2025-01-29 13:42:15,170 INFO c.h.h.t.HelmChartContainer - [hivemq-test-hivemq-platform] [hivemq-platform-operator] [1d56d045] 13:42:15.167 [ReconcilerExecutor-hivemq-controller-76] DEBUG c.h.p.o.h.HiveMQPlatformReconcilerErrorHandler - [helmcont] Pod 'test-hivemq-platform-0' containerStatus 'hivemq' (started: false) (ready: false) (waiting: [PodInitializing] null)
2025-01-29 13:42:15,171 INFO c.h.h.t.HelmChartContainer - [hivemq-test-hivemq-platform] [hivemq-platform-operator] [1d56d045] 13:42:15.168 [ReconcilerExecutor-hivemq-controller-76] INFO  c.h.p.o.h.HiveMQPlatformReconcilerBaseHandler - [helmcont] HiveMQ Platform is starting, 0 of 1 replicas are ready
2025-01-29 13:42:15,197 INFO c.h.h.t.HelmChartContainer - [EVENT] Normal [Created] Created container: hivemq-platform-operator-init [helmcontainersecuritycontextupgradeplatformit:test-hivemq-platform-0]
2025-01-29 13:42:15,234 INFO c.h.h.t.HelmChartContainer - [EVENT] Normal [Started] Started container hivemq-platform-operator-init [helmcontainersecuritycontextupgradeplatformit:test-hivemq-platform-0]
2025-01-29 13:42:15,807 INFO c.h.h.t.HelmChartContainer - [EVENT] Normal [Pulled] Container image "docker.io/hivemq/hivemq4:4.36.0" already present on machine [helmcontainersecuritycontextupgradeplatformit:test-hivemq-platform-0]
2025-01-29 13:42:15,808 INFO c.h.h.t.HelmChartContainer - Received Pulled event for container hivemq in pod test-hivemq-platform-0 [35552fea-4afe-4d24-acb9-2a83d459db12]
2025-01-29 13:42:15,818 INFO c.h.h.t.HelmChartContainer - [POD] test-hivemq-platform-0 [35552fea-4afe-4d24-acb9-2a83d459db12] in helmcontainersecuritycontextupgradeplatformit was MODIFIED
2025-01-29 13:42:15,837 INFO c.h.h.t.HelmChartContainer - [hivemq-test-hivemq-platform] [hivemq-platform-operator] [1d56d045] 13:42:15.828 [pool-6-thread-32] DEBUG c.h.p.o.d.PlatformServiceResource - [helmcont] Desired Platform services (3 services)
2025-01-29 13:42:15,837 INFO c.h.h.t.HelmChartContainer - [hivemq-test-hivemq-platform] [hivemq-platform-operator] [1d56d045] 13:42:15.830 [pool-6-thread-33] DEBUG c.h.p.o.dependants.PodInfoConfigMap - [helmcont] Desired PodInfo ConfigMap (1 extensions) (1 enabled)
2025-01-29 13:42:15,837 INFO c.h.h.t.HelmChartContainer - [hivemq-test-hivemq-platform] [hivemq-platform-operator] [1d56d045] 13:42:15.831 [pool-6-thread-33] DEBUG c.h.p.o.dependants.PodInfoConfigMap - [helmcont] Desired PodInfo ConfigMap (metrics port: 9399) (metrics path: /)
2025-01-29 13:42:15,837 INFO c.h.h.t.HelmChartContainer - [hivemq-test-hivemq-platform] [hivemq-platform-operator] [1d56d045] 13:42:15.831 [pool-6-thread-33] DEBUG c.h.p.o.dependants.PodInfoConfigMap - [helmcont] Desired PodInfo ConfigMap (extension state hash: -1817474005)
2025-01-29 13:42:15,848 INFO c.h.h.t.HelmChartContainer - [hivemq-test-hivemq-platform] [hivemq-platform-operator] [1d56d045] 13:42:15.843 [pool-6-thread-37] DEBUG c.h.p.o.d.PodServiceAccountResource - [helmcont] Desired PodServiceAccountResource (serviceAccountName: hivemq-platform-pod-test-hivemq-platform)
2025-01-29 13:42:15,873 INFO c.h.h.t.HelmChartContainer - [hivemq-test-hivemq-platform] [hivemq-platform-operator] [1d56d045] 13:42:15.871 [pool-6-thread-40] DEBUG c.h.p.o.d.StatefulSetResource - [helmcont] Desired StatefulSet (1 replicas) for status STARTING (READY)
2025-01-29 13:42:15,882 INFO c.h.h.t.HelmChartContainer - [hivemq-test-hivemq-platform] [hivemq-platform-operator] [1d56d045] 13:42:15.879 [ReconcilerExecutor-hivemq-controller-87] INFO  c.h.p.o.HiveMQPlatformReconciler - [helmcont] Reconciling HiveMQ Platform 'test-hivemq-platform' in namespace 'helmcontainersecuritycontextupgradeplatformit'
2025-01-29 13:42:15,885 INFO c.h.h.t.HelmChartContainer - [hivemq-test-hivemq-platform] [hivemq-platform-operator] [1d56d045] 13:42:15.879 [ReconcilerExecutor-hivemq-controller-87] DEBUG c.h.p.o.HiveMQPlatformReconciler - [helmcont] Custom Resource Status STARTING - HiveMQ Platform is starting (READY)
2025-01-29 13:42:15,885 INFO c.h.h.t.HelmChartContainer - [hivemq-test-hivemq-platform] [hivemq-platform-operator] [1d56d045] 13:42:15.879 [ReconcilerExecutor-hivemq-controller-87] DEBUG c.h.p.o.HiveMQPlatformReconciler - [helmcont] Custom Resource Spec (replicas: 1) (extensions: 1)
2025-01-29 13:42:15,885 INFO c.h.h.t.HelmChartContainer - [hivemq-test-hivemq-platform] [hivemq-platform-operator] [1d56d045] 13:42:15.882 [ReconcilerExecutor-hivemq-controller-87] DEBUG c.h.p.o.HiveMQPlatformReconciler - [helmcont] StatefulSet Status (revision: test-hivemq-platform-fc778bc4c, replicas: 1, available: 0, ready: 0, current: 1, updated: 1)
2025-01-29 13:42:15,885 INFO c.h.h.t.HelmChartContainer - [hivemq-test-hivemq-platform] [hivemq-platform-operator] [1d56d045] 13:42:15.883 [ReconcilerExecutor-hivemq-controller-87] DEBUG c.h.p.o.HiveMQPlatformReconciler - [helmcont] StatefulSet Spec (replicas: 1, init containers: 1, containers: 1, volumes: 3)
2025-01-29 13:42:15,890 INFO c.h.h.t.HelmChartContainer - [hivemq-test-hivemq-platform] [hivemq-platform-operator] [1d56d045] 13:42:15.888 [ReconcilerExecutor-hivemq-controller-87] DEBUG c.h.p.o.h.HiveMQPlatformReconcilerErrorHandler - [helmcont] Pod 'test-hivemq-platform-0' phase Pending
2025-01-29 13:42:15,890 INFO c.h.h.t.HelmChartContainer - [hivemq-test-hivemq-platform] [hivemq-platform-operator] [1d56d045] 13:42:15.889 [ReconcilerExecutor-hivemq-controller-87] DEBUG c.h.p.o.h.HiveMQPlatformReconcilerErrorHandler - [helmcont] Pod 'test-hivemq-platform-0' condition 'PodReadyToStartContainers': True
2025-01-29 13:42:15,890 INFO c.h.h.t.HelmChartContainer - [hivemq-test-hivemq-platform] [hivemq-platform-operator] [1d56d045] 13:42:15.889 [ReconcilerExecutor-hivemq-controller-87] DEBUG c.h.p.o.h.HiveMQPlatformReconcilerErrorHandler - [helmcont] Pod 'test-hivemq-platform-0' condition 'Initialized': True
2025-01-29 13:42:15,890 INFO c.h.h.t.HelmChartContainer - [hivemq-test-hivemq-platform] [hivemq-platform-operator] [1d56d045] 13:42:15.889 [ReconcilerExecutor-hivemq-controller-87] DEBUG c.h.p.o.h.HiveMQPlatformReconcilerErrorHandler - [helmcont] Pod 'test-hivemq-platform-0' condition 'Ready': False
2025-01-29 13:42:15,890 INFO c.h.h.t.HelmChartContainer - [hivemq-test-hivemq-platform] [hivemq-platform-operator] [1d56d045] 13:42:15.889 [ReconcilerExecutor-hivemq-controller-87] DEBUG c.h.p.o.h.HiveMQPlatformReconcilerErrorHandler - [helmcont] Pod 'test-hivemq-platform-0' condition 'ContainersReady': False
2025-01-29 13:42:15,890 INFO c.h.h.t.HelmChartContainer - [hivemq-test-hivemq-platform] [hivemq-platform-operator] [1d56d045] 13:42:15.889 [ReconcilerExecutor-hivemq-controller-87] DEBUG c.h.p.o.h.HiveMQPlatformReconcilerErrorHandler - [helmcont] Pod 'test-hivemq-platform-0' condition 'PodScheduled': True
2025-01-29 13:42:15,890 INFO c.h.h.t.HelmChartContainer - [hivemq-test-hivemq-platform] [hivemq-platform-operator] [1d56d045] 13:42:15.889 [ReconcilerExecutor-hivemq-controller-87] DEBUG c.h.p.o.h.HiveMQPlatformReconcilerErrorHandler - [helmcont] Pod 'test-hivemq-platform-0' containerStatus 'hivemq' (started: false) (ready: false) (waiting: [PodInitializing] null)
2025-01-29 13:42:15,945 INFO c.h.h.t.HelmChartContainer - [hivemq-test-hivemq-platform] [hivemq-platform-operator] [1d56d045] 13:42:15.944 [ReconcilerExecutor-hivemq-controller-87] INFO  c.h.p.o.h.HiveMQPlatformReconcilerBaseHandler - [helmcont] HiveMQ Platform is starting, 0 of 1 replicas are ready
2025-01-29 13:42:17,926 INFO c.h.h.t.HelmChartContainer - [EVENT] Normal [Created] Created container: hivemq [helmcontainersecuritycontextupgradeplatformit:test-hivemq-platform-0]
2025-01-29 13:42:17,926 INFO c.h.h.t.HelmChartContainer - Received Created event for container hivemq in pod test-hivemq-platform-0 [35552fea-4afe-4d24-acb9-2a83d459db12]
2025-01-29 13:42:18,822 INFO c.h.h.t.HelmChartContainer - [POD] test-hivemq-platform-0 [35552fea-4afe-4d24-acb9-2a83d459db12] in helmcontainersecuritycontextupgradeplatformit was MODIFIED
2025-01-29 13:42:18,838 INFO c.h.h.t.HelmChartContainer - Started log watcher for hivemq in pod test-hivemq-platform-0 [35552fea-4afe-4d24-acb9-2a83d459db12]
2025-01-29 13:42:18,838 INFO c.h.h.t.HelmChartContainer - [EVENT] Normal [Started] Started container hivemq [helmcontainersecuritycontextupgradeplatformit:test-hivemq-platform-0]
2025-01-29 13:42:18,838 INFO c.h.h.t.HelmChartContainer - Received Started event for container hivemq in pod test-hivemq-platform-0 [35552fea-4afe-4d24-acb9-2a83d459db12]
2025-01-29 13:42:18,838 INFO c.h.h.t.HelmChartContainer - [hivemq-test-hivemq-platform] [hivemq-platform-operator] [1d56d045] 13:42:18.836 [pool-6-thread-42] DEBUG c.h.p.o.d.PlatformServiceResource - [helmcont] Desired Platform services (3 services)
2025-01-29 13:42:18,840 INFO c.h.h.t.HelmChartContainer - [test-hivemq-platform] [hivemq] [35552fea] Adding pre-installed HiveMQ Platform Operator extensions
2025-01-29 13:42:18,840 INFO c.h.h.t.HelmChartContainer - [test-hivemq-platform] [hivemq] [35552fea] Running as user 10000
2025-01-29 13:42:18,840 INFO c.h.h.t.HelmChartContainer - [test-hivemq-platform] [hivemq] [35552fea] Starting HiveMQ Platform Operator Init
2025-01-29 13:42:18,841 INFO c.h.h.t.HelmChartContainer - [hivemq-test-hivemq-platform] [hivemq-platform-operator] [1d56d045] 13:42:18.839 [pool-6-thread-43] DEBUG c.h.p.o.dependants.PodInfoConfigMap - [helmcont] Desired PodInfo ConfigMap (1 extensions) (1 enabled)
2025-01-29 13:42:18,841 INFO c.h.h.t.HelmChartContainer - [hivemq-test-hivemq-platform] [hivemq-platform-operator] [1d56d045] 13:42:18.840 [pool-6-thread-43] DEBUG c.h.p.o.dependants.PodInfoConfigMap - [helmcont] Desired PodInfo ConfigMap (metrics port: 9399) (metrics path: /)
2025-01-29 13:42:18,841 INFO c.h.h.t.HelmChartContainer - [hivemq-test-hivemq-platform] [hivemq-platform-operator] [1d56d045] 13:42:18.840 [pool-6-thread-43] DEBUG c.h.p.o.dependants.PodInfoConfigMap - [helmcont] Desired PodInfo ConfigMap (extension state hash: -1817474005)
2025-01-29 13:42:18,847 INFO c.h.h.t.HelmChartContainer - [hivemq-test-hivemq-platform] [hivemq-platform-operator] [1d56d045] 13:42:18.846 [pool-6-thread-47] DEBUG c.h.p.o.d.PodServiceAccountResource - [helmcont] Desired PodServiceAccountResource (serviceAccountName: hivemq-platform-pod-test-hivemq-platform)
2025-01-29 13:42:18,870 INFO c.h.h.t.HelmChartContainer - [hivemq-test-hivemq-platform] [hivemq-platform-operator] [1d56d045] 13:42:18.868 [pool-6-thread-49] DEBUG c.h.p.o.d.StatefulSetResource - [helmcont] Desired StatefulSet (1 replicas) for status STARTING (READY)
2025-01-29 13:42:18,874 INFO c.h.h.t.HelmChartContainer - [hivemq-test-hivemq-platform] [hivemq-platform-operator] [1d56d045] 13:42:18.873 [ReconcilerExecutor-hivemq-controller-98] INFO  c.h.p.o.HiveMQPlatformReconciler - [helmcont] Reconciling HiveMQ Platform 'test-hivemq-platform' in namespace 'helmcontainersecuritycontextupgradeplatformit'
2025-01-29 13:42:18,875 INFO c.h.h.t.HelmChartContainer - [hivemq-test-hivemq-platform] [hivemq-platform-operator] [1d56d045] 13:42:18.874 [ReconcilerExecutor-hivemq-controller-98] DEBUG c.h.p.o.HiveMQPlatformReconciler - [helmcont] Custom Resource Status STARTING - HiveMQ Platform is starting (READY)
2025-01-29 13:42:18,875 INFO c.h.h.t.HelmChartContainer - [hivemq-test-hivemq-platform] [hivemq-platform-operator] [1d56d045] 13:42:18.874 [ReconcilerExecutor-hivemq-controller-98] DEBUG c.h.p.o.HiveMQPlatformReconciler - [helmcont] Custom Resource Spec (replicas: 1) (extensions: 1)
2025-01-29 13:42:18,878 INFO c.h.h.t.HelmChartContainer - [hivemq-test-hivemq-platform] [hivemq-platform-operator] [1d56d045] 13:42:18.878 [ReconcilerExecutor-hivemq-controller-98] DEBUG c.h.p.o.HiveMQPlatformReconciler - [helmcont] StatefulSet Status (revision: test-hivemq-platform-fc778bc4c, replicas: 1, available: 0, ready: 0, current: 1, updated: 1)
2025-01-29 13:42:18,879 INFO c.h.h.t.HelmChartContainer - [hivemq-test-hivemq-platform] [hivemq-platform-operator] [1d56d045] 13:42:18.878 [ReconcilerExecutor-hivemq-controller-98] DEBUG c.h.p.o.HiveMQPlatformReconciler - [helmcont] StatefulSet Spec (replicas: 1, init containers: 1, containers: 1, volumes: 3)
2025-01-29 13:42:18,882 INFO c.h.h.t.HelmChartContainer - [hivemq-test-hivemq-platform] [hivemq-platform-operator] [1d56d045] 13:42:18.881 [ReconcilerExecutor-hivemq-controller-98] DEBUG c.h.p.o.h.HiveMQPlatformReconcilerErrorHandler - [helmcont] Pod 'test-hivemq-platform-0' phase Running
2025-01-29 13:42:18,883 INFO c.h.h.t.HelmChartContainer - [hivemq-test-hivemq-platform] [hivemq-platform-operator] [1d56d045] 13:42:18.883 [ReconcilerExecutor-hivemq-controller-98] INFO  c.h.p.o.h.HiveMQPlatformReconcilerBaseHandler - [helmcont] HiveMQ Platform is starting, 0 of 1 replicas are ready
2025-01-29 13:42:19,256 INFO c.h.h.t.HelmChartContainer - [test-hivemq-platform] [hivemq] [35552fea] INFO  - [HiveMQ Platform Operator Init 1.7.0-SNAPSHOT] HiveMQ Platform Operator Init 1.7.0-SNAPSHOT (commit: bebf408 on branch: HEAD) built on Sun Jan 26 20:47:47 UTC 2025
2025-01-29 13:42:20,387 INFO c.h.h.t.HelmChartContainer - [test-hivemq-platform] [hivemq] [35552fea] INFO  - [HiveMQ Platform Operator Init App 1.7.0-SNAPSHOT] Using bind address 10.42.0.10 from environment variable
2025-01-29 13:42:21,452 INFO c.h.h.t.HelmChartContainer - [test-hivemq-platform] [hivemq] [35552fea] INFO  - [HiveMQ Platform Operator Init App 1.7.0-SNAPSHOT] HiveMQ Platform Operator Init App 1.7.0-SNAPSHOT (commit: bebf408 on branch: HEAD) built on Sun Jan 26 20:47:47 UTC 2025
2025-01-29 13:42:21,453 INFO c.h.h.t.HelmChartContainer - [test-hivemq-platform] [hivemq] [35552fea] INFO  - [HiveMQ Platform Operator Init App 1.7.0-SNAPSHOT] PodInfo ConfigMap directory: /etc/podinfo
2025-01-29 13:42:21,453 INFO c.h.h.t.HelmChartContainer - [test-hivemq-platform] [hivemq] [35552fea] INFO  - [HiveMQ Platform Operator Init App 1.7.0-SNAPSHOT] HiveMQ home directory: /opt/hivemq
2025-01-29 13:42:21,453 INFO c.h.h.t.HelmChartContainer - [test-hivemq-platform] [hivemq] [35552fea] INFO  - [HiveMQ Platform Operator Init App 1.7.0-SNAPSHOT] HiveMQ Logback folder: /opt/hivemq/conf
2025-01-29 13:42:21,454 INFO c.h.h.t.HelmChartContainer - [test-hivemq-platform] [hivemq] [35552fea] INFO  - [HiveMQ Platform Operator Init App 1.7.0-SNAPSHOT] HiveMQ Config folder: /opt/hivemq/conf-k8s
2025-01-29 13:42:21,454 INFO c.h.h.t.HelmChartContainer - [test-hivemq-platform] [hivemq] [35552fea] INFO  - [HiveMQ Platform Operator Init App 1.7.0-SNAPSHOT] Starting HiveMQ Platform Operator Init App
2025-01-29 13:42:21,454 INFO c.h.h.t.HelmChartContainer - [test-hivemq-platform] [hivemq] [35552fea] INFO  - [HiveMQ Platform Operator Init App 1.7.0-SNAPSHOT] Starting Pod reconciler
2025-01-29 13:42:22,668 INFO c.h.h.t.HelmChartContainer - [test-hivemq-platform] [hivemq] [35552fea] INFO  - [HiveMQ Platform Operator Init App 1.7.0-SNAPSHOT] Pod reconciler is scheduled (interval: 5000 ms)
2025-01-29 13:42:22,670 INFO c.h.h.t.HelmChartContainer - [test-hivemq-platform] [hivemq] [35552fea] INFO  - [HiveMQ Platform Operator Init App 1.7.0-SNAPSHOT] Starting the REST API on 10.42.0.10:7979
2025-01-29 13:42:22,673 INFO c.h.h.t.HelmChartContainer - [test-hivemq-platform] [hivemq] [35552fea] INFO  - [HiveMQ Platform Operator Init App 1.7.0-SNAPSHOT] Waiting up to 600s for at most 1 HiveMQ nodes in cluster service hivemq-test-hivemq-platform-cluster.helmcontainersecuritycontextupgradeplatformit.svc
2025-01-29 13:42:23,070 INFO c.h.h.t.HelmChartContainer - [test-hivemq-platform] [hivemq] [35552fea] INFO  - [HiveMQ Platform Operator Init App 1.7.0-SNAPSHOT] Resolved 1 IP addresses: [10.42.0.10]
2025-01-29 13:42:23,071 INFO c.h.h.t.HelmChartContainer - [test-hivemq-platform] [hivemq] [35552fea] INFO  - [HiveMQ Platform Operator Init App 1.7.0-SNAPSHOT] HiveMQ node count of 1 is within threshold of 1
2025-01-29 13:42:23,071 INFO c.h.h.t.HelmChartContainer - [test-hivemq-platform] [hivemq] [35552fea] INFO  - [HiveMQ Platform Operator Init App 1.7.0-SNAPSHOT] Proceeding with container start
2025-01-29 13:42:23,168 INFO c.h.h.t.HelmChartContainer - [test-hivemq-platform] [hivemq] [35552fea] INFO  - [HiveMQ Platform Operator Init App 1.7.0-SNAPSHOT] Initializing HiveMQ Platform extensions with initial configuration: {hivemq-allow-all-extension={start-priority=-1, skip-https-hostname-verification=false, restart=true, config-version=0, header-version=0, c-uri=, priority=-1, uri=preinstalled, skip-https-certificate-validation=false, enabled=true}, hivemq-prometheus-extension={request-header-path=no-request-headers, uri=preinstalled, skip-https-certificate-validation=false, skip-https-hostname-verification=false, c-uri=, start-priority=-1, priority=-1, restart=true, enabled=true}}
2025-01-29 13:42:23,667 INFO c.h.h.t.HelmChartContainer - [test-hivemq-platform] [hivemq] [35552fea] INFO  - [HiveMQ Platform Operator Init App 1.7.0-SNAPSHOT] Extension hivemq-allow-all-extension was already enabled
2025-01-29 13:42:23,754 INFO c.h.h.t.HelmChartContainer - [test-hivemq-platform] [hivemq] [35552fea] INFO  - [HiveMQ Platform Operator Init App 1.7.0-SNAPSHOT] Successfully enabled extension hivemq-prometheus-extension
2025-01-29 13:42:23,756 INFO c.h.h.t.HelmChartContainer - [test-hivemq-platform] [hivemq] [35552fea] INFO  - [HiveMQ Platform Operator Init App 1.7.0-SNAPSHOT] Starting HiveMQ Platform version 4.36.0 (4.36.0)
2025-01-29 13:42:23,756 INFO c.h.h.t.HelmChartContainer - [test-hivemq-platform] [hivemq] [35552fea] INFO  - [HiveMQ Platform Operator Init App 1.7.0-SNAPSHOT] Configuring the HiveMQ Platform
2025-01-29 13:42:23,851 INFO c.h.h.t.HelmChartContainer - [test-hivemq-platform] [hivemq] [35552fea] INFO  - [HiveMQ Platform Operator Init App 1.7.0-SNAPSHOT] Changed logback.xml file scan period to 20 seconds
2025-01-29 13:42:23,948 INFO c.h.h.t.HelmChartContainer - [test-hivemq-platform] [hivemq] [35552fea] INFO  - [HiveMQ Platform Operator Init App 1.7.0-SNAPSHOT] Starting the HiveMQ Platform
2025-01-29 13:42:23,951 INFO c.h.h.t.HelmChartContainer - [test-hivemq-platform] [hivemq] [35552fea] -------------------------------------------------------------------------
2025-01-29 13:42:23,951 INFO c.h.h.t.HelmChartContainer - [test-hivemq-platform] [hivemq] [35552fea] 
2025-01-29 13:42:23,951 INFO c.h.h.t.HelmChartContainer - [test-hivemq-platform] [hivemq] [35552fea]                   _    _  _              __  __   ____
2025-01-29 13:42:23,951 INFO c.h.h.t.HelmChartContainer - [test-hivemq-platform] [hivemq] [35552fea]                  | |  | |(_)            |  \/  | / __ \
2025-01-29 13:42:23,951 INFO c.h.h.t.HelmChartContainer - [test-hivemq-platform] [hivemq] [35552fea]                  | |__| | _ __   __ ___ | \  / || |  | |
2025-01-29 13:42:23,951 INFO c.h.h.t.HelmChartContainer - [test-hivemq-platform] [hivemq] [35552fea]                  |  __  || |\ \ / // _ \| |\/| || |  | |
2025-01-29 13:42:23,951 INFO c.h.h.t.HelmChartContainer - [test-hivemq-platform] [hivemq] [35552fea]                  | |  | || | \ V /|  __/| |  | || |__| |
2025-01-29 13:42:23,951 INFO c.h.h.t.HelmChartContainer - [test-hivemq-platform] [hivemq] [35552fea]                  |_|  |_||_|  \_/  \___||_|  |_| \___\_\
2025-01-29 13:42:23,951 INFO c.h.h.t.HelmChartContainer - [test-hivemq-platform] [hivemq] [35552fea] 
2025-01-29 13:42:23,951 INFO c.h.h.t.HelmChartContainer - [test-hivemq-platform] [hivemq] [35552fea] -------------------------------------------------------------------------
2025-01-29 13:42:23,952 INFO c.h.h.t.HelmChartContainer - [test-hivemq-platform] [hivemq] [35552fea] 
2025-01-29 13:42:23,952 INFO c.h.h.t.HelmChartContainer - [test-hivemq-platform] [hivemq] [35552fea]   HiveMQ Start Script for Linux/Unix v1.14
2025-01-29 13:42:23,952 INFO c.h.h.t.HelmChartContainer - [test-hivemq-platform] [hivemq] [35552fea] 
2025-01-29 13:42:23,981 INFO c.h.h.t.HelmChartContainer - [test-hivemq-platform] [hivemq] [35552fea] -------------------------------------------------------------------------
2025-01-29 13:42:23,981 INFO c.h.h.t.HelmChartContainer - [test-hivemq-platform] [hivemq] [35552fea] 
2025-01-29 13:42:23,981 INFO c.h.h.t.HelmChartContainer - [test-hivemq-platform] [hivemq] [35552fea]   HIVEMQ_HOME: /opt/hivemq
2025-01-29 13:42:23,981 INFO c.h.h.t.HelmChartContainer - [test-hivemq-platform] [hivemq] [35552fea] 
2025-01-29 13:42:23,981 INFO c.h.h.t.HelmChartContainer - [test-hivemq-platform] [hivemq] [35552fea]   JAVA_OPTS: -XX:+UnlockExperimentalVMOptions -XX:InitialRAMPercentage=50 -XX:MaxRAMPercentage=50 -Djava.net.preferIPv4Stack=true --add-opens java.base/java.lang=ALL-UNNAMED --add-opens java.base/java.nio=ALL-UNNAMED --add-opens java.base/sun.nio.ch=ALL-UNNAMED --add-opens jdk.management/com.sun.management.internal=ALL-UNNAMED --add-exports java.base/jdk.internal.misc=ALL-UNNAMED -Djava.security.egd=file:/dev/./urandom -Dcom.sun.management.jmxremote -Dcom.sun.management.jmxremote.port=9010 -Dcom.sun.management.jmxremote.local.only=false -Dcom.sun.management.jmxremote.authenticate=false -Dcom.sun.management.jmxremote.ssl=false -Duser.language=en -Duser.region=US -XX:+CrashOnOutOfMemoryError -XX:+HeapDumpOnOutOfMemoryError
2025-01-29 13:42:23,981 INFO c.h.h.t.HelmChartContainer - [test-hivemq-platform] [hivemq] [35552fea] 
2025-01-29 13:42:23,981 INFO c.h.h.t.HelmChartContainer - [test-hivemq-platform] [hivemq] [35552fea]   JAVA_VERSION: 21
2025-01-29 13:42:23,981 INFO c.h.h.t.HelmChartContainer - [test-hivemq-platform] [hivemq] [35552fea] 
2025-01-29 13:42:23,981 INFO c.h.h.t.HelmChartContainer - [test-hivemq-platform] [hivemq] [35552fea] -------------------------------------------------------------------------
2025-01-29 13:42:23,981 INFO c.h.h.t.HelmChartContainer - [test-hivemq-platform] [hivemq] [35552fea] 
2025-01-29 13:42:24,952 INFO c.h.h.t.HelmChartContainer - [test-hivemq-platform] [hivemq] [35552fea] INFO  - [HiveMQ Platform Operator Init App 1.7.0-SNAPSHOT] Returning default Health API response 503 for readiness
2025-01-29 13:42:25,456 INFO c.h.h.t.HelmChartContainer - [EVENT] Warning [Unhealthy] Readiness probe failed: HTTP probe failed with statuscode: 503 [helmcontainersecuritycontextupgradeplatformit:test-hivemq-platform-0]
2025-01-29 13:42:25,456 INFO c.h.h.t.HelmChartContainer - Received Unhealthy event for container hivemq in pod test-hivemq-platform-0 [35552fea-4afe-4d24-acb9-2a83d459db12]
2025-01-29 13:42:26,849 INFO c.h.h.t.HelmChartContainer - [test-hivemq-platform] [hivemq] [35552fea] INFO  - Starting HiveMQ Enterprise Server
2025-01-29 13:42:26,855 INFO c.h.h.t.HelmChartContainer - [test-hivemq-platform] [hivemq] [35552fea] INFO  - HiveMQ version: 4.36.0
2025-01-29 13:42:26,856 INFO c.h.h.t.HelmChartContainer - [test-hivemq-platform] [hivemq] [35552fea] INFO  - HiveMQ home directory: /opt/hivemq
2025-01-29 13:42:26,856 INFO c.h.h.t.HelmChartContainer - [test-hivemq-platform] [hivemq] [35552fea] INFO  - Log Configuration was overridden by /opt/hivemq/conf/logback.xml
2025-01-29 13:42:28,760 INFO c.h.h.t.HelmChartContainer - [test-hivemq-platform] [hivemq] [35552fea] INFO  - Successfully loaded configuration from '/opt/hivemq/conf-k8s/config.xml'.
2025-01-29 13:42:28,887 INFO c.h.h.t.HelmChartContainer - [hivemq-test-hivemq-platform] [hivemq-platform-operator] [1d56d045] 13:42:28.886 [pool-6-thread-5] DEBUG c.h.p.o.d.PlatformServiceResource - [helmcont] Desired Platform services (3 services)
2025-01-29 13:42:28,889 INFO c.h.h.t.HelmChartContainer - [hivemq-test-hivemq-platform] [hivemq-platform-operator] [1d56d045] 13:42:28.888 [pool-6-thread-6] DEBUG c.h.p.o.dependants.PodInfoConfigMap - [helmcont] Desired PodInfo ConfigMap (1 extensions) (1 enabled)
2025-01-29 13:42:28,890 INFO c.h.h.t.HelmChartContainer - [hivemq-test-hivemq-platform] [hivemq-platform-operator] [1d56d045] 13:42:28.888 [pool-6-thread-6] DEBUG c.h.p.o.dependants.PodInfoConfigMap - [helmcont] Desired PodInfo ConfigMap (metrics port: 9399) (metrics path: /)
2025-01-29 13:42:28,892 INFO c.h.h.t.HelmChartContainer - [hivemq-test-hivemq-platform] [hivemq-platform-operator] [1d56d045] 13:42:28.890 [pool-6-thread-6] DEBUG c.h.p.o.dependants.PodInfoConfigMap - [helmcont] Desired PodInfo ConfigMap (extension state hash: -1817474005)
2025-01-29 13:42:28,893 INFO c.h.h.t.HelmChartContainer - [hivemq-test-hivemq-platform] [hivemq-platform-operator] [1d56d045] 13:42:28.893 [pool-6-thread-4] DEBUG c.h.p.o.d.PodServiceAccountResource - [helmcont] Desired PodServiceAccountResource (serviceAccountName: hivemq-platform-pod-test-hivemq-platform)
2025-01-29 13:42:28,898 INFO c.h.h.t.HelmChartContainer - [hivemq-test-hivemq-platform] [hivemq-platform-operator] [1d56d045] 13:42:28.897 [pool-6-thread-1] DEBUG c.h.p.o.d.StatefulSetResource - [helmcont] Desired StatefulSet (1 replicas) for status STARTING (READY)
2025-01-29 13:42:28,966 INFO c.h.h.t.HelmChartContainer - [hivemq-test-hivemq-platform] [hivemq-platform-operator] [1d56d045] 13:42:28.964 [ReconcilerExecutor-hivemq-controller-109] INFO  c.h.p.o.HiveMQPlatformReconciler - [helmcont] Reconciling HiveMQ Platform 'test-hivemq-platform' in namespace 'helmcontainersecuritycontextupgradeplatformit'
2025-01-29 13:42:28,967 INFO c.h.h.t.HelmChartContainer - [hivemq-test-hivemq-platform] [hivemq-platform-operator] [1d56d045] 13:42:28.964 [ReconcilerExecutor-hivemq-controller-109] DEBUG c.h.p.o.HiveMQPlatformReconciler - [helmcont] Custom Resource Status STARTING - HiveMQ Platform is starting (READY)
2025-01-29 13:42:28,967 INFO c.h.h.t.HelmChartContainer - [hivemq-test-hivemq-platform] [hivemq-platform-operator] [1d56d045] 13:42:28.964 [ReconcilerExecutor-hivemq-controller-109] DEBUG c.h.p.o.HiveMQPlatformReconciler - [helmcont] Custom Resource Spec (replicas: 1) (extensions: 1)
2025-01-29 13:42:28,969 INFO c.h.h.t.HelmChartContainer - [hivemq-test-hivemq-platform] [hivemq-platform-operator] [1d56d045] 13:42:28.968 [ReconcilerExecutor-hivemq-controller-109] DEBUG c.h.p.o.HiveMQPlatformReconciler - [helmcont] StatefulSet Status (revision: test-hivemq-platform-fc778bc4c, replicas: 1, available: 0, ready: 0, current: 1, updated: 1)
2025-01-29 13:42:28,970 INFO c.h.h.t.HelmChartContainer - [hivemq-test-hivemq-platform] [hivemq-platform-operator] [1d56d045] 13:42:28.968 [ReconcilerExecutor-hivemq-controller-109] DEBUG c.h.p.o.HiveMQPlatformReconciler - [helmcont] StatefulSet Spec (replicas: 1, init containers: 1, containers: 1, volumes: 3)
2025-01-29 13:42:28,972 INFO c.h.h.t.HelmChartContainer - [hivemq-test-hivemq-platform] [hivemq-platform-operator] [1d56d045] 13:42:28.971 [ReconcilerExecutor-hivemq-controller-109] DEBUG c.h.p.o.h.HiveMQPlatformReconcilerErrorHandler - [helmcont] Pod 'test-hivemq-platform-0' phase Running
2025-01-29 13:42:28,973 INFO c.h.h.t.HelmChartContainer - [hivemq-test-hivemq-platform] [hivemq-platform-operator] [1d56d045] 13:42:28.972 [ReconcilerExecutor-hivemq-controller-109] INFO  c.h.p.o.h.HiveMQPlatformReconcilerBaseHandler - [helmcont] HiveMQ Platform is starting, 0 of 1 replicas are ready
2025-01-29 13:42:29,674 INFO c.h.h.t.HelmChartContainer - [K3S] [INFO] COMPACT compactRev=0 targetCompactRev=2 currentRev=1052
2025-01-29 13:42:29,674 INFO c.h.h.t.HelmChartContainer - [K3S] [INFO] COMPACT deleted 0 rows from 2 revisions in 461.664µs - compacted to 2/1052
2025-01-29 13:42:29,675 INFO c.h.h.t.HelmChartContainer - [K3S] [INFO] COMPACT compacted from 0 to 2 in 1 transactions over 1ms
2025-01-29 13:42:29,757 INFO c.h.h.t.HelmChartContainer - [test-hivemq-platform] [hivemq] [35552fea] INFO  - This node's ID is oPbKD
2025-01-29 13:42:29,758 INFO c.h.h.t.HelmChartContainer - [test-hivemq-platform] [hivemq] [35552fea] INFO  - Clustering is enabled
2025-01-29 13:42:30,466 INFO c.h.h.t.HelmChartContainer - [test-hivemq-platform] [hivemq] [35552fea] WARN  - [HiveMQ Platform Operator Init App 1.7.0-SNAPSHOT] Cannot connect to Health API for readiness: null
2025-01-29 13:42:30,468 INFO c.h.h.t.HelmChartContainer - [EVENT] Warning [Unhealthy] Readiness probe failed: HTTP probe failed with statuscode: 503 [helmcontainersecuritycontextupgradeplatformit:test-hivemq-platform-0]
2025-01-29 13:42:30,468 INFO c.h.h.t.HelmChartContainer - Received Unhealthy event for container hivemq in pod test-hivemq-platform-0 [35552fea-4afe-4d24-acb9-2a83d459db12]
2025-01-29 13:42:33,056 INFO c.h.h.t.HelmChartContainer - [test-hivemq-platform] [hivemq] [35552fea] Jan 29, 2025 1:42:32 PM io.vertx.core.impl.BlockedThreadChecker
2025-01-29 13:42:33,056 INFO c.h.h.t.HelmChartContainer - [test-hivemq-platform] [hivemq] [35552fea] WARNING: Thread Thread[vert.x-eventloop-thread-1,5,main] has been blocked for 2096 ms, time limit is 2000 ms
2025-01-29 13:42:33,300 INFO c.h.h.t.HelmChartContainer - [K3S] [info.go:53] Couldn't collect info from any of the files in "/etc/machine-id,/var/lib/dbus/machine-id"
2025-01-29 13:42:33,958 INFO c.h.h.t.HelmChartContainer - [test-hivemq-platform] [hivemq] [35552fea] Jan 29, 2025 1:42:33 PM io.vertx.core.impl.BlockedThreadChecker
2025-01-29 13:42:33,960 INFO c.h.h.t.HelmChartContainer - [test-hivemq-platform] [hivemq] [35552fea] WARNING: Thread Thread[vert.x-eventloop-thread-1,5,main] has been blocked for 3099 ms, time limit is 2000 ms
2025-01-29 13:42:34,055 INFO c.h.h.t.HelmChartContainer - [test-hivemq-platform] [hivemq] [35552fea] INFO  - [HiveMQ Platform Operator Init App 1.7.0-SNAPSHOT] Updating Pod HiveMQ Platform Operator Init App version annotation (version: 1.7.0-SNAPSHOT)
2025-01-29 13:42:34,858 INFO c.h.h.t.HelmChartContainer - [test-hivemq-platform] [hivemq] [35552fea] WARN  - [HiveMQ Platform Operator Init App 1.7.0-SNAPSHOT] Cannot connect to Health API for readiness: null
2025-01-29 13:42:34,864 INFO c.h.h.t.HelmChartContainer - [EVENT] Warning [Unhealthy] Readiness probe failed: HTTP probe failed with statuscode: 503 [helmcontainersecuritycontextupgradeplatformit:test-hivemq-platform-0]
2025-01-29 13:42:34,864 INFO c.h.h.t.HelmChartContainer - Received Unhealthy event for container hivemq in pod test-hivemq-platform-0 [35552fea-4afe-4d24-acb9-2a83d459db12]
2025-01-29 13:42:34,965 INFO c.h.h.t.HelmChartContainer - [POD] test-hivemq-platform-0 [35552fea-4afe-4d24-acb9-2a83d459db12] in helmcontainersecuritycontextupgradeplatformit was MODIFIED
2025-01-29 13:42:34,975 INFO c.h.h.t.HelmChartContainer - [hivemq-test-hivemq-platform] [hivemq-platform-operator] [1d56d045] 13:42:34.973 [pool-6-thread-11] DEBUG c.h.p.o.d.PlatformServiceResource - [helmcont] Desired Platform services (3 services)
2025-01-29 13:42:34,977 INFO c.h.h.t.HelmChartContainer - [hivemq-test-hivemq-platform] [hivemq-platform-operator] [1d56d045] 13:42:34.974 [pool-6-thread-14] DEBUG c.h.p.o.dependants.PodInfoConfigMap - [helmcont] Desired PodInfo ConfigMap (1 extensions) (1 enabled)
2025-01-29 13:42:34,977 INFO c.h.h.t.HelmChartContainer - [hivemq-test-hivemq-platform] [hivemq-platform-operator] [1d56d045] 13:42:34.974 [pool-6-thread-14] DEBUG c.h.p.o.dependants.PodInfoConfigMap - [helmcont] Desired PodInfo ConfigMap (metrics port: 9399) (metrics path: /)
2025-01-29 13:42:34,977 INFO c.h.h.t.HelmChartContainer - [hivemq-test-hivemq-platform] [hivemq-platform-operator] [1d56d045] 13:42:34.974 [pool-6-thread-14] DEBUG c.h.p.o.dependants.PodInfoConfigMap - [helmcont] Desired PodInfo ConfigMap (extension state hash: -1817474005)
2025-01-29 13:42:34,977 INFO c.h.h.t.HelmChartContainer - [hivemq-test-hivemq-platform] [hivemq-platform-operator] [1d56d045] 13:42:34.975 [pool-6-thread-15] DEBUG c.h.p.o.d.PodServiceAccountResource - [helmcont] Desired PodServiceAccountResource (serviceAccountName: hivemq-platform-pod-test-hivemq-platform)
2025-01-29 13:42:34,981 INFO c.h.h.t.HelmChartContainer - [hivemq-test-hivemq-platform] [hivemq-platform-operator] [1d56d045] 13:42:34.980 [pool-6-thread-11] DEBUG c.h.p.o.d.StatefulSetResource - [helmcont] Desired StatefulSet (1 replicas) for status STARTING (READY)
2025-01-29 13:42:34,985 INFO c.h.h.t.HelmChartContainer - [hivemq-test-hivemq-platform] [hivemq-platform-operator] [1d56d045] 13:42:34.985 [ReconcilerExecutor-hivemq-controller-110] INFO  c.h.p.o.HiveMQPlatformReconciler - [helmcont] Reconciling HiveMQ Platform 'test-hivemq-platform' in namespace 'helmcontainersecuritycontextupgradeplatformit'
2025-01-29 13:42:34,986 INFO c.h.h.t.HelmChartContainer - [hivemq-test-hivemq-platform] [hivemq-platform-operator] [1d56d045] 13:42:34.985 [ReconcilerExecutor-hivemq-controller-110] DEBUG c.h.p.o.HiveMQPlatformReconciler - [helmcont] Custom Resource Status STARTING - HiveMQ Platform is starting (READY)
2025-01-29 13:42:34,986 INFO c.h.h.t.HelmChartContainer - [hivemq-test-hivemq-platform] [hivemq-platform-operator] [1d56d045] 13:42:34.985 [ReconcilerExecutor-hivemq-controller-110] DEBUG c.h.p.o.HiveMQPlatformReconciler - [helmcont] Custom Resource Spec (replicas: 1) (extensions: 1)
2025-01-29 13:42:34,989 INFO c.h.h.t.HelmChartContainer - [hivemq-test-hivemq-platform] [hivemq-platform-operator] [1d56d045] 13:42:34.987 [ReconcilerExecutor-hivemq-controller-110] DEBUG c.h.p.o.HiveMQPlatformReconciler - [helmcont] StatefulSet Status (revision: test-hivemq-platform-fc778bc4c, replicas: 1, available: 0, ready: 0, current: 1, updated: 1)
2025-01-29 13:42:34,989 INFO c.h.h.t.HelmChartContainer - [hivemq-test-hivemq-platform] [hivemq-platform-operator] [1d56d045] 13:42:34.988 [ReconcilerExecutor-hivemq-controller-110] DEBUG c.h.p.o.HiveMQPlatformReconciler - [helmcont] StatefulSet Spec (replicas: 1, init containers: 1, containers: 1, volumes: 3)
2025-01-29 13:42:35,055 INFO c.h.h.t.HelmChartContainer - [test-hivemq-platform] [hivemq] [35552fea] WARN  - [HiveMQ Platform Operator Init App 1.7.0-SNAPSHOT] Cannot connect to Health API for readiness: null
2025-01-29 13:42:35,062 INFO c.h.h.t.HelmChartContainer - [EVENT] Warning [Unhealthy] Readiness probe failed: HTTP probe failed with statuscode: 503 [helmcontainersecuritycontextupgradeplatformit:test-hivemq-platform-0]
2025-01-29 13:42:35,063 INFO c.h.h.t.HelmChartContainer - Received Unhealthy event for container hivemq in pod test-hivemq-platform-0 [35552fea-4afe-4d24-acb9-2a83d459db12]
2025-01-29 13:42:35,065 INFO c.h.h.t.HelmChartContainer - [hivemq-test-hivemq-platform] [hivemq-platform-operator] [1d56d045] 13:42:34.990 [ReconcilerExecutor-hivemq-controller-110] DEBUG c.h.p.o.h.HiveMQPlatformReconcilerErrorHandler - [helmcont] Pod 'test-hivemq-platform-0' phase Running
2025-01-29 13:42:35,065 INFO c.h.h.t.HelmChartContainer - [hivemq-test-hivemq-platform] [hivemq-platform-operator] [1d56d045] 13:42:35.064 [ReconcilerExecutor-hivemq-controller-110] INFO  c.h.p.o.h.HiveMQPlatformReconcilerBaseHandler - [helmcont] HiveMQ Platform is starting, 0 of 1 replicas are ready
2025-01-29 13:42:35,154 INFO c.h.h.t.HelmChartContainer - [test-hivemq-platform] [hivemq] [35552fea] INFO  - [HiveMQ Platform Operator Init App 1.7.0-SNAPSHOT] Successfully updated Pod HiveMQ Platform Operator Init App version annotation (version: 1.7.0-SNAPSHOT)
2025-01-29 13:42:39,971 INFO c.h.h.t.HelmChartContainer - [test-hivemq-platform] [hivemq] [35552fea] WARN  - [HiveMQ Platform Operator Init App 1.7.0-SNAPSHOT] Cannot connect to Health API for readiness: null
2025-01-29 13:42:39,977 INFO c.h.h.t.HelmChartContainer - [EVENT] Warning [Unhealthy] Readiness probe failed: HTTP probe failed with statuscode: 503 [helmcontainersecuritycontextupgradeplatformit:test-hivemq-platform-0]
2025-01-29 13:42:39,977 INFO c.h.h.t.HelmChartContainer - Received Unhealthy event for container hivemq in pod test-hivemq-platform-0 [35552fea-4afe-4d24-acb9-2a83d459db12]
2025-01-29 13:42:44,952 INFO c.h.h.t.HelmChartContainer - [test-hivemq-platform] [hivemq] [35552fea] WARN  - [HiveMQ Platform Operator Init App 1.7.0-SNAPSHOT] Cannot connect to Health API for liveness: null
2025-01-29 13:42:44,952 INFO c.h.h.t.HelmChartContainer - [test-hivemq-platform] [hivemq] [35552fea] INFO  - [HiveMQ Platform Operator Init App 1.7.0-SNAPSHOT] Returning default Health API response 200 for liveness
2025-01-29 13:42:45,053 INFO c.h.h.t.HelmChartContainer - [test-hivemq-platform] [hivemq] [35552fea] WARN  - [HiveMQ Platform Operator Init App 1.7.0-SNAPSHOT] Cannot connect to Health API for readiness: null
2025-01-29 13:42:45,058 INFO c.h.h.t.HelmChartContainer - [EVENT] Warning [Unhealthy] Readiness probe failed: HTTP probe failed with statuscode: 503 [helmcontainersecuritycontextupgradeplatformit:test-hivemq-platform-0]
2025-01-29 13:42:45,058 INFO c.h.h.t.HelmChartContainer - Received Unhealthy event for container hivemq in pod test-hivemq-platform-0 [35552fea-4afe-4d24-acb9-2a83d459db12]
2025-01-29 13:42:45,074 INFO c.h.h.t.HelmChartContainer - [hivemq-test-hivemq-platform] [hivemq-platform-operator] [1d56d045] 13:42:45.069 [pool-6-thread-26] DEBUG c.h.p.o.d.PlatformServiceResource - [helmcont] Desired Platform services (3 services)
2025-01-29 13:42:45,074 INFO c.h.h.t.HelmChartContainer - [hivemq-test-hivemq-platform] [hivemq-platform-operator] [1d56d045] 13:42:45.070 [pool-6-thread-22] DEBUG c.h.p.o.dependants.PodInfoConfigMap - [helmcont] Desired PodInfo ConfigMap (1 extensions) (1 enabled)
2025-01-29 13:42:45,074 INFO c.h.h.t.HelmChartContainer - [hivemq-test-hivemq-platform] [hivemq-platform-operator] [1d56d045] 13:42:45.070 [pool-6-thread-22] DEBUG c.h.p.o.dependants.PodInfoConfigMap - [helmcont] Desired PodInfo ConfigMap (metrics port: 9399) (metrics path: /)
2025-01-29 13:42:45,074 INFO c.h.h.t.HelmChartContainer - [hivemq-test-hivemq-platform] [hivemq-platform-operator] [1d56d045] 13:42:45.070 [pool-6-thread-22] DEBUG c.h.p.o.dependants.PodInfoConfigMap - [helmcont] Desired PodInfo ConfigMap (extension state hash: -1817474005)
2025-01-29 13:42:45,074 INFO c.h.h.t.HelmChartContainer - [hivemq-test-hivemq-platform] [hivemq-platform-operator] [1d56d045] 13:42:45.072 [pool-6-thread-27] DEBUG c.h.p.o.d.PodServiceAccountResource - [helmcont] Desired PodServiceAccountResource (serviceAccountName: hivemq-platform-pod-test-hivemq-platform)
2025-01-29 13:42:45,077 INFO c.h.h.t.HelmChartContainer - [hivemq-test-hivemq-platform] [hivemq-platform-operator] [1d56d045] 13:42:45.076 [pool-6-thread-26] DEBUG c.h.p.o.d.StatefulSetResource - [helmcont] Desired StatefulSet (1 replicas) for status STARTING (READY)
2025-01-29 13:42:45,082 INFO c.h.h.t.HelmChartContainer - [hivemq-test-hivemq-platform] [hivemq-platform-operator] [1d56d045] 13:42:45.080 [ReconcilerExecutor-hivemq-controller-111] INFO  c.h.p.o.HiveMQPlatformReconciler - [helmcont] Reconciling HiveMQ Platform 'test-hivemq-platform' in namespace 'helmcontainersecuritycontextupgradeplatformit'
2025-01-29 13:42:45,082 INFO c.h.h.t.HelmChartContainer - [hivemq-test-hivemq-platform] [hivemq-platform-operator] [1d56d045] 13:42:45.081 [ReconcilerExecutor-hivemq-controller-111] DEBUG c.h.p.o.HiveMQPlatformReconciler - [helmcont] Custom Resource Status STARTING - HiveMQ Platform is starting (READY)
2025-01-29 13:42:45,082 INFO c.h.h.t.HelmChartContainer - [hivemq-test-hivemq-platform] [hivemq-platform-operator] [1d56d045] 13:42:45.081 [ReconcilerExecutor-hivemq-controller-111] DEBUG c.h.p.o.HiveMQPlatformReconciler - [helmcont] Custom Resource Spec (replicas: 1) (extensions: 1)
2025-01-29 13:42:45,166 INFO c.h.h.t.HelmChartContainer - [hivemq-test-hivemq-platform] [hivemq-platform-operator] [1d56d045] 13:42:45.164 [ReconcilerExecutor-hivemq-controller-111] DEBUG c.h.p.o.HiveMQPlatformReconciler - [helmcont] StatefulSet Status (revision: test-hivemq-platform-fc778bc4c, replicas: 1, available: 0, ready: 0, current: 1, updated: 1)
2025-01-29 13:42:45,167 INFO c.h.h.t.HelmChartContainer - [hivemq-test-hivemq-platform] [hivemq-platform-operator] [1d56d045] 13:42:45.164 [ReconcilerExecutor-hivemq-controller-111] DEBUG c.h.p.o.HiveMQPlatformReconciler - [helmcont] StatefulSet Spec (replicas: 1, init containers: 1, containers: 1, volumes: 3)
2025-01-29 13:42:45,168 INFO c.h.h.t.HelmChartContainer - [hivemq-test-hivemq-platform] [hivemq-platform-operator] [1d56d045] 13:42:45.167 [ReconcilerExecutor-hivemq-controller-111] DEBUG c.h.p.o.h.HiveMQPlatformReconcilerErrorHandler - [helmcont] Pod 'test-hivemq-platform-0' phase Running
2025-01-29 13:42:45,170 INFO c.h.h.t.HelmChartContainer - [hivemq-test-hivemq-platform] [hivemq-platform-operator] [1d56d045] 13:42:45.169 [ReconcilerExecutor-hivemq-controller-111] INFO  c.h.p.o.h.HiveMQPlatformReconcilerBaseHandler - [helmcont] HiveMQ Platform is starting, 0 of 1 replicas are ready
2025-01-29 13:42:47,172 INFO c.h.h.t.HelmChartContainer - [test-hivemq-platform] [hivemq] [35552fea] INFO  - No valid license file found. Using trial license, restricted to 25 connections.
2025-01-29 13:42:50,149 INFO c.h.h.t.HelmChartContainer - [test-hivemq-platform] [hivemq] [35552fea] WARN  - [HiveMQ Platform Operator Init App 1.7.0-SNAPSHOT] Cannot connect to Health API for readiness: null
2025-01-29 13:42:50,154 INFO c.h.h.t.HelmChartContainer - [EVENT] Warning [Unhealthy] Readiness probe failed: HTTP probe failed with statuscode: 503 [helmcontainersecuritycontextupgradeplatformit:test-hivemq-platform-0]
2025-01-29 13:42:50,154 INFO c.h.h.t.HelmChartContainer - Received Unhealthy event for container hivemq in pod test-hivemq-platform-0 [35552fea-4afe-4d24-acb9-2a83d459db12]
2025-01-29 13:42:53,459 INFO c.h.h.t.HelmChartContainer - [test-hivemq-platform] [hivemq] [35552fea] INFO  - No valid license file for Data Hub found. Using free license, restricted to 1 policy.
2025-01-29 13:42:54,766 INFO c.h.h.t.HelmChartContainer - [test-hivemq-platform] [hivemq] [35552fea] INFO  - Audit Logger started.
2025-01-29 13:42:54,972 INFO c.h.h.t.HelmChartContainer - [test-hivemq-platform] [hivemq] [35552fea] WARN  - [HiveMQ Platform Operator Init App 1.7.0-SNAPSHOT] Cannot connect to Health API for readiness: null
2025-01-29 13:42:54,976 INFO c.h.h.t.HelmChartContainer - [EVENT] Warning [Unhealthy] Readiness probe failed: HTTP probe failed with statuscode: 503 [helmcontainersecuritycontextupgradeplatformit:test-hivemq-platform-0]
2025-01-29 13:42:54,976 INFO c.h.h.t.HelmChartContainer - Received Unhealthy event for container hivemq in pod test-hivemq-platform-0 [35552fea-4afe-4d24-acb9-2a83d459db12]
2025-01-29 13:42:55,071 INFO c.h.h.t.HelmChartContainer - [test-hivemq-platform] [hivemq] [35552fea] INFO  - This node uses '1' CPU cores.
2025-01-29 13:42:55,077 INFO c.h.h.t.HelmChartContainer - [test-hivemq-platform] [hivemq] [35552fea] INFO  - Starting HiveMQ Health API on address 0.0.0.0 and port 8889
2025-01-29 13:42:55,177 INFO c.h.h.t.HelmChartContainer - [hivemq-test-hivemq-platform] [hivemq-platform-operator] [1d56d045] 13:42:55.174 [pool-6-thread-34] DEBUG c.h.p.o.d.PlatformServiceResource - [helmcont] Desired Platform services (3 services)
2025-01-29 13:42:55,177 INFO c.h.h.t.HelmChartContainer - [hivemq-test-hivemq-platform] [hivemq-platform-operator] [1d56d045] 13:42:55.175 [pool-6-thread-36] DEBUG c.h.p.o.dependants.PodInfoConfigMap - [helmcont] Desired PodInfo ConfigMap (1 extensions) (1 enabled)
2025-01-29 13:42:55,177 INFO c.h.h.t.HelmChartContainer - [hivemq-test-hivemq-platform] [hivemq-platform-operator] [1d56d045] 13:42:55.175 [pool-6-thread-36] DEBUG c.h.p.o.dependants.PodInfoConfigMap - [helmcont] Desired PodInfo ConfigMap (metrics port: 9399) (metrics path: /)
2025-01-29 13:42:55,177 INFO c.h.h.t.HelmChartContainer - [hivemq-test-hivemq-platform] [hivemq-platform-operator] [1d56d045] 13:42:55.175 [pool-6-thread-36] DEBUG c.h.p.o.dependants.PodInfoConfigMap - [helmcont] Desired PodInfo ConfigMap (extension state hash: -1817474005)
2025-01-29 13:42:55,177 INFO c.h.h.t.HelmChartContainer - [hivemq-test-hivemq-platform] [hivemq-platform-operator] [1d56d045] 13:42:55.176 [pool-6-thread-36] DEBUG c.h.p.o.d.PodServiceAccountResource - [helmcont] Desired PodServiceAccountResource (serviceAccountName: hivemq-platform-pod-test-hivemq-platform)
2025-01-29 13:42:55,187 INFO c.h.h.t.HelmChartContainer - [hivemq-test-hivemq-platform] [hivemq-platform-operator] [1d56d045] 13:42:55.185 [pool-6-thread-34] DEBUG c.h.p.o.d.StatefulSetResource - [helmcont] Desired StatefulSet (1 replicas) for status STARTING (READY)
2025-01-29 13:42:55,269 INFO c.h.h.t.HelmChartContainer - [hivemq-test-hivemq-platform] [hivemq-platform-operator] [1d56d045] 13:42:55.266 [ReconcilerExecutor-hivemq-controller-112] INFO  c.h.p.o.HiveMQPlatformReconciler - [helmcont] Reconciling HiveMQ Platform 'test-hivemq-platform' in namespace 'helmcontainersecuritycontextupgradeplatformit'
2025-01-29 13:42:55,269 INFO c.h.h.t.HelmChartContainer - [hivemq-test-hivemq-platform] [hivemq-platform-operator] [1d56d045] 13:42:55.266 [ReconcilerExecutor-hivemq-controller-112] DEBUG c.h.p.o.HiveMQPlatformReconciler - [helmcont] Custom Resource Status STARTING - HiveMQ Platform is starting (READY)
2025-01-29 13:42:55,269 INFO c.h.h.t.HelmChartContainer - [hivemq-test-hivemq-platform] [hivemq-platform-operator] [1d56d045] 13:42:55.266 [ReconcilerExecutor-hivemq-controller-112] DEBUG c.h.p.o.HiveMQPlatformReconciler - [helmcont] Custom Resource Spec (replicas: 1) (extensions: 1)
2025-01-29 13:42:55,271 INFO c.h.h.t.HelmChartContainer - [hivemq-test-hivemq-platform] [hivemq-platform-operator] [1d56d045] 13:42:55.268 [ReconcilerExecutor-hivemq-controller-112] DEBUG c.h.p.o.HiveMQPlatformReconciler - [helmcont] StatefulSet Status (revision: test-hivemq-platform-fc778bc4c, replicas: 1, available: 0, ready: 0, current: 1, updated: 1)
2025-01-29 13:42:55,272 INFO c.h.h.t.HelmChartContainer - [hivemq-test-hivemq-platform] [hivemq-platform-operator] [1d56d045] 13:42:55.268 [ReconcilerExecutor-hivemq-controller-112] DEBUG c.h.p.o.HiveMQPlatformReconciler - [helmcont] StatefulSet Spec (replicas: 1, init containers: 1, containers: 1, volumes: 3)
2025-01-29 13:42:55,274 INFO c.h.h.t.HelmChartContainer - [hivemq-test-hivemq-platform] [hivemq-platform-operator] [1d56d045] 13:42:55.270 [ReconcilerExecutor-hivemq-controller-112] DEBUG c.h.p.o.h.HiveMQPlatformReconcilerErrorHandler - [helmcont] Pod 'test-hivemq-platform-0' phase Running
2025-01-29 13:42:55,274 INFO c.h.h.t.HelmChartContainer - [hivemq-test-hivemq-platform] [hivemq-platform-operator] [1d56d045] 13:42:55.271 [ReconcilerExecutor-hivemq-controller-112] INFO  c.h.p.o.h.HiveMQPlatformReconcilerBaseHandler - [helmcont] HiveMQ Platform is starting, 0 of 1 replicas are ready
2025-01-29 13:42:55,952 INFO c.h.h.t.HelmChartContainer - [test-hivemq-platform] [hivemq] [35552fea] INFO  - Started HiveMQ Health API in 876ms
2025-01-29 13:42:56,764 INFO c.h.h.t.HelmChartContainer - [test-hivemq-platform] [hivemq] [35552fea] INFO  - Starting HiveMQ extension system.
2025-01-29 13:42:57,053 INFO c.h.h.t.HelmChartContainer - [test-hivemq-platform] [hivemq] [35552fea] INFO  - Starting extension with id "hivemq-dns-cluster-discovery" at /opt/hivemq/extensions/hivemq-dns-cluster-discovery
2025-01-29 13:42:57,549 INFO c.h.h.t.HelmChartContainer - [test-hivemq-platform] [hivemq] [35552fea] INFO  - Extension "DNS Cluster Discovery Extension" version 4.3.2 started successfully.
2025-01-29 13:42:57,551 INFO c.h.h.t.HelmChartContainer - [test-hivemq-platform] [hivemq] [35552fea] INFO  - Starting extension with id "hivemq-prometheus-extension" at /opt/hivemq/extensions/hivemq-prometheus-extension
2025-01-29 13:42:57,560 INFO c.h.h.t.HelmChartContainer - [test-hivemq-platform] [hivemq] [35552fea] INFO  - Using TCP cluster transport on address 10.42.0.10 and port 7000
2025-01-29 13:42:57,656 INFO c.h.h.t.HelmChartContainer - [test-hivemq-platform] [hivemq] [35552fea] INFO  - Using extension cluster discovery
2025-01-29 13:42:58,559 INFO c.h.h.t.HelmChartContainer - [test-hivemq-platform] [hivemq] [35552fea] INFO  - Started Jetty Server exposing Prometheus Servlet on URI http://0.0.0.0:9399/
2025-01-29 13:42:58,559 INFO c.h.h.t.HelmChartContainer - [test-hivemq-platform] [hivemq] [35552fea] INFO  - Extension "Prometheus Monitoring Extension" version 4.0.12 started successfully.
2025-01-29 13:42:58,560 INFO c.h.h.t.HelmChartContainer - [test-hivemq-platform] [hivemq] [35552fea] INFO  - Starting extension with id "hivemq-allow-all-extension" at /opt/hivemq/extensions/hivemq-allow-all-extension
2025-01-29 13:42:58,561 INFO c.h.h.t.HelmChartContainer - [test-hivemq-platform] [hivemq] [35552fea] WARN  - 
2025-01-29 13:42:58,561 INFO c.h.h.t.HelmChartContainer - [test-hivemq-platform] [hivemq] [35552fea] ################################################################################################################
2025-01-29 13:42:58,561 INFO c.h.h.t.HelmChartContainer - [test-hivemq-platform] [hivemq] [35552fea] # This HiveMQ deployment is not secure! You are lacking Authentication and Authorization.                      #
2025-01-29 13:42:58,561 INFO c.h.h.t.HelmChartContainer - [test-hivemq-platform] [hivemq] [35552fea] # Right now any MQTT client can connect to the broker with a full set of permissions.                          #
2025-01-29 13:42:58,561 INFO c.h.h.t.HelmChartContainer - [test-hivemq-platform] [hivemq] [35552fea] # For production usage, add an appropriate security extension and remove the hivemq-allow-all extension.       #
2025-01-29 13:42:58,561 INFO c.h.h.t.HelmChartContainer - [test-hivemq-platform] [hivemq] [35552fea] # You can download security extensions from the HiveMQ Marketplace (https://www.hivemq.com/extensions/).       #
2025-01-29 13:42:58,561 INFO c.h.h.t.HelmChartContainer - [test-hivemq-platform] [hivemq] [35552fea] ################################################################################################################
2025-01-29 13:42:58,561 INFO c.h.h.t.HelmChartContainer - [test-hivemq-platform] [hivemq] [35552fea] INFO  - Extension "Allow All Extension" version 1.1.1 started successfully.
2025-01-29 13:43:00,456 INFO c.h.h.t.HelmChartContainer - [test-hivemq-platform] [hivemq] [35552fea] INFO  - [HiveMQ Platform Operator Init App 1.7.0-SNAPSHOT] Returning Health API response 503 for readiness
2025-01-29 13:43:00,461 INFO c.h.h.t.HelmChartContainer - [EVENT] Warning [Unhealthy] Readiness probe failed: HTTP probe failed with statuscode: 503 [helmcontainersecuritycontextupgradeplatformit:test-hivemq-platform-0]
2025-01-29 13:43:00,461 INFO c.h.h.t.HelmChartContainer - Received Unhealthy event for container hivemq in pod test-hivemq-platform-0 [35552fea-4afe-4d24-acb9-2a83d459db12]
2025-01-29 13:43:00,731 INFO c.h.h.t.HelmChartContainer - [test-hivemq-platform] [hivemq] [35552fea] INFO  - oPbKD: no members discovered after 2377 ms: creating cluster as first member
2025-01-29 13:43:00,738 INFO c.h.h.t.HelmChartContainer - [test-hivemq-platform] [hivemq] [35552fea] INFO  - Cluster nodes found by discovery: [oPbKD|0] (1) [oPbKD].
2025-01-29 13:43:00,837 INFO c.h.h.t.HelmChartContainer - [test-hivemq-platform] [hivemq] [35552fea] WARN  - No user for HiveMQ Control Center configured. Starting with default user
2025-01-29 13:43:00,837 INFO c.h.h.t.HelmChartContainer - [test-hivemq-platform] [hivemq] [35552fea] INFO  - Starting HiveMQ Control Center on address 0.0.0.0 and port 8080
2025-01-29 13:43:00,844 INFO c.h.h.t.HelmChartContainer - [test-hivemq-platform] [hivemq] [35552fea] INFO  - Mounting HiveMQ Control Center V2 Preview
2025-01-29 13:43:01,544 INFO c.h.h.t.HelmChartContainer - [test-hivemq-platform] [hivemq] [35552fea] INFO  - Started HiveMQ Control Center in 708ms
2025-01-29 13:43:01,561 INFO c.h.h.t.HelmChartContainer - [test-hivemq-platform] [hivemq] [35552fea] INFO  - Starting TCP listener on address 0.0.0.0 and port 1883
2025-01-29 13:43:01,642 INFO c.h.h.t.HelmChartContainer - [test-hivemq-platform] [hivemq] [35552fea] INFO  - Started TCP Listener on address 0.0.0.0 and on port 1883.
2025-01-29 13:43:01,642 INFO c.h.h.t.HelmChartContainer - [test-hivemq-platform] [hivemq] [35552fea] INFO  - Started HiveMQ in 35186ms
2025-01-29 13:43:04,974 INFO c.h.h.t.HelmChartContainer - [test-hivemq-platform] [hivemq] [35552fea] INFO  - [HiveMQ Platform Operator Init App 1.7.0-SNAPSHOT] Returning Health API response 200 for readiness
2025-01-29 13:43:04,997 INFO c.h.h.t.HelmChartContainer - [POD] test-hivemq-platform-0 [35552fea-4afe-4d24-acb9-2a83d459db12] in helmcontainersecuritycontextupgradeplatformit was MODIFIED
2025-01-29 13:43:05,006 INFO c.h.h.t.HelmChartContainer - [hivemq-test-hivemq-platform] [hivemq-platform-operator] [1d56d045] 13:43:04.998 [pool-6-thread-42] DEBUG c.h.p.o.d.PlatformServiceResource - [helmcont] Desired Platform services (3 services)
2025-01-29 13:43:05,006 INFO c.h.h.t.HelmChartContainer - [hivemq-test-hivemq-platform] [hivemq-platform-operator] [1d56d045] 13:43:05.002 [pool-6-thread-43] DEBUG c.h.p.o.dependants.PodInfoConfigMap - [helmcont] Desired PodInfo ConfigMap (1 extensions) (1 enabled)
2025-01-29 13:43:05,006 INFO c.h.h.t.HelmChartContainer - [hivemq-test-hivemq-platform] [hivemq-platform-operator] [1d56d045] 13:43:05.002 [pool-6-thread-43] DEBUG c.h.p.o.dependants.PodInfoConfigMap - [helmcont] Desired PodInfo ConfigMap (metrics port: 9399) (metrics path: /)
2025-01-29 13:43:05,006 INFO c.h.h.t.HelmChartContainer - [hivemq-test-hivemq-platform] [hivemq-platform-operator] [1d56d045] 13:43:05.002 [pool-6-thread-43] DEBUG c.h.p.o.dependants.PodInfoConfigMap - [helmcont] Desired PodInfo ConfigMap (extension state hash: -1817474005)
2025-01-29 13:43:05,006 INFO c.h.h.t.HelmChartContainer - [hivemq-test-hivemq-platform] [hivemq-platform-operator] [1d56d045] 13:43:05.004 [pool-6-thread-41] DEBUG c.h.p.o.d.PodServiceAccountResource - [helmcont] Desired PodServiceAccountResource (serviceAccountName: hivemq-platform-pod-test-hivemq-platform)
2025-01-29 13:43:05,077 INFO c.h.h.t.HelmChartContainer - [hivemq-test-hivemq-platform] [hivemq-platform-operator] [1d56d045] 13:43:05.075 [pool-6-thread-42] DEBUG c.h.p.o.d.StatefulSetResource - [helmcont] Desired StatefulSet (1 replicas) for status STARTING (READY)
2025-01-29 13:43:05,083 INFO c.h.h.t.HelmChartContainer - [hivemq-test-hivemq-platform] [hivemq-platform-operator] [1d56d045] 13:43:05.081 [ReconcilerExecutor-hivemq-controller-113] INFO  c.h.p.o.HiveMQPlatformReconciler - [helmcont] Reconciling HiveMQ Platform 'test-hivemq-platform' in namespace 'helmcontainersecuritycontextupgradeplatformit'
2025-01-29 13:43:05,084 INFO c.h.h.t.HelmChartContainer - [hivemq-test-hivemq-platform] [hivemq-platform-operator] [1d56d045] 13:43:05.081 [ReconcilerExecutor-hivemq-controller-113] DEBUG c.h.p.o.HiveMQPlatformReconciler - [helmcont] Custom Resource Status STARTING - HiveMQ Platform is starting (READY)
2025-01-29 13:43:05,085 INFO c.h.h.t.HelmChartContainer - [hivemq-test-hivemq-platform] [hivemq-platform-operator] [1d56d045] 13:43:05.081 [ReconcilerExecutor-hivemq-controller-113] DEBUG c.h.p.o.HiveMQPlatformReconciler - [helmcont] Custom Resource Spec (replicas: 1) (extensions: 1)
2025-01-29 13:43:05,085 INFO c.h.h.t.HelmChartContainer - [hivemq-test-hivemq-platform] [hivemq-platform-operator] [1d56d045] 13:43:05.083 [ReconcilerExecutor-hivemq-controller-113] DEBUG c.h.p.o.HiveMQPlatformReconciler - [helmcont] StatefulSet Status (revision: test-hivemq-platform-fc778bc4c, replicas: 1, available: 1, ready: 1, current: 1, updated: 1)
2025-01-29 13:43:05,085 INFO c.h.h.t.HelmChartContainer - [hivemq-test-hivemq-platform] [hivemq-platform-operator] [1d56d045] 13:43:05.083 [ReconcilerExecutor-hivemq-controller-113] DEBUG c.h.p.o.HiveMQPlatformReconciler - [helmcont] StatefulSet Spec (replicas: 1, init containers: 1, containers: 1, volumes: 3)
2025-01-29 13:43:05,086 INFO c.h.h.t.HelmChartContainer - [hivemq-test-hivemq-platform] [hivemq-platform-operator] [1d56d045] 13:43:05.085 [ReconcilerExecutor-hivemq-controller-113] DEBUG c.h.p.o.h.HiveMQPlatformReconcilerErrorHandler - [helmcont] Pod 'test-hivemq-platform-0' phase Running
2025-01-29 13:43:05,165 INFO c.h.h.t.HelmChartContainer - [hivemq-test-hivemq-platform] [hivemq-platform-operator] [1d56d045] 13:43:05.164 [ReconcilerExecutor-hivemq-controller-113] INFO  c.h.p.o.h.HiveMQPlatformReconcilerBaseHandler - [helmcont] HiveMQ Platform started successfully
2025-01-29 13:43:05,184 INFO c.h.h.t.HelmChartContainer - [hivemq-test-hivemq-platform] [hivemq-platform-operator] [1d56d045] 13:43:05.183 [ReconcilerExecutor-hivemq-controller-113] DEBUG c.h.p.operator.event.EventSender - [helmcont] Creating K8s event hivemq-platform-ready: [Ready] HiveMQ Platform is ready
2025-01-29 13:43:05,188 INFO c.h.h.t.HelmChartContainer - [EVENT] Normal [Ready] HiveMQ Platform is ready [helmcontainersecuritycontextupgradeplatformit:test-hivemq-platform]
2025-01-29 13:43:05,266 INFO c.h.h.t.HelmChartContainer - [hivemq-test-hivemq-platform] [hivemq-platform-operator] [1d56d045] 13:43:05.264 [ReconcilerExecutor-hivemq-controller-113] INFO  c.h.p.o.h.AbstractHiveMQReconcilerStateHandler - [helmcont] Update HiveMQ Platform Status (STARTING [READY] -> RUNNING [READY]): HiveMQ Platform is ready
2025-01-29 13:43:05,275 DEBUG com.hivemq.helmcharts.util.K8sUtil - Comparing actual state 'RUNNING' and waiting for 'RUNNING'
2025-01-29 13:43:05,283 INFO c.h.h.t.HelmChartContainer - [hivemq-test-hivemq-platform] [hivemq-platform-operator] [1d56d045] 13:43:05.280 [pool-6-thread-7] DEBUG c.h.p.o.d.PlatformServiceResource - [helmcont] Desired Platform services (3 services)
2025-01-29 13:43:05,285 INFO c.h.h.t.HelmChartContainer - [hivemq-test-hivemq-platform] [hivemq-platform-operator] [1d56d045] 13:43:05.281 [pool-6-thread-2] DEBUG c.h.p.o.dependants.PodInfoConfigMap - [helmcont] Desired PodInfo ConfigMap (1 extensions) (1 enabled)
2025-01-29 13:43:05,285 INFO c.h.h.t.HelmChartContainer - [hivemq-test-hivemq-platform] [hivemq-platform-operator] [1d56d045] 13:43:05.281 [pool-6-thread-2] DEBUG c.h.p.o.dependants.PodInfoConfigMap - [helmcont] Desired PodInfo ConfigMap (metrics port: 9399) (metrics path: /)
2025-01-29 13:43:05,285 INFO c.h.h.t.HelmChartContainer - [hivemq-test-hivemq-platform] [hivemq-platform-operator] [1d56d045] 13:43:05.281 [pool-6-thread-2] DEBUG c.h.p.o.dependants.PodInfoConfigMap - [helmcont] Desired PodInfo ConfigMap (extension state hash: -1817474005)
2025-01-29 13:43:05,285 INFO c.h.h.t.HelmChartContainer - [hivemq-test-hivemq-platform] [hivemq-platform-operator] [1d56d045] 13:43:05.282 [pool-6-thread-2] DEBUG c.h.p.o.dependants.PodInfoConfigMap - [helmcont] Update PodInfo ConfigMap
2025-01-29 13:43:05,289 INFO c.h.h.t.HelmChartContainer - [hivemq-test-hivemq-platform] [hivemq-platform-operator] [1d56d045] 13:43:05.286 [pool-6-thread-6] DEBUG c.h.p.o.d.PodServiceAccountResource - [helmcont] Desired PodServiceAccountResource (serviceAccountName: hivemq-platform-pod-test-hivemq-platform)
2025-01-29 13:43:05,370 INFO c.h.h.t.HelmChartContainer - [hivemq-test-hivemq-platform] [hivemq-platform-operator] [1d56d045] 13:43:05.368 [pool-6-thread-8] DEBUG c.h.p.o.d.StatefulSetResource - [helmcont] Desired StatefulSet (1 replicas) for status RUNNING (READY)
2025-01-29 13:43:05,374 INFO c.h.h.t.HelmChartContainer - [hivemq-test-hivemq-platform] [hivemq-platform-operator] [1d56d045] 13:43:05.372 [ReconcilerExecutor-hivemq-controller-114] INFO  c.h.p.o.HiveMQPlatformReconciler - [helmcont] Reconciling HiveMQ Platform 'test-hivemq-platform' in namespace 'helmcontainersecuritycontextupgradeplatformit'
2025-01-29 13:43:05,375 INFO c.h.h.t.HelmChartContainer - [hivemq-test-hivemq-platform] [hivemq-platform-operator] [1d56d045] 13:43:05.373 [ReconcilerExecutor-hivemq-controller-114] DEBUG c.h.p.o.HiveMQPlatformReconciler - [helmcont] Custom Resource Status RUNNING - HiveMQ Platform is ready (READY)
2025-01-29 13:43:05,375 INFO c.h.h.t.HelmChartContainer - [hivemq-test-hivemq-platform] [hivemq-platform-operator] [1d56d045] 13:43:05.373 [ReconcilerExecutor-hivemq-controller-114] DEBUG c.h.p.o.HiveMQPlatformReconciler - [helmcont] Custom Resource Spec (replicas: 1) (extensions: 1)
2025-01-29 13:43:05,379 INFO c.h.h.t.HelmChartContainer - [hivemq-test-hivemq-platform] [hivemq-platform-operator] [1d56d045] 13:43:05.374 [ReconcilerExecutor-hivemq-controller-114] DEBUG c.h.p.o.HiveMQPlatformReconciler - [helmcont] StatefulSet Status (revision: test-hivemq-platform-fc778bc4c, replicas: 1, available: 1, ready: 1, current: 1, updated: 1)
2025-01-29 13:43:05,379 INFO c.h.h.t.HelmChartContainer - [hivemq-test-hivemq-platform] [hivemq-platform-operator] [1d56d045] 13:43:05.374 [ReconcilerExecutor-hivemq-controller-114] DEBUG c.h.p.o.HiveMQPlatformReconciler - [helmcont] StatefulSet Spec (replicas: 1, init containers: 1, containers: 1, volumes: 3)
2025-01-29 13:43:05,379 INFO c.h.h.t.HelmChartContainer - [hivemq-test-hivemq-platform] [hivemq-platform-operator] [1d56d045] 13:43:05.375 [ReconcilerExecutor-hivemq-controller-114] DEBUG c.h.p.o.h.HiveMQPlatformReconcilerErrorHandler - [helmcont] Pod 'test-hivemq-platform-0' phase Running
2025-01-29 13:43:05,389 DEBUG com.hivemq.helmcharts.util.PodUtil - Received status for command '[sh, -c, stat -c "%u:%g" /proc/1]' on pod 'test-hivemq-platform-0' (exit code: 0)
2025-01-29 13:43:05,410 DEBUG com.hivemq.helmcharts.util.K8sUtil - Comparing actual state 'RUNNING' and waiting for 'ROLLING_RESTART'
2025-01-29 13:43:05,470 INFO c.h.h.t.HelmChartContainer - [hivemq-test-hivemq-platform] [hivemq-platform-operator] [1d56d045] 13:43:05.466 [pool-6-thread-19] DEBUG c.h.p.o.d.PlatformServiceResource - [helmcont] Desired Platform services (3 services)
2025-01-29 13:43:05,472 INFO c.h.h.t.HelmChartContainer - [hivemq-test-hivemq-platform] [hivemq-platform-operator] [1d56d045] 13:43:05.467 [pool-6-thread-17] DEBUG c.h.p.o.dependants.PodInfoConfigMap - [helmcont] Desired PodInfo ConfigMap (1 extensions) (1 enabled)
2025-01-29 13:43:05,472 INFO c.h.h.t.HelmChartContainer - [hivemq-test-hivemq-platform] [hivemq-platform-operator] [1d56d045] 13:43:05.467 [pool-6-thread-17] DEBUG c.h.p.o.dependants.PodInfoConfigMap - [helmcont] Desired PodInfo ConfigMap (metrics port: 9399) (metrics path: /)
2025-01-29 13:43:05,472 INFO c.h.h.t.HelmChartContainer - [hivemq-test-hivemq-platform] [hivemq-platform-operator] [1d56d045] 13:43:05.467 [pool-6-thread-17] DEBUG c.h.p.o.dependants.PodInfoConfigMap - [helmcont] Desired PodInfo ConfigMap (extension state hash: -1817474005)
2025-01-29 13:43:05,472 INFO c.h.h.t.HelmChartContainer - [hivemq-test-hivemq-platform] [hivemq-platform-operator] [1d56d045] 13:43:05.468 [pool-6-thread-17] DEBUG c.h.p.o.d.PodServiceAccountResource - [helmcont] Desired PodServiceAccountResource (serviceAccountName: hivemq-platform-pod-test-hivemq-platform)
2025-01-29 13:43:05,478 INFO c.h.h.t.HelmChartContainer - [hivemq-test-hivemq-platform] [hivemq-platform-operator] [1d56d045] 13:43:05.475 [pool-6-thread-19] DEBUG c.h.p.o.d.StatefulSetResource - [helmcont] Desired StatefulSet (1 replicas) for status RUNNING (READY)
2025-01-29 13:43:05,480 INFO c.h.h.t.HelmChartContainer - [hivemq-test-hivemq-platform] [hivemq-platform-operator] [1d56d045] 13:43:05.479 [pool-6-thread-19] DEBUG c.h.p.o.d.StatefulSetResource - [helmcont] Update StatefulSet (replicas: 1 -> 1)
2025-01-29 13:43:05,481 INFO c.h.h.t.HelmChartContainer - [hivemq-test-hivemq-platform] [hivemq-platform-operator] [1d56d045] 13:43:05.479 [pool-6-thread-19] DEBUG c.h.p.o.d.StatefulSetResource - [helmcont] Detected change in StatefulSet specification (path: /template/metadata/annotations/kubernetes-resource-versions) (actual value: {broker-configuration-v2=-2089688360}) (target value: {broker-configuration-v2=1242811043})
2025-01-29 13:43:05,481 INFO c.h.h.t.HelmChartContainer - [hivemq-test-hivemq-platform] [hivemq-platform-operator] [1d56d045] 13:43:05.479 [pool-6-thread-19] INFO  c.h.p.o.d.StatefulSetResource - [helmcont] StatefulSet spec was updated, triggering rolling restart
2025-01-29 13:43:05,577 INFO c.h.h.t.HelmChartContainer - [hivemq-test-hivemq-platform] [hivemq-platform-operator] [1d56d045] 13:43:05.576 [ReconcilerExecutor-hivemq-controller-115] INFO  c.h.p.o.HiveMQPlatformReconciler - [helmcont] Reconciling HiveMQ Platform 'test-hivemq-platform' in namespace 'helmcontainersecuritycontextupgradeplatformit'
2025-01-29 13:43:05,578 INFO c.h.h.t.HelmChartContainer - [hivemq-test-hivemq-platform] [hivemq-platform-operator] [1d56d045] 13:43:05.576 [ReconcilerExecutor-hivemq-controller-115] DEBUG c.h.p.o.HiveMQPlatformReconciler - [helmcont] Custom Resource Status RUNNING - HiveMQ Platform is ready (READY) (reconciliation requests: ROLLING_RESTART, REQUESTS_UPDATED)
2025-01-29 13:43:05,578 INFO c.h.h.t.HelmChartContainer - [hivemq-test-hivemq-platform] [hivemq-platform-operator] [1d56d045] 13:43:05.576 [ReconcilerExecutor-hivemq-controller-115] DEBUG c.h.p.o.HiveMQPlatformReconciler - [helmcont] Custom Resource Spec (replicas: 1) (extensions: 1)
2025-01-29 13:43:05,583 INFO c.h.h.t.HelmChartContainer - [hivemq-test-hivemq-platform] [hivemq-platform-operator] [1d56d045] 13:43:05.580 [ReconcilerExecutor-hivemq-controller-115] DEBUG c.h.p.o.HiveMQPlatformReconciler - [helmcont] StatefulSet Status (revision: test-hivemq-platform-fc778bc4c, replicas: 1, available: 1, ready: 1, current: 1, updated: 1)
2025-01-29 13:43:05,583 INFO c.h.h.t.HelmChartContainer - [hivemq-test-hivemq-platform] [hivemq-platform-operator] [1d56d045] 13:43:05.580 [ReconcilerExecutor-hivemq-controller-115] DEBUG c.h.p.o.HiveMQPlatformReconciler - [helmcont] StatefulSet Spec (replicas: 1, init containers: 1, containers: 1, volumes: 3)
2025-01-29 13:43:05,583 INFO c.h.h.t.HelmChartContainer - [hivemq-test-hivemq-platform] [hivemq-platform-operator] [1d56d045] 13:43:05.582 [ReconcilerExecutor-hivemq-controller-115] DEBUG c.h.p.o.h.HiveMQPlatformReconcilerErrorHandler - [helmcont] Pod 'test-hivemq-platform-0' phase Running
2025-01-29 13:43:05,586 INFO c.h.h.t.HelmChartContainer - [hivemq-test-hivemq-platform] [hivemq-platform-operator] [1d56d045] 13:43:05.584 [ReconcilerExecutor-hivemq-controller-115] INFO  c.h.p.o.h.HiveMQPlatformReconcilerBaseHandler - [helmcont] Started rolling restart (scaling to 2 replicas)
2025-01-29 13:43:05,675 INFO c.h.h.t.HelmChartContainer - [hivemq-test-hivemq-platform] [hivemq-platform-operator] [1d56d045] 13:43:05.673 [ReconcilerExecutor-hivemq-controller-115] DEBUG c.h.p.operator.event.EventSender - [helmcont] Creating K8s event rolling-restart-started: [RollingRestart] HiveMQ Platform is starting a surge Pod (rolling restart)
2025-01-29 13:43:05,678 INFO c.h.h.t.HelmChartContainer - [EVENT] Normal [RollingRestart] HiveMQ Platform is starting a surge Pod (rolling restart) [helmcontainersecuritycontextupgradeplatformit:test-hivemq-platform]
2025-01-29 13:43:05,680 INFO c.h.h.t.HelmChartContainer - [hivemq-test-hivemq-platform] [hivemq-platform-operator] [1d56d045] 13:43:05.679 [ReconcilerExecutor-hivemq-controller-115] INFO  c.h.p.o.h.AbstractHiveMQReconcilerStateHandler - [helmcont] Update HiveMQ Platform Status (RUNNING [READY] -> ROLLING_RESTART [SURGE_IN_PROGRESS]): HiveMQ Platform is starting a surge Pod (rolling restart)
2025-01-29 13:43:05,687 DEBUG com.hivemq.helmcharts.util.K8sUtil - Comparing actual state 'ROLLING_RESTART' and waiting for 'ROLLING_RESTART'
2025-01-29 13:43:05,692 DEBUG com.hivemq.helmcharts.util.K8sUtil - Comparing actual state 'ROLLING_RESTART' and waiting for 'RUNNING'
2025-01-29 13:43:05,768 INFO c.h.h.t.HelmChartContainer - [hivemq-test-hivemq-platform] [hivemq-platform-operator] [1d56d045] 13:43:05.765 [pool-6-thread-23] DEBUG c.h.p.o.dependants.PodInfoConfigMap - [helmcont] Desired PodInfo ConfigMap (1 extensions) (1 enabled)
2025-01-29 13:43:05,769 INFO c.h.h.t.HelmChartContainer - [hivemq-test-hivemq-platform] [hivemq-platform-operator] [1d56d045] 13:43:05.765 [pool-6-thread-23] DEBUG c.h.p.o.dependants.PodInfoConfigMap - [helmcont] Desired PodInfo ConfigMap (metrics port: 9399) (metrics path: /)
2025-01-29 13:43:05,769 INFO c.h.h.t.HelmChartContainer - [hivemq-test-hivemq-platform] [hivemq-platform-operator] [1d56d045] 13:43:05.765 [pool-6-thread-23] DEBUG c.h.p.o.dependants.PodInfoConfigMap - [helmcont] Desired PodInfo ConfigMap (extension state hash: -1817474005)
2025-01-29 13:43:05,769 INFO c.h.h.t.HelmChartContainer - [hivemq-test-hivemq-platform] [hivemq-platform-operator] [1d56d045] 13:43:05.766 [pool-6-thread-23] DEBUG c.h.p.o.dependants.PodInfoConfigMap - [helmcont] Update PodInfo ConfigMap
2025-01-29 13:43:05,769 INFO c.h.h.t.HelmChartContainer - [hivemq-test-hivemq-platform] [hivemq-platform-operator] [1d56d045] 13:43:05.767 [pool-6-thread-22] DEBUG c.h.p.o.d.PodServiceAccountResource - [helmcont] Desired PodServiceAccountResource (serviceAccountName: hivemq-platform-pod-test-hivemq-platform)
2025-01-29 13:43:05,771 INFO c.h.h.t.HelmChartContainer - [hivemq-test-hivemq-platform] [hivemq-platform-operator] [1d56d045] 13:43:05.769 [pool-6-thread-27] DEBUG c.h.p.o.d.PlatformServiceResource - [helmcont] Desired Platform services (3 services)
2025-01-29 13:43:05,781 INFO c.h.h.t.HelmChartContainer - [hivemq-test-hivemq-platform] [hivemq-platform-operator] [1d56d045] 13:43:05.780 [pool-6-thread-23] DEBUG c.h.p.o.d.StatefulSetResource - [helmcont] Desired StatefulSet (2 replicas) for status ROLLING_RESTART (SURGE_IN_PROGRESS)
2025-01-29 13:43:05,869 INFO c.h.h.t.HelmChartContainer - [hivemq-test-hivemq-platform] [hivemq-platform-operator] [1d56d045] 13:43:05.868 [pool-6-thread-23] DEBUG c.h.p.o.d.StatefulSetResource - [helmcont] Update StatefulSet (replicas: 1 -> 2)
2025-01-29 13:43:05,883 INFO c.h.h.t.HelmChartContainer - [hivemq-test-hivemq-platform] [hivemq-platform-operator] [1d56d045] 13:43:05.881 [ReconcilerExecutor-hivemq-controller-116] INFO  c.h.p.o.HiveMQPlatformReconciler - [helmcont] Reconciling HiveMQ Platform 'test-hivemq-platform' in namespace 'helmcontainersecuritycontextupgradeplatformit'
2025-01-29 13:43:05,883 INFO c.h.h.t.HelmChartContainer - [hivemq-test-hivemq-platform] [hivemq-platform-operator] [1d56d045] 13:43:05.881 [ReconcilerExecutor-hivemq-controller-116] DEBUG c.h.p.o.HiveMQPlatformReconciler - [helmcont] Custom Resource Status ROLLING_RESTART - HiveMQ Platform is starting a surge Pod (rolling restart) (SURGE_IN_PROGRESS)
2025-01-29 13:43:05,883 INFO c.h.h.t.HelmChartContainer - [hivemq-test-hivemq-platform] [hivemq-platform-operator] [1d56d045] 13:43:05.881 [ReconcilerExecutor-hivemq-controller-116] DEBUG c.h.p.o.HiveMQPlatformReconciler - [helmcont] Custom Resource Spec (replicas: 1) (extensions: 1)
2025-01-29 13:43:05,885 INFO c.h.h.t.HelmChartContainer - [hivemq-test-hivemq-platform] [hivemq-platform-operator] [1d56d045] 13:43:05.883 [ReconcilerExecutor-hivemq-controller-116] DEBUG c.h.p.o.HiveMQPlatformReconciler - [helmcont] StatefulSet Status (revision: test-hivemq-platform-85948b8786, replicas: 1, available: 1, ready: 1, current: 1, updated: 0)
2025-01-29 13:43:05,885 INFO c.h.h.t.HelmChartContainer - [hivemq-test-hivemq-platform] [hivemq-platform-operator] [1d56d045] 13:43:05.883 [ReconcilerExecutor-hivemq-controller-116] DEBUG c.h.p.o.HiveMQPlatformReconciler - [helmcont] StatefulSet Spec (replicas: 2, init containers: 1, containers: 1, volumes: 3)
2025-01-29 13:43:05,886 INFO c.h.h.t.HelmChartContainer - [hivemq-test-hivemq-platform] [hivemq-platform-operator] [1d56d045] 13:43:05.885 [ReconcilerExecutor-hivemq-controller-116] DEBUG c.h.p.o.h.HiveMQPlatformReconcilerErrorHandler - [helmcont] Pod 'test-hivemq-platform-0' phase Running
2025-01-29 13:43:05,887 INFO c.h.h.t.HelmChartContainer - [hivemq-test-hivemq-platform] [hivemq-platform-operator] [1d56d045] 13:43:05.887 [ReconcilerExecutor-hivemq-controller-116] DEBUG c.h.p.o.h.HiveMQPlatformReconcilerRollingRestartHandler - [helmcont] Rolling restart is waiting for 1 of 2 replicas
2025-01-29 13:43:05,891 INFO c.h.h.t.HelmChartContainer - [POD] test-hivemq-platform-1 [5f518429-9ca8-4f65-9ff9-76fa81e47f51] in helmcontainersecuritycontextupgradeplatformit was ADDED
2025-01-29 13:43:05,893 INFO c.h.h.t.HelmChartContainer - [EVENT] Normal [SuccessfulCreate] create Pod test-hivemq-platform-1 in StatefulSet test-hivemq-platform successful [helmcontainersecuritycontextupgradeplatformit:test-hivemq-platform]
2025-01-29 13:43:05,896 INFO c.h.h.t.HelmChartContainer - [POD] test-hivemq-platform-1 [5f518429-9ca8-4f65-9ff9-76fa81e47f51] in helmcontainersecuritycontextupgradeplatformit was MODIFIED
2025-01-29 13:43:05,901 INFO c.h.h.t.HelmChartContainer - [EVENT] Normal [Scheduled] Successfully assigned helmcontainersecuritycontextupgradeplatformit/test-hivemq-platform-1 to ddd52fe05997 [helmcontainersecuritycontextupgradeplatformit:test-hivemq-platform-1]
2025-01-29 13:43:05,909 INFO c.h.h.t.HelmChartContainer - [POD] test-hivemq-platform-1 [5f518429-9ca8-4f65-9ff9-76fa81e47f51] in helmcontainersecuritycontextupgradeplatformit was MODIFIED
2025-01-29 13:43:05,960 INFO c.h.h.t.HelmChartContainer - [K3S] [reconciler_common.go:251] "operationExecutor.VerifyControllerAttachedVolume started for volume \"pod-info\" (UniqueName: \"kubernetes.io/configmap/5f518429-9ca8-4f65-9ff9-76fa81e47f51-pod-info\") pod \"test-hivemq-platform-1\" (UID: \"5f518429-9ca8-4f65-9ff9-76fa81e47f51\") " pod="helmcontainersecuritycontextupgradeplatformit/test-hivemq-platform-1"
2025-01-29 13:43:05,960 INFO c.h.h.t.HelmChartContainer - [K3S] [reconciler_common.go:251] "operationExecutor.VerifyControllerAttachedVolume started for volume \"kube-api-access-rfzq7\" (UniqueName: \"kubernetes.io/projected/5f518429-9ca8-4f65-9ff9-76fa81e47f51-kube-api-access-rfzq7\") pod \"test-hivemq-platform-1\" (UID: \"5f518429-9ca8-4f65-9ff9-76fa81e47f51\") " pod="helmcontainersecuritycontextupgradeplatformit/test-hivemq-platform-1"
2025-01-29 13:43:05,960 INFO c.h.h.t.HelmChartContainer - [K3S] [reconciler_common.go:251] "operationExecutor.VerifyControllerAttachedVolume started for volume \"broker-configuration\" (UniqueName: \"kubernetes.io/configmap/5f518429-9ca8-4f65-9ff9-76fa81e47f51-broker-configuration\") pod \"test-hivemq-platform-1\" (UID: \"5f518429-9ca8-4f65-9ff9-76fa81e47f51\") " pod="helmcontainersecuritycontextupgradeplatformit/test-hivemq-platform-1"
2025-01-29 13:43:05,960 INFO c.h.h.t.HelmChartContainer - [K3S] [reconciler_common.go:251] "operationExecutor.VerifyControllerAttachedVolume started for volume \"operator-init\" (UniqueName: \"kubernetes.io/empty-dir/5f518429-9ca8-4f65-9ff9-76fa81e47f51-operator-init\") pod \"test-hivemq-platform-1\" (UID: \"5f518429-9ca8-4f65-9ff9-76fa81e47f51\") " pod="helmcontainersecuritycontextupgradeplatformit/test-hivemq-platform-1"
2025-01-29 13:43:05,973 INFO c.h.h.t.HelmChartContainer - [hivemq-test-hivemq-platform] [hivemq-platform-operator] [1d56d045] 13:43:05.972 [pool-6-thread-39] DEBUG c.h.p.o.dependants.PodInfoConfigMap - [helmcont] Desired PodInfo ConfigMap (1 extensions) (1 enabled)
2025-01-29 13:43:05,973 INFO c.h.h.t.HelmChartContainer - [hivemq-test-hivemq-platform] [hivemq-platform-operator] [1d56d045] 13:43:05.972 [pool-6-thread-39] DEBUG c.h.p.o.dependants.PodInfoConfigMap - [helmcont] Desired PodInfo ConfigMap (metrics port: 9399) (metrics path: /)
2025-01-29 13:43:05,973 INFO c.h.h.t.HelmChartContainer - [hivemq-test-hivemq-platform] [hivemq-platform-operator] [1d56d045] 13:43:05.972 [pool-6-thread-39] DEBUG c.h.p.o.dependants.PodInfoConfigMap - [helmcont] Desired PodInfo ConfigMap (extension state hash: -1817474005)
2025-01-29 13:43:05,974 INFO c.h.h.t.HelmChartContainer - [hivemq-test-hivemq-platform] [hivemq-platform-operator] [1d56d045] 13:43:05.973 [pool-6-thread-39] DEBUG c.h.p.o.d.PodServiceAccountResource - [helmcont] Desired PodServiceAccountResource (serviceAccountName: hivemq-platform-pod-test-hivemq-platform)
2025-01-29 13:43:05,976 INFO c.h.h.t.HelmChartContainer - [hivemq-test-hivemq-platform] [hivemq-platform-operator] [1d56d045] 13:43:05.973 [pool-6-thread-36] DEBUG c.h.p.o.d.PlatformServiceResource - [helmcont] Desired Platform services (3 services)
2025-01-29 13:43:06,068 INFO c.h.h.t.HelmChartContainer - [hivemq-test-hivemq-platform] [hivemq-platform-operator] [1d56d045] 13:43:06.067 [pool-6-thread-36] DEBUG c.h.p.o.d.StatefulSetResource - [helmcont] Desired StatefulSet (2 replicas) for status ROLLING_RESTART (SURGE_IN_PROGRESS)
2025-01-29 13:43:06,074 INFO c.h.h.t.HelmChartContainer - [hivemq-test-hivemq-platform] [hivemq-platform-operator] [1d56d045] 13:43:06.072 [ReconcilerExecutor-hivemq-controller-117] INFO  c.h.p.o.HiveMQPlatformReconciler - [helmcont] Reconciling HiveMQ Platform 'test-hivemq-platform' in namespace 'helmcontainersecuritycontextupgradeplatformit'
2025-01-29 13:43:06,074 INFO c.h.h.t.HelmChartContainer - [hivemq-test-hivemq-platform] [hivemq-platform-operator] [1d56d045] 13:43:06.072 [ReconcilerExecutor-hivemq-controller-117] DEBUG c.h.p.o.HiveMQPlatformReconciler - [helmcont] Custom Resource Status ROLLING_RESTART - HiveMQ Platform is starting a surge Pod (rolling restart) (SURGE_IN_PROGRESS)
2025-01-29 13:43:06,074 INFO c.h.h.t.HelmChartContainer - [hivemq-test-hivemq-platform] [hivemq-platform-operator] [1d56d045] 13:43:06.072 [ReconcilerExecutor-hivemq-controller-117] DEBUG c.h.p.o.HiveMQPlatformReconciler - [helmcont] Custom Resource Spec (replicas: 1) (extensions: 1)
2025-01-29 13:43:06,077 INFO c.h.h.t.HelmChartContainer - [hivemq-test-hivemq-platform] [hivemq-platform-operator] [1d56d045] 13:43:06.074 [ReconcilerExecutor-hivemq-controller-117] DEBUG c.h.p.o.HiveMQPlatformReconciler - [helmcont] StatefulSet Status (revision: test-hivemq-platform-85948b8786, replicas: 2, available: 1, ready: 1, current: 1, updated: 1)
2025-01-29 13:43:06,079 INFO c.h.h.t.HelmChartContainer - [hivemq-test-hivemq-platform] [hivemq-platform-operator] [1d56d045] 13:43:06.074 [ReconcilerExecutor-hivemq-controller-117] DEBUG c.h.p.o.HiveMQPlatformReconciler - [helmcont] StatefulSet Spec (replicas: 2, init containers: 1, containers: 1, volumes: 3)
2025-01-29 13:43:06,080 INFO c.h.h.t.HelmChartContainer - [hivemq-test-hivemq-platform] [hivemq-platform-operator] [1d56d045] 13:43:06.077 [ReconcilerExecutor-hivemq-controller-117] DEBUG c.h.p.o.h.HiveMQPlatformReconcilerErrorHandler - [helmcont] Pod 'test-hivemq-platform-1' phase Pending
2025-01-29 13:43:06,080 INFO c.h.h.t.HelmChartContainer - [hivemq-test-hivemq-platform] [hivemq-platform-operator] [1d56d045] 13:43:06.077 [ReconcilerExecutor-hivemq-controller-117] DEBUG c.h.p.o.h.HiveMQPlatformReconcilerErrorHandler - [helmcont] Pod 'test-hivemq-platform-1' condition 'PodReadyToStartContainers': False
2025-01-29 13:43:06,080 INFO c.h.h.t.HelmChartContainer - [hivemq-test-hivemq-platform] [hivemq-platform-operator] [1d56d045] 13:43:06.077 [ReconcilerExecutor-hivemq-controller-117] DEBUG c.h.p.o.h.HiveMQPlatformReconcilerErrorHandler - [helmcont] Pod 'test-hivemq-platform-1' condition 'Initialized': False
2025-01-29 13:43:06,080 INFO c.h.h.t.HelmChartContainer - [hivemq-test-hivemq-platform] [hivemq-platform-operator] [1d56d045] 13:43:06.077 [ReconcilerExecutor-hivemq-controller-117] DEBUG c.h.p.o.h.HiveMQPlatformReconcilerErrorHandler - [helmcont] Pod 'test-hivemq-platform-1' condition 'Ready': False
2025-01-29 13:43:06,080 INFO c.h.h.t.HelmChartContainer - [hivemq-test-hivemq-platform] [hivemq-platform-operator] [1d56d045] 13:43:06.077 [ReconcilerExecutor-hivemq-controller-117] DEBUG c.h.p.o.h.HiveMQPlatformReconcilerErrorHandler - [helmcont] Pod 'test-hivemq-platform-1' condition 'ContainersReady': False
2025-01-29 13:43:06,080 INFO c.h.h.t.HelmChartContainer - [hivemq-test-hivemq-platform] [hivemq-platform-operator] [1d56d045] 13:43:06.077 [ReconcilerExecutor-hivemq-controller-117] DEBUG c.h.p.o.h.HiveMQPlatformReconcilerErrorHandler - [helmcont] Pod 'test-hivemq-platform-1' condition 'PodScheduled': True
2025-01-29 13:43:06,080 INFO c.h.h.t.HelmChartContainer - [hivemq-test-hivemq-platform] [hivemq-platform-operator] [1d56d045] 13:43:06.077 [ReconcilerExecutor-hivemq-controller-117] DEBUG c.h.p.o.h.HiveMQPlatformReconcilerErrorHandler - [helmcont] Pod 'test-hivemq-platform-1' containerStatus 'hivemq' (started: false) (ready: false) (waiting: [PodInitializing] null)
2025-01-29 13:43:06,082 INFO c.h.h.t.HelmChartContainer - [hivemq-test-hivemq-platform] [hivemq-platform-operator] [1d56d045] 13:43:06.080 [ReconcilerExecutor-hivemq-controller-117] DEBUG c.h.p.o.h.HiveMQPlatformReconcilerErrorHandler - [helmcont] Pod 'test-hivemq-platform-0' phase Running
2025-01-29 13:43:06,164 INFO c.h.h.t.HelmChartContainer - [hivemq-test-hivemq-platform] [hivemq-platform-operator] [1d56d045] 13:43:06.163 [ReconcilerExecutor-hivemq-controller-117] DEBUG c.h.p.o.h.HiveMQPlatformReconcilerRollingRestartHandler - [helmcont] Rolling restart is waiting for 1 of 2 replicas
2025-01-29 13:43:06,171 INFO c.h.h.t.HelmChartContainer - [hivemq-test-hivemq-platform] [hivemq-platform-operator] [1d56d045] 13:43:06.167 [pool-6-thread-41] DEBUG c.h.p.o.d.PlatformServiceResource - [helmcont] Desired Platform services (3 services)
2025-01-29 13:43:06,171 INFO c.h.h.t.HelmChartContainer - [hivemq-test-hivemq-platform] [hivemq-platform-operator] [1d56d045] 13:43:06.168 [pool-6-thread-44] DEBUG c.h.p.o.dependants.PodInfoConfigMap - [helmcont] Desired PodInfo ConfigMap (1 extensions) (1 enabled)
2025-01-29 13:43:06,171 INFO c.h.h.t.HelmChartContainer - [hivemq-test-hivemq-platform] [hivemq-platform-operator] [1d56d045] 13:43:06.168 [pool-6-thread-44] DEBUG c.h.p.o.dependants.PodInfoConfigMap - [helmcont] Desired PodInfo ConfigMap (metrics port: 9399) (metrics path: /)
2025-01-29 13:43:06,171 INFO c.h.h.t.HelmChartContainer - [hivemq-test-hivemq-platform] [hivemq-platform-operator] [1d56d045] 13:43:06.168 [pool-6-thread-44] DEBUG c.h.p.o.dependants.PodInfoConfigMap - [helmcont] Desired PodInfo ConfigMap (extension state hash: -1817474005)
2025-01-29 13:43:06,171 INFO c.h.h.t.HelmChartContainer - [hivemq-test-hivemq-platform] [hivemq-platform-operator] [1d56d045] 13:43:06.168 [pool-6-thread-44] DEBUG c.h.p.o.d.PodServiceAccountResource - [helmcont] Desired PodServiceAccountResource (serviceAccountName: hivemq-platform-pod-test-hivemq-platform)
2025-01-29 13:43:06,173 INFO c.h.h.t.HelmChartContainer - [hivemq-test-hivemq-platform] [hivemq-platform-operator] [1d56d045] 13:43:06.172 [pool-6-thread-41] DEBUG c.h.p.o.d.StatefulSetResource - [helmcont] Desired StatefulSet (2 replicas) for status ROLLING_RESTART (SURGE_IN_PROGRESS)
2025-01-29 13:43:06,177 INFO c.h.h.t.HelmChartContainer - [hivemq-test-hivemq-platform] [hivemq-platform-operator] [1d56d045] 13:43:06.177 [ReconcilerExecutor-hivemq-controller-118] INFO  c.h.p.o.HiveMQPlatformReconciler - [helmcont] Reconciling HiveMQ Platform 'test-hivemq-platform' in namespace 'helmcontainersecuritycontextupgradeplatformit'
2025-01-29 13:43:06,177 INFO c.h.h.t.HelmChartContainer - [hivemq-test-hivemq-platform] [hivemq-platform-operator] [1d56d045] 13:43:06.177 [ReconcilerExecutor-hivemq-controller-118] DEBUG c.h.p.o.HiveMQPlatformReconciler - [helmcont] Custom Resource Status ROLLING_RESTART - HiveMQ Platform is starting a surge Pod (rolling restart) (SURGE_IN_PROGRESS)
2025-01-29 13:43:06,177 INFO c.h.h.t.HelmChartContainer - [hivemq-test-hivemq-platform] [hivemq-platform-operator] [1d56d045] 13:43:06.177 [ReconcilerExecutor-hivemq-controller-118] DEBUG c.h.p.o.HiveMQPlatformReconciler - [helmcont] Custom Resource Spec (replicas: 1) (extensions: 1)
2025-01-29 13:43:06,180 INFO c.h.h.t.HelmChartContainer - [hivemq-test-hivemq-platform] [hivemq-platform-operator] [1d56d045] 13:43:06.179 [ReconcilerExecutor-hivemq-controller-118] DEBUG c.h.p.o.HiveMQPlatformReconciler - [helmcont] StatefulSet Status (revision: test-hivemq-platform-85948b8786, replicas: 2, available: 1, ready: 1, current: 1, updated: 1)
2025-01-29 13:43:06,180 INFO c.h.h.t.HelmChartContainer - [hivemq-test-hivemq-platform] [hivemq-platform-operator] [1d56d045] 13:43:06.179 [ReconcilerExecutor-hivemq-controller-118] DEBUG c.h.p.o.HiveMQPlatformReconciler - [helmcont] StatefulSet Spec (replicas: 2, init containers: 1, containers: 1, volumes: 3)
2025-01-29 13:43:06,183 INFO c.h.h.t.HelmChartContainer - [hivemq-test-hivemq-platform] [hivemq-platform-operator] [1d56d045] 13:43:06.182 [ReconcilerExecutor-hivemq-controller-118] DEBUG c.h.p.o.h.HiveMQPlatformReconcilerErrorHandler - [helmcont] Pod 'test-hivemq-platform-1' phase Pending
2025-01-29 13:43:06,183 INFO c.h.h.t.HelmChartContainer - [hivemq-test-hivemq-platform] [hivemq-platform-operator] [1d56d045] 13:43:06.182 [ReconcilerExecutor-hivemq-controller-118] DEBUG c.h.p.o.h.HiveMQPlatformReconcilerErrorHandler - [helmcont] Pod 'test-hivemq-platform-1' condition 'PodReadyToStartContainers': False
2025-01-29 13:43:06,183 INFO c.h.h.t.HelmChartContainer - [hivemq-test-hivemq-platform] [hivemq-platform-operator] [1d56d045] 13:43:06.182 [ReconcilerExecutor-hivemq-controller-118] DEBUG c.h.p.o.h.HiveMQPlatformReconcilerErrorHandler - [helmcont] Pod 'test-hivemq-platform-1' condition 'Initialized': False
2025-01-29 13:43:06,184 INFO c.h.h.t.HelmChartContainer - [hivemq-test-hivemq-platform] [hivemq-platform-operator] [1d56d045] 13:43:06.182 [ReconcilerExecutor-hivemq-controller-118] DEBUG c.h.p.o.h.HiveMQPlatformReconcilerErrorHandler - [helmcont] Pod 'test-hivemq-platform-1' condition 'Ready': False
2025-01-29 13:43:06,184 INFO c.h.h.t.HelmChartContainer - [hivemq-test-hivemq-platform] [hivemq-platform-operator] [1d56d045] 13:43:06.182 [ReconcilerExecutor-hivemq-controller-118] DEBUG c.h.p.o.h.HiveMQPlatformReconcilerErrorHandler - [helmcont] Pod 'test-hivemq-platform-1' condition 'ContainersReady': False
2025-01-29 13:43:06,184 INFO c.h.h.t.HelmChartContainer - [hivemq-test-hivemq-platform] [hivemq-platform-operator] [1d56d045] 13:43:06.182 [ReconcilerExecutor-hivemq-controller-118] DEBUG c.h.p.o.h.HiveMQPlatformReconcilerErrorHandler - [helmcont] Pod 'test-hivemq-platform-1' condition 'PodScheduled': True
2025-01-29 13:43:06,184 INFO c.h.h.t.HelmChartContainer - [hivemq-test-hivemq-platform] [hivemq-platform-operator] [1d56d045] 13:43:06.182 [ReconcilerExecutor-hivemq-controller-118] DEBUG c.h.p.o.h.HiveMQPlatformReconcilerErrorHandler - [helmcont] Pod 'test-hivemq-platform-1' containerStatus 'hivemq' (started: false) (ready: false) (waiting: [PodInitializing] null)
2025-01-29 13:43:06,185 INFO c.h.h.t.HelmChartContainer - [hivemq-test-hivemq-platform] [hivemq-platform-operator] [1d56d045] 13:43:06.184 [ReconcilerExecutor-hivemq-controller-118] DEBUG c.h.p.o.h.HiveMQPlatformReconcilerErrorHandler - [helmcont] Pod 'test-hivemq-platform-0' phase Running
2025-01-29 13:43:06,266 INFO c.h.h.t.HelmChartContainer - [hivemq-test-hivemq-platform] [hivemq-platform-operator] [1d56d045] 13:43:06.264 [ReconcilerExecutor-hivemq-controller-118] DEBUG c.h.p.o.h.HiveMQPlatformReconcilerRollingRestartHandler - [helmcont] Rolling restart is waiting for 1 of 2 replicas
2025-01-29 13:43:06,294 INFO c.h.h.t.HelmChartContainer - [EVENT] Normal [Pulled] Container image "docker.io/hivemq/hivemq-platform-operator-init-test:snapshot" already present on machine [helmcontainersecuritycontextupgradeplatformit:test-hivemq-platform-1]
2025-01-29 13:43:06,301 INFO c.h.h.t.HelmChartContainer - [EVENT] Normal [Created] Created container: hivemq-platform-operator-init [helmcontainersecuritycontextupgradeplatformit:test-hivemq-platform-1]
2025-01-29 13:43:06,337 INFO c.h.h.t.HelmChartContainer - [EVENT] Normal [Started] Started container hivemq-platform-operator-init [helmcontainersecuritycontextupgradeplatformit:test-hivemq-platform-1]
2025-01-29 13:43:06,894 INFO c.h.h.t.HelmChartContainer - [EVENT] Normal [Pulled] Container image "docker.io/hivemq/hivemq4:4.36.0" already present on machine [helmcontainersecuritycontextupgradeplatformit:test-hivemq-platform-1]
2025-01-29 13:43:06,894 INFO c.h.h.t.HelmChartContainer - Received Pulled event for container hivemq in pod test-hivemq-platform-1 [5f518429-9ca8-4f65-9ff9-76fa81e47f51]
2025-01-29 13:43:06,901 INFO c.h.h.t.HelmChartContainer - [POD] test-hivemq-platform-1 [5f518429-9ca8-4f65-9ff9-76fa81e47f51] in helmcontainersecuritycontextupgradeplatformit was MODIFIED
2025-01-29 13:43:06,926 INFO c.h.h.t.HelmChartContainer - [EVENT] Normal [Created] Created container: hivemq [helmcontainersecuritycontextupgradeplatformit:test-hivemq-platform-1]
2025-01-29 13:43:06,926 INFO c.h.h.t.HelmChartContainer - Received Created event for container hivemq in pod test-hivemq-platform-1 [5f518429-9ca8-4f65-9ff9-76fa81e47f51]
2025-01-29 13:43:06,928 INFO c.h.h.t.HelmChartContainer - [hivemq-test-hivemq-platform] [hivemq-platform-operator] [1d56d045] 13:43:06.917 [pool-6-thread-7] DEBUG c.h.p.o.d.PlatformServiceResource - [helmcont] Desired Platform services (3 services)
2025-01-29 13:43:06,928 INFO c.h.h.t.HelmChartContainer - [hivemq-test-hivemq-platform] [hivemq-platform-operator] [1d56d045] 13:43:06.925 [pool-6-thread-6] DEBUG c.h.p.o.dependants.PodInfoConfigMap - [helmcont] Desired PodInfo ConfigMap (1 extensions) (1 enabled)
2025-01-29 13:43:06,937 INFO c.h.h.t.HelmChartContainer - [hivemq-test-hivemq-platform] [hivemq-platform-operator] [1d56d045] 13:43:06.935 [pool-6-thread-6] DEBUG c.h.p.o.dependants.PodInfoConfigMap - [helmcont] Desired PodInfo ConfigMap (metrics port: 9399) (metrics path: /)
2025-01-29 13:43:06,937 INFO c.h.h.t.HelmChartContainer - [hivemq-test-hivemq-platform] [hivemq-platform-operator] [1d56d045] 13:43:06.935 [pool-6-thread-6] DEBUG c.h.p.o.dependants.PodInfoConfigMap - [helmcont] Desired PodInfo ConfigMap (extension state hash: -1817474005)
2025-01-29 13:43:06,943 INFO c.h.h.t.HelmChartContainer - [hivemq-test-hivemq-platform] [hivemq-platform-operator] [1d56d045] 13:43:06.931 [pool-6-thread-4] DEBUG c.h.p.o.d.PodServiceAccountResource - [helmcont] Desired PodServiceAccountResource (serviceAccountName: hivemq-platform-pod-test-hivemq-platform)
2025-01-29 13:43:06,950 INFO c.h.h.t.HelmChartContainer - [hivemq-test-hivemq-platform] [hivemq-platform-operator] [1d56d045] 13:43:06.942 [pool-6-thread-6] DEBUG c.h.p.o.d.StatefulSetResource - [helmcont] Desired StatefulSet (2 replicas) for status ROLLING_RESTART (SURGE_IN_PROGRESS)
2025-01-29 13:43:06,955 INFO c.h.h.t.HelmChartContainer - [hivemq-test-hivemq-platform] [hivemq-platform-operator] [1d56d045] 13:43:06.952 [ReconcilerExecutor-hivemq-controller-119] INFO  c.h.p.o.HiveMQPlatformReconciler - [helmcont] Reconciling HiveMQ Platform 'test-hivemq-platform' in namespace 'helmcontainersecuritycontextupgradeplatformit'
2025-01-29 13:43:06,957 INFO c.h.h.t.HelmChartContainer - [hivemq-test-hivemq-platform] [hivemq-platform-operator] [1d56d045] 13:43:06.952 [ReconcilerExecutor-hivemq-controller-119] DEBUG c.h.p.o.HiveMQPlatformReconciler - [helmcont] Custom Resource Status ROLLING_RESTART - HiveMQ Platform is starting a surge Pod (rolling restart) (SURGE_IN_PROGRESS)
2025-01-29 13:43:06,957 INFO c.h.h.t.HelmChartContainer - [hivemq-test-hivemq-platform] [hivemq-platform-operator] [1d56d045] 13:43:06.952 [ReconcilerExecutor-hivemq-controller-119] DEBUG c.h.p.o.HiveMQPlatformReconciler - [helmcont] Custom Resource Spec (replicas: 1) (extensions: 1)
2025-01-29 13:43:06,972 INFO c.h.h.t.HelmChartContainer - [hivemq-test-hivemq-platform] [hivemq-platform-operator] [1d56d045] 13:43:06.964 [ReconcilerExecutor-hivemq-controller-119] DEBUG c.h.p.o.HiveMQPlatformReconciler - [helmcont] StatefulSet Status (revision: test-hivemq-platform-85948b8786, replicas: 2, available: 1, ready: 1, current: 1, updated: 1)
2025-01-29 13:43:06,973 INFO c.h.h.t.HelmChartContainer - [hivemq-test-hivemq-platform] [hivemq-platform-operator] [1d56d045] 13:43:06.964 [ReconcilerExecutor-hivemq-controller-119] DEBUG c.h.p.o.HiveMQPlatformReconciler - [helmcont] StatefulSet Spec (replicas: 2, init containers: 1, containers: 1, volumes: 3)
2025-01-29 13:43:06,973 INFO c.h.h.t.HelmChartContainer - [hivemq-test-hivemq-platform] [hivemq-platform-operator] [1d56d045] 13:43:06.966 [ReconcilerExecutor-hivemq-controller-119] DEBUG c.h.p.o.h.HiveMQPlatformReconcilerErrorHandler - [helmcont] Pod 'test-hivemq-platform-1' phase Pending
2025-01-29 13:43:06,973 INFO c.h.h.t.HelmChartContainer - [hivemq-test-hivemq-platform] [hivemq-platform-operator] [1d56d045] 13:43:06.966 [ReconcilerExecutor-hivemq-controller-119] DEBUG c.h.p.o.h.HiveMQPlatformReconcilerErrorHandler - [helmcont] Pod 'test-hivemq-platform-1' condition 'PodReadyToStartContainers': True
2025-01-29 13:43:06,973 INFO c.h.h.t.HelmChartContainer - [hivemq-test-hivemq-platform] [hivemq-platform-operator] [1d56d045] 13:43:06.966 [ReconcilerExecutor-hivemq-controller-119] DEBUG c.h.p.o.h.HiveMQPlatformReconcilerErrorHandler - [helmcont] Pod 'test-hivemq-platform-1' condition 'Initialized': True
2025-01-29 13:43:06,973 INFO c.h.h.t.HelmChartContainer - [hivemq-test-hivemq-platform] [hivemq-platform-operator] [1d56d045] 13:43:06.966 [ReconcilerExecutor-hivemq-controller-119] DEBUG c.h.p.o.h.HiveMQPlatformReconcilerErrorHandler - [helmcont] Pod 'test-hivemq-platform-1' condition 'Ready': False
2025-01-29 13:43:06,973 INFO c.h.h.t.HelmChartContainer - [hivemq-test-hivemq-platform] [hivemq-platform-operator] [1d56d045] 13:43:06.966 [ReconcilerExecutor-hivemq-controller-119] DEBUG c.h.p.o.h.HiveMQPlatformReconcilerErrorHandler - [helmcont] Pod 'test-hivemq-platform-1' condition 'ContainersReady': False
2025-01-29 13:43:06,973 INFO c.h.h.t.HelmChartContainer - [hivemq-test-hivemq-platform] [hivemq-platform-operator] [1d56d045] 13:43:06.966 [ReconcilerExecutor-hivemq-controller-119] DEBUG c.h.p.o.h.HiveMQPlatformReconcilerErrorHandler - [helmcont] Pod 'test-hivemq-platform-1' condition 'PodScheduled': True
2025-01-29 13:43:06,973 INFO c.h.h.t.HelmChartContainer - [hivemq-test-hivemq-platform] [hivemq-platform-operator] [1d56d045] 13:43:06.966 [ReconcilerExecutor-hivemq-controller-119] DEBUG c.h.p.o.h.HiveMQPlatformReconcilerErrorHandler - [helmcont] Pod 'test-hivemq-platform-1' containerStatus 'hivemq' (started: false) (ready: false) (waiting: [PodInitializing] null)
2025-01-29 13:43:06,974 INFO c.h.h.t.HelmChartContainer - [hivemq-test-hivemq-platform] [hivemq-platform-operator] [1d56d045] 13:43:06.969 [ReconcilerExecutor-hivemq-controller-119] DEBUG c.h.p.o.h.HiveMQPlatformReconcilerErrorHandler - [helmcont] Pod 'test-hivemq-platform-0' phase Running
2025-01-29 13:43:06,974 INFO c.h.h.t.HelmChartContainer - [hivemq-test-hivemq-platform] [hivemq-platform-operator] [1d56d045] 13:43:06.971 [ReconcilerExecutor-hivemq-controller-119] DEBUG c.h.p.o.h.HiveMQPlatformReconcilerRollingRestartHandler - [helmcont] Rolling restart is waiting for 1 of 2 replicas
2025-01-29 13:43:07,909 INFO c.h.h.t.HelmChartContainer - [POD] test-hivemq-platform-1 [5f518429-9ca8-4f65-9ff9-76fa81e47f51] in helmcontainersecuritycontextupgradeplatformit was MODIFIED
2025-01-29 13:43:07,913 INFO c.h.h.t.HelmChartContainer - Started log watcher for hivemq in pod test-hivemq-platform-1 [5f518429-9ca8-4f65-9ff9-76fa81e47f51]
2025-01-29 13:43:07,914 INFO c.h.h.t.HelmChartContainer - [test-hivemq-platform] [hivemq] [5f518429] Adding pre-installed HiveMQ Platform Operator extensions
2025-01-29 13:43:07,914 INFO c.h.h.t.HelmChartContainer - [test-hivemq-platform] [hivemq] [5f518429] Running as user 10000
2025-01-29 13:43:07,915 INFO c.h.h.t.HelmChartContainer - [test-hivemq-platform] [hivemq] [5f518429] Starting HiveMQ Platform Operator Init
2025-01-29 13:43:07,915 INFO c.h.h.t.HelmChartContainer - [EVENT] Normal [Started] Started container hivemq [helmcontainersecuritycontextupgradeplatformit:test-hivemq-platform-1]
2025-01-29 13:43:07,915 INFO c.h.h.t.HelmChartContainer - Received Started event for container hivemq in pod test-hivemq-platform-1 [5f518429-9ca8-4f65-9ff9-76fa81e47f51]
2025-01-29 13:43:07,919 INFO c.h.h.t.HelmChartContainer - [hivemq-test-hivemq-platform] [hivemq-platform-operator] [1d56d045] 13:43:07.917 [pool-6-thread-14] DEBUG c.h.p.o.d.PlatformServiceResource - [helmcont] Desired Platform services (3 services)
2025-01-29 13:43:07,921 INFO c.h.h.t.HelmChartContainer - [hivemq-test-hivemq-platform] [hivemq-platform-operator] [1d56d045] 13:43:07.919 [pool-6-thread-16] DEBUG c.h.p.o.dependants.PodInfoConfigMap - [helmcont] Desired PodInfo ConfigMap (1 extensions) (1 enabled)
2025-01-29 13:43:07,921 INFO c.h.h.t.HelmChartContainer - [hivemq-test-hivemq-platform] [hivemq-platform-operator] [1d56d045] 13:43:07.919 [pool-6-thread-16] DEBUG c.h.p.o.dependants.PodInfoConfigMap - [helmcont] Desired PodInfo ConfigMap (metrics port: 9399) (metrics path: /)
2025-01-29 13:43:07,921 INFO c.h.h.t.HelmChartContainer - [hivemq-test-hivemq-platform] [hivemq-platform-operator] [1d56d045] 13:43:07.919 [pool-6-thread-16] DEBUG c.h.p.o.dependants.PodInfoConfigMap - [helmcont] Desired PodInfo ConfigMap (extension state hash: -1817474005)
2025-01-29 13:43:07,927 INFO c.h.h.t.HelmChartContainer - [hivemq-test-hivemq-platform] [hivemq-platform-operator] [1d56d045] 13:43:07.925 [pool-6-thread-12] DEBUG c.h.p.o.d.PodServiceAccountResource - [helmcont] Desired PodServiceAccountResource (serviceAccountName: hivemq-platform-pod-test-hivemq-platform)
2025-01-29 13:43:07,931 INFO c.h.h.t.HelmChartContainer - [hivemq-test-hivemq-platform] [hivemq-platform-operator] [1d56d045] 13:43:07.929 [pool-6-thread-15] DEBUG c.h.p.o.d.StatefulSetResource - [helmcont] Desired StatefulSet (2 replicas) for status ROLLING_RESTART (SURGE_IN_PROGRESS)
2025-01-29 13:43:07,937 INFO c.h.h.t.HelmChartContainer - [hivemq-test-hivemq-platform] [hivemq-platform-operator] [1d56d045] 13:43:07.935 [ReconcilerExecutor-hivemq-controller-120] INFO  c.h.p.o.HiveMQPlatformReconciler - [helmcont] Reconciling HiveMQ Platform 'test-hivemq-platform' in namespace 'helmcontainersecuritycontextupgradeplatformit'
2025-01-29 13:43:07,938 INFO c.h.h.t.HelmChartContainer - [hivemq-test-hivemq-platform] [hivemq-platform-operator] [1d56d045] 13:43:07.936 [ReconcilerExecutor-hivemq-controller-120] DEBUG c.h.p.o.HiveMQPlatformReconciler - [helmcont] Custom Resource Status ROLLING_RESTART - HiveMQ Platform is starting a surge Pod (rolling restart) (SURGE_IN_PROGRESS)
2025-01-29 13:43:07,938 INFO c.h.h.t.HelmChartContainer - [hivemq-test-hivemq-platform] [hivemq-platform-operator] [1d56d045] 13:43:07.936 [ReconcilerExecutor-hivemq-controller-120] DEBUG c.h.p.o.HiveMQPlatformReconciler - [helmcont] Custom Resource Spec (replicas: 1) (extensions: 1)
2025-01-29 13:43:07,941 INFO c.h.h.t.HelmChartContainer - [hivemq-test-hivemq-platform] [hivemq-platform-operator] [1d56d045] 13:43:07.940 [ReconcilerExecutor-hivemq-controller-120] DEBUG c.h.p.o.HiveMQPlatformReconciler - [helmcont] StatefulSet Status (revision: test-hivemq-platform-85948b8786, replicas: 2, available: 1, ready: 1, current: 1, updated: 1)
2025-01-29 13:43:07,942 INFO c.h.h.t.HelmChartContainer - [hivemq-test-hivemq-platform] [hivemq-platform-operator] [1d56d045] 13:43:07.940 [ReconcilerExecutor-hivemq-controller-120] DEBUG c.h.p.o.HiveMQPlatformReconciler - [helmcont] StatefulSet Spec (replicas: 2, init containers: 1, containers: 1, volumes: 3)
2025-01-29 13:43:07,944 INFO c.h.h.t.HelmChartContainer - [hivemq-test-hivemq-platform] [hivemq-platform-operator] [1d56d045] 13:43:07.943 [ReconcilerExecutor-hivemq-controller-120] DEBUG c.h.p.o.h.HiveMQPlatformReconcilerErrorHandler - [helmcont] Pod 'test-hivemq-platform-1' phase Running
2025-01-29 13:43:07,966 INFO c.h.h.t.HelmChartContainer - [hivemq-test-hivemq-platform] [hivemq-platform-operator] [1d56d045] 13:43:07.965 [ReconcilerExecutor-hivemq-controller-120] DEBUG c.h.p.o.h.HiveMQPlatformReconcilerErrorHandler - [helmcont] Pod 'test-hivemq-platform-0' phase Running
2025-01-29 13:43:07,968 INFO c.h.h.t.HelmChartContainer - [hivemq-test-hivemq-platform] [hivemq-platform-operator] [1d56d045] 13:43:07.967 [ReconcilerExecutor-hivemq-controller-120] DEBUG c.h.p.o.h.HiveMQPlatformReconcilerRollingRestartHandler - [helmcont] Rolling restart is waiting for 1 of 2 replicas
2025-01-29 13:43:08,279 INFO c.h.h.t.HelmChartContainer - [test-hivemq-platform] [hivemq] [5f518429] INFO  - [HiveMQ Platform Operator Init 1.7.0-SNAPSHOT] HiveMQ Platform Operator Init 1.7.0-SNAPSHOT (commit: bebf408 on branch: HEAD) built on Sun Jan 26 20:47:47 UTC 2025
2025-01-29 13:43:09,491 INFO c.h.h.t.HelmChartContainer - [test-hivemq-platform] [hivemq] [5f518429] INFO  - [HiveMQ Platform Operator Init App 1.7.0-SNAPSHOT] Using bind address 10.42.0.11 from environment variable
2025-01-29 13:43:10,391 INFO c.h.h.t.HelmChartContainer - [test-hivemq-platform] [hivemq] [5f518429] INFO  - [HiveMQ Platform Operator Init App 1.7.0-SNAPSHOT] HiveMQ Platform Operator Init App 1.7.0-SNAPSHOT (commit: bebf408 on branch: HEAD) built on Sun Jan 26 20:47:47 UTC 2025
2025-01-29 13:43:10,391 INFO c.h.h.t.HelmChartContainer - [test-hivemq-platform] [hivemq] [5f518429] INFO  - [HiveMQ Platform Operator Init App 1.7.0-SNAPSHOT] PodInfo ConfigMap directory: /etc/podinfo
2025-01-29 13:43:10,391 INFO c.h.h.t.HelmChartContainer - [test-hivemq-platform] [hivemq] [5f518429] INFO  - [HiveMQ Platform Operator Init App 1.7.0-SNAPSHOT] HiveMQ home directory: /opt/hivemq
2025-01-29 13:43:10,391 INFO c.h.h.t.HelmChartContainer - [test-hivemq-platform] [hivemq] [5f518429] INFO  - [HiveMQ Platform Operator Init App 1.7.0-SNAPSHOT] HiveMQ Logback folder: /opt/hivemq/conf
2025-01-29 13:43:10,391 INFO c.h.h.t.HelmChartContainer - [test-hivemq-platform] [hivemq] [5f518429] INFO  - [HiveMQ Platform Operator Init App 1.7.0-SNAPSHOT] HiveMQ Config folder: /opt/hivemq/conf-k8s
2025-01-29 13:43:10,391 INFO c.h.h.t.HelmChartContainer - [test-hivemq-platform] [hivemq] [5f518429] INFO  - [HiveMQ Platform Operator Init App 1.7.0-SNAPSHOT] Starting HiveMQ Platform Operator Init App
2025-01-29 13:43:10,391 INFO c.h.h.t.HelmChartContainer - [test-hivemq-platform] [hivemq] [5f518429] INFO  - [HiveMQ Platform Operator Init App 1.7.0-SNAPSHOT] Starting Pod reconciler
2025-01-29 13:43:11,800 INFO c.h.h.t.HelmChartContainer - [test-hivemq-platform] [hivemq] [5f518429] INFO  - [HiveMQ Platform Operator Init App 1.7.0-SNAPSHOT] Pod reconciler is scheduled (interval: 5000 ms)
2025-01-29 13:43:11,801 INFO c.h.h.t.HelmChartContainer - [test-hivemq-platform] [hivemq] [5f518429] INFO  - [HiveMQ Platform Operator Init App 1.7.0-SNAPSHOT] Starting the REST API on 10.42.0.11:7979
2025-01-29 13:43:11,803 INFO c.h.h.t.HelmChartContainer - [test-hivemq-platform] [hivemq] [5f518429] INFO  - [HiveMQ Platform Operator Init App 1.7.0-SNAPSHOT] Waiting up to 600s for at most 2 HiveMQ nodes in cluster service hivemq-test-hivemq-platform-cluster.helmcontainersecuritycontextupgradeplatformit.svc
2025-01-29 13:43:12,191 INFO c.h.h.t.HelmChartContainer - [test-hivemq-platform] [hivemq] [5f518429] INFO  - [HiveMQ Platform Operator Init App 1.7.0-SNAPSHOT] Resolved 2 IP addresses: [10.42.0.11, 10.42.0.10]
2025-01-29 13:43:12,191 INFO c.h.h.t.HelmChartContainer - [test-hivemq-platform] [hivemq] [5f518429] INFO  - [HiveMQ Platform Operator Init App 1.7.0-SNAPSHOT] HiveMQ node count of 2 is within threshold of 2
2025-01-29 13:43:12,191 INFO c.h.h.t.HelmChartContainer - [test-hivemq-platform] [hivemq] [5f518429] INFO  - [HiveMQ Platform Operator Init App 1.7.0-SNAPSHOT] Waiting 15s for previous shutdown replication to finish...
2025-01-29 13:43:13,905 INFO c.h.h.t.HelmChartContainer - [test-hivemq-platform] [hivemq] [5f518429] INFO  - [HiveMQ Platform Operator Init App 1.7.0-SNAPSHOT] Returning default Health API response 503 for readiness
2025-01-29 13:43:13,997 INFO c.h.h.t.HelmChartContainer - [EVENT] Warning [Unhealthy] Readiness probe failed: HTTP probe failed with statuscode: 503 [helmcontainersecuritycontextupgradeplatformit:test-hivemq-platform-1]
2025-01-29 13:43:13,997 INFO c.h.h.t.HelmChartContainer - Received Unhealthy event for container hivemq in pod test-hivemq-platform-1 [5f518429-9ca8-4f65-9ff9-76fa81e47f51]
2025-01-29 13:43:14,914 INFO c.h.h.t.HelmChartContainer - [test-hivemq-platform] [hivemq] [35552fea] INFO  - [HiveMQ Platform Operator Init App 1.7.0-SNAPSHOT] Returning Health API response 200 for liveness
2025-01-29 13:43:17,972 INFO c.h.h.t.HelmChartContainer - [hivemq-test-hivemq-platform] [hivemq-platform-operator] [1d56d045] 13:43:17.970 [pool-6-thread-24] DEBUG c.h.p.o.d.PlatformServiceResource - [helmcont] Desired Platform services (3 services)
2025-01-29 13:43:17,973 INFO c.h.h.t.HelmChartContainer - [hivemq-test-hivemq-platform] [hivemq-platform-operator] [1d56d045] 13:43:17.971 [pool-6-thread-25] DEBUG c.h.p.o.dependants.PodInfoConfigMap - [helmcont] Desired PodInfo ConfigMap (1 extensions) (1 enabled)
2025-01-29 13:43:17,973 INFO c.h.h.t.HelmChartContainer - [hivemq-test-hivemq-platform] [hivemq-platform-operator] [1d56d045] 13:43:17.971 [pool-6-thread-25] DEBUG c.h.p.o.dependants.PodInfoConfigMap - [helmcont] Desired PodInfo ConfigMap (metrics port: 9399) (metrics path: /)
2025-01-29 13:43:17,973 INFO c.h.h.t.HelmChartContainer - [hivemq-test-hivemq-platform] [hivemq-platform-operator] [1d56d045] 13:43:17.971 [pool-6-thread-25] DEBUG c.h.p.o.dependants.PodInfoConfigMap - [helmcont] Desired PodInfo ConfigMap (extension state hash: -1817474005)
2025-01-29 13:43:17,974 INFO c.h.h.t.HelmChartContainer - [hivemq-test-hivemq-platform] [hivemq-platform-operator] [1d56d045] 13:43:17.972 [pool-6-thread-25] DEBUG c.h.p.o.d.PodServiceAccountResource - [helmcont] Desired PodServiceAccountResource (serviceAccountName: hivemq-platform-pod-test-hivemq-platform)
2025-01-29 13:43:17,987 INFO c.h.h.t.HelmChartContainer - [hivemq-test-hivemq-platform] [hivemq-platform-operator] [1d56d045] 13:43:17.984 [pool-6-thread-24] DEBUG c.h.p.o.d.StatefulSetResource - [helmcont] Desired StatefulSet (2 replicas) for status ROLLING_RESTART (SURGE_IN_PROGRESS)
2025-01-29 13:43:17,992 INFO c.h.h.t.HelmChartContainer - [hivemq-test-hivemq-platform] [hivemq-platform-operator] [1d56d045] 13:43:17.991 [ReconcilerExecutor-hivemq-controller-121] INFO  c.h.p.o.HiveMQPlatformReconciler - [helmcont] Reconciling HiveMQ Platform 'test-hivemq-platform' in namespace 'helmcontainersecuritycontextupgradeplatformit'
2025-01-29 13:43:17,996 INFO c.h.h.t.HelmChartContainer - [hivemq-test-hivemq-platform] [hivemq-platform-operator] [1d56d045] 13:43:17.992 [ReconcilerExecutor-hivemq-controller-121] DEBUG c.h.p.o.HiveMQPlatformReconciler - [helmcont] Custom Resource Status ROLLING_RESTART - HiveMQ Platform is starting a surge Pod (rolling restart) (SURGE_IN_PROGRESS)
2025-01-29 13:43:17,996 INFO c.h.h.t.HelmChartContainer - [hivemq-test-hivemq-platform] [hivemq-platform-operator] [1d56d045] 13:43:17.992 [ReconcilerExecutor-hivemq-controller-121] DEBUG c.h.p.o.HiveMQPlatformReconciler - [helmcont] Custom Resource Spec (replicas: 1) (extensions: 1)
2025-01-29 13:43:17,998 INFO c.h.h.t.HelmChartContainer - [hivemq-test-hivemq-platform] [hivemq-platform-operator] [1d56d045] 13:43:17.997 [ReconcilerExecutor-hivemq-controller-121] DEBUG c.h.p.o.HiveMQPlatformReconciler - [helmcont] StatefulSet Status (revision: test-hivemq-platform-85948b8786, replicas: 2, available: 1, ready: 1, current: 1, updated: 1)
2025-01-29 13:43:18,000 INFO c.h.h.t.HelmChartContainer - [hivemq-test-hivemq-platform] [hivemq-platform-operator] [1d56d045] 13:43:17.997 [ReconcilerExecutor-hivemq-controller-121] DEBUG c.h.p.o.HiveMQPlatformReconciler - [helmcont] StatefulSet Spec (replicas: 2, init containers: 1, containers: 1, volumes: 3)
2025-01-29 13:43:18,000 INFO c.h.h.t.HelmChartContainer - [hivemq-test-hivemq-platform] [hivemq-platform-operator] [1d56d045] 13:43:17.999 [ReconcilerExecutor-hivemq-controller-121] DEBUG c.h.p.o.h.HiveMQPlatformReconcilerErrorHandler - [helmcont] Pod 'test-hivemq-platform-1' phase Running
2025-01-29 13:43:18,066 INFO c.h.h.t.HelmChartContainer - [hivemq-test-hivemq-platform] [hivemq-platform-operator] [1d56d045] 13:43:18.064 [ReconcilerExecutor-hivemq-controller-121] DEBUG c.h.p.o.h.HiveMQPlatformReconcilerErrorHandler - [helmcont] Pod 'test-hivemq-platform-0' phase Running
2025-01-29 13:43:18,067 INFO c.h.h.t.HelmChartContainer - [hivemq-test-hivemq-platform] [hivemq-platform-operator] [1d56d045] 13:43:18.065 [ReconcilerExecutor-hivemq-controller-121] DEBUG c.h.p.o.h.HiveMQPlatformReconcilerRollingRestartHandler - [helmcont] Rolling restart is waiting for 1 of 2 replicas
2025-01-29 13:43:18,979 INFO c.h.h.t.HelmChartContainer - [EVENT] Warning [Unhealthy] Readiness probe failed: HTTP probe failed with statuscode: 503 [helmcontainersecuritycontextupgradeplatformit:test-hivemq-platform-1]
2025-01-29 13:43:18,979 INFO c.h.h.t.HelmChartContainer - Received Unhealthy event for container hivemq in pod test-hivemq-platform-1 [5f518429-9ca8-4f65-9ff9-76fa81e47f51]
2025-01-29 13:43:19,475 INFO c.h.h.t.HelmChartContainer - [test-hivemq-platform] [hivemq] [5f518429] INFO  - [HiveMQ Platform Operator Init App 1.7.0-SNAPSHOT] Updating Pod HiveMQ Platform Operator Init App version annotation (version: 1.7.0-SNAPSHOT)
2025-01-29 13:43:19,791 INFO c.h.h.t.HelmChartContainer - [POD] test-hivemq-platform-1 [5f518429-9ca8-4f65-9ff9-76fa81e47f51] in helmcontainersecuritycontextupgradeplatformit was MODIFIED
2025-01-29 13:43:19,800 INFO c.h.h.t.HelmChartContainer - [hivemq-test-hivemq-platform] [hivemq-platform-operator] [1d56d045] 13:43:19.798 [pool-6-thread-31] DEBUG c.h.p.o.d.PlatformServiceResource - [helmcont] Desired Platform services (3 services)
2025-01-29 13:43:19,803 INFO c.h.h.t.HelmChartContainer - [EVENT] Warning [Unhealthy] Readiness probe failed: HTTP probe failed with statuscode: 503 [helmcontainersecuritycontextupgradeplatformit:test-hivemq-platform-1]
2025-01-29 13:43:19,803 INFO c.h.h.t.HelmChartContainer - Received Unhealthy event for container hivemq in pod test-hivemq-platform-1 [5f518429-9ca8-4f65-9ff9-76fa81e47f51]
2025-01-29 13:43:19,807 INFO c.h.h.t.HelmChartContainer - [hivemq-test-hivemq-platform] [hivemq-platform-operator] [1d56d045] 13:43:19.800 [pool-6-thread-37] DEBUG c.h.p.o.d.PodServiceAccountResource - [helmcont] Desired PodServiceAccountResource (serviceAccountName: hivemq-platform-pod-test-hivemq-platform)
2025-01-29 13:43:19,809 INFO c.h.h.t.HelmChartContainer - [hivemq-test-hivemq-platform] [hivemq-platform-operator] [1d56d045] 13:43:19.801 [pool-6-thread-35] DEBUG c.h.p.o.dependants.PodInfoConfigMap - [helmcont] Desired PodInfo ConfigMap (1 extensions) (1 enabled)
2025-01-29 13:43:19,809 INFO c.h.h.t.HelmChartContainer - [hivemq-test-hivemq-platform] [hivemq-platform-operator] [1d56d045] 13:43:19.805 [pool-6-thread-35] DEBUG c.h.p.o.dependants.PodInfoConfigMap - [helmcont] Desired PodInfo ConfigMap (metrics port: 9399) (metrics path: /)
2025-01-29 13:43:19,809 INFO c.h.h.t.HelmChartContainer - [hivemq-test-hivemq-platform] [hivemq-platform-operator] [1d56d045] 13:43:19.805 [pool-6-thread-35] DEBUG c.h.p.o.dependants.PodInfoConfigMap - [helmcont] Desired PodInfo ConfigMap (extension state hash: -1817474005)
2025-01-29 13:43:19,811 INFO c.h.h.t.HelmChartContainer - [hivemq-test-hivemq-platform] [hivemq-platform-operator] [1d56d045] 13:43:19.809 [pool-6-thread-31] DEBUG c.h.p.o.d.StatefulSetResource - [helmcont] Desired StatefulSet (2 replicas) for status ROLLING_RESTART (SURGE_IN_PROGRESS)
2025-01-29 13:43:19,865 INFO c.h.h.t.HelmChartContainer - [hivemq-test-hivemq-platform] [hivemq-platform-operator] [1d56d045] 13:43:19.863 [ReconcilerExecutor-hivemq-controller-122] INFO  c.h.p.o.HiveMQPlatformReconciler - [helmcont] Reconciling HiveMQ Platform 'test-hivemq-platform' in namespace 'helmcontainersecuritycontextupgradeplatformit'
2025-01-29 13:43:19,866 INFO c.h.h.t.HelmChartContainer - [hivemq-test-hivemq-platform] [hivemq-platform-operator] [1d56d045] 13:43:19.864 [ReconcilerExecutor-hivemq-controller-122] DEBUG c.h.p.o.HiveMQPlatformReconciler - [helmcont] Custom Resource Status ROLLING_RESTART - HiveMQ Platform is starting a surge Pod (rolling restart) (SURGE_IN_PROGRESS)
2025-01-29 13:43:19,866 INFO c.h.h.t.HelmChartContainer - [hivemq-test-hivemq-platform] [hivemq-platform-operator] [1d56d045] 13:43:19.864 [ReconcilerExecutor-hivemq-controller-122] DEBUG c.h.p.o.HiveMQPlatformReconciler - [helmcont] Custom Resource Spec (replicas: 1) (extensions: 1)
2025-01-29 13:43:19,868 INFO c.h.h.t.HelmChartContainer - [hivemq-test-hivemq-platform] [hivemq-platform-operator] [1d56d045] 13:43:19.866 [ReconcilerExecutor-hivemq-controller-122] DEBUG c.h.p.o.HiveMQPlatformReconciler - [helmcont] StatefulSet Status (revision: test-hivemq-platform-85948b8786, replicas: 2, available: 1, ready: 1, current: 1, updated: 1)
2025-01-29 13:43:19,868 INFO c.h.h.t.HelmChartContainer - [hivemq-test-hivemq-platform] [hivemq-platform-operator] [1d56d045] 13:43:19.866 [ReconcilerExecutor-hivemq-controller-122] DEBUG c.h.p.o.HiveMQPlatformReconciler - [helmcont] StatefulSet Spec (replicas: 2, init containers: 1, containers: 1, volumes: 3)
2025-01-29 13:43:19,869 INFO c.h.h.t.HelmChartContainer - [hivemq-test-hivemq-platform] [hivemq-platform-operator] [1d56d045] 13:43:19.868 [ReconcilerExecutor-hivemq-controller-122] DEBUG c.h.p.o.h.HiveMQPlatformReconcilerErrorHandler - [helmcont] Pod 'test-hivemq-platform-1' phase Running
2025-01-29 13:43:19,870 INFO c.h.h.t.HelmChartContainer - [hivemq-test-hivemq-platform] [hivemq-platform-operator] [1d56d045] 13:43:19.869 [ReconcilerExecutor-hivemq-controller-122] DEBUG c.h.p.o.h.HiveMQPlatformReconcilerErrorHandler - [helmcont] Pod 'test-hivemq-platform-0' phase Running
2025-01-29 13:43:19,871 INFO c.h.h.t.HelmChartContainer - [hivemq-test-hivemq-platform] [hivemq-platform-operator] [1d56d045] 13:43:19.870 [ReconcilerExecutor-hivemq-controller-122] DEBUG c.h.p.o.h.HiveMQPlatformReconcilerRollingRestartHandler - [helmcont] Rolling restart is waiting for 1 of 2 replicas
2025-01-29 13:43:19,876 INFO c.h.h.t.HelmChartContainer - [test-hivemq-platform] [hivemq] [5f518429] INFO  - [HiveMQ Platform Operator Init App 1.7.0-SNAPSHOT] Successfully updated Pod HiveMQ Platform Operator Init App version annotation (version: 1.7.0-SNAPSHOT)
2025-01-29 13:43:24,797 INFO c.h.h.t.HelmChartContainer - [EVENT] Warning [Unhealthy] Readiness probe failed: HTTP probe failed with statuscode: 503 [helmcontainersecuritycontextupgradeplatformit:test-hivemq-platform-1]
2025-01-29 13:43:24,797 INFO c.h.h.t.HelmChartContainer - Received Unhealthy event for container hivemq in pod test-hivemq-platform-1 [5f518429-9ca8-4f65-9ff9-76fa81e47f51]
2025-01-29 13:43:27,193 INFO c.h.h.t.HelmChartContainer - [test-hivemq-platform] [hivemq] [5f518429] INFO  - [HiveMQ Platform Operator Init App 1.7.0-SNAPSHOT] Proceeding with container start
2025-01-29 13:43:27,196 INFO c.h.h.t.HelmChartContainer - [test-hivemq-platform] [hivemq] [5f518429] INFO  - [HiveMQ Platform Operator Init App 1.7.0-SNAPSHOT] Initializing HiveMQ Platform extensions with initial configuration: {hivemq-allow-all-extension={start-priority=-1, skip-https-hostname-verification=false, restart=true, config-version=0, header-version=0, c-uri=, priority=-1, uri=preinstalled, skip-https-certificate-validation=false, enabled=true}, hivemq-prometheus-extension={restart=true, enabled=true, request-header-path=no-request-headers, uri=preinstalled, skip-https-certificate-validation=false, skip-https-hostname-verification=false, c-uri=, start-priority=-1, priority=-1}}
2025-01-29 13:43:27,591 INFO c.h.h.t.HelmChartContainer - [test-hivemq-platform] [hivemq] [5f518429] INFO  - [HiveMQ Platform Operator Init App 1.7.0-SNAPSHOT] Extension hivemq-allow-all-extension was already enabled
2025-01-29 13:43:27,682 INFO c.h.h.t.HelmChartContainer - [test-hivemq-platform] [hivemq] [5f518429] INFO  - [HiveMQ Platform Operator Init App 1.7.0-SNAPSHOT] Successfully enabled extension hivemq-prometheus-extension
2025-01-29 13:43:27,684 INFO c.h.h.t.HelmChartContainer - [test-hivemq-platform] [hivemq] [5f518429] INFO  - [HiveMQ Platform Operator Init App 1.7.0-SNAPSHOT] Starting HiveMQ Platform version 4.36.0 (4.36.0)
2025-01-29 13:43:27,684 INFO c.h.h.t.HelmChartContainer - [test-hivemq-platform] [hivemq] [5f518429] INFO  - [HiveMQ Platform Operator Init App 1.7.0-SNAPSHOT] Configuring the HiveMQ Platform
2025-01-29 13:43:27,777 INFO c.h.h.t.HelmChartContainer - [test-hivemq-platform] [hivemq] [5f518429] INFO  - [HiveMQ Platform Operator Init App 1.7.0-SNAPSHOT] Changed logback.xml file scan period to 20 seconds
2025-01-29 13:43:27,787 INFO c.h.h.t.HelmChartContainer - [test-hivemq-platform] [hivemq] [5f518429] INFO  - [HiveMQ Platform Operator Init App 1.7.0-SNAPSHOT] Starting the HiveMQ Platform
2025-01-29 13:43:27,877 INFO c.h.h.t.HelmChartContainer - [test-hivemq-platform] [hivemq] [5f518429] -------------------------------------------------------------------------
2025-01-29 13:43:27,877 INFO c.h.h.t.HelmChartContainer - [test-hivemq-platform] [hivemq] [5f518429] 
2025-01-29 13:43:27,877 INFO c.h.h.t.HelmChartContainer - [test-hivemq-platform] [hivemq] [5f518429]                   _    _  _              __  __   ____
2025-01-29 13:43:27,877 INFO c.h.h.t.HelmChartContainer - [test-hivemq-platform] [hivemq] [5f518429]                  | |  | |(_)            |  \/  | / __ \
2025-01-29 13:43:27,877 INFO c.h.h.t.HelmChartContainer - [test-hivemq-platform] [hivemq] [5f518429]                  | |__| | _ __   __ ___ | \  / || |  | |
2025-01-29 13:43:27,877 INFO c.h.h.t.HelmChartContainer - [test-hivemq-platform] [hivemq] [5f518429]                  |  __  || |\ \ / // _ \| |\/| || |  | |
2025-01-29 13:43:27,877 INFO c.h.h.t.HelmChartContainer - [test-hivemq-platform] [hivemq] [5f518429]                  | |  | || | \ V /|  __/| |  | || |__| |
2025-01-29 13:43:27,877 INFO c.h.h.t.HelmChartContainer - [test-hivemq-platform] [hivemq] [5f518429]                  |_|  |_||_|  \_/  \___||_|  |_| \___\_\
2025-01-29 13:43:27,877 INFO c.h.h.t.HelmChartContainer - [test-hivemq-platform] [hivemq] [5f518429] 
2025-01-29 13:43:27,877 INFO c.h.h.t.HelmChartContainer - [test-hivemq-platform] [hivemq] [5f518429] -------------------------------------------------------------------------
2025-01-29 13:43:27,877 INFO c.h.h.t.HelmChartContainer - [test-hivemq-platform] [hivemq] [5f518429] 
2025-01-29 13:43:27,877 INFO c.h.h.t.HelmChartContainer - [test-hivemq-platform] [hivemq] [5f518429]   HiveMQ Start Script for Linux/Unix v1.14
2025-01-29 13:43:27,877 INFO c.h.h.t.HelmChartContainer - [test-hivemq-platform] [hivemq] [5f518429] 
2025-01-29 13:43:27,983 INFO c.h.h.t.HelmChartContainer - [test-hivemq-platform] [hivemq] [5f518429] -------------------------------------------------------------------------
2025-01-29 13:43:27,983 INFO c.h.h.t.HelmChartContainer - [test-hivemq-platform] [hivemq] [5f518429] 
2025-01-29 13:43:27,983 INFO c.h.h.t.HelmChartContainer - [test-hivemq-platform] [hivemq] [5f518429]   HIVEMQ_HOME: /opt/hivemq
2025-01-29 13:43:27,983 INFO c.h.h.t.HelmChartContainer - [test-hivemq-platform] [hivemq] [5f518429] 
2025-01-29 13:43:27,983 INFO c.h.h.t.HelmChartContainer - [test-hivemq-platform] [hivemq] [5f518429]   JAVA_OPTS: -XX:+UnlockExperimentalVMOptions -XX:InitialRAMPercentage=50 -XX:MaxRAMPercentage=50 -Djava.net.preferIPv4Stack=true --add-opens java.base/java.lang=ALL-UNNAMED --add-opens java.base/java.nio=ALL-UNNAMED --add-opens java.base/sun.nio.ch=ALL-UNNAMED --add-opens jdk.management/com.sun.management.internal=ALL-UNNAMED --add-exports java.base/jdk.internal.misc=ALL-UNNAMED -Djava.security.egd=file:/dev/./urandom -Dcom.sun.management.jmxremote -Dcom.sun.management.jmxremote.port=9010 -Dcom.sun.management.jmxremote.local.only=false -Dcom.sun.management.jmxremote.authenticate=false -Dcom.sun.management.jmxremote.ssl=false -Duser.language=en -Duser.region=US -XX:+CrashOnOutOfMemoryError -XX:+HeapDumpOnOutOfMemoryError
2025-01-29 13:43:27,983 INFO c.h.h.t.HelmChartContainer - [test-hivemq-platform] [hivemq] [5f518429] 
2025-01-29 13:43:27,983 INFO c.h.h.t.HelmChartContainer - [test-hivemq-platform] [hivemq] [5f518429]   JAVA_VERSION: 21
2025-01-29 13:43:27,983 INFO c.h.h.t.HelmChartContainer - [test-hivemq-platform] [hivemq] [5f518429] 
2025-01-29 13:43:27,983 INFO c.h.h.t.HelmChartContainer - [test-hivemq-platform] [hivemq] [5f518429] -------------------------------------------------------------------------
2025-01-29 13:43:27,983 INFO c.h.h.t.HelmChartContainer - [test-hivemq-platform] [hivemq] [5f518429] 
2025-01-29 13:43:29,876 INFO c.h.h.t.HelmChartContainer - [hivemq-test-hivemq-platform] [hivemq-platform-operator] [1d56d045] 13:43:29.873 [pool-6-thread-45] DEBUG c.h.p.o.d.PlatformServiceResource - [helmcont] Desired Platform services (3 services)
2025-01-29 13:43:29,876 INFO c.h.h.t.HelmChartContainer - [hivemq-test-hivemq-platform] [hivemq-platform-operator] [1d56d045] 13:43:29.873 [pool-6-thread-44] DEBUG c.h.p.o.dependants.PodInfoConfigMap - [helmcont] Desired PodInfo ConfigMap (1 extensions) (1 enabled)
2025-01-29 13:43:29,876 INFO c.h.h.t.HelmChartContainer - [hivemq-test-hivemq-platform] [hivemq-platform-operator] [1d56d045] 13:43:29.873 [pool-6-thread-44] DEBUG c.h.p.o.dependants.PodInfoConfigMap - [helmcont] Desired PodInfo ConfigMap (metrics port: 9399) (metrics path: /)
2025-01-29 13:43:29,876 INFO c.h.h.t.HelmChartContainer - [hivemq-test-hivemq-platform] [hivemq-platform-operator] [1d56d045] 13:43:29.873 [pool-6-thread-44] DEBUG c.h.p.o.dependants.PodInfoConfigMap - [helmcont] Desired PodInfo ConfigMap (extension state hash: -1817474005)
2025-01-29 13:43:29,879 INFO c.h.h.t.HelmChartContainer - [hivemq-test-hivemq-platform] [hivemq-platform-operator] [1d56d045] 13:43:29.878 [pool-6-thread-44] DEBUG c.h.p.o.d.PodServiceAccountResource - [helmcont] Desired PodServiceAccountResource (serviceAccountName: hivemq-platform-pod-test-hivemq-platform)
2025-01-29 13:43:29,885 INFO c.h.h.t.HelmChartContainer - [hivemq-test-hivemq-platform] [hivemq-platform-operator] [1d56d045] 13:43:29.884 [pool-6-thread-50] DEBUG c.h.p.o.d.StatefulSetResource - [helmcont] Desired StatefulSet (2 replicas) for status ROLLING_RESTART (SURGE_IN_PROGRESS)
2025-01-29 13:43:29,886 INFO c.h.h.t.HelmChartContainer - [EVENT] Warning [Unhealthy] Readiness probe failed: HTTP probe failed with statuscode: 503 [helmcontainersecuritycontextupgradeplatformit:test-hivemq-platform-1]
2025-01-29 13:43:29,887 INFO c.h.h.t.HelmChartContainer - Received Unhealthy event for container hivemq in pod test-hivemq-platform-1 [5f518429-9ca8-4f65-9ff9-76fa81e47f51]
2025-01-29 13:43:29,898 INFO c.h.h.t.HelmChartContainer - [hivemq-test-hivemq-platform] [hivemq-platform-operator] [1d56d045] 13:43:29.889 [ReconcilerExecutor-hivemq-controller-123] INFO  c.h.p.o.HiveMQPlatformReconciler - [helmcont] Reconciling HiveMQ Platform 'test-hivemq-platform' in namespace 'helmcontainersecuritycontextupgradeplatformit'
2025-01-29 13:43:29,898 INFO c.h.h.t.HelmChartContainer - [hivemq-test-hivemq-platform] [hivemq-platform-operator] [1d56d045] 13:43:29.889 [ReconcilerExecutor-hivemq-controller-123] DEBUG c.h.p.o.HiveMQPlatformReconciler - [helmcont] Custom Resource Status ROLLING_RESTART - HiveMQ Platform is starting a surge Pod (rolling restart) (SURGE_IN_PROGRESS)
2025-01-29 13:43:29,898 INFO c.h.h.t.HelmChartContainer - [hivemq-test-hivemq-platform] [hivemq-platform-operator] [1d56d045] 13:43:29.889 [ReconcilerExecutor-hivemq-controller-123] DEBUG c.h.p.o.HiveMQPlatformReconciler - [helmcont] Custom Resource Spec (replicas: 1) (extensions: 1)
2025-01-29 13:43:29,899 INFO c.h.h.t.HelmChartContainer - [hivemq-test-hivemq-platform] [hivemq-platform-operator] [1d56d045] 13:43:29.890 [ReconcilerExecutor-hivemq-controller-123] DEBUG c.h.p.o.HiveMQPlatformReconciler - [helmcont] StatefulSet Status (revision: test-hivemq-platform-85948b8786, replicas: 2, available: 1, ready: 1, current: 1, updated: 1)
2025-01-29 13:43:29,900 INFO c.h.h.t.HelmChartContainer - [hivemq-test-hivemq-platform] [hivemq-platform-operator] [1d56d045] 13:43:29.890 [ReconcilerExecutor-hivemq-controller-123] DEBUG c.h.p.o.HiveMQPlatformReconciler - [helmcont] StatefulSet Spec (replicas: 2, init containers: 1, containers: 1, volumes: 3)
2025-01-29 13:43:29,900 INFO c.h.h.t.HelmChartContainer - [hivemq-test-hivemq-platform] [hivemq-platform-operator] [1d56d045] 13:43:29.892 [ReconcilerExecutor-hivemq-controller-123] DEBUG c.h.p.o.h.HiveMQPlatformReconcilerErrorHandler - [helmcont] Pod 'test-hivemq-platform-1' phase Running
2025-01-29 13:43:29,900 INFO c.h.h.t.HelmChartContainer - [hivemq-test-hivemq-platform] [hivemq-platform-operator] [1d56d045] 13:43:29.897 [ReconcilerExecutor-hivemq-controller-123] DEBUG c.h.p.o.h.HiveMQPlatformReconcilerErrorHandler - [helmcont] Pod 'test-hivemq-platform-0' phase Running
2025-01-29 13:43:29,900 INFO c.h.h.t.HelmChartContainer - [hivemq-test-hivemq-platform] [hivemq-platform-operator] [1d56d045] 13:43:29.898 [ReconcilerExecutor-hivemq-controller-123] DEBUG c.h.p.o.h.HiveMQPlatformReconcilerRollingRestartHandler - [helmcont] Rolling restart is waiting for 1 of 2 replicas
2025-01-29 13:43:30,579 INFO c.h.h.t.HelmChartContainer - [test-hivemq-platform] [hivemq] [5f518429] INFO  - Starting HiveMQ Enterprise Server
2025-01-29 13:43:30,584 INFO c.h.h.t.HelmChartContainer - [test-hivemq-platform] [hivemq] [5f518429] INFO  - HiveMQ version: 4.36.0
2025-01-29 13:43:30,584 INFO c.h.h.t.HelmChartContainer - [test-hivemq-platform] [hivemq] [5f518429] INFO  - HiveMQ home directory: /opt/hivemq
2025-01-29 13:43:30,585 INFO c.h.h.t.HelmChartContainer - [test-hivemq-platform] [hivemq] [5f518429] INFO  - Log Configuration was overridden by /opt/hivemq/conf/logback.xml
2025-01-29 13:43:31,973 INFO c.h.h.t.HelmChartContainer - [test-hivemq-platform] [hivemq] [5f518429] INFO  - Successfully loaded configuration from '/opt/hivemq/conf-k8s/config.xml'.
2025-01-29 13:43:32,377 INFO c.h.h.t.HelmChartContainer - [test-hivemq-platform] [hivemq] [5f518429] INFO  - This node's ID is zjsgn
2025-01-29 13:43:32,378 INFO c.h.h.t.HelmChartContainer - [test-hivemq-platform] [hivemq] [5f518429] INFO  - Clustering is enabled
2025-01-29 13:43:34,984 INFO c.h.h.t.HelmChartContainer - [test-hivemq-platform] [hivemq] [5f518429] WARN  - [HiveMQ Platform Operator Init App 1.7.0-SNAPSHOT] Cannot connect to Health API for readiness: null
2025-01-29 13:43:35,075 INFO c.h.h.t.HelmChartContainer - [EVENT] Warning [Unhealthy] Readiness probe failed: HTTP probe failed with statuscode: 503 [helmcontainersecuritycontextupgradeplatformit:test-hivemq-platform-1]
2025-01-29 13:43:35,075 INFO c.h.h.t.HelmChartContainer - Received Unhealthy event for container hivemq in pod test-hivemq-platform-1 [5f518429-9ca8-4f65-9ff9-76fa81e47f51]
2025-01-29 13:43:36,276 INFO c.h.h.t.HelmChartContainer - [test-hivemq-platform] [hivemq] [5f518429] WARN  - [HiveMQ Platform Operator Init App 1.7.0-SNAPSHOT] Cannot connect to Health API for liveness: null
2025-01-29 13:43:36,276 INFO c.h.h.t.HelmChartContainer - [test-hivemq-platform] [hivemq] [5f518429] INFO  - [HiveMQ Platform Operator Init App 1.7.0-SNAPSHOT] Returning default Health API response 200 for liveness
2025-01-29 13:43:39,878 INFO c.h.h.t.HelmChartContainer - [test-hivemq-platform] [hivemq] [5f518429] WARN  - [HiveMQ Platform Operator Init App 1.7.0-SNAPSHOT] Cannot connect to Health API for readiness: null
2025-01-29 13:43:39,883 INFO c.h.h.t.HelmChartContainer - [EVENT] Warning [Unhealthy] Readiness probe failed: HTTP probe failed with statuscode: 503 [helmcontainersecuritycontextupgradeplatformit:test-hivemq-platform-1]
2025-01-29 13:43:39,883 INFO c.h.h.t.HelmChartContainer - Received Unhealthy event for container hivemq in pod test-hivemq-platform-1 [5f518429-9ca8-4f65-9ff9-76fa81e47f51]
2025-01-29 13:43:39,904 INFO c.h.h.t.HelmChartContainer - [hivemq-test-hivemq-platform] [hivemq-platform-operator] [1d56d045] 13:43:39.902 [pool-6-thread-7] DEBUG c.h.p.o.d.PlatformServiceResource - [helmcont] Desired Platform services (3 services)
2025-01-29 13:43:39,906 INFO c.h.h.t.HelmChartContainer - [hivemq-test-hivemq-platform] [hivemq-platform-operator] [1d56d045] 13:43:39.903 [pool-6-thread-2] DEBUG c.h.p.o.dependants.PodInfoConfigMap - [helmcont] Desired PodInfo ConfigMap (1 extensions) (1 enabled)
2025-01-29 13:43:39,907 INFO c.h.h.t.HelmChartContainer - [hivemq-test-hivemq-platform] [hivemq-platform-operator] [1d56d045] 13:43:39.903 [pool-6-thread-2] DEBUG c.h.p.o.dependants.PodInfoConfigMap - [helmcont] Desired PodInfo ConfigMap (metrics port: 9399) (metrics path: /)
2025-01-29 13:43:39,907 INFO c.h.h.t.HelmChartContainer - [hivemq-test-hivemq-platform] [hivemq-platform-operator] [1d56d045] 13:43:39.903 [pool-6-thread-2] DEBUG c.h.p.o.dependants.PodInfoConfigMap - [helmcont] Desired PodInfo ConfigMap (extension state hash: -1817474005)
2025-01-29 13:43:39,907 INFO c.h.h.t.HelmChartContainer - [hivemq-test-hivemq-platform] [hivemq-platform-operator] [1d56d045] 13:43:39.904 [pool-6-thread-4] DEBUG c.h.p.o.d.PodServiceAccountResource - [helmcont] Desired PodServiceAccountResource (serviceAccountName: hivemq-platform-pod-test-hivemq-platform)
2025-01-29 13:43:39,909 INFO c.h.h.t.HelmChartContainer - [hivemq-test-hivemq-platform] [hivemq-platform-operator] [1d56d045] 13:43:39.908 [pool-6-thread-9] DEBUG c.h.p.o.d.StatefulSetResource - [helmcont] Desired StatefulSet (2 replicas) for status ROLLING_RESTART (SURGE_IN_PROGRESS)
2025-01-29 13:43:39,918 INFO c.h.h.t.HelmChartContainer - [hivemq-test-hivemq-platform] [hivemq-platform-operator] [1d56d045] 13:43:39.914 [ReconcilerExecutor-hivemq-controller-124] INFO  c.h.p.o.HiveMQPlatformReconciler - [helmcont] Reconciling HiveMQ Platform 'test-hivemq-platform' in namespace 'helmcontainersecuritycontextupgradeplatformit'
2025-01-29 13:43:39,918 INFO c.h.h.t.HelmChartContainer - [hivemq-test-hivemq-platform] [hivemq-platform-operator] [1d56d045] 13:43:39.915 [ReconcilerExecutor-hivemq-controller-124] DEBUG c.h.p.o.HiveMQPlatformReconciler - [helmcont] Custom Resource Status ROLLING_RESTART - HiveMQ Platform is starting a surge Pod (rolling restart) (SURGE_IN_PROGRESS)
2025-01-29 13:43:39,918 INFO c.h.h.t.HelmChartContainer - [hivemq-test-hivemq-platform] [hivemq-platform-operator] [1d56d045] 13:43:39.915 [ReconcilerExecutor-hivemq-controller-124] DEBUG c.h.p.o.HiveMQPlatformReconciler - [helmcont] Custom Resource Spec (replicas: 1) (extensions: 1)
2025-01-29 13:43:39,918 INFO c.h.h.t.HelmChartContainer - [hivemq-test-hivemq-platform] [hivemq-platform-operator] [1d56d045] 13:43:39.916 [ReconcilerExecutor-hivemq-controller-124] DEBUG c.h.p.o.HiveMQPlatformReconciler - [helmcont] StatefulSet Status (revision: test-hivemq-platform-85948b8786, replicas: 2, available: 1, ready: 1, current: 1, updated: 1)
2025-01-29 13:43:39,919 INFO c.h.h.t.HelmChartContainer - [hivemq-test-hivemq-platform] [hivemq-platform-operator] [1d56d045] 13:43:39.916 [ReconcilerExecutor-hivemq-controller-124] DEBUG c.h.p.o.HiveMQPlatformReconciler - [helmcont] StatefulSet Spec (replicas: 2, init containers: 1, containers: 1, volumes: 3)
2025-01-29 13:43:39,919 INFO c.h.h.t.HelmChartContainer - [hivemq-test-hivemq-platform] [hivemq-platform-operator] [1d56d045] 13:43:39.917 [ReconcilerExecutor-hivemq-controller-124] DEBUG c.h.p.o.h.HiveMQPlatformReconcilerErrorHandler - [helmcont] Pod 'test-hivemq-platform-1' phase Running
2025-01-29 13:43:39,920 INFO c.h.h.t.HelmChartContainer - [hivemq-test-hivemq-platform] [hivemq-platform-operator] [1d56d045] 13:43:39.918 [ReconcilerExecutor-hivemq-controller-124] DEBUG c.h.p.o.h.HiveMQPlatformReconcilerErrorHandler - [helmcont] Pod 'test-hivemq-platform-0' phase Running
2025-01-29 13:43:39,920 INFO c.h.h.t.HelmChartContainer - [hivemq-test-hivemq-platform] [hivemq-platform-operator] [1d56d045] 13:43:39.919 [ReconcilerExecutor-hivemq-controller-124] DEBUG c.h.p.o.h.HiveMQPlatformReconcilerRollingRestartHandler - [helmcont] Rolling restart is waiting for 1 of 2 replicas
2025-01-29 13:43:40,505 INFO c.h.h.t.HelmChartContainer - [K3S] [range_allocator.go:247] "Successfully synced" key="ddd52fe05997"
2025-01-29 13:43:44,878 INFO c.h.h.t.HelmChartContainer - [test-hivemq-platform] [hivemq] [5f518429] WARN  - [HiveMQ Platform Operator Init App 1.7.0-SNAPSHOT] Cannot connect to Health API for readiness: null
2025-01-29 13:43:44,885 INFO c.h.h.t.HelmChartContainer - [EVENT] Warning [Unhealthy] Readiness probe failed: HTTP probe failed with statuscode: 503 [helmcontainersecuritycontextupgradeplatformit:test-hivemq-platform-1]
2025-01-29 13:43:44,885 INFO c.h.h.t.HelmChartContainer - Received Unhealthy event for container hivemq in pod test-hivemq-platform-1 [5f518429-9ca8-4f65-9ff9-76fa81e47f51]
2025-01-29 13:43:45,681 INFO c.h.h.t.HelmChartContainer - [test-hivemq-platform] [hivemq] [5f518429] INFO  - No valid license file found. Using trial license, restricted to 25 connections.
2025-01-29 13:43:48,988 INFO c.h.h.t.HelmChartContainer - [test-hivemq-platform] [hivemq] [5f518429] INFO  - No valid license file for Data Hub found. Using free license, restricted to 1 policy.
2025-01-29 13:43:49,881 INFO c.h.h.t.HelmChartContainer - [test-hivemq-platform] [hivemq] [5f518429] WARN  - [HiveMQ Platform Operator Init App 1.7.0-SNAPSHOT] Cannot connect to Health API for readiness: null
2025-01-29 13:43:49,885 INFO c.h.h.t.HelmChartContainer - [EVENT] Warning [Unhealthy] Readiness probe failed: HTTP probe failed with statuscode: 503 [helmcontainersecuritycontextupgradeplatformit:test-hivemq-platform-1]
2025-01-29 13:43:49,885 INFO c.h.h.t.HelmChartContainer - Received Unhealthy event for container hivemq in pod test-hivemq-platform-1 [5f518429-9ca8-4f65-9ff9-76fa81e47f51]
2025-01-29 13:43:49,927 INFO c.h.h.t.HelmChartContainer - [hivemq-test-hivemq-platform] [hivemq-platform-operator] [1d56d045] 13:43:49.922 [pool-6-thread-17] DEBUG c.h.p.o.d.PlatformServiceResource - [helmcont] Desired Platform services (3 services)
2025-01-29 13:43:49,928 INFO c.h.h.t.HelmChartContainer - [hivemq-test-hivemq-platform] [hivemq-platform-operator] [1d56d045] 13:43:49.924 [pool-6-thread-16] DEBUG c.h.p.o.d.PodServiceAccountResource - [helmcont] Desired PodServiceAccountResource (serviceAccountName: hivemq-platform-pod-test-hivemq-platform)
2025-01-29 13:43:49,928 INFO c.h.h.t.HelmChartContainer - [hivemq-test-hivemq-platform] [hivemq-platform-operator] [1d56d045] 13:43:49.923 [pool-6-thread-20] DEBUG c.h.p.o.dependants.PodInfoConfigMap - [helmcont] Desired PodInfo ConfigMap (1 extensions) (1 enabled)
2025-01-29 13:43:49,928 INFO c.h.h.t.HelmChartContainer - [hivemq-test-hivemq-platform] [hivemq-platform-operator] [1d56d045] 13:43:49.925 [pool-6-thread-20] DEBUG c.h.p.o.dependants.PodInfoConfigMap - [helmcont] Desired PodInfo ConfigMap (metrics port: 9399) (metrics path: /)
2025-01-29 13:43:49,928 INFO c.h.h.t.HelmChartContainer - [hivemq-test-hivemq-platform] [hivemq-platform-operator] [1d56d045] 13:43:49.925 [pool-6-thread-20] DEBUG c.h.p.o.dependants.PodInfoConfigMap - [helmcont] Desired PodInfo ConfigMap (extension state hash: -1817474005)
2025-01-29 13:43:49,929 INFO c.h.h.t.HelmChartContainer - [hivemq-test-hivemq-platform] [hivemq-platform-operator] [1d56d045] 13:43:49.928 [pool-6-thread-17] DEBUG c.h.p.o.d.StatefulSetResource - [helmcont] Desired StatefulSet (2 replicas) for status ROLLING_RESTART (SURGE_IN_PROGRESS)
2025-01-29 13:43:49,932 INFO c.h.h.t.HelmChartContainer - [hivemq-test-hivemq-platform] [hivemq-platform-operator] [1d56d045] 13:43:49.931 [ReconcilerExecutor-hivemq-controller-125] INFO  c.h.p.o.HiveMQPlatformReconciler - [helmcont] Reconciling HiveMQ Platform 'test-hivemq-platform' in namespace 'helmcontainersecuritycontextupgradeplatformit'
2025-01-29 13:43:49,932 INFO c.h.h.t.HelmChartContainer - [hivemq-test-hivemq-platform] [hivemq-platform-operator] [1d56d045] 13:43:49.931 [ReconcilerExecutor-hivemq-controller-125] DEBUG c.h.p.o.HiveMQPlatformReconciler - [helmcont] Custom Resource Status ROLLING_RESTART - HiveMQ Platform is starting a surge Pod (rolling restart) (SURGE_IN_PROGRESS)
2025-01-29 13:43:49,932 INFO c.h.h.t.HelmChartContainer - [hivemq-test-hivemq-platform] [hivemq-platform-operator] [1d56d045] 13:43:49.931 [ReconcilerExecutor-hivemq-controller-125] DEBUG c.h.p.o.HiveMQPlatformReconciler - [helmcont] Custom Resource Spec (replicas: 1) (extensions: 1)
2025-01-29 13:43:49,933 INFO c.h.h.t.HelmChartContainer - [hivemq-test-hivemq-platform] [hivemq-platform-operator] [1d56d045] 13:43:49.932 [ReconcilerExecutor-hivemq-controller-125] DEBUG c.h.p.o.HiveMQPlatformReconciler - [helmcont] StatefulSet Status (revision: test-hivemq-platform-85948b8786, replicas: 2, available: 1, ready: 1, current: 1, updated: 1)
2025-01-29 13:43:49,934 INFO c.h.h.t.HelmChartContainer - [hivemq-test-hivemq-platform] [hivemq-platform-operator] [1d56d045] 13:43:49.932 [ReconcilerExecutor-hivemq-controller-125] DEBUG c.h.p.o.HiveMQPlatformReconciler - [helmcont] StatefulSet Spec (replicas: 2, init containers: 1, containers: 1, volumes: 3)
2025-01-29 13:43:49,934 INFO c.h.h.t.HelmChartContainer - [hivemq-test-hivemq-platform] [hivemq-platform-operator] [1d56d045] 13:43:49.934 [ReconcilerExecutor-hivemq-controller-125] DEBUG c.h.p.o.h.HiveMQPlatformReconcilerErrorHandler - [helmcont] Pod 'test-hivemq-platform-1' phase Running
2025-01-29 13:43:49,938 INFO c.h.h.t.HelmChartContainer - [hivemq-test-hivemq-platform] [hivemq-platform-operator] [1d56d045] 13:43:49.936 [ReconcilerExecutor-hivemq-controller-125] DEBUG c.h.p.o.h.HiveMQPlatformReconcilerErrorHandler - [helmcont] Pod 'test-hivemq-platform-0' phase Running
2025-01-29 13:43:49,939 INFO c.h.h.t.HelmChartContainer - [hivemq-test-hivemq-platform] [hivemq-platform-operator] [1d56d045] 13:43:49.936 [ReconcilerExecutor-hivemq-controller-125] DEBUG c.h.p.o.h.HiveMQPlatformReconcilerRollingRestartHandler - [helmcont] Rolling restart is waiting for 1 of 2 replicas
2025-01-29 13:43:50,390 INFO c.h.h.t.HelmChartContainer - [test-hivemq-platform] [hivemq] [5f518429] INFO  - Audit Logger started.
2025-01-29 13:43:50,876 INFO c.h.h.t.HelmChartContainer - [test-hivemq-platform] [hivemq] [5f518429] INFO  - This node uses '1' CPU cores.
2025-01-29 13:43:50,882 INFO c.h.h.t.HelmChartContainer - [test-hivemq-platform] [hivemq] [5f518429] INFO  - Starting HiveMQ Health API on address 0.0.0.0 and port 8889
2025-01-29 13:43:51,781 INFO c.h.h.t.HelmChartContainer - [test-hivemq-platform] [hivemq] [5f518429] INFO  - Started HiveMQ Health API in 899ms
2025-01-29 13:43:52,682 INFO c.h.h.t.HelmChartContainer - [test-hivemq-platform] [hivemq] [5f518429] INFO  - Starting HiveMQ extension system.
2025-01-29 13:43:52,938 INFO c.h.h.t.HelmChartContainer - [test-hivemq-platform] [hivemq] [5f518429] INFO  - Starting extension with id "hivemq-dns-cluster-discovery" at /opt/hivemq/extensions/hivemq-dns-cluster-discovery
2025-01-29 13:43:53,487 INFO c.h.h.t.HelmChartContainer - [test-hivemq-platform] [hivemq] [5f518429] INFO  - Using TCP cluster transport on address 10.42.0.11 and port 7000
2025-01-29 13:43:53,577 INFO c.h.h.t.HelmChartContainer - [test-hivemq-platform] [hivemq] [5f518429] INFO  - Using extension cluster discovery
2025-01-29 13:43:53,685 INFO c.h.h.t.HelmChartContainer - [test-hivemq-platform] [hivemq] [5f518429] INFO  - Extension "DNS Cluster Discovery Extension" version 4.3.2 started successfully.
2025-01-29 13:43:53,685 INFO c.h.h.t.HelmChartContainer - [test-hivemq-platform] [hivemq] [5f518429] INFO  - Starting extension with id "hivemq-prometheus-extension" at /opt/hivemq/extensions/hivemq-prometheus-extension
2025-01-29 13:43:54,575 INFO c.h.h.t.HelmChartContainer - [test-hivemq-platform] [hivemq] [5f518429] INFO  - Started Jetty Server exposing Prometheus Servlet on URI http://0.0.0.0:9399/
2025-01-29 13:43:54,575 INFO c.h.h.t.HelmChartContainer - [test-hivemq-platform] [hivemq] [5f518429] INFO  - Extension "Prometheus Monitoring Extension" version 4.0.12 started successfully.
2025-01-29 13:43:54,576 INFO c.h.h.t.HelmChartContainer - [test-hivemq-platform] [hivemq] [5f518429] INFO  - Starting extension with id "hivemq-allow-all-extension" at /opt/hivemq/extensions/hivemq-allow-all-extension
2025-01-29 13:43:54,576 INFO c.h.h.t.HelmChartContainer - [test-hivemq-platform] [hivemq] [5f518429] WARN  - 
2025-01-29 13:43:54,576 INFO c.h.h.t.HelmChartContainer - [test-hivemq-platform] [hivemq] [5f518429] ################################################################################################################
2025-01-29 13:43:54,576 INFO c.h.h.t.HelmChartContainer - [test-hivemq-platform] [hivemq] [5f518429] # This HiveMQ deployment is not secure! You are lacking Authentication and Authorization.                      #
2025-01-29 13:43:54,576 INFO c.h.h.t.HelmChartContainer - [test-hivemq-platform] [hivemq] [5f518429] # Right now any MQTT client can connect to the broker with a full set of permissions.                          #
2025-01-29 13:43:54,576 INFO c.h.h.t.HelmChartContainer - [test-hivemq-platform] [hivemq] [5f518429] # For production usage, add an appropriate security extension and remove the hivemq-allow-all extension.       #
2025-01-29 13:43:54,576 INFO c.h.h.t.HelmChartContainer - [test-hivemq-platform] [hivemq] [5f518429] # You can download security extensions from the HiveMQ Marketplace (https://www.hivemq.com/extensions/).       #
2025-01-29 13:43:54,576 INFO c.h.h.t.HelmChartContainer - [test-hivemq-platform] [hivemq] [5f518429] ################################################################################################################
2025-01-29 13:43:54,576 INFO c.h.h.t.HelmChartContainer - [test-hivemq-platform] [hivemq] [5f518429] INFO  - Extension "Allow All Extension" version 1.1.1 started successfully.
2025-01-29 13:43:54,833 INFO c.h.h.t.HelmChartContainer - [test-hivemq-platform] [hivemq] [35552fea] INFO  - Cluster nodes found by discovery: [oPbKD|1] (2) [oPbKD, zjsgn].
2025-01-29 13:43:54,974 INFO c.h.h.t.HelmChartContainer - [test-hivemq-platform] [hivemq] [5f518429] INFO  - Cluster nodes found by discovery: [oPbKD|1] (2) [oPbKD, zjsgn].
2025-01-29 13:43:55,184 INFO c.h.h.t.HelmChartContainer - [test-hivemq-platform] [hivemq] [5f518429] INFO  - Cluster size = 1, members : [oPbKD].
2025-01-29 13:43:55,836 INFO c.h.h.t.HelmChartContainer - [EVENT] Warning [Unhealthy] Readiness probe failed: Get "http://10.42.0.11:7979/readiness": context deadline exceeded (Client.Timeout exceeded while awaiting headers) [helmcontainersecuritycontextupgradeplatformit:test-hivemq-platform-1]
2025-01-29 13:43:55,837 INFO c.h.h.t.HelmChartContainer - Received Unhealthy event for container hivemq in pod test-hivemq-platform-1 [5f518429-9ca8-4f65-9ff9-76fa81e47f51]
2025-01-29 13:43:55,876 INFO c.h.h.t.HelmChartContainer - [test-hivemq-platform] [hivemq] [5f518429] INFO  - [HiveMQ Platform Operator Init App 1.7.0-SNAPSHOT] Returning Health API response 503 for readiness
2025-01-29 13:43:55,889 INFO c.h.h.t.HelmChartContainer - [test-hivemq-platform] [hivemq] [5f518429] INFO  - Starting cluster join process. This may take a while. Please do not shut down HiveMQ.
2025-01-29 13:43:55,892 INFO c.h.h.t.HelmChartContainer - [test-hivemq-platform] [hivemq] [5f518429] INFO  - Cluster join process is still ongoing. Please do not shut down HiveMQ.
2025-01-29 13:43:57,903 INFO c.h.h.t.HelmChartContainer - [test-hivemq-platform] [hivemq] [35552fea] INFO  - Cluster size = 2, members : [zjsgn, oPbKD].
2025-01-29 13:43:57,912 INFO c.h.h.t.HelmChartContainer - [test-hivemq-platform] [hivemq] [5f518429] INFO  - Cluster size = 2, members : [zjsgn, oPbKD].
2025-01-29 13:43:57,920 INFO c.h.h.t.HelmChartContainer - [test-hivemq-platform] [hivemq] [5f518429] INFO  - Finished cluster join process successfully.
2025-01-29 13:43:57,920 INFO c.h.h.t.HelmChartContainer - [test-hivemq-platform] [hivemq] [5f518429] WARN  - No user for HiveMQ Control Center configured. Starting with default user
2025-01-29 13:43:57,921 INFO c.h.h.t.HelmChartContainer - [test-hivemq-platform] [hivemq] [5f518429] INFO  - Starting HiveMQ Control Center on address 0.0.0.0 and port 8080
2025-01-29 13:43:57,975 INFO c.h.h.t.HelmChartContainer - [test-hivemq-platform] [hivemq] [5f518429] INFO  - Mounting HiveMQ Control Center V2 Preview
2025-01-29 13:43:58,694 INFO c.h.h.t.HelmChartContainer - [test-hivemq-platform] [hivemq] [5f518429] INFO  - Started HiveMQ Control Center in 773ms
2025-01-29 13:43:58,786 INFO c.h.h.t.HelmChartContainer - [test-hivemq-platform] [hivemq] [5f518429] INFO  - Starting TCP listener on address 0.0.0.0 and port 1884
2025-01-29 13:43:58,878 INFO c.h.h.t.HelmChartContainer - [test-hivemq-platform] [hivemq] [5f518429] INFO  - Started TCP Listener on address 0.0.0.0 and on port 1884.
2025-01-29 13:43:58,879 INFO c.h.h.t.HelmChartContainer - [test-hivemq-platform] [hivemq] [5f518429] INFO  - Started HiveMQ in 28690ms
2025-01-29 13:43:59,796 INFO c.h.h.t.HelmChartContainer - [test-hivemq-platform] [hivemq] [5f518429] INFO  - [HiveMQ Platform Operator Init App 1.7.0-SNAPSHOT] Returning Health API response 200 for readiness
2025-01-29 13:43:59,809 INFO c.h.h.t.HelmChartContainer - [POD] test-hivemq-platform-1 [5f518429-9ca8-4f65-9ff9-76fa81e47f51] in helmcontainersecuritycontextupgradeplatformit was MODIFIED
2025-01-29 13:43:59,819 INFO c.h.h.t.HelmChartContainer - [hivemq-test-hivemq-platform] [hivemq-platform-operator] [1d56d045] 13:43:59.815 [pool-6-thread-21] DEBUG c.h.p.o.d.PlatformServiceResource - [helmcont] Desired Platform services (3 services)
2025-01-29 13:43:59,825 INFO c.h.h.t.HelmChartContainer - [hivemq-test-hivemq-platform] [hivemq-platform-operator] [1d56d045] 13:43:59.817 [pool-6-thread-25] DEBUG c.h.p.o.dependants.PodInfoConfigMap - [helmcont] Desired PodInfo ConfigMap (1 extensions) (1 enabled)
2025-01-29 13:43:59,825 INFO c.h.h.t.HelmChartContainer - [hivemq-test-hivemq-platform] [hivemq-platform-operator] [1d56d045] 13:43:59.817 [pool-6-thread-25] DEBUG c.h.p.o.dependants.PodInfoConfigMap - [helmcont] Desired PodInfo ConfigMap (metrics port: 9399) (metrics path: /)
2025-01-29 13:43:59,825 INFO c.h.h.t.HelmChartContainer - [hivemq-test-hivemq-platform] [hivemq-platform-operator] [1d56d045] 13:43:59.817 [pool-6-thread-25] DEBUG c.h.p.o.dependants.PodInfoConfigMap - [helmcont] Desired PodInfo ConfigMap (extension state hash: -1817474005)
2025-01-29 13:43:59,825 INFO c.h.h.t.HelmChartContainer - [hivemq-test-hivemq-platform] [hivemq-platform-operator] [1d56d045] 13:43:59.820 [pool-6-thread-29] DEBUG c.h.p.o.d.PodServiceAccountResource - [helmcont] Desired PodServiceAccountResource (serviceAccountName: hivemq-platform-pod-test-hivemq-platform)
2025-01-29 13:43:59,830 INFO c.h.h.t.HelmChartContainer - [hivemq-test-hivemq-platform] [hivemq-platform-operator] [1d56d045] 13:43:59.825 [pool-6-thread-21] DEBUG c.h.p.o.d.StatefulSetResource - [helmcont] Desired StatefulSet (2 replicas) for status ROLLING_RESTART (SURGE_IN_PROGRESS)
2025-01-29 13:43:59,834 INFO c.h.h.t.HelmChartContainer - [hivemq-test-hivemq-platform] [hivemq-platform-operator] [1d56d045] 13:43:59.831 [ReconcilerExecutor-hivemq-controller-126] INFO  c.h.p.o.HiveMQPlatformReconciler - [helmcont] Reconciling HiveMQ Platform 'test-hivemq-platform' in namespace 'helmcontainersecuritycontextupgradeplatformit'
2025-01-29 13:43:59,834 INFO c.h.h.t.HelmChartContainer - [hivemq-test-hivemq-platform] [hivemq-platform-operator] [1d56d045] 13:43:59.831 [ReconcilerExecutor-hivemq-controller-126] DEBUG c.h.p.o.HiveMQPlatformReconciler - [helmcont] Custom Resource Status ROLLING_RESTART - HiveMQ Platform is starting a surge Pod (rolling restart) (SURGE_IN_PROGRESS)
2025-01-29 13:43:59,834 INFO c.h.h.t.HelmChartContainer - [hivemq-test-hivemq-platform] [hivemq-platform-operator] [1d56d045] 13:43:59.831 [ReconcilerExecutor-hivemq-controller-126] DEBUG c.h.p.o.HiveMQPlatformReconciler - [helmcont] Custom Resource Spec (replicas: 1) (extensions: 1)
2025-01-29 13:43:59,834 INFO c.h.h.t.HelmChartContainer - [hivemq-test-hivemq-platform] [hivemq-platform-operator] [1d56d045] 13:43:59.833 [ReconcilerExecutor-hivemq-controller-126] DEBUG c.h.p.o.HiveMQPlatformReconciler - [helmcont] StatefulSet Status (revision: test-hivemq-platform-85948b8786, replicas: 2, available: 2, ready: 2, current: 1, updated: 1)
2025-01-29 13:43:59,834 INFO c.h.h.t.HelmChartContainer - [hivemq-test-hivemq-platform] [hivemq-platform-operator] [1d56d045] 13:43:59.833 [ReconcilerExecutor-hivemq-controller-126] DEBUG c.h.p.o.HiveMQPlatformReconciler - [helmcont] StatefulSet Spec (replicas: 2, init containers: 1, containers: 1, volumes: 3)
2025-01-29 13:43:59,865 INFO c.h.h.t.HelmChartContainer - [hivemq-test-hivemq-platform] [hivemq-platform-operator] [1d56d045] 13:43:59.864 [ReconcilerExecutor-hivemq-controller-126] DEBUG c.h.p.o.h.HiveMQPlatformReconcilerErrorHandler - [helmcont] Pod 'test-hivemq-platform-1' phase Running
2025-01-29 13:43:59,868 INFO c.h.h.t.HelmChartContainer - [hivemq-test-hivemq-platform] [hivemq-platform-operator] [1d56d045] 13:43:59.867 [ReconcilerExecutor-hivemq-controller-126] DEBUG c.h.p.o.h.HiveMQPlatformReconcilerErrorHandler - [helmcont] Pod 'test-hivemq-platform-0' phase Running
2025-01-29 13:43:59,869 INFO c.h.h.t.HelmChartContainer - [hivemq-test-hivemq-platform] [hivemq-platform-operator] [1d56d045] 13:43:59.868 [ReconcilerExecutor-hivemq-controller-126] INFO  c.h.p.o.h.HiveMQPlatformReconcilerRollingRestartHandler - [helmcont] Surge Pod started successfully
2025-01-29 13:43:59,971 INFO c.h.h.t.HelmChartContainer - [hivemq-test-hivemq-platform] [hivemq-platform-operator] [1d56d045] 13:43:59.968 [ReconcilerExecutor-hivemq-controller-126] DEBUG c.h.p.operator.event.EventSender - [helmcont] Creating K8s event rolling-restart-surge-in-progress: [RollingRestart] HiveMQ Platform is restarting Pods (rolling restart)
2025-01-29 13:43:59,976 INFO c.h.h.t.HelmChartContainer - [EVENT] Normal [RollingRestart] HiveMQ Platform is restarting Pods (rolling restart) [helmcontainersecuritycontextupgradeplatformit:test-hivemq-platform]
2025-01-29 13:43:59,978 INFO c.h.h.t.HelmChartContainer - [hivemq-test-hivemq-platform] [hivemq-platform-operator] [1d56d045] 13:43:59.975 [ReconcilerExecutor-hivemq-controller-126] INFO  c.h.p.o.h.AbstractHiveMQReconcilerStateHandler - [helmcont] Update HiveMQ Platform Status (ROLLING_RESTART [SURGE_IN_PROGRESS] -> ROLLING_RESTART [RESTART_PODS_IN_PROGRESS]): HiveMQ Platform is restarting Pods (rolling restart)
2025-01-29 13:43:59,985 DEBUG com.hivemq.helmcharts.util.K8sUtil - Comparing actual state 'ROLLING_RESTART' and waiting for 'RUNNING'
2025-01-29 13:44:00,068 INFO c.h.h.t.HelmChartContainer - [hivemq-test-hivemq-platform] [hivemq-platform-operator] [1d56d045] 13:44:00.063 [pool-6-thread-40] DEBUG c.h.p.o.d.PlatformServiceResource - [helmcont] Desired Platform services (3 services)
2025-01-29 13:44:00,068 INFO c.h.h.t.HelmChartContainer - [hivemq-test-hivemq-platform] [hivemq-platform-operator] [1d56d045] 13:44:00.064 [pool-6-thread-32] DEBUG c.h.p.o.dependants.PodInfoConfigMap - [helmcont] Desired PodInfo ConfigMap (1 extensions) (1 enabled)
2025-01-29 13:44:00,068 INFO c.h.h.t.HelmChartContainer - [hivemq-test-hivemq-platform] [hivemq-platform-operator] [1d56d045] 13:44:00.064 [pool-6-thread-32] DEBUG c.h.p.o.dependants.PodInfoConfigMap - [helmcont] Desired PodInfo ConfigMap (metrics port: 9399) (metrics path: /)
2025-01-29 13:44:00,068 INFO c.h.h.t.HelmChartContainer - [hivemq-test-hivemq-platform] [hivemq-platform-operator] [1d56d045] 13:44:00.064 [pool-6-thread-32] DEBUG c.h.p.o.dependants.PodInfoConfigMap - [helmcont] Desired PodInfo ConfigMap (extension state hash: -1817474005)
2025-01-29 13:44:00,068 INFO c.h.h.t.HelmChartContainer - [hivemq-test-hivemq-platform] [hivemq-platform-operator] [1d56d045] 13:44:00.065 [pool-6-thread-32] DEBUG c.h.p.o.d.PodServiceAccountResource - [helmcont] Desired PodServiceAccountResource (serviceAccountName: hivemq-platform-pod-test-hivemq-platform)
2025-01-29 13:44:00,070 INFO c.h.h.t.HelmChartContainer - [hivemq-test-hivemq-platform] [hivemq-platform-operator] [1d56d045] 13:44:00.069 [pool-6-thread-39] DEBUG c.h.p.o.d.StatefulSetResource - [helmcont] Desired StatefulSet (2 replicas) for status ROLLING_RESTART (RESTART_PODS_IN_PROGRESS)
2025-01-29 13:44:00,073 INFO c.h.h.t.HelmChartContainer - [hivemq-test-hivemq-platform] [hivemq-platform-operator] [1d56d045] 13:44:00.072 [ReconcilerExecutor-hivemq-controller-127] INFO  c.h.p.o.HiveMQPlatformReconciler - [helmcont] Reconciling HiveMQ Platform 'test-hivemq-platform' in namespace 'helmcontainersecuritycontextupgradeplatformit'
2025-01-29 13:44:00,073 INFO c.h.h.t.HelmChartContainer - [hivemq-test-hivemq-platform] [hivemq-platform-operator] [1d56d045] 13:44:00.072 [ReconcilerExecutor-hivemq-controller-127] DEBUG c.h.p.o.HiveMQPlatformReconciler - [helmcont] Custom Resource Status ROLLING_RESTART - HiveMQ Platform is restarting Pods (rolling restart) (RESTART_PODS_IN_PROGRESS)
2025-01-29 13:44:00,073 INFO c.h.h.t.HelmChartContainer - [hivemq-test-hivemq-platform] [hivemq-platform-operator] [1d56d045] 13:44:00.072 [ReconcilerExecutor-hivemq-controller-127] DEBUG c.h.p.o.HiveMQPlatformReconciler - [helmcont] Custom Resource Spec (replicas: 1) (extensions: 1)
2025-01-29 13:44:00,075 INFO c.h.h.t.HelmChartContainer - [hivemq-test-hivemq-platform] [hivemq-platform-operator] [1d56d045] 13:44:00.074 [ReconcilerExecutor-hivemq-controller-127] DEBUG c.h.p.o.HiveMQPlatformReconciler - [helmcont] StatefulSet Status (revision: test-hivemq-platform-85948b8786, replicas: 2, available: 2, ready: 2, current: 1, updated: 1)
2025-01-29 13:44:00,075 INFO c.h.h.t.HelmChartContainer - [hivemq-test-hivemq-platform] [hivemq-platform-operator] [1d56d045] 13:44:00.074 [ReconcilerExecutor-hivemq-controller-127] DEBUG c.h.p.o.HiveMQPlatformReconciler - [helmcont] StatefulSet Spec (replicas: 2, init containers: 1, containers: 1, volumes: 3)
2025-01-29 13:44:00,079 INFO c.h.h.t.HelmChartContainer - [hivemq-test-hivemq-platform] [hivemq-platform-operator] [1d56d045] 13:44:00.077 [ReconcilerExecutor-hivemq-controller-127] DEBUG c.h.p.o.h.HiveMQPlatformReconcilerErrorHandler - [helmcont] Pod 'test-hivemq-platform-1' phase Running
2025-01-29 13:44:00,079 INFO c.h.h.t.HelmChartContainer - [hivemq-test-hivemq-platform] [hivemq-platform-operator] [1d56d045] 13:44:00.078 [ReconcilerExecutor-hivemq-controller-127] DEBUG c.h.p.o.h.HiveMQPlatformReconcilerErrorHandler - [helmcont] Pod 'test-hivemq-platform-0' phase Running
2025-01-29 13:44:00,266 INFO c.h.h.t.HelmChartContainer - [hivemq-test-hivemq-platform] [hivemq-platform-operator] [1d56d045] 13:44:00.197 [ReconcilerExecutor-hivemq-controller-127] DEBUG c.h.p.o.h.HiveMQPlatformReconcilerRollingRestartHandler - [helmcont] Skipping Pod test-hivemq-platform-1 as it's already on the controller update revision (update revision: test-hivemq-platform-85948b8786, pod revision: test-hivemq-platform-85948b8786)
2025-01-29 13:44:00,280 INFO c.h.h.t.HelmChartContainer - [hivemq-test-hivemq-platform] [hivemq-platform-operator] [1d56d045] 13:44:00.278 [ReconcilerExecutor-hivemq-controller-127] DEBUG c.h.p.o.h.HiveMQPlatformReconcilerRollingRestartHandler - [helmcont] The last Pod is running for 55 seconds, the next Pod can be restarted
2025-01-29 13:44:00,280 INFO c.h.h.t.HelmChartContainer - [hivemq-test-hivemq-platform] [hivemq-platform-operator] [1d56d045] 13:44:00.278 [ReconcilerExecutor-hivemq-controller-127] INFO  c.h.p.o.h.HiveMQPlatformReconcilerRollingRestartHandler - [helmcont] Restarting Pod test-hivemq-platform-0 as it's not matching the controller update revision (update revision: test-hivemq-platform-85948b8786, pod revision: test-hivemq-platform-fc778bc4c)
2025-01-29 13:44:00,291 INFO c.h.h.t.HelmChartContainer - [POD] test-hivemq-platform-0 [35552fea-4afe-4d24-acb9-2a83d459db12] in helmcontainersecuritycontextupgradeplatformit was MODIFIED
2025-01-29 13:44:00,304 INFO c.h.h.t.HelmChartContainer - [test-hivemq-platform] [hivemq] [35552fea] INFO  - [HiveMQ Platform Operator Init App 1.7.0-SNAPSHOT] Shutting down
2025-01-29 13:44:00,304 INFO c.h.h.t.HelmChartContainer - [test-hivemq-platform] [hivemq] [35552fea] INFO  - [HiveMQ Platform Operator Init App 1.7.0-SNAPSHOT] Stopping the HiveMQ Platform
2025-01-29 13:44:00,308 INFO c.h.h.t.HelmChartContainer - [EVENT] Normal [Killing] Stopping container hivemq [helmcontainersecuritycontextupgradeplatformit:test-hivemq-platform-0]
2025-01-29 13:44:00,308 INFO c.h.h.t.HelmChartContainer - Received Killing event for container hivemq in pod test-hivemq-platform-0 [35552fea-4afe-4d24-acb9-2a83d459db12]
2025-01-29 13:44:00,308 INFO c.h.h.t.HelmChartContainer - Container [test-hivemq-platform-0] [hivemq] [35552fea-4afe-4d24-acb9-2a83d459db12] was terminated
2025-01-29 13:44:00,308 INFO c.h.h.t.HelmChartContainer - Stopped log watcher for hivemq in pod test-hivemq-platform-0 [35552fea-4afe-4d24-acb9-2a83d459db12]
2025-01-29 13:44:00,374 INFO c.h.h.t.HelmChartContainer - [test-hivemq-platform] [hivemq] [35552fea] INFO  - Shutting down HiveMQ. Please wait, this could take a while...
2025-01-29 13:44:00,376 INFO c.h.h.t.HelmChartContainer - [hivemq-test-hivemq-platform] [hivemq-platform-operator] [1d56d045] 13:44:00.375 [pool-6-thread-46] DEBUG c.h.p.o.d.PlatformServiceResource - [helmcont] Desired Platform services (3 services)
2025-01-29 13:44:00,378 INFO c.h.h.t.HelmChartContainer - [hivemq-test-hivemq-platform] [hivemq-platform-operator] [1d56d045] 13:44:00.376 [pool-6-thread-43] DEBUG c.h.p.o.dependants.PodInfoConfigMap - [helmcont] Desired PodInfo ConfigMap (1 extensions) (1 enabled)
2025-01-29 13:44:00,378 INFO c.h.h.t.HelmChartContainer - [hivemq-test-hivemq-platform] [hivemq-platform-operator] [1d56d045] 13:44:00.376 [pool-6-thread-43] DEBUG c.h.p.o.dependants.PodInfoConfigMap - [helmcont] Desired PodInfo ConfigMap (metrics port: 9399) (metrics path: /)
2025-01-29 13:44:00,378 INFO c.h.h.t.HelmChartContainer - [hivemq-test-hivemq-platform] [hivemq-platform-operator] [1d56d045] 13:44:00.376 [pool-6-thread-43] DEBUG c.h.p.o.dependants.PodInfoConfigMap - [helmcont] Desired PodInfo ConfigMap (extension state hash: -1817474005)
2025-01-29 13:44:00,379 INFO c.h.h.t.HelmChartContainer - [hivemq-test-hivemq-platform] [hivemq-platform-operator] [1d56d045] 13:44:00.378 [pool-6-thread-47] DEBUG c.h.p.o.d.PodServiceAccountResource - [helmcont] Desired PodServiceAccountResource (serviceAccountName: hivemq-platform-pod-test-hivemq-platform)
2025-01-29 13:44:00,445 INFO c.h.h.t.HelmChartContainer - [hivemq-test-hivemq-platform] [hivemq-platform-operator] [1d56d045] 13:44:00.444 [pool-6-thread-45] DEBUG c.h.p.o.d.StatefulSetResource - [helmcont] Desired StatefulSet (2 replicas) for status ROLLING_RESTART (RESTART_PODS_IN_PROGRESS)
2025-01-29 13:44:00,452 INFO c.h.h.t.HelmChartContainer - [test-hivemq-platform] [hivemq] [35552fea] INFO  - Shutting down listeners and clients
2025-01-29 13:44:00,453 INFO c.h.h.t.HelmChartContainer - [test-hivemq-platform] [hivemq] [35552fea] INFO  - Shutdown of listeners is done
2025-01-29 13:44:00,456 INFO c.h.h.t.HelmChartContainer - [test-hivemq-platform] [hivemq] [35552fea] INFO  - No clients are connected, proceeding with shutdown
2025-01-29 13:44:00,466 INFO c.h.h.t.HelmChartContainer - [hivemq-test-hivemq-platform] [hivemq-platform-operator] [1d56d045] 13:44:00.463 [ReconcilerExecutor-hivemq-controller-128] INFO  c.h.p.o.HiveMQPlatformReconciler - [helmcont] Reconciling HiveMQ Platform 'test-hivemq-platform' in namespace 'helmcontainersecuritycontextupgradeplatformit'
2025-01-29 13:44:00,466 INFO c.h.h.t.HelmChartContainer - [hivemq-test-hivemq-platform] [hivemq-platform-operator] [1d56d045] 13:44:00.463 [ReconcilerExecutor-hivemq-controller-128] DEBUG c.h.p.o.HiveMQPlatformReconciler - [helmcont] Custom Resource Status ROLLING_RESTART - HiveMQ Platform is restarting Pods (rolling restart) (RESTART_PODS_IN_PROGRESS)
2025-01-29 13:44:00,466 INFO c.h.h.t.HelmChartContainer - [hivemq-test-hivemq-platform] [hivemq-platform-operator] [1d56d045] 13:44:00.463 [ReconcilerExecutor-hivemq-controller-128] DEBUG c.h.p.o.HiveMQPlatformReconciler - [helmcont] Custom Resource Spec (replicas: 1) (extensions: 1)
2025-01-29 13:44:00,467 INFO c.h.h.t.HelmChartContainer - [hivemq-test-hivemq-platform] [hivemq-platform-operator] [1d56d045] 13:44:00.465 [ReconcilerExecutor-hivemq-controller-128] DEBUG c.h.p.o.HiveMQPlatformReconciler - [helmcont] StatefulSet Status (revision: test-hivemq-platform-85948b8786, replicas: 2, available: 2, ready: 2, current: 0, updated: 1)
2025-01-29 13:44:00,467 INFO c.h.h.t.HelmChartContainer - [hivemq-test-hivemq-platform] [hivemq-platform-operator] [1d56d045] 13:44:00.465 [ReconcilerExecutor-hivemq-controller-128] DEBUG c.h.p.o.HiveMQPlatformReconciler - [helmcont] StatefulSet Spec (replicas: 2, init containers: 1, containers: 1, volumes: 3)
2025-01-29 13:44:00,469 INFO c.h.h.t.HelmChartContainer - [hivemq-test-hivemq-platform] [hivemq-platform-operator] [1d56d045] 13:44:00.468 [ReconcilerExecutor-hivemq-controller-128] DEBUG c.h.p.o.h.HiveMQPlatformReconcilerErrorHandler - [helmcont] Pod 'test-hivemq-platform-1' phase Running
2025-01-29 13:44:00,472 INFO c.h.h.t.HelmChartContainer - [hivemq-test-hivemq-platform] [hivemq-platform-operator] [1d56d045] 13:44:00.470 [ReconcilerExecutor-hivemq-controller-128] DEBUG c.h.p.o.h.HiveMQPlatformReconcilerErrorHandler - [helmcont] Pod 'test-hivemq-platform-0' phase Running
2025-01-29 13:44:00,482 INFO c.h.h.t.HelmChartContainer - [hivemq-test-hivemq-platform] [hivemq-platform-operator] [1d56d045] 13:44:00.480 [ReconcilerExecutor-hivemq-controller-128] DEBUG c.h.p.o.h.HiveMQPlatformReconcilerRollingRestartHandler - [helmcont] Skipping Pod test-hivemq-platform-1 as it's already on the controller update revision (update revision: test-hivemq-platform-85948b8786, pod revision: test-hivemq-platform-85948b8786)
2025-01-29 13:44:00,565 INFO c.h.h.t.HelmChartContainer - [hivemq-test-hivemq-platform] [hivemq-platform-operator] [1d56d045] 13:44:00.564 [ReconcilerExecutor-hivemq-controller-128] DEBUG c.h.p.o.h.HiveMQPlatformReconcilerRollingRestartHandler - [helmcont] The last Pod is running for 55 seconds, the next Pod can be restarted
2025-01-29 13:44:00,566 INFO c.h.h.t.HelmChartContainer - [hivemq-test-hivemq-platform] [hivemq-platform-operator] [1d56d045] 13:44:00.564 [ReconcilerExecutor-hivemq-controller-128] INFO  c.h.p.o.h.HiveMQPlatformReconcilerRollingRestartHandler - [helmcont] Restarting Pod test-hivemq-platform-0 as it's not matching the controller update revision (update revision: test-hivemq-platform-85948b8786, pod revision: test-hivemq-platform-fc778bc4c)
2025-01-29 13:44:00,575 INFO c.h.h.t.HelmChartContainer - [hivemq-test-hivemq-platform] [hivemq-platform-operator] [1d56d045] 13:44:00.573 [pool-6-thread-8] DEBUG c.h.p.o.d.PlatformServiceResource - [helmcont] Desired Platform services (3 services)
2025-01-29 13:44:00,576 INFO c.h.h.t.HelmChartContainer - [hivemq-test-hivemq-platform] [hivemq-platform-operator] [1d56d045] 13:44:00.574 [pool-6-thread-2] DEBUG c.h.p.o.d.PodServiceAccountResource - [helmcont] Desired PodServiceAccountResource (serviceAccountName: hivemq-platform-pod-test-hivemq-platform)
2025-01-29 13:44:00,577 INFO c.h.h.t.HelmChartContainer - [hivemq-test-hivemq-platform] [hivemq-platform-operator] [1d56d045] 13:44:00.575 [pool-6-thread-1] DEBUG c.h.p.o.dependants.PodInfoConfigMap - [helmcont] Desired PodInfo ConfigMap (1 extensions) (1 enabled)
2025-01-29 13:44:00,579 INFO c.h.h.t.HelmChartContainer - [hivemq-test-hivemq-platform] [hivemq-platform-operator] [1d56d045] 13:44:00.576 [pool-6-thread-1] DEBUG c.h.p.o.dependants.PodInfoConfigMap - [helmcont] Desired PodInfo ConfigMap (metrics port: 9399) (metrics path: /)
2025-01-29 13:44:00,579 INFO c.h.h.t.HelmChartContainer - [hivemq-test-hivemq-platform] [hivemq-platform-operator] [1d56d045] 13:44:00.576 [pool-6-thread-1] DEBUG c.h.p.o.dependants.PodInfoConfigMap - [helmcont] Desired PodInfo ConfigMap (extension state hash: -1817474005)
2025-01-29 13:44:00,646 INFO c.h.h.t.HelmChartContainer - [hivemq-test-hivemq-platform] [hivemq-platform-operator] [1d56d045] 13:44:00.645 [pool-6-thread-8] DEBUG c.h.p.o.d.StatefulSetResource - [helmcont] Desired StatefulSet (2 replicas) for status ROLLING_RESTART (RESTART_PODS_IN_PROGRESS)
2025-01-29 13:44:00,669 INFO c.h.h.t.HelmChartContainer - [hivemq-test-hivemq-platform] [hivemq-platform-operator] [1d56d045] 13:44:00.667 [ReconcilerExecutor-hivemq-controller-129] INFO  c.h.p.o.HiveMQPlatformReconciler - [helmcont] Reconciling HiveMQ Platform 'test-hivemq-platform' in namespace 'helmcontainersecuritycontextupgradeplatformit'
2025-01-29 13:44:00,669 INFO c.h.h.t.HelmChartContainer - [hivemq-test-hivemq-platform] [hivemq-platform-operator] [1d56d045] 13:44:00.667 [ReconcilerExecutor-hivemq-controller-129] DEBUG c.h.p.o.HiveMQPlatformReconciler - [helmcont] Custom Resource Status ROLLING_RESTART - HiveMQ Platform is restarting Pods (rolling restart) (RESTART_PODS_IN_PROGRESS)
2025-01-29 13:44:00,669 INFO c.h.h.t.HelmChartContainer - [hivemq-test-hivemq-platform] [hivemq-platform-operator] [1d56d045] 13:44:00.667 [ReconcilerExecutor-hivemq-controller-129] DEBUG c.h.p.o.HiveMQPlatformReconciler - [helmcont] Custom Resource Spec (replicas: 1) (extensions: 1)
2025-01-29 13:44:00,672 INFO c.h.h.t.HelmChartContainer - [hivemq-test-hivemq-platform] [hivemq-platform-operator] [1d56d045] 13:44:00.671 [ReconcilerExecutor-hivemq-controller-129] DEBUG c.h.p.o.HiveMQPlatformReconciler - [helmcont] StatefulSet Status (revision: test-hivemq-platform-85948b8786, replicas: 2, available: 2, ready: 2, current: 0, updated: 1)
2025-01-29 13:44:00,673 INFO c.h.h.t.HelmChartContainer - [hivemq-test-hivemq-platform] [hivemq-platform-operator] [1d56d045] 13:44:00.671 [ReconcilerExecutor-hivemq-controller-129] DEBUG c.h.p.o.HiveMQPlatformReconciler - [helmcont] StatefulSet Spec (replicas: 2, init containers: 1, containers: 1, volumes: 3)
2025-01-29 13:44:00,674 INFO c.h.h.t.HelmChartContainer - [hivemq-test-hivemq-platform] [hivemq-platform-operator] [1d56d045] 13:44:00.673 [ReconcilerExecutor-hivemq-controller-129] DEBUG c.h.p.o.h.HiveMQPlatformReconcilerErrorHandler - [helmcont] Pod 'test-hivemq-platform-1' phase Running
2025-01-29 13:44:00,675 INFO c.h.h.t.HelmChartContainer - [hivemq-test-hivemq-platform] [hivemq-platform-operator] [1d56d045] 13:44:00.674 [ReconcilerExecutor-hivemq-controller-129] DEBUG c.h.p.o.h.HiveMQPlatformReconcilerErrorHandler - [helmcont] Pod 'test-hivemq-platform-0' phase Running
2025-01-29 13:44:00,682 INFO c.h.h.t.HelmChartContainer - [hivemq-test-hivemq-platform] [hivemq-platform-operator] [1d56d045] 13:44:00.680 [ReconcilerExecutor-hivemq-controller-129] DEBUG c.h.p.o.h.HiveMQPlatformReconcilerRollingRestartHandler - [helmcont] Skipping Pod test-hivemq-platform-1 as it's already on the controller update revision (update revision: test-hivemq-platform-85948b8786, pod revision: test-hivemq-platform-85948b8786)
2025-01-29 13:44:00,779 INFO c.h.h.t.HelmChartContainer - [hivemq-test-hivemq-platform] [hivemq-platform-operator] [1d56d045] 13:44:00.776 [ReconcilerExecutor-hivemq-controller-129] DEBUG c.h.p.o.h.HiveMQPlatformReconcilerRollingRestartHandler - [helmcont] The last Pod is running for 55 seconds, the next Pod can be restarted
2025-01-29 13:44:00,779 INFO c.h.h.t.HelmChartContainer - [hivemq-test-hivemq-platform] [hivemq-platform-operator] [1d56d045] 13:44:00.777 [ReconcilerExecutor-hivemq-controller-129] INFO  c.h.p.o.h.HiveMQPlatformReconcilerRollingRestartHandler - [helmcont] Restarting Pod test-hivemq-platform-0 as it's not matching the controller update revision (update revision: test-hivemq-platform-85948b8786, pod revision: test-hivemq-platform-fc778bc4c)
2025-01-29 13:44:03,855 INFO c.h.h.t.HelmChartContainer - [test-hivemq-platform] [hivemq] [35552fea] INFO  - Shutting down extension system
2025-01-29 13:44:03,857 INFO c.h.h.t.HelmChartContainer - [test-hivemq-platform] [hivemq] [35552fea] INFO  - Stopping extension with id hivemq-dns-cluster-discovery
2025-01-29 13:44:03,858 INFO c.h.h.t.HelmChartContainer - [test-hivemq-platform] [hivemq] [35552fea] INFO  - Extension "DNS Cluster Discovery Extension" version 4.3.2 stopped successfully.
2025-01-29 13:44:03,858 INFO c.h.h.t.HelmChartContainer - [test-hivemq-platform] [hivemq] [35552fea] INFO  - Stopping extension with id hivemq-prometheus-extension
2025-01-29 13:44:03,871 INFO c.h.h.t.HelmChartContainer - [test-hivemq-platform] [hivemq] [35552fea] INFO  - Extension "Prometheus Monitoring Extension" version 4.0.12 stopped successfully.
2025-01-29 13:44:03,872 INFO c.h.h.t.HelmChartContainer - [test-hivemq-platform] [hivemq] [35552fea] INFO  - Stopping extension with id hivemq-allow-all-extension
2025-01-29 13:44:03,872 INFO c.h.h.t.HelmChartContainer - [test-hivemq-platform] [hivemq] [35552fea] INFO  - Extension "Allow All Extension" version 1.1.1 stopped successfully.
2025-01-29 13:44:03,880 INFO c.h.h.t.HelmChartContainer - [test-hivemq-platform] [hivemq] [5f518429] INFO  - Cluster nodes found by discovery: [zjsgn|2] (1) [zjsgn].
2025-01-29 13:44:03,886 INFO c.h.h.t.HelmChartContainer - [test-hivemq-platform] [hivemq] [5f518429] INFO  - Cluster size = 1, members : [zjsgn].
2025-01-29 13:44:04,969 INFO c.h.h.t.HelmChartContainer - [test-hivemq-platform] [hivemq] [35552fea] INFO  - [HiveMQ Platform Operator Init App 1.7.0-SNAPSHOT] Returning shutdown Health API response 503 for readiness
2025-01-29 13:44:04,974 INFO c.h.h.t.HelmChartContainer - [EVENT] Warning [Unhealthy] Readiness probe failed: HTTP probe failed with statuscode: 503 [helmcontainersecuritycontextupgradeplatformit:test-hivemq-platform-0]
2025-01-29 13:44:04,974 INFO c.h.h.t.HelmChartContainer - Received Unhealthy event for container hivemq in pod test-hivemq-platform-0 [35552fea-4afe-4d24-acb9-2a83d459db12]
2025-01-29 13:44:06,208 INFO c.h.h.t.HelmChartContainer - [test-hivemq-platform] [hivemq] [5f518429] INFO  - [HiveMQ Platform Operator Init App 1.7.0-SNAPSHOT] Returning Health API response 200 for liveness
2025-01-29 13:44:06,232 INFO c.h.h.t.HelmChartContainer - [test-hivemq-platform] [hivemq] [35552fea] INFO  - Shutdown completed.
2025-01-29 13:44:06,597 INFO c.h.h.t.HelmChartContainer - [test-hivemq-platform] [hivemq] [35552fea] INFO  - [HiveMQ Platform Operator Init App 1.7.0-SNAPSHOT] The HiveMQ Platform exited with code 143
2025-01-29 13:44:06,597 INFO c.h.h.t.HelmChartContainer - [test-hivemq-platform] [hivemq] [35552fea] INFO  - [HiveMQ Platform Operator Init App 1.7.0-SNAPSHOT] Stopping the REST API
2025-01-29 13:44:06,608 INFO c.h.h.t.HelmChartContainer - [test-hivemq-platform] [hivemq] [35552fea] INFO  - [HiveMQ Platform Operator Init App 1.7.0-SNAPSHOT] Shutdown complete
2025-01-29 13:44:07,150 INFO c.h.h.t.HelmChartContainer - [POD] test-hivemq-platform-0 [35552fea-4afe-4d24-acb9-2a83d459db12] in helmcontainersecuritycontextupgradeplatformit was MODIFIED
2025-01-29 13:44:07,167 INFO c.h.h.t.HelmChartContainer - [hivemq-test-hivemq-platform] [hivemq-platform-operator] [1d56d045] 13:44:07.152 [pool-6-thread-13] DEBUG c.h.p.o.d.PlatformServiceResource - [helmcont] Desired Platform services (3 services)
2025-01-29 13:44:07,167 INFO c.h.h.t.HelmChartContainer - [hivemq-test-hivemq-platform] [hivemq-platform-operator] [1d56d045] 13:44:07.154 [pool-6-thread-18] DEBUG c.h.p.o.dependants.PodInfoConfigMap - [helmcont] Desired PodInfo ConfigMap (1 extensions) (1 enabled)
2025-01-29 13:44:07,167 INFO c.h.h.t.HelmChartContainer - [hivemq-test-hivemq-platform] [hivemq-platform-operator] [1d56d045] 13:44:07.154 [pool-6-thread-18] DEBUG c.h.p.o.dependants.PodInfoConfigMap - [helmcont] Desired PodInfo ConfigMap (metrics port: 9399) (metrics path: /)
2025-01-29 13:44:07,167 INFO c.h.h.t.HelmChartContainer - [hivemq-test-hivemq-platform] [hivemq-platform-operator] [1d56d045] 13:44:07.154 [pool-6-thread-18] DEBUG c.h.p.o.dependants.PodInfoConfigMap - [helmcont] Desired PodInfo ConfigMap (extension state hash: -1817474005)
2025-01-29 13:44:07,167 INFO c.h.h.t.HelmChartContainer - [hivemq-test-hivemq-platform] [hivemq-platform-operator] [1d56d045] 13:44:07.155 [pool-6-thread-11] DEBUG c.h.p.o.d.PodServiceAccountResource - [helmcont] Desired PodServiceAccountResource (serviceAccountName: hivemq-platform-pod-test-hivemq-platform)
2025-01-29 13:44:07,167 INFO c.h.h.t.HelmChartContainer - [hivemq-test-hivemq-platform] [hivemq-platform-operator] [1d56d045] 13:44:07.159 [pool-6-thread-13] DEBUG c.h.p.o.d.StatefulSetResource - [helmcont] Desired StatefulSet (2 replicas) for status ROLLING_RESTART (RESTART_PODS_IN_PROGRESS)
2025-01-29 13:44:07,171 INFO c.h.h.t.HelmChartContainer - [hivemq-test-hivemq-platform] [hivemq-platform-operator] [1d56d045] 13:44:07.162 [ReconcilerExecutor-hivemq-controller-130] INFO  c.h.p.o.HiveMQPlatformReconciler - [helmcont] Reconciling HiveMQ Platform 'test-hivemq-platform' in namespace 'helmcontainersecuritycontextupgradeplatformit'
2025-01-29 13:44:07,171 INFO c.h.h.t.HelmChartContainer - [hivemq-test-hivemq-platform] [hivemq-platform-operator] [1d56d045] 13:44:07.162 [ReconcilerExecutor-hivemq-controller-130] DEBUG c.h.p.o.HiveMQPlatformReconciler - [helmcont] Custom Resource Status ROLLING_RESTART - HiveMQ Platform is restarting Pods (rolling restart) (RESTART_PODS_IN_PROGRESS)
2025-01-29 13:44:07,171 INFO c.h.h.t.HelmChartContainer - [hivemq-test-hivemq-platform] [hivemq-platform-operator] [1d56d045] 13:44:07.162 [ReconcilerExecutor-hivemq-controller-130] DEBUG c.h.p.o.HiveMQPlatformReconciler - [helmcont] Custom Resource Spec (replicas: 1) (extensions: 1)
2025-01-29 13:44:07,172 INFO c.h.h.t.HelmChartContainer - [hivemq-test-hivemq-platform] [hivemq-platform-operator] [1d56d045] 13:44:07.163 [ReconcilerExecutor-hivemq-controller-130] DEBUG c.h.p.o.HiveMQPlatformReconciler - [helmcont] StatefulSet Status (revision: test-hivemq-platform-85948b8786, replicas: 2, available: 2, ready: 2, current: 0, updated: 1)
2025-01-29 13:44:07,172 INFO c.h.h.t.HelmChartContainer - [hivemq-test-hivemq-platform] [hivemq-platform-operator] [1d56d045] 13:44:07.163 [ReconcilerExecutor-hivemq-controller-130] DEBUG c.h.p.o.HiveMQPlatformReconciler - [helmcont] StatefulSet Spec (replicas: 2, init containers: 1, containers: 1, volumes: 3)
2025-01-29 13:44:07,172 INFO c.h.h.t.HelmChartContainer - [hivemq-test-hivemq-platform] [hivemq-platform-operator] [1d56d045] 13:44:07.164 [ReconcilerExecutor-hivemq-controller-130] DEBUG c.h.p.o.h.HiveMQPlatformReconcilerErrorHandler - [helmcont] Pod 'test-hivemq-platform-1' phase Running
2025-01-29 13:44:07,172 INFO c.h.h.t.HelmChartContainer - [hivemq-test-hivemq-platform] [hivemq-platform-operator] [1d56d045] 13:44:07.165 [ReconcilerExecutor-hivemq-controller-130] DEBUG c.h.p.o.h.HiveMQPlatformReconcilerErrorHandler - [helmcont] Pod 'test-hivemq-platform-0' phase Failed
2025-01-29 13:44:07,172 INFO c.h.h.t.HelmChartContainer - [hivemq-test-hivemq-platform] [hivemq-platform-operator] [1d56d045] 13:44:07.166 [ReconcilerExecutor-hivemq-controller-130] DEBUG c.h.p.o.h.HiveMQPlatformReconcilerErrorHandler - [helmcont] Pod 'test-hivemq-platform-0' condition 'PodReadyToStartContainers': False
2025-01-29 13:44:07,172 INFO c.h.h.t.HelmChartContainer - [hivemq-test-hivemq-platform] [hivemq-platform-operator] [1d56d045] 13:44:07.166 [ReconcilerExecutor-hivemq-controller-130] DEBUG c.h.p.o.h.HiveMQPlatformReconcilerErrorHandler - [helmcont] Pod 'test-hivemq-platform-0' condition 'Initialized': True
2025-01-29 13:44:07,172 INFO c.h.h.t.HelmChartContainer - [hivemq-test-hivemq-platform] [hivemq-platform-operator] [1d56d045] 13:44:07.166 [ReconcilerExecutor-hivemq-controller-130] DEBUG c.h.p.o.h.HiveMQPlatformReconcilerErrorHandler - [helmcont] Pod 'test-hivemq-platform-0' condition 'Ready': False
2025-01-29 13:44:07,172 INFO c.h.h.t.HelmChartContainer - [hivemq-test-hivemq-platform] [hivemq-platform-operator] [1d56d045] 13:44:07.166 [ReconcilerExecutor-hivemq-controller-130] DEBUG c.h.p.o.h.HiveMQPlatformReconcilerErrorHandler - [helmcont] Pod 'test-hivemq-platform-0' condition 'ContainersReady': False
2025-01-29 13:44:07,172 INFO c.h.h.t.HelmChartContainer - [hivemq-test-hivemq-platform] [hivemq-platform-operator] [1d56d045] 13:44:07.166 [ReconcilerExecutor-hivemq-controller-130] DEBUG c.h.p.o.h.HiveMQPlatformReconcilerErrorHandler - [helmcont] Pod 'test-hivemq-platform-0' condition 'PodScheduled': True
2025-01-29 13:44:07,172 INFO c.h.h.t.HelmChartContainer - [hivemq-test-hivemq-platform] [hivemq-platform-operator] [1d56d045] 13:44:07.166 [ReconcilerExecutor-hivemq-controller-130] DEBUG c.h.p.o.h.HiveMQPlatformReconcilerErrorHandler - [helmcont] Pod 'test-hivemq-platform-0' containerStatus 'hivemq' (started: false) (ready: false) (waiting: [Unknown] no message)
2025-01-29 13:44:07,222 INFO c.h.h.t.HelmChartContainer - [K3S] [reconciler_common.go:162] "operationExecutor.UnmountVolume started for volume \"broker-configuration\" (UniqueName: \"kubernetes.io/configmap/35552fea-4afe-4d24-acb9-2a83d459db12-broker-configuration\") pod \"35552fea-4afe-4d24-acb9-2a83d459db12\" (UID: \"35552fea-4afe-4d24-acb9-2a83d459db12\") "
2025-01-29 13:44:07,222 INFO c.h.h.t.HelmChartContainer - [K3S] [reconciler_common.go:162] "operationExecutor.UnmountVolume started for volume \"pod-info\" (UniqueName: \"kubernetes.io/configmap/35552fea-4afe-4d24-acb9-2a83d459db12-pod-info\") pod \"35552fea-4afe-4d24-acb9-2a83d459db12\" (UID: \"35552fea-4afe-4d24-acb9-2a83d459db12\") "
2025-01-29 13:44:07,222 INFO c.h.h.t.HelmChartContainer - [K3S] [reconciler_common.go:162] "operationExecutor.UnmountVolume started for volume \"operator-init\" (UniqueName: \"kubernetes.io/empty-dir/35552fea-4afe-4d24-acb9-2a83d459db12-operator-init\") pod \"35552fea-4afe-4d24-acb9-2a83d459db12\" (UID: \"35552fea-4afe-4d24-acb9-2a83d459db12\") "
2025-01-29 13:44:07,222 INFO c.h.h.t.HelmChartContainer - [K3S] [reconciler_common.go:162] "operationExecutor.UnmountVolume started for volume \"kube-api-access-d9wfj\" (UniqueName: \"kubernetes.io/projected/35552fea-4afe-4d24-acb9-2a83d459db12-kube-api-access-d9wfj\") pod \"35552fea-4afe-4d24-acb9-2a83d459db12\" (UID: \"35552fea-4afe-4d24-acb9-2a83d459db12\") "
2025-01-29 13:44:07,247 INFO c.h.h.t.HelmChartContainer - [hivemq-test-hivemq-platform] [hivemq-platform-operator] [1d56d045] 13:44:07.246 [ReconcilerExecutor-hivemq-controller-130] DEBUG c.h.p.o.h.HiveMQPlatformReconcilerRollingRestartHandler - [helmcont] Skipping Pod test-hivemq-platform-1 as it's already on the controller update revision (update revision: test-hivemq-platform-85948b8786, pod revision: test-hivemq-platform-85948b8786)
2025-01-29 13:44:07,259 INFO c.h.h.t.HelmChartContainer - [hivemq-test-hivemq-platform] [hivemq-platform-operator] [1d56d045] 13:44:07.257 [ReconcilerExecutor-hivemq-controller-130] DEBUG c.h.p.o.h.HiveMQPlatformReconcilerRollingRestartHandler - [helmcont] The last Pod is running for 62 seconds, the next Pod can be restarted
2025-01-29 13:44:07,259 INFO c.h.h.t.HelmChartContainer - [hivemq-test-hivemq-platform] [hivemq-platform-operator] [1d56d045] 13:44:07.257 [ReconcilerExecutor-hivemq-controller-130] INFO  c.h.p.o.h.HiveMQPlatformReconcilerRollingRestartHandler - [helmcont] Restarting Pod test-hivemq-platform-0 as it's not matching the controller update revision (update revision: test-hivemq-platform-85948b8786, pod revision: test-hivemq-platform-fc778bc4c)
2025-01-29 13:44:07,267 INFO c.h.h.t.HelmChartContainer - [hivemq-test-hivemq-platform] [hivemq-platform-operator] [1d56d045] 13:44:07.266 [pool-6-thread-30] DEBUG c.h.p.o.d.PlatformServiceResource - [helmcont] Desired Platform services (3 services)
2025-01-29 13:44:07,323 INFO c.h.h.t.HelmChartContainer - [K3S] [reconciler_common.go:299] "Volume detached for volume \"broker-configuration\" (UniqueName: \"kubernetes.io/configmap/35552fea-4afe-4d24-acb9-2a83d459db12-broker-configuration\") on node \"ddd52fe05997\" DevicePath \"\""
2025-01-29 13:44:07,323 INFO c.h.h.t.HelmChartContainer - [K3S] [reconciler_common.go:299] "Volume detached for volume \"pod-info\" (UniqueName: \"kubernetes.io/configmap/35552fea-4afe-4d24-acb9-2a83d459db12-pod-info\") on node \"ddd52fe05997\" DevicePath \"\""
2025-01-29 13:44:07,323 INFO c.h.h.t.HelmChartContainer - [K3S] [reconciler_common.go:299] "Volume detached for volume \"operator-init\" (UniqueName: \"kubernetes.io/empty-dir/35552fea-4afe-4d24-acb9-2a83d459db12-operator-init\") on node \"ddd52fe05997\" DevicePath \"\""
2025-01-29 13:44:07,323 INFO c.h.h.t.HelmChartContainer - [K3S] [reconciler_common.go:299] "Volume detached for volume \"kube-api-access-d9wfj\" (UniqueName: \"kubernetes.io/projected/35552fea-4afe-4d24-acb9-2a83d459db12-kube-api-access-d9wfj\") on node \"ddd52fe05997\" DevicePath \"\""
2025-01-29 13:44:07,347 INFO c.h.h.t.HelmChartContainer - [hivemq-test-hivemq-platform] [hivemq-platform-operator] [1d56d045] 13:44:07.344 [pool-6-thread-29] DEBUG c.h.p.o.d.PodServiceAccountResource - [helmcont] Desired PodServiceAccountResource (serviceAccountName: hivemq-platform-pod-test-hivemq-platform)
2025-01-29 13:44:07,347 INFO c.h.h.t.HelmChartContainer - [hivemq-test-hivemq-platform] [hivemq-platform-operator] [1d56d045] 13:44:07.344 [pool-6-thread-25] DEBUG c.h.p.o.dependants.PodInfoConfigMap - [helmcont] Desired PodInfo ConfigMap (1 extensions) (1 enabled)
2025-01-29 13:44:07,347 INFO c.h.h.t.HelmChartContainer - [hivemq-test-hivemq-platform] [hivemq-platform-operator] [1d56d045] 13:44:07.344 [pool-6-thread-25] DEBUG c.h.p.o.dependants.PodInfoConfigMap - [helmcont] Desired PodInfo ConfigMap (metrics port: 9399) (metrics path: /)
2025-01-29 13:44:07,347 INFO c.h.h.t.HelmChartContainer - [hivemq-test-hivemq-platform] [hivemq-platform-operator] [1d56d045] 13:44:07.345 [pool-6-thread-25] DEBUG c.h.p.o.dependants.PodInfoConfigMap - [helmcont] Desired PodInfo ConfigMap (extension state hash: -1817474005)
2025-01-29 13:44:07,349 INFO c.h.h.t.HelmChartContainer - [hivemq-test-hivemq-platform] [hivemq-platform-operator] [1d56d045] 13:44:07.347 [pool-6-thread-30] DEBUG c.h.p.o.d.StatefulSetResource - [helmcont] Desired StatefulSet (2 replicas) for status ROLLING_RESTART (RESTART_PODS_IN_PROGRESS)
2025-01-29 13:44:07,352 INFO c.h.h.t.HelmChartContainer - [hivemq-test-hivemq-platform] [hivemq-platform-operator] [1d56d045] 13:44:07.351 [ReconcilerExecutor-hivemq-controller-131] INFO  c.h.p.o.HiveMQPlatformReconciler - [helmcont] Reconciling HiveMQ Platform 'test-hivemq-platform' in namespace 'helmcontainersecuritycontextupgradeplatformit'
2025-01-29 13:44:07,352 INFO c.h.h.t.HelmChartContainer - [hivemq-test-hivemq-platform] [hivemq-platform-operator] [1d56d045] 13:44:07.351 [ReconcilerExecutor-hivemq-controller-131] DEBUG c.h.p.o.HiveMQPlatformReconciler - [helmcont] Custom Resource Status ROLLING_RESTART - HiveMQ Platform is restarting Pods (rolling restart) (RESTART_PODS_IN_PROGRESS)
2025-01-29 13:44:07,353 INFO c.h.h.t.HelmChartContainer - [hivemq-test-hivemq-platform] [hivemq-platform-operator] [1d56d045] 13:44:07.351 [ReconcilerExecutor-hivemq-controller-131] DEBUG c.h.p.o.HiveMQPlatformReconciler - [helmcont] Custom Resource Spec (replicas: 1) (extensions: 1)
2025-01-29 13:44:07,354 INFO c.h.h.t.HelmChartContainer - [hivemq-test-hivemq-platform] [hivemq-platform-operator] [1d56d045] 13:44:07.352 [ReconcilerExecutor-hivemq-controller-131] DEBUG c.h.p.o.HiveMQPlatformReconciler - [helmcont] StatefulSet Status (revision: test-hivemq-platform-85948b8786, replicas: 2, available: 1, ready: 1, current: 0, updated: 1)
2025-01-29 13:44:07,354 INFO c.h.h.t.HelmChartContainer - [hivemq-test-hivemq-platform] [hivemq-platform-operator] [1d56d045] 13:44:07.352 [ReconcilerExecutor-hivemq-controller-131] DEBUG c.h.p.o.HiveMQPlatformReconciler - [helmcont] StatefulSet Spec (replicas: 2, init containers: 1, containers: 1, volumes: 3)
2025-01-29 13:44:07,355 INFO c.h.h.t.HelmChartContainer - [hivemq-test-hivemq-platform] [hivemq-platform-operator] [1d56d045] 13:44:07.353 [ReconcilerExecutor-hivemq-controller-131] DEBUG c.h.p.o.h.HiveMQPlatformReconcilerErrorHandler - [helmcont] Pod 'test-hivemq-platform-1' phase Running
2025-01-29 13:44:07,356 INFO c.h.h.t.HelmChartContainer - [hivemq-test-hivemq-platform] [hivemq-platform-operator] [1d56d045] 13:44:07.355 [ReconcilerExecutor-hivemq-controller-131] DEBUG c.h.p.o.h.HiveMQPlatformReconcilerErrorHandler - [helmcont] Pod 'test-hivemq-platform-0' phase Failed
2025-01-29 13:44:07,356 INFO c.h.h.t.HelmChartContainer - [hivemq-test-hivemq-platform] [hivemq-platform-operator] [1d56d045] 13:44:07.355 [ReconcilerExecutor-hivemq-controller-131] DEBUG c.h.p.o.h.HiveMQPlatformReconcilerErrorHandler - [helmcont] Pod 'test-hivemq-platform-0' condition 'PodReadyToStartContainers': False
2025-01-29 13:44:07,356 INFO c.h.h.t.HelmChartContainer - [hivemq-test-hivemq-platform] [hivemq-platform-operator] [1d56d045] 13:44:07.355 [ReconcilerExecutor-hivemq-controller-131] DEBUG c.h.p.o.h.HiveMQPlatformReconcilerErrorHandler - [helmcont] Pod 'test-hivemq-platform-0' condition 'Initialized': True
2025-01-29 13:44:07,356 INFO c.h.h.t.HelmChartContainer - [hivemq-test-hivemq-platform] [hivemq-platform-operator] [1d56d045] 13:44:07.355 [ReconcilerExecutor-hivemq-controller-131] DEBUG c.h.p.o.h.HiveMQPlatformReconcilerErrorHandler - [helmcont] Pod 'test-hivemq-platform-0' condition 'Ready': False
2025-01-29 13:44:07,356 INFO c.h.h.t.HelmChartContainer - [hivemq-test-hivemq-platform] [hivemq-platform-operator] [1d56d045] 13:44:07.355 [ReconcilerExecutor-hivemq-controller-131] DEBUG c.h.p.o.h.HiveMQPlatformReconcilerErrorHandler - [helmcont] Pod 'test-hivemq-platform-0' condition 'ContainersReady': False
2025-01-29 13:44:07,356 INFO c.h.h.t.HelmChartContainer - [hivemq-test-hivemq-platform] [hivemq-platform-operator] [1d56d045] 13:44:07.355 [ReconcilerExecutor-hivemq-controller-131] DEBUG c.h.p.o.h.HiveMQPlatformReconcilerErrorHandler - [helmcont] Pod 'test-hivemq-platform-0' condition 'PodScheduled': True
2025-01-29 13:44:07,356 INFO c.h.h.t.HelmChartContainer - [hivemq-test-hivemq-platform] [hivemq-platform-operator] [1d56d045] 13:44:07.355 [ReconcilerExecutor-hivemq-controller-131] DEBUG c.h.p.o.h.HiveMQPlatformReconcilerErrorHandler - [helmcont] Pod 'test-hivemq-platform-0' containerStatus 'hivemq' (started: false) (ready: false) (waiting: [Unknown] no message)
2025-01-29 13:44:07,356 INFO c.h.h.t.HelmChartContainer - [hivemq-test-hivemq-platform] [hivemq-platform-operator] [1d56d045] 13:44:07.355 [ReconcilerExecutor-hivemq-controller-131] DEBUG c.h.p.o.h.HiveMQPlatformReconcilerRollingRestartHandler - [helmcont] Rolling restart is waiting for 1 of 2 replicas
2025-01-29 13:44:07,980 INFO c.h.h.t.HelmChartContainer - [K3S] [scope.go:117] "RemoveContainer" containerID="24e29b2cf90ad31c2e5bb365d744e7aa59fb96f71f3f9dca4038c5b13cf91d93"
2025-01-29 13:44:08,001 INFO c.h.h.t.HelmChartContainer - [POD] test-hivemq-platform-0 [35552fea-4afe-4d24-acb9-2a83d459db12] in helmcontainersecuritycontextupgradeplatformit was MODIFIED
2025-01-29 13:44:08,007 INFO c.h.h.t.HelmChartContainer - [POD] test-hivemq-platform-0 [35552fea-4afe-4d24-acb9-2a83d459db12] in helmcontainersecuritycontextupgradeplatformit was DELETED
2025-01-29 13:44:08,009 INFO c.h.h.t.HelmChartContainer - [hivemq-test-hivemq-platform] [hivemq-platform-operator] [1d56d045] 13:44:08.000 [pool-6-thread-40] DEBUG c.h.p.o.d.PlatformServiceResource - [helmcont] Desired Platform services (3 services)
2025-01-29 13:44:08,009 INFO c.h.h.t.HelmChartContainer - [hivemq-test-hivemq-platform] [hivemq-platform-operator] [1d56d045] 13:44:08.006 [pool-6-thread-33] DEBUG c.h.p.o.dependants.PodInfoConfigMap - [helmcont] Desired PodInfo ConfigMap (1 extensions) (1 enabled)
2025-01-29 13:44:08,009 INFO c.h.h.t.HelmChartContainer - [hivemq-test-hivemq-platform] [hivemq-platform-operator] [1d56d045] 13:44:08.007 [pool-6-thread-33] DEBUG c.h.p.o.dependants.PodInfoConfigMap - [helmcont] Desired PodInfo ConfigMap (metrics port: 9399) (metrics path: /)
2025-01-29 13:44:08,009 INFO c.h.h.t.HelmChartContainer - [hivemq-test-hivemq-platform] [hivemq-platform-operator] [1d56d045] 13:44:08.007 [pool-6-thread-33] DEBUG c.h.p.o.dependants.PodInfoConfigMap - [helmcont] Desired PodInfo ConfigMap (extension state hash: -1817474005)
2025-01-29 13:44:08,014 INFO c.h.h.t.HelmChartContainer - [hivemq-test-hivemq-platform] [hivemq-platform-operator] [1d56d045] 13:44:08.009 [pool-6-thread-37] DEBUG c.h.p.o.d.PodServiceAccountResource - [helmcont] Desired PodServiceAccountResource (serviceAccountName: hivemq-platform-pod-test-hivemq-platform)
2025-01-29 13:44:08,015 INFO c.h.h.t.HelmChartContainer - [hivemq-test-hivemq-platform] [hivemq-platform-operator] [1d56d045] 13:44:08.014 [pool-6-thread-37] DEBUG c.h.p.o.d.StatefulSetResource - [helmcont] Desired StatefulSet (2 replicas) for status ROLLING_RESTART (RESTART_PODS_IN_PROGRESS)
2025-01-29 13:44:08,025 INFO c.h.h.t.HelmChartContainer - [hivemq-test-hivemq-platform] [hivemq-platform-operator] [1d56d045] 13:44:08.020 [ReconcilerExecutor-hivemq-controller-132] INFO  c.h.p.o.HiveMQPlatformReconciler - [helmcont] Reconciling HiveMQ Platform 'test-hivemq-platform' in namespace 'helmcontainersecuritycontextupgradeplatformit'
2025-01-29 13:44:08,030 INFO c.h.h.t.HelmChartContainer - [POD] test-hivemq-platform-0 [d2986140-ff9e-4ed6-9773-aebb750a0b02] in helmcontainersecuritycontextupgradeplatformit was ADDED
2025-01-29 13:44:08,036 INFO c.h.h.t.HelmChartContainer - [hivemq-test-hivemq-platform] [hivemq-platform-operator] [1d56d045] 13:44:08.021 [ReconcilerExecutor-hivemq-controller-132] DEBUG c.h.p.o.HiveMQPlatformReconciler - [helmcont] Custom Resource Status ROLLING_RESTART - HiveMQ Platform is restarting Pods (rolling restart) (RESTART_PODS_IN_PROGRESS)
2025-01-29 13:44:08,037 INFO c.h.h.t.HelmChartContainer - [hivemq-test-hivemq-platform] [hivemq-platform-operator] [1d56d045] 13:44:08.021 [ReconcilerExecutor-hivemq-controller-132] DEBUG c.h.p.o.HiveMQPlatformReconciler - [helmcont] Custom Resource Spec (replicas: 1) (extensions: 1)
2025-01-29 13:44:08,037 INFO c.h.h.t.HelmChartContainer - [hivemq-test-hivemq-platform] [hivemq-platform-operator] [1d56d045] 13:44:08.022 [ReconcilerExecutor-hivemq-controller-132] DEBUG c.h.p.o.HiveMQPlatformReconciler - [helmcont] StatefulSet Status (revision: test-hivemq-platform-85948b8786, replicas: 2, available: 1, ready: 1, current: 0, updated: 1)
2025-01-29 13:44:08,037 INFO c.h.h.t.HelmChartContainer - [hivemq-test-hivemq-platform] [hivemq-platform-operator] [1d56d045] 13:44:08.022 [ReconcilerExecutor-hivemq-controller-132] DEBUG c.h.p.o.HiveMQPlatformReconciler - [helmcont] StatefulSet Spec (replicas: 2, init containers: 1, containers: 1, volumes: 3)
2025-01-29 13:44:08,048 INFO c.h.h.t.HelmChartContainer - [POD] test-hivemq-platform-0 [d2986140-ff9e-4ed6-9773-aebb750a0b02] in helmcontainersecuritycontextupgradeplatformit was MODIFIED
2025-01-29 13:44:08,053 INFO c.h.h.t.HelmChartContainer - [K3S] [memory_manager.go:355] "RemoveStaleState removing state" podUID="35552fea-4afe-4d24-acb9-2a83d459db12" containerName="hivemq"
2025-01-29 13:44:08,070 INFO c.h.h.t.HelmChartContainer - [hivemq-test-hivemq-platform] [hivemq-platform-operator] [1d56d045] 13:44:08.065 [ReconcilerExecutor-hivemq-controller-132] DEBUG c.h.p.o.h.HiveMQPlatformReconcilerErrorHandler - [helmcont] Pod 'test-hivemq-platform-1' phase Running
2025-01-29 13:44:08,079 INFO c.h.h.t.HelmChartContainer - [EVENT] Normal [Scheduled] Successfully assigned helmcontainersecuritycontextupgradeplatformit/test-hivemq-platform-0 to ddd52fe05997 [helmcontainersecuritycontextupgradeplatformit:test-hivemq-platform-0]
2025-01-29 13:44:08,089 INFO c.h.h.t.HelmChartContainer - [hivemq-test-hivemq-platform] [hivemq-platform-operator] [1d56d045] 13:44:08.070 [ReconcilerExecutor-hivemq-controller-132] DEBUG c.h.p.o.h.HiveMQPlatformReconcilerErrorHandler - [helmcont] Pod 'test-hivemq-platform-0' phase Pending
2025-01-29 13:44:08,089 INFO c.h.h.t.HelmChartContainer - [hivemq-test-hivemq-platform] [hivemq-platform-operator] [1d56d045] 13:44:08.071 [ReconcilerExecutor-hivemq-controller-132] DEBUG c.h.p.o.h.HiveMQPlatformReconcilerRollingRestartHandler - [helmcont] Rolling restart is waiting for 1 of 2 replicas
2025-01-29 13:44:08,103 INFO c.h.h.t.HelmChartContainer - [hivemq-test-hivemq-platform] [hivemq-platform-operator] [1d56d045] 13:44:08.099 [pool-6-thread-43] DEBUG c.h.p.o.d.PlatformServiceResource - [helmcont] Desired Platform services (3 services)
2025-01-29 13:44:08,104 INFO c.h.h.t.HelmChartContainer - [EVENT] Normal [SuccessfulCreate] create Pod test-hivemq-platform-0 in StatefulSet test-hivemq-platform successful [helmcontainersecuritycontextupgradeplatformit:test-hivemq-platform]
2025-01-29 13:44:08,132 INFO c.h.h.t.HelmChartContainer - [K3S] [reconciler_common.go:251] "operationExecutor.VerifyControllerAttachedVolume started for volume \"operator-init\" (UniqueName: \"kubernetes.io/empty-dir/d2986140-ff9e-4ed6-9773-aebb750a0b02-operator-init\") pod \"test-hivemq-platform-0\" (UID: \"d2986140-ff9e-4ed6-9773-aebb750a0b02\") " pod="helmcontainersecuritycontextupgradeplatformit/test-hivemq-platform-0"
2025-01-29 13:44:08,132 INFO c.h.h.t.HelmChartContainer - [K3S] [reconciler_common.go:251] "operationExecutor.VerifyControllerAttachedVolume started for volume \"kube-api-access-8mnnd\" (UniqueName: \"kubernetes.io/projected/d2986140-ff9e-4ed6-9773-aebb750a0b02-kube-api-access-8mnnd\") pod \"test-hivemq-platform-0\" (UID: \"d2986140-ff9e-4ed6-9773-aebb750a0b02\") " pod="helmcontainersecuritycontextupgradeplatformit/test-hivemq-platform-0"
2025-01-29 13:44:08,132 INFO c.h.h.t.HelmChartContainer - [K3S] [reconciler_common.go:251] "operationExecutor.VerifyControllerAttachedVolume started for volume \"pod-info\" (UniqueName: \"kubernetes.io/configmap/d2986140-ff9e-4ed6-9773-aebb750a0b02-pod-info\") pod \"test-hivemq-platform-0\" (UID: \"d2986140-ff9e-4ed6-9773-aebb750a0b02\") " pod="helmcontainersecuritycontextupgradeplatformit/test-hivemq-platform-0"
2025-01-29 13:44:08,132 INFO c.h.h.t.HelmChartContainer - [K3S] [reconciler_common.go:251] "operationExecutor.VerifyControllerAttachedVolume started for volume \"broker-configuration\" (UniqueName: \"kubernetes.io/configmap/d2986140-ff9e-4ed6-9773-aebb750a0b02-broker-configuration\") pod \"test-hivemq-platform-0\" (UID: \"d2986140-ff9e-4ed6-9773-aebb750a0b02\") " pod="helmcontainersecuritycontextupgradeplatformit/test-hivemq-platform-0"
2025-01-29 13:44:08,132 INFO c.h.h.t.HelmChartContainer - [POD] test-hivemq-platform-0 [d2986140-ff9e-4ed6-9773-aebb750a0b02] in helmcontainersecuritycontextupgradeplatformit was MODIFIED
2025-01-29 13:44:08,155 INFO c.h.h.t.HelmChartContainer - [K3S] [scope.go:117] "RemoveContainer" containerID="328227c9ecaa68c84049ca25ce6a2bc00063025b5bd7eae58595365aa532cf70"
2025-01-29 13:44:08,162 INFO c.h.h.t.HelmChartContainer - [K3S] [scope.go:117] "RemoveContainer" containerID="24e29b2cf90ad31c2e5bb365d744e7aa59fb96f71f3f9dca4038c5b13cf91d93"
2025-01-29 13:44:08,167 INFO c.h.h.t.HelmChartContainer - [K3S] [scope.go:117] "RemoveContainer" containerID="328227c9ecaa68c84049ca25ce6a2bc00063025b5bd7eae58595365aa532cf70"
2025-01-29 13:44:08,173 INFO c.h.h.t.HelmChartContainer - [hivemq-test-hivemq-platform] [hivemq-platform-operator] [1d56d045] 13:44:08.164 [pool-6-thread-49] DEBUG c.h.p.o.d.PodServiceAccountResource - [helmcont] Desired PodServiceAccountResource (serviceAccountName: hivemq-platform-pod-test-hivemq-platform)
2025-01-29 13:44:08,173 INFO c.h.h.t.HelmChartContainer - [hivemq-test-hivemq-platform] [hivemq-platform-operator] [1d56d045] 13:44:08.165 [pool-6-thread-48] DEBUG c.h.p.o.dependants.PodInfoConfigMap - [helmcont] Desired PodInfo ConfigMap (1 extensions) (1 enabled)
2025-01-29 13:44:08,173 INFO c.h.h.t.HelmChartContainer - [hivemq-test-hivemq-platform] [hivemq-platform-operator] [1d56d045] 13:44:08.165 [pool-6-thread-48] DEBUG c.h.p.o.dependants.PodInfoConfigMap - [helmcont] Desired PodInfo ConfigMap (metrics port: 9399) (metrics path: /)
2025-01-29 13:44:08,173 INFO c.h.h.t.HelmChartContainer - [hivemq-test-hivemq-platform] [hivemq-platform-operator] [1d56d045] 13:44:08.165 [pool-6-thread-48] DEBUG c.h.p.o.dependants.PodInfoConfigMap - [helmcont] Desired PodInfo ConfigMap (extension state hash: -1817474005)
2025-01-29 13:44:08,173 INFO c.h.h.t.HelmChartContainer - [hivemq-test-hivemq-platform] [hivemq-platform-operator] [1d56d045] 13:44:08.168 [pool-6-thread-45] DEBUG c.h.p.o.d.StatefulSetResource - [helmcont] Desired StatefulSet (2 replicas) for status ROLLING_RESTART (RESTART_PODS_IN_PROGRESS)
2025-01-29 13:44:08,173 INFO c.h.h.t.HelmChartContainer - [hivemq-test-hivemq-platform] [hivemq-platform-operator] [1d56d045] 13:44:08.172 [ReconcilerExecutor-hivemq-controller-133] INFO  c.h.p.o.HiveMQPlatformReconciler - [helmcont] Reconciling HiveMQ Platform 'test-hivemq-platform' in namespace 'helmcontainersecuritycontextupgradeplatformit'
2025-01-29 13:44:08,173 INFO c.h.h.t.HelmChartContainer - [hivemq-test-hivemq-platform] [hivemq-platform-operator] [1d56d045] 13:44:08.172 [ReconcilerExecutor-hivemq-controller-133] DEBUG c.h.p.o.HiveMQPlatformReconciler - [helmcont] Custom Resource Status ROLLING_RESTART - HiveMQ Platform is restarting Pods (rolling restart) (RESTART_PODS_IN_PROGRESS)
2025-01-29 13:44:08,181 INFO c.h.h.t.HelmChartContainer - [hivemq-test-hivemq-platform] [hivemq-platform-operator] [1d56d045] 13:44:08.172 [ReconcilerExecutor-hivemq-controller-133] DEBUG c.h.p.o.HiveMQPlatformReconciler - [helmcont] Custom Resource Spec (replicas: 1) (extensions: 1)
2025-01-29 13:44:08,181 INFO c.h.h.t.HelmChartContainer - [hivemq-test-hivemq-platform] [hivemq-platform-operator] [1d56d045] 13:44:08.174 [ReconcilerExecutor-hivemq-controller-133] DEBUG c.h.p.o.HiveMQPlatformReconciler - [helmcont] StatefulSet Status (revision: test-hivemq-platform-85948b8786, replicas: 2, available: 1, ready: 1, current: 0, updated: 2)
2025-01-29 13:44:08,181 INFO c.h.h.t.HelmChartContainer - [hivemq-test-hivemq-platform] [hivemq-platform-operator] [1d56d045] 13:44:08.174 [ReconcilerExecutor-hivemq-controller-133] DEBUG c.h.p.o.HiveMQPlatformReconciler - [helmcont] StatefulSet Spec (replicas: 2, init containers: 1, containers: 1, volumes: 3)
2025-01-29 13:44:08,181 INFO c.h.h.t.HelmChartContainer - [hivemq-test-hivemq-platform] [hivemq-platform-operator] [1d56d045] 13:44:08.176 [ReconcilerExecutor-hivemq-controller-133] DEBUG c.h.p.o.h.HiveMQPlatformReconcilerErrorHandler - [helmcont] Pod 'test-hivemq-platform-1' phase Running
2025-01-29 13:44:08,181 INFO c.h.h.t.HelmChartContainer - [hivemq-test-hivemq-platform] [hivemq-platform-operator] [1d56d045] 13:44:08.177 [ReconcilerExecutor-hivemq-controller-133] DEBUG c.h.p.o.h.HiveMQPlatformReconcilerErrorHandler - [helmcont] Pod 'test-hivemq-platform-0' phase Pending
2025-01-29 13:44:08,181 INFO c.h.h.t.HelmChartContainer - [hivemq-test-hivemq-platform] [hivemq-platform-operator] [1d56d045] 13:44:08.177 [ReconcilerExecutor-hivemq-controller-133] DEBUG c.h.p.o.h.HiveMQPlatformReconcilerErrorHandler - [helmcont] Pod 'test-hivemq-platform-0' condition 'PodReadyToStartContainers': False
2025-01-29 13:44:08,181 INFO c.h.h.t.HelmChartContainer - [hivemq-test-hivemq-platform] [hivemq-platform-operator] [1d56d045] 13:44:08.177 [ReconcilerExecutor-hivemq-controller-133] DEBUG c.h.p.o.h.HiveMQPlatformReconcilerErrorHandler - [helmcont] Pod 'test-hivemq-platform-0' condition 'Initialized': False
2025-01-29 13:44:08,181 INFO c.h.h.t.HelmChartContainer - [hivemq-test-hivemq-platform] [hivemq-platform-operator] [1d56d045] 13:44:08.177 [ReconcilerExecutor-hivemq-controller-133] DEBUG c.h.p.o.h.HiveMQPlatformReconcilerErrorHandler - [helmcont] Pod 'test-hivemq-platform-0' condition 'Ready': False
2025-01-29 13:44:08,181 INFO c.h.h.t.HelmChartContainer - [hivemq-test-hivemq-platform] [hivemq-platform-operator] [1d56d045] 13:44:08.177 [ReconcilerExecutor-hivemq-controller-133] DEBUG c.h.p.o.h.HiveMQPlatformReconcilerErrorHandler - [helmcont] Pod 'test-hivemq-platform-0' condition 'ContainersReady': False
2025-01-29 13:44:08,181 INFO c.h.h.t.HelmChartContainer - [hivemq-test-hivemq-platform] [hivemq-platform-operator] [1d56d045] 13:44:08.178 [ReconcilerExecutor-hivemq-controller-133] DEBUG c.h.p.o.h.HiveMQPlatformReconcilerErrorHandler - [helmcont] Pod 'test-hivemq-platform-0' condition 'PodScheduled': True
2025-01-29 13:44:08,181 INFO c.h.h.t.HelmChartContainer - [hivemq-test-hivemq-platform] [hivemq-platform-operator] [1d56d045] 13:44:08.178 [ReconcilerExecutor-hivemq-controller-133] DEBUG c.h.p.o.h.HiveMQPlatformReconcilerErrorHandler - [helmcont] Pod 'test-hivemq-platform-0' containerStatus 'hivemq' (started: false) (ready: false) (waiting: [PodInitializing] null)
2025-01-29 13:44:08,181 INFO c.h.h.t.HelmChartContainer - [hivemq-test-hivemq-platform] [hivemq-platform-operator] [1d56d045] 13:44:08.178 [ReconcilerExecutor-hivemq-controller-133] DEBUG c.h.p.o.h.HiveMQPlatformReconcilerRollingRestartHandler - [helmcont] Rolling restart is waiting for 1 of 2 replicas
2025-01-29 13:44:08,267 INFO c.h.h.t.HelmChartContainer - [hivemq-test-hivemq-platform] [hivemq-platform-operator] [1d56d045] 13:44:08.264 [pool-6-thread-10] DEBUG c.h.p.o.d.PlatformServiceResource - [helmcont] Desired Platform services (3 services)
2025-01-29 13:44:08,269 INFO c.h.h.t.HelmChartContainer - [hivemq-test-hivemq-platform] [hivemq-platform-operator] [1d56d045] 13:44:08.265 [pool-6-thread-2] DEBUG c.h.p.o.d.PodServiceAccountResource - [helmcont] Desired PodServiceAccountResource (serviceAccountName: hivemq-platform-pod-test-hivemq-platform)
2025-01-29 13:44:08,269 INFO c.h.h.t.HelmChartContainer - [hivemq-test-hivemq-platform] [hivemq-platform-operator] [1d56d045] 13:44:08.266 [pool-6-thread-4] DEBUG c.h.p.o.dependants.PodInfoConfigMap - [helmcont] Desired PodInfo ConfigMap (1 extensions) (1 enabled)
2025-01-29 13:44:08,269 INFO c.h.h.t.HelmChartContainer - [hivemq-test-hivemq-platform] [hivemq-platform-operator] [1d56d045] 13:44:08.267 [pool-6-thread-4] DEBUG c.h.p.o.dependants.PodInfoConfigMap - [helmcont] Desired PodInfo ConfigMap (metrics port: 9399) (metrics path: /)
2025-01-29 13:44:08,269 INFO c.h.h.t.HelmChartContainer - [hivemq-test-hivemq-platform] [hivemq-platform-operator] [1d56d045] 13:44:08.267 [pool-6-thread-4] DEBUG c.h.p.o.dependants.PodInfoConfigMap - [helmcont] Desired PodInfo ConfigMap (extension state hash: -1817474005)
2025-01-29 13:44:08,274 INFO c.h.h.t.HelmChartContainer - [hivemq-test-hivemq-platform] [hivemq-platform-operator] [1d56d045] 13:44:08.271 [pool-6-thread-10] DEBUG c.h.p.o.d.StatefulSetResource - [helmcont] Desired StatefulSet (2 replicas) for status ROLLING_RESTART (RESTART_PODS_IN_PROGRESS)
2025-01-29 13:44:08,277 INFO c.h.h.t.HelmChartContainer - [hivemq-test-hivemq-platform] [hivemq-platform-operator] [1d56d045] 13:44:08.274 [ReconcilerExecutor-hivemq-controller-135] INFO  c.h.p.o.HiveMQPlatformReconciler - [helmcont] Reconciling HiveMQ Platform 'test-hivemq-platform' in namespace 'helmcontainersecuritycontextupgradeplatformit'
2025-01-29 13:44:08,277 INFO c.h.h.t.HelmChartContainer - [hivemq-test-hivemq-platform] [hivemq-platform-operator] [1d56d045] 13:44:08.274 [ReconcilerExecutor-hivemq-controller-135] DEBUG c.h.p.o.HiveMQPlatformReconciler - [helmcont] Custom Resource Status ROLLING_RESTART - HiveMQ Platform is restarting Pods (rolling restart) (RESTART_PODS_IN_PROGRESS)
2025-01-29 13:44:08,277 INFO c.h.h.t.HelmChartContainer - [hivemq-test-hivemq-platform] [hivemq-platform-operator] [1d56d045] 13:44:08.274 [ReconcilerExecutor-hivemq-controller-135] DEBUG c.h.p.o.HiveMQPlatformReconciler - [helmcont] Custom Resource Spec (replicas: 1) (extensions: 1)
2025-01-29 13:44:08,278 INFO c.h.h.t.HelmChartContainer - [hivemq-test-hivemq-platform] [hivemq-platform-operator] [1d56d045] 13:44:08.276 [ReconcilerExecutor-hivemq-controller-135] DEBUG c.h.p.o.HiveMQPlatformReconciler - [helmcont] StatefulSet Status (revision: test-hivemq-platform-85948b8786, replicas: 2, available: 1, ready: 1, current: 0, updated: 2)
2025-01-29 13:44:08,278 INFO c.h.h.t.HelmChartContainer - [hivemq-test-hivemq-platform] [hivemq-platform-operator] [1d56d045] 13:44:08.276 [ReconcilerExecutor-hivemq-controller-135] DEBUG c.h.p.o.HiveMQPlatformReconciler - [helmcont] StatefulSet Spec (replicas: 2, init containers: 1, containers: 1, volumes: 3)
2025-01-29 13:44:08,281 INFO c.h.h.t.HelmChartContainer - [hivemq-test-hivemq-platform] [hivemq-platform-operator] [1d56d045] 13:44:08.280 [ReconcilerExecutor-hivemq-controller-135] DEBUG c.h.p.o.h.HiveMQPlatformReconcilerErrorHandler - [helmcont] Pod 'test-hivemq-platform-1' phase Running
2025-01-29 13:44:08,283 INFO c.h.h.t.HelmChartContainer - [hivemq-test-hivemq-platform] [hivemq-platform-operator] [1d56d045] 13:44:08.281 [ReconcilerExecutor-hivemq-controller-135] DEBUG c.h.p.o.h.HiveMQPlatformReconcilerErrorHandler - [helmcont] Pod 'test-hivemq-platform-0' phase Pending
2025-01-29 13:44:08,283 INFO c.h.h.t.HelmChartContainer - [hivemq-test-hivemq-platform] [hivemq-platform-operator] [1d56d045] 13:44:08.281 [ReconcilerExecutor-hivemq-controller-135] DEBUG c.h.p.o.h.HiveMQPlatformReconcilerErrorHandler - [helmcont] Pod 'test-hivemq-platform-0' condition 'PodReadyToStartContainers': False
2025-01-29 13:44:08,284 INFO c.h.h.t.HelmChartContainer - [hivemq-test-hivemq-platform] [hivemq-platform-operator] [1d56d045] 13:44:08.281 [ReconcilerExecutor-hivemq-controller-135] DEBUG c.h.p.o.h.HiveMQPlatformReconcilerErrorHandler - [helmcont] Pod 'test-hivemq-platform-0' condition 'Initialized': False
2025-01-29 13:44:08,284 INFO c.h.h.t.HelmChartContainer - [hivemq-test-hivemq-platform] [hivemq-platform-operator] [1d56d045] 13:44:08.281 [ReconcilerExecutor-hivemq-controller-135] DEBUG c.h.p.o.h.HiveMQPlatformReconcilerErrorHandler - [helmcont] Pod 'test-hivemq-platform-0' condition 'Ready': False
2025-01-29 13:44:08,284 INFO c.h.h.t.HelmChartContainer - [hivemq-test-hivemq-platform] [hivemq-platform-operator] [1d56d045] 13:44:08.281 [ReconcilerExecutor-hivemq-controller-135] DEBUG c.h.p.o.h.HiveMQPlatformReconcilerErrorHandler - [helmcont] Pod 'test-hivemq-platform-0' condition 'ContainersReady': False
2025-01-29 13:44:08,284 INFO c.h.h.t.HelmChartContainer - [hivemq-test-hivemq-platform] [hivemq-platform-operator] [1d56d045] 13:44:08.281 [ReconcilerExecutor-hivemq-controller-135] DEBUG c.h.p.o.h.HiveMQPlatformReconcilerErrorHandler - [helmcont] Pod 'test-hivemq-platform-0' condition 'PodScheduled': True
2025-01-29 13:44:08,284 INFO c.h.h.t.HelmChartContainer - [hivemq-test-hivemq-platform] [hivemq-platform-operator] [1d56d045] 13:44:08.281 [ReconcilerExecutor-hivemq-controller-135] DEBUG c.h.p.o.h.HiveMQPlatformReconcilerErrorHandler - [helmcont] Pod 'test-hivemq-platform-0' containerStatus 'hivemq' (started: false) (ready: false) (waiting: [PodInitializing] null)
2025-01-29 13:44:08,284 INFO c.h.h.t.HelmChartContainer - [hivemq-test-hivemq-platform] [hivemq-platform-operator] [1d56d045] 13:44:08.282 [ReconcilerExecutor-hivemq-controller-135] DEBUG c.h.p.o.h.HiveMQPlatformReconcilerRollingRestartHandler - [helmcont] Rolling restart is waiting for 1 of 2 replicas
2025-01-29 13:44:08,458 INFO c.h.h.t.HelmChartContainer - [EVENT] Normal [Pulled] Container image "docker.io/hivemq/hivemq-platform-operator-init-test:snapshot" already present on machine [helmcontainersecuritycontextupgradeplatformit:test-hivemq-platform-0]
2025-01-29 13:44:08,467 INFO c.h.h.t.HelmChartContainer - [EVENT] Normal [Created] Created container: hivemq-platform-operator-init [helmcontainersecuritycontextupgradeplatformit:test-hivemq-platform-0]
2025-01-29 13:44:08,514 INFO c.h.h.t.HelmChartContainer - [EVENT] Normal [Started] Started container hivemq-platform-operator-init [helmcontainersecuritycontextupgradeplatformit:test-hivemq-platform-0]
2025-01-29 13:44:08,988 INFO c.h.h.t.HelmChartContainer - [EVENT] Normal [Pulled] Container image "docker.io/hivemq/hivemq4:4.36.0" already present on machine [helmcontainersecuritycontextupgradeplatformit:test-hivemq-platform-0]
2025-01-29 13:44:08,989 INFO c.h.h.t.HelmChartContainer - Received Pulled event for container hivemq in pod test-hivemq-platform-0 [d2986140-ff9e-4ed6-9773-aebb750a0b02]
2025-01-29 13:44:08,995 INFO c.h.h.t.HelmChartContainer - [POD] test-hivemq-platform-0 [d2986140-ff9e-4ed6-9773-aebb750a0b02] in helmcontainersecuritycontextupgradeplatformit was MODIFIED
2025-01-29 13:44:09,013 INFO c.h.h.t.HelmChartContainer - [EVENT] Normal [Created] Created container: hivemq [helmcontainersecuritycontextupgradeplatformit:test-hivemq-platform-0]
2025-01-29 13:44:09,013 INFO c.h.h.t.HelmChartContainer - Received Created event for container hivemq in pod test-hivemq-platform-0 [d2986140-ff9e-4ed6-9773-aebb750a0b02]
2025-01-29 13:44:09,021 INFO c.h.h.t.HelmChartContainer - [hivemq-test-hivemq-platform] [hivemq-platform-operator] [1d56d045] 13:44:09.010 [pool-6-thread-16] DEBUG c.h.p.o.d.PlatformServiceResource - [helmcont] Desired Platform services (3 services)
2025-01-29 13:44:09,022 INFO c.h.h.t.HelmChartContainer - [hivemq-test-hivemq-platform] [hivemq-platform-operator] [1d56d045] 13:44:09.016 [pool-6-thread-20] DEBUG c.h.p.o.dependants.PodInfoConfigMap - [helmcont] Desired PodInfo ConfigMap (1 extensions) (1 enabled)
2025-01-29 13:44:09,023 INFO c.h.h.t.HelmChartContainer - [hivemq-test-hivemq-platform] [hivemq-platform-operator] [1d56d045] 13:44:09.016 [pool-6-thread-20] DEBUG c.h.p.o.dependants.PodInfoConfigMap - [helmcont] Desired PodInfo ConfigMap (metrics port: 9399) (metrics path: /)
2025-01-29 13:44:09,026 INFO c.h.h.t.HelmChartContainer - [hivemq-test-hivemq-platform] [hivemq-platform-operator] [1d56d045] 13:44:09.016 [pool-6-thread-20] DEBUG c.h.p.o.dependants.PodInfoConfigMap - [helmcont] Desired PodInfo ConfigMap (extension state hash: -1817474005)
2025-01-29 13:44:09,029 INFO c.h.h.t.HelmChartContainer - [hivemq-test-hivemq-platform] [hivemq-platform-operator] [1d56d045] 13:44:09.022 [pool-6-thread-11] DEBUG c.h.p.o.d.PodServiceAccountResource - [helmcont] Desired PodServiceAccountResource (serviceAccountName: hivemq-platform-pod-test-hivemq-platform)
2025-01-29 13:44:09,034 INFO c.h.h.t.HelmChartContainer - [hivemq-test-hivemq-platform] [hivemq-platform-operator] [1d56d045] 13:44:09.031 [pool-6-thread-13] DEBUG c.h.p.o.d.StatefulSetResource - [helmcont] Desired StatefulSet (2 replicas) for status ROLLING_RESTART (RESTART_PODS_IN_PROGRESS)
2025-01-29 13:44:09,038 INFO c.h.h.t.HelmChartContainer - [hivemq-test-hivemq-platform] [hivemq-platform-operator] [1d56d045] 13:44:09.035 [ReconcilerExecutor-hivemq-controller-136] INFO  c.h.p.o.HiveMQPlatformReconciler - [helmcont] Reconciling HiveMQ Platform 'test-hivemq-platform' in namespace 'helmcontainersecuritycontextupgradeplatformit'
2025-01-29 13:44:09,038 INFO c.h.h.t.HelmChartContainer - [hivemq-test-hivemq-platform] [hivemq-platform-operator] [1d56d045] 13:44:09.035 [ReconcilerExecutor-hivemq-controller-136] DEBUG c.h.p.o.HiveMQPlatformReconciler - [helmcont] Custom Resource Status ROLLING_RESTART - HiveMQ Platform is restarting Pods (rolling restart) (RESTART_PODS_IN_PROGRESS)
2025-01-29 13:44:09,038 INFO c.h.h.t.HelmChartContainer - [hivemq-test-hivemq-platform] [hivemq-platform-operator] [1d56d045] 13:44:09.035 [ReconcilerExecutor-hivemq-controller-136] DEBUG c.h.p.o.HiveMQPlatformReconciler - [helmcont] Custom Resource Spec (replicas: 1) (extensions: 1)
2025-01-29 13:44:09,038 INFO c.h.h.t.HelmChartContainer - [hivemq-test-hivemq-platform] [hivemq-platform-operator] [1d56d045] 13:44:09.037 [ReconcilerExecutor-hivemq-controller-136] DEBUG c.h.p.o.HiveMQPlatformReconciler - [helmcont] StatefulSet Status (revision: test-hivemq-platform-85948b8786, replicas: 2, available: 1, ready: 1, current: 0, updated: 2)
2025-01-29 13:44:09,039 INFO c.h.h.t.HelmChartContainer - [hivemq-test-hivemq-platform] [hivemq-platform-operator] [1d56d045] 13:44:09.037 [ReconcilerExecutor-hivemq-controller-136] DEBUG c.h.p.o.HiveMQPlatformReconciler - [helmcont] StatefulSet Spec (replicas: 2, init containers: 1, containers: 1, volumes: 3)
2025-01-29 13:44:09,043 INFO c.h.h.t.HelmChartContainer - [hivemq-test-hivemq-platform] [hivemq-platform-operator] [1d56d045] 13:44:09.038 [ReconcilerExecutor-hivemq-controller-136] DEBUG c.h.p.o.h.HiveMQPlatformReconcilerErrorHandler - [helmcont] Pod 'test-hivemq-platform-1' phase Running
2025-01-29 13:44:09,045 INFO c.h.h.t.HelmChartContainer - [hivemq-test-hivemq-platform] [hivemq-platform-operator] [1d56d045] 13:44:09.040 [ReconcilerExecutor-hivemq-controller-136] DEBUG c.h.p.o.h.HiveMQPlatformReconcilerErrorHandler - [helmcont] Pod 'test-hivemq-platform-0' phase Pending
2025-01-29 13:44:09,045 INFO c.h.h.t.HelmChartContainer - [hivemq-test-hivemq-platform] [hivemq-platform-operator] [1d56d045] 13:44:09.040 [ReconcilerExecutor-hivemq-controller-136] DEBUG c.h.p.o.h.HiveMQPlatformReconcilerErrorHandler - [helmcont] Pod 'test-hivemq-platform-0' condition 'PodReadyToStartContainers': True
2025-01-29 13:44:09,045 INFO c.h.h.t.HelmChartContainer - [hivemq-test-hivemq-platform] [hivemq-platform-operator] [1d56d045] 13:44:09.040 [ReconcilerExecutor-hivemq-controller-136] DEBUG c.h.p.o.h.HiveMQPlatformReconcilerErrorHandler - [helmcont] Pod 'test-hivemq-platform-0' condition 'Initialized': True
2025-01-29 13:44:09,045 INFO c.h.h.t.HelmChartContainer - [hivemq-test-hivemq-platform] [hivemq-platform-operator] [1d56d045] 13:44:09.040 [ReconcilerExecutor-hivemq-controller-136] DEBUG c.h.p.o.h.HiveMQPlatformReconcilerErrorHandler - [helmcont] Pod 'test-hivemq-platform-0' condition 'Ready': False
2025-01-29 13:44:09,045 INFO c.h.h.t.HelmChartContainer - [hivemq-test-hivemq-platform] [hivemq-platform-operator] [1d56d045] 13:44:09.040 [ReconcilerExecutor-hivemq-controller-136] DEBUG c.h.p.o.h.HiveMQPlatformReconcilerErrorHandler - [helmcont] Pod 'test-hivemq-platform-0' condition 'ContainersReady': False
2025-01-29 13:44:09,045 INFO c.h.h.t.HelmChartContainer - [hivemq-test-hivemq-platform] [hivemq-platform-operator] [1d56d045] 13:44:09.040 [ReconcilerExecutor-hivemq-controller-136] DEBUG c.h.p.o.h.HiveMQPlatformReconcilerErrorHandler - [helmcont] Pod 'test-hivemq-platform-0' condition 'PodScheduled': True
2025-01-29 13:44:09,045 INFO c.h.h.t.HelmChartContainer - [hivemq-test-hivemq-platform] [hivemq-platform-operator] [1d56d045] 13:44:09.040 [ReconcilerExecutor-hivemq-controller-136] DEBUG c.h.p.o.h.HiveMQPlatformReconcilerErrorHandler - [helmcont] Pod 'test-hivemq-platform-0' containerStatus 'hivemq' (started: false) (ready: false) (waiting: [PodInitializing] null)
2025-01-29 13:44:09,045 INFO c.h.h.t.HelmChartContainer - [hivemq-test-hivemq-platform] [hivemq-platform-operator] [1d56d045] 13:44:09.041 [ReconcilerExecutor-hivemq-controller-136] DEBUG c.h.p.o.h.HiveMQPlatformReconcilerRollingRestartHandler - [helmcont] Rolling restart is waiting for 1 of 2 replicas
2025-01-29 13:44:09,290 INFO c.h.h.t.HelmChartContainer - [K3S] [kubelet_volumes.go:163] "Cleaned up orphaned pod volumes dir" podUID="35552fea-4afe-4d24-acb9-2a83d459db12" path="/var/lib/kubelet/pods/35552fea-4afe-4d24-acb9-2a83d459db12/volumes"
2025-01-29 13:44:10,001 INFO c.h.h.t.HelmChartContainer - [POD] test-hivemq-platform-0 [d2986140-ff9e-4ed6-9773-aebb750a0b02] in helmcontainersecuritycontextupgradeplatformit was MODIFIED
2025-01-29 13:44:10,008 INFO c.h.h.t.HelmChartContainer - [hivemq-test-hivemq-platform] [hivemq-platform-operator] [1d56d045] 13:44:10.005 [pool-6-thread-25] DEBUG c.h.p.o.d.PlatformServiceResource - [helmcont] Desired Platform services (3 services)
2025-01-29 13:44:10,011 INFO c.h.h.t.HelmChartContainer - Started log watcher for hivemq in pod test-hivemq-platform-0 [d2986140-ff9e-4ed6-9773-aebb750a0b02]
2025-01-29 13:44:10,011 INFO c.h.h.t.HelmChartContainer - [test-hivemq-platform] [hivemq] [d2986140] Adding pre-installed HiveMQ Platform Operator extensions
2025-01-29 13:44:10,011 INFO c.h.h.t.HelmChartContainer - [test-hivemq-platform] [hivemq] [d2986140] Running as user 10000
2025-01-29 13:44:10,011 INFO c.h.h.t.HelmChartContainer - [test-hivemq-platform] [hivemq] [d2986140] Starting HiveMQ Platform Operator Init
2025-01-29 13:44:10,011 INFO c.h.h.t.HelmChartContainer - [EVENT] Normal [Started] Started container hivemq [helmcontainersecuritycontextupgradeplatformit:test-hivemq-platform-0]
2025-01-29 13:44:10,011 INFO c.h.h.t.HelmChartContainer - [hivemq-test-hivemq-platform] [hivemq-platform-operator] [1d56d045] 13:44:10.007 [pool-6-thread-26] DEBUG c.h.p.o.dependants.PodInfoConfigMap - [helmcont] Desired PodInfo ConfigMap (1 extensions) (1 enabled)
2025-01-29 13:44:10,011 INFO c.h.h.t.HelmChartContainer - [hivemq-test-hivemq-platform] [hivemq-platform-operator] [1d56d045] 13:44:10.008 [pool-6-thread-26] DEBUG c.h.p.o.dependants.PodInfoConfigMap - [helmcont] Desired PodInfo ConfigMap (metrics port: 9399) (metrics path: /)
2025-01-29 13:44:10,011 INFO c.h.h.t.HelmChartContainer - [hivemq-test-hivemq-platform] [hivemq-platform-operator] [1d56d045] 13:44:10.008 [pool-6-thread-26] DEBUG c.h.p.o.dependants.PodInfoConfigMap - [helmcont] Desired PodInfo ConfigMap (extension state hash: -1817474005)
2025-01-29 13:44:10,011 INFO c.h.h.t.HelmChartContainer - Received Started event for container hivemq in pod test-hivemq-platform-0 [d2986140-ff9e-4ed6-9773-aebb750a0b02]
2025-01-29 13:44:10,011 INFO c.h.h.t.HelmChartContainer - [hivemq-test-hivemq-platform] [hivemq-platform-operator] [1d56d045] 13:44:10.009 [pool-6-thread-29] DEBUG c.h.p.o.d.PodServiceAccountResource - [helmcont] Desired PodServiceAccountResource (serviceAccountName: hivemq-platform-pod-test-hivemq-platform)
2025-01-29 13:44:10,019 INFO c.h.h.t.HelmChartContainer - [hivemq-test-hivemq-platform] [hivemq-platform-operator] [1d56d045] 13:44:10.017 [pool-6-thread-26] DEBUG c.h.p.o.d.StatefulSetResource - [helmcont] Desired StatefulSet (2 replicas) for status ROLLING_RESTART (RESTART_PODS_IN_PROGRESS)
2025-01-29 13:44:10,021 INFO c.h.h.t.HelmChartContainer - [hivemq-test-hivemq-platform] [hivemq-platform-operator] [1d56d045] 13:44:10.020 [ReconcilerExecutor-hivemq-controller-137] INFO  c.h.p.o.HiveMQPlatformReconciler - [helmcont] Reconciling HiveMQ Platform 'test-hivemq-platform' in namespace 'helmcontainersecuritycontextupgradeplatformit'
2025-01-29 13:44:10,024 INFO c.h.h.t.HelmChartContainer - [hivemq-test-hivemq-platform] [hivemq-platform-operator] [1d56d045] 13:44:10.020 [ReconcilerExecutor-hivemq-controller-137] DEBUG c.h.p.o.HiveMQPlatformReconciler - [helmcont] Custom Resource Status ROLLING_RESTART - HiveMQ Platform is restarting Pods (rolling restart) (RESTART_PODS_IN_PROGRESS)
2025-01-29 13:44:10,025 INFO c.h.h.t.HelmChartContainer - [hivemq-test-hivemq-platform] [hivemq-platform-operator] [1d56d045] 13:44:10.020 [ReconcilerExecutor-hivemq-controller-137] DEBUG c.h.p.o.HiveMQPlatformReconciler - [helmcont] Custom Resource Spec (replicas: 1) (extensions: 1)
2025-01-29 13:44:10,026 INFO c.h.h.t.HelmChartContainer - [hivemq-test-hivemq-platform] [hivemq-platform-operator] [1d56d045] 13:44:10.022 [ReconcilerExecutor-hivemq-controller-137] DEBUG c.h.p.o.HiveMQPlatformReconciler - [helmcont] StatefulSet Status (revision: test-hivemq-platform-85948b8786, replicas: 2, available: 1, ready: 1, current: 0, updated: 2)
2025-01-29 13:44:10,026 INFO c.h.h.t.HelmChartContainer - [hivemq-test-hivemq-platform] [hivemq-platform-operator] [1d56d045] 13:44:10.022 [ReconcilerExecutor-hivemq-controller-137] DEBUG c.h.p.o.HiveMQPlatformReconciler - [helmcont] StatefulSet Spec (replicas: 2, init containers: 1, containers: 1, volumes: 3)
2025-01-29 13:44:10,026 INFO c.h.h.t.HelmChartContainer - [hivemq-test-hivemq-platform] [hivemq-platform-operator] [1d56d045] 13:44:10.023 [ReconcilerExecutor-hivemq-controller-137] DEBUG c.h.p.o.h.HiveMQPlatformReconcilerErrorHandler - [helmcont] Pod 'test-hivemq-platform-1' phase Running
2025-01-29 13:44:10,026 INFO c.h.h.t.HelmChartContainer - [hivemq-test-hivemq-platform] [hivemq-platform-operator] [1d56d045] 13:44:10.024 [ReconcilerExecutor-hivemq-controller-137] DEBUG c.h.p.o.h.HiveMQPlatformReconcilerErrorHandler - [helmcont] Pod 'test-hivemq-platform-0' phase Running
2025-01-29 13:44:10,026 INFO c.h.h.t.HelmChartContainer - [hivemq-test-hivemq-platform] [hivemq-platform-operator] [1d56d045] 13:44:10.024 [ReconcilerExecutor-hivemq-controller-137] DEBUG c.h.p.o.h.HiveMQPlatformReconcilerRollingRestartHandler - [helmcont] Rolling restart is waiting for 1 of 2 replicas
2025-01-29 13:44:10,389 INFO c.h.h.t.HelmChartContainer - [test-hivemq-platform] [hivemq] [d2986140] INFO  - [HiveMQ Platform Operator Init 1.7.0-SNAPSHOT] HiveMQ Platform Operator Init 1.7.0-SNAPSHOT (commit: bebf408 on branch: HEAD) built on Sun Jan 26 20:47:47 UTC 2025
2025-01-29 13:44:11,581 INFO c.h.h.t.HelmChartContainer - [test-hivemq-platform] [hivemq] [d2986140] INFO  - [HiveMQ Platform Operator Init App 1.7.0-SNAPSHOT] Using bind address 10.42.0.12 from environment variable
2025-01-29 13:44:12,500 INFO c.h.h.t.HelmChartContainer - [test-hivemq-platform] [hivemq] [d2986140] INFO  - [HiveMQ Platform Operator Init App 1.7.0-SNAPSHOT] HiveMQ Platform Operator Init App 1.7.0-SNAPSHOT (commit: bebf408 on branch: HEAD) built on Sun Jan 26 20:47:47 UTC 2025
2025-01-29 13:44:12,500 INFO c.h.h.t.HelmChartContainer - [test-hivemq-platform] [hivemq] [d2986140] INFO  - [HiveMQ Platform Operator Init App 1.7.0-SNAPSHOT] PodInfo ConfigMap directory: /etc/podinfo
2025-01-29 13:44:12,500 INFO c.h.h.t.HelmChartContainer - [test-hivemq-platform] [hivemq] [d2986140] INFO  - [HiveMQ Platform Operator Init App 1.7.0-SNAPSHOT] HiveMQ home directory: /opt/hivemq
2025-01-29 13:44:12,500 INFO c.h.h.t.HelmChartContainer - [test-hivemq-platform] [hivemq] [d2986140] INFO  - [HiveMQ Platform Operator Init App 1.7.0-SNAPSHOT] HiveMQ Logback folder: /opt/hivemq/conf
2025-01-29 13:44:12,500 INFO c.h.h.t.HelmChartContainer - [test-hivemq-platform] [hivemq] [d2986140] INFO  - [HiveMQ Platform Operator Init App 1.7.0-SNAPSHOT] HiveMQ Config folder: /opt/hivemq/conf-k8s
2025-01-29 13:44:12,571 INFO c.h.h.t.HelmChartContainer - [test-hivemq-platform] [hivemq] [d2986140] INFO  - [HiveMQ Platform Operator Init App 1.7.0-SNAPSHOT] Starting HiveMQ Platform Operator Init App
2025-01-29 13:44:12,572 INFO c.h.h.t.HelmChartContainer - [test-hivemq-platform] [hivemq] [d2986140] INFO  - [HiveMQ Platform Operator Init App 1.7.0-SNAPSHOT] Starting Pod reconciler
2025-01-29 13:44:13,797 INFO c.h.h.t.HelmChartContainer - [test-hivemq-platform] [hivemq] [d2986140] INFO  - [HiveMQ Platform Operator Init App 1.7.0-SNAPSHOT] Pod reconciler is scheduled (interval: 5000 ms)
2025-01-29 13:44:13,798 INFO c.h.h.t.HelmChartContainer - [test-hivemq-platform] [hivemq] [d2986140] INFO  - [HiveMQ Platform Operator Init App 1.7.0-SNAPSHOT] Starting the REST API on 10.42.0.12:7979
2025-01-29 13:44:13,800 INFO c.h.h.t.HelmChartContainer - [test-hivemq-platform] [hivemq] [d2986140] INFO  - [HiveMQ Platform Operator Init App 1.7.0-SNAPSHOT] Waiting up to 600s for at most 2 HiveMQ nodes in cluster service hivemq-test-hivemq-platform-cluster.helmcontainersecuritycontextupgradeplatformit.svc
2025-01-29 13:44:14,193 INFO c.h.h.t.HelmChartContainer - [test-hivemq-platform] [hivemq] [d2986140] INFO  - [HiveMQ Platform Operator Init App 1.7.0-SNAPSHOT] Resolved 2 IP addresses: [10.42.0.11, 10.42.0.12]
2025-01-29 13:44:14,193 INFO c.h.h.t.HelmChartContainer - [test-hivemq-platform] [hivemq] [d2986140] INFO  - [HiveMQ Platform Operator Init App 1.7.0-SNAPSHOT] HiveMQ node count of 2 is within threshold of 2
2025-01-29 13:44:14,194 INFO c.h.h.t.HelmChartContainer - [test-hivemq-platform] [hivemq] [d2986140] INFO  - [HiveMQ Platform Operator Init App 1.7.0-SNAPSHOT] Waiting 15s for previous shutdown replication to finish...
2025-01-29 13:44:15,999 INFO c.h.h.t.HelmChartContainer - [test-hivemq-platform] [hivemq] [d2986140] INFO  - [HiveMQ Platform Operator Init App 1.7.0-SNAPSHOT] Returning default Health API response 503 for readiness
2025-01-29 13:44:16,093 INFO c.h.h.t.HelmChartContainer - [EVENT] Warning [Unhealthy] Readiness probe failed: HTTP probe failed with statuscode: 503 [helmcontainersecuritycontextupgradeplatformit:test-hivemq-platform-0]
2025-01-29 13:44:16,093 INFO c.h.h.t.HelmChartContainer - Received Unhealthy event for container hivemq in pod test-hivemq-platform-0 [d2986140-ff9e-4ed6-9773-aebb750a0b02]
2025-01-29 13:44:20,028 INFO c.h.h.t.HelmChartContainer - [hivemq-test-hivemq-platform] [hivemq-platform-operator] [1d56d045] 13:44:20.026 [pool-6-thread-35] DEBUG c.h.p.o.d.PlatformServiceResource - [helmcont] Desired Platform services (3 services)
2025-01-29 13:44:20,030 INFO c.h.h.t.HelmChartContainer - [hivemq-test-hivemq-platform] [hivemq-platform-operator] [1d56d045] 13:44:20.027 [pool-6-thread-32] DEBUG c.h.p.o.d.PodServiceAccountResource - [helmcont] Desired PodServiceAccountResource (serviceAccountName: hivemq-platform-pod-test-hivemq-platform)
2025-01-29 13:44:20,031 INFO c.h.h.t.HelmChartContainer - [hivemq-test-hivemq-platform] [hivemq-platform-operator] [1d56d045] 13:44:20.027 [pool-6-thread-34] DEBUG c.h.p.o.dependants.PodInfoConfigMap - [helmcont] Desired PodInfo ConfigMap (1 extensions) (1 enabled)
2025-01-29 13:44:20,031 INFO c.h.h.t.HelmChartContainer - [hivemq-test-hivemq-platform] [hivemq-platform-operator] [1d56d045] 13:44:20.029 [pool-6-thread-34] DEBUG c.h.p.o.dependants.PodInfoConfigMap - [helmcont] Desired PodInfo ConfigMap (metrics port: 9399) (metrics path: /)
2025-01-29 13:44:20,031 INFO c.h.h.t.HelmChartContainer - [hivemq-test-hivemq-platform] [hivemq-platform-operator] [1d56d045] 13:44:20.029 [pool-6-thread-34] DEBUG c.h.p.o.dependants.PodInfoConfigMap - [helmcont] Desired PodInfo ConfigMap (extension state hash: -1817474005)
2025-01-29 13:44:20,032 INFO c.h.h.t.HelmChartContainer - [hivemq-test-hivemq-platform] [hivemq-platform-operator] [1d56d045] 13:44:20.031 [pool-6-thread-35] DEBUG c.h.p.o.d.StatefulSetResource - [helmcont] Desired StatefulSet (2 replicas) for status ROLLING_RESTART (RESTART_PODS_IN_PROGRESS)
2025-01-29 13:44:20,035 INFO c.h.h.t.HelmChartContainer - [hivemq-test-hivemq-platform] [hivemq-platform-operator] [1d56d045] 13:44:20.034 [ReconcilerExecutor-hivemq-controller-138] INFO  c.h.p.o.HiveMQPlatformReconciler - [helmcont] Reconciling HiveMQ Platform 'test-hivemq-platform' in namespace 'helmcontainersecuritycontextupgradeplatformit'
2025-01-29 13:44:20,035 INFO c.h.h.t.HelmChartContainer - [hivemq-test-hivemq-platform] [hivemq-platform-operator] [1d56d045] 13:44:20.034 [ReconcilerExecutor-hivemq-controller-138] DEBUG c.h.p.o.HiveMQPlatformReconciler - [helmcont] Custom Resource Status ROLLING_RESTART - HiveMQ Platform is restarting Pods (rolling restart) (RESTART_PODS_IN_PROGRESS)
2025-01-29 13:44:20,035 INFO c.h.h.t.HelmChartContainer - [hivemq-test-hivemq-platform] [hivemq-platform-operator] [1d56d045] 13:44:20.034 [ReconcilerExecutor-hivemq-controller-138] DEBUG c.h.p.o.HiveMQPlatformReconciler - [helmcont] Custom Resource Spec (replicas: 1) (extensions: 1)
2025-01-29 13:44:20,036 INFO c.h.h.t.HelmChartContainer - [hivemq-test-hivemq-platform] [hivemq-platform-operator] [1d56d045] 13:44:20.035 [ReconcilerExecutor-hivemq-controller-138] DEBUG c.h.p.o.HiveMQPlatformReconciler - [helmcont] StatefulSet Status (revision: test-hivemq-platform-85948b8786, replicas: 2, available: 1, ready: 1, current: 0, updated: 2)
2025-01-29 13:44:20,037 INFO c.h.h.t.HelmChartContainer - [hivemq-test-hivemq-platform] [hivemq-platform-operator] [1d56d045] 13:44:20.035 [ReconcilerExecutor-hivemq-controller-138] DEBUG c.h.p.o.HiveMQPlatformReconciler - [helmcont] StatefulSet Spec (replicas: 2, init containers: 1, containers: 1, volumes: 3)
2025-01-29 13:44:20,038 INFO c.h.h.t.HelmChartContainer - [hivemq-test-hivemq-platform] [hivemq-platform-operator] [1d56d045] 13:44:20.036 [ReconcilerExecutor-hivemq-controller-138] DEBUG c.h.p.o.h.HiveMQPlatformReconcilerErrorHandler - [helmcont] Pod 'test-hivemq-platform-1' phase Running
2025-01-29 13:44:20,039 INFO c.h.h.t.HelmChartContainer - [hivemq-test-hivemq-platform] [hivemq-platform-operator] [1d56d045] 13:44:20.038 [ReconcilerExecutor-hivemq-controller-138] DEBUG c.h.p.o.h.HiveMQPlatformReconcilerErrorHandler - [helmcont] Pod 'test-hivemq-platform-0' phase Running
2025-01-29 13:44:20,039 INFO c.h.h.t.HelmChartContainer - [hivemq-test-hivemq-platform] [hivemq-platform-operator] [1d56d045] 13:44:20.039 [ReconcilerExecutor-hivemq-controller-138] DEBUG c.h.p.o.h.HiveMQPlatformReconcilerRollingRestartHandler - [helmcont] Rolling restart is waiting for 1 of 2 replicas
2025-01-29 13:44:21,044 INFO c.h.h.t.HelmChartContainer - [EVENT] Warning [Unhealthy] Readiness probe failed: HTTP probe failed with statuscode: 503 [helmcontainersecuritycontextupgradeplatformit:test-hivemq-platform-0]
2025-01-29 13:44:21,044 INFO c.h.h.t.HelmChartContainer - Received Unhealthy event for container hivemq in pod test-hivemq-platform-0 [d2986140-ff9e-4ed6-9773-aebb750a0b02]
2025-01-29 13:44:21,491 INFO c.h.h.t.HelmChartContainer - [test-hivemq-platform] [hivemq] [d2986140] INFO  - [HiveMQ Platform Operator Init App 1.7.0-SNAPSHOT] Updating Pod HiveMQ Platform Operator Init App version annotation (version: 1.7.0-SNAPSHOT)
2025-01-29 13:44:21,948 INFO c.h.h.t.HelmChartContainer - [POD] test-hivemq-platform-0 [d2986140-ff9e-4ed6-9773-aebb750a0b02] in helmcontainersecuritycontextupgradeplatformit was MODIFIED
2025-01-29 13:44:21,954 INFO c.h.h.t.HelmChartContainer - [hivemq-test-hivemq-platform] [hivemq-platform-operator] [1d56d045] 13:44:21.950 [pool-6-thread-41] DEBUG c.h.p.o.d.PlatformServiceResource - [helmcont] Desired Platform services (3 services)
2025-01-29 13:44:21,955 INFO c.h.h.t.HelmChartContainer - [hivemq-test-hivemq-platform] [hivemq-platform-operator] [1d56d045] 13:44:21.951 [pool-6-thread-42] DEBUG c.h.p.o.dependants.PodInfoConfigMap - [helmcont] Desired PodInfo ConfigMap (1 extensions) (1 enabled)
2025-01-29 13:44:21,955 INFO c.h.h.t.HelmChartContainer - [hivemq-test-hivemq-platform] [hivemq-platform-operator] [1d56d045] 13:44:21.951 [pool-6-thread-42] DEBUG c.h.p.o.dependants.PodInfoConfigMap - [helmcont] Desired PodInfo ConfigMap (metrics port: 9399) (metrics path: /)
2025-01-29 13:44:21,955 INFO c.h.h.t.HelmChartContainer - [hivemq-test-hivemq-platform] [hivemq-platform-operator] [1d56d045] 13:44:21.951 [pool-6-thread-42] DEBUG c.h.p.o.dependants.PodInfoConfigMap - [helmcont] Desired PodInfo ConfigMap (extension state hash: -1817474005)
2025-01-29 13:44:21,955 INFO c.h.h.t.HelmChartContainer - [hivemq-test-hivemq-platform] [hivemq-platform-operator] [1d56d045] 13:44:21.952 [pool-6-thread-42] DEBUG c.h.p.o.d.PodServiceAccountResource - [helmcont] Desired PodServiceAccountResource (serviceAccountName: hivemq-platform-pod-test-hivemq-platform)
2025-01-29 13:44:21,956 INFO c.h.h.t.HelmChartContainer - [hivemq-test-hivemq-platform] [hivemq-platform-operator] [1d56d045] 13:44:21.955 [pool-6-thread-42] DEBUG c.h.p.o.d.StatefulSetResource - [helmcont] Desired StatefulSet (2 replicas) for status ROLLING_RESTART (RESTART_PODS_IN_PROGRESS)
2025-01-29 13:44:21,960 INFO c.h.h.t.HelmChartContainer - [hivemq-test-hivemq-platform] [hivemq-platform-operator] [1d56d045] 13:44:21.958 [ReconcilerExecutor-hivemq-controller-139] INFO  c.h.p.o.HiveMQPlatformReconciler - [helmcont] Reconciling HiveMQ Platform 'test-hivemq-platform' in namespace 'helmcontainersecuritycontextupgradeplatformit'
2025-01-29 13:44:21,960 INFO c.h.h.t.HelmChartContainer - [hivemq-test-hivemq-platform] [hivemq-platform-operator] [1d56d045] 13:44:21.958 [ReconcilerExecutor-hivemq-controller-139] DEBUG c.h.p.o.HiveMQPlatformReconciler - [helmcont] Custom Resource Status ROLLING_RESTART - HiveMQ Platform is restarting Pods (rolling restart) (RESTART_PODS_IN_PROGRESS)
2025-01-29 13:44:21,960 INFO c.h.h.t.HelmChartContainer - [hivemq-test-hivemq-platform] [hivemq-platform-operator] [1d56d045] 13:44:21.958 [ReconcilerExecutor-hivemq-controller-139] DEBUG c.h.p.o.HiveMQPlatformReconciler - [helmcont] Custom Resource Spec (replicas: 1) (extensions: 1)
2025-01-29 13:44:21,960 INFO c.h.h.t.HelmChartContainer - [hivemq-test-hivemq-platform] [hivemq-platform-operator] [1d56d045] 13:44:21.959 [ReconcilerExecutor-hivemq-controller-139] DEBUG c.h.p.o.HiveMQPlatformReconciler - [helmcont] StatefulSet Status (revision: test-hivemq-platform-85948b8786, replicas: 2, available: 1, ready: 1, current: 0, updated: 2)
2025-01-29 13:44:21,961 INFO c.h.h.t.HelmChartContainer - [hivemq-test-hivemq-platform] [hivemq-platform-operator] [1d56d045] 13:44:21.959 [ReconcilerExecutor-hivemq-controller-139] DEBUG c.h.p.o.HiveMQPlatformReconciler - [helmcont] StatefulSet Spec (replicas: 2, init containers: 1, containers: 1, volumes: 3)
2025-01-29 13:44:21,961 INFO c.h.h.t.HelmChartContainer - [hivemq-test-hivemq-platform] [hivemq-platform-operator] [1d56d045] 13:44:21.961 [ReconcilerExecutor-hivemq-controller-139] DEBUG c.h.p.o.h.HiveMQPlatformReconcilerErrorHandler - [helmcont] Pod 'test-hivemq-platform-1' phase Running
2025-01-29 13:44:21,963 INFO c.h.h.t.HelmChartContainer - [hivemq-test-hivemq-platform] [hivemq-platform-operator] [1d56d045] 13:44:21.962 [ReconcilerExecutor-hivemq-controller-139] DEBUG c.h.p.o.h.HiveMQPlatformReconcilerErrorHandler - [helmcont] Pod 'test-hivemq-platform-0' phase Running
2025-01-29 13:44:21,963 INFO c.h.h.t.HelmChartContainer - [hivemq-test-hivemq-platform] [hivemq-platform-operator] [1d56d045] 13:44:21.962 [ReconcilerExecutor-hivemq-controller-139] DEBUG c.h.p.o.h.HiveMQPlatformReconcilerRollingRestartHandler - [helmcont] Rolling restart is waiting for 1 of 2 replicas
2025-01-29 13:44:21,979 INFO c.h.h.t.HelmChartContainer - [EVENT] Warning [Unhealthy] Readiness probe failed: HTTP probe failed with statuscode: 503 [helmcontainersecuritycontextupgradeplatformit:test-hivemq-platform-0]
2025-01-29 13:44:21,979 INFO c.h.h.t.HelmChartContainer - Received Unhealthy event for container hivemq in pod test-hivemq-platform-0 [d2986140-ff9e-4ed6-9773-aebb750a0b02]
2025-01-29 13:44:21,982 INFO c.h.h.t.HelmChartContainer - [test-hivemq-platform] [hivemq] [d2986140] INFO  - [HiveMQ Platform Operator Init App 1.7.0-SNAPSHOT] Successfully updated Pod HiveMQ Platform Operator Init App version annotation (version: 1.7.0-SNAPSHOT)
2025-01-29 13:44:26,953 INFO c.h.h.t.HelmChartContainer - [EVENT] Warning [Unhealthy] Readiness probe failed: HTTP probe failed with statuscode: 503 [helmcontainersecuritycontextupgradeplatformit:test-hivemq-platform-0]
2025-01-29 13:44:26,953 INFO c.h.h.t.HelmChartContainer - Received Unhealthy event for container hivemq in pod test-hivemq-platform-0 [d2986140-ff9e-4ed6-9773-aebb750a0b02]
2025-01-29 13:44:29,194 INFO c.h.h.t.HelmChartContainer - [test-hivemq-platform] [hivemq] [d2986140] INFO  - [HiveMQ Platform Operator Init App 1.7.0-SNAPSHOT] Proceeding with container start
2025-01-29 13:44:29,197 INFO c.h.h.t.HelmChartContainer - [test-hivemq-platform] [hivemq] [d2986140] INFO  - [HiveMQ Platform Operator Init App 1.7.0-SNAPSHOT] Initializing HiveMQ Platform extensions with initial configuration: {hivemq-allow-all-extension={start-priority=-1, skip-https-hostname-verification=false, restart=true, config-version=0, header-version=0, c-uri=, priority=-1, uri=preinstalled, skip-https-certificate-validation=false, enabled=true}, hivemq-prometheus-extension={priority=-1, start-priority=-1, c-uri=, skip-https-hostname-verification=false, skip-https-certificate-validation=false, uri=preinstalled, request-header-path=no-request-headers, enabled=true, restart=true}}
2025-01-29 13:44:29,694 INFO c.h.h.t.HelmChartContainer - [test-hivemq-platform] [hivemq] [d2986140] INFO  - [HiveMQ Platform Operator Init App 1.7.0-SNAPSHOT] Extension hivemq-allow-all-extension was already enabled
2025-01-29 13:44:29,776 INFO c.h.h.t.HelmChartContainer - [test-hivemq-platform] [hivemq] [d2986140] INFO  - [HiveMQ Platform Operator Init App 1.7.0-SNAPSHOT] Successfully enabled extension hivemq-prometheus-extension
2025-01-29 13:44:29,780 INFO c.h.h.t.HelmChartContainer - [test-hivemq-platform] [hivemq] [d2986140] INFO  - [HiveMQ Platform Operator Init App 1.7.0-SNAPSHOT] Starting HiveMQ Platform version 4.36.0 (4.36.0)
2025-01-29 13:44:29,780 INFO c.h.h.t.HelmChartContainer - [test-hivemq-platform] [hivemq] [d2986140] INFO  - [HiveMQ Platform Operator Init App 1.7.0-SNAPSHOT] Configuring the HiveMQ Platform
2025-01-29 13:44:29,875 INFO c.h.h.t.HelmChartContainer - [test-hivemq-platform] [hivemq] [d2986140] INFO  - [HiveMQ Platform Operator Init App 1.7.0-SNAPSHOT] Changed logback.xml file scan period to 20 seconds
2025-01-29 13:44:29,888 INFO c.h.h.t.HelmChartContainer - [test-hivemq-platform] [hivemq] [d2986140] INFO  - [HiveMQ Platform Operator Init App 1.7.0-SNAPSHOT] Starting the HiveMQ Platform
2025-01-29 13:44:29,975 INFO c.h.h.t.HelmChartContainer - [test-hivemq-platform] [hivemq] [d2986140] -------------------------------------------------------------------------
2025-01-29 13:44:29,975 INFO c.h.h.t.HelmChartContainer - [test-hivemq-platform] [hivemq] [d2986140] 
2025-01-29 13:44:29,975 INFO c.h.h.t.HelmChartContainer - [test-hivemq-platform] [hivemq] [d2986140]                   _    _  _              __  __   ____
2025-01-29 13:44:29,975 INFO c.h.h.t.HelmChartContainer - [test-hivemq-platform] [hivemq] [d2986140]                  | |  | |(_)            |  \/  | / __ \
2025-01-29 13:44:29,975 INFO c.h.h.t.HelmChartContainer - [test-hivemq-platform] [hivemq] [d2986140]                  | |__| | _ __   __ ___ | \  / || |  | |
2025-01-29 13:44:29,975 INFO c.h.h.t.HelmChartContainer - [test-hivemq-platform] [hivemq] [d2986140]                  |  __  || |\ \ / // _ \| |\/| || |  | |
2025-01-29 13:44:29,975 INFO c.h.h.t.HelmChartContainer - [test-hivemq-platform] [hivemq] [d2986140]                  | |  | || | \ V /|  __/| |  | || |__| |
2025-01-29 13:44:29,975 INFO c.h.h.t.HelmChartContainer - [test-hivemq-platform] [hivemq] [d2986140]                  |_|  |_||_|  \_/  \___||_|  |_| \___\_\
2025-01-29 13:44:29,975 INFO c.h.h.t.HelmChartContainer - [test-hivemq-platform] [hivemq] [d2986140] 
2025-01-29 13:44:29,975 INFO c.h.h.t.HelmChartContainer - [test-hivemq-platform] [hivemq] [d2986140] -------------------------------------------------------------------------
2025-01-29 13:44:29,975 INFO c.h.h.t.HelmChartContainer - [test-hivemq-platform] [hivemq] [d2986140] 
2025-01-29 13:44:29,975 INFO c.h.h.t.HelmChartContainer - [test-hivemq-platform] [hivemq] [d2986140]   HiveMQ Start Script for Linux/Unix v1.14
2025-01-29 13:44:29,975 INFO c.h.h.t.HelmChartContainer - [test-hivemq-platform] [hivemq] [d2986140] 
2025-01-29 13:44:30,004 INFO c.h.h.t.HelmChartContainer - [test-hivemq-platform] [hivemq] [d2986140] -------------------------------------------------------------------------
2025-01-29 13:44:30,004 INFO c.h.h.t.HelmChartContainer - [test-hivemq-platform] [hivemq] [d2986140] 
2025-01-29 13:44:30,004 INFO c.h.h.t.HelmChartContainer - [test-hivemq-platform] [hivemq] [d2986140]   HIVEMQ_HOME: /opt/hivemq
2025-01-29 13:44:30,004 INFO c.h.h.t.HelmChartContainer - [test-hivemq-platform] [hivemq] [d2986140] 
2025-01-29 13:44:30,004 INFO c.h.h.t.HelmChartContainer - [test-hivemq-platform] [hivemq] [d2986140]   JAVA_OPTS: -XX:+UnlockExperimentalVMOptions -XX:InitialRAMPercentage=50 -XX:MaxRAMPercentage=50 -Djava.net.preferIPv4Stack=true --add-opens java.base/java.lang=ALL-UNNAMED --add-opens java.base/java.nio=ALL-UNNAMED --add-opens java.base/sun.nio.ch=ALL-UNNAMED --add-opens jdk.management/com.sun.management.internal=ALL-UNNAMED --add-exports java.base/jdk.internal.misc=ALL-UNNAMED -Djava.security.egd=file:/dev/./urandom -Dcom.sun.management.jmxremote -Dcom.sun.management.jmxremote.port=9010 -Dcom.sun.management.jmxremote.local.only=false -Dcom.sun.management.jmxremote.authenticate=false -Dcom.sun.management.jmxremote.ssl=false -Duser.language=en -Duser.region=US -XX:+CrashOnOutOfMemoryError -XX:+HeapDumpOnOutOfMemoryError
2025-01-29 13:44:30,004 INFO c.h.h.t.HelmChartContainer - [test-hivemq-platform] [hivemq] [d2986140] 
2025-01-29 13:44:30,004 INFO c.h.h.t.HelmChartContainer - [test-hivemq-platform] [hivemq] [d2986140]   JAVA_VERSION: 21
2025-01-29 13:44:30,004 INFO c.h.h.t.HelmChartContainer - [test-hivemq-platform] [hivemq] [d2986140] 
2025-01-29 13:44:30,004 INFO c.h.h.t.HelmChartContainer - [test-hivemq-platform] [hivemq] [d2986140] -------------------------------------------------------------------------
2025-01-29 13:44:30,004 INFO c.h.h.t.HelmChartContainer - [test-hivemq-platform] [hivemq] [d2986140] 
2025-01-29 13:44:31,968 INFO c.h.h.t.HelmChartContainer - [hivemq-test-hivemq-platform] [hivemq-platform-operator] [1d56d045] 13:44:31.966 [pool-6-thread-4] DEBUG c.h.p.o.d.PodServiceAccountResource - [helmcont] Desired PodServiceAccountResource (serviceAccountName: hivemq-platform-pod-test-hivemq-platform)
2025-01-29 13:44:31,968 INFO c.h.h.t.HelmChartContainer - [hivemq-test-hivemq-platform] [hivemq-platform-operator] [1d56d045] 13:44:31.966 [pool-6-thread-5] DEBUG c.h.p.o.d.PlatformServiceResource - [helmcont] Desired Platform services (3 services)
2025-01-29 13:44:31,970 INFO c.h.h.t.HelmChartContainer - [hivemq-test-hivemq-platform] [hivemq-platform-operator] [1d56d045] 13:44:31.967 [pool-6-thread-1] DEBUG c.h.p.o.dependants.PodInfoConfigMap - [helmcont] Desired PodInfo ConfigMap (1 extensions) (1 enabled)
2025-01-29 13:44:31,972 INFO c.h.h.t.HelmChartContainer - [hivemq-test-hivemq-platform] [hivemq-platform-operator] [1d56d045] 13:44:31.968 [pool-6-thread-1] DEBUG c.h.p.o.dependants.PodInfoConfigMap - [helmcont] Desired PodInfo ConfigMap (metrics port: 9399) (metrics path: /)
2025-01-29 13:44:31,972 INFO c.h.h.t.HelmChartContainer - [hivemq-test-hivemq-platform] [hivemq-platform-operator] [1d56d045] 13:44:31.970 [pool-6-thread-1] DEBUG c.h.p.o.dependants.PodInfoConfigMap - [helmcont] Desired PodInfo ConfigMap (extension state hash: -1817474005)
2025-01-29 13:44:31,974 INFO c.h.h.t.HelmChartContainer - [hivemq-test-hivemq-platform] [hivemq-platform-operator] [1d56d045] 13:44:31.971 [pool-6-thread-1] DEBUG c.h.p.o.d.StatefulSetResource - [helmcont] Desired StatefulSet (2 replicas) for status ROLLING_RESTART (RESTART_PODS_IN_PROGRESS)
2025-01-29 13:44:31,988 INFO c.h.h.t.HelmChartContainer - [hivemq-test-hivemq-platform] [hivemq-platform-operator] [1d56d045] 13:44:31.986 [ReconcilerExecutor-hivemq-controller-140] INFO  c.h.p.o.HiveMQPlatformReconciler - [helmcont] Reconciling HiveMQ Platform 'test-hivemq-platform' in namespace 'helmcontainersecuritycontextupgradeplatformit'
2025-01-29 13:44:31,989 INFO c.h.h.t.HelmChartContainer - [EVENT] Warning [Unhealthy] Readiness probe failed: HTTP probe failed with statuscode: 503 [helmcontainersecuritycontextupgradeplatformit:test-hivemq-platform-0]
2025-01-29 13:44:31,989 INFO c.h.h.t.HelmChartContainer - Received Unhealthy event for container hivemq in pod test-hivemq-platform-0 [d2986140-ff9e-4ed6-9773-aebb750a0b02]
2025-01-29 13:44:31,990 INFO c.h.h.t.HelmChartContainer - [hivemq-test-hivemq-platform] [hivemq-platform-operator] [1d56d045] 13:44:31.987 [ReconcilerExecutor-hivemq-controller-140] DEBUG c.h.p.o.HiveMQPlatformReconciler - [helmcont] Custom Resource Status ROLLING_RESTART - HiveMQ Platform is restarting Pods (rolling restart) (RESTART_PODS_IN_PROGRESS)
2025-01-29 13:44:31,990 INFO c.h.h.t.HelmChartContainer - [hivemq-test-hivemq-platform] [hivemq-platform-operator] [1d56d045] 13:44:31.987 [ReconcilerExecutor-hivemq-controller-140] DEBUG c.h.p.o.HiveMQPlatformReconciler - [helmcont] Custom Resource Spec (replicas: 1) (extensions: 1)
2025-01-29 13:44:31,990 INFO c.h.h.t.HelmChartContainer - [hivemq-test-hivemq-platform] [hivemq-platform-operator] [1d56d045] 13:44:31.989 [ReconcilerExecutor-hivemq-controller-140] DEBUG c.h.p.o.HiveMQPlatformReconciler - [helmcont] StatefulSet Status (revision: test-hivemq-platform-85948b8786, replicas: 2, available: 1, ready: 1, current: 0, updated: 2)
2025-01-29 13:44:31,990 INFO c.h.h.t.HelmChartContainer - [hivemq-test-hivemq-platform] [hivemq-platform-operator] [1d56d045] 13:44:31.989 [ReconcilerExecutor-hivemq-controller-140] DEBUG c.h.p.o.HiveMQPlatformReconciler - [helmcont] StatefulSet Spec (replicas: 2, init containers: 1, containers: 1, volumes: 3)
2025-01-29 13:44:31,993 INFO c.h.h.t.HelmChartContainer - [hivemq-test-hivemq-platform] [hivemq-platform-operator] [1d56d045] 13:44:31.992 [ReconcilerExecutor-hivemq-controller-140] DEBUG c.h.p.o.h.HiveMQPlatformReconcilerErrorHandler - [helmcont] Pod 'test-hivemq-platform-1' phase Running
2025-01-29 13:44:31,995 INFO c.h.h.t.HelmChartContainer - [hivemq-test-hivemq-platform] [hivemq-platform-operator] [1d56d045] 13:44:31.994 [ReconcilerExecutor-hivemq-controller-140] DEBUG c.h.p.o.h.HiveMQPlatformReconcilerErrorHandler - [helmcont] Pod 'test-hivemq-platform-0' phase Running
2025-01-29 13:44:32,001 INFO c.h.h.t.HelmChartContainer - [hivemq-test-hivemq-platform] [hivemq-platform-operator] [1d56d045] 13:44:31.998 [ReconcilerExecutor-hivemq-controller-140] DEBUG c.h.p.o.h.HiveMQPlatformReconcilerRollingRestartHandler - [helmcont] Rolling restart is waiting for 1 of 2 replicas
2025-01-29 13:44:32,588 INFO c.h.h.t.HelmChartContainer - [test-hivemq-platform] [hivemq] [d2986140] INFO  - Starting HiveMQ Enterprise Server
2025-01-29 13:44:32,674 INFO c.h.h.t.HelmChartContainer - [test-hivemq-platform] [hivemq] [d2986140] INFO  - HiveMQ version: 4.36.0
2025-01-29 13:44:32,674 INFO c.h.h.t.HelmChartContainer - [test-hivemq-platform] [hivemq] [d2986140] INFO  - HiveMQ home directory: /opt/hivemq
2025-01-29 13:44:32,674 INFO c.h.h.t.HelmChartContainer - [test-hivemq-platform] [hivemq] [d2986140] INFO  - Log Configuration was overridden by /opt/hivemq/conf/logback.xml
2025-01-29 13:44:33,988 INFO c.h.h.t.HelmChartContainer - [test-hivemq-platform] [hivemq] [d2986140] INFO  - Successfully loaded configuration from '/opt/hivemq/conf-k8s/config.xml'.
2025-01-29 13:44:34,290 INFO c.h.h.t.HelmChartContainer - [test-hivemq-platform] [hivemq] [d2986140] INFO  - This node's ID is Dv9bg
2025-01-29 13:44:34,290 INFO c.h.h.t.HelmChartContainer - [test-hivemq-platform] [hivemq] [d2986140] INFO  - Clustering is enabled
2025-01-29 13:44:37,179 INFO c.h.h.t.HelmChartContainer - [test-hivemq-platform] [hivemq] [d2986140] WARN  - [HiveMQ Platform Operator Init App 1.7.0-SNAPSHOT] Cannot connect to Health API for readiness: null
2025-01-29 13:44:37,185 INFO c.h.h.t.HelmChartContainer - [EVENT] Warning [Unhealthy] Readiness probe failed: HTTP probe failed with statuscode: 503 [helmcontainersecuritycontextupgradeplatformit:test-hivemq-platform-0]
2025-01-29 13:44:37,185 INFO c.h.h.t.HelmChartContainer - Received Unhealthy event for container hivemq in pod test-hivemq-platform-0 [d2986140-ff9e-4ed6-9773-aebb750a0b02]
2025-01-29 13:44:38,376 INFO c.h.h.t.HelmChartContainer - [test-hivemq-platform] [hivemq] [d2986140] WARN  - [HiveMQ Platform Operator Init App 1.7.0-SNAPSHOT] Cannot connect to Health API for liveness: null
2025-01-29 13:44:38,377 INFO c.h.h.t.HelmChartContainer - [test-hivemq-platform] [hivemq] [d2986140] INFO  - [HiveMQ Platform Operator Init App 1.7.0-SNAPSHOT] Returning default Health API response 200 for liveness
2025-01-29 13:44:41,977 INFO c.h.h.t.HelmChartContainer - [test-hivemq-platform] [hivemq] [d2986140] WARN  - [HiveMQ Platform Operator Init App 1.7.0-SNAPSHOT] Cannot connect to Health API for readiness: null
2025-01-29 13:44:41,983 INFO c.h.h.t.HelmChartContainer - [EVENT] Warning [Unhealthy] Readiness probe failed: HTTP probe failed with statuscode: 503 [helmcontainersecuritycontextupgradeplatformit:test-hivemq-platform-0]
2025-01-29 13:44:41,984 INFO c.h.h.t.HelmChartContainer - Received Unhealthy event for container hivemq in pod test-hivemq-platform-0 [d2986140-ff9e-4ed6-9773-aebb750a0b02]
2025-01-29 13:44:42,005 INFO c.h.h.t.HelmChartContainer - [hivemq-test-hivemq-platform] [hivemq-platform-operator] [1d56d045] 13:44:42.001 [pool-6-thread-20] DEBUG c.h.p.o.d.PlatformServiceResource - [helmcont] Desired Platform services (3 services)
2025-01-29 13:44:42,005 INFO c.h.h.t.HelmChartContainer - [hivemq-test-hivemq-platform] [hivemq-platform-operator] [1d56d045] 13:44:42.002 [pool-6-thread-15] DEBUG c.h.p.o.dependants.PodInfoConfigMap - [helmcont] Desired PodInfo ConfigMap (1 extensions) (1 enabled)
2025-01-29 13:44:42,005 INFO c.h.h.t.HelmChartContainer - [hivemq-test-hivemq-platform] [hivemq-platform-operator] [1d56d045] 13:44:42.002 [pool-6-thread-15] DEBUG c.h.p.o.dependants.PodInfoConfigMap - [helmcont] Desired PodInfo ConfigMap (metrics port: 9399) (metrics path: /)
2025-01-29 13:44:42,005 INFO c.h.h.t.HelmChartContainer - [hivemq-test-hivemq-platform] [hivemq-platform-operator] [1d56d045] 13:44:42.002 [pool-6-thread-15] DEBUG c.h.p.o.dependants.PodInfoConfigMap - [helmcont] Desired PodInfo ConfigMap (extension state hash: -1817474005)
2025-01-29 13:44:42,005 INFO c.h.h.t.HelmChartContainer - [hivemq-test-hivemq-platform] [hivemq-platform-operator] [1d56d045] 13:44:42.002 [pool-6-thread-14] DEBUG c.h.p.o.d.PodServiceAccountResource - [helmcont] Desired PodServiceAccountResource (serviceAccountName: hivemq-platform-pod-test-hivemq-platform)
2025-01-29 13:44:42,006 INFO c.h.h.t.HelmChartContainer - [hivemq-test-hivemq-platform] [hivemq-platform-operator] [1d56d045] 13:44:42.005 [pool-6-thread-14] DEBUG c.h.p.o.d.StatefulSetResource - [helmcont] Desired StatefulSet (2 replicas) for status ROLLING_RESTART (RESTART_PODS_IN_PROGRESS)
2025-01-29 13:44:42,011 INFO c.h.h.t.HelmChartContainer - [hivemq-test-hivemq-platform] [hivemq-platform-operator] [1d56d045] 13:44:42.008 [ReconcilerExecutor-hivemq-controller-141] INFO  c.h.p.o.HiveMQPlatformReconciler - [helmcont] Reconciling HiveMQ Platform 'test-hivemq-platform' in namespace 'helmcontainersecuritycontextupgradeplatformit'
2025-01-29 13:44:42,011 INFO c.h.h.t.HelmChartContainer - [hivemq-test-hivemq-platform] [hivemq-platform-operator] [1d56d045] 13:44:42.008 [ReconcilerExecutor-hivemq-controller-141] DEBUG c.h.p.o.HiveMQPlatformReconciler - [helmcont] Custom Resource Status ROLLING_RESTART - HiveMQ Platform is restarting Pods (rolling restart) (RESTART_PODS_IN_PROGRESS)
2025-01-29 13:44:42,011 INFO c.h.h.t.HelmChartContainer - [hivemq-test-hivemq-platform] [hivemq-platform-operator] [1d56d045] 13:44:42.008 [ReconcilerExecutor-hivemq-controller-141] DEBUG c.h.p.o.HiveMQPlatformReconciler - [helmcont] Custom Resource Spec (replicas: 1) (extensions: 1)
2025-01-29 13:44:42,011 INFO c.h.h.t.HelmChartContainer - [hivemq-test-hivemq-platform] [hivemq-platform-operator] [1d56d045] 13:44:42.009 [ReconcilerExecutor-hivemq-controller-141] DEBUG c.h.p.o.HiveMQPlatformReconciler - [helmcont] StatefulSet Status (revision: test-hivemq-platform-85948b8786, replicas: 2, available: 1, ready: 1, current: 0, updated: 2)
2025-01-29 13:44:42,011 INFO c.h.h.t.HelmChartContainer - [hivemq-test-hivemq-platform] [hivemq-platform-operator] [1d56d045] 13:44:42.009 [ReconcilerExecutor-hivemq-controller-141] DEBUG c.h.p.o.HiveMQPlatformReconciler - [helmcont] StatefulSet Spec (replicas: 2, init containers: 1, containers: 1, volumes: 3)
2025-01-29 13:44:42,011 INFO c.h.h.t.HelmChartContainer - [hivemq-test-hivemq-platform] [hivemq-platform-operator] [1d56d045] 13:44:42.010 [ReconcilerExecutor-hivemq-controller-141] DEBUG c.h.p.o.h.HiveMQPlatformReconcilerErrorHandler - [helmcont] Pod 'test-hivemq-platform-1' phase Running
2025-01-29 13:44:42,012 INFO c.h.h.t.HelmChartContainer - [hivemq-test-hivemq-platform] [hivemq-platform-operator] [1d56d045] 13:44:42.011 [ReconcilerExecutor-hivemq-controller-141] DEBUG c.h.p.o.h.HiveMQPlatformReconcilerErrorHandler - [helmcont] Pod 'test-hivemq-platform-0' phase Running
2025-01-29 13:44:42,012 INFO c.h.h.t.HelmChartContainer - [hivemq-test-hivemq-platform] [hivemq-platform-operator] [1d56d045] 13:44:42.011 [ReconcilerExecutor-hivemq-controller-141] DEBUG c.h.p.o.h.HiveMQPlatformReconcilerRollingRestartHandler - [helmcont] Rolling restart is waiting for 1 of 2 replicas
2025-01-29 13:44:46,976 INFO c.h.h.t.HelmChartContainer - [test-hivemq-platform] [hivemq] [d2986140] WARN  - [HiveMQ Platform Operator Init App 1.7.0-SNAPSHOT] Cannot connect to Health API for readiness: null
2025-01-29 13:44:46,981 INFO c.h.h.t.HelmChartContainer - [EVENT] Warning [Unhealthy] Readiness probe failed: HTTP probe failed with statuscode: 503 [helmcontainersecuritycontextupgradeplatformit:test-hivemq-platform-0]
2025-01-29 13:44:46,981 INFO c.h.h.t.HelmChartContainer - Received Unhealthy event for container hivemq in pod test-hivemq-platform-0 [d2986140-ff9e-4ed6-9773-aebb750a0b02]
2025-01-29 13:44:47,790 INFO c.h.h.t.HelmChartContainer - [test-hivemq-platform] [hivemq] [d2986140] INFO  - No valid license file found. Using trial license, restricted to 25 connections.
2025-01-29 13:44:51,300 INFO c.h.h.t.HelmChartContainer - [test-hivemq-platform] [hivemq] [d2986140] INFO  - No valid license file for Data Hub found. Using free license, restricted to 1 policy.
2025-01-29 13:44:51,976 INFO c.h.h.t.HelmChartContainer - [test-hivemq-platform] [hivemq] [d2986140] WARN  - [HiveMQ Platform Operator Init App 1.7.0-SNAPSHOT] Cannot connect to Health API for readiness: null
2025-01-29 13:44:51,983 INFO c.h.h.t.HelmChartContainer - [EVENT] Warning [Unhealthy] Readiness probe failed: HTTP probe failed with statuscode: 503 [helmcontainersecuritycontextupgradeplatformit:test-hivemq-platform-0]
2025-01-29 13:44:51,983 INFO c.h.h.t.HelmChartContainer - Received Unhealthy event for container hivemq in pod test-hivemq-platform-0 [d2986140-ff9e-4ed6-9773-aebb750a0b02]
2025-01-29 13:44:52,016 INFO c.h.h.t.HelmChartContainer - [hivemq-test-hivemq-platform] [hivemq-platform-operator] [1d56d045] 13:44:52.014 [pool-6-thread-28] DEBUG c.h.p.o.d.PlatformServiceResource - [helmcont] Desired Platform services (3 services)
2025-01-29 13:44:52,016 INFO c.h.h.t.HelmChartContainer - [hivemq-test-hivemq-platform] [hivemq-platform-operator] [1d56d045] 13:44:52.015 [pool-6-thread-24] DEBUG c.h.p.o.d.PodServiceAccountResource - [helmcont] Desired PodServiceAccountResource (serviceAccountName: hivemq-platform-pod-test-hivemq-platform)
2025-01-29 13:44:52,017 INFO c.h.h.t.HelmChartContainer - [hivemq-test-hivemq-platform] [hivemq-platform-operator] [1d56d045] 13:44:52.017 [pool-6-thread-22] DEBUG c.h.p.o.dependants.PodInfoConfigMap - [helmcont] Desired PodInfo ConfigMap (1 extensions) (1 enabled)
2025-01-29 13:44:52,018 INFO c.h.h.t.HelmChartContainer - [hivemq-test-hivemq-platform] [hivemq-platform-operator] [1d56d045] 13:44:52.017 [pool-6-thread-22] DEBUG c.h.p.o.dependants.PodInfoConfigMap - [helmcont] Desired PodInfo ConfigMap (metrics port: 9399) (metrics path: /)
2025-01-29 13:44:52,020 INFO c.h.h.t.HelmChartContainer - [hivemq-test-hivemq-platform] [hivemq-platform-operator] [1d56d045] 13:44:52.017 [pool-6-thread-22] DEBUG c.h.p.o.dependants.PodInfoConfigMap - [helmcont] Desired PodInfo ConfigMap (extension state hash: -1817474005)
2025-01-29 13:44:52,021 INFO c.h.h.t.HelmChartContainer - [hivemq-test-hivemq-platform] [hivemq-platform-operator] [1d56d045] 13:44:52.019 [pool-6-thread-27] DEBUG c.h.p.o.d.StatefulSetResource - [helmcont] Desired StatefulSet (2 replicas) for status ROLLING_RESTART (RESTART_PODS_IN_PROGRESS)
2025-01-29 13:44:52,022 INFO c.h.h.t.HelmChartContainer - [hivemq-test-hivemq-platform] [hivemq-platform-operator] [1d56d045] 13:44:52.021 [ReconcilerExecutor-hivemq-controller-142] INFO  c.h.p.o.HiveMQPlatformReconciler - [helmcont] Reconciling HiveMQ Platform 'test-hivemq-platform' in namespace 'helmcontainersecuritycontextupgradeplatformit'
2025-01-29 13:44:52,022 INFO c.h.h.t.HelmChartContainer - [hivemq-test-hivemq-platform] [hivemq-platform-operator] [1d56d045] 13:44:52.021 [ReconcilerExecutor-hivemq-controller-142] DEBUG c.h.p.o.HiveMQPlatformReconciler - [helmcont] Custom Resource Status ROLLING_RESTART - HiveMQ Platform is restarting Pods (rolling restart) (RESTART_PODS_IN_PROGRESS)
2025-01-29 13:44:52,023 INFO c.h.h.t.HelmChartContainer - [hivemq-test-hivemq-platform] [hivemq-platform-operator] [1d56d045] 13:44:52.021 [ReconcilerExecutor-hivemq-controller-142] DEBUG c.h.p.o.HiveMQPlatformReconciler - [helmcont] Custom Resource Spec (replicas: 1) (extensions: 1)
2025-01-29 13:44:52,023 INFO c.h.h.t.HelmChartContainer - [hivemq-test-hivemq-platform] [hivemq-platform-operator] [1d56d045] 13:44:52.022 [ReconcilerExecutor-hivemq-controller-142] DEBUG c.h.p.o.HiveMQPlatformReconciler - [helmcont] StatefulSet Status (revision: test-hivemq-platform-85948b8786, replicas: 2, available: 1, ready: 1, current: 0, updated: 2)
2025-01-29 13:44:52,023 INFO c.h.h.t.HelmChartContainer - [hivemq-test-hivemq-platform] [hivemq-platform-operator] [1d56d045] 13:44:52.022 [ReconcilerExecutor-hivemq-controller-142] DEBUG c.h.p.o.HiveMQPlatformReconciler - [helmcont] StatefulSet Spec (replicas: 2, init containers: 1, containers: 1, volumes: 3)
2025-01-29 13:44:52,024 INFO c.h.h.t.HelmChartContainer - [hivemq-test-hivemq-platform] [hivemq-platform-operator] [1d56d045] 13:44:52.023 [ReconcilerExecutor-hivemq-controller-142] DEBUG c.h.p.o.h.HiveMQPlatformReconcilerErrorHandler - [helmcont] Pod 'test-hivemq-platform-1' phase Running
2025-01-29 13:44:52,025 INFO c.h.h.t.HelmChartContainer - [hivemq-test-hivemq-platform] [hivemq-platform-operator] [1d56d045] 13:44:52.024 [ReconcilerExecutor-hivemq-controller-142] DEBUG c.h.p.o.h.HiveMQPlatformReconcilerErrorHandler - [helmcont] Pod 'test-hivemq-platform-0' phase Running
2025-01-29 13:44:52,026 INFO c.h.h.t.HelmChartContainer - [hivemq-test-hivemq-platform] [hivemq-platform-operator] [1d56d045] 13:44:52.024 [ReconcilerExecutor-hivemq-controller-142] DEBUG c.h.p.o.h.HiveMQPlatformReconcilerRollingRestartHandler - [helmcont] Rolling restart is waiting for 1 of 2 replicas
2025-01-29 13:44:52,586 INFO c.h.h.t.HelmChartContainer - [test-hivemq-platform] [hivemq] [d2986140] INFO  - Audit Logger started.
2025-01-29 13:44:52,894 INFO c.h.h.t.HelmChartContainer - [test-hivemq-platform] [hivemq] [d2986140] INFO  - This node uses '1' CPU cores.
2025-01-29 13:44:52,898 INFO c.h.h.t.HelmChartContainer - [test-hivemq-platform] [hivemq] [d2986140] INFO  - Starting HiveMQ Health API on address 0.0.0.0 and port 8889
2025-01-29 13:44:53,873 INFO c.h.h.t.HelmChartContainer - [test-hivemq-platform] [hivemq] [d2986140] INFO  - Started HiveMQ Health API in 974ms
2025-01-29 13:44:54,691 INFO c.h.h.t.HelmChartContainer - [test-hivemq-platform] [hivemq] [d2986140] INFO  - Starting HiveMQ extension system.
2025-01-29 13:44:54,886 INFO c.h.h.t.HelmChartContainer - [test-hivemq-platform] [hivemq] [d2986140] INFO  - Starting extension with id "hivemq-dns-cluster-discovery" at /opt/hivemq/extensions/hivemq-dns-cluster-discovery
2025-01-29 13:44:55,381 INFO c.h.h.t.HelmChartContainer - [test-hivemq-platform] [hivemq] [d2986140] INFO  - Using TCP cluster transport on address 10.42.0.12 and port 7000
2025-01-29 13:44:55,473 INFO c.h.h.t.HelmChartContainer - [test-hivemq-platform] [hivemq] [d2986140] INFO  - Extension "DNS Cluster Discovery Extension" version 4.3.2 started successfully.
2025-01-29 13:44:55,474 INFO c.h.h.t.HelmChartContainer - [test-hivemq-platform] [hivemq] [d2986140] INFO  - Starting extension with id "hivemq-prometheus-extension" at /opt/hivemq/extensions/hivemq-prometheus-extension
2025-01-29 13:44:55,482 INFO c.h.h.t.HelmChartContainer - [test-hivemq-platform] [hivemq] [d2986140] INFO  - Using extension cluster discovery
2025-01-29 13:44:56,485 INFO c.h.h.t.HelmChartContainer - [test-hivemq-platform] [hivemq] [d2986140] INFO  - Started Jetty Server exposing Prometheus Servlet on URI http://0.0.0.0:9399/
2025-01-29 13:44:56,486 INFO c.h.h.t.HelmChartContainer - [test-hivemq-platform] [hivemq] [d2986140] INFO  - Extension "Prometheus Monitoring Extension" version 4.0.12 started successfully.
2025-01-29 13:44:56,486 INFO c.h.h.t.HelmChartContainer - [test-hivemq-platform] [hivemq] [d2986140] INFO  - Starting extension with id "hivemq-allow-all-extension" at /opt/hivemq/extensions/hivemq-allow-all-extension
2025-01-29 13:44:56,486 INFO c.h.h.t.HelmChartContainer - [test-hivemq-platform] [hivemq] [d2986140] WARN  - 
2025-01-29 13:44:56,486 INFO c.h.h.t.HelmChartContainer - [test-hivemq-platform] [hivemq] [d2986140] ################################################################################################################
2025-01-29 13:44:56,486 INFO c.h.h.t.HelmChartContainer - [test-hivemq-platform] [hivemq] [d2986140] # This HiveMQ deployment is not secure! You are lacking Authentication and Authorization.                      #
2025-01-29 13:44:56,486 INFO c.h.h.t.HelmChartContainer - [test-hivemq-platform] [hivemq] [d2986140] # Right now any MQTT client can connect to the broker with a full set of permissions.                          #
2025-01-29 13:44:56,486 INFO c.h.h.t.HelmChartContainer - [test-hivemq-platform] [hivemq] [d2986140] # For production usage, add an appropriate security extension and remove the hivemq-allow-all extension.       #
2025-01-29 13:44:56,486 INFO c.h.h.t.HelmChartContainer - [test-hivemq-platform] [hivemq] [d2986140] # You can download security extensions from the HiveMQ Marketplace (https://www.hivemq.com/extensions/).       #
2025-01-29 13:44:56,486 INFO c.h.h.t.HelmChartContainer - [test-hivemq-platform] [hivemq] [d2986140] ################################################################################################################
2025-01-29 13:44:56,486 INFO c.h.h.t.HelmChartContainer - [test-hivemq-platform] [hivemq] [d2986140] INFO  - Extension "Allow All Extension" version 1.1.1 started successfully.
2025-01-29 13:44:56,585 INFO c.h.h.t.HelmChartContainer - [test-hivemq-platform] [hivemq] [5f518429] INFO  - Cluster nodes found by discovery: [zjsgn|3] (2) [zjsgn, Dv9bg].
2025-01-29 13:44:56,675 INFO c.h.h.t.HelmChartContainer - [test-hivemq-platform] [hivemq] [d2986140] INFO  - Cluster nodes found by discovery: [zjsgn|3] (2) [zjsgn, Dv9bg].
2025-01-29 13:44:56,783 INFO c.h.h.t.HelmChartContainer - [test-hivemq-platform] [hivemq] [d2986140] INFO  - Cluster size = 1, members : [zjsgn].
2025-01-29 13:44:57,372 INFO c.h.h.t.HelmChartContainer - [test-hivemq-platform] [hivemq] [d2986140] INFO  - Starting cluster join process. This may take a while. Please do not shut down HiveMQ.
2025-01-29 13:44:57,379 INFO c.h.h.t.HelmChartContainer - [test-hivemq-platform] [hivemq] [d2986140] INFO  - Cluster join process is still ongoing. Please do not shut down HiveMQ.
2025-01-29 13:44:57,883 INFO c.h.h.t.HelmChartContainer - [test-hivemq-platform] [hivemq] [d2986140] INFO  - [HiveMQ Platform Operator Init App 1.7.0-SNAPSHOT] Returning Health API response 503 for readiness
2025-01-29 13:44:57,889 INFO c.h.h.t.HelmChartContainer - [EVENT] Warning [Unhealthy] Readiness probe failed: HTTP probe failed with statuscode: 503 [helmcontainersecuritycontextupgradeplatformit:test-hivemq-platform-0]
2025-01-29 13:44:57,889 INFO c.h.h.t.HelmChartContainer - Received Unhealthy event for container hivemq in pod test-hivemq-platform-0 [d2986140-ff9e-4ed6-9773-aebb750a0b02]
2025-01-29 13:44:59,384 INFO c.h.h.t.HelmChartContainer - [test-hivemq-platform] [hivemq] [5f518429] INFO  - Cluster size = 2, members : [zjsgn, Dv9bg].
2025-01-29 13:44:59,395 INFO c.h.h.t.HelmChartContainer - [test-hivemq-platform] [hivemq] [d2986140] INFO  - Cluster size = 2, members : [zjsgn, Dv9bg].
2025-01-29 13:44:59,475 INFO c.h.h.t.HelmChartContainer - [test-hivemq-platform] [hivemq] [d2986140] INFO  - Finished cluster join process successfully.
2025-01-29 13:44:59,475 INFO c.h.h.t.HelmChartContainer - [test-hivemq-platform] [hivemq] [d2986140] WARN  - No user for HiveMQ Control Center configured. Starting with default user
2025-01-29 13:44:59,475 INFO c.h.h.t.HelmChartContainer - [test-hivemq-platform] [hivemq] [d2986140] INFO  - Starting HiveMQ Control Center on address 0.0.0.0 and port 8080
2025-01-29 13:44:59,482 INFO c.h.h.t.HelmChartContainer - [test-hivemq-platform] [hivemq] [d2986140] INFO  - Mounting HiveMQ Control Center V2 Preview
2025-01-29 13:45:00,175 INFO c.h.h.t.HelmChartContainer - [test-hivemq-platform] [hivemq] [d2986140] INFO  - Started HiveMQ Control Center in 700ms
2025-01-29 13:45:00,191 INFO c.h.h.t.HelmChartContainer - [test-hivemq-platform] [hivemq] [d2986140] INFO  - Starting TCP listener on address 0.0.0.0 and port 1884
2025-01-29 13:45:00,283 INFO c.h.h.t.HelmChartContainer - [test-hivemq-platform] [hivemq] [d2986140] INFO  - Started TCP Listener on address 0.0.0.0 and on port 1884.
2025-01-29 13:45:00,283 INFO c.h.h.t.HelmChartContainer - [test-hivemq-platform] [hivemq] [d2986140] INFO  - Started HiveMQ in 28087ms
2025-01-29 13:45:01,955 INFO c.h.h.t.HelmChartContainer - [test-hivemq-platform] [hivemq] [d2986140] INFO  - [HiveMQ Platform Operator Init App 1.7.0-SNAPSHOT] Returning Health API response 200 for readiness
2025-01-29 13:45:01,967 INFO c.h.h.t.HelmChartContainer - [POD] test-hivemq-platform-0 [d2986140-ff9e-4ed6-9773-aebb750a0b02] in helmcontainersecuritycontextupgradeplatformit was MODIFIED
2025-01-29 13:45:01,987 INFO c.h.h.t.HelmChartContainer - [hivemq-test-hivemq-platform] [hivemq-platform-operator] [1d56d045] 13:45:01.972 [pool-6-thread-31] DEBUG c.h.p.o.dependants.PodInfoConfigMap - [helmcont] Desired PodInfo ConfigMap (1 extensions) (1 enabled)
2025-01-29 13:45:01,987 INFO c.h.h.t.HelmChartContainer - [hivemq-test-hivemq-platform] [hivemq-platform-operator] [1d56d045] 13:45:01.971 [pool-6-thread-40] DEBUG c.h.p.o.d.PlatformServiceResource - [helmcont] Desired Platform services (3 services)
2025-01-29 13:45:01,987 INFO c.h.h.t.HelmChartContainer - [hivemq-test-hivemq-platform] [hivemq-platform-operator] [1d56d045] 13:45:01.972 [pool-6-thread-31] DEBUG c.h.p.o.dependants.PodInfoConfigMap - [helmcont] Desired PodInfo ConfigMap (metrics port: 9399) (metrics path: /)
2025-01-29 13:45:01,987 INFO c.h.h.t.HelmChartContainer - [hivemq-test-hivemq-platform] [hivemq-platform-operator] [1d56d045] 13:45:01.973 [pool-6-thread-31] DEBUG c.h.p.o.dependants.PodInfoConfigMap - [helmcont] Desired PodInfo ConfigMap (extension state hash: -1817474005)
2025-01-29 13:45:01,987 INFO c.h.h.t.HelmChartContainer - [hivemq-test-hivemq-platform] [hivemq-platform-operator] [1d56d045] 13:45:01.975 [pool-6-thread-31] DEBUG c.h.p.o.d.PodServiceAccountResource - [helmcont] Desired PodServiceAccountResource (serviceAccountName: hivemq-platform-pod-test-hivemq-platform)
2025-01-29 13:45:01,992 INFO c.h.h.t.HelmChartContainer - [hivemq-test-hivemq-platform] [hivemq-platform-operator] [1d56d045] 13:45:01.980 [pool-6-thread-40] DEBUG c.h.p.o.d.StatefulSetResource - [helmcont] Desired StatefulSet (2 replicas) for status ROLLING_RESTART (RESTART_PODS_IN_PROGRESS)
2025-01-29 13:45:01,992 INFO c.h.h.t.HelmChartContainer - [hivemq-test-hivemq-platform] [hivemq-platform-operator] [1d56d045] 13:45:01.985 [ReconcilerExecutor-hivemq-controller-143] INFO  c.h.p.o.HiveMQPlatformReconciler - [helmcont] Reconciling HiveMQ Platform 'test-hivemq-platform' in namespace 'helmcontainersecuritycontextupgradeplatformit'
2025-01-29 13:45:01,992 INFO c.h.h.t.HelmChartContainer - [hivemq-test-hivemq-platform] [hivemq-platform-operator] [1d56d045] 13:45:01.985 [ReconcilerExecutor-hivemq-controller-143] DEBUG c.h.p.o.HiveMQPlatformReconciler - [helmcont] Custom Resource Status ROLLING_RESTART - HiveMQ Platform is restarting Pods (rolling restart) (RESTART_PODS_IN_PROGRESS)
2025-01-29 13:45:01,992 INFO c.h.h.t.HelmChartContainer - [hivemq-test-hivemq-platform] [hivemq-platform-operator] [1d56d045] 13:45:01.985 [ReconcilerExecutor-hivemq-controller-143] DEBUG c.h.p.o.HiveMQPlatformReconciler - [helmcont] Custom Resource Spec (replicas: 1) (extensions: 1)
2025-01-29 13:45:01,992 INFO c.h.h.t.HelmChartContainer - [hivemq-test-hivemq-platform] [hivemq-platform-operator] [1d56d045] 13:45:01.986 [ReconcilerExecutor-hivemq-controller-143] DEBUG c.h.p.o.HiveMQPlatformReconciler - [helmcont] StatefulSet Status (revision: test-hivemq-platform-85948b8786, replicas: 2, available: 1, ready: 1, current: 0, updated: 2)
2025-01-29 13:45:01,992 INFO c.h.h.t.HelmChartContainer - [hivemq-test-hivemq-platform] [hivemq-platform-operator] [1d56d045] 13:45:01.986 [ReconcilerExecutor-hivemq-controller-143] DEBUG c.h.p.o.HiveMQPlatformReconciler - [helmcont] StatefulSet Spec (replicas: 2, init containers: 1, containers: 1, volumes: 3)
2025-01-29 13:45:01,992 INFO c.h.h.t.HelmChartContainer - [hivemq-test-hivemq-platform] [hivemq-platform-operator] [1d56d045] 13:45:01.988 [ReconcilerExecutor-hivemq-controller-143] DEBUG c.h.p.o.h.HiveMQPlatformReconcilerErrorHandler - [helmcont] Pod 'test-hivemq-platform-1' phase Running
2025-01-29 13:45:01,992 INFO c.h.h.t.HelmChartContainer - [hivemq-test-hivemq-platform] [hivemq-platform-operator] [1d56d045] 13:45:01.990 [ReconcilerExecutor-hivemq-controller-143] DEBUG c.h.p.o.h.HiveMQPlatformReconcilerErrorHandler - [helmcont] Pod 'test-hivemq-platform-0' phase Running
2025-01-29 13:45:01,992 INFO c.h.h.t.HelmChartContainer - [hivemq-test-hivemq-platform] [hivemq-platform-operator] [1d56d045] 13:45:01.990 [ReconcilerExecutor-hivemq-controller-143] DEBUG c.h.p.o.h.HiveMQPlatformReconcilerRollingRestartHandler - [helmcont] Rolling restart is waiting for 1 of 2 replicas
2025-01-29 13:45:02,065 INFO c.h.h.t.HelmChartContainer - [hivemq-test-hivemq-platform] [hivemq-platform-operator] [1d56d045] 13:45:02.064 [pool-6-thread-50] DEBUG c.h.p.o.dependants.PodInfoConfigMap - [helmcont] Desired PodInfo ConfigMap (1 extensions) (1 enabled)
2025-01-29 13:45:02,067 INFO c.h.h.t.HelmChartContainer - [hivemq-test-hivemq-platform] [hivemq-platform-operator] [1d56d045] 13:45:02.066 [pool-6-thread-50] DEBUG c.h.p.o.dependants.PodInfoConfigMap - [helmcont] Desired PodInfo ConfigMap (metrics port: 9399) (metrics path: /)
2025-01-29 13:45:02,070 INFO c.h.h.t.HelmChartContainer - [hivemq-test-hivemq-platform] [hivemq-platform-operator] [1d56d045] 13:45:02.066 [pool-6-thread-50] DEBUG c.h.p.o.dependants.PodInfoConfigMap - [helmcont] Desired PodInfo ConfigMap (extension state hash: -1817474005)
2025-01-29 13:45:02,070 INFO c.h.h.t.HelmChartContainer - [hivemq-test-hivemq-platform] [hivemq-platform-operator] [1d56d045] 13:45:02.064 [pool-6-thread-44] DEBUG c.h.p.o.d.PodServiceAccountResource - [helmcont] Desired PodServiceAccountResource (serviceAccountName: hivemq-platform-pod-test-hivemq-platform)
2025-01-29 13:45:02,071 INFO c.h.h.t.HelmChartContainer - [hivemq-test-hivemq-platform] [hivemq-platform-operator] [1d56d045] 13:45:02.064 [pool-6-thread-47] DEBUG c.h.p.o.d.PlatformServiceResource - [helmcont] Desired Platform services (3 services)
2025-01-29 13:45:02,073 INFO c.h.h.t.HelmChartContainer - [hivemq-test-hivemq-platform] [hivemq-platform-operator] [1d56d045] 13:45:02.073 [pool-6-thread-47] DEBUG c.h.p.o.d.StatefulSetResource - [helmcont] Desired StatefulSet (2 replicas) for status ROLLING_RESTART (RESTART_PODS_IN_PROGRESS)
2025-01-29 13:45:02,078 INFO c.h.h.t.HelmChartContainer - [hivemq-test-hivemq-platform] [hivemq-platform-operator] [1d56d045] 13:45:02.076 [ReconcilerExecutor-hivemq-controller-144] INFO  c.h.p.o.HiveMQPlatformReconciler - [helmcont] Reconciling HiveMQ Platform 'test-hivemq-platform' in namespace 'helmcontainersecuritycontextupgradeplatformit'
2025-01-29 13:45:02,080 INFO c.h.h.t.HelmChartContainer - [hivemq-test-hivemq-platform] [hivemq-platform-operator] [1d56d045] 13:45:02.076 [ReconcilerExecutor-hivemq-controller-144] DEBUG c.h.p.o.HiveMQPlatformReconciler - [helmcont] Custom Resource Status ROLLING_RESTART - HiveMQ Platform is restarting Pods (rolling restart) (RESTART_PODS_IN_PROGRESS)
2025-01-29 13:45:02,080 INFO c.h.h.t.HelmChartContainer - [hivemq-test-hivemq-platform] [hivemq-platform-operator] [1d56d045] 13:45:02.076 [ReconcilerExecutor-hivemq-controller-144] DEBUG c.h.p.o.HiveMQPlatformReconciler - [helmcont] Custom Resource Spec (replicas: 1) (extensions: 1)
2025-01-29 13:45:02,080 INFO c.h.h.t.HelmChartContainer - [hivemq-test-hivemq-platform] [hivemq-platform-operator] [1d56d045] 13:45:02.078 [ReconcilerExecutor-hivemq-controller-144] DEBUG c.h.p.o.HiveMQPlatformReconciler - [helmcont] StatefulSet Status (revision: test-hivemq-platform-85948b8786, replicas: 2, available: 2, ready: 2, current: 0, updated: 2)
2025-01-29 13:45:02,081 INFO c.h.h.t.HelmChartContainer - [hivemq-test-hivemq-platform] [hivemq-platform-operator] [1d56d045] 13:45:02.078 [ReconcilerExecutor-hivemq-controller-144] DEBUG c.h.p.o.HiveMQPlatformReconciler - [helmcont] StatefulSet Spec (replicas: 2, init containers: 1, containers: 1, volumes: 3)
2025-01-29 13:45:02,082 INFO c.h.h.t.HelmChartContainer - [hivemq-test-hivemq-platform] [hivemq-platform-operator] [1d56d045] 13:45:02.081 [ReconcilerExecutor-hivemq-controller-144] DEBUG c.h.p.o.h.HiveMQPlatformReconcilerErrorHandler - [helmcont] Pod 'test-hivemq-platform-1' phase Running
2025-01-29 13:45:02,083 INFO c.h.h.t.HelmChartContainer - [hivemq-test-hivemq-platform] [hivemq-platform-operator] [1d56d045] 13:45:02.082 [ReconcilerExecutor-hivemq-controller-144] DEBUG c.h.p.o.h.HiveMQPlatformReconcilerErrorHandler - [helmcont] Pod 'test-hivemq-platform-0' phase Running
2025-01-29 13:45:02,090 INFO c.h.h.t.HelmChartContainer - [hivemq-test-hivemq-platform] [hivemq-platform-operator] [1d56d045] 13:45:02.089 [ReconcilerExecutor-hivemq-controller-144] DEBUG c.h.p.o.h.HiveMQPlatformReconcilerRollingRestartHandler - [helmcont] Skipping Pod test-hivemq-platform-1 as it's already on the controller update revision (update revision: test-hivemq-platform-85948b8786, pod revision: test-hivemq-platform-85948b8786)
2025-01-29 13:45:02,095 INFO c.h.h.t.HelmChartContainer - [hivemq-test-hivemq-platform] [hivemq-platform-operator] [1d56d045] 13:45:02.094 [ReconcilerExecutor-hivemq-controller-144] DEBUG c.h.p.o.h.HiveMQPlatformReconcilerRollingRestartHandler - [helmcont] Skipping Pod test-hivemq-platform-0 as it's already on the controller update revision (update revision: test-hivemq-platform-85948b8786, pod revision: test-hivemq-platform-85948b8786)
2025-01-29 13:45:02,095 INFO c.h.h.t.HelmChartContainer - [hivemq-test-hivemq-platform] [hivemq-platform-operator] [1d56d045] 13:45:02.094 [ReconcilerExecutor-hivemq-controller-144] INFO  c.h.p.o.h.HiveMQPlatformReconcilerRollingRestartHandler - [helmcont] Stopping surge Pod
2025-01-29 13:45:02,176 INFO c.h.h.t.HelmChartContainer - [hivemq-test-hivemq-platform] [hivemq-platform-operator] [1d56d045] 13:45:02.175 [ReconcilerExecutor-hivemq-controller-144] DEBUG c.h.p.operator.event.EventSender - [helmcont] Creating K8s event rolling-restart-scale-down-in-progress: [RollingRestart] HiveMQ Platform is stopping the surge Pod (rolling restart)
2025-01-29 13:45:02,184 INFO c.h.h.t.HelmChartContainer - [EVENT] Normal [RollingRestart] HiveMQ Platform is stopping the surge Pod (rolling restart) [helmcontainersecuritycontextupgradeplatformit:test-hivemq-platform]
2025-01-29 13:45:02,185 INFO c.h.h.t.HelmChartContainer - [hivemq-test-hivemq-platform] [hivemq-platform-operator] [1d56d045] 13:45:02.184 [ReconcilerExecutor-hivemq-controller-144] INFO  c.h.p.o.h.AbstractHiveMQReconcilerStateHandler - [helmcont] Update HiveMQ Platform Status (ROLLING_RESTART [RESTART_PODS_IN_PROGRESS] -> ROLLING_RESTART [SCALE_DOWN_IN_PROGRESS]): HiveMQ Platform is stopping the surge Pod (rolling restart)
2025-01-29 13:45:02,195 DEBUG com.hivemq.helmcharts.util.K8sUtil - Comparing actual state 'ROLLING_RESTART' and waiting for 'RUNNING'
2025-01-29 13:45:08,368 INFO c.h.h.t.HelmChartContainer - [test-hivemq-platform] [hivemq] [d2986140] INFO  - [HiveMQ Platform Operator Init App 1.7.0-SNAPSHOT] Returning Health API response 200 for liveness
2025-01-29 13:45:12,202 INFO c.h.h.t.HelmChartContainer - [hivemq-test-hivemq-platform] [hivemq-platform-operator] [1d56d045] 13:45:12.199 [pool-6-thread-3] DEBUG c.h.p.o.d.PlatformServiceResource - [helmcont] Desired Platform services (3 services)
2025-01-29 13:45:12,202 INFO c.h.h.t.HelmChartContainer - [hivemq-test-hivemq-platform] [hivemq-platform-operator] [1d56d045] 13:45:12.199 [pool-6-thread-7] DEBUG c.h.p.o.dependants.PodInfoConfigMap - [helmcont] Desired PodInfo ConfigMap (1 extensions) (1 enabled)
2025-01-29 13:45:12,202 INFO c.h.h.t.HelmChartContainer - [hivemq-test-hivemq-platform] [hivemq-platform-operator] [1d56d045] 13:45:12.199 [pool-6-thread-7] DEBUG c.h.p.o.dependants.PodInfoConfigMap - [helmcont] Desired PodInfo ConfigMap (metrics port: 9399) (metrics path: /)
2025-01-29 13:45:12,202 INFO c.h.h.t.HelmChartContainer - [hivemq-test-hivemq-platform] [hivemq-platform-operator] [1d56d045] 13:45:12.199 [pool-6-thread-7] DEBUG c.h.p.o.dependants.PodInfoConfigMap - [helmcont] Desired PodInfo ConfigMap (extension state hash: -1817474005)
2025-01-29 13:45:12,202 INFO c.h.h.t.HelmChartContainer - [hivemq-test-hivemq-platform] [hivemq-platform-operator] [1d56d045] 13:45:12.200 [pool-6-thread-7] DEBUG c.h.p.o.dependants.PodInfoConfigMap - [helmcont] Update PodInfo ConfigMap
2025-01-29 13:45:12,202 INFO c.h.h.t.HelmChartContainer - [hivemq-test-hivemq-platform] [hivemq-platform-operator] [1d56d045] 13:45:12.200 [pool-6-thread-9] DEBUG c.h.p.o.d.PodServiceAccountResource - [helmcont] Desired PodServiceAccountResource (serviceAccountName: hivemq-platform-pod-test-hivemq-platform)
2025-01-29 13:45:12,211 INFO c.h.h.t.HelmChartContainer - [hivemq-test-hivemq-platform] [hivemq-platform-operator] [1d56d045] 13:45:12.210 [pool-6-thread-7] DEBUG c.h.p.o.d.StatefulSetResource - [helmcont] Desired StatefulSet (1 replicas) for status ROLLING_RESTART (SCALE_DOWN_IN_PROGRESS)
2025-01-29 13:45:12,213 INFO c.h.h.t.HelmChartContainer - [hivemq-test-hivemq-platform] [hivemq-platform-operator] [1d56d045] 13:45:12.212 [pool-6-thread-7] DEBUG c.h.p.o.d.StatefulSetResource - [helmcont] Update StatefulSet (replicas: 2 -> 1)
2025-01-29 13:45:12,280 INFO c.h.h.t.HelmChartContainer - [hivemq-test-hivemq-platform] [hivemq-platform-operator] [1d56d045] 13:45:12.278 [ReconcilerExecutor-hivemq-controller-145] INFO  c.h.p.o.HiveMQPlatformReconciler - [helmcont] Reconciling HiveMQ Platform 'test-hivemq-platform' in namespace 'helmcontainersecuritycontextupgradeplatformit'
2025-01-29 13:45:12,280 INFO c.h.h.t.HelmChartContainer - [hivemq-test-hivemq-platform] [hivemq-platform-operator] [1d56d045] 13:45:12.278 [ReconcilerExecutor-hivemq-controller-145] DEBUG c.h.p.o.HiveMQPlatformReconciler - [helmcont] Custom Resource Status ROLLING_RESTART - HiveMQ Platform is stopping the surge Pod (rolling restart) (SCALE_DOWN_IN_PROGRESS)
2025-01-29 13:45:12,280 INFO c.h.h.t.HelmChartContainer - [hivemq-test-hivemq-platform] [hivemq-platform-operator] [1d56d045] 13:45:12.278 [ReconcilerExecutor-hivemq-controller-145] DEBUG c.h.p.o.HiveMQPlatformReconciler - [helmcont] Custom Resource Spec (replicas: 1) (extensions: 1)
2025-01-29 13:45:12,281 INFO c.h.h.t.HelmChartContainer - [hivemq-test-hivemq-platform] [hivemq-platform-operator] [1d56d045] 13:45:12.279 [ReconcilerExecutor-hivemq-controller-145] DEBUG c.h.p.o.HiveMQPlatformReconciler - [helmcont] StatefulSet Status (revision: test-hivemq-platform-85948b8786, replicas: 2, available: 2, ready: 2, current: 0, updated: 2)
2025-01-29 13:45:12,281 INFO c.h.h.t.HelmChartContainer - [hivemq-test-hivemq-platform] [hivemq-platform-operator] [1d56d045] 13:45:12.279 [ReconcilerExecutor-hivemq-controller-145] DEBUG c.h.p.o.HiveMQPlatformReconciler - [helmcont] StatefulSet Spec (replicas: 1, init containers: 1, containers: 1, volumes: 3)
2025-01-29 13:45:12,283 INFO c.h.h.t.HelmChartContainer - [POD] test-hivemq-platform-1 [5f518429-9ca8-4f65-9ff9-76fa81e47f51] in helmcontainersecuritycontextupgradeplatformit was MODIFIED
2025-01-29 13:45:12,286 INFO c.h.h.t.HelmChartContainer - [hivemq-test-hivemq-platform] [hivemq-platform-operator] [1d56d045] 13:45:12.280 [ReconcilerExecutor-hivemq-controller-145] DEBUG c.h.p.o.h.HiveMQPlatformReconcilerErrorHandler - [helmcont] Pod 'test-hivemq-platform-0' phase Running
2025-01-29 13:45:12,286 INFO c.h.h.t.HelmChartContainer - [hivemq-test-hivemq-platform] [hivemq-platform-operator] [1d56d045] 13:45:12.280 [ReconcilerExecutor-hivemq-controller-145] DEBUG c.h.p.o.h.HiveMQPlatformReconcilerRollingRestartHandler - [helmcont] Rolling restart is waiting for 2 of 1 replicas
2025-01-29 13:45:12,306 INFO c.h.h.t.HelmChartContainer - [EVENT] Normal [SuccessfulDelete] delete Pod test-hivemq-platform-1 in StatefulSet test-hivemq-platform successful [helmcontainersecuritycontextupgradeplatformit:test-hivemq-platform]
2025-01-29 13:45:12,308 INFO c.h.h.t.HelmChartContainer - [test-hivemq-platform] [hivemq] [5f518429] INFO  - [HiveMQ Platform Operator Init App 1.7.0-SNAPSHOT] Shutting down
2025-01-29 13:45:12,309 INFO c.h.h.t.HelmChartContainer - [hivemq-test-hivemq-platform] [hivemq-platform-operator] [1d56d045] 13:45:12.296 [pool-6-thread-15] DEBUG c.h.p.o.d.PlatformServiceResource - [helmcont] Desired Platform services (3 services)
2025-01-29 13:45:12,310 INFO c.h.h.t.HelmChartContainer - [hivemq-test-hivemq-platform] [hivemq-platform-operator] [1d56d045] 13:45:12.297 [pool-6-thread-18] DEBUG c.h.p.o.dependants.PodInfoConfigMap - [helmcont] Desired PodInfo ConfigMap (1 extensions) (1 enabled)
2025-01-29 13:45:12,310 INFO c.h.h.t.HelmChartContainer - [hivemq-test-hivemq-platform] [hivemq-platform-operator] [1d56d045] 13:45:12.297 [pool-6-thread-18] DEBUG c.h.p.o.dependants.PodInfoConfigMap - [helmcont] Desired PodInfo ConfigMap (metrics port: 9399) (metrics path: /)
2025-01-29 13:45:12,310 INFO c.h.h.t.HelmChartContainer - [hivemq-test-hivemq-platform] [hivemq-platform-operator] [1d56d045] 13:45:12.297 [pool-6-thread-18] DEBUG c.h.p.o.dependants.PodInfoConfigMap - [helmcont] Desired PodInfo ConfigMap (extension state hash: -1817474005)
2025-01-29 13:45:12,310 INFO c.h.h.t.HelmChartContainer - [hivemq-test-hivemq-platform] [hivemq-platform-operator] [1d56d045] 13:45:12.298 [pool-6-thread-20] DEBUG c.h.p.o.d.PodServiceAccountResource - [helmcont] Desired PodServiceAccountResource (serviceAccountName: hivemq-platform-pod-test-hivemq-platform)
2025-01-29 13:45:12,310 INFO c.h.h.t.HelmChartContainer - [EVENT] Normal [Killing] Stopping container hivemq [helmcontainersecuritycontextupgradeplatformit:test-hivemq-platform-1]
2025-01-29 13:45:12,310 INFO c.h.h.t.HelmChartContainer - [test-hivemq-platform] [hivemq] [5f518429] INFO  - [HiveMQ Platform Operator Init App 1.7.0-SNAPSHOT] Stopping the HiveMQ Platform
2025-01-29 13:45:12,310 INFO c.h.h.t.HelmChartContainer - Received Killing event for container hivemq in pod test-hivemq-platform-1 [5f518429-9ca8-4f65-9ff9-76fa81e47f51]
2025-01-29 13:45:12,310 INFO c.h.h.t.HelmChartContainer - Container [test-hivemq-platform-1] [hivemq] [5f518429-9ca8-4f65-9ff9-76fa81e47f51] was terminated
2025-01-29 13:45:12,310 INFO c.h.h.t.HelmChartContainer - Stopped log watcher for hivemq in pod test-hivemq-platform-1 [5f518429-9ca8-4f65-9ff9-76fa81e47f51]
2025-01-29 13:45:12,367 INFO c.h.h.t.HelmChartContainer - [hivemq-test-hivemq-platform] [hivemq-platform-operator] [1d56d045] 13:45:12.365 [pool-6-thread-15] DEBUG c.h.p.o.d.StatefulSetResource - [helmcont] Desired StatefulSet (1 replicas) for status ROLLING_RESTART (SCALE_DOWN_IN_PROGRESS)
2025-01-29 13:45:12,369 INFO c.h.h.t.HelmChartContainer - [hivemq-test-hivemq-platform] [hivemq-platform-operator] [1d56d045] 13:45:12.368 [ReconcilerExecutor-hivemq-controller-147] INFO  c.h.p.o.HiveMQPlatformReconciler - [helmcont] Reconciling HiveMQ Platform 'test-hivemq-platform' in namespace 'helmcontainersecuritycontextupgradeplatformit'
2025-01-29 13:45:12,369 INFO c.h.h.t.HelmChartContainer - [hivemq-test-hivemq-platform] [hivemq-platform-operator] [1d56d045] 13:45:12.368 [ReconcilerExecutor-hivemq-controller-147] DEBUG c.h.p.o.HiveMQPlatformReconciler - [helmcont] Custom Resource Status ROLLING_RESTART - HiveMQ Platform is stopping the surge Pod (rolling restart) (SCALE_DOWN_IN_PROGRESS)
2025-01-29 13:45:12,369 INFO c.h.h.t.HelmChartContainer - [hivemq-test-hivemq-platform] [hivemq-platform-operator] [1d56d045] 13:45:12.368 [ReconcilerExecutor-hivemq-controller-147] DEBUG c.h.p.o.HiveMQPlatformReconciler - [helmcont] Custom Resource Spec (replicas: 1) (extensions: 1)
2025-01-29 13:45:12,370 INFO c.h.h.t.HelmChartContainer - [hivemq-test-hivemq-platform] [hivemq-platform-operator] [1d56d045] 13:45:12.369 [ReconcilerExecutor-hivemq-controller-147] DEBUG c.h.p.o.HiveMQPlatformReconciler - [helmcont] StatefulSet Status (revision: test-hivemq-platform-85948b8786, replicas: 2, available: 2, ready: 2, current: 0, updated: 1)
2025-01-29 13:45:12,371 INFO c.h.h.t.HelmChartContainer - [hivemq-test-hivemq-platform] [hivemq-platform-operator] [1d56d045] 13:45:12.370 [ReconcilerExecutor-hivemq-controller-147] DEBUG c.h.p.o.HiveMQPlatformReconciler - [helmcont] StatefulSet Spec (replicas: 1, init containers: 1, containers: 1, volumes: 3)
2025-01-29 13:45:12,376 INFO c.h.h.t.HelmChartContainer - [hivemq-test-hivemq-platform] [hivemq-platform-operator] [1d56d045] 13:45:12.372 [ReconcilerExecutor-hivemq-controller-147] DEBUG c.h.p.o.h.HiveMQPlatformReconcilerErrorHandler - [helmcont] Pod 'test-hivemq-platform-0' phase Running
2025-01-29 13:45:12,376 INFO c.h.h.t.HelmChartContainer - [hivemq-test-hivemq-platform] [hivemq-platform-operator] [1d56d045] 13:45:12.373 [ReconcilerExecutor-hivemq-controller-147] DEBUG c.h.p.o.h.HiveMQPlatformReconcilerRollingRestartHandler - [helmcont] Rolling restart is waiting for 2 of 1 replicas
2025-01-29 13:45:12,382 INFO c.h.h.t.HelmChartContainer - [hivemq-test-hivemq-platform] [hivemq-platform-operator] [1d56d045] 13:45:12.381 [pool-6-thread-24] DEBUG c.h.p.o.d.PlatformServiceResource - [helmcont] Desired Platform services (3 services)
2025-01-29 13:45:12,388 INFO c.h.h.t.HelmChartContainer - [hivemq-test-hivemq-platform] [hivemq-platform-operator] [1d56d045] 13:45:12.385 [pool-6-thread-28] DEBUG c.h.p.o.dependants.PodInfoConfigMap - [helmcont] Desired PodInfo ConfigMap (1 extensions) (1 enabled)
2025-01-29 13:45:12,389 INFO c.h.h.t.HelmChartContainer - [hivemq-test-hivemq-platform] [hivemq-platform-operator] [1d56d045] 13:45:12.386 [pool-6-thread-28] DEBUG c.h.p.o.dependants.PodInfoConfigMap - [helmcont] Desired PodInfo ConfigMap (metrics port: 9399) (metrics path: /)
2025-01-29 13:45:12,389 INFO c.h.h.t.HelmChartContainer - [hivemq-test-hivemq-platform] [hivemq-platform-operator] [1d56d045] 13:45:12.386 [pool-6-thread-28] DEBUG c.h.p.o.dependants.PodInfoConfigMap - [helmcont] Desired PodInfo ConfigMap (extension state hash: -1817474005)
2025-01-29 13:45:12,394 INFO c.h.h.t.HelmChartContainer - [hivemq-test-hivemq-platform] [hivemq-platform-operator] [1d56d045] 13:45:12.389 [pool-6-thread-29] DEBUG c.h.p.o.d.PodServiceAccountResource - [helmcont] Desired PodServiceAccountResource (serviceAccountName: hivemq-platform-pod-test-hivemq-platform)
2025-01-29 13:45:12,405 INFO c.h.h.t.HelmChartContainer - [hivemq-test-hivemq-platform] [hivemq-platform-operator] [1d56d045] 13:45:12.401 [pool-6-thread-29] DEBUG c.h.p.o.d.StatefulSetResource - [helmcont] Desired StatefulSet (1 replicas) for status ROLLING_RESTART (SCALE_DOWN_IN_PROGRESS)
2025-01-29 13:45:12,468 INFO c.h.h.t.HelmChartContainer - [hivemq-test-hivemq-platform] [hivemq-platform-operator] [1d56d045] 13:45:12.466 [ReconcilerExecutor-hivemq-controller-148] INFO  c.h.p.o.HiveMQPlatformReconciler - [helmcont] Reconciling HiveMQ Platform 'test-hivemq-platform' in namespace 'helmcontainersecuritycontextupgradeplatformit'
2025-01-29 13:45:12,468 INFO c.h.h.t.HelmChartContainer - [hivemq-test-hivemq-platform] [hivemq-platform-operator] [1d56d045] 13:45:12.466 [ReconcilerExecutor-hivemq-controller-148] DEBUG c.h.p.o.HiveMQPlatformReconciler - [helmcont] Custom Resource Status ROLLING_RESTART - HiveMQ Platform is stopping the surge Pod (rolling restart) (SCALE_DOWN_IN_PROGRESS)
2025-01-29 13:45:12,468 INFO c.h.h.t.HelmChartContainer - [hivemq-test-hivemq-platform] [hivemq-platform-operator] [1d56d045] 13:45:12.466 [ReconcilerExecutor-hivemq-controller-148] DEBUG c.h.p.o.HiveMQPlatformReconciler - [helmcont] Custom Resource Spec (replicas: 1) (extensions: 1)
2025-01-29 13:45:12,470 INFO c.h.h.t.HelmChartContainer - [hivemq-test-hivemq-platform] [hivemq-platform-operator] [1d56d045] 13:45:12.468 [ReconcilerExecutor-hivemq-controller-148] DEBUG c.h.p.o.HiveMQPlatformReconciler - [helmcont] StatefulSet Status (revision: test-hivemq-platform-85948b8786, replicas: 2, available: 2, ready: 2, current: 0, updated: 1)
2025-01-29 13:45:12,470 INFO c.h.h.t.HelmChartContainer - [hivemq-test-hivemq-platform] [hivemq-platform-operator] [1d56d045] 13:45:12.468 [ReconcilerExecutor-hivemq-controller-148] DEBUG c.h.p.o.HiveMQPlatformReconciler - [helmcont] StatefulSet Spec (replicas: 1, init containers: 1, containers: 1, volumes: 3)
2025-01-29 13:45:12,471 INFO c.h.h.t.HelmChartContainer - [hivemq-test-hivemq-platform] [hivemq-platform-operator] [1d56d045] 13:45:12.469 [ReconcilerExecutor-hivemq-controller-148] DEBUG c.h.p.o.h.HiveMQPlatformReconcilerErrorHandler - [helmcont] Pod 'test-hivemq-platform-0' phase Running
2025-01-29 13:45:12,471 INFO c.h.h.t.HelmChartContainer - [hivemq-test-hivemq-platform] [hivemq-platform-operator] [1d56d045] 13:45:12.470 [ReconcilerExecutor-hivemq-controller-148] DEBUG c.h.p.o.h.HiveMQPlatformReconcilerRollingRestartHandler - [helmcont] Rolling restart is waiting for 2 of 1 replicas
2025-01-29 13:45:12,480 INFO c.h.h.t.HelmChartContainer - [test-hivemq-platform] [hivemq] [5f518429] INFO  - Shutting down HiveMQ. Please wait, this could take a while...
2025-01-29 13:45:12,485 INFO c.h.h.t.HelmChartContainer - [test-hivemq-platform] [hivemq] [5f518429] INFO  - Shutting down listeners and clients
2025-01-29 13:45:12,488 INFO c.h.h.t.HelmChartContainer - [test-hivemq-platform] [hivemq] [5f518429] INFO  - Shutdown of listeners is done
2025-01-29 13:45:12,488 INFO c.h.h.t.HelmChartContainer - [test-hivemq-platform] [hivemq] [5f518429] INFO  - No clients are connected, proceeding with shutdown
2025-01-29 13:45:14,792 INFO c.h.h.t.HelmChartContainer - [test-hivemq-platform] [hivemq] [5f518429] INFO  - [HiveMQ Platform Operator Init App 1.7.0-SNAPSHOT] Returning shutdown Health API response 503 for readiness
2025-01-29 13:45:14,796 INFO c.h.h.t.HelmChartContainer - [EVENT] Warning [Unhealthy] Readiness probe failed: HTTP probe failed with statuscode: 503 [helmcontainersecuritycontextupgradeplatformit:test-hivemq-platform-1]
2025-01-29 13:45:14,796 INFO c.h.h.t.HelmChartContainer - Received Unhealthy event for container hivemq in pod test-hivemq-platform-1 [5f518429-9ca8-4f65-9ff9-76fa81e47f51]
2025-01-29 13:45:15,698 INFO c.h.h.t.HelmChartContainer - [test-hivemq-platform] [hivemq] [5f518429] INFO  - Shutting down extension system
2025-01-29 13:45:15,700 INFO c.h.h.t.HelmChartContainer - [test-hivemq-platform] [hivemq] [5f518429] INFO  - Stopping extension with id hivemq-dns-cluster-discovery
2025-01-29 13:45:15,701 INFO c.h.h.t.HelmChartContainer - [test-hivemq-platform] [hivemq] [5f518429] INFO  - Extension "DNS Cluster Discovery Extension" version 4.3.2 stopped successfully.
2025-01-29 13:45:15,701 INFO c.h.h.t.HelmChartContainer - [test-hivemq-platform] [hivemq] [5f518429] INFO  - Stopping extension with id hivemq-prometheus-extension
2025-01-29 13:45:15,706 INFO c.h.h.t.HelmChartContainer - [test-hivemq-platform] [hivemq] [5f518429] INFO  - Extension "Prometheus Monitoring Extension" version 4.0.12 stopped successfully.
2025-01-29 13:45:15,707 INFO c.h.h.t.HelmChartContainer - [test-hivemq-platform] [hivemq] [5f518429] INFO  - Stopping extension with id hivemq-allow-all-extension
2025-01-29 13:45:15,707 INFO c.h.h.t.HelmChartContainer - [test-hivemq-platform] [hivemq] [5f518429] INFO  - Extension "Allow All Extension" version 1.1.1 stopped successfully.
2025-01-29 13:45:15,713 INFO c.h.h.t.HelmChartContainer - [test-hivemq-platform] [hivemq] [d2986140] INFO  - Cluster nodes found by discovery: [Dv9bg|4] (1) [Dv9bg].
2025-01-29 13:45:15,716 INFO c.h.h.t.HelmChartContainer - [test-hivemq-platform] [hivemq] [d2986140] INFO  - Cluster size = 1, members : [Dv9bg].
2025-01-29 13:45:18,038 INFO c.h.h.t.HelmChartContainer - [test-hivemq-platform] [hivemq] [5f518429] INFO  - Shutdown completed.
2025-01-29 13:45:18,389 INFO c.h.h.t.HelmChartContainer - [test-hivemq-platform] [hivemq] [5f518429] INFO  - [HiveMQ Platform Operator Init App 1.7.0-SNAPSHOT] The HiveMQ Platform exited with code 143
2025-01-29 13:45:18,389 INFO c.h.h.t.HelmChartContainer - [test-hivemq-platform] [hivemq] [5f518429] INFO  - [HiveMQ Platform Operator Init App 1.7.0-SNAPSHOT] Stopping the REST API
2025-01-29 13:45:18,439 INFO c.h.h.t.HelmChartContainer - [test-hivemq-platform] [hivemq] [5f518429] INFO  - [HiveMQ Platform Operator Init App 1.7.0-SNAPSHOT] Shutdown complete
2025-01-29 13:45:18,936 INFO c.h.h.t.HelmChartContainer - [POD] test-hivemq-platform-1 [5f518429-9ca8-4f65-9ff9-76fa81e47f51] in helmcontainersecuritycontextupgradeplatformit was MODIFIED
2025-01-29 13:45:18,953 INFO c.h.h.t.HelmChartContainer - [hivemq-test-hivemq-platform] [hivemq-platform-operator] [1d56d045] 13:45:18.944 [pool-6-thread-31] DEBUG c.h.p.o.d.PlatformServiceResource - [helmcont] Desired Platform services (3 services)
2025-01-29 13:45:18,953 INFO c.h.h.t.HelmChartContainer - [hivemq-test-hivemq-platform] [hivemq-platform-operator] [1d56d045] 13:45:18.946 [pool-6-thread-36] DEBUG c.h.p.o.dependants.PodInfoConfigMap - [helmcont] Desired PodInfo ConfigMap (1 extensions) (1 enabled)
2025-01-29 13:45:18,953 INFO c.h.h.t.HelmChartContainer - [hivemq-test-hivemq-platform] [hivemq-platform-operator] [1d56d045] 13:45:18.946 [pool-6-thread-36] DEBUG c.h.p.o.dependants.PodInfoConfigMap - [helmcont] Desired PodInfo ConfigMap (metrics port: 9399) (metrics path: /)
2025-01-29 13:45:18,953 INFO c.h.h.t.HelmChartContainer - [hivemq-test-hivemq-platform] [hivemq-platform-operator] [1d56d045] 13:45:18.946 [pool-6-thread-36] DEBUG c.h.p.o.dependants.PodInfoConfigMap - [helmcont] Desired PodInfo ConfigMap (extension state hash: -1817474005)
2025-01-29 13:45:18,953 INFO c.h.h.t.HelmChartContainer - [hivemq-test-hivemq-platform] [hivemq-platform-operator] [1d56d045] 13:45:18.948 [pool-6-thread-39] DEBUG c.h.p.o.d.PodServiceAccountResource - [helmcont] Desired PodServiceAccountResource (serviceAccountName: hivemq-platform-pod-test-hivemq-platform)
2025-01-29 13:45:18,956 INFO c.h.h.t.HelmChartContainer - [hivemq-test-hivemq-platform] [hivemq-platform-operator] [1d56d045] 13:45:18.954 [pool-6-thread-31] DEBUG c.h.p.o.d.StatefulSetResource - [helmcont] Desired StatefulSet (1 replicas) for status ROLLING_RESTART (SCALE_DOWN_IN_PROGRESS)
2025-01-29 13:45:18,958 INFO c.h.h.t.HelmChartContainer - [hivemq-test-hivemq-platform] [hivemq-platform-operator] [1d56d045] 13:45:18.956 [ReconcilerExecutor-hivemq-controller-149] INFO  c.h.p.o.HiveMQPlatformReconciler - [helmcont] Reconciling HiveMQ Platform 'test-hivemq-platform' in namespace 'helmcontainersecuritycontextupgradeplatformit'
2025-01-29 13:45:18,958 INFO c.h.h.t.HelmChartContainer - [hivemq-test-hivemq-platform] [hivemq-platform-operator] [1d56d045] 13:45:18.956 [ReconcilerExecutor-hivemq-controller-149] DEBUG c.h.p.o.HiveMQPlatformReconciler - [helmcont] Custom Resource Status ROLLING_RESTART - HiveMQ Platform is stopping the surge Pod (rolling restart) (SCALE_DOWN_IN_PROGRESS)
2025-01-29 13:45:18,958 INFO c.h.h.t.HelmChartContainer - [hivemq-test-hivemq-platform] [hivemq-platform-operator] [1d56d045] 13:45:18.956 [ReconcilerExecutor-hivemq-controller-149] DEBUG c.h.p.o.HiveMQPlatformReconciler - [helmcont] Custom Resource Spec (replicas: 1) (extensions: 1)
2025-01-29 13:45:18,958 INFO c.h.h.t.HelmChartContainer - [hivemq-test-hivemq-platform] [hivemq-platform-operator] [1d56d045] 13:45:18.957 [ReconcilerExecutor-hivemq-controller-149] DEBUG c.h.p.o.HiveMQPlatformReconciler - [helmcont] StatefulSet Status (revision: test-hivemq-platform-85948b8786, replicas: 2, available: 1, ready: 1, current: 0, updated: 1)
2025-01-29 13:45:18,958 INFO c.h.h.t.HelmChartContainer - [hivemq-test-hivemq-platform] [hivemq-platform-operator] [1d56d045] 13:45:18.958 [ReconcilerExecutor-hivemq-controller-149] DEBUG c.h.p.o.HiveMQPlatformReconciler - [helmcont] StatefulSet Spec (replicas: 1, init containers: 1, containers: 1, volumes: 3)
2025-01-29 13:45:18,962 INFO c.h.h.t.HelmChartContainer - [hivemq-test-hivemq-platform] [hivemq-platform-operator] [1d56d045] 13:45:18.960 [ReconcilerExecutor-hivemq-controller-149] DEBUG c.h.p.o.h.HiveMQPlatformReconcilerErrorHandler - [helmcont] Pod 'test-hivemq-platform-0' phase Running
2025-01-29 13:45:18,964 INFO c.h.h.t.HelmChartContainer - [hivemq-test-hivemq-platform] [hivemq-platform-operator] [1d56d045] 13:45:18.960 [ReconcilerExecutor-hivemq-controller-149] INFO  c.h.p.o.h.HiveMQPlatformReconcilerRollingRestartHandler - [helmcont] Rolling restart is done
2025-01-29 13:45:18,971 INFO c.h.h.t.HelmChartContainer - [EVENT] Normal [Ready] HiveMQ Platform is ready [helmcontainersecuritycontextupgradeplatformit:test-hivemq-platform]
2025-01-29 13:45:18,976 INFO c.h.h.t.HelmChartContainer - [hivemq-test-hivemq-platform] [hivemq-platform-operator] [1d56d045] 13:45:18.972 [ReconcilerExecutor-hivemq-controller-149] DEBUG c.h.p.operator.event.EventSender - [helmcont] Updating K8s event hivemq-platform-ready: [Ready] HiveMQ Platform is ready
2025-01-29 13:45:18,976 INFO c.h.h.t.HelmChartContainer - [hivemq-test-hivemq-platform] [hivemq-platform-operator] [1d56d045] 13:45:18.972 [ReconcilerExecutor-hivemq-controller-149] INFO  c.h.p.o.h.AbstractHiveMQReconcilerStateHandler - [helmcont] Update HiveMQ Platform Status (ROLLING_RESTART [SCALE_DOWN_IN_PROGRESS] -> RUNNING [READY]): HiveMQ Platform is ready
2025-01-29 13:45:18,984 DEBUG com.hivemq.helmcharts.util.K8sUtil - Comparing actual state 'RUNNING' and waiting for 'RUNNING'
2025-01-29 13:45:18,985 INFO c.h.h.t.HelmChartContainer - Uninstalling release 'test-hivemq-platform' in namespace 'helmcontainersecuritycontextupgradeplatformit'...
2025-01-29 13:45:18,985 DEBUG c.h.h.t.HelmChartContainer - Executing helm command: /bin/helm --kubeconfig /etc/rancher/k3s/k3s.yaml uninstall test-hivemq-platform  --wait --timeout 5m0s --cascade foreground --namespace helmcontainersecuritycontextupgradeplatformit
2025-01-29 13:45:18,989 INFO c.h.h.t.HelmChartContainer - [hivemq-test-hivemq-platform] [hivemq-platform-operator] [1d56d045] 13:45:18.988 [pool-6-thread-48] DEBUG c.h.p.o.d.PlatformServiceResource - [helmcont] Desired Platform services (3 services)
2025-01-29 13:45:18,992 INFO c.h.h.t.HelmChartContainer - [hivemq-test-hivemq-platform] [hivemq-platform-operator] [1d56d045] 13:45:18.990 [pool-6-thread-41] DEBUG c.h.p.o.dependants.PodInfoConfigMap - [helmcont] Desired PodInfo ConfigMap (1 extensions) (1 enabled)
2025-01-29 13:45:18,992 INFO c.h.h.t.HelmChartContainer - [hivemq-test-hivemq-platform] [hivemq-platform-operator] [1d56d045] 13:45:18.991 [pool-6-thread-41] DEBUG c.h.p.o.dependants.PodInfoConfigMap - [helmcont] Desired PodInfo ConfigMap (metrics port: 9399) (metrics path: /)
2025-01-29 13:45:18,993 INFO c.h.h.t.HelmChartContainer - [hivemq-test-hivemq-platform] [hivemq-platform-operator] [1d56d045] 13:45:18.991 [pool-6-thread-41] DEBUG c.h.p.o.dependants.PodInfoConfigMap - [helmcont] Desired PodInfo ConfigMap (extension state hash: -1817474005)
2025-01-29 13:45:18,993 INFO c.h.h.t.HelmChartContainer - [hivemq-test-hivemq-platform] [hivemq-platform-operator] [1d56d045] 13:45:18.991 [pool-6-thread-45] DEBUG c.h.p.o.d.PodServiceAccountResource - [helmcont] Desired PodServiceAccountResource (serviceAccountName: hivemq-platform-pod-test-hivemq-platform)
2025-01-29 13:45:18,993 INFO c.h.h.t.HelmChartContainer - [hivemq-test-hivemq-platform] [hivemq-platform-operator] [1d56d045] 13:45:18.992 [pool-6-thread-41] DEBUG c.h.p.o.dependants.PodInfoConfigMap - [helmcont] Update PodInfo ConfigMap
2025-01-29 13:45:19,054 INFO c.h.h.t.HelmChartContainer - [hivemq-test-hivemq-platform] [hivemq-platform-operator] [1d56d045] 13:45:19.052 [pool-6-thread-41] DEBUG c.h.p.o.d.StatefulSetResource - [helmcont] Desired StatefulSet (1 replicas) for status RUNNING (READY)
2025-01-29 13:45:19,055 INFO c.h.h.t.HelmChartContainer - [hivemq-test-hivemq-platform] [hivemq-platform-operator] [1d56d045] 13:45:19.054 [ReconcilerExecutor-hivemq-controller-150] INFO  c.h.p.o.HiveMQPlatformReconciler - [helmcont] Reconciling HiveMQ Platform 'test-hivemq-platform' in namespace 'helmcontainersecuritycontextupgradeplatformit'
2025-01-29 13:45:19,057 INFO c.h.h.t.HelmChartContainer - [hivemq-test-hivemq-platform] [hivemq-platform-operator] [1d56d045] 13:45:19.054 [ReconcilerExecutor-hivemq-controller-150] DEBUG c.h.p.o.HiveMQPlatformReconciler - [helmcont] Custom Resource Status RUNNING - HiveMQ Platform is ready (READY)
2025-01-29 13:45:19,058 INFO c.h.h.t.HelmChartContainer - [hivemq-test-hivemq-platform] [hivemq-platform-operator] [1d56d045] 13:45:19.054 [ReconcilerExecutor-hivemq-controller-150] DEBUG c.h.p.o.HiveMQPlatformReconciler - [helmcont] Custom Resource Spec (replicas: 1) (extensions: 1)
2025-01-29 13:45:19,058 INFO c.h.h.t.HelmChartContainer - [hivemq-test-hivemq-platform] [hivemq-platform-operator] [1d56d045] 13:45:19.055 [ReconcilerExecutor-hivemq-controller-150] DEBUG c.h.p.o.HiveMQPlatformReconciler - [helmcont] StatefulSet Status (revision: test-hivemq-platform-85948b8786, replicas: 2, available: 1, ready: 1, current: 0, updated: 1)
2025-01-29 13:45:19,058 INFO c.h.h.t.HelmChartContainer - [hivemq-test-hivemq-platform] [hivemq-platform-operator] [1d56d045] 13:45:19.055 [ReconcilerExecutor-hivemq-controller-150] DEBUG c.h.p.o.HiveMQPlatformReconciler - [helmcont] StatefulSet Spec (replicas: 1, init containers: 1, containers: 1, volumes: 3)
2025-01-29 13:45:19,059 INFO c.h.h.t.HelmChartContainer - [hivemq-test-hivemq-platform] [hivemq-platform-operator] [1d56d045] 13:45:19.057 [ReconcilerExecutor-hivemq-controller-150] DEBUG c.h.p.o.h.HiveMQPlatformReconcilerErrorHandler - [helmcont] Pod 'test-hivemq-platform-0' phase Running
2025-01-29 13:45:19,079 INFO c.h.h.t.HelmChartContainer - [K3S] [reconciler_common.go:162] "operationExecutor.UnmountVolume started for volume \"operator-init\" (UniqueName: \"kubernetes.io/empty-dir/5f518429-9ca8-4f65-9ff9-76fa81e47f51-operator-init\") pod \"5f518429-9ca8-4f65-9ff9-76fa81e47f51\" (UID: \"5f518429-9ca8-4f65-9ff9-76fa81e47f51\") "
2025-01-29 13:45:19,079 INFO c.h.h.t.HelmChartContainer - [K3S] [reconciler_common.go:162] "operationExecutor.UnmountVolume started for volume \"broker-configuration\" (UniqueName: \"kubernetes.io/configmap/5f518429-9ca8-4f65-9ff9-76fa81e47f51-broker-configuration\") pod \"5f518429-9ca8-4f65-9ff9-76fa81e47f51\" (UID: \"5f518429-9ca8-4f65-9ff9-76fa81e47f51\") "
2025-01-29 13:45:19,079 INFO c.h.h.t.HelmChartContainer - [K3S] [reconciler_common.go:162] "operationExecutor.UnmountVolume started for volume \"kube-api-access-rfzq7\" (UniqueName: \"kubernetes.io/projected/5f518429-9ca8-4f65-9ff9-76fa81e47f51-kube-api-access-rfzq7\") pod \"5f518429-9ca8-4f65-9ff9-76fa81e47f51\" (UID: \"5f518429-9ca8-4f65-9ff9-76fa81e47f51\") "
2025-01-29 13:45:19,079 INFO c.h.h.t.HelmChartContainer - [K3S] [reconciler_common.go:162] "operationExecutor.UnmountVolume started for volume \"pod-info\" (UniqueName: \"kubernetes.io/configmap/5f518429-9ca8-4f65-9ff9-76fa81e47f51-pod-info\") pod \"5f518429-9ca8-4f65-9ff9-76fa81e47f51\" (UID: \"5f518429-9ca8-4f65-9ff9-76fa81e47f51\") "
2025-01-29 13:45:19,099 INFO c.h.h.t.HelmChartContainer - [K3S] [scope.go:117] "RemoveContainer" containerID="a43c96c7d54bf5b28a4800d550e39fbd9d7197141e08978265b3a804a248a5ac"
2025-01-29 13:45:19,119 INFO c.h.h.t.HelmChartContainer - [POD] test-hivemq-platform-1 [5f518429-9ca8-4f65-9ff9-76fa81e47f51] in helmcontainersecuritycontextupgradeplatformit was MODIFIED
2025-01-29 13:45:19,129 INFO c.h.h.t.HelmChartContainer - [POD] test-hivemq-platform-1 [5f518429-9ca8-4f65-9ff9-76fa81e47f51] in helmcontainersecuritycontextupgradeplatformit was DELETED
2025-01-29 13:45:19,140 INFO c.h.h.t.HelmChartContainer - [hivemq-test-hivemq-platform] [hivemq-platform-operator] [1d56d045] 13:45:19.132 [pool-6-thread-9] DEBUG c.h.p.o.d.PlatformServiceResource - [helmcont] Desired Platform services (3 services)
2025-01-29 13:45:19,140 INFO c.h.h.t.HelmChartContainer - [hivemq-test-hivemq-platform] [hivemq-platform-operator] [1d56d045] 13:45:19.135 [pool-6-thread-9] DEBUG c.h.p.o.d.PodServiceAccountResource - [helmcont] Desired PodServiceAccountResource (serviceAccountName: hivemq-platform-pod-test-hivemq-platform)
2025-01-29 13:45:19,150 INFO c.h.h.t.HelmChartContainer - [hivemq-test-hivemq-platform] [hivemq-platform-operator] [1d56d045] 13:45:19.145 [pool-6-thread-3] DEBUG c.h.p.o.dependants.PodInfoConfigMap - [helmcont] Desired PodInfo ConfigMap (1 extensions) (1 enabled)
2025-01-29 13:45:19,150 INFO c.h.h.t.HelmChartContainer - [hivemq-test-hivemq-platform] [hivemq-platform-operator] [1d56d045] 13:45:19.145 [pool-6-thread-3] DEBUG c.h.p.o.dependants.PodInfoConfigMap - [helmcont] Desired PodInfo ConfigMap (metrics port: 9399) (metrics path: /)
2025-01-29 13:45:19,150 INFO c.h.h.t.HelmChartContainer - [hivemq-test-hivemq-platform] [hivemq-platform-operator] [1d56d045] 13:45:19.145 [pool-6-thread-3] DEBUG c.h.p.o.dependants.PodInfoConfigMap - [helmcont] Desired PodInfo ConfigMap (extension state hash: -1817474005)
2025-01-29 13:45:19,150 INFO c.h.h.t.HelmChartContainer - [hivemq-test-hivemq-platform] [hivemq-platform-operator] [1d56d045] 13:45:19.146 [pool-6-thread-3] DEBUG c.h.p.o.d.StatefulSetResource - [helmcont] Desired StatefulSet (1 replicas) for status RUNNING (READY)
2025-01-29 13:45:19,157 INFO c.h.h.t.HelmChartContainer - [hivemq-test-hivemq-platform] [hivemq-platform-operator] [1d56d045] 13:45:19.154 [ReconcilerExecutor-hivemq-controller-151] INFO  c.h.p.o.HiveMQPlatformReconciler - [helmcont] Reconciling HiveMQ Platform 'test-hivemq-platform' in namespace 'helmcontainersecuritycontextupgradeplatformit'
2025-01-29 13:45:19,160 INFO c.h.h.t.HelmChartContainer - [hivemq-test-hivemq-platform] [hivemq-platform-operator] [1d56d045] 13:45:19.155 [ReconcilerExecutor-hivemq-controller-151] DEBUG c.h.p.o.HiveMQPlatformReconciler - [helmcont] Custom Resource Status RUNNING - HiveMQ Platform is ready (READY)
2025-01-29 13:45:19,160 INFO c.h.h.t.HelmChartContainer - [hivemq-test-hivemq-platform] [hivemq-platform-operator] [1d56d045] 13:45:19.155 [ReconcilerExecutor-hivemq-controller-151] DEBUG c.h.p.o.HiveMQPlatformReconciler - [helmcont] Custom Resource Spec (replicas: 1) (extensions: 1)
2025-01-29 13:45:19,163 INFO c.h.h.t.HelmChartContainer - [hivemq-test-hivemq-platform] [hivemq-platform-operator] [1d56d045] 13:45:19.156 [ReconcilerExecutor-hivemq-controller-151] DEBUG c.h.p.o.HiveMQPlatformReconciler - [helmcont] StatefulSet Status (revision: test-hivemq-platform-85948b8786, replicas: 1, available: 1, ready: 1, current: 0, updated: 1)
2025-01-29 13:45:19,163 INFO c.h.h.t.HelmChartContainer - [hivemq-test-hivemq-platform] [hivemq-platform-operator] [1d56d045] 13:45:19.156 [ReconcilerExecutor-hivemq-controller-151] DEBUG c.h.p.o.HiveMQPlatformReconciler - [helmcont] StatefulSet Spec (replicas: 1, init containers: 1, containers: 1, volumes: 3)
2025-01-29 13:45:19,169 INFO c.h.h.t.HelmChartContainer - [hivemq-test-hivemq-platform] [hivemq-platform-operator] [1d56d045] 13:45:19.168 [ReconcilerExecutor-hivemq-controller-151] DEBUG c.h.p.o.h.HiveMQPlatformReconcilerErrorHandler - [helmcont] Pod 'test-hivemq-platform-0' phase Running
2025-01-29 13:45:19,177 INFO c.h.h.t.HelmChartContainer - [hivemq-test-hivemq-platform] [hivemq-platform-operator] [1d56d045] 13:45:19.173 [pool-6-thread-18] DEBUG c.h.p.o.d.PlatformServiceResource - [helmcont] Desired Platform services (3 services)
2025-01-29 13:45:19,181 INFO c.h.h.t.HelmChartContainer - [K3S] [reconciler_common.go:299] "Volume detached for volume \"pod-info\" (UniqueName: \"kubernetes.io/configmap/5f518429-9ca8-4f65-9ff9-76fa81e47f51-pod-info\") on node \"ddd52fe05997\" DevicePath \"\""
2025-01-29 13:45:19,181 INFO c.h.h.t.HelmChartContainer - [K3S] [reconciler_common.go:299] "Volume detached for volume \"operator-init\" (UniqueName: \"kubernetes.io/empty-dir/5f518429-9ca8-4f65-9ff9-76fa81e47f51-operator-init\") on node \"ddd52fe05997\" DevicePath \"\""
2025-01-29 13:45:19,181 INFO c.h.h.t.HelmChartContainer - [K3S] [reconciler_common.go:299] "Volume detached for volume \"broker-configuration\" (UniqueName: \"kubernetes.io/configmap/5f518429-9ca8-4f65-9ff9-76fa81e47f51-broker-configuration\") on node \"ddd52fe05997\" DevicePath \"\""
2025-01-29 13:45:19,181 INFO c.h.h.t.HelmChartContainer - [K3S] [reconciler_common.go:299] "Volume detached for volume \"kube-api-access-rfzq7\" (UniqueName: \"kubernetes.io/projected/5f518429-9ca8-4f65-9ff9-76fa81e47f51-kube-api-access-rfzq7\") on node \"ddd52fe05997\" DevicePath \"\""
2025-01-29 13:45:19,183 INFO c.h.h.t.HelmChartContainer - [hivemq-test-hivemq-platform] [hivemq-platform-operator] [1d56d045] 13:45:19.176 [pool-6-thread-11] DEBUG c.h.p.o.d.PodServiceAccountResource - [helmcont] Desired PodServiceAccountResource (serviceAccountName: hivemq-platform-pod-test-hivemq-platform)
2025-01-29 13:45:19,192 INFO c.h.h.t.HelmChartContainer - [hivemq-test-hivemq-platform] [hivemq-platform-operator] [1d56d045] 13:45:19.184 [pool-6-thread-20] DEBUG c.h.p.o.dependants.PodInfoConfigMap - [helmcont] Desired PodInfo ConfigMap (1 extensions) (1 enabled)
2025-01-29 13:45:19,192 INFO c.h.h.t.HelmChartContainer - [hivemq-test-hivemq-platform] [hivemq-platform-operator] [1d56d045] 13:45:19.184 [pool-6-thread-20] DEBUG c.h.p.o.dependants.PodInfoConfigMap - [helmcont] Desired PodInfo ConfigMap (metrics port: 9399) (metrics path: /)
2025-01-29 13:45:19,192 INFO c.h.h.t.HelmChartContainer - [hivemq-test-hivemq-platform] [hivemq-platform-operator] [1d56d045] 13:45:19.184 [pool-6-thread-20] DEBUG c.h.p.o.dependants.PodInfoConfigMap - [helmcont] Desired PodInfo ConfigMap (extension state hash: -1817474005)
2025-01-29 13:45:19,198 INFO c.h.h.t.HelmChartContainer - [hivemq-test-hivemq-platform] [hivemq-platform-operator] [1d56d045] 13:45:19.192 [pool-6-thread-20] DEBUG c.h.p.o.d.StatefulSetResource - [helmcont] Desired StatefulSet (1 replicas) for status RUNNING (READY)
2025-01-29 13:45:19,251 INFO c.h.h.t.HelmChartContainer - [hivemq-test-hivemq-platform] [hivemq-platform-operator] [1d56d045] 13:45:19.246 [ReconcilerExecutor-hivemq-controller-152] INFO  c.h.p.o.HiveMQPlatformReconciler - [helmcont] Reconciling HiveMQ Platform 'test-hivemq-platform' in namespace 'helmcontainersecuritycontextupgradeplatformit'
2025-01-29 13:45:19,251 INFO c.h.h.t.HelmChartContainer - [hivemq-test-hivemq-platform] [hivemq-platform-operator] [1d56d045] 13:45:19.246 [ReconcilerExecutor-hivemq-controller-152] DEBUG c.h.p.o.HiveMQPlatformReconciler - [helmcont] Custom Resource Status RUNNING - HiveMQ Platform is ready (READY)
2025-01-29 13:45:19,251 INFO c.h.h.t.HelmChartContainer - [hivemq-test-hivemq-platform] [hivemq-platform-operator] [1d56d045] 13:45:19.246 [ReconcilerExecutor-hivemq-controller-152] DEBUG c.h.p.o.HiveMQPlatformReconciler - [helmcont] Custom Resource Spec (replicas: 1) (extensions: 1)
2025-01-29 13:45:19,251 INFO c.h.h.t.HelmChartContainer - [hivemq-test-hivemq-platform] [hivemq-platform-operator] [1d56d045] 13:45:19.248 [ReconcilerExecutor-hivemq-controller-152] DEBUG c.h.p.o.HiveMQPlatformReconciler - [helmcont] StatefulSet Status (revision: test-hivemq-platform-85948b8786, replicas: 1, available: 1, ready: 1, current: 0, updated: 1)
2025-01-29 13:45:19,252 INFO c.h.h.t.HelmChartContainer - [hivemq-test-hivemq-platform] [hivemq-platform-operator] [1d56d045] 13:45:19.248 [ReconcilerExecutor-hivemq-controller-152] DEBUG c.h.p.o.HiveMQPlatformReconciler - [helmcont] StatefulSet Spec (replicas: 1, init containers: 1, containers: 1, volumes: 3)
2025-01-29 13:45:19,252 INFO c.h.h.t.HelmChartContainer - [hivemq-test-hivemq-platform] [hivemq-platform-operator] [1d56d045] 13:45:19.249 [ReconcilerExecutor-hivemq-controller-152] DEBUG c.h.p.o.h.HiveMQPlatformReconcilerErrorHandler - [helmcont] Pod 'test-hivemq-platform-0' phase Running
2025-01-29 13:45:19,298 INFO c.h.h.t.HelmChartContainer - [K3S] [kubelet_volumes.go:163] "Cleaned up orphaned pod volumes dir" podUID="5f518429-9ca8-4f65-9ff9-76fa81e47f51" path="/var/lib/kubelet/pods/5f518429-9ca8-4f65-9ff9-76fa81e47f51/volumes"
2025-01-29 13:45:19,332 INFO c.h.h.t.HelmChartContainer - [hivemq-test-hivemq-platform] [hivemq-platform-operator] [1d56d045] 13:45:19.325 [pool-6-thread-21] DEBUG c.h.p.o.dependants.PodInfoConfigMap - [helmcont] Desired PodInfo ConfigMap (1 extensions) (1 enabled)
2025-01-29 13:45:19,332 INFO c.h.h.t.HelmChartContainer - [hivemq-test-hivemq-platform] [hivemq-platform-operator] [1d56d045] 13:45:19.325 [pool-6-thread-21] DEBUG c.h.p.o.dependants.PodInfoConfigMap - [helmcont] Desired PodInfo ConfigMap (metrics port: 9399) (metrics path: /)
2025-01-29 13:45:19,332 INFO c.h.h.t.HelmChartContainer - [hivemq-test-hivemq-platform] [hivemq-platform-operator] [1d56d045] 13:45:19.325 [pool-6-thread-21] DEBUG c.h.p.o.dependants.PodInfoConfigMap - [helmcont] Desired PodInfo ConfigMap (extension state hash: -1817474005)
2025-01-29 13:45:19,332 INFO c.h.h.t.HelmChartContainer - [hivemq-test-hivemq-platform] [hivemq-platform-operator] [1d56d045] 13:45:19.330 [pool-6-thread-30] DEBUG c.h.p.o.d.PodServiceAccountResource - [helmcont] Desired PodServiceAccountResource (serviceAccountName: hivemq-platform-pod-test-hivemq-platform)
2025-01-29 13:45:19,337 INFO c.h.h.t.HelmChartContainer - [hivemq-test-hivemq-platform] [hivemq-platform-operator] [1d56d045] 13:45:19.333 [pool-6-thread-28] DEBUG c.h.p.o.d.PlatformServiceResource - [helmcont] Desired Platform services (3 services)
2025-01-29 13:45:19,341 INFO c.h.h.t.HelmChartContainer - [hivemq-test-hivemq-platform] [hivemq-platform-operator] [1d56d045] 13:45:19.338 [pool-6-thread-28] DEBUG c.h.p.o.d.StatefulSetResource - [helmcont] Desired StatefulSet (1 replicas) for status RUNNING (READY)
2025-01-29 13:45:19,354 INFO c.h.h.t.HelmChartContainer - [K3S] [scope.go:117] "RemoveContainer" containerID="3933721d9f5041275dd7a6a51e38dc759eae187136b25791f8da478101349ff8"
2025-01-29 13:45:19,354 INFO c.h.h.t.HelmChartContainer - [hivemq-test-hivemq-platform] [hivemq-platform-operator] [1d56d045] 13:45:19.342 [ReconcilerExecutor-hivemq-controller-153] INFO  c.h.p.o.HiveMQPlatformReconciler - [helmcont] Reconciling HiveMQ Platform 'test-hivemq-platform' in namespace 'helmcontainersecuritycontextupgradeplatformit'
2025-01-29 13:45:19,357 INFO c.h.h.t.HelmChartContainer - [hivemq-test-hivemq-platform] [hivemq-platform-operator] [1d56d045] 13:45:19.342 [ReconcilerExecutor-hivemq-controller-153] DEBUG c.h.p.o.HiveMQPlatformReconciler - [helmcont] Custom Resource Status RUNNING - HiveMQ Platform is ready (READY)
2025-01-29 13:45:19,357 INFO c.h.h.t.HelmChartContainer - [hivemq-test-hivemq-platform] [hivemq-platform-operator] [1d56d045] 13:45:19.342 [ReconcilerExecutor-hivemq-controller-153] DEBUG c.h.p.o.HiveMQPlatformReconciler - [helmcont] Custom Resource Spec (replicas: 1) (extensions: 1)
2025-01-29 13:45:19,357 INFO c.h.h.t.HelmChartContainer - [hivemq-test-hivemq-platform] [hivemq-platform-operator] [1d56d045] 13:45:19.343 [ReconcilerExecutor-hivemq-controller-153] DEBUG c.h.p.o.HiveMQPlatformReconciler - [helmcont] StatefulSet Status (revision: test-hivemq-platform-85948b8786, replicas: 1, available: 1, ready: 1, current: 0, updated: 1)
2025-01-29 13:45:19,357 INFO c.h.h.t.HelmChartContainer - [hivemq-test-hivemq-platform] [hivemq-platform-operator] [1d56d045] 13:45:19.343 [ReconcilerExecutor-hivemq-controller-153] DEBUG c.h.p.o.HiveMQPlatformReconciler - [helmcont] StatefulSet Spec (replicas: 1, init containers: 1, containers: 1, volumes: 3)
2025-01-29 13:45:19,357 INFO c.h.h.t.HelmChartContainer - [hivemq-test-hivemq-platform] [hivemq-platform-operator] [1d56d045] 13:45:19.344 [ReconcilerExecutor-hivemq-controller-153] DEBUG c.h.p.o.h.HiveMQPlatformReconcilerErrorHandler - [helmcont] Pod 'test-hivemq-platform-0' phase Running
2025-01-29 13:45:19,360 INFO c.h.h.t.HelmChartContainer - [hivemq-test-hivemq-platform] [hivemq-platform-operator] [1d56d045] 13:45:19.354 [ReconcilerExecutor-hivemq-controller-154] INFO  c.h.p.o.HiveMQPlatformReconciler - [helmcont] Cleanup test-hivemq-platform - helmcontainersecuritycontextupgradeplatformit HiveMQ Platform is shut down
2025-01-29 13:45:19,380 INFO c.h.h.t.HelmChartContainer - [K3S] [scope.go:117] "RemoveContainer" containerID="a43c96c7d54bf5b28a4800d550e39fbd9d7197141e08978265b3a804a248a5ac"
2025-01-29 13:45:19,380 INFO c.h.h.t.HelmChartContainer - [K3S] [scope.go:117] "RemoveContainer" containerID="3933721d9f5041275dd7a6a51e38dc759eae187136b25791f8da478101349ff8"
2025-01-29 13:45:20,135 INFO c.h.h.t.HelmChartContainer - [POD] test-hivemq-platform-0 [d2986140-ff9e-4ed6-9773-aebb750a0b02] in helmcontainersecuritycontextupgradeplatformit was MODIFIED
2025-01-29 13:45:20,146 INFO c.h.h.t.HelmChartContainer - [EVENT] Normal [Killing] Stopping container hivemq [helmcontainersecuritycontextupgradeplatformit:test-hivemq-platform-0]
2025-01-29 13:45:20,146 INFO c.h.h.t.HelmChartContainer - Received Killing event for container hivemq in pod test-hivemq-platform-0 [d2986140-ff9e-4ed6-9773-aebb750a0b02]
2025-01-29 13:45:20,146 INFO c.h.h.t.HelmChartContainer - Container [test-hivemq-platform-0] [hivemq] [d2986140-ff9e-4ed6-9773-aebb750a0b02] was terminated
2025-01-29 13:45:20,146 INFO c.h.h.t.HelmChartContainer - Stopped log watcher for hivemq in pod test-hivemq-platform-0 [d2986140-ff9e-4ed6-9773-aebb750a0b02]
2025-01-29 13:45:20,148 INFO c.h.h.t.HelmChartContainer - [test-hivemq-platform] [hivemq] [d2986140] INFO  - [HiveMQ Platform Operator Init App 1.7.0-SNAPSHOT] Shutting down
2025-01-29 13:45:20,148 INFO c.h.h.t.HelmChartContainer - [test-hivemq-platform] [hivemq] [d2986140] INFO  - [HiveMQ Platform Operator Init App 1.7.0-SNAPSHOT] Stopping the HiveMQ Platform
2025-01-29 13:45:20,346 INFO c.h.h.t.HelmChartContainer - [test-hivemq-platform] [hivemq] [d2986140] INFO  - Shutting down HiveMQ. Please wait, this could take a while...
2025-01-29 13:45:20,351 INFO c.h.h.t.HelmChartContainer - [test-hivemq-platform] [hivemq] [d2986140] INFO  - Shutting down listeners and clients
2025-01-29 13:45:20,352 INFO c.h.h.t.HelmChartContainer - [test-hivemq-platform] [hivemq] [d2986140] INFO  - Shutdown of listeners is done
2025-01-29 13:45:20,352 INFO c.h.h.t.HelmChartContainer - [test-hivemq-platform] [hivemq] [d2986140] INFO  - No clients are connected, proceeding with shutdown
2025-01-29 13:45:21,410 INFO c.h.h.t.HelmChartContainer - Deleting namespace 'helmcontainersecuritycontextupgradeplatformit'...
2025-01-29 13:45:21,949 INFO c.h.h.t.HelmChartContainer - [test-hivemq-platform] [hivemq] [d2986140] INFO  - [HiveMQ Platform Operator Init App 1.7.0-SNAPSHOT] Returning shutdown Health API response 503 for readiness
2025-01-29 13:45:21,953 INFO c.h.h.t.HelmChartContainer - [EVENT] Warning [Unhealthy] Readiness probe failed: HTTP probe failed with statuscode: 503 [helmcontainersecuritycontextupgradeplatformit:test-hivemq-platform-0]
2025-01-29 13:45:21,953 INFO c.h.h.t.HelmChartContainer - Received Unhealthy event for container hivemq in pod test-hivemq-platform-0 [d2986140-ff9e-4ed6-9773-aebb750a0b02]
2025-01-29 13:45:22,422 INFO c.h.h.t.HelmChartContainer - [K3S] [authentication.go:74] "Unable to authenticate the request" err="[invalid bearer token, serviceaccounts \"hivemq-platform-pod-test-hivemq-platform\" not found]"
2025-01-29 13:45:22,439 INFO c.h.h.t.HelmChartContainer - [K3S] [authentication.go:74] "Unable to authenticate the request" err="[invalid bearer token, serviceaccounts \"hivemq-platform-pod-test-hivemq-platform\" not found]"
2025-01-29 13:45:22,476 INFO c.h.h.t.HelmChartContainer - [test-hivemq-platform] [hivemq] [d2986140] WARN  - [HiveMQ Platform Operator Init App 1.7.0-SNAPSHOT] Could not update Pod annotations: Failure executing: GET at: https://10.43.0.1:443/api/v1/namespaces/helmcontainersecuritycontextupgradeplatformit/pods/test-hivemq-platform-0. Message: Unauthorized. Received status: Status(apiVersion=v1, code=401, details=null, kind=Status, message=Unauthorized, metadata=ListMeta(_continue=null, remainingItemCount=null, resourceVersion=null, selfLink=null, additionalProperties={}), reason=Unauthorized, status=Failure, additionalProperties={}).
2025-01-29 13:45:23,781 INFO c.h.h.t.HelmChartContainer - [test-hivemq-platform] [hivemq] [d2986140] INFO  - Shutting down extension system
2025-01-29 13:45:23,783 INFO c.h.h.t.HelmChartContainer - [test-hivemq-platform] [hivemq] [d2986140] INFO  - Stopping extension with id hivemq-dns-cluster-discovery
2025-01-29 13:45:23,784 INFO c.h.h.t.HelmChartContainer - [test-hivemq-platform] [hivemq] [d2986140] INFO  - Extension "DNS Cluster Discovery Extension" version 4.3.2 stopped successfully.
2025-01-29 13:45:23,784 INFO c.h.h.t.HelmChartContainer - [test-hivemq-platform] [hivemq] [d2986140] INFO  - Stopping extension with id hivemq-prometheus-extension
2025-01-29 13:45:23,788 INFO c.h.h.t.HelmChartContainer - [test-hivemq-platform] [hivemq] [d2986140] INFO  - Extension "Prometheus Monitoring Extension" version 4.0.12 stopped successfully.
2025-01-29 13:45:23,788 INFO c.h.h.t.HelmChartContainer - [test-hivemq-platform] [hivemq] [d2986140] INFO  - Stopping extension with id hivemq-allow-all-extension
2025-01-29 13:45:23,788 INFO c.h.h.t.HelmChartContainer - [test-hivemq-platform] [hivemq] [d2986140] INFO  - Extension "Allow All Extension" version 1.1.1 stopped successfully.
2025-01-29 13:45:26,066 INFO c.h.h.t.HelmChartContainer - [test-hivemq-platform] [hivemq] [d2986140] INFO  - Shutdown completed.
2025-01-29 13:45:26,421 INFO c.h.h.t.HelmChartContainer - [test-hivemq-platform] [hivemq] [d2986140] INFO  - [HiveMQ Platform Operator Init App 1.7.0-SNAPSHOT] The HiveMQ Platform exited with code 143
2025-01-29 13:45:26,421 INFO c.h.h.t.HelmChartContainer - [test-hivemq-platform] [hivemq] [d2986140] INFO  - [HiveMQ Platform Operator Init App 1.7.0-SNAPSHOT] Stopping the REST API
2025-01-29 13:45:26,427 INFO c.h.h.t.HelmChartContainer - [test-hivemq-platform] [hivemq] [d2986140] INFO  - [HiveMQ Platform Operator Init App 1.7.0-SNAPSHOT] Shutdown complete
2025-01-29 13:45:26,587 INFO c.h.h.t.HelmChartContainer - [K3S] [stateful_set.go:466] "StatefulSet has been deleted" key="helmcontainersecuritycontextupgradeplatformit/test-hivemq-platform"
2025-01-29 13:45:26,931 INFO c.h.h.t.HelmChartContainer - [POD] test-hivemq-platform-0 [d2986140-ff9e-4ed6-9773-aebb750a0b02] in helmcontainersecuritycontextupgradeplatformit was MODIFIED
2025-01-29 13:45:27,018 INFO c.h.h.t.HelmChartContainer - [K3S] [reconciler_common.go:162] "operationExecutor.UnmountVolume started for volume \"pod-info\" (UniqueName: \"kubernetes.io/configmap/d2986140-ff9e-4ed6-9773-aebb750a0b02-pod-info\") pod \"d2986140-ff9e-4ed6-9773-aebb750a0b02\" (UID: \"d2986140-ff9e-4ed6-9773-aebb750a0b02\") "
2025-01-29 13:45:27,018 INFO c.h.h.t.HelmChartContainer - [K3S] [reconciler_common.go:162] "operationExecutor.UnmountVolume started for volume \"kube-api-access-8mnnd\" (UniqueName: \"kubernetes.io/projected/d2986140-ff9e-4ed6-9773-aebb750a0b02-kube-api-access-8mnnd\") pod \"d2986140-ff9e-4ed6-9773-aebb750a0b02\" (UID: \"d2986140-ff9e-4ed6-9773-aebb750a0b02\") "
2025-01-29 13:45:27,019 INFO c.h.h.t.HelmChartContainer - [K3S] [reconciler_common.go:162] "operationExecutor.UnmountVolume started for volume \"operator-init\" (UniqueName: \"kubernetes.io/empty-dir/d2986140-ff9e-4ed6-9773-aebb750a0b02-operator-init\") pod \"d2986140-ff9e-4ed6-9773-aebb750a0b02\" (UID: \"d2986140-ff9e-4ed6-9773-aebb750a0b02\") "
2025-01-29 13:45:27,019 INFO c.h.h.t.HelmChartContainer - [K3S] [reconciler_common.go:162] "operationExecutor.UnmountVolume started for volume \"broker-configuration\" (UniqueName: \"kubernetes.io/configmap/d2986140-ff9e-4ed6-9773-aebb750a0b02-broker-configuration\") pod \"d2986140-ff9e-4ed6-9773-aebb750a0b02\" (UID: \"d2986140-ff9e-4ed6-9773-aebb750a0b02\") "
2025-01-29 13:45:27,112 INFO c.h.h.t.HelmChartContainer - [K3S] [scope.go:117] "RemoveContainer" containerID="33c22a28b5a0e1507d571a8cbdd91b5440cff0311cd5b793c88a6da5afc79546"
2025-01-29 13:45:27,118 INFO c.h.h.t.HelmChartContainer - [K3S] [reconciler_common.go:299] "Volume detached for volume \"operator-init\" (UniqueName: \"kubernetes.io/empty-dir/d2986140-ff9e-4ed6-9773-aebb750a0b02-operator-init\") on node \"ddd52fe05997\" DevicePath \"\""
2025-01-29 13:45:27,118 INFO c.h.h.t.HelmChartContainer - [K3S] [reconciler_common.go:299] "Volume detached for volume \"broker-configuration\" (UniqueName: \"kubernetes.io/configmap/d2986140-ff9e-4ed6-9773-aebb750a0b02-broker-configuration\") on node \"ddd52fe05997\" DevicePath \"\""
2025-01-29 13:45:27,118 INFO c.h.h.t.HelmChartContainer - [K3S] [reconciler_common.go:299] "Volume detached for volume \"kube-api-access-8mnnd\" (UniqueName: \"kubernetes.io/projected/d2986140-ff9e-4ed6-9773-aebb750a0b02-kube-api-access-8mnnd\") on node \"ddd52fe05997\" DevicePath \"\""
2025-01-29 13:45:27,118 INFO c.h.h.t.HelmChartContainer - [K3S] [reconciler_common.go:299] "Volume detached for volume \"pod-info\" (UniqueName: \"kubernetes.io/configmap/d2986140-ff9e-4ed6-9773-aebb750a0b02-pod-info\") on node \"ddd52fe05997\" DevicePath \"\""
2025-01-29 13:45:27,126 INFO c.h.h.t.HelmChartContainer - [POD] test-hivemq-platform-0 [d2986140-ff9e-4ed6-9773-aebb750a0b02] in helmcontainersecuritycontextupgradeplatformit was MODIFIED
2025-01-29 13:45:27,129 INFO c.h.h.t.HelmChartContainer - [POD] test-hivemq-platform-0 [d2986140-ff9e-4ed6-9773-aebb750a0b02] in helmcontainersecuritycontextupgradeplatformit was DELETED
2025-01-29 13:45:27,230 INFO c.h.h.t.HelmChartContainer - [K3S] [scope.go:117] "RemoveContainer" containerID="8cacb3e218fc9505f3453bad272de253262ee46f90f0f0a09d09c2a81fa76506"
2025-01-29 13:45:27,232 INFO c.h.h.t.HelmChartContainer - [K3S] [scope.go:117] "RemoveContainer" containerID="33c22a28b5a0e1507d571a8cbdd91b5440cff0311cd5b793c88a6da5afc79546"
2025-01-29 13:45:27,233 INFO c.h.h.t.HelmChartContainer - [K3S] [scope.go:117] "RemoveContainer" containerID="8cacb3e218fc9505f3453bad272de253262ee46f90f0f0a09d09c2a81fa76506"
2025-01-29 13:45:27,289 INFO c.h.h.t.HelmChartContainer - [K3S] [kubelet_volumes.go:163] "Cleaned up orphaned pod volumes dir" podUID="d2986140-ff9e-4ed6-9773-aebb750a0b02" path="/var/lib/kubelet/pods/d2986140-ff9e-4ed6-9773-aebb750a0b02/volumes"
2025-01-29 13:45:31,747 INFO c.h.h.t.HelmChartContainer - Namespace 'helmcontainersecuritycontextupgradeplatformit' deleted
2025-01-29 13:45:31,747 INFO c.h.h.t.HelmChartContainer - Release 'test-hivemq-platform' in namespace 'helmcontainersecuritycontextupgradeplatformit' is uninstalled
2025-01-29 13:45:31,747 INFO c.h.h.t.HelmChartContainer - Uninstalling release 'test-hivemq-platform-operator' in namespace 'helmcontainersecuritycontextupgradeplatformit-operator'...
2025-01-29 13:45:31,747 DEBUG c.h.h.t.HelmChartContainer - Executing helm command: /bin/helm --kubeconfig /etc/rancher/k3s/k3s.yaml uninstall test-hivemq-platform-operator  --wait --timeout 5m0s --cascade foreground --namespace helmcontainersecuritycontextupgradeplatformit-operator
2025-01-29 13:45:31,911 INFO c.h.h.t.HelmChartContainer - [K3S] [replica_set.go:679] "Finished syncing" kind="ReplicaSet" key="helmcontainersecuritycontextupgradeplatformit-operator/hivemq-test-hivemq-platform-operator-85995884cf" duration="8.048548ms"
2025-01-29 13:45:31,915 INFO c.h.h.t.HelmChartContainer - [K3S] [replica_set.go:679] "Finished syncing" kind="ReplicaSet" key="helmcontainersecuritycontextupgradeplatformit-operator/hivemq-test-hivemq-platform-operator-85995884cf" duration="35.526µs"
2025-01-29 13:45:31,939 INFO c.h.h.t.HelmChartContainer - [POD] hivemq-test-hivemq-platform-operator-85995884cf-sz2jx [1d56d045-2978-4788-974c-240e4fcece1f] in helmcontainersecuritycontextupgradeplatformit-operator was MODIFIED
2025-01-29 13:45:31,947 INFO c.h.h.t.HelmChartContainer - [EVENT] Normal [Killing] Stopping container hivemq-platform-operator [helmcontainersecuritycontextupgradeplatformit-operator:hivemq-test-hivemq-platform-operator-85995884cf-sz2jx]
2025-01-29 13:45:31,948 INFO c.h.h.t.HelmChartContainer - Received Killing event for container hivemq-platform-operator in pod hivemq-test-hivemq-platform-operator-85995884cf-sz2jx [1d56d045-2978-4788-974c-240e4fcece1f]
2025-01-29 13:45:31,948 INFO c.h.h.t.HelmChartContainer - Container [hivemq-test-hivemq-platform-operator-85995884cf-sz2jx] [hivemq-platform-operator] [1d56d045-2978-4788-974c-240e4fcece1f] was terminated
2025-01-29 13:45:31,948 INFO c.h.h.t.HelmChartContainer - Stopped log watcher for hivemq-platform-operator in pod hivemq-test-hivemq-platform-operator-85995884cf-sz2jx [1d56d045-2978-4788-974c-240e4fcece1f]
2025-01-29 13:45:31,948 INFO c.h.h.t.HelmChartContainer - [hivemq-test-hivemq-platform] [hivemq-platform-operator] [1d56d045] 13:45:31.946 [application-shutdown-thread] INFO  c.h.p.o.HiveMQPlatformOperatorApplication - HiveMQ Platform Operator is stopping...
2025-01-29 13:45:31,951 INFO c.h.h.t.HelmChartContainer - [hivemq-test-hivemq-platform] [hivemq-platform-operator] [1d56d045] 13:45:31.946 [application-shutdown-thread] INFO  i.javaoperatorsdk.operator.Operator - Operator SDK 4.9.7 is shutting down...
2025-01-29 13:45:31,954 INFO c.h.h.t.HelmChartContainer - [K3S] [replica_set.go:679] "Finished syncing" kind="ReplicaSet" key="helmcontainersecuritycontextupgradeplatformit-operator/hivemq-test-hivemq-platform-operator-85995884cf" duration="23.468458ms"
2025-01-29 13:45:31,954 INFO c.h.h.t.HelmChartContainer - [K3S] [replica_set.go:679] "Finished syncing" kind="ReplicaSet" key="helmcontainersecuritycontextupgradeplatformit-operator/hivemq-test-hivemq-platform-operator-85995884cf" duration="29.907µs"
2025-01-29 13:45:32,510 INFO c.h.h.t.HelmChartContainer - [K3S] [replica_set.go:679] "Finished syncing" kind="ReplicaSet" key="helmcontainersecuritycontextupgradeplatformit-operator/hivemq-test-hivemq-platform-operator-85995884cf" duration="44.213µs"
2025-01-29 13:45:32,511 INFO c.h.h.t.HelmChartContainer - [POD] hivemq-test-hivemq-platform-operator-85995884cf-sz2jx [1d56d045-2978-4788-974c-240e4fcece1f] in helmcontainersecuritycontextupgradeplatformit-operator was MODIFIED
2025-01-29 13:45:32,649 INFO c.h.h.t.HelmChartContainer - [K3S] [reconciler_common.go:162] "operationExecutor.UnmountVolume started for volume \"kube-api-access-vzzwv\" (UniqueName: \"kubernetes.io/projected/1d56d045-2978-4788-974c-240e4fcece1f-kube-api-access-vzzwv\") pod \"1d56d045-2978-4788-974c-240e4fcece1f\" (UID: \"1d56d045-2978-4788-974c-240e4fcece1f\") "
2025-01-29 13:45:32,749 INFO c.h.h.t.HelmChartContainer - [K3S] [reconciler_common.go:299] "Volume detached for volume \"kube-api-access-vzzwv\" (UniqueName: \"kubernetes.io/projected/1d56d045-2978-4788-974c-240e4fcece1f-kube-api-access-vzzwv\") on node \"ddd52fe05997\" DevicePath \"\""
2025-01-29 13:45:33,124 INFO c.h.h.t.HelmChartContainer - [K3S] [scope.go:117] "RemoveContainer" containerID="6215117b5a0404479a38d36533308f60c11898b1441ee9dbc593127631bf988e"
2025-01-29 13:45:33,127 INFO c.h.h.t.HelmChartContainer - [K3S] [scope.go:117] "RemoveContainer" containerID="6215117b5a0404479a38d36533308f60c11898b1441ee9dbc593127631bf988e"
2025-01-29 13:45:33,135 INFO c.h.h.t.HelmChartContainer - [K3S] [replica_set.go:679] "Finished syncing" kind="ReplicaSet" key="helmcontainersecuritycontextupgradeplatformit-operator/hivemq-test-hivemq-platform-operator-85995884cf" duration="47.459µs"
2025-01-29 13:45:33,139 INFO c.h.h.t.HelmChartContainer - [POD] hivemq-test-hivemq-platform-operator-85995884cf-sz2jx [1d56d045-2978-4788-974c-240e4fcece1f] in helmcontainersecuritycontextupgradeplatformit-operator was MODIFIED
2025-01-29 13:45:33,139 INFO c.h.h.t.HelmChartContainer - [POD] hivemq-test-hivemq-platform-operator-85995884cf-sz2jx [1d56d045-2978-4788-974c-240e4fcece1f] in helmcontainersecuritycontextupgradeplatformit-operator was DELETED
2025-01-29 13:45:33,140 INFO c.h.h.t.HelmChartContainer - [K3S] [replica_set.go:679] "Finished syncing" kind="ReplicaSet" key="helmcontainersecuritycontextupgradeplatformit-operator/hivemq-test-hivemq-platform-operator-85995884cf" duration="34.264µs"
2025-01-29 13:45:33,150 INFO c.h.h.t.HelmChartContainer - [K3S] [replica_set.go:679] "Finished syncing" kind="ReplicaSet" key="helmcontainersecuritycontextupgradeplatformit-operator/hivemq-test-hivemq-platform-operator-85995884cf" duration="6.131µs"
2025-01-29 13:45:33,289 INFO c.h.h.t.HelmChartContainer - [K3S] [kubelet_volumes.go:163] "Cleaned up orphaned pod volumes dir" podUID="1d56d045-2978-4788-974c-240e4fcece1f" path="/var/lib/kubelet/pods/1d56d045-2978-4788-974c-240e4fcece1f/volumes"
2025-01-29 13:45:33,964 INFO c.h.h.t.HelmChartContainer - Deleting namespace 'helmcontainersecuritycontextupgradeplatformit-operator'...
2025-01-29 13:45:36,733 INFO c.h.h.t.HelmChartContainer - [K3S] [namespace_controller.go:187] "Namespace has been deleted" namespace="helmcontainersecuritycontextupgradeplatformit"
2025-01-29 13:45:39,182 INFO c.h.h.t.HelmChartContainer - Namespace 'helmcontainersecuritycontextupgradeplatformit-operator' deleted
2025-01-29 13:45:39,182 INFO c.h.h.t.HelmChartContainer - Release 'test-hivemq-platform-operator' in namespace 'helmcontainersecuritycontextupgradeplatformit-operator' is uninstalled
2025-01-29 13:45:39,785 INFO c.h.helmcharts.AbstractHelmChartIT - Removed unused containers:

2025-01-29 13:45:44,116 INFO c.h.h.t.HelmChartContainer - [K3S] [namespace_controller.go:187] "Namespace has been deleted" namespace="helmcontainersecuritycontextupgradeplatformit-operator"
2025-01-29 13:45:47,528 INFO c.h.helmcharts.AbstractHelmChartIT - Removed unused snapshots:
Removing snapshot sha256:03af251906410714c5aef9fa705b63f6bbc39c4a5e787de7361eeb18886c2ed2
Removing snapshot sha256:0c46b3b43cce082ce5ec34ffc6c294e0417d17b9d1e6f366d114b6aadc4f96dc
Removing snapshot sha256:0ce761beee59082d6ed5bcebd3a805b8ddd9b3426b617e4809e7fb7c6587ffec
Removing snapshot sha256:0df91287303208332c8ff6ba40ae4710105201739addbfbddfb955f1ad593664
Removing snapshot sha256:1021ef88c7974bfff89c5a0ec4fd3160daac6c48a075f74cff721f85dd104e68
Removing snapshot sha256:10aba4953ddc18145dd38e3704709bc464aa20af60b56fe52caaff4b68411e62
Removing snapshot sha256:2573e0d8158209ed54ab25c87bcdcb00bd3d2539246960a3d592a1c599d70465
Removing snapshot sha256:362a8a37f8bbc31925a8146adcf7cf51f9882f5c1dcbef67c5baa03a297543c0
Removing snapshot sha256:3fa4ad33f0ddc8fd45b39b6b4640f82a3a83619606cd975bfe89d8710ad2d4cd
Removing snapshot sha256:43a7c979bbaba6838bc3102d6b10a1459f3ab050b87ccdfef84ef90cf43d3058
Removing snapshot sha256:4ab04491cdf0d3267f08206fe30bd48f49f94b9cab2f016d6739220f722a64af
Removing snapshot sha256:4b6068250e89c96f263060261819c7d912855bfbd64b3eb4c4a8483299b8c295
Removing snapshot sha256:580e69a0a8034ede1921139bbd2bfb72a69ebf276d008281896c32dd8bf74775
Removing snapshot sha256:5d30ba46b27fe37484567ccc5242cadc78217b8da605f3f195ef25cbf7487904
Removing snapshot sha256:63ca1fbb43ae5034640e5e6cb3e083e05c290072c5366fcaa9d62435a4cced85
Removing snapshot sha256:67f702c6baae873bceb19487c8b1f27bd2b86077e4f2f0e480e6d60ab508b8f5
Removing snapshot sha256:6864348dd42806d552efdec384f1274be15e2d0c10ce44c1f04347af004c10a9
Removing snapshot sha256:6c7dee8f2c39b84b7dc2711c01d33de93514d9055499173e9290176fbe484b6c
Removing snapshot sha256:82753493a6d61ded36556292f02f31841a14c20d2f279f19eaad65afb661d5cd
Removing snapshot sha256:83d466d16ede951b9efc6514b4be7e21ab70a37624540e40c67710c455b1b3e3
Removing snapshot sha256:8a10d3db42c505ee0fcfa98417bdd7e39b304f6bcc0a06bb1b220797ff2cc63c
Removing snapshot sha256:a0904247e36a7726c03c71ee48f3e64462021c88dafeb13f37fdaf613b27f11c
Removing snapshot sha256:a21e5b12dbac529ad45d976eb9ce45c881f3bedcc500fb30aba1e52aa1813418
Removing snapshot sha256:a3f2498b75a0956c0ec147e97d12b51df68cb56af73463e430359cddc8031f80
Removing snapshot sha256:b921e6c28969094157f9b8e7244677780319637afd14450b7cb6b2fdea558a0c
Removing snapshot sha256:bc27ecb5769a00e309cf99ebc763c4a4b958b618d1decc96ffac5bc05f02f5b7
Removing snapshot sha256:be3ccb6627a5332e309d45ef461d09b4879dd870c7394d89323d0ebc6ca6aa8a
Removing snapshot sha256:c261f7cbbc64211ee175ee47273acdb7b1a36a4450b397a064a8f2c026490095
Removing snapshot sha256:c34d9393647eea0c9e3557ab988efaf59f61d10a2a5613b439ef0958cca5ec10
Removing snapshot sha256:ccf3c4a0fa967a41c1c83497a2ce6fa5787965859df0adb32c4ca2cf7490bc2b
Removing snapshot sha256:cf92d33f869417309692088c341cd0f223c178ea78a125f757317b22aa8f90e9
Removing snapshot sha256:d0037344cf2fb078884f1849f6a1f8cf9a33a3b6139b6a85833e5ee528e1f9a8
Removing snapshot sha256:d3b36d5b79273b1e98e7700470eaeff05a882e777124d84cebcc1505b85ecb36
Removing snapshot sha256:d65a44a37914602d12c611e5e22a50f11451d847e63015cc1c2aef92dee777a4
Removing snapshot sha256:e2dc0bae2455930f23ae570e019b7f32edc75c0f2d71cab084db837ff9051796
Removing snapshot sha256:eccbd24a99c60cd9e86ee5305dbfc4a4dc89f5ab4fb1f06c8d64797cecedef34
Removing snapshot sha256:f144bb4c7c7f0d2aa7eeffd36d934ec40db1ee167be727e326aad9fdc616f475

]]></system-out>
  </testcase>
  <system-out><![CDATA[2025-01-29 13:37:08,632 INFO c.h.h.t.HelmChartContainerExtension - Using cached HelmChartContainer instance
2025-01-29 13:37:08,638 INFO c.h.h.t.HelmChartContainerExtension - Creating cached HelmChartContainer instance
2025-01-29 13:37:08,657 INFO o.testcontainers.DockerClientFactory - Testcontainers version: 1.20.4
2025-01-29 13:37:09,080 INFO o.t.d.DockerClientProviderStrategy - Found Docker environment with local Unix socket (unix:///var/run/docker.sock)
2025-01-29 13:37:09,092 INFO o.testcontainers.DockerClientFactory - Docker host IP address is localhost
2025-01-29 13:37:09,108 INFO o.testcontainers.DockerClientFactory - Connected to docker: 
  Server Version: 26.1.3
  API Version: 1.45
  Operating System: Ubuntu 24.04.1 LTS
  Total Memory: 15990 MB
2025-01-29 13:37:09,114 INFO o.testcontainers.images.PullPolicy - Image pull policy will be performed by: DefaultPullPolicy()
2025-01-29 13:37:09,116 INFO o.t.utility.ImageNameSubstitutor - Image name substitution will be performed by: DefaultImageNameSubstitutor (composite of 'ConfigurationFileImageNameSubstitutor' and 'PrefixingImageNameSubstitutor')
2025-01-29 13:37:09,141 INFO tc.testcontainers/ryuk:0.11.0 - Pulling docker image: testcontainers/ryuk:0.11.0. Please be patient; this may take some time but only needs to be done once.
2025-01-29 13:37:09,453 INFO tc.testcontainers/ryuk:0.11.0 - Starting to pull image
2025-01-29 13:37:09,475 INFO tc.testcontainers/ryuk:0.11.0 - Pulling image layers:  0 pending,  0 downloaded,  0 extracted, (0 bytes/0 bytes)
2025-01-29 13:37:09,645 INFO tc.testcontainers/ryuk:0.11.0 - Pulling image layers:  2 pending,  1 downloaded,  0 extracted, (878 KB/? MB)
2025-01-29 13:37:09,674 INFO tc.testcontainers/ryuk:0.11.0 - Pulling image layers:  1 pending,  2 downloaded,  0 extracted, (878 KB/? MB)
2025-01-29 13:37:09,733 INFO tc.testcontainers/ryuk:0.11.0 - Pulling image layers:  0 pending,  3 downloaded,  0 extracted, (5 MB/10 MB)
2025-01-29 13:37:09,780 INFO tc.testcontainers/ryuk:0.11.0 - Pulling image layers:  0 pending,  3 downloaded,  1 extracted, (8 MB/10 MB)
2025-01-29 13:37:09,932 INFO tc.testcontainers/ryuk:0.11.0 - Pulling image layers:  0 pending,  3 downloaded,  2 extracted, (8 MB/10 MB)
2025-01-29 13:37:09,977 INFO tc.testcontainers/ryuk:0.11.0 - Pulling image layers:  0 pending,  3 downloaded,  3 extracted, (10 MB/10 MB)
2025-01-29 13:37:09,984 INFO tc.testcontainers/ryuk:0.11.0 - Image testcontainers/ryuk:0.11.0 pull took PT0.842105463S
2025-01-29 13:37:10,003 INFO tc.testcontainers/ryuk:0.11.0 - Creating container for image: testcontainers/ryuk:0.11.0
2025-01-29 13:37:10,063 INFO tc.testcontainers/ryuk:0.11.0 - Container testcontainers/ryuk:0.11.0 is starting: ce47b1ff8edfb78eac01b4ef612a93ab28b92f7f96bac8a404fb577450326195
2025-01-29 13:37:10,325 INFO tc.testcontainers/ryuk:0.11.0 - Container testcontainers/ryuk:0.11.0 started in PT0.321826959S
2025-01-29 13:37:10,328 INFO o.t.utility.RyukResourceReaper - Ryuk started - will monitor and terminate Testcontainers containers on JVM exit
2025-01-29 13:37:10,328 INFO o.testcontainers.DockerClientFactory - Checking the system...
2025-01-29 13:37:10,329 INFO o.testcontainers.DockerClientFactory - ✔︎ Docker server version should be at least 1.6.0
2025-01-29 13:37:10,400 INFO o.t.i.builder.ImageFromDockerfile - Pre-emptively checking local images for 'ubuntu:noble-20241118.1@sha256:80dd3c3b9c6cecb9f1667e9290b3bc61b78c2678c02cbdae5f0fea92cc6734ab', referenced via a Dockerfile. If not available, it will be pulled.
2025-01-29 13:37:10,403 INFO t.u.1@sha256:80dd3c... - Pulling docker image: ubuntu:noble-20241118.1@sha256:80dd3c3b9c6cecb9f1667e9290b3bc61b78c2678c02cbdae5f0fea92cc6734ab. Please be patient; this may take some time but only needs to be done once.
2025-01-29 13:37:10,555 INFO t.u.1@sha256:80dd3c... - Starting to pull image
2025-01-29 13:37:10,556 INFO t.u.1@sha256:80dd3c... - Pulling image layers:  0 pending,  0 downloaded,  0 extracted, (0 bytes/0 bytes)
2025-01-29 13:37:10,986 INFO t.u.1@sha256:80dd3c... - Pulling image layers:  0 pending,  1 downloaded,  0 extracted, (18 MB/28 MB)
2025-01-29 13:37:11,927 INFO t.u.1@sha256:80dd3c... - Pulling image layers:  0 pending,  1 downloaded,  1 extracted, (28 MB/28 MB)
2025-01-29 13:37:11,935 INFO t.u.1@sha256:80dd3c... - Pull complete. 1 layers, pulled in 1s (downloaded 28 MB at 28 MB/s)
2025-01-29 13:37:11,935 INFO t.u.1@sha256:80dd3c... - Image ubuntu:noble-20241118.1@sha256:80dd3c3b9c6cecb9f1667e9290b3bc61b78c2678c02cbdae5f0fea92cc6734ab pull took PT1.53181083S
2025-01-29 13:37:11,938 INFO o.t.i.builder.ImageFromDockerfile - Pre-emptively checking local images for 'rancher/k3s:v1.32.1-k3s1', referenced via a Dockerfile. If not available, it will be pulled.
2025-01-29 13:37:11,939 INFO tc.rancher/k3s:v1.32.1-k3s1 - Pulling docker image: rancher/k3s:v1.32.1-k3s1. Please be patient; this may take some time but only needs to be done once.
2025-01-29 13:37:12,150 INFO tc.rancher/k3s:v1.32.1-k3s1 - Starting to pull image
2025-01-29 13:37:12,151 INFO tc.rancher/k3s:v1.32.1-k3s1 - Pulling image layers:  0 pending,  0 downloaded,  0 extracted, (0 bytes/0 bytes)
2025-01-29 13:37:12,819 INFO tc.rancher/k3s:v1.32.1-k3s1 - Pulling image layers:  0 pending,  1 downloaded,  0 extracted, (56 MB/71 MB)
2025-01-29 13:37:13,865 INFO tc.rancher/k3s:v1.32.1-k3s1 - Pulling image layers:  0 pending,  1 downloaded,  1 extracted, (71 MB/71 MB)
2025-01-29 13:37:13,874 INFO tc.rancher/k3s:v1.32.1-k3s1 - Image rancher/k3s:v1.32.1-k3s1 pull took PT1.935189018S
2025-01-29 13:37:13,874 INFO tc.rancher/k3s:v1.32.1-k3s1 - Pull complete. 1 layers, pulled in 1s (downloaded 71 MB at 71 MB/s)
2025-01-29 13:37:13,880 INFO o.t.i.builder.ImageFromDockerfile - Transferred 0 bytes to Docker daemon
2025-01-29 13:37:28,019 INFO c.h.h.t.HelmChartContainer - Starting HelmChartContainer...
2025-01-29 13:37:28,021 INFO t.localhost/testcontainers/348ssmiryqlep84m:latest - Creating container for image: localhost/testcontainers/348ssmiryqlep84m:latest
2025-01-29 13:37:28,091 INFO tc.alpine:3.17 - Pulling docker image: alpine:3.17. Please be patient; this may take some time but only needs to be done once.
2025-01-29 13:37:28,359 INFO tc.alpine:3.17 - Starting to pull image
2025-01-29 13:37:28,360 INFO tc.alpine:3.17 - Pulling image layers:  0 pending,  0 downloaded,  0 extracted, (0 bytes/0 bytes)
2025-01-29 13:37:28,585 INFO tc.alpine:3.17 - Pulling image layers:  0 pending,  1 downloaded,  0 extracted, (33 KB/3 MB)
2025-01-29 13:37:28,680 INFO tc.alpine:3.17 - Pulling image layers:  0 pending,  1 downloaded,  1 extracted, (3 MB/3 MB)
2025-01-29 13:37:28,691 INFO tc.alpine:3.17 - Image alpine:3.17 pull took PT0.599896768S
2025-01-29 13:37:29,261 INFO t.localhost/testcontainers/348ssmiryqlep84m:latest - Container localhost/testcontainers/348ssmiryqlep84m:latest is starting: ddd52fe05997a6487b64df9d07cbad14ae96cd9677b650a4c62bad950ff4d4e9
2025-01-29 13:37:29,659 INFO c.h.h.t.HelmChartContainer - [K3S] [INFO] Starting k3s v1.32.1+k3s1 (6a322f12)
2025-01-29 13:37:29,662 INFO c.h.h.t.HelmChartContainer - [K3S] [INFO] Configuring sqlite3 database connection pooling: maxIdleConns=2, maxOpenConns=0, connMaxLifetime=0s
2025-01-29 13:37:29,663 INFO c.h.h.t.HelmChartContainer - [K3S] [INFO] Configuring database table schema and indexes, this may take a moment...
2025-01-29 13:37:29,667 INFO c.h.h.t.HelmChartContainer - [K3S] [INFO] Database tables and indexes are up to date
2025-01-29 13:37:29,670 INFO c.h.h.t.HelmChartContainer - [K3S] [INFO] Kine available at unix://kine.sock
2025-01-29 13:37:29,818 INFO c.h.h.t.HelmChartContainer - [K3S] [INFO] Saving cluster bootstrap data to datastore
2025-01-29 13:37:29,819 INFO c.h.h.t.HelmChartContainer - [K3S] [WARNING] dynamiclistener [::]:6443: no cached certificate available for preload - deferring certificate load until storage initialization or first client request
2025-01-29 13:37:29,819 INFO c.h.h.t.HelmChartContainer - [K3S] [INFO] Active TLS secret / (ver=) (count 10): map[listener.cattle.io/cn-10.43.0.1:10.43.0.1 listener.cattle.io/cn-127.0.0.1:127.0.0.1 listener.cattle.io/cn-172.18.0.2:172.18.0.2 listener.cattle.io/cn-__1-f16284:::1 listener.cattle.io/cn-ddd52fe05997:ddd52fe05997 listener.cattle.io/cn-kubernetes:kubernetes listener.cattle.io/cn-kubernetes.default:kubernetes.default listener.cattle.io/cn-kubernetes.default.svc:kubernetes.default.svc listener.cattle.io/cn-kubernetes.default.svc.cluster.local:kubernetes.default.svc.cluster.local listener.cattle.io/cn-localhost:localhost listener.cattle.io/fingerprint:SHA1=69B26535D0964BAC4D4EE46ED2321E2F4E1A3479]
2025-01-29 13:37:29,983 INFO c.h.h.t.HelmChartContainer - [K3S] [INFO] Running kube-apiserver --advertise-port=6443 --allow-privileged=true --anonymous-auth=false --api-audiences=https://kubernetes.default.svc.cluster.local,k3s --authorization-mode=Node,RBAC --bind-address=127.0.0.1 --cert-dir=/var/lib/rancher/k3s/server/tls/temporary-certs --client-ca-file=/var/lib/rancher/k3s/server/tls/client-ca.crt --egress-selector-config-file=/var/lib/rancher/k3s/server/etc/egress-selector-config.yaml --enable-admission-plugins=NodeRestriction --enable-aggregator-routing=true --enable-bootstrap-token-auth=true --etcd-compaction-interval=0s --etcd-servers=unix://kine.sock --kubelet-certificate-authority=/var/lib/rancher/k3s/server/tls/server-ca.crt --kubelet-client-certificate=/var/lib/rancher/k3s/server/tls/client-kube-apiserver.crt --kubelet-client-key=/var/lib/rancher/k3s/server/tls/client-kube-apiserver.key --kubelet-preferred-address-types=InternalIP,ExternalIP,Hostname --profiling=false --proxy-client-cert-file=/var/lib/rancher/k3s/server/tls/client-auth-proxy.crt --proxy-client-key-file=/var/lib/rancher/k3s/server/tls/client-auth-proxy.key --requestheader-allowed-names=system:auth-proxy --requestheader-client-ca-file=/var/lib/rancher/k3s/server/tls/request-header-ca.crt --requestheader-extra-headers-prefix=X-Remote-Extra- --requestheader-group-headers=X-Remote-Group --requestheader-username-headers=X-Remote-User --secure-port=6444 --service-account-issuer=https://kubernetes.default.svc.cluster.local --service-account-key-file=/var/lib/rancher/k3s/server/tls/service.key --service-account-signing-key-file=/var/lib/rancher/k3s/server/tls/service.current.key --service-cluster-ip-range=10.43.0.0/16 --service-node-port-range=30000-32767 --storage-backend=etcd3 --tls-cert-file=/var/lib/rancher/k3s/server/tls/serving-kube-apiserver.crt --tls-cipher-suites=TLS_ECDHE_ECDSA_WITH_AES_256_GCM_SHA384,TLS_ECDHE_RSA_WITH_AES_256_GCM_SHA384,TLS_ECDHE_ECDSA_WITH_AES_128_GCM_SHA256,TLS_ECDHE_RSA_WITH_AES_128_GCM_SHA256,TLS_ECDHE_ECDSA_WITH_CHACHA20_POLY1305,TLS_ECDHE_RSA_WITH_CHACHA20_POLY1305 --tls-private-key-file=/var/lib/rancher/k3s/server/tls/serving-kube-apiserver.key
2025-01-29 13:37:29,986 INFO c.h.h.t.HelmChartContainer - [K3S] [INFO] Running kube-scheduler --authentication-kubeconfig=/var/lib/rancher/k3s/server/cred/scheduler.kubeconfig --authorization-kubeconfig=/var/lib/rancher/k3s/server/cred/scheduler.kubeconfig --bind-address=127.0.0.1 --kubeconfig=/var/lib/rancher/k3s/server/cred/scheduler.kubeconfig --leader-elect=false --profiling=false --secure-port=10259
2025-01-29 13:37:29,986 INFO c.h.h.t.HelmChartContainer - [K3S] [registry.go:256] calling componentGlobalsRegistry.AddFlags more than once, the registry will be set by the latest flags
2025-01-29 13:37:29,987 INFO c.h.h.t.HelmChartContainer - [K3S] [INFO] Waiting for API server to become available
2025-01-29 13:37:29,988 INFO c.h.h.t.HelmChartContainer - [K3S] [INFO] Running kube-controller-manager --allocate-node-cidrs=true --authentication-kubeconfig=/var/lib/rancher/k3s/server/cred/controller.kubeconfig --authorization-kubeconfig=/var/lib/rancher/k3s/server/cred/controller.kubeconfig --bind-address=127.0.0.1 --cluster-cidr=10.42.0.0/16 --cluster-signing-kube-apiserver-client-cert-file=/var/lib/rancher/k3s/server/tls/client-ca.nochain.crt --cluster-signing-kube-apiserver-client-key-file=/var/lib/rancher/k3s/server/tls/client-ca.key --cluster-signing-kubelet-client-cert-file=/var/lib/rancher/k3s/server/tls/client-ca.nochain.crt --cluster-signing-kubelet-client-key-file=/var/lib/rancher/k3s/server/tls/client-ca.key --cluster-signing-kubelet-serving-cert-file=/var/lib/rancher/k3s/server/tls/server-ca.nochain.crt --cluster-signing-kubelet-serving-key-file=/var/lib/rancher/k3s/server/tls/server-ca.key --cluster-signing-legacy-unknown-cert-file=/var/lib/rancher/k3s/server/tls/server-ca.nochain.crt --cluster-signing-legacy-unknown-key-file=/var/lib/rancher/k3s/server/tls/server-ca.key --configure-cloud-routes=false --controllers=*,tokencleaner,-service,-route,-cloud-node-lifecycle --kubeconfig=/var/lib/rancher/k3s/server/cred/controller.kubeconfig --leader-elect=false --profiling=false --root-ca-file=/var/lib/rancher/k3s/server/tls/server-ca.crt --secure-port=10257 --service-account-private-key-file=/var/lib/rancher/k3s/server/tls/service.current.key --service-cluster-ip-range=10.43.0.0/16 --use-service-account-credentials=true
2025-01-29 13:37:29,988 INFO c.h.h.t.HelmChartContainer - [K3S] [options.go:299] unable to set WatchListClient feature gate, err: cannot override default for feature "WatchListClient": gates already added to a flag set
2025-01-29 13:37:29,989 INFO c.h.h.t.HelmChartContainer - [K3S] [registry.go:256] calling componentGlobalsRegistry.AddFlags more than once, the registry will be set by the latest flags
2025-01-29 13:37:29,989 INFO c.h.h.t.HelmChartContainer - [K3S] [INFO] Running cloud-controller-manager --allocate-node-cidrs=true --authentication-kubeconfig=/var/lib/rancher/k3s/server/cred/cloud-controller.kubeconfig --authorization-kubeconfig=/var/lib/rancher/k3s/server/cred/cloud-controller.kubeconfig --bind-address=127.0.0.1 --cloud-config=/var/lib/rancher/k3s/server/etc/cloud-config.yaml --cloud-provider=k3s --cluster-cidr=10.42.0.0/16 --configure-cloud-routes=false --controllers=*,-route --kubeconfig=/var/lib/rancher/k3s/server/cred/cloud-controller.kubeconfig --leader-elect=false --leader-elect-resource-name=k3s-cloud-controller-manager --node-status-update-frequency=1m0s --profiling=false
2025-01-29 13:37:29,989 INFO c.h.h.t.HelmChartContainer - [K3S] [registry.go:256] calling componentGlobalsRegistry.AddFlags more than once, the registry will be set by the latest flags
2025-01-29 13:37:29,989 INFO c.h.h.t.HelmChartContainer - [K3S] [INFO] Server node token is available at /var/lib/rancher/k3s/server/token
2025-01-29 13:37:29,990 INFO c.h.h.t.HelmChartContainer - [K3S] [INFO] To join server node to cluster: k3s server -s https://172.18.0.2:6443 -t ${SERVER_NODE_TOKEN}
2025-01-29 13:37:29,990 INFO c.h.h.t.HelmChartContainer - [K3S] [INFO] Agent node token is available at /var/lib/rancher/k3s/server/agent-token
2025-01-29 13:37:29,991 INFO c.h.h.t.HelmChartContainer - [K3S] [INFO] To join agent node to cluster: k3s agent -s https://172.18.0.2:6443 -t ${AGENT_NODE_TOKEN}
2025-01-29 13:37:29,992 INFO c.h.h.t.HelmChartContainer - [K3S] [options.go:238] external host was not specified, using 172.18.0.2
2025-01-29 13:37:29,992 INFO c.h.h.t.HelmChartContainer - [K3S] [INFO] Wrote kubeconfig /etc/rancher/k3s/k3s.yaml
2025-01-29 13:37:29,993 INFO c.h.h.t.HelmChartContainer - [K3S] [INFO] Run: k3s kubectl
2025-01-29 13:37:29,994 INFO c.h.h.t.HelmChartContainer - [K3S] [server.go:151] Version: v1.32.1+k3s1
2025-01-29 13:37:29,994 INFO c.h.h.t.HelmChartContainer - [K3S] [server.go:153] "Golang settings" GOGC="" GOMAXPROCS="" GOTRACEBACK=""
2025-01-29 13:37:30,427 INFO c.h.h.t.HelmChartContainer - [K3S] [plugins.go:157] Loaded 13 mutating admission controller(s) successfully in the following order: NamespaceLifecycle,LimitRanger,ServiceAccount,NodeRestriction,TaintNodesByCondition,Priority,DefaultTolerationSeconds,DefaultStorageClass,StorageObjectInUseProtection,RuntimeClass,DefaultIngressClass,MutatingAdmissionPolicy,MutatingAdmissionWebhook.
2025-01-29 13:37:30,427 INFO c.h.h.t.HelmChartContainer - [K3S] [plugins.go:160] Loaded 13 validating admission controller(s) successfully in the following order: LimitRanger,ServiceAccount,PodSecurity,Priority,PersistentVolumeClaimResize,RuntimeClass,CertificateApproval,CertificateSigning,ClusterTrustBundleAttest,CertificateSubjectRestriction,ValidatingAdmissionPolicy,ValidatingAdmissionWebhook,ResourceQuota.
2025-01-29 13:37:30,428 INFO c.h.h.t.HelmChartContainer - [K3S] [instance.go:233] Using reconciler: lease
2025-01-29 13:37:30,485 INFO c.h.h.t.HelmChartContainer - [K3S] [apis.go:106] API group "internal.apiserver.k8s.io" is not enabled, skipping.
2025-01-29 13:37:30,548 INFO c.h.h.t.HelmChartContainer - [K3S] [apis.go:106] API group "storagemigration.k8s.io" is not enabled, skipping.
2025-01-29 13:37:30,577 INFO c.h.h.t.HelmChartContainer - [K3S] [apis.go:106] API group "resource.k8s.io" is not enabled, skipping.
2025-01-29 13:37:30,620 INFO c.h.h.t.HelmChartContainer - [K3S] [INFO] Password verified locally for node ddd52fe05997
2025-01-29 13:37:30,920 INFO c.h.h.t.HelmChartContainer - [K3S] [dynamic_cafile_content.go:161] "Starting controller" name="client-ca-bundle::/var/lib/rancher/k3s/server/tls/client-ca.crt"
2025-01-29 13:37:30,921 INFO c.h.h.t.HelmChartContainer - [K3S] [dynamic_cafile_content.go:161] "Starting controller" name="request-header::/var/lib/rancher/k3s/server/tls/request-header-ca.crt"
2025-01-29 13:37:30,921 INFO c.h.h.t.HelmChartContainer - [K3S] [dynamic_serving_content.go:135] "Starting controller" name="serving-cert::/var/lib/rancher/k3s/server/tls/serving-kube-apiserver.crt::/var/lib/rancher/k3s/server/tls/serving-kube-apiserver.key"
2025-01-29 13:37:30,922 INFO c.h.h.t.HelmChartContainer - [K3S] [secure_serving.go:213] Serving securely on 127.0.0.1:6444
2025-01-29 13:37:30,922 INFO c.h.h.t.HelmChartContainer - [K3S] [tlsconfig.go:243] "Starting DynamicServingCertificateController"
2025-01-29 13:37:30,925 INFO c.h.h.t.HelmChartContainer - [K3S] [gc_controller.go:78] Starting apiserver lease garbage collector
2025-01-29 13:37:30,925 INFO c.h.h.t.HelmChartContainer - [K3S] [controller.go:119] Starting legacy_token_tracking_controller
2025-01-29 13:37:30,925 INFO c.h.h.t.HelmChartContainer - [K3S] [controller.go:78] Starting OpenAPI AggregationController
2025-01-29 13:37:30,925 INFO c.h.h.t.HelmChartContainer - [K3S] [remote_available_controller.go:411] Starting RemoteAvailability controller
2025-01-29 13:37:30,926 INFO c.h.h.t.HelmChartContainer - [K3S] [controller.go:80] Starting OpenAPI V3 AggregationController
2025-01-29 13:37:30,926 INFO c.h.h.t.HelmChartContainer - [K3S] [system_namespaces_controller.go:66] Starting system namespaces controller
2025-01-29 13:37:30,926 INFO c.h.h.t.HelmChartContainer - [K3S] [dynamic_serving_content.go:135] "Starting controller" name="aggregator-proxy-cert::/var/lib/rancher/k3s/server/tls/client-auth-proxy.crt::/var/lib/rancher/k3s/server/tls/client-auth-proxy.key"
2025-01-29 13:37:30,926 INFO c.h.h.t.HelmChartContainer - [K3S] [aggregator.go:169] waiting for initial CRD sync...
2025-01-29 13:37:30,926 INFO c.h.h.t.HelmChartContainer - [K3S] [apf_controller.go:377] Starting API Priority and Fairness config controller
2025-01-29 13:37:30,926 INFO c.h.h.t.HelmChartContainer - [K3S] [cluster_authentication_trust_controller.go:462] Starting cluster_authentication_trust_controller controller
2025-01-29 13:37:30,926 INFO c.h.h.t.HelmChartContainer - [K3S] [apiservice_controller.go:100] Starting APIServiceRegistrationController
2025-01-29 13:37:30,926 INFO c.h.h.t.HelmChartContainer - [K3S] [customresource_discovery_controller.go:292] Starting DiscoveryController
2025-01-29 13:37:30,926 INFO c.h.h.t.HelmChartContainer - [K3S] [local_available_controller.go:156] Starting LocalAvailability controller
2025-01-29 13:37:30,932 INFO c.h.h.t.HelmChartContainer - [K3S] [crdregistration_controller.go:114] Starting crd-autoregister controller
2025-01-29 13:37:30,932 INFO c.h.h.t.HelmChartContainer - [K3S] [dynamic_cafile_content.go:161] "Starting controller" name="client-ca-bundle::/var/lib/rancher/k3s/server/tls/client-ca.crt"
2025-01-29 13:37:30,934 INFO c.h.h.t.HelmChartContainer - [K3S] [dynamic_cafile_content.go:161] "Starting controller" name="request-header::/var/lib/rancher/k3s/server/tls/request-header-ca.crt"
2025-01-29 13:37:30,934 INFO c.h.h.t.HelmChartContainer - [K3S] [controller.go:142] Starting OpenAPI controller
2025-01-29 13:37:30,934 INFO c.h.h.t.HelmChartContainer - [K3S] [controller.go:90] Starting OpenAPI V3 controller
2025-01-29 13:37:30,934 INFO c.h.h.t.HelmChartContainer - [K3S] [naming_controller.go:294] Starting NamingConditionController
2025-01-29 13:37:30,935 INFO c.h.h.t.HelmChartContainer - [K3S] [establishing_controller.go:81] Starting EstablishingController
2025-01-29 13:37:30,935 INFO c.h.h.t.HelmChartContainer - [K3S] [nonstructuralschema_controller.go:195] Starting NonStructuralSchemaConditionController
2025-01-29 13:37:30,935 INFO c.h.h.t.HelmChartContainer - [K3S] [apiapproval_controller.go:189] Starting KubernetesAPIApprovalPolicyConformantConditionController
2025-01-29 13:37:30,935 INFO c.h.h.t.HelmChartContainer - [K3S] [crd_finalizer.go:269] Starting CRDFinalizer
2025-01-29 13:37:31,022 INFO c.h.h.t.HelmChartContainer - [K3S] [apf_controller.go:382] Running API Priority and Fairness config worker
2025-01-29 13:37:31,022 INFO c.h.h.t.HelmChartContainer - [K3S] [apf_controller.go:385] Running API Priority and Fairness periodic rebalancing process
2025-01-29 13:37:31,024 INFO c.h.h.t.HelmChartContainer - [K3S] [handler_discovery.go:451] Starting ResourceDiscoveryManager
2025-01-29 13:37:31,024 INFO c.h.h.t.HelmChartContainer - [K3S] [policy_source.go:240] refreshing policies
2025-01-29 13:37:31,025 INFO c.h.h.t.HelmChartContainer - [K3S] [aggregator.go:171] initial CRD sync complete...
2025-01-29 13:37:31,025 INFO c.h.h.t.HelmChartContainer - [K3S] [autoregister_controller.go:144] Starting autoregister controller
2025-01-29 13:37:31,035 INFO c.h.h.t.HelmChartContainer - [K3S] [controller.go:145] "Failed to ensure lease exists, will retry" err="namespaces \"kube-system\" not found" interval="200ms"
2025-01-29 13:37:31,074 INFO c.h.h.t.HelmChartContainer - [K3S] [controller.go:95] Unable to perform initial Kubernetes service initialization: namespaces "default" not found
2025-01-29 13:37:31,202 INFO c.h.h.t.HelmChartContainer - [K3S] [WARNING] Host resolv.conf includes loopback or multicast nameservers - kubelet will use autogenerated resolv.conf with nameserver 8.8.8.8
2025-01-29 13:37:31,211 INFO c.h.h.t.HelmChartContainer - [K3S] [INFO] Module overlay was already loaded
2025-01-29 13:37:31,211 INFO c.h.h.t.HelmChartContainer - [K3S] [INFO] Module nf_conntrack was already loaded
2025-01-29 13:37:31,211 INFO c.h.h.t.HelmChartContainer - [K3S] [INFO] Module br_netfilter was already loaded
2025-01-29 13:37:31,215 INFO c.h.h.t.HelmChartContainer - [K3S] [INFO] Set sysctl 'net/netfilter/nf_conntrack_max' to 131072
2025-01-29 13:37:31,216 INFO c.h.h.t.HelmChartContainer - [K3S] [INFO] Set sysctl 'net/netfilter/nf_conntrack_tcp_timeout_established' to 86400
2025-01-29 13:37:31,216 INFO c.h.h.t.HelmChartContainer - [K3S] [INFO] Set sysctl 'net/netfilter/nf_conntrack_tcp_timeout_close_wait' to 3600
2025-01-29 13:37:31,218 INFO c.h.h.t.HelmChartContainer - [K3S] [INFO] Logging containerd to /var/lib/rancher/k3s/agent/containerd/containerd.log
2025-01-29 13:37:31,218 INFO c.h.h.t.HelmChartContainer - [K3S] [INFO] Running containerd -c /var/lib/rancher/k3s/agent/etc/containerd/config.toml -a /run/k3s/containerd/containerd.sock --state /run/k3s/containerd --root /var/lib/rancher/k3s/agent/containerd
2025-01-29 13:37:31,924 INFO c.h.h.t.HelmChartContainer - [K3S] [storage_scheduling.go:95] created PriorityClass system-node-critical with value 2000001000
2025-01-29 13:37:31,928 INFO c.h.h.t.HelmChartContainer - [K3S] [storage_scheduling.go:95] created PriorityClass system-cluster-critical with value 2000000000
2025-01-29 13:37:31,928 INFO c.h.h.t.HelmChartContainer - [K3S] [storage_scheduling.go:111] all system priority classes are created successfully or already exist.
2025-01-29 13:37:32,221 INFO c.h.h.t.HelmChartContainer - [K3S] [INFO] containerd is now running
2025-01-29 13:37:32,225 INFO c.h.h.t.HelmChartContainer - [K3S] [INFO] Connecting to proxy" url="wss://127.0.0.1:6443/v1-k3s/connect
2025-01-29 13:37:32,227 INFO c.h.h.t.HelmChartContainer - [K3S] [INFO] Creating k3s-cert-monitor event broadcaster
2025-01-29 13:37:32,227 INFO c.h.h.t.HelmChartContainer - [K3S] [INFO] Running kubelet --cloud-provider=external --config-dir=/var/lib/rancher/k3s/agent/etc/kubelet.conf.d --containerd=/run/k3s/containerd/containerd.sock --hostname-override=ddd52fe05997 --kubeconfig=/var/lib/rancher/k3s/agent/kubelet.kubeconfig --node-ip=172.18.0.2 --node-labels=
2025-01-29 13:37:32,227 INFO c.h.h.t.HelmChartContainer - [K3S] [INFO] Handling backend connection request [ddd52fe05997]
2025-01-29 13:37:32,228 INFO c.h.h.t.HelmChartContainer - [K3S] [INFO] Remotedialer connected to proxy" url="wss://127.0.0.1:6443/v1-k3s/connect
2025-01-29 13:37:32,318 INFO c.h.h.t.HelmChartContainer - [K3S] [ERROR] Sending HTTP/1.1 503 response to 127.0.0.1:56266: runtime core not ready
2025-01-29 13:37:32,380 INFO c.h.h.t.HelmChartContainer - [K3S] [alloc.go:330] "allocated clusterIPs" service="default/kubernetes" clusterIPs={"IPv4":"10.43.0.1"}
2025-01-29 13:37:32,384 INFO c.h.h.t.HelmChartContainer - [K3S] [lease.go:265] Resetting endpoints for master service "kubernetes" to [172.18.0.2]
2025-01-29 13:37:32,422 INFO c.h.h.t.HelmChartContainer - [K3S] [INFO] Running kube-proxy --cluster-cidr=10.42.0.0/16 --conntrack-max-per-core=0 --conntrack-tcp-timeout-close-wait=0s --conntrack-tcp-timeout-established=0s --healthz-bind-address=127.0.0.1 --hostname-override=ddd52fe05997 --kubeconfig=/var/lib/rancher/k3s/agent/kubeproxy.kubeconfig --proxy-mode=iptables
2025-01-29 13:37:32,457 INFO c.h.h.t.HelmChartContainer - [K3S] [server.go:687] "Failed to retrieve node info" err="nodes \"ddd52fe05997\" not found"
2025-01-29 13:37:32,987 INFO c.h.h.t.HelmChartContainer - [K3S] [INFO] Waiting for untainted node
2025-01-29 13:37:32,990 INFO c.h.h.t.HelmChartContainer - [K3S] [INFO] Kube API server is now running
2025-01-29 13:37:32,990 INFO c.h.h.t.HelmChartContainer - [K3S] [INFO] ETCD server is now running
2025-01-29 13:37:32,990 INFO c.h.h.t.HelmChartContainer - [K3S] [INFO] k3s is up and running
2025-01-29 13:37:32,990 INFO c.h.h.t.HelmChartContainer - [K3S] [INFO] Waiting for cloud-controller-manager privileges to become available
2025-01-29 13:37:32,991 INFO c.h.h.t.HelmChartContainer - [K3S] [INFO] Creating k3s-supervisor event broadcaster
2025-01-29 13:37:32,996 INFO c.h.h.t.HelmChartContainer - [K3S] [INFO] Applying CRD addons.k3s.cattle.io
2025-01-29 13:37:33,006 INFO c.h.h.t.HelmChartContainer - [K3S] [INFO] Applying CRD etcdsnapshotfiles.k3s.cattle.io
2025-01-29 13:37:33,015 INFO c.h.h.t.HelmChartContainer - [K3S] [INFO] Applying CRD helmcharts.helm.cattle.io
2025-01-29 13:37:33,026 INFO c.h.h.t.HelmChartContainer - [K3S] [INFO] Applying CRD helmchartconfigs.helm.cattle.io
2025-01-29 13:37:33,038 INFO c.h.h.t.HelmChartContainer - [K3S] [INFO] Waiting for CRD helmchartconfigs.helm.cattle.io to become available
2025-01-29 13:37:33,211 INFO c.h.h.t.HelmChartContainer - [K3S] [serving.go:392] Generated self-signed cert in-memory
2025-01-29 13:37:33,233 INFO c.h.h.t.HelmChartContainer - [K3S] Flag --containerd has been deprecated, This is a cadvisor flag that was mistakenly registered with the Kubelet. Due to legacy concerns, it will follow the standard CLI deprecation timeline before being removed.
2025-01-29 13:37:33,237 INFO c.h.h.t.HelmChartContainer - [K3S] [server.go:515] "Kubelet version" kubeletVersion="v1.32.1+k3s1"
2025-01-29 13:37:33,237 INFO c.h.h.t.HelmChartContainer - [K3S] [server.go:517] "Golang settings" GOGC="" GOMAXPROCS="" GOTRACEBACK=""
2025-01-29 13:37:33,238 INFO c.h.h.t.HelmChartContainer - [K3S] [dynamic_cafile_content.go:161] "Starting controller" name="client-ca-bundle::/var/lib/rancher/k3s/agent/client-ca.crt"
2025-01-29 13:37:33,240 INFO c.h.h.t.HelmChartContainer - [K3S] [log.go:32] "RuntimeConfig from runtime service failed" err="rpc error: code = Unimplemented desc = method RuntimeConfig not implemented"
2025-01-29 13:37:33,240 INFO c.h.h.t.HelmChartContainer - [K3S] [server.go:1416] "CRI implementation should be updated to support RuntimeConfig when KubeletCgroupDriverFromCRI feature gate has been enabled. Falling back to using cgroupDriver from kubelet config."
2025-01-29 13:37:33,244 INFO c.h.h.t.HelmChartContainer - [K3S] [info.go:53] Couldn't collect info from any of the files in "/etc/machine-id,/var/lib/dbus/machine-id"
2025-01-29 13:37:33,244 INFO c.h.h.t.HelmChartContainer - [K3S] [server.go:767] "--cgroups-per-qos enabled, but --cgroup-root was not specified.  defaulting to /"
2025-01-29 13:37:33,244 INFO c.h.h.t.HelmChartContainer - [K3S] [server.go:836] "NoSwap is set due to memorySwapBehavior not specified" memorySwapBehavior="" FailSwapOn=false
2025-01-29 13:37:33,245 INFO c.h.h.t.HelmChartContainer - [K3S] [swap_util.go:115] "Swap is on" /proc/swaps contents=<
2025-01-29 13:37:33,245 INFO c.h.h.t.HelmChartContainer - [K3S] 	Filename				Type		Size		Used		Priority
2025-01-29 13:37:33,246 INFO c.h.h.t.HelmChartContainer - [K3S] 	/mnt/swapfile                           file		4194300		0		-2
2025-01-29 13:37:33,246 INFO c.h.h.t.HelmChartContainer - [K3S]  >
2025-01-29 13:37:33,246 INFO c.h.h.t.HelmChartContainer - [K3S] [container_manager_linux.go:268] "Container manager verified user specified cgroup-root exists" cgroupRoot=[]
2025-01-29 13:37:33,246 INFO c.h.h.t.HelmChartContainer - [K3S] [container_manager_linux.go:273] "Creating Container Manager object based on Node Config" nodeConfig={"NodeName":"ddd52fe05997","RuntimeCgroupsName":"","SystemCgroupsName":"","KubeletCgroupsName":"/k3s","KubeletOOMScoreAdj":-999,"ContainerRuntime":"","CgroupsPerQOS":true,"CgroupRoot":"/","CgroupDriver":"cgroupfs","KubeletRootDir":"/var/lib/kubelet","ProtectKernelDefaults":false,"KubeReservedCgroupName":"","SystemReservedCgroupName":"","ReservedSystemCPUs":{},"EnforceNodeAllocatable":{"pods":{}},"KubeReserved":null,"SystemReserved":null,"HardEvictionThresholds":[{"Signal":"imagefs.available","Operator":"LessThan","Value":{"Quantity":null,"Percentage":0.05},"GracePeriod":0,"MinReclaim":null},{"Signal":"nodefs.available","Operator":"LessThan","Value":{"Quantity":null,"Percentage":0.05},"GracePeriod":0,"MinReclaim":null}],"QOSReserved":{},"CPUManagerPolicy":"none","CPUManagerPolicyOptions":null,"TopologyManagerScope":"container","CPUManagerReconcilePeriod":10000000000,"ExperimentalMemoryManagerPolicy":"None","ExperimentalMemoryManagerReservedMemory":null,"PodPidsLimit":-1,"EnforceCPULimits":true,"CPUCFSQuotaPeriod":100000000,"TopologyManagerPolicy":"none","TopologyManagerPolicyOptions":null,"CgroupVersion":2}
2025-01-29 13:37:33,246 INFO c.h.h.t.HelmChartContainer - [K3S] [topology_manager.go:138] "Creating topology manager with none policy"
2025-01-29 13:37:33,246 INFO c.h.h.t.HelmChartContainer - [K3S] [container_manager_linux.go:304] "Creating device plugin manager"
2025-01-29 13:37:33,246 INFO c.h.h.t.HelmChartContainer - [K3S] [state_mem.go:36] "Initialized new in-memory state store"
2025-01-29 13:37:33,246 INFO c.h.h.t.HelmChartContainer - [K3S] [kubelet.go:446] "Attempting to sync node with API server"
2025-01-29 13:37:33,246 INFO c.h.h.t.HelmChartContainer - [K3S] [kubelet.go:341] "Adding static pod path" path="/var/lib/rancher/k3s/agent/pod-manifests"
2025-01-29 13:37:33,246 INFO c.h.h.t.HelmChartContainer - [K3S] [kubelet.go:352] "Adding apiserver pod source"
2025-01-29 13:37:33,246 INFO c.h.h.t.HelmChartContainer - [K3S] [apiserver.go:42] "Waiting for node sync before watching apiserver pods"
2025-01-29 13:37:33,251 INFO c.h.h.t.HelmChartContainer - [K3S] [kuberuntime_manager.go:269] "Container runtime initialized" containerRuntime="containerd" version="v1.7.23-k3s2" apiVersion="v1"
2025-01-29 13:37:33,252 INFO c.h.h.t.HelmChartContainer - [K3S] [kubelet.go:890] "Not starting ClusterTrustBundle informer because we are in static kubelet mode"
2025-01-29 13:37:33,253 INFO c.h.h.t.HelmChartContainer - [K3S] [probe.go:272] Flexvolume plugin directory at /usr/libexec/kubernetes/kubelet-plugins/volume/exec/ does not exist. Recreating.
2025-01-29 13:37:33,256 INFO c.h.h.t.HelmChartContainer - [K3S] [watchdog_linux.go:99] "Systemd watchdog is not enabled"
2025-01-29 13:37:33,257 INFO c.h.h.t.HelmChartContainer - [K3S] [server.go:1282] "Started kubelet"
2025-01-29 13:37:33,259 INFO c.h.h.t.HelmChartContainer - [K3S] [fs_resource_analyzer.go:67] "Starting FS ResourceAnalyzer"
2025-01-29 13:37:33,262 INFO c.h.h.t.HelmChartContainer - [K3S] [volume_manager.go:297] "Starting Kubelet Volume Manager"
2025-01-29 13:37:33,263 INFO c.h.h.t.HelmChartContainer - [K3S] [desired_state_of_world_populator.go:149] "Desired state populator starts to run"
2025-01-29 13:37:33,263 INFO c.h.h.t.HelmChartContainer - [K3S] [reconciler.go:26] "Reconciler: start to sync state"
2025-01-29 13:37:33,265 INFO c.h.h.t.HelmChartContainer - [K3S] [factory.go:221] Registration of the systemd container factory successfully
2025-01-29 13:37:33,265 INFO c.h.h.t.HelmChartContainer - [K3S] [factory.go:219] Registration of the crio container factory failed: Get "http://%2Fvar%2Frun%2Fcrio%2Fcrio.sock/info": dial unix /var/run/crio/crio.sock: connect: no such file or directory
2025-01-29 13:37:33,266 INFO c.h.h.t.HelmChartContainer - [K3S] [server.go:169] "Starting to listen" address="0.0.0.0" port=10250
2025-01-29 13:37:33,267 INFO c.h.h.t.HelmChartContainer - [K3S] [server.go:490] "Adding debug handlers to kubelet server"
2025-01-29 13:37:33,269 INFO c.h.h.t.HelmChartContainer - [K3S] [kubelet_node_status.go:467] "Error getting the current node from lister" err="node \"ddd52fe05997\" not found"
2025-01-29 13:37:33,269 INFO c.h.h.t.HelmChartContainer - [K3S] [factory.go:221] Registration of the containerd container factory successfully
2025-01-29 13:37:33,270 INFO c.h.h.t.HelmChartContainer - [K3S] [server.go:208] "Starting to listen read-only" address="0.0.0.0" port=10255
2025-01-29 13:37:33,273 INFO c.h.h.t.HelmChartContainer - [K3S] [ratelimit.go:55] "Setting rate limiting for endpoint" service="podresources" qps=100 burstTokens=10
2025-01-29 13:37:33,273 INFO c.h.h.t.HelmChartContainer - [K3S] [server.go:243] "Starting to serve the podresources API" endpoint="unix:/var/lib/kubelet/pod-resources/kubelet.sock"
2025-01-29 13:37:33,273 INFO c.h.h.t.HelmChartContainer - [K3S] [dynamic_serving_content.go:135] "Starting controller" name="kubelet-server-cert-files::/var/lib/rancher/k3s/agent/serving-kubelet.crt::/var/lib/rancher/k3s/agent/serving-kubelet.key"
2025-01-29 13:37:33,285 INFO c.h.h.t.HelmChartContainer - [K3S] [kubelet_network_linux.go:50] "Initialized iptables rules." protocol="IPv4"
2025-01-29 13:37:33,287 INFO c.h.h.t.HelmChartContainer - [K3S] [kubelet_network_linux.go:50] "Initialized iptables rules." protocol="IPv6"
2025-01-29 13:37:33,287 INFO c.h.h.t.HelmChartContainer - [K3S] [status_manager.go:227] "Starting to sync pod status with apiserver"
2025-01-29 13:37:33,287 INFO c.h.h.t.HelmChartContainer - [K3S] [watchdog_linux.go:127] "Systemd watchdog is not enabled or the interval is invalid, so health checking will not be started."
2025-01-29 13:37:33,287 INFO c.h.h.t.HelmChartContainer - [K3S] [kubelet.go:2388] "Starting kubelet main sync loop"
2025-01-29 13:37:33,288 INFO c.h.h.t.HelmChartContainer - [K3S] [kubelet.go:2412] "Skipping pod synchronization" err="[container runtime status check may not have completed yet, PLEG is not healthy: pleg has yet to be successful]"
2025-01-29 13:37:33,288 INFO c.h.h.t.HelmChartContainer - [K3S] [nodelease.go:49] "Failed to get node when trying to set owner ref to the node lease" err="nodes \"ddd52fe05997\" not found" node="ddd52fe05997"
2025-01-29 13:37:33,297 INFO c.h.h.t.HelmChartContainer - [K3S] [cpu_manager.go:221] "Starting CPU manager" policy="none"
2025-01-29 13:37:33,298 INFO c.h.h.t.HelmChartContainer - [K3S] [cpu_manager.go:222] "Reconciling" reconcilePeriod="10s"
2025-01-29 13:37:33,298 INFO c.h.h.t.HelmChartContainer - [K3S] [state_mem.go:36] "Initialized new in-memory state store"
2025-01-29 13:37:33,300 INFO c.h.h.t.HelmChartContainer - [K3S] [policy_none.go:49] "None policy: Start"
2025-01-29 13:37:33,300 INFO c.h.h.t.HelmChartContainer - [K3S] [memory_manager.go:186] "Starting memorymanager" policy="None"
2025-01-29 13:37:33,301 INFO c.h.h.t.HelmChartContainer - [K3S] [state_mem.go:35] "Initializing new in-memory state store"
2025-01-29 13:37:33,303 INFO c.h.h.t.HelmChartContainer - [K3S] [manager.go:519] "Failed to read data from checkpoint" checkpoint="kubelet_internal_checkpoint" err="checkpoint is not found"
2025-01-29 13:37:33,304 INFO c.h.h.t.HelmChartContainer - [K3S] [eviction_manager.go:189] "Eviction manager: starting control loop"
2025-01-29 13:37:33,305 INFO c.h.h.t.HelmChartContainer - [K3S] [container_log_manager.go:189] "Initializing container log rotate workers" workers=1 monitorPeriod="10s"
2025-01-29 13:37:33,307 INFO c.h.h.t.HelmChartContainer - [K3S] [plugin_manager.go:118] "Starting Kubelet Plugin Manager"
2025-01-29 13:37:33,308 INFO c.h.h.t.HelmChartContainer - [K3S] [eviction_manager.go:267] "eviction manager: failed to check if we have separate container filesystem. Ignoring." err="no imagefs label for configured runtime"
2025-01-29 13:37:33,309 INFO c.h.h.t.HelmChartContainer - [K3S] [eviction_manager.go:292] "Eviction manager: failed to get summary stats" err="failed to get node info: node \"ddd52fe05997\" not found"
2025-01-29 13:37:33,408 INFO c.h.h.t.HelmChartContainer - [K3S] [kubelet_node_status.go:76] "Attempting to register node" node="ddd52fe05997"
2025-01-29 13:37:33,414 INFO c.h.h.t.HelmChartContainer - [K3S] [kubelet_node_status.go:79] "Successfully registered node" node="ddd52fe05997"
2025-01-29 13:37:33,414 INFO c.h.h.t.HelmChartContainer - [K3S] [kubelet_node_status.go:549] "Error updating node status, will retry" err="error getting node \"ddd52fe05997\": node \"ddd52fe05997\" not found"
2025-01-29 13:37:33,415 INFO c.h.h.t.HelmChartContainer - [K3S] [INFO] Annotations and labels have been set successfully on node: ddd52fe05997
2025-01-29 13:37:33,415 INFO c.h.h.t.HelmChartContainer - [K3S] [INFO] Starting flannel with backend vxlan
2025-01-29 13:37:33,462 INFO c.h.h.t.HelmChartContainer - [K3S] [controllermanager.go:185] "Starting" version="v1.32.1+k3s1"
2025-01-29 13:37:33,462 INFO c.h.h.t.HelmChartContainer - [K3S] [controllermanager.go:187] "Golang settings" GOGC="" GOMAXPROCS="" GOTRACEBACK=""
2025-01-29 13:37:33,464 INFO c.h.h.t.HelmChartContainer - [K3S] [requestheader_controller.go:180] Starting RequestHeaderAuthRequestController
2025-01-29 13:37:33,465 INFO c.h.h.t.HelmChartContainer - [K3S] [configmap_cafile_content.go:205] "Starting controller" name="client-ca::kube-system::extension-apiserver-authentication::client-ca-file"
2025-01-29 13:37:33,465 INFO c.h.h.t.HelmChartContainer - [K3S] [configmap_cafile_content.go:205] "Starting controller" name="client-ca::kube-system::extension-apiserver-authentication::requestheader-client-ca-file"
2025-01-29 13:37:33,465 INFO c.h.h.t.HelmChartContainer - [K3S] [secure_serving.go:213] Serving securely on 127.0.0.1:10257
2025-01-29 13:37:33,465 INFO c.h.h.t.HelmChartContainer - [K3S] [tlsconfig.go:243] "Starting DynamicServingCertificateController"
2025-01-29 13:37:33,468 INFO c.h.h.t.HelmChartContainer - [K3S] [controllermanager.go:765] "Started controller" controller="serviceaccount-token-controller"
2025-01-29 13:37:33,473 INFO c.h.h.t.HelmChartContainer - [K3S] [controllermanager.go:765] "Started controller" controller="deployment-controller"
2025-01-29 13:37:33,474 INFO c.h.h.t.HelmChartContainer - [K3S] [deployment_controller.go:173] "Starting controller" controller="deployment"
2025-01-29 13:37:33,479 INFO c.h.h.t.HelmChartContainer - [K3S] [controllermanager.go:765] "Started controller" controller="persistentvolumeclaim-protection-controller"
2025-01-29 13:37:33,479 INFO c.h.h.t.HelmChartContainer - [K3S] [controllermanager.go:717] "Controller is disabled by a feature gate" controller="resourceclaim-controller" requiredFeatureGates=["DynamicResourceAllocation"]
2025-01-29 13:37:33,479 INFO c.h.h.t.HelmChartContainer - [K3S] [controllermanager.go:717] "Controller is disabled by a feature gate" controller="selinux-warning-controller" requiredFeatureGates=["SELinuxChangePolicy"]
2025-01-29 13:37:33,479 INFO c.h.h.t.HelmChartContainer - [K3S] [pvc_protection_controller.go:168] "Starting PVC protection controller"
2025-01-29 13:37:33,484 INFO c.h.h.t.HelmChartContainer - [K3S] [controllermanager.go:765] "Started controller" controller="legacy-serviceaccount-token-cleaner-controller"
2025-01-29 13:37:33,484 INFO c.h.h.t.HelmChartContainer - [K3S] [controllermanager.go:717] "Controller is disabled by a feature gate" controller="service-cidr-controller" requiredFeatureGates=["MultiCIDRServiceAllocator"]
2025-01-29 13:37:33,484 INFO c.h.h.t.HelmChartContainer - [K3S] [legacy_serviceaccount_token_cleaner.go:103] "Starting legacy service account token cleaner controller"
2025-01-29 13:37:33,489 INFO c.h.h.t.HelmChartContainer - [K3S] [controllermanager.go:765] "Started controller" controller="endpointslice-mirroring-controller"
2025-01-29 13:37:33,489 INFO c.h.h.t.HelmChartContainer - [K3S] [endpointslicemirroring_controller.go:227] "Starting EndpointSliceMirroring controller"
2025-01-29 13:37:33,493 INFO c.h.h.t.HelmChartContainer - [K3S] [controllermanager.go:765] "Started controller" controller="job-controller"
2025-01-29 13:37:33,493 INFO c.h.h.t.HelmChartContainer - [K3S] [job_controller.go:243] "Starting job controller"
2025-01-29 13:37:33,498 INFO c.h.h.t.HelmChartContainer - [K3S] [controllermanager.go:765] "Started controller" controller="statefulset-controller"
2025-01-29 13:37:33,498 INFO c.h.h.t.HelmChartContainer - [K3S] [stateful_set.go:166] "Starting stateful set controller"
2025-01-29 13:37:33,503 INFO c.h.h.t.HelmChartContainer - [K3S] [controllermanager.go:765] "Started controller" controller="certificatesigningrequest-cleaner-controller"
2025-01-29 13:37:33,503 INFO c.h.h.t.HelmChartContainer - [K3S] [controllermanager.go:723] "Skipping a cloud provider controller" controller="node-route-controller"
2025-01-29 13:37:33,503 INFO c.h.h.t.HelmChartContainer - [K3S] [cleaner.go:83] "Starting CSR cleaner controller"
2025-01-29 13:37:33,508 INFO c.h.h.t.HelmChartContainer - [K3S] [controllermanager.go:765] "Started controller" controller="persistentvolume-attach-detach-controller"
2025-01-29 13:37:33,508 INFO c.h.h.t.HelmChartContainer - [K3S] [attach_detach_controller.go:338] "Starting attach detach controller"
2025-01-29 13:37:33,512 INFO c.h.h.t.HelmChartContainer - [K3S] [server.go:698] "Successfully retrieved node IP(s)" IPs=["172.18.0.2"]
2025-01-29 13:37:33,512 INFO c.h.h.t.HelmChartContainer - [K3S] [server.go:234] "Kube-proxy configuration may be incomplete or incorrect" err="nodePortAddresses is unset; NodePort connections will be accepted on all local IPs. Consider using `--nodeport-addresses primary`"
2025-01-29 13:37:33,515 INFO c.h.h.t.HelmChartContainer - [K3S] [server.go:243] "kube-proxy running in dual-stack mode" primary ipFamily="IPv4"
2025-01-29 13:37:33,515 INFO c.h.h.t.HelmChartContainer - [K3S] [server_linux.go:170] "Using iptables Proxier"
2025-01-29 13:37:33,517 INFO c.h.h.t.HelmChartContainer - [K3S] [proxier.go:255] "Setting route_localnet=1 to allow node-ports on localhost; to change this either disable iptables.localhostNodePorts (--iptables-localhost-nodeports) or set nodePortAddresses (--nodeport-addresses) to filter loopback addresses"
2025-01-29 13:37:33,522 INFO c.h.h.t.HelmChartContainer - [K3S] [server.go:497] "Version info" version="v1.32.1+k3s1"
2025-01-29 13:37:33,522 INFO c.h.h.t.HelmChartContainer - [K3S] [server.go:499] "Golang settings" GOGC="" GOMAXPROCS="" GOTRACEBACK=""
2025-01-29 13:37:33,523 INFO c.h.h.t.HelmChartContainer - [K3S] [controllermanager.go:765] "Started controller" controller="horizontal-pod-autoscaler-controller"
2025-01-29 13:37:33,524 INFO c.h.h.t.HelmChartContainer - [K3S] [horizontal.go:201] "Starting HPA controller"
2025-01-29 13:37:33,525 INFO c.h.h.t.HelmChartContainer - [K3S] [config.go:199] "Starting service config controller"
2025-01-29 13:37:33,525 INFO c.h.h.t.HelmChartContainer - [K3S] [config.go:105] "Starting endpoint slice config controller"
2025-01-29 13:37:33,525 INFO c.h.h.t.HelmChartContainer - [K3S] [config.go:329] "Starting node config controller"
2025-01-29 13:37:33,540 INFO c.h.h.t.HelmChartContainer - [K3S] [INFO] Done waiting for CRD helmchartconfigs.helm.cattle.io to become available
2025-01-29 13:37:33,540 INFO c.h.h.t.HelmChartContainer - [K3S] [INFO] Writing static file: /var/lib/rancher/k3s/server/static/charts/traefik-27.0.201+up27.0.2.tgz
2025-01-29 13:37:33,541 INFO c.h.h.t.HelmChartContainer - [K3S] [INFO] Writing static file: /var/lib/rancher/k3s/server/static/charts/traefik-crd-27.0.201+up27.0.2.tgz
2025-01-29 13:37:33,541 INFO c.h.h.t.HelmChartContainer - [K3S] [INFO] Writing manifest: /var/lib/rancher/k3s/server/manifests/runtimes.yaml
2025-01-29 13:37:33,541 INFO c.h.h.t.HelmChartContainer - [K3S] [INFO] Writing manifest: /var/lib/rancher/k3s/server/manifests/coredns.yaml
2025-01-29 13:37:33,541 INFO c.h.h.t.HelmChartContainer - [K3S] [INFO] Writing manifest: /var/lib/rancher/k3s/server/manifests/local-storage.yaml
2025-01-29 13:37:33,542 INFO c.h.h.t.HelmChartContainer - [K3S] [INFO] Writing manifest: /var/lib/rancher/k3s/server/manifests/metrics-server/aggregated-metrics-reader.yaml
2025-01-29 13:37:33,542 INFO c.h.h.t.HelmChartContainer - [K3S] [INFO] Writing manifest: /var/lib/rancher/k3s/server/manifests/metrics-server/auth-reader.yaml
2025-01-29 13:37:33,542 INFO c.h.h.t.HelmChartContainer - [K3S] [INFO] Writing manifest: /var/lib/rancher/k3s/server/manifests/metrics-server/metrics-apiservice.yaml
2025-01-29 13:37:33,542 INFO c.h.h.t.HelmChartContainer - [K3S] [INFO] Writing manifest: /var/lib/rancher/k3s/server/manifests/metrics-server/resource-reader.yaml
2025-01-29 13:37:33,542 INFO c.h.h.t.HelmChartContainer - [K3S] [INFO] Writing manifest: /var/lib/rancher/k3s/server/manifests/rolebindings.yaml
2025-01-29 13:37:33,543 INFO c.h.h.t.HelmChartContainer - [K3S] [INFO] Writing manifest: /var/lib/rancher/k3s/server/manifests/ccm.yaml
2025-01-29 13:37:33,543 INFO c.h.h.t.HelmChartContainer - [K3S] [INFO] Writing manifest: /var/lib/rancher/k3s/server/manifests/metrics-server/auth-delegator.yaml
2025-01-29 13:37:33,543 INFO c.h.h.t.HelmChartContainer - [K3S] [INFO] Writing manifest: /var/lib/rancher/k3s/server/manifests/metrics-server/metrics-server-deployment.yaml
2025-01-29 13:37:33,543 INFO c.h.h.t.HelmChartContainer - [K3S] [INFO] Writing manifest: /var/lib/rancher/k3s/server/manifests/metrics-server/metrics-server-service.yaml
2025-01-29 13:37:33,545 INFO c.h.h.t.HelmChartContainer - [K3S] [INFO] Starting dynamiclistener CN filter node controller with SANs: [localhost 127.0.0.1 ::1 localhost ddd52fe05997 172.18.0.2 10.43.0.1 kubernetes kubernetes.default kubernetes.default.svc kubernetes.default.svc.cluster.local]
2025-01-29 13:37:33,545 INFO c.h.h.t.HelmChartContainer - [K3S] [INFO] Tunnel server egress proxy mode: agent
2025-01-29 13:37:33,621 INFO c.h.h.t.HelmChartContainer - [K3S] [controllermanager.go:765] "Started controller" controller="ttl-controller"
2025-01-29 13:37:33,621 INFO c.h.h.t.HelmChartContainer - [K3S] [controllermanager.go:723] "Skipping a cloud provider controller" controller="service-lb-controller"
2025-01-29 13:37:33,621 INFO c.h.h.t.HelmChartContainer - [K3S] [ttl_controller.go:127] "Starting TTL controller"
2025-01-29 13:37:33,649 INFO c.h.h.t.HelmChartContainer - [K3S] [INFO] Starting k3s.cattle.io/v1, Kind=Addon controller
2025-01-29 13:37:33,649 INFO c.h.h.t.HelmChartContainer - [K3S] [INFO] Creating deploy event broadcaster
2025-01-29 13:37:33,720 INFO c.h.h.t.HelmChartContainer - [K3S] [kubelet_node_status.go:502] "Fast updating node status as it just became ready"
2025-01-29 13:37:33,752 INFO c.h.h.t.HelmChartContainer - [K3S] [INFO] Starting /v1, Kind=Node controller
2025-01-29 13:37:33,754 INFO c.h.h.t.HelmChartContainer - [K3S] [INFO] Creating helm-controller event broadcaster
2025-01-29 13:37:33,762 INFO c.h.h.t.HelmChartContainer - [K3S] [INFO] Cluster dns configmap has been set successfully
2025-01-29 13:37:33,771 INFO c.h.h.t.HelmChartContainer - [K3S] [INFO] Labels and annotations have been set successfully on node: ddd52fe05997
2025-01-29 13:37:33,798 INFO c.h.h.t.HelmChartContainer - [K3S] [controllermanager.go:765] "Started controller" controller="persistentvolume-binder-controller"
2025-01-29 13:37:33,798 INFO c.h.h.t.HelmChartContainer - [K3S] [pv_controller_base.go:308] "Starting persistent volume controller"
2025-01-29 13:37:33,819 INFO c.h.h.t.HelmChartContainer - [K3S] [INFO] Starting /v1, Kind=ConfigMap controller
2025-01-29 13:37:33,819 INFO c.h.h.t.HelmChartContainer - [K3S] [INFO] Starting /v1, Kind=ServiceAccount controller
2025-01-29 13:37:33,819 INFO c.h.h.t.HelmChartContainer - [K3S] [INFO] Starting /v1, Kind=Secret controller
2025-01-29 13:37:33,826 INFO c.h.h.t.HelmChartContainer - [K3S] [INFO] Updating TLS secret for kube-system/k3s-serving (count: 10): map[listener.cattle.io/cn-10.43.0.1:10.43.0.1 listener.cattle.io/cn-127.0.0.1:127.0.0.1 listener.cattle.io/cn-172.18.0.2:172.18.0.2 listener.cattle.io/cn-__1-f16284:::1 listener.cattle.io/cn-ddd52fe05997:ddd52fe05997 listener.cattle.io/cn-kubernetes:kubernetes listener.cattle.io/cn-kubernetes.default:kubernetes.default listener.cattle.io/cn-kubernetes.default.svc:kubernetes.default.svc listener.cattle.io/cn-kubernetes.default.svc.cluster.local:kubernetes.default.svc.cluster.local listener.cattle.io/cn-localhost:localhost listener.cattle.io/fingerprint:SHA1=69B26535D0964BAC4D4EE46ED2321E2F4E1A3479]
2025-01-29 13:37:33,830 INFO c.h.h.t.HelmChartContainer - [K3S] [INFO] Active TLS secret kube-system/k3s-serving (ver=240) (count 10): map[listener.cattle.io/cn-10.43.0.1:10.43.0.1 listener.cattle.io/cn-127.0.0.1:127.0.0.1 listener.cattle.io/cn-172.18.0.2:172.18.0.2 listener.cattle.io/cn-__1-f16284:::1 listener.cattle.io/cn-ddd52fe05997:ddd52fe05997 listener.cattle.io/cn-kubernetes:kubernetes listener.cattle.io/cn-kubernetes.default:kubernetes.default listener.cattle.io/cn-kubernetes.default.svc:kubernetes.default.svc listener.cattle.io/cn-kubernetes.default.svc.cluster.local:kubernetes.default.svc.cluster.local listener.cattle.io/cn-localhost:localhost listener.cattle.io/fingerprint:SHA1=69B26535D0964BAC4D4EE46ED2321E2F4E1A3479]
2025-01-29 13:37:33,863 INFO c.h.h.t.HelmChartContainer - [K3S] [INFO] Starting helm.cattle.io/v1, Kind=HelmChart controller
2025-01-29 13:37:33,863 INFO c.h.h.t.HelmChartContainer - [K3S] [INFO] Starting helm.cattle.io/v1, Kind=HelmChartConfig controller
2025-01-29 13:37:33,866 INFO c.h.h.t.HelmChartContainer - [K3S] [INFO] Starting rbac.authorization.k8s.io/v1, Kind=ClusterRoleBinding controller
2025-01-29 13:37:33,870 INFO c.h.h.t.HelmChartContainer - [K3S] [INFO] Starting batch/v1, Kind=Job controller
2025-01-29 13:37:33,922 INFO c.h.h.t.HelmChartContainer - [K3S] [controllermanager.go:765] "Started controller" controller="clusterrole-aggregation-controller"
2025-01-29 13:37:33,922 INFO c.h.h.t.HelmChartContainer - [K3S] [clusterroleaggregation_controller.go:194] "Starting ClusterRoleAggregator controller"
2025-01-29 13:37:33,923 INFO c.h.h.t.HelmChartContainer - [K3S] [INFO] Updating TLS secret for kube-system/k3s-serving (count: 10): map[listener.cattle.io/cn-10.43.0.1:10.43.0.1 listener.cattle.io/cn-127.0.0.1:127.0.0.1 listener.cattle.io/cn-172.18.0.2:172.18.0.2 listener.cattle.io/cn-__1-f16284:::1 listener.cattle.io/cn-ddd52fe05997:ddd52fe05997 listener.cattle.io/cn-kubernetes:kubernetes listener.cattle.io/cn-kubernetes.default:kubernetes.default listener.cattle.io/cn-kubernetes.default.svc:kubernetes.default.svc listener.cattle.io/cn-kubernetes.default.svc.cluster.local:kubernetes.default.svc.cluster.local listener.cattle.io/cn-localhost:localhost listener.cattle.io/fingerprint:SHA1=69B26535D0964BAC4D4EE46ED2321E2F4E1A3479]
2025-01-29 13:37:34,230 INFO c.h.h.t.HelmChartContainer - [K3S] [controllermanager.go:765] "Started controller" controller="resourcequota-controller"
2025-01-29 13:37:34,230 INFO c.h.h.t.HelmChartContainer - [K3S] [controllermanager.go:717] "Controller is disabled by a feature gate" controller="storageversion-garbage-collector-controller" requiredFeatureGates=["APIServerIdentity","StorageVersionAPI"]
2025-01-29 13:37:34,230 INFO c.h.h.t.HelmChartContainer - [K3S] [controllermanager.go:743] "Warning: skipping controller" controller="storage-version-migrator-controller"
2025-01-29 13:37:34,230 INFO c.h.h.t.HelmChartContainer - [K3S] [resource_quota_controller.go:300] "Starting resource quota controller"
2025-01-29 13:37:34,230 INFO c.h.h.t.HelmChartContainer - [K3S] [controllermanager.go:723] "Skipping a cloud provider controller" controller="cloud-node-lifecycle-controller"
2025-01-29 13:37:34,230 INFO c.h.h.t.HelmChartContainer - [K3S] [controllermanager.go:717] "Controller is disabled by a feature gate" controller="kube-apiserver-serving-clustertrustbundle-publisher-controller" requiredFeatureGates=["ClusterTrustBundle"]
2025-01-29 13:37:34,248 INFO c.h.h.t.HelmChartContainer - [K3S] [apiserver.go:52] "Watching apiserver"
2025-01-29 13:37:34,263 INFO c.h.h.t.HelmChartContainer - [K3S] [desired_state_of_world_populator.go:157] "Finished populating initial desired state of world"
2025-01-29 13:37:34,372 INFO c.h.h.t.HelmChartContainer - [K3S] [controllermanager.go:765] "Started controller" controller="endpoints-controller"
2025-01-29 13:37:34,372 INFO c.h.h.t.HelmChartContainer - [K3S] [endpoints_controller.go:182] "Starting endpoint controller"
2025-01-29 13:37:34,624 INFO c.h.h.t.HelmChartContainer - [K3S] [controllermanager.go:765] "Started controller" controller="namespace-controller"
2025-01-29 13:37:34,624 INFO c.h.h.t.HelmChartContainer - [K3S] [namespace_controller.go:202] "Starting namespace controller"
2025-01-29 13:37:34,771 INFO c.h.h.t.HelmChartContainer - [K3S] [controllermanager.go:765] "Started controller" controller="serviceaccount-controller"
2025-01-29 13:37:34,771 INFO c.h.h.t.HelmChartContainer - [K3S] [serviceaccounts_controller.go:114] "Starting service account controller"
2025-01-29 13:37:34,921 INFO c.h.h.t.HelmChartContainer - [K3S] [controllermanager.go:765] "Started controller" controller="replicaset-controller"
2025-01-29 13:37:34,921 INFO c.h.h.t.HelmChartContainer - [K3S] [replica_set.go:217] "Starting controller" name="replicaset"
2025-01-29 13:37:35,071 INFO c.h.h.t.HelmChartContainer - [K3S] [controllermanager.go:765] "Started controller" controller="cronjob-controller"
2025-01-29 13:37:35,071 INFO c.h.h.t.HelmChartContainer - [K3S] [cronjob_controllerv2.go:145] "Starting cronjob controller v2"
2025-01-29 13:37:35,121 INFO c.h.h.t.HelmChartContainer - [K3S] [controllermanager.go:765] "Started controller" controller="certificatesigningrequest-approving-controller"
2025-01-29 13:37:35,121 INFO c.h.h.t.HelmChartContainer - [K3S] [certificate_controller.go:120] "Starting certificate controller" name="csrapproving"
2025-01-29 13:37:35,172 INFO c.h.h.t.HelmChartContainer - [K3S] [certificate_controller.go:120] "Starting certificate controller" name="csrsigning-kubelet-serving"
2025-01-29 13:37:35,172 INFO c.h.h.t.HelmChartContainer - [K3S] [dynamic_serving_content.go:135] "Starting controller" name="csr-controller::/var/lib/rancher/k3s/server/tls/server-ca.nochain.crt::/var/lib/rancher/k3s/server/tls/server-ca.key"
2025-01-29 13:37:35,172 INFO c.h.h.t.HelmChartContainer - [K3S] [certificate_controller.go:120] "Starting certificate controller" name="csrsigning-kubelet-client"
2025-01-29 13:37:35,172 INFO c.h.h.t.HelmChartContainer - [K3S] [dynamic_serving_content.go:135] "Starting controller" name="csr-controller::/var/lib/rancher/k3s/server/tls/client-ca.nochain.crt::/var/lib/rancher/k3s/server/tls/client-ca.key"
2025-01-29 13:37:35,172 INFO c.h.h.t.HelmChartContainer - [K3S] [certificate_controller.go:120] "Starting certificate controller" name="csrsigning-kube-apiserver-client"
2025-01-29 13:37:35,173 INFO c.h.h.t.HelmChartContainer - [K3S] [controllermanager.go:765] "Started controller" controller="certificatesigningrequest-signing-controller"
2025-01-29 13:37:35,173 INFO c.h.h.t.HelmChartContainer - [K3S] [dynamic_serving_content.go:135] "Starting controller" name="csr-controller::/var/lib/rancher/k3s/server/tls/server-ca.nochain.crt::/var/lib/rancher/k3s/server/tls/server-ca.key"
2025-01-29 13:37:35,173 INFO c.h.h.t.HelmChartContainer - [K3S] [dynamic_serving_content.go:135] "Starting controller" name="csr-controller::/var/lib/rancher/k3s/server/tls/client-ca.nochain.crt::/var/lib/rancher/k3s/server/tls/client-ca.key"
2025-01-29 13:37:35,173 INFO c.h.h.t.HelmChartContainer - [K3S] [certificate_controller.go:120] "Starting certificate controller" name="csrsigning-legacy-unknown"
2025-01-29 13:37:35,424 INFO c.h.h.t.HelmChartContainer - [K3S] [range_allocator.go:112] "No Secondary Service CIDR provided. Skipping filtering out secondary service addresses"
2025-01-29 13:37:35,425 INFO c.h.h.t.HelmChartContainer - [K3S] [controllermanager.go:765] "Started controller" controller="node-ipam-controller"
2025-01-29 13:37:35,425 INFO c.h.h.t.HelmChartContainer - [K3S] [node_ipam_controller.go:141] "Starting ipam controller"
2025-01-29 13:37:35,572 INFO c.h.h.t.HelmChartContainer - [K3S] [controllermanager.go:765] "Started controller" controller="persistentvolume-protection-controller"
2025-01-29 13:37:35,572 INFO c.h.h.t.HelmChartContainer - [K3S] [controllermanager.go:717] "Controller is disabled by a feature gate" controller="volumeattributesclass-protection-controller" requiredFeatureGates=["VolumeAttributesClass"]
2025-01-29 13:37:35,572 INFO c.h.h.t.HelmChartContainer - [K3S] [pv_protection_controller.go:81] "Starting PV protection controller"
2025-01-29 13:37:35,621 INFO c.h.h.t.HelmChartContainer - [K3S] [node_lifecycle_controller.go:432] "Controller will reconcile labels"
2025-01-29 13:37:35,622 INFO c.h.h.t.HelmChartContainer - [K3S] [controllermanager.go:765] "Started controller" controller="node-lifecycle-controller"
2025-01-29 13:37:35,622 INFO c.h.h.t.HelmChartContainer - [K3S] [node_lifecycle_controller.go:466] "Sending events to api server"
2025-01-29 13:37:35,622 INFO c.h.h.t.HelmChartContainer - [K3S] [node_lifecycle_controller.go:477] "Starting node controller"
2025-01-29 13:37:35,655 INFO c.h.h.t.HelmChartContainer - [K3S] [event.go:389] "Event occurred" object="kube-system/ccm" fieldPath="" kind="Addon" apiVersion="k3s.cattle.io/v1" type="Normal" reason="ApplyingManifest" message="Applying manifest at \"/var/lib/rancher/k3s/server/manifests/ccm.yaml\""
2025-01-29 13:37:35,674 INFO c.h.h.t.HelmChartContainer - [K3S] [event.go:389] "Event occurred" object="kube-system/ccm" fieldPath="" kind="Addon" apiVersion="k3s.cattle.io/v1" type="Normal" reason="AppliedManifest" message="Applied manifest at \"/var/lib/rancher/k3s/server/manifests/ccm.yaml\""
2025-01-29 13:37:35,682 INFO c.h.h.t.HelmChartContainer - [K3S] [event.go:389] "Event occurred" object="kube-system/coredns" fieldPath="" kind="Addon" apiVersion="k3s.cattle.io/v1" type="Normal" reason="ApplyingManifest" message="Applying manifest at \"/var/lib/rancher/k3s/server/manifests/coredns.yaml\""
2025-01-29 13:37:35,719 INFO c.h.h.t.HelmChartContainer - [K3S] [event.go:389] "Event occurred" object="ddd52fe05997" fieldPath="" kind="Node" apiVersion="" type="Normal" reason="NodePasswordValidationComplete" message="Deferred node password secret validation complete"
2025-01-29 13:37:35,771 INFO c.h.h.t.HelmChartContainer - [K3S] [controllermanager.go:765] "Started controller" controller="persistentvolume-expander-controller"
2025-01-29 13:37:35,771 INFO c.h.h.t.HelmChartContainer - [K3S] [expand_controller.go:329] "Starting expand controller"
2025-01-29 13:37:35,786 INFO c.h.h.t.HelmChartContainer - [K3S] [alloc.go:330] "allocated clusterIPs" service="kube-system/kube-dns" clusterIPs={"IPv4":"10.43.0.10"}
2025-01-29 13:37:35,788 INFO c.h.h.t.HelmChartContainer - [K3S] [event.go:389] "Event occurred" object="kube-system/coredns" fieldPath="" kind="Addon" apiVersion="k3s.cattle.io/v1" type="Normal" reason="AppliedManifest" message="Applied manifest at \"/var/lib/rancher/k3s/server/manifests/coredns.yaml\""
2025-01-29 13:37:35,794 INFO c.h.h.t.HelmChartContainer - [K3S] [event.go:389] "Event occurred" object="kube-system/local-storage" fieldPath="" kind="Addon" apiVersion="k3s.cattle.io/v1" type="Normal" reason="ApplyingManifest" message="Applying manifest at \"/var/lib/rancher/k3s/server/manifests/local-storage.yaml\""
2025-01-29 13:37:35,887 INFO c.h.h.t.HelmChartContainer - [K3S] [event.go:389] "Event occurred" object="kube-system/local-storage" fieldPath="" kind="Addon" apiVersion="k3s.cattle.io/v1" type="Normal" reason="AppliedManifest" message="Applied manifest at \"/var/lib/rancher/k3s/server/manifests/local-storage.yaml\""
2025-01-29 13:37:35,892 INFO c.h.h.t.HelmChartContainer - [K3S] [event.go:389] "Event occurred" object="kube-system/aggregated-metrics-reader" fieldPath="" kind="Addon" apiVersion="k3s.cattle.io/v1" type="Normal" reason="ApplyingManifest" message="Applying manifest at \"/var/lib/rancher/k3s/server/manifests/metrics-server/aggregated-metrics-reader.yaml\""
2025-01-29 13:37:35,902 INFO c.h.h.t.HelmChartContainer - [K3S] [event.go:389] "Event occurred" object="kube-system/aggregated-metrics-reader" fieldPath="" kind="Addon" apiVersion="k3s.cattle.io/v1" type="Normal" reason="AppliedManifest" message="Applied manifest at \"/var/lib/rancher/k3s/server/manifests/metrics-server/aggregated-metrics-reader.yaml\""
2025-01-29 13:37:35,907 INFO c.h.h.t.HelmChartContainer - [K3S] [event.go:389] "Event occurred" object="kube-system/auth-delegator" fieldPath="" kind="Addon" apiVersion="k3s.cattle.io/v1" type="Normal" reason="ApplyingManifest" message="Applying manifest at \"/var/lib/rancher/k3s/server/manifests/metrics-server/auth-delegator.yaml\""
2025-01-29 13:37:35,921 INFO c.h.h.t.HelmChartContainer - [K3S] [controllermanager.go:765] "Started controller" controller="endpointslice-controller"
2025-01-29 13:37:35,921 INFO c.h.h.t.HelmChartContainer - [K3S] [endpointslice_controller.go:281] "Starting endpoint slice controller"
2025-01-29 13:37:35,968 INFO c.h.h.t.HelmChartContainer - [K3S] [event.go:389] "Event occurred" object="kube-system/auth-delegator" fieldPath="" kind="Addon" apiVersion="k3s.cattle.io/v1" type="Normal" reason="AppliedManifest" message="Applied manifest at \"/var/lib/rancher/k3s/server/manifests/metrics-server/auth-delegator.yaml\""
2025-01-29 13:37:35,974 INFO c.h.h.t.HelmChartContainer - [K3S] [event.go:389] "Event occurred" object="kube-system/auth-reader" fieldPath="" kind="Addon" apiVersion="k3s.cattle.io/v1" type="Normal" reason="ApplyingManifest" message="Applying manifest at \"/var/lib/rancher/k3s/server/manifests/metrics-server/auth-reader.yaml\""
2025-01-29 13:37:35,978 INFO c.h.h.t.HelmChartContainer - [K3S] [event.go:389] "Event occurred" object="kube-system/auth-reader" fieldPath="" kind="Addon" apiVersion="k3s.cattle.io/v1" type="Normal" reason="AppliedManifest" message="Applied manifest at \"/var/lib/rancher/k3s/server/manifests/metrics-server/auth-reader.yaml\""
2025-01-29 13:37:35,997 INFO c.h.h.t.HelmChartContainer - [K3S] [event.go:389] "Event occurred" object="kube-system/metrics-apiservice" fieldPath="" kind="Addon" apiVersion="k3s.cattle.io/v1" type="Normal" reason="ApplyingManifest" message="Applying manifest at \"/var/lib/rancher/k3s/server/manifests/metrics-server/metrics-apiservice.yaml\""
2025-01-29 13:37:36,005 INFO c.h.h.t.HelmChartContainer - [K3S] [event.go:389] "Event occurred" object="kube-system/metrics-apiservice" fieldPath="" kind="Addon" apiVersion="k3s.cattle.io/v1" type="Normal" reason="AppliedManifest" message="Applied manifest at \"/var/lib/rancher/k3s/server/manifests/metrics-server/metrics-apiservice.yaml\""
2025-01-29 13:37:36,010 INFO c.h.h.t.HelmChartContainer - [K3S] [handler_proxy.go:99] no RequestInfo found in the context
2025-01-29 13:37:36,011 INFO c.h.h.t.HelmChartContainer - [K3S] [controller.go:146] "Unhandled Error" err=<
2025-01-29 13:37:36,011 INFO c.h.h.t.HelmChartContainer - [K3S] 	, Header: map[Content-Type:[text/plain; charset=utf-8] X-Content-Type-Options:[nosniff]]
2025-01-29 13:37:36,011 INFO c.h.h.t.HelmChartContainer - [K3S]  >
2025-01-29 13:37:36,013 INFO c.h.h.t.HelmChartContainer - [K3S] [handler_proxy.go:143] error resolving kube-system/metrics-server: service "metrics-server" not found
2025-01-29 13:37:36,015 INFO c.h.h.t.HelmChartContainer - [K3S] [event.go:389] "Event occurred" object="kube-system/metrics-server-deployment" fieldPath="" kind="Addon" apiVersion="k3s.cattle.io/v1" type="Normal" reason="ApplyingManifest" message="Applying manifest at \"/var/lib/rancher/k3s/server/manifests/metrics-server/metrics-server-deployment.yaml\""
2025-01-29 13:37:36,028 INFO c.h.h.t.HelmChartContainer - [K3S] [event.go:389] "Event occurred" object="kube-system/metrics-server-deployment" fieldPath="" kind="Addon" apiVersion="k3s.cattle.io/v1" type="Normal" reason="AppliedManifest" message="Applied manifest at \"/var/lib/rancher/k3s/server/manifests/metrics-server/metrics-server-deployment.yaml\""
2025-01-29 13:37:36,039 INFO c.h.h.t.HelmChartContainer - [K3S] [event.go:389] "Event occurred" object="kube-system/metrics-server-service" fieldPath="" kind="Addon" apiVersion="k3s.cattle.io/v1" type="Normal" reason="ApplyingManifest" message="Applying manifest at \"/var/lib/rancher/k3s/server/manifests/metrics-server/metrics-server-service.yaml\""
2025-01-29 13:37:36,050 INFO c.h.h.t.HelmChartContainer - [K3S] [alloc.go:330] "allocated clusterIPs" service="kube-system/metrics-server" clusterIPs={"IPv4":"10.43.167.246"}
2025-01-29 13:37:36,050 INFO c.h.h.t.HelmChartContainer - [K3S] [event.go:389] "Event occurred" object="kube-system/metrics-server-service" fieldPath="" kind="Addon" apiVersion="k3s.cattle.io/v1" type="Normal" reason="AppliedManifest" message="Applied manifest at \"/var/lib/rancher/k3s/server/manifests/metrics-server/metrics-server-service.yaml\""
2025-01-29 13:37:36,055 INFO c.h.h.t.HelmChartContainer - [K3S] [handler_proxy.go:99] no RequestInfo found in the context
2025-01-29 13:37:36,055 INFO c.h.h.t.HelmChartContainer - [K3S] [controller.go:146] "Unhandled Error" err=<
2025-01-29 13:37:36,055 INFO c.h.h.t.HelmChartContainer - [K3S] 	, Header: map[Content-Type:[text/plain; charset=utf-8] X-Content-Type-Options:[nosniff]]
2025-01-29 13:37:36,055 INFO c.h.h.t.HelmChartContainer - [K3S]  >
2025-01-29 13:37:36,056 INFO c.h.h.t.HelmChartContainer - [K3S] [handler_proxy.go:143] error resolving kube-system/metrics-server: endpoints "metrics-server" not found
2025-01-29 13:37:36,059 INFO c.h.h.t.HelmChartContainer - [K3S] [event.go:389] "Event occurred" object="kube-system/resource-reader" fieldPath="" kind="Addon" apiVersion="k3s.cattle.io/v1" type="Normal" reason="ApplyingManifest" message="Applying manifest at \"/var/lib/rancher/k3s/server/manifests/metrics-server/resource-reader.yaml\""
2025-01-29 13:37:36,070 INFO c.h.h.t.HelmChartContainer - [K3S] [event.go:389] "Event occurred" object="kube-system/resource-reader" fieldPath="" kind="Addon" apiVersion="k3s.cattle.io/v1" type="Normal" reason="AppliedManifest" message="Applied manifest at \"/var/lib/rancher/k3s/server/manifests/metrics-server/resource-reader.yaml\""
2025-01-29 13:37:36,072 INFO c.h.h.t.HelmChartContainer - [K3S] [controllermanager.go:765] "Started controller" controller="replicationcontroller-controller"
2025-01-29 13:37:36,072 INFO c.h.h.t.HelmChartContainer - [K3S] [replica_set.go:217] "Starting controller" name="replicationcontroller"
2025-01-29 13:37:36,078 INFO c.h.h.t.HelmChartContainer - [K3S] [event.go:389] "Event occurred" object="kube-system/rolebindings" fieldPath="" kind="Addon" apiVersion="k3s.cattle.io/v1" type="Normal" reason="ApplyingManifest" message="Applying manifest at \"/var/lib/rancher/k3s/server/manifests/rolebindings.yaml\""
2025-01-29 13:37:36,181 INFO c.h.h.t.HelmChartContainer - [K3S] [event.go:389] "Event occurred" object="kube-system/rolebindings" fieldPath="" kind="Addon" apiVersion="k3s.cattle.io/v1" type="Normal" reason="AppliedManifest" message="Applied manifest at \"/var/lib/rancher/k3s/server/manifests/rolebindings.yaml\""
2025-01-29 13:37:36,190 INFO c.h.h.t.HelmChartContainer - [K3S] [event.go:389] "Event occurred" object="kube-system/runtimes" fieldPath="" kind="Addon" apiVersion="k3s.cattle.io/v1" type="Normal" reason="ApplyingManifest" message="Applying manifest at \"/var/lib/rancher/k3s/server/manifests/runtimes.yaml\""
2025-01-29 13:37:36,215 INFO c.h.h.t.HelmChartContainer - [K3S] [event.go:389] "Event occurred" object="kube-system/runtimes" fieldPath="" kind="Addon" apiVersion="k3s.cattle.io/v1" type="Normal" reason="AppliedManifest" message="Applied manifest at \"/var/lib/rancher/k3s/server/manifests/runtimes.yaml\""
2025-01-29 13:37:36,221 INFO c.h.h.t.HelmChartContainer - [K3S] [controllermanager.go:765] "Started controller" controller="pod-garbage-collector-controller"
2025-01-29 13:37:36,221 INFO c.h.h.t.HelmChartContainer - [K3S] [gc_controller.go:99] "Starting GC controller"
2025-01-29 13:37:36,233 INFO c.h.h.t.HelmChartContainer - [K3S] [INFO] Tunnel authorizer set Kubelet Port 0.0.0.0:10250
2025-01-29 13:37:36,421 INFO c.h.h.t.HelmChartContainer - [K3S] [controllermanager.go:765] "Started controller" controller="disruption-controller"
2025-01-29 13:37:36,421 INFO c.h.h.t.HelmChartContainer - [K3S] [disruption.go:452] "Sending events to api server."
2025-01-29 13:37:36,421 INFO c.h.h.t.HelmChartContainer - [K3S] [disruption.go:463] "Starting disruption controller"
2025-01-29 13:37:36,508 INFO c.h.h.t.HelmChartContainer - [K3S] [serving.go:392] Generated self-signed cert in-memory
2025-01-29 13:37:36,571 INFO c.h.h.t.HelmChartContainer - [K3S] [controllermanager.go:765] "Started controller" controller="token-cleaner-controller"
2025-01-29 13:37:36,571 INFO c.h.h.t.HelmChartContainer - [K3S] [tokencleaner.go:117] "Starting token cleaner controller"
2025-01-29 13:37:36,722 INFO c.h.h.t.HelmChartContainer - [K3S] [controllermanager.go:765] "Started controller" controller="ttl-after-finished-controller"
2025-01-29 13:37:36,722 INFO c.h.h.t.HelmChartContainer - [K3S] [ttlafterfinished_controller.go:112] "Starting TTL after finished controller"
2025-01-29 13:37:36,839 INFO c.h.h.t.HelmChartContainer - [K3S] [serving.go:392] Generated self-signed cert in-memory
2025-01-29 13:37:36,871 INFO c.h.h.t.HelmChartContainer - [K3S] [controllermanager.go:765] "Started controller" controller="root-ca-certificate-publisher-controller"
2025-01-29 13:37:36,871 INFO c.h.h.t.HelmChartContainer - [K3S] [publisher.go:107] "Starting root CA cert publisher controller"
2025-01-29 13:37:37,005 INFO c.h.h.t.HelmChartContainer - [K3S] [handler_proxy.go:99] no RequestInfo found in the context
2025-01-29 13:37:37,005 INFO c.h.h.t.HelmChartContainer - [K3S] [handler_proxy.go:99] no RequestInfo found in the context
2025-01-29 13:37:37,005 INFO c.h.h.t.HelmChartContainer - [K3S] [controller.go:102] "Unhandled Error" err=<
2025-01-29 13:37:37,005 INFO c.h.h.t.HelmChartContainer - [K3S] 	, Header: map[Content-Type:[text/plain; charset=utf-8] X-Content-Type-Options:[nosniff]]
2025-01-29 13:37:37,005 INFO c.h.h.t.HelmChartContainer - [K3S]  >
2025-01-29 13:37:37,022 INFO c.h.h.t.HelmChartContainer - [K3S] [controllermanager.go:765] "Started controller" controller="ephemeral-volume-controller"
2025-01-29 13:37:37,022 INFO c.h.h.t.HelmChartContainer - [K3S] [controller.go:173] "Starting ephemeral volume controller"
2025-01-29 13:37:37,060 INFO c.h.h.t.HelmChartContainer - [K3S] [controllermanager.go:160] Version: v1.32.1+k3s1
2025-01-29 13:37:37,062 INFO c.h.h.t.HelmChartContainer - [K3S] [secure_serving.go:213] Serving securely on 127.0.0.1:10258
2025-01-29 13:37:37,062 INFO c.h.h.t.HelmChartContainer - [K3S] [tlsconfig.go:243] "Starting DynamicServingCertificateController"
2025-01-29 13:37:37,062 INFO c.h.h.t.HelmChartContainer - [K3S] [requestheader_controller.go:180] Starting RequestHeaderAuthRequestController
2025-01-29 13:37:37,063 INFO c.h.h.t.HelmChartContainer - [K3S] [configmap_cafile_content.go:205] "Starting controller" name="client-ca::kube-system::extension-apiserver-authentication::client-ca-file"
2025-01-29 13:37:37,063 INFO c.h.h.t.HelmChartContainer - [K3S] [configmap_cafile_content.go:205] "Starting controller" name="client-ca::kube-system::extension-apiserver-authentication::requestheader-client-ca-file"
2025-01-29 13:37:37,069 INFO c.h.h.t.HelmChartContainer - [K3S] [INFO] Creating service-lb-controller event broadcaster
2025-01-29 13:37:37,191 INFO c.h.h.t.HelmChartContainer - [K3S] [INFO] Starting /v1, Kind=Node controller
2025-01-29 13:37:37,194 INFO c.h.h.t.HelmChartContainer - [K3S] [INFO] Starting /v1, Kind=Pod controller
2025-01-29 13:37:37,196 INFO c.h.h.t.HelmChartContainer - [K3S] [INFO] Starting apps/v1, Kind=DaemonSet controller
2025-01-29 13:37:37,199 INFO c.h.h.t.HelmChartContainer - [K3S] [INFO] Starting discovery.k8s.io/v1, Kind=EndpointSlice controller
2025-01-29 13:37:37,200 INFO c.h.h.t.HelmChartContainer - [K3S] [controllermanager.go:329] Started "cloud-node-controller"
2025-01-29 13:37:37,200 INFO c.h.h.t.HelmChartContainer - [K3S] [node_controller.go:176] Sending events to api server.
2025-01-29 13:37:37,200 INFO c.h.h.t.HelmChartContainer - [K3S] [node_controller.go:185] Waiting for informer caches to sync
2025-01-29 13:37:37,200 INFO c.h.h.t.HelmChartContainer - [K3S] [controllermanager.go:329] Started "cloud-node-lifecycle-controller"
2025-01-29 13:37:37,201 INFO c.h.h.t.HelmChartContainer - [K3S] [node_lifecycle_controller.go:112] Sending events to api server
2025-01-29 13:37:37,201 INFO c.h.h.t.HelmChartContainer - [K3S] [controllermanager.go:329] Started "service-lb-controller"
2025-01-29 13:37:37,201 INFO c.h.h.t.HelmChartContainer - [K3S] [controllermanager.go:306] "node-route-controller" is disabled
2025-01-29 13:37:37,201 INFO c.h.h.t.HelmChartContainer - [K3S] [controller.go:234] Starting service controller
2025-01-29 13:37:37,220 INFO c.h.h.t.HelmChartContainer - [K3S] [controllermanager.go:765] "Started controller" controller="validatingadmissionpolicy-status-controller"
2025-01-29 13:37:37,233 INFO c.h.h.t.HelmChartContainer - [K3S] [INFO] Started tunnel to 172.18.0.2:6443
2025-01-29 13:37:37,233 INFO c.h.h.t.HelmChartContainer - [K3S] [INFO] Stopped tunnel to 127.0.0.1:6443
2025-01-29 13:37:37,233 INFO c.h.h.t.HelmChartContainer - [K3S] [INFO] Connecting to proxy" url="wss://172.18.0.2:6443/v1-k3s/connect
2025-01-29 13:37:37,233 INFO c.h.h.t.HelmChartContainer - [K3S] [INFO] Proxy done" err="context canceled" url="wss://127.0.0.1:6443/v1-k3s/connect
2025-01-29 13:37:37,233 INFO c.h.h.t.HelmChartContainer - [K3S] [INFO] error in remotedialer server [400]: websocket: close 1006 (abnormal closure): unexpected EOF
2025-01-29 13:37:37,235 INFO c.h.h.t.HelmChartContainer - [K3S] [INFO] Handling backend connection request [ddd52fe05997]
2025-01-29 13:37:37,235 INFO c.h.h.t.HelmChartContainer - [K3S] [INFO] Remotedialer connected to proxy" url="wss://172.18.0.2:6443/v1-k3s/connect
2025-01-29 13:37:37,300 INFO c.h.h.t.HelmChartContainer - [K3S] [node_controller.go:429] Initializing node ddd52fe05997 with cloud provider
2025-01-29 13:37:37,304 INFO c.h.h.t.HelmChartContainer - [K3S] [node_controller.go:474] Successfully initialized node ddd52fe05997 with cloud provider
2025-01-29 13:37:37,304 INFO c.h.h.t.HelmChartContainer - [K3S] [event.go:389] "Event occurred" object="ddd52fe05997" fieldPath="" kind="Node" apiVersion="v1" type="Normal" reason="Synced" message="Node synced successfully"
2025-01-29 13:37:37,311 INFO c.h.h.t.HelmChartContainer - [K3S] [INFO] Updated coredns NodeHosts entry for ddd52fe05997
2025-01-29 13:37:37,471 INFO c.h.h.t.HelmChartContainer - [K3S] [graph_builder.go:351] "Running" component="GraphBuilder"
2025-01-29 13:37:37,471 INFO c.h.h.t.HelmChartContainer - [K3S] [controllermanager.go:765] "Started controller" controller="garbage-collector-controller"
2025-01-29 13:37:37,578 INFO c.h.h.t.HelmChartContainer - [K3S] [serving.go:392] Generated self-signed cert in-memory
2025-01-29 13:37:37,722 INFO c.h.h.t.HelmChartContainer - [K3S] [controllermanager.go:765] "Started controller" controller="daemonset-controller"
2025-01-29 13:37:37,722 INFO c.h.h.t.HelmChartContainer - [K3S] [controllermanager.go:728] "Warning: controller is disabled" controller="bootstrap-signer-controller"
2025-01-29 13:37:37,722 INFO c.h.h.t.HelmChartContainer - [K3S] [daemon_controller.go:294] "Starting daemon sets controller"
2025-01-29 13:37:37,771 INFO c.h.h.t.HelmChartContainer - [K3S] [controllermanager.go:765] "Started controller" controller="taint-eviction-controller"
2025-01-29 13:37:37,772 INFO c.h.h.t.HelmChartContainer - [K3S] [taint_eviction.go:281] "Starting" controller="taint-eviction-controller"
2025-01-29 13:37:37,772 INFO c.h.h.t.HelmChartContainer - [K3S] [taint_eviction.go:287] "Sending events to api server"
2025-01-29 13:37:37,786 INFO c.h.h.t.HelmChartContainer - [K3S] [actual_state_of_world.go:541] "Failed to update statusUpdateNeeded field in actual state of world" err="Failed to set statusUpdateNeeded to needed true, because nodeName=\"ddd52fe05997\" does not exist"
2025-01-29 13:37:37,822 INFO c.h.h.t.HelmChartContainer - [K3S] [node_lifecycle_controller.go:1234] "Initializing eviction metric for zone" zone=""
2025-01-29 13:37:37,822 INFO c.h.h.t.HelmChartContainer - [K3S] [node_lifecycle_controller.go:886] "Missing timestamp for Node. Assuming now as a timestamp" node="ddd52fe05997"
2025-01-29 13:37:37,822 INFO c.h.h.t.HelmChartContainer - [K3S] [node_lifecycle_controller.go:1080] "Controller detected that zone is now in new state" zone="" newState="Normal"
2025-01-29 13:37:37,825 INFO c.h.h.t.HelmChartContainer - [K3S] [range_allocator.go:177] "Sending events to api server"
2025-01-29 13:37:37,825 INFO c.h.h.t.HelmChartContainer - [K3S] [range_allocator.go:183] "Starting range CIDR allocator"
2025-01-29 13:37:37,831 INFO c.h.h.t.HelmChartContainer - [K3S] [range_allocator.go:428] "Set node PodCIDR" node="ddd52fe05997" podCIDRs=["10.42.0.0/24"]
2025-01-29 13:37:37,831 INFO c.h.h.t.HelmChartContainer - [K3S] [range_allocator.go:247] "Successfully synced" key="ddd52fe05997"
2025-01-29 13:37:37,832 INFO c.h.h.t.HelmChartContainer - [K3S] [INFO] Flannel found PodCIDR assigned for node ddd52fe05997
2025-01-29 13:37:37,834 INFO c.h.h.t.HelmChartContainer - [K3S] [INFO] The interface eth0 with ipv4 address 172.18.0.2 will be used by flannel
2025-01-29 13:37:37,835 INFO c.h.h.t.HelmChartContainer - [K3S] [kube.go:139] Waiting 10m0s for node controller to sync
2025-01-29 13:37:37,835 INFO c.h.h.t.HelmChartContainer - [K3S] [kube.go:469] Starting kube subnet manager
2025-01-29 13:37:37,842 INFO c.h.h.t.HelmChartContainer - [K3S] [range_allocator.go:433] "Failed to update node PodCIDR after multiple attempts" err="failed to patch node CIDR: Node \"ddd52fe05997\" is invalid: [spec.podCIDRs: Invalid value: []string{\"10.42.1.0/24\", \"10.42.0.0/24\"}: may specify no more than one CIDR for each IP family, spec.podCIDRs: Forbidden: node updates may not change podCIDR except from \"\" to valid]" node="ddd52fe05997" podCIDRs=["10.42.1.0/24"]
2025-01-29 13:37:37,844 INFO c.h.h.t.HelmChartContainer - [K3S] [range_allocator.go:439] "CIDR assignment for node failed. Releasing allocated CIDR" err="failed to patch node CIDR: Node \"ddd52fe05997\" is invalid: [spec.podCIDRs: Invalid value: []string{\"10.42.1.0/24\", \"10.42.0.0/24\"}: may specify no more than one CIDR for each IP family, spec.podCIDRs: Forbidden: node updates may not change podCIDR except from \"\" to valid]" node="ddd52fe05997"
2025-01-29 13:37:37,844 INFO c.h.h.t.HelmChartContainer - [K3S] [range_allocator.go:252] "Unhandled Error" err="error syncing 'ddd52fe05997': failed to patch node CIDR: Node \"ddd52fe05997\" is invalid: [spec.podCIDRs: Invalid value: []string{\"10.42.1.0/24\", \"10.42.0.0/24\"}: may specify no more than one CIDR for each IP family, spec.podCIDRs: Forbidden: node updates may not change podCIDR except from \"\" to valid], requeuing"
2025-01-29 13:37:37,844 INFO c.h.h.t.HelmChartContainer - [K3S] [range_allocator.go:247] "Successfully synced" key="ddd52fe05997"
2025-01-29 13:37:37,849 INFO c.h.h.t.HelmChartContainer - [K3S] [range_allocator.go:247] "Successfully synced" key="ddd52fe05997"
2025-01-29 13:37:37,929 INFO c.h.h.t.HelmChartContainer - [K3S] [range_allocator.go:247] "Successfully synced" key="ddd52fe05997"
2025-01-29 13:37:37,947 INFO c.h.h.t.HelmChartContainer - [K3S] [INFO] Starting network policy controller version v2.2.1, built on 2025-01-28T18:27:08Z, go1.23.4
2025-01-29 13:37:37,947 INFO c.h.h.t.HelmChartContainer - [K3S] [network_policy_controller.go:164] Starting network policy controller
2025-01-29 13:37:37,949 INFO c.h.h.t.HelmChartContainer - [K3S] [server.go:164] "Starting Kubernetes Scheduler" version="v1.32.1+k3s1"
2025-01-29 13:37:37,950 INFO c.h.h.t.HelmChartContainer - [K3S] [server.go:166] "Golang settings" GOGC="" GOMAXPROCS="" GOTRACEBACK=""
2025-01-29 13:37:37,954 INFO c.h.h.t.HelmChartContainer - [K3S] [requestheader_controller.go:180] Starting RequestHeaderAuthRequestController
2025-01-29 13:37:37,955 INFO c.h.h.t.HelmChartContainer - [K3S] [configmap_cafile_content.go:205] "Starting controller" name="client-ca::kube-system::extension-apiserver-authentication::client-ca-file"
2025-01-29 13:37:37,955 INFO c.h.h.t.HelmChartContainer - [K3S] [configmap_cafile_content.go:205] "Starting controller" name="client-ca::kube-system::extension-apiserver-authentication::requestheader-client-ca-file"
2025-01-29 13:37:37,955 INFO c.h.h.t.HelmChartContainer - [K3S] [secure_serving.go:213] Serving securely on 127.0.0.1:10259
2025-01-29 13:37:37,955 INFO c.h.h.t.HelmChartContainer - [K3S] [tlsconfig.go:243] "Starting DynamicServingCertificateController"
2025-01-29 13:37:37,993 INFO c.h.h.t.HelmChartContainer - [K3S] [network_policy_controller.go:176] Starting network policy controller full sync goroutine
2025-01-29 13:37:38,528 INFO c.h.h.t.HelmChartContainer - [K3S] [handler_proxy.go:99] no RequestInfo found in the context
2025-01-29 13:37:38,528 INFO c.h.h.t.HelmChartContainer - [K3S] [controller.go:146] "Unhandled Error" err=<
2025-01-29 13:37:38,528 INFO c.h.h.t.HelmChartContainer - [K3S] 	, Header: map[Content-Type:[text/plain; charset=utf-8] X-Content-Type-Options:[nosniff]]
2025-01-29 13:37:38,528 INFO c.h.h.t.HelmChartContainer - [K3S]  >
2025-01-29 13:37:38,529 INFO c.h.h.t.HelmChartContainer - [K3S] [handler_proxy.go:143] error resolving kube-system/metrics-server: no endpoints available for service "metrics-server"
2025-01-29 13:37:38,684 INFO c.h.h.t.HelmChartContainer - [K3S] [replica_set.go:679] "Finished syncing" kind="ReplicaSet" key="kube-system/metrics-server-8584b5786c" duration="405.725661ms"
2025-01-29 13:37:38,688 INFO c.h.h.t.HelmChartContainer - [K3S] [replica_set.go:679] "Finished syncing" kind="ReplicaSet" key="kube-system/local-path-provisioner-698b58967b" duration="411.424855ms"
2025-01-29 13:37:38,694 INFO c.h.h.t.HelmChartContainer - [K3S] [replica_set.go:679] "Finished syncing" kind="ReplicaSet" key="kube-system/coredns-ff8999cc5" duration="414.343371ms"
2025-01-29 13:37:38,694 INFO c.h.h.t.HelmChartContainer - [K3S] [reconciler_common.go:251] "operationExecutor.VerifyControllerAttachedVolume started for volume \"config-volume\" (UniqueName: \"kubernetes.io/configmap/61e358ed-b2bc-486c-984e-2974a274e7fb-config-volume\") pod \"local-path-provisioner-698b58967b-thglx\" (UID: \"61e358ed-b2bc-486c-984e-2974a274e7fb\") " pod="kube-system/local-path-provisioner-698b58967b-thglx"
2025-01-29 13:37:38,694 INFO c.h.h.t.HelmChartContainer - [K3S] [reconciler_common.go:251] "operationExecutor.VerifyControllerAttachedVolume started for volume \"kube-api-access-4b9jk\" (UniqueName: \"kubernetes.io/projected/61e358ed-b2bc-486c-984e-2974a274e7fb-kube-api-access-4b9jk\") pod \"local-path-provisioner-698b58967b-thglx\" (UID: \"61e358ed-b2bc-486c-984e-2974a274e7fb\") " pod="kube-system/local-path-provisioner-698b58967b-thglx"
2025-01-29 13:37:38,707 INFO c.h.h.t.HelmChartContainer - [K3S] [replica_set.go:679] "Finished syncing" kind="ReplicaSet" key="kube-system/metrics-server-8584b5786c" duration="24.646216ms"
2025-01-29 13:37:38,708 INFO c.h.h.t.HelmChartContainer - [K3S] [replica_set.go:679] "Finished syncing" kind="ReplicaSet" key="kube-system/metrics-server-8584b5786c" duration="26.67µs"
2025-01-29 13:37:38,713 INFO c.h.h.t.HelmChartContainer - [K3S] [replica_set.go:679] "Finished syncing" kind="ReplicaSet" key="kube-system/metrics-server-8584b5786c" duration="2.869804ms"
2025-01-29 13:37:38,722 INFO c.h.h.t.HelmChartContainer - [K3S] [replica_set.go:679] "Finished syncing" kind="ReplicaSet" key="kube-system/local-path-provisioner-698b58967b" duration="33.389797ms"
2025-01-29 13:37:38,739 INFO c.h.h.t.HelmChartContainer - [K3S] [replica_set.go:679] "Finished syncing" kind="ReplicaSet" key="kube-system/coredns-ff8999cc5" duration="47.344297ms"
2025-01-29 13:37:38,739 INFO c.h.h.t.HelmChartContainer - [K3S] [replica_set.go:679] "Finished syncing" kind="ReplicaSet" key="kube-system/coredns-ff8999cc5" duration="76.182µs"
2025-01-29 13:37:38,755 INFO c.h.h.t.HelmChartContainer - [K3S] [replica_set.go:679] "Finished syncing" kind="ReplicaSet" key="kube-system/local-path-provisioner-698b58967b" duration="31.470777ms"
2025-01-29 13:37:38,757 INFO c.h.h.t.HelmChartContainer - [K3S] [replica_set.go:679] "Finished syncing" kind="ReplicaSet" key="kube-system/local-path-provisioner-698b58967b" duration="96.55µs"
2025-01-29 13:37:38,759 INFO c.h.h.t.HelmChartContainer - [K3S] [replica_set.go:679] "Finished syncing" kind="ReplicaSet" key="kube-system/local-path-provisioner-698b58967b" duration="58.088µs"
2025-01-29 13:37:38,806 INFO c.h.h.t.HelmChartContainer - [K3S] [reconciler_common.go:251] "operationExecutor.VerifyControllerAttachedVolume started for volume \"tmp-dir\" (UniqueName: \"kubernetes.io/empty-dir/d5ad4fb7-f68f-4618-9a71-d17ea48bf899-tmp-dir\") pod \"metrics-server-8584b5786c-j7cgf\" (UID: \"d5ad4fb7-f68f-4618-9a71-d17ea48bf899\") " pod="kube-system/metrics-server-8584b5786c-j7cgf"
2025-01-29 13:37:38,806 INFO c.h.h.t.HelmChartContainer - [K3S] [reconciler_common.go:251] "operationExecutor.VerifyControllerAttachedVolume started for volume \"kube-api-access-zfg4l\" (UniqueName: \"kubernetes.io/projected/d5ad4fb7-f68f-4618-9a71-d17ea48bf899-kube-api-access-zfg4l\") pod \"metrics-server-8584b5786c-j7cgf\" (UID: \"d5ad4fb7-f68f-4618-9a71-d17ea48bf899\") " pod="kube-system/metrics-server-8584b5786c-j7cgf"
2025-01-29 13:37:38,806 INFO c.h.h.t.HelmChartContainer - [K3S] [reconciler_common.go:251] "operationExecutor.VerifyControllerAttachedVolume started for volume \"config-volume\" (UniqueName: \"kubernetes.io/configmap/b7ef363d-f4e4-44be-9fc5-b23371e706ca-config-volume\") pod \"coredns-ff8999cc5-z8zch\" (UID: \"b7ef363d-f4e4-44be-9fc5-b23371e706ca\") " pod="kube-system/coredns-ff8999cc5-z8zch"
2025-01-29 13:37:38,806 INFO c.h.h.t.HelmChartContainer - [K3S] [reconciler_common.go:251] "operationExecutor.VerifyControllerAttachedVolume started for volume \"custom-config-volume\" (UniqueName: \"kubernetes.io/configmap/b7ef363d-f4e4-44be-9fc5-b23371e706ca-custom-config-volume\") pod \"coredns-ff8999cc5-z8zch\" (UID: \"b7ef363d-f4e4-44be-9fc5-b23371e706ca\") " pod="kube-system/coredns-ff8999cc5-z8zch"
2025-01-29 13:37:38,807 INFO c.h.h.t.HelmChartContainer - [K3S] [reconciler_common.go:251] "operationExecutor.VerifyControllerAttachedVolume started for volume \"kube-api-access-v9czn\" (UniqueName: \"kubernetes.io/projected/b7ef363d-f4e4-44be-9fc5-b23371e706ca-kube-api-access-v9czn\") pod \"coredns-ff8999cc5-z8zch\" (UID: \"b7ef363d-f4e4-44be-9fc5-b23371e706ca\") " pod="kube-system/coredns-ff8999cc5-z8zch"
2025-01-29 13:37:38,813 INFO c.h.h.t.HelmChartContainer - [K3S] [replica_set.go:679] "Finished syncing" kind="ReplicaSet" key="kube-system/metrics-server-8584b5786c" duration="64.19µs"
2025-01-29 13:37:38,826 INFO c.h.h.t.HelmChartContainer - [K3S] [replica_set.go:679] "Finished syncing" kind="ReplicaSet" key="kube-system/coredns-ff8999cc5" duration="51.166µs"
2025-01-29 13:37:38,835 INFO c.h.h.t.HelmChartContainer - [K3S] [kube.go:146] Node controller sync successful
2025-01-29 13:37:38,836 INFO c.h.h.t.HelmChartContainer - [K3S] [vxlan.go:141] VXLAN config: VNI=1 Port=0 GBP=false Learning=false DirectRouting=false
2025-01-29 13:37:38,838 INFO c.h.h.t.HelmChartContainer - [K3S] [kube.go:636] List of node(ddd52fe05997) annotations: map[string]string{"alpha.kubernetes.io/provided-node-ip":"172.18.0.2", "k3s.io/hostname":"ddd52fe05997", "k3s.io/internal-ip":"172.18.0.2", "k3s.io/node-args":"[\"server\",\"--etcd-arg\",\"unsafe-no-fsync\",\"--etcd-arg\",\"snapshot-count=10000\",\"--etcd-arg\",\"auto-compaction-mode=revision\",\"--etcd-arg\",\"auto-compaction-retention=1000000\",\"--kube-apiserver-arg\",\"etcd-compaction-interval=0s\",\"--disable\",\"traefik\",\"--tls-san\",\"localhost\"]", "k3s.io/node-config-hash":"2QNNT5M5XUBFOLO5XPGEVGOM5UDLHHTIVMSRUPAUHE5DU3HUYQUQ====", "k3s.io/node-env":"{}", "node.alpha.kubernetes.io/ttl":"0", "volumes.kubernetes.io/controller-managed-attach-detach":"true"}
2025-01-29 13:37:38,844 INFO c.h.h.t.HelmChartContainer - [K3S] [kube.go:490] Creating the node lease for IPv4. This is the n.Spec.PodCIDRs: [10.42.0.0/24]
2025-01-29 13:37:38,844 INFO c.h.h.t.HelmChartContainer - [K3S] [range_allocator.go:247] "Successfully synced" key="ddd52fe05997"
2025-01-29 13:37:38,845 INFO c.h.h.t.HelmChartContainer - [K3S] [iptables.go:51] Starting flannel in iptables mode...
2025-01-29 13:37:38,846 INFO c.h.h.t.HelmChartContainer - [K3S] [WARNING] no subnet found for key: FLANNEL_NETWORK in file: /run/flannel/subnet.env
2025-01-29 13:37:38,846 INFO c.h.h.t.HelmChartContainer - [K3S] [WARNING] no subnet found for key: FLANNEL_SUBNET in file: /run/flannel/subnet.env
2025-01-29 13:37:38,846 INFO c.h.h.t.HelmChartContainer - [K3S] [WARNING] no subnet found for key: FLANNEL_IPV6_NETWORK in file: /run/flannel/subnet.env
2025-01-29 13:37:38,846 INFO c.h.h.t.HelmChartContainer - [K3S] [WARNING] no subnet found for key: FLANNEL_IPV6_SUBNET in file: /run/flannel/subnet.env
2025-01-29 13:37:38,846 INFO c.h.h.t.HelmChartContainer - [K3S] [iptables.go:115] Current network or subnet (10.42.0.0/16, 10.42.0.0/24) is not equal to previous one (0.0.0.0/0, 0.0.0.0/0), trying to recycle old iptables rules
2025-01-29 13:37:38,859 INFO c.h.h.t.HelmChartContainer - [K3S] [iptables.go:125] Setting up masking rules
2025-01-29 13:37:38,861 INFO c.h.h.t.HelmChartContainer - [K3S] [iptables.go:226] Changing default FORWARD chain policy to ACCEPT
2025-01-29 13:37:38,863 INFO c.h.h.t.HelmChartContainer - [K3S] [INFO] Wrote flannel subnet file to /run/flannel/subnet.env
2025-01-29 13:37:38,864 INFO c.h.h.t.HelmChartContainer - [K3S] [INFO] Running flannel backend.
2025-01-29 13:37:38,865 INFO c.h.h.t.HelmChartContainer - [K3S] [vxlan_network.go:65] watching for new subnet leases
2025-01-29 13:37:38,879 INFO c.h.h.t.HelmChartContainer - [K3S] [iptables.go:372] bootstrap done
2025-01-29 13:37:38,885 INFO c.h.h.t.HelmChartContainer - [K3S] [iptables.go:372] bootstrap done
2025-01-29 13:37:39,531 INFO c.h.h.t.HelmChartContainer - [K3S] [handler_proxy.go:99] no RequestInfo found in the context
2025-01-29 13:37:39,531 INFO c.h.h.t.HelmChartContainer - [K3S] [handler_proxy.go:99] no RequestInfo found in the context
2025-01-29 13:37:39,531 INFO c.h.h.t.HelmChartContainer - [K3S] [controller.go:102] "Unhandled Error" err=<
2025-01-29 13:37:39,531 INFO c.h.h.t.HelmChartContainer - [K3S] 	, Header: map[Content-Type:[text/plain; charset=utf-8] X-Content-Type-Options:[nosniff]]
2025-01-29 13:37:39,531 INFO c.h.h.t.HelmChartContainer - [K3S]  >
2025-01-29 13:37:42,336 INFO c.h.h.t.HelmChartContainer - [K3S] [replica_set.go:679] "Finished syncing" kind="ReplicaSet" key="kube-system/coredns-ff8999cc5" duration="48.741µs"
2025-01-29 13:37:42,373 INFO c.h.h.t.HelmChartContainer - [K3S] [replica_set.go:679] "Finished syncing" kind="ReplicaSet" key="kube-system/coredns-ff8999cc5" duration="19.812978ms"
2025-01-29 13:37:42,380 INFO c.h.h.t.HelmChartContainer - [K3S] [replica_set.go:679] "Finished syncing" kind="ReplicaSet" key="kube-system/coredns-ff8999cc5" duration="29.846µs"
2025-01-29 13:37:42,387 INFO c.h.h.t.HelmChartContainer - [K3S] [replica_set.go:679] "Finished syncing" kind="ReplicaSet" key="kube-system/local-path-provisioner-698b58967b" duration="19.761361ms"
2025-01-29 13:37:42,388 INFO c.h.h.t.HelmChartContainer - [K3S] [replica_set.go:679] "Finished syncing" kind="ReplicaSet" key="kube-system/local-path-provisioner-698b58967b" duration="22.913µs"
2025-01-29 13:37:42,415 INFO c.h.h.t.HelmChartContainer - [K3S] [replica_set.go:679] "Finished syncing" kind="ReplicaSet" key="kube-system/metrics-server-8584b5786c" duration="36.869µs"
2025-01-29 13:37:43,171 DEBUG c.h.h.t.HelmChartContainer - Image file loaded 'hivemq-platform-operator.tar'
2025-01-29 13:37:43,453 INFO c.h.h.t.HelmChartContainer - [K3S] [kuberuntime_manager.go:1702] "Updating runtime config through cri with podcidr" CIDR="10.42.0.0/24"
2025-01-29 13:37:43,453 INFO c.h.h.t.HelmChartContainer - [K3S] [kubelet_network.go:61] "Updating Pod CIDR" originalPodCIDR="" newPodCIDR="10.42.0.0/24"
2025-01-29 13:37:43,466 INFO c.h.h.t.HelmChartContainer - [K3S] [range_allocator.go:247] "Successfully synced" key="ddd52fe05997"
2025-01-29 13:37:43,683 DEBUG c.h.h.t.HelmChartContainer - Image file loaded 'hivemq-platform-operator-init.tar'
2025-01-29 13:37:49,330 DEBUG c.h.h.t.HelmChartContainer - Image file loaded 'hivemq-platform.tar'
2025-01-29 13:37:49,330 DEBUG c.h.h.t.HelmChartContainer - Successful Helm chart Container startup
2025-01-29 13:37:49,337 INFO t.localhost/testcontainers/348ssmiryqlep84m:latest - Container localhost/testcontainers/348ssmiryqlep84m:latest started in PT21.315307774S
2025-01-29 13:37:49,347 DEBUG c.h.h.t.HelmChartContainer - Executing helm command: /bin/helm --kubeconfig /etc/rancher/k3s/k3s.yaml repo add hivemq https://hivemq.github.io/helm-charts
2025-01-29 13:37:50,704 INFO c.h.h.t.HelmChartContainer - [EVENT] Normal [Starting] Starting kubelet. [null:ddd52fe05997]
2025-01-29 13:37:50,707 INFO c.h.h.t.HelmChartContainer - Saved kubeconfig file on /tmp/kubeconfig-9704914634463486555.yaml
2025-01-29 13:37:50,707 INFO c.h.h.t.HelmChartContainer - HelmChartContainer is started
2025-01-29 13:37:50,707 INFO c.h.h.t.HelmChartContainer - [EVENT] Normal [NodeHasSufficientMemory] Node ddd52fe05997 status is now: NodeHasSufficientMemory [null:ddd52fe05997]
2025-01-29 13:37:50,709 INFO c.h.h.t.HelmChartContainer - [EVENT] Normal [NodeHasNoDiskPressure] Node ddd52fe05997 status is now: NodeHasNoDiskPressure [null:ddd52fe05997]
2025-01-29 13:37:50,709 INFO c.h.h.t.HelmChartContainer - [EVENT] Normal [NodeHasSufficientPID] Node ddd52fe05997 status is now: NodeHasSufficientPID [null:ddd52fe05997]
2025-01-29 13:37:50,713 INFO c.h.h.t.HelmChartContainer - [EVENT] Normal [NodeAllocatableEnforced] Updated Node Allocatable limit across pods [null:ddd52fe05997]
2025-01-29 13:37:50,714 INFO c.h.h.t.HelmChartContainer - [EVENT] Normal [NodeReady] Node ddd52fe05997 status is now: NodeReady [null:ddd52fe05997]
2025-01-29 13:37:50,716 INFO c.h.h.t.HelmChartContainer - [EVENT] Normal [NodePasswordValidationComplete] Deferred node password secret validation complete [null:ddd52fe05997]
2025-01-29 13:37:50,716 INFO c.h.h.t.HelmChartContainer - [EVENT] Normal [Synced] Node synced successfully [null:ddd52fe05997]
2025-01-29 13:37:50,717 INFO c.h.h.t.HelmChartContainer - [EVENT] Normal [RegisteredNode] Node ddd52fe05997 event: Registered Node ddd52fe05997 in Controller [null:ddd52fe05997]
2025-01-29 13:37:50,719 INFO c.h.h.t.HelmChartContainer - [EVENT] Normal [CIDRAssignmentFailed] Node ddd52fe05997 status is now: CIDRAssignmentFailed [null:ddd52fe05997]
]]></system-out>
  <system-err><![CDATA[]]></system-err>
</testsuite>
