<?xml version="1.0" encoding="UTF-8"?>
<testsuite name="com.hivemq.helmcharts.extensions.HelmDataHubIT" tests="1" skipped="0" failures="0" errors="0" timestamp="2025-02-27T17:36:25" hostname="fv-az807-450" time="96.707">
  <properties/>
  <testcase name="withDataHubEnabled_messagesValidated()" classname="com.hivemq.helmcharts.extensions.HelmDataHubIT" time="96.707"/>
</testsuite>
