<?xml version="1.0" encoding="UTF-8"?>
<testsuite name="com.hivemq.helmcharts.platform.HelmPlatformMutualTlsIT" tests="1" skipped="0" failures="0" errors="0" timestamp="2025-08-08T15:39:37" hostname="pkrvmjbmru5nbw0" time="102.028">
  <properties/>
  <testcase name="withMutualTls_hivemqRunning()" classname="com.hivemq.helmcharts.platform.HelmPlatformMutualTlsIT" time="102.028"/>
</testsuite>
