<?xml version="1.0" encoding="UTF-8"?>
<testsuite name="com.hivemq.helmcharts.migration.HelmLegacyStatefulSetMigrationIT" tests="1" skipped="1" failures="0" errors="0" timestamp="2025-07-30T14:07:07" hostname="pkrvmjbmru5nbw0" time="0.0">
  <properties/>
  <testcase name="migrateToCurrentPlatformOperator()" classname="com.hivemq.helmcharts.migration.HelmLegacyStatefulSetMigrationIT" time="0.0">
    <skipped/>
  </testcase>
</testsuite>
