<?xml version="1.0" encoding="UTF-8"?>
<testsuite name="com.hivemq.helmcharts.securitycontext.HelmContainerSecurityContextUpgradePlatformIT" tests="2" skipped="0" failures="0" errors="0" timestamp="2025-01-31T21:31:43" hostname="fv-az2023-252" time="455.617">
  <properties/>
  <testcase name="Operator values: (UID=0, GID=0, valuesFile='/files/operator-container-security-context-root-user-values.yaml') and Platform values: (UID=0, GID=0, valuesFile='/files/platform-container-security-context-root-user-values.yaml')" classname="com.hivemq.helmcharts.securitycontext.HelmContainerSecurityContextUpgradePlatformIT" time="226.437"/>
  <testcase name="Operator values: (UID=185, GID=0, valuesFile='/files/operator-container-security-context-non-root-user-values.yaml') and Platform values: (UID=10000, GID=0, valuesFile='/files/platform-container-security-context-non-root-user-values.yaml')" classname="com.hivemq.helmcharts.securitycontext.HelmContainerSecurityContextUpgradePlatformIT" time="229.179"/>
</testsuite>
