<?xml version="1.0" encoding="UTF-8"?>
<testsuite name="com.hivemq.helmcharts.platform.HelmPlatformInstallIT" tests="1" skipped="0" failures="0" errors="0" timestamp="2025-03-26T09:15:45" hostname="fv-az1441-512" time="95.71">
  <properties/>
  <testcase name="withLocalCharts_hivemqRunning()" classname="com.hivemq.helmcharts.platform.HelmPlatformInstallIT" time="95.71"/>
</testsuite>
