<?xml version="1.0" encoding="UTF-8"?>
<testsuite name="com.hivemq.helmcharts.StatefulSetRollingUpgradeIT" tests="1" skipped="0" failures="0" errors="0" timestamp="2025-05-31T00:37:10" hostname="fv-az1046-413" time="150.726">
  <properties/>
  <testcase name="withStatefulSet_RollingUpgrade()" classname="com.hivemq.helmcharts.StatefulSetRollingUpgradeIT" time="150.726"/>
</testsuite>
