<?xml version="1.0" encoding="UTF-8"?>
<testsuite name="com.hivemq.helmcharts.services.HelmMetricsServiceIT" tests="2" skipped="0" failures="0" errors="0" timestamp="2025-01-30T18:16:43" hostname="fv-az1781-556" time="185.12">
  <properties/>
  <testcase name="platformChart_withCustomServiceName_thenMetricsAvailable()" classname="com.hivemq.helmcharts.services.HelmMetricsServiceIT" time="87.939">
    <system-out><![CDATA[2025-01-30 18:16:43,819 INFO c.h.h.t.HelmChartContainer - Creating namespace 'helmmetricsserviceit-operator'...
2025-01-30 18:16:43,825 INFO c.h.h.t.HelmChartContainer - Namespace 'helmmetricsserviceit-operator' created
2025-01-30 18:16:43,825 INFO c.h.h.t.HelmChartContainer - Creating namespace 'helmmetricsserviceit'...
2025-01-30 18:16:43,831 INFO c.h.h.t.HelmChartContainer - Namespace 'helmmetricsserviceit' created
2025-01-30 18:16:43,894 DEBUG c.h.h.t.HelmChartContainer - Executing helm command: /bin/helm --kubeconfig /etc/rancher/k3s/k3s.yaml install test-hivemq-platform-operator /charts/hivemq-platform-operator --wait --timeout 5m0s --set image.repository=docker.io/hivemq --set image.name=hivemq-platform-operator-test --set image.initImageName=hivemq-platform-operator-init-test --set image.tag=snapshot --set image.pullPolicy=Never --set logLevel=DEBUG --set resources.cpu=512m --namespace helmmetricsserviceit-operator
2025-01-30 18:16:44,180 INFO c.h.h.t.HelmChartContainer - [K3S] [alloc.go:330] "allocated clusterIPs" service="helmmetricsserviceit-operator/hivemq-platform-operator-test-hivemq-platform-operator" clusterIPs={"IPv4":"10.43.179.35"}
2025-01-30 18:16:44,192 INFO c.h.h.t.HelmChartContainer - [EVENT] Normal [ScalingReplicaSet] Scaled up replica set hivemq-test-hivemq-platform-operator-6966f96d65 from 0 to 1 [helmmetricsserviceit-operator:hivemq-test-hivemq-platform-operator]
2025-01-30 18:16:44,198 INFO c.h.h.t.HelmChartContainer - [POD] hivemq-test-hivemq-platform-operator-6966f96d65-bxqs5 [353d8322-11e9-4c31-9668-0ee7adea4e99] in helmmetricsserviceit-operator was ADDED
2025-01-30 18:16:44,203 INFO c.h.h.t.HelmChartContainer - [EVENT] Normal [SuccessfulCreate] Created pod: hivemq-test-hivemq-platform-operator-6966f96d65-bxqs5 [helmmetricsserviceit-operator:hivemq-test-hivemq-platform-operator-6966f96d65]
2025-01-30 18:16:44,207 INFO c.h.h.t.HelmChartContainer - [POD] hivemq-test-hivemq-platform-operator-6966f96d65-bxqs5 [353d8322-11e9-4c31-9668-0ee7adea4e99] in helmmetricsserviceit-operator was MODIFIED
2025-01-30 18:16:44,207 INFO c.h.h.t.HelmChartContainer - [K3S] [memory_manager.go:355] "RemoveStaleState removing state" podUID="c7802c56-7071-46af-b5e0-b2cb69a23dc9" containerName="hivemq-platform-operator"
2025-01-30 18:16:44,208 INFO c.h.h.t.HelmChartContainer - [K3S] [memory_manager.go:355] "RemoveStaleState removing state" podUID="b9a3c227-0f4d-45b0-bae2-dfe7348b8308" containerName="hivemq"
2025-01-30 18:16:44,208 INFO c.h.h.t.HelmChartContainer - [K3S] [replica_set.go:679] "Finished syncing" kind="ReplicaSet" key="helmmetricsserviceit-operator/hivemq-test-hivemq-platform-operator-6966f96d65" duration="17.421422ms"
2025-01-30 18:16:44,215 INFO c.h.h.t.HelmChartContainer - [K3S] [replica_set.go:679] "Finished syncing" kind="ReplicaSet" key="helmmetricsserviceit-operator/hivemq-test-hivemq-platform-operator-6966f96d65" duration="8.223024ms"
2025-01-30 18:16:44,215 INFO c.h.h.t.HelmChartContainer - [K3S] [replica_set.go:679] "Finished syncing" kind="ReplicaSet" key="helmmetricsserviceit-operator/hivemq-test-hivemq-platform-operator-6966f96d65" duration="32.411µs"
2025-01-30 18:16:44,215 INFO c.h.h.t.HelmChartContainer - [EVENT] Normal [Scheduled] Successfully assigned helmmetricsserviceit-operator/hivemq-test-hivemq-platform-operator-6966f96d65-bxqs5 to 874cc17c0b8f [helmmetricsserviceit-operator:hivemq-test-hivemq-platform-operator-6966f96d65-bxqs5]
2025-01-30 18:16:44,219 INFO c.h.h.t.HelmChartContainer - [K3S] [replica_set.go:679] "Finished syncing" kind="ReplicaSet" key="helmmetricsserviceit-operator/hivemq-test-hivemq-platform-operator-6966f96d65" duration="36.529µs"
2025-01-30 18:16:44,221 INFO c.h.h.t.HelmChartContainer - [POD] hivemq-test-hivemq-platform-operator-6966f96d65-bxqs5 [353d8322-11e9-4c31-9668-0ee7adea4e99] in helmmetricsserviceit-operator was MODIFIED
2025-01-30 18:16:44,291 INFO c.h.h.t.HelmChartContainer - [K3S] [reconciler_common.go:251] "operationExecutor.VerifyControllerAttachedVolume started for volume \"kube-api-access-t5j44\" (UniqueName: \"kubernetes.io/projected/353d8322-11e9-4c31-9668-0ee7adea4e99-kube-api-access-t5j44\") pod \"hivemq-test-hivemq-platform-operator-6966f96d65-bxqs5\" (UID: \"353d8322-11e9-4c31-9668-0ee7adea4e99\") " pod="helmmetricsserviceit-operator/hivemq-test-hivemq-platform-operator-6966f96d65-bxqs5"
2025-01-30 18:16:44,600 INFO c.h.h.t.HelmChartContainer - [EVENT] Normal [Pulled] Container image "docker.io/hivemq/hivemq-platform-operator-test:snapshot" already present on machine [helmmetricsserviceit-operator:hivemq-test-hivemq-platform-operator-6966f96d65-bxqs5]
2025-01-30 18:16:44,600 INFO c.h.h.t.HelmChartContainer - Received Pulled event for container hivemq-platform-operator in pod hivemq-test-hivemq-platform-operator-6966f96d65-bxqs5 [353d8322-11e9-4c31-9668-0ee7adea4e99]
2025-01-30 18:16:45,832 INFO c.h.h.t.HelmChartContainer - [EVENT] Normal [Created] Created container: hivemq-platform-operator [helmmetricsserviceit-operator:hivemq-test-hivemq-platform-operator-6966f96d65-bxqs5]
2025-01-30 18:16:45,832 INFO c.h.h.t.HelmChartContainer - Received Created event for container hivemq-platform-operator in pod hivemq-test-hivemq-platform-operator-6966f96d65-bxqs5 [353d8322-11e9-4c31-9668-0ee7adea4e99]
2025-01-30 18:16:46,722 INFO c.h.h.t.HelmChartContainer - [K3S] [replica_set.go:679] "Finished syncing" kind="ReplicaSet" key="helmmetricsserviceit-operator/hivemq-test-hivemq-platform-operator-6966f96d65" duration="45.546µs"
2025-01-30 18:16:46,727 INFO c.h.h.t.HelmChartContainer - [POD] hivemq-test-hivemq-platform-operator-6966f96d65-bxqs5 [353d8322-11e9-4c31-9668-0ee7adea4e99] in helmmetricsserviceit-operator was MODIFIED
2025-01-30 18:16:46,734 INFO c.h.h.t.HelmChartContainer - [EVENT] Normal [Started] Started container hivemq-platform-operator [helmmetricsserviceit-operator:hivemq-test-hivemq-platform-operator-6966f96d65-bxqs5]
2025-01-30 18:16:46,735 INFO c.h.h.t.HelmChartContainer - Received Started event for container hivemq-platform-operator in pod hivemq-test-hivemq-platform-operator-6966f96d65-bxqs5 [353d8322-11e9-4c31-9668-0ee7adea4e99]
2025-01-30 18:16:46,735 INFO c.h.h.t.HelmChartContainer - Started log watcher for hivemq-platform-operator in pod hivemq-test-hivemq-platform-operator-6966f96d65-bxqs5 [353d8322-11e9-4c31-9668-0ee7adea4e99]
2025-01-30 18:16:46,735 INFO c.h.h.t.HelmChartContainer - [hivemq-test-hivemq-platform] [hivemq-platform-operator] [353d8322] -------------------------------------------------------------------------
2025-01-30 18:16:46,736 INFO c.h.h.t.HelmChartContainer - [hivemq-test-hivemq-platform] [hivemq-platform-operator] [353d8322] 
2025-01-30 18:16:46,736 INFO c.h.h.t.HelmChartContainer - [hivemq-test-hivemq-platform] [hivemq-platform-operator] [353d8322]                   _    _  _              __  __   ____
2025-01-30 18:16:46,736 INFO c.h.h.t.HelmChartContainer - [hivemq-test-hivemq-platform] [hivemq-platform-operator] [353d8322]                  | |  | |(_)            |  \/  | / __ \
2025-01-30 18:16:46,737 INFO c.h.h.t.HelmChartContainer - [hivemq-test-hivemq-platform] [hivemq-platform-operator] [353d8322]                  | |__| | _ __   __ ___ | \  / || |  | |
2025-01-30 18:16:46,737 INFO c.h.h.t.HelmChartContainer - [hivemq-test-hivemq-platform] [hivemq-platform-operator] [353d8322]                  |  __  || |\ \ / // _ \| |\/| || |  | |
2025-01-30 18:16:46,737 INFO c.h.h.t.HelmChartContainer - [hivemq-test-hivemq-platform] [hivemq-platform-operator] [353d8322]                  | |  | || | \ V /|  __/| |  | || |__| |
2025-01-30 18:16:46,737 INFO c.h.h.t.HelmChartContainer - [hivemq-test-hivemq-platform] [hivemq-platform-operator] [353d8322]                  |_|  |_||_|  \_/  \___||_|  |_| \___\_\
2025-01-30 18:16:46,737 INFO c.h.h.t.HelmChartContainer - [hivemq-test-hivemq-platform] [hivemq-platform-operator] [353d8322] 
2025-01-30 18:16:46,737 INFO c.h.h.t.HelmChartContainer - [hivemq-test-hivemq-platform] [hivemq-platform-operator] [353d8322] -------------------------------------------------------------------------
2025-01-30 18:16:46,737 INFO c.h.h.t.HelmChartContainer - [hivemq-test-hivemq-platform] [hivemq-platform-operator] [353d8322] 
2025-01-30 18:16:46,737 INFO c.h.h.t.HelmChartContainer - [hivemq-test-hivemq-platform] [hivemq-platform-operator] [353d8322]   HiveMQ Platform Operator Start Script v1.0
2025-01-30 18:16:46,737 INFO c.h.h.t.HelmChartContainer - [hivemq-test-hivemq-platform] [hivemq-platform-operator] [353d8322] 
2025-01-30 18:16:46,737 INFO c.h.h.t.HelmChartContainer - [hivemq-test-hivemq-platform] [hivemq-platform-operator] [353d8322] -------------------------------------------------------------------------
2025-01-30 18:16:46,737 INFO c.h.h.t.HelmChartContainer - [hivemq-test-hivemq-platform] [hivemq-platform-operator] [353d8322] 
2025-01-30 18:16:46,737 INFO c.h.h.t.HelmChartContainer - [hivemq-test-hivemq-platform] [hivemq-platform-operator] [353d8322]   JAVA_OPTS: -XX:+UnlockExperimentalVMOptions -XX:InitialRAMPercentage=75 -XX:MaxRAMPercentage=75 -Duser.language=en -Duser.region=US
2025-01-30 18:16:46,737 INFO c.h.h.t.HelmChartContainer - [hivemq-test-hivemq-platform] [hivemq-platform-operator] [353d8322] 
2025-01-30 18:16:46,737 INFO c.h.h.t.HelmChartContainer - [hivemq-test-hivemq-platform] [hivemq-platform-operator] [353d8322]   JAVA_VERSION: 21
2025-01-30 18:16:46,737 INFO c.h.h.t.HelmChartContainer - [hivemq-test-hivemq-platform] [hivemq-platform-operator] [353d8322] 
2025-01-30 18:16:46,737 INFO c.h.h.t.HelmChartContainer - [hivemq-test-hivemq-platform] [hivemq-platform-operator] [353d8322] -------------------------------------------------------------------------
2025-01-30 18:16:46,737 INFO c.h.h.t.HelmChartContainer - [hivemq-test-hivemq-platform] [hivemq-platform-operator] [353d8322] 
2025-01-30 18:16:49,176 INFO c.h.h.t.HelmChartContainer - [hivemq-test-hivemq-platform] [hivemq-platform-operator] [353d8322] 18:16:49.173 [main] DEBUG org.jboss.logging - Logging Provider: org.jboss.logging.Slf4jLoggerProvider
2025-01-30 18:16:49,343 INFO c.h.h.t.HelmChartContainer - [hivemq-test-hivemq-platform] [hivemq-platform-operator] [353d8322] 18:16:49.342 [main] DEBUG io.smallrye.config - SRCFG01006: Loaded ConfigSource SysPropConfigSource with ordinal 400
2025-01-30 18:16:49,344 INFO c.h.h.t.HelmChartContainer - [hivemq-test-hivemq-platform] [hivemq-platform-operator] [353d8322] 18:16:49.343 [main] DEBUG io.smallrye.config - SRCFG01006: Loaded ConfigSource EnvConfigSource with ordinal 300
2025-01-30 18:16:49,344 INFO c.h.h.t.HelmChartContainer - [hivemq-test-hivemq-platform] [hivemq-platform-operator] [353d8322] 18:16:49.343 [main] DEBUG io.smallrye.config - SRCFG01006: Loaded ConfigSource PropertiesConfigSource[source=jar:file:///opt/hivemq-platform-operator/bin/hivemq-platform-operator.jar!/hivemq-platform-operator.properties] with ordinal 100
2025-01-30 18:16:49,344 INFO c.h.h.t.HelmChartContainer - [hivemq-test-hivemq-platform] [hivemq-platform-operator] [353d8322] 18:16:49.343 [main] DEBUG io.smallrye.config - SRCFG01006: Loaded ConfigSource DefaultValuesConfigSource with ordinal -2147483648
2025-01-30 18:16:49,443 INFO c.h.h.t.HelmChartContainer - [hivemq-test-hivemq-platform] [hivemq-platform-operator] [353d8322] 18:16:49.442 [main] DEBUG i.m.c.u.i.l.InternalLoggerFactory - Using SLF4J as the default logging framework
2025-01-30 18:16:49,572 INFO c.h.h.t.HelmChartContainer - [hivemq-test-hivemq-platform] [hivemq-platform-operator] [353d8322] 18:16:49.546 [main] INFO  c.h.p.o.HiveMQPlatformOperatorApplication - HiveMQ Platform Operator 1.7.0-SNAPSHOT (commit: 47e3375 on branch: HEAD) built on Thu Jan 30 03:55:50 UTC 2025
2025-01-30 18:16:49,572 INFO c.h.h.t.HelmChartContainer - [hivemq-test-hivemq-platform] [hivemq-platform-operator] [353d8322] 18:16:49.571 [main] INFO  c.h.p.o.HiveMQPlatformOperatorApplication - HiveMQ Platform Operator is running in namespace: helmmetricsserviceit-operator
2025-01-30 18:16:49,572 INFO c.h.h.t.HelmChartContainer - [hivemq-test-hivemq-platform] [hivemq-platform-operator] [353d8322] 18:16:49.571 [main] INFO  c.h.p.o.HiveMQPlatformOperatorApplication - Watching all namespaces
2025-01-30 18:16:49,572 INFO c.h.h.t.HelmChartContainer - [hivemq-test-hivemq-platform] [hivemq-platform-operator] [353d8322] 18:16:49.571 [main] INFO  c.h.p.o.HiveMQPlatformOperatorApplication - Log level: DEBUG
2025-01-30 18:16:49,572 INFO c.h.h.t.HelmChartContainer - [hivemq-test-hivemq-platform] [hivemq-platform-operator] [353d8322] 18:16:49.571 [main] INFO  c.h.p.o.HiveMQPlatformOperatorApplication - Release name: test-hivemq-platform-operator
2025-01-30 18:16:49,572 INFO c.h.h.t.HelmChartContainer - [hivemq-test-hivemq-platform] [hivemq-platform-operator] [353d8322] 18:16:49.571 [main] INFO  c.h.p.o.HiveMQPlatformOperatorApplication - HiveMQ Platform Operator Init image: docker.io/hivemq/hivemq-platform-operator-init-test:snapshot
2025-01-30 18:16:49,572 INFO c.h.h.t.HelmChartContainer - [hivemq-test-hivemq-platform] [hivemq-platform-operator] [353d8322] 18:16:49.571 [main] INFO  c.h.p.o.HiveMQPlatformOperatorApplication - HiveMQ Platform Operator Init App update URL: http://hivemq-platform-operator-test-hivemq-platform-operator.helmmetricsserviceit-operator.svc:8080/initAppUpdate/hivemq-platform-operator-init-app-1.7.0-SNAPSHOT.jar
2025-01-30 18:16:49,573 INFO c.h.h.t.HelmChartContainer - [hivemq-test-hivemq-platform] [hivemq-platform-operator] [353d8322] 18:16:49.571 [main] INFO  c.h.p.o.HiveMQPlatformOperatorApplication - Additional imagePullSecret for all Platform deployments: none
2025-01-30 18:16:49,573 INFO c.h.h.t.HelmChartContainer - [hivemq-test-hivemq-platform] [hivemq-platform-operator] [353d8322] 18:16:49.571 [main] INFO  c.h.p.o.HiveMQPlatformOperatorApplication - Apply HiveMQ Platform CRD: true
2025-01-30 18:16:49,573 INFO c.h.h.t.HelmChartContainer - [hivemq-test-hivemq-platform] [hivemq-platform-operator] [353d8322] 18:16:49.571 [main] INFO  c.h.p.o.HiveMQPlatformOperatorApplication - Create Platform ServiceAccount: true
2025-01-30 18:16:49,573 INFO c.h.h.t.HelmChartContainer - [hivemq-test-hivemq-platform] [hivemq-platform-operator] [353d8322] 18:16:49.571 [main] INFO  c.h.p.o.HiveMQPlatformOperatorApplication - Create Platform ServiceAccount permissions: true
2025-01-30 18:16:49,573 INFO c.h.h.t.HelmChartContainer - [hivemq-test-hivemq-platform] [hivemq-platform-operator] [353d8322] 18:16:49.571 [main] INFO  c.h.p.o.HiveMQPlatformOperatorApplication - Validate Platform ServiceAccount: true
2025-01-30 18:16:49,573 INFO c.h.h.t.HelmChartContainer - [hivemq-test-hivemq-platform] [hivemq-platform-operator] [353d8322] 18:16:49.571 [main] INFO  c.h.p.o.HiveMQPlatformOperatorApplication - Validate Platform ServiceAccount permissions: true
2025-01-30 18:16:49,766 INFO c.h.h.t.HelmChartContainer - [hivemq-test-hivemq-platform] [hivemq-platform-operator] [353d8322] 18:16:49.765 [main] INFO  c.h.platform.operator.util.CRDUtil - Verifying deployed HiveMQ Platform CRD...
2025-01-30 18:16:52,144 INFO c.h.h.t.HelmChartContainer - [hivemq-test-hivemq-platform] [hivemq-platform-operator] [353d8322] 18:16:52.142 [main] DEBUG c.h.platform.operator.util.CRDUtil - HiveMQ Platform CRD version v1 is up to date
2025-01-30 18:16:52,144 INFO c.h.h.t.HelmChartContainer - [hivemq-test-hivemq-platform] [hivemq-platform-operator] [353d8322] 18:16:52.142 [main] INFO  c.h.platform.operator.util.CRDUtil - HiveMQ Platform CRD is up to date (version: V1_6_0)
2025-01-30 18:16:52,144 INFO c.h.h.t.HelmChartContainer - [hivemq-test-hivemq-platform] [hivemq-platform-operator] [353d8322] 18:16:52.142 [main] INFO  c.h.platform.operator.util.CRDUtil - Waiting 10000 ms for HiveMQ Platform CRD 'hivemq-platforms.hivemq.com' to become ready...
2025-01-30 18:16:52,372 INFO c.h.h.t.HelmChartContainer - [hivemq-test-hivemq-platform] [hivemq-platform-operator] [353d8322] 18:16:52.370 [vert.x-eventloop-thread-1] DEBUG c.h.platform.operator.util.CRDUtil - Checking CRD condition 'NamesAccepted' (status: 'True')
2025-01-30 18:16:52,372 INFO c.h.h.t.HelmChartContainer - [hivemq-test-hivemq-platform] [hivemq-platform-operator] [353d8322] 18:16:52.371 [vert.x-eventloop-thread-1] DEBUG c.h.platform.operator.util.CRDUtil - Checking CRD condition 'Established' (status: 'True')
2025-01-30 18:16:52,372 INFO c.h.h.t.HelmChartContainer - [hivemq-test-hivemq-platform] [hivemq-platform-operator] [353d8322] 18:16:52.371 [main] INFO  c.h.platform.operator.util.CRDUtil - HiveMQ Platform CRD 'hivemq-platforms.hivemq.com' is ready
2025-01-30 18:16:52,567 INFO c.h.h.t.HelmChartContainer - [hivemq-test-hivemq-platform] [hivemq-platform-operator] [353d8322] 18:16:52.566 [main] INFO  c.h.p.o.HiveMQPlatformReconciler - HiveMQ Platform Operator is starting...
2025-01-30 18:16:52,668 INFO c.h.h.t.HelmChartContainer - [hivemq-test-hivemq-platform] [hivemq-platform-operator] [353d8322] 18:16:52.667 [main] WARN  Default ConfigurationService implementation - Configuration for reconciler 'hivemq-controller' was not found. Known reconcilers: None.
2025-01-30 18:16:52,676 INFO c.h.h.t.HelmChartContainer - [hivemq-test-hivemq-platform] [hivemq-platform-operator] [353d8322] 18:16:52.675 [main] INFO  Default ConfigurationService implementation - Created configuration for reconciler com.hivemq.platform.operator.HiveMQPlatformReconciler with name hivemq-controller
2025-01-30 18:16:52,846 INFO c.h.h.t.HelmChartContainer - [hivemq-test-hivemq-platform] [hivemq-platform-operator] [353d8322] 18:16:52.845 [main] DEBUG c.h.p.o.HiveMQPlatformReconciler - HiveMQ Platform Operator is preparing EventSources
2025-01-30 18:16:52,870 INFO c.h.h.t.HelmChartContainer - [hivemq-test-hivemq-platform] [hivemq-platform-operator] [353d8322] 18:16:52.869 [main] INFO  i.javaoperatorsdk.operator.Operator - Registered reconciler: 'hivemq-controller' for resource: 'class com.hivemq.platform.operator.v1.HiveMQPlatform' for namespace(s): [all namespaces]
2025-01-30 18:16:53,471 INFO c.h.h.t.HelmChartContainer - [hivemq-test-hivemq-platform] [hivemq-platform-operator] [353d8322] 18:16:53.470 [main] INFO  c.h.p.operator.webserver.JettyServer - Starting Jetty server on port 8080
2025-01-30 18:16:53,568 INFO c.h.h.t.HelmChartContainer - [hivemq-test-hivemq-platform] [hivemq-platform-operator] [353d8322] 18:16:53.567 [main] INFO  i.javaoperatorsdk.operator.Operator - Operator SDK 4.9.7 (commit: 2133d28) built on Wed Nov 20 12:56:20 UTC 2024 starting...
2025-01-30 18:16:53,568 INFO c.h.h.t.HelmChartContainer - [hivemq-test-hivemq-platform] [hivemq-platform-operator] [353d8322] 18:16:53.567 [main] INFO  i.javaoperatorsdk.operator.Operator - Client version: 6.13.5
2025-01-30 18:16:53,570 INFO c.h.h.t.HelmChartContainer - [hivemq-test-hivemq-platform] [hivemq-platform-operator] [353d8322] 18:16:53.569 [Controller Starter for: hivemq-controller] INFO  i.j.operator.processing.Controller - Starting 'hivemq-controller' controller for reconciler: com.hivemq.platform.operator.HiveMQPlatformReconciler, resource: com.hivemq.platform.operator.v1.HiveMQPlatform
2025-01-30 18:16:55,942 INFO c.h.h.t.HelmChartContainer - [hivemq-test-hivemq-platform] [hivemq-platform-operator] [353d8322] 18:16:55.940 [Controller Starter for: hivemq-controller] INFO  i.j.operator.processing.Controller - 'hivemq-controller' controller started
2025-01-30 18:16:55,942 INFO c.h.h.t.HelmChartContainer - [hivemq-test-hivemq-platform] [hivemq-platform-operator] [353d8322] 18:16:55.941 [main] INFO  c.h.p.o.HiveMQPlatformOperatorApplication - HiveMQ Platform Operator 1.7.0-SNAPSHOT started in 6394 ms
2025-01-30 18:16:57,728 INFO c.h.h.t.HelmChartContainer - [POD] hivemq-test-hivemq-platform-operator-6966f96d65-bxqs5 [353d8322-11e9-4c31-9668-0ee7adea4e99] in helmmetricsserviceit-operator was MODIFIED
2025-01-30 18:16:57,738 INFO c.h.h.t.HelmChartContainer - [K3S] [replica_set.go:679] "Finished syncing" kind="ReplicaSet" key="helmmetricsserviceit-operator/hivemq-test-hivemq-platform-operator-6966f96d65" duration="9.548248ms"
2025-01-30 18:16:57,739 INFO c.h.h.t.HelmChartContainer - [K3S] [replica_set.go:679] "Finished syncing" kind="ReplicaSet" key="helmmetricsserviceit-operator/hivemq-test-hivemq-platform-operator-6966f96d65" duration="38.121µs"
2025-01-30 18:16:58,315 DEBUG c.h.h.t.HelmChartContainer - Executing helm command: /bin/helm --kubeconfig /etc/rancher/k3s/k3s.yaml install test-hivemq-platform /charts/hivemq-platform --wait --timeout 5m0s --set image.repository=docker.io/hivemq --set image.tag=4.36.0 --set image.pullPolicy=Never --set nodes.resources.cpu=512m -f /files/custom-service-names-values.yaml --namespace helmmetricsserviceit
2025-01-30 18:16:58,575 INFO c.h.h.t.HelmChartContainer - [hivemq-test-hivemq-platform] [hivemq-platform-operator] [353d8322] 18:16:58.572 [-2082509879-pool-1-thread-3] WARN  i.m.p.PrometheusMeterRegistry - The meter (MeterId{name='operator.sdk.events.received', tags=[tag(action=ADDED),tag(event=ResourceEvent),tag(group=hivemq.com),tag(kind=HiveMQPlatform),tag(name=test-hivemq-platform),tag(namespace=helmmetricsserviceit),tag(scope=namespace),tag(version=v1)]}) registration has failed: Prometheus requires that all meters with the same name have the same set of tag keys. There is already an existing meter named 'operator.sdk.events.received' containing tag keys [event, group, kind, name, namespace, scope, version]. The meter you are attempting to register has keys [action, event, group, kind, name, namespace, scope, version]. Note that subsequent logs will be logged at debug level.
2025-01-30 18:16:59,049 INFO c.h.h.t.HelmChartContainer - [hivemq-test-hivemq-platform] [hivemq-platform-operator] [353d8322] 18:16:59.048 [pool-6-thread-3] DEBUG c.h.p.o.dependants.PodInfoConfigMap - [helmmetr] Desired PodInfo ConfigMap (1 extensions) (1 enabled)
2025-01-30 18:16:59,066 INFO c.h.h.t.HelmChartContainer - [hivemq-test-hivemq-platform] [hivemq-platform-operator] [353d8322] 18:16:59.065 [pool-6-thread-3] DEBUG c.h.p.o.dependants.PodInfoConfigMap - [helmmetr] Desired PodInfo ConfigMap (metrics port: 9399) (metrics path: /)
2025-01-30 18:16:59,069 INFO c.h.h.t.HelmChartContainer - [hivemq-test-hivemq-platform] [hivemq-platform-operator] [353d8322] 18:16:59.065 [pool-6-thread-3] DEBUG c.h.p.o.dependants.PodInfoConfigMap - [helmmetr] Desired PodInfo ConfigMap (extension state hash: -1817474005)
2025-01-30 18:16:59,069 INFO c.h.h.t.HelmChartContainer - [hivemq-test-hivemq-platform] [hivemq-platform-operator] [353d8322] 18:16:59.067 [pool-6-thread-3] DEBUG c.h.p.o.dependants.PodInfoConfigMap - [helmmetr] Create PodInfo ConfigMap
2025-01-30 18:16:59,173 INFO c.h.h.t.HelmChartContainer - [hivemq-test-hivemq-platform] [hivemq-platform-operator] [353d8322] 18:16:59.171 [pool-6-thread-5] DEBUG c.h.p.o.dependants.PodRoleResource - [helmmetr] Create Role: Role(apiVersion=rbac.authorization.k8s.io/v1, kind=Role, metadata=ObjectMeta(annotations={meta.helm.sh/release-name=test-hivemq-platform, meta.helm.sh/release-namespace=helmmetricsserviceit}, creationTimestamp=null, deletionGracePeriodSeconds=null, deletionTimestamp=null, finalizers=[], generateName=null, generation=null, labels={helm.sh/chart=hivemq-platform-0.2.32, app.kubernetes.io/managed-by=Helm, app.kubernetes.io/name=hivemq-platform, hivemq-platform=test-hivemq-platform, app.kubernetes.io/instance=test-hivemq-platform, app.kubernetes.io/version=4.36.0}, managedFields=[], name=hivemq-platform-role-test-hivemq-platform, namespace=helmmetricsserviceit, ownerReferences=[OwnerReference(apiVersion=hivemq.com/v1, blockOwnerDeletion=null, controller=null, kind=HiveMQPlatform, name=test-hivemq-platform, uid=5cf6e9c0-7b03-4305-924d-59106e687e31, additionalProperties={})], resourceVersion=null, selfLink=null, uid=null, additionalProperties={}), rules=[PolicyRule(apiGroups=[], nonResourceURLs=[], resourceNames=[], resources=[pods], verbs=[get, patch, update], additionalProperties={})], additionalProperties={})
2025-01-30 18:16:59,344 INFO c.h.h.t.HelmChartContainer - [hivemq-test-hivemq-platform] [hivemq-platform-operator] [353d8322] 18:16:59.340 [pool-6-thread-7] DEBUG c.h.p.o.d.PodServiceAccountResource - [helmmetr] Desired PodServiceAccountResource (serviceAccountName: hivemq-platform-pod-test-hivemq-platform)
2025-01-30 18:16:59,344 INFO c.h.h.t.HelmChartContainer - [hivemq-test-hivemq-platform] [hivemq-platform-operator] [353d8322] 18:16:59.341 [pool-6-thread-7] DEBUG c.h.p.o.d.PodServiceAccountResource - [helmmetr] Create ServiceAccount 'hivemq-platform-pod-test-hivemq-platform'
2025-01-30 18:16:59,467 INFO c.h.h.t.HelmChartContainer - [hivemq-test-hivemq-platform] [hivemq-platform-operator] [353d8322] 18:16:59.466 [pool-6-thread-10] DEBUG c.h.p.o.d.PodRoleBindingResource - [helmmetr] Create RoleBinding: RoleBinding(apiVersion=rbac.authorization.k8s.io/v1, kind=RoleBinding, metadata=ObjectMeta(annotations={meta.helm.sh/release-name=test-hivemq-platform, meta.helm.sh/release-namespace=helmmetricsserviceit}, creationTimestamp=null, deletionGracePeriodSeconds=null, deletionTimestamp=null, finalizers=[], generateName=null, generation=null, labels={helm.sh/chart=hivemq-platform-0.2.32, app.kubernetes.io/managed-by=Helm, app.kubernetes.io/name=hivemq-platform, hivemq-platform=test-hivemq-platform, app.kubernetes.io/instance=test-hivemq-platform, app.kubernetes.io/version=4.36.0}, managedFields=[], name=hivemq-platform-role-binding-test-hivemq-platform, namespace=helmmetricsserviceit, ownerReferences=[OwnerReference(apiVersion=hivemq.com/v1, blockOwnerDeletion=null, controller=null, kind=HiveMQPlatform, name=test-hivemq-platform, uid=5cf6e9c0-7b03-4305-924d-59106e687e31, additionalProperties={})], resourceVersion=null, selfLink=null, uid=null, additionalProperties={}), roleRef=RoleRef(apiGroup=rbac.authorization.k8s.io, kind=Role, name=hivemq-platform-role-test-hivemq-platform, additionalProperties={}), subjects=[Subject(apiGroup=null, kind=ServiceAccount, name=hivemq-platform-pod-test-hivemq-platform, namespace=helmmetricsserviceit, additionalProperties={})], additionalProperties={})
2025-01-30 18:16:59,541 INFO c.h.h.t.HelmChartContainer - [hivemq-test-hivemq-platform] [hivemq-platform-operator] [353d8322] 18:16:59.540 [ReconcilerExecutor-hivemq-controller-53] INFO  c.h.p.o.HiveMQPlatformReconciler - [helmmetr] Reconciling HiveMQ Platform 'test-hivemq-platform' in namespace 'helmmetricsserviceit'
2025-01-30 18:16:59,542 INFO c.h.h.t.HelmChartContainer - [hivemq-test-hivemq-platform] [hivemq-platform-operator] [353d8322] 18:16:59.541 [ReconcilerExecutor-hivemq-controller-53] DEBUG c.h.p.o.HiveMQPlatformReconciler - [helmmetr] Custom Resource Status CREATED - HiveMQ Platform was created (READY)
2025-01-30 18:16:59,542 INFO c.h.h.t.HelmChartContainer - [hivemq-test-hivemq-platform] [hivemq-platform-operator] [353d8322] 18:16:59.541 [ReconcilerExecutor-hivemq-controller-53] DEBUG c.h.p.o.HiveMQPlatformReconciler - [helmmetr] Custom Resource Spec (replicas: 1) (extensions: 1)
2025-01-30 18:16:59,545 INFO c.h.h.t.HelmChartContainer - [hivemq-test-hivemq-platform] [hivemq-platform-operator] [353d8322] 18:16:59.544 [ReconcilerExecutor-hivemq-controller-53] INFO  c.h.p.o.h.HiveMQPlatformReconcilerBaseHandler - [helmmetr] HiveMQ Platform is starting
2025-01-30 18:16:59,670 INFO c.h.h.t.HelmChartContainer - [hivemq-test-hivemq-platform] [hivemq-platform-operator] [353d8322] 18:16:59.669 [ReconcilerExecutor-hivemq-controller-53] DEBUG c.h.p.operator.event.EventSender - [helmmetr] Creating K8s event hivemq-platform-starting: [Start] HiveMQ Platform is starting
2025-01-30 18:16:59,678 INFO c.h.h.t.HelmChartContainer - [EVENT] Normal [Start] HiveMQ Platform is starting [helmmetricsserviceit:test-hivemq-platform]
2025-01-30 18:16:59,743 INFO c.h.h.t.HelmChartContainer - [hivemq-test-hivemq-platform] [hivemq-platform-operator] [353d8322] 18:16:59.742 [ReconcilerExecutor-hivemq-controller-53] INFO  c.h.p.o.h.AbstractHiveMQReconcilerStateHandler - [helmmetr] Update HiveMQ Platform Status (CREATED [READY] -> STARTING [READY]): HiveMQ Platform is starting
2025-01-30 18:16:59,786 DEBUG com.hivemq.helmcharts.util.K8sUtil - Comparing actual state 'STARTING' and waiting for 'RUNNING'
2025-01-30 18:16:59,869 INFO c.h.h.t.HelmChartContainer - [hivemq-test-hivemq-platform] [hivemq-platform-operator] [353d8322] 18:16:59.866 [pool-6-thread-12] DEBUG c.h.p.o.d.PlatformServiceResource - [helmmetr] Desired Platform services (4 services)
2025-01-30 18:16:59,870 INFO c.h.h.t.HelmChartContainer - [hivemq-test-hivemq-platform] [hivemq-platform-operator] [353d8322] 18:16:59.868 [pool-6-thread-13] DEBUG c.h.p.o.dependants.PodInfoConfigMap - [helmmetr] Desired PodInfo ConfigMap (1 extensions) (1 enabled)
2025-01-30 18:16:59,870 INFO c.h.h.t.HelmChartContainer - [hivemq-test-hivemq-platform] [hivemq-platform-operator] [353d8322] 18:16:59.868 [pool-6-thread-13] DEBUG c.h.p.o.dependants.PodInfoConfigMap - [helmmetr] Desired PodInfo ConfigMap (metrics port: 9399) (metrics path: /)
2025-01-30 18:16:59,870 INFO c.h.h.t.HelmChartContainer - [hivemq-test-hivemq-platform] [hivemq-platform-operator] [353d8322] 18:16:59.868 [pool-6-thread-13] DEBUG c.h.p.o.dependants.PodInfoConfigMap - [helmmetr] Desired PodInfo ConfigMap (extension state hash: -1817474005)
2025-01-30 18:16:59,870 INFO c.h.h.t.HelmChartContainer - [hivemq-test-hivemq-platform] [hivemq-platform-operator] [353d8322] 18:16:59.869 [pool-6-thread-17] DEBUG c.h.p.o.d.PodServiceAccountResource - [helmmetr] Desired PodServiceAccountResource (serviceAccountName: hivemq-platform-pod-test-hivemq-platform)
2025-01-30 18:16:59,876 INFO c.h.h.t.HelmChartContainer - [hivemq-test-hivemq-platform] [hivemq-platform-operator] [353d8322] 18:16:59.875 [pool-6-thread-13] DEBUG c.h.p.o.dependants.PodInfoConfigMap - [helmmetr] Update PodInfo ConfigMap
2025-01-30 18:16:59,971 INFO c.h.h.t.HelmChartContainer - [K3S] [alloc.go:330] "allocated clusterIPs" service="helmmetricsserviceit/mqtt-service" clusterIPs={"IPv4":"10.43.82.255"}
2025-01-30 18:17:00,046 INFO c.h.h.t.HelmChartContainer - [K3S] [alloc.go:330] "allocated clusterIPs" service="helmmetricsserviceit/control-center-service" clusterIPs={"IPv4":"10.43.252.34"}
2025-01-30 18:17:00,075 INFO c.h.h.t.HelmChartContainer - [K3S] [alloc.go:330] "allocated clusterIPs" service="helmmetricsserviceit/rest-api-service" clusterIPs={"IPv4":"10.43.45.70"}
2025-01-30 18:17:00,090 INFO c.h.h.t.HelmChartContainer - [K3S] [alloc.go:330] "allocated clusterIPs" service="helmmetricsserviceit/metrics-service" clusterIPs={"IPv4":"10.43.144.105"}
2025-01-30 18:17:00,166 INFO c.h.h.t.HelmChartContainer - [hivemq-test-hivemq-platform] [hivemq-platform-operator] [353d8322] 18:17:00.164 [pool-6-thread-20] DEBUG c.h.p.o.d.StatefulSetResource - [helmmetr] Desired StatefulSet (1 replicas) for status STARTING (READY)
2025-01-30 18:17:00,242 INFO c.h.h.t.HelmChartContainer - [hivemq-test-hivemq-platform] [hivemq-platform-operator] [353d8322] 18:17:00.241 [pool-6-thread-20] DEBUG c.h.p.o.d.StatefulSetResource - [helmmetr] Create StatefulSet
2025-01-30 18:17:00,286 INFO c.h.h.t.HelmChartContainer - [POD] test-hivemq-platform-0 [3bf3f8d2-995e-402d-9db8-c9b141dc7d6c] in helmmetricsserviceit was ADDED
2025-01-30 18:17:00,290 INFO c.h.h.t.HelmChartContainer - [EVENT] Normal [SuccessfulCreate] create Pod test-hivemq-platform-0 in StatefulSet test-hivemq-platform successful [helmmetricsserviceit:test-hivemq-platform]
2025-01-30 18:17:00,295 INFO c.h.h.t.HelmChartContainer - [POD] test-hivemq-platform-0 [3bf3f8d2-995e-402d-9db8-c9b141dc7d6c] in helmmetricsserviceit was MODIFIED
2025-01-30 18:17:00,301 INFO c.h.h.t.HelmChartContainer - [EVENT] Normal [Scheduled] Successfully assigned helmmetricsserviceit/test-hivemq-platform-0 to 874cc17c0b8f [helmmetricsserviceit:test-hivemq-platform-0]
2025-01-30 18:17:00,305 INFO c.h.h.t.HelmChartContainer - [POD] test-hivemq-platform-0 [3bf3f8d2-995e-402d-9db8-c9b141dc7d6c] in helmmetricsserviceit was MODIFIED
2025-01-30 18:17:00,367 INFO c.h.h.t.HelmChartContainer - [hivemq-test-hivemq-platform] [hivemq-platform-operator] [353d8322] 18:17:00.365 [ReconcilerExecutor-hivemq-controller-64] INFO  c.h.p.o.HiveMQPlatformReconciler - [helmmetr] Reconciling HiveMQ Platform 'test-hivemq-platform' in namespace 'helmmetricsserviceit'
2025-01-30 18:17:00,368 INFO c.h.h.t.HelmChartContainer - [hivemq-test-hivemq-platform] [hivemq-platform-operator] [353d8322] 18:17:00.366 [ReconcilerExecutor-hivemq-controller-64] DEBUG c.h.p.o.HiveMQPlatformReconciler - [helmmetr] Custom Resource Status STARTING - HiveMQ Platform is starting (READY)
2025-01-30 18:17:00,368 INFO c.h.h.t.HelmChartContainer - [hivemq-test-hivemq-platform] [hivemq-platform-operator] [353d8322] 18:17:00.366 [ReconcilerExecutor-hivemq-controller-64] DEBUG c.h.p.o.HiveMQPlatformReconciler - [helmmetr] Custom Resource Spec (replicas: 1) (extensions: 1)
2025-01-30 18:17:00,371 INFO c.h.h.t.HelmChartContainer - [hivemq-test-hivemq-platform] [hivemq-platform-operator] [353d8322] 18:17:00.370 [ReconcilerExecutor-hivemq-controller-64] DEBUG c.h.p.o.HiveMQPlatformReconciler - [helmmetr] StatefulSet Status (revision: null, replicas: 0, available: 0, ready: 0, current: 0, updated: 0)
2025-01-30 18:17:00,374 INFO c.h.h.t.HelmChartContainer - [hivemq-test-hivemq-platform] [hivemq-platform-operator] [353d8322] 18:17:00.371 [ReconcilerExecutor-hivemq-controller-64] DEBUG c.h.p.o.HiveMQPlatformReconciler - [helmmetr] StatefulSet Spec (replicas: 1, init containers: 1, containers: 1, volumes: 3)
2025-01-30 18:17:00,379 INFO c.h.h.t.HelmChartContainer - [K3S] [reconciler_common.go:251] "operationExecutor.VerifyControllerAttachedVolume started for volume \"operator-init\" (UniqueName: \"kubernetes.io/empty-dir/3bf3f8d2-995e-402d-9db8-c9b141dc7d6c-operator-init\") pod \"test-hivemq-platform-0\" (UID: \"3bf3f8d2-995e-402d-9db8-c9b141dc7d6c\") " pod="helmmetricsserviceit/test-hivemq-platform-0"
2025-01-30 18:17:00,379 INFO c.h.h.t.HelmChartContainer - [K3S] [reconciler_common.go:251] "operationExecutor.VerifyControllerAttachedVolume started for volume \"pod-info\" (UniqueName: \"kubernetes.io/configmap/3bf3f8d2-995e-402d-9db8-c9b141dc7d6c-pod-info\") pod \"test-hivemq-platform-0\" (UID: \"3bf3f8d2-995e-402d-9db8-c9b141dc7d6c\") " pod="helmmetricsserviceit/test-hivemq-platform-0"
2025-01-30 18:17:00,379 INFO c.h.h.t.HelmChartContainer - [K3S] [reconciler_common.go:251] "operationExecutor.VerifyControllerAttachedVolume started for volume \"broker-configuration\" (UniqueName: \"kubernetes.io/configmap/3bf3f8d2-995e-402d-9db8-c9b141dc7d6c-broker-configuration\") pod \"test-hivemq-platform-0\" (UID: \"3bf3f8d2-995e-402d-9db8-c9b141dc7d6c\") " pod="helmmetricsserviceit/test-hivemq-platform-0"
2025-01-30 18:17:00,380 INFO c.h.h.t.HelmChartContainer - [K3S] [reconciler_common.go:251] "operationExecutor.VerifyControllerAttachedVolume started for volume \"kube-api-access-6d6ct\" (UniqueName: \"kubernetes.io/projected/3bf3f8d2-995e-402d-9db8-c9b141dc7d6c-kube-api-access-6d6ct\") pod \"test-hivemq-platform-0\" (UID: \"3bf3f8d2-995e-402d-9db8-c9b141dc7d6c\") " pod="helmmetricsserviceit/test-hivemq-platform-0"
2025-01-30 18:17:00,468 INFO c.h.h.t.HelmChartContainer - [hivemq-test-hivemq-platform] [hivemq-platform-operator] [353d8322] 18:17:00.467 [ReconcilerExecutor-hivemq-controller-64] DEBUG c.h.p.o.h.HiveMQPlatformReconcilerErrorHandler - [helmmetr] Pod 'test-hivemq-platform-0' phase Pending
2025-01-30 18:17:00,469 INFO c.h.h.t.HelmChartContainer - [hivemq-test-hivemq-platform] [hivemq-platform-operator] [353d8322] 18:17:00.468 [ReconcilerExecutor-hivemq-controller-64] DEBUG c.h.p.o.h.HiveMQPlatformReconcilerErrorHandler - [helmmetr] Pod 'test-hivemq-platform-0' condition 'PodReadyToStartContainers': False
2025-01-30 18:17:00,470 INFO c.h.h.t.HelmChartContainer - [hivemq-test-hivemq-platform] [hivemq-platform-operator] [353d8322] 18:17:00.468 [ReconcilerExecutor-hivemq-controller-64] DEBUG c.h.p.o.h.HiveMQPlatformReconcilerErrorHandler - [helmmetr] Pod 'test-hivemq-platform-0' condition 'Initialized': False
2025-01-30 18:17:00,470 INFO c.h.h.t.HelmChartContainer - [hivemq-test-hivemq-platform] [hivemq-platform-operator] [353d8322] 18:17:00.469 [ReconcilerExecutor-hivemq-controller-64] DEBUG c.h.p.o.h.HiveMQPlatformReconcilerErrorHandler - [helmmetr] Pod 'test-hivemq-platform-0' condition 'Ready': False
2025-01-30 18:17:00,470 INFO c.h.h.t.HelmChartContainer - [hivemq-test-hivemq-platform] [hivemq-platform-operator] [353d8322] 18:17:00.469 [ReconcilerExecutor-hivemq-controller-64] DEBUG c.h.p.o.h.HiveMQPlatformReconcilerErrorHandler - [helmmetr] Pod 'test-hivemq-platform-0' condition 'ContainersReady': False
2025-01-30 18:17:00,470 INFO c.h.h.t.HelmChartContainer - [hivemq-test-hivemq-platform] [hivemq-platform-operator] [353d8322] 18:17:00.469 [ReconcilerExecutor-hivemq-controller-64] DEBUG c.h.p.o.h.HiveMQPlatformReconcilerErrorHandler - [helmmetr] Pod 'test-hivemq-platform-0' condition 'PodScheduled': True
2025-01-30 18:17:00,470 INFO c.h.h.t.HelmChartContainer - [hivemq-test-hivemq-platform] [hivemq-platform-operator] [353d8322] 18:17:00.469 [ReconcilerExecutor-hivemq-controller-64] DEBUG c.h.p.o.h.HiveMQPlatformReconcilerErrorHandler - [helmmetr] Pod 'test-hivemq-platform-0' containerStatus 'hivemq' (started: false) (ready: false) (waiting: [PodInitializing] null)
2025-01-30 18:17:00,472 INFO c.h.h.t.HelmChartContainer - [hivemq-test-hivemq-platform] [hivemq-platform-operator] [353d8322] 18:17:00.471 [ReconcilerExecutor-hivemq-controller-64] INFO  c.h.p.o.h.HiveMQPlatformReconcilerBaseHandler - [helmmetr] HiveMQ Platform is starting, 0 of 1 replicas are ready
2025-01-30 18:17:00,478 INFO c.h.h.t.HelmChartContainer - [hivemq-test-hivemq-platform] [hivemq-platform-operator] [353d8322] 18:17:00.477 [pool-6-thread-22] DEBUG c.h.p.o.d.PlatformServiceResource - [helmmetr] Desired Platform services (4 services)
2025-01-30 18:17:00,542 INFO c.h.h.t.HelmChartContainer - [hivemq-test-hivemq-platform] [hivemq-platform-operator] [353d8322] 18:17:00.540 [pool-6-thread-23] DEBUG c.h.p.o.dependants.PodInfoConfigMap - [helmmetr] Desired PodInfo ConfigMap (1 extensions) (1 enabled)
2025-01-30 18:17:00,542 INFO c.h.h.t.HelmChartContainer - [hivemq-test-hivemq-platform] [hivemq-platform-operator] [353d8322] 18:17:00.540 [pool-6-thread-23] DEBUG c.h.p.o.dependants.PodInfoConfigMap - [helmmetr] Desired PodInfo ConfigMap (metrics port: 9399) (metrics path: /)
2025-01-30 18:17:00,542 INFO c.h.h.t.HelmChartContainer - [hivemq-test-hivemq-platform] [hivemq-platform-operator] [353d8322] 18:17:00.541 [pool-6-thread-23] DEBUG c.h.p.o.dependants.PodInfoConfigMap - [helmmetr] Desired PodInfo ConfigMap (extension state hash: -1817474005)
2025-01-30 18:17:00,567 INFO c.h.h.t.HelmChartContainer - [hivemq-test-hivemq-platform] [hivemq-platform-operator] [353d8322] 18:17:00.566 [pool-6-thread-27] DEBUG c.h.p.o.d.PodServiceAccountResource - [helmmetr] Desired PodServiceAccountResource (serviceAccountName: hivemq-platform-pod-test-hivemq-platform)
2025-01-30 18:17:00,646 INFO c.h.h.t.HelmChartContainer - [hivemq-test-hivemq-platform] [hivemq-platform-operator] [353d8322] 18:17:00.644 [pool-6-thread-30] DEBUG c.h.p.o.d.StatefulSetResource - [helmmetr] Desired StatefulSet (1 replicas) for status STARTING (READY)
2025-01-30 18:17:00,672 INFO c.h.h.t.HelmChartContainer - [hivemq-test-hivemq-platform] [hivemq-platform-operator] [353d8322] 18:17:00.670 [ReconcilerExecutor-hivemq-controller-75] INFO  c.h.p.o.HiveMQPlatformReconciler - [helmmetr] Reconciling HiveMQ Platform 'test-hivemq-platform' in namespace 'helmmetricsserviceit'
2025-01-30 18:17:00,672 INFO c.h.h.t.HelmChartContainer - [hivemq-test-hivemq-platform] [hivemq-platform-operator] [353d8322] 18:17:00.670 [ReconcilerExecutor-hivemq-controller-75] DEBUG c.h.p.o.HiveMQPlatformReconciler - [helmmetr] Custom Resource Status STARTING - HiveMQ Platform is starting (READY)
2025-01-30 18:17:00,672 INFO c.h.h.t.HelmChartContainer - [hivemq-test-hivemq-platform] [hivemq-platform-operator] [353d8322] 18:17:00.670 [ReconcilerExecutor-hivemq-controller-75] DEBUG c.h.p.o.HiveMQPlatformReconciler - [helmmetr] Custom Resource Spec (replicas: 1) (extensions: 1)
2025-01-30 18:17:00,674 INFO c.h.h.t.HelmChartContainer - [hivemq-test-hivemq-platform] [hivemq-platform-operator] [353d8322] 18:17:00.673 [ReconcilerExecutor-hivemq-controller-75] DEBUG c.h.p.o.HiveMQPlatformReconciler - [helmmetr] StatefulSet Status (revision: test-hivemq-platform-69f859d85d, replicas: 1, available: 0, ready: 0, current: 1, updated: 1)
2025-01-30 18:17:00,676 INFO c.h.h.t.HelmChartContainer - [hivemq-test-hivemq-platform] [hivemq-platform-operator] [353d8322] 18:17:00.673 [ReconcilerExecutor-hivemq-controller-75] DEBUG c.h.p.o.HiveMQPlatformReconciler - [helmmetr] StatefulSet Spec (replicas: 1, init containers: 1, containers: 1, volumes: 3)
2025-01-30 18:17:00,677 INFO c.h.h.t.HelmChartContainer - [hivemq-test-hivemq-platform] [hivemq-platform-operator] [353d8322] 18:17:00.675 [ReconcilerExecutor-hivemq-controller-75] DEBUG c.h.p.o.h.HiveMQPlatformReconcilerErrorHandler - [helmmetr] Pod 'test-hivemq-platform-0' phase Pending
2025-01-30 18:17:00,687 INFO c.h.h.t.HelmChartContainer - [EVENT] Normal [Pulled] Container image "docker.io/hivemq/hivemq-platform-operator-init-test:snapshot" already present on machine [helmmetricsserviceit:test-hivemq-platform-0]
2025-01-30 18:17:00,741 INFO c.h.h.t.HelmChartContainer - [hivemq-test-hivemq-platform] [hivemq-platform-operator] [353d8322] 18:17:00.675 [ReconcilerExecutor-hivemq-controller-75] DEBUG c.h.p.o.h.HiveMQPlatformReconcilerErrorHandler - [helmmetr] Pod 'test-hivemq-platform-0' condition 'PodReadyToStartContainers': False
2025-01-30 18:17:00,741 INFO c.h.h.t.HelmChartContainer - [hivemq-test-hivemq-platform] [hivemq-platform-operator] [353d8322] 18:17:00.739 [ReconcilerExecutor-hivemq-controller-75] DEBUG c.h.p.o.h.HiveMQPlatformReconcilerErrorHandler - [helmmetr] Pod 'test-hivemq-platform-0' condition 'Initialized': False
2025-01-30 18:17:00,741 INFO c.h.h.t.HelmChartContainer - [hivemq-test-hivemq-platform] [hivemq-platform-operator] [353d8322] 18:17:00.739 [ReconcilerExecutor-hivemq-controller-75] DEBUG c.h.p.o.h.HiveMQPlatformReconcilerErrorHandler - [helmmetr] Pod 'test-hivemq-platform-0' condition 'Ready': False
2025-01-30 18:17:00,741 INFO c.h.h.t.HelmChartContainer - [hivemq-test-hivemq-platform] [hivemq-platform-operator] [353d8322] 18:17:00.739 [ReconcilerExecutor-hivemq-controller-75] DEBUG c.h.p.o.h.HiveMQPlatformReconcilerErrorHandler - [helmmetr] Pod 'test-hivemq-platform-0' condition 'ContainersReady': False
2025-01-30 18:17:00,741 INFO c.h.h.t.HelmChartContainer - [hivemq-test-hivemq-platform] [hivemq-platform-operator] [353d8322] 18:17:00.739 [ReconcilerExecutor-hivemq-controller-75] DEBUG c.h.p.o.h.HiveMQPlatformReconcilerErrorHandler - [helmmetr] Pod 'test-hivemq-platform-0' condition 'PodScheduled': True
2025-01-30 18:17:00,741 INFO c.h.h.t.HelmChartContainer - [hivemq-test-hivemq-platform] [hivemq-platform-operator] [353d8322] 18:17:00.739 [ReconcilerExecutor-hivemq-controller-75] DEBUG c.h.p.o.h.HiveMQPlatformReconcilerErrorHandler - [helmmetr] Pod 'test-hivemq-platform-0' containerStatus 'hivemq' (started: false) (ready: false) (waiting: [PodInitializing] null)
2025-01-30 18:17:00,744 INFO c.h.h.t.HelmChartContainer - [hivemq-test-hivemq-platform] [hivemq-platform-operator] [353d8322] 18:17:00.742 [ReconcilerExecutor-hivemq-controller-75] INFO  c.h.p.o.h.HiveMQPlatformReconcilerBaseHandler - [helmmetr] HiveMQ Platform is starting, 0 of 1 replicas are ready
2025-01-30 18:17:00,799 INFO c.h.h.t.HelmChartContainer - [EVENT] Normal [Created] Created container: hivemq-platform-operator-init [helmmetricsserviceit:test-hivemq-platform-0]
2025-01-30 18:17:00,844 INFO c.h.h.t.HelmChartContainer - [EVENT] Normal [Started] Started container hivemq-platform-operator-init [helmmetricsserviceit:test-hivemq-platform-0]
2025-01-30 18:17:01,739 INFO c.h.h.t.HelmChartContainer - [EVENT] Normal [Pulled] Container image "docker.io/hivemq/hivemq4:4.36.0" already present on machine [helmmetricsserviceit:test-hivemq-platform-0]
2025-01-30 18:17:01,739 INFO c.h.h.t.HelmChartContainer - Received Pulled event for container hivemq in pod test-hivemq-platform-0 [3bf3f8d2-995e-402d-9db8-c9b141dc7d6c]
2025-01-30 18:17:01,751 INFO c.h.h.t.HelmChartContainer - [POD] test-hivemq-platform-0 [3bf3f8d2-995e-402d-9db8-c9b141dc7d6c] in helmmetricsserviceit was MODIFIED
2025-01-30 18:17:01,765 INFO c.h.h.t.HelmChartContainer - [hivemq-test-hivemq-platform] [hivemq-platform-operator] [353d8322] 18:17:01.759 [pool-6-thread-32] DEBUG c.h.p.o.d.PlatformServiceResource - [helmmetr] Desired Platform services (4 services)
2025-01-30 18:17:01,771 INFO c.h.h.t.HelmChartContainer - [hivemq-test-hivemq-platform] [hivemq-platform-operator] [353d8322] 18:17:01.763 [pool-6-thread-33] DEBUG c.h.p.o.dependants.PodInfoConfigMap - [helmmetr] Desired PodInfo ConfigMap (1 extensions) (1 enabled)
2025-01-30 18:17:01,774 INFO c.h.h.t.HelmChartContainer - [hivemq-test-hivemq-platform] [hivemq-platform-operator] [353d8322] 18:17:01.765 [pool-6-thread-33] DEBUG c.h.p.o.dependants.PodInfoConfigMap - [helmmetr] Desired PodInfo ConfigMap (metrics port: 9399) (metrics path: /)
2025-01-30 18:17:01,774 INFO c.h.h.t.HelmChartContainer - [hivemq-test-hivemq-platform] [hivemq-platform-operator] [353d8322] 18:17:01.766 [pool-6-thread-33] DEBUG c.h.p.o.dependants.PodInfoConfigMap - [helmmetr] Desired PodInfo ConfigMap (extension state hash: -1817474005)
2025-01-30 18:17:01,774 INFO c.h.h.t.HelmChartContainer - [hivemq-test-hivemq-platform] [hivemq-platform-operator] [353d8322] 18:17:01.767 [pool-6-thread-37] DEBUG c.h.p.o.d.PodServiceAccountResource - [helmmetr] Desired PodServiceAccountResource (serviceAccountName: hivemq-platform-pod-test-hivemq-platform)
2025-01-30 18:17:01,790 INFO c.h.h.t.HelmChartContainer - [hivemq-test-hivemq-platform] [hivemq-platform-operator] [353d8322] 18:17:01.788 [pool-6-thread-40] DEBUG c.h.p.o.d.StatefulSetResource - [helmmetr] Desired StatefulSet (1 replicas) for status STARTING (READY)
2025-01-30 18:17:01,845 INFO c.h.h.t.HelmChartContainer - [hivemq-test-hivemq-platform] [hivemq-platform-operator] [353d8322] 18:17:01.844 [ReconcilerExecutor-hivemq-controller-86] INFO  c.h.p.o.HiveMQPlatformReconciler - [helmmetr] Reconciling HiveMQ Platform 'test-hivemq-platform' in namespace 'helmmetricsserviceit'
2025-01-30 18:17:01,846 INFO c.h.h.t.HelmChartContainer - [hivemq-test-hivemq-platform] [hivemq-platform-operator] [353d8322] 18:17:01.844 [ReconcilerExecutor-hivemq-controller-86] DEBUG c.h.p.o.HiveMQPlatformReconciler - [helmmetr] Custom Resource Status STARTING - HiveMQ Platform is starting (READY)
2025-01-30 18:17:01,846 INFO c.h.h.t.HelmChartContainer - [hivemq-test-hivemq-platform] [hivemq-platform-operator] [353d8322] 18:17:01.844 [ReconcilerExecutor-hivemq-controller-86] DEBUG c.h.p.o.HiveMQPlatformReconciler - [helmmetr] Custom Resource Spec (replicas: 1) (extensions: 1)
2025-01-30 18:17:01,849 INFO c.h.h.t.HelmChartContainer - [hivemq-test-hivemq-platform] [hivemq-platform-operator] [353d8322] 18:17:01.847 [ReconcilerExecutor-hivemq-controller-86] DEBUG c.h.p.o.HiveMQPlatformReconciler - [helmmetr] StatefulSet Status (revision: test-hivemq-platform-69f859d85d, replicas: 1, available: 0, ready: 0, current: 1, updated: 1)
2025-01-30 18:17:01,849 INFO c.h.h.t.HelmChartContainer - [hivemq-test-hivemq-platform] [hivemq-platform-operator] [353d8322] 18:17:01.848 [ReconcilerExecutor-hivemq-controller-86] DEBUG c.h.p.o.HiveMQPlatformReconciler - [helmmetr] StatefulSet Spec (replicas: 1, init containers: 1, containers: 1, volumes: 3)
2025-01-30 18:17:01,852 INFO c.h.h.t.HelmChartContainer - [hivemq-test-hivemq-platform] [hivemq-platform-operator] [353d8322] 18:17:01.851 [ReconcilerExecutor-hivemq-controller-86] DEBUG c.h.p.o.h.HiveMQPlatformReconcilerErrorHandler - [helmmetr] Pod 'test-hivemq-platform-0' phase Pending
2025-01-30 18:17:01,853 INFO c.h.h.t.HelmChartContainer - [hivemq-test-hivemq-platform] [hivemq-platform-operator] [353d8322] 18:17:01.852 [ReconcilerExecutor-hivemq-controller-86] DEBUG c.h.p.o.h.HiveMQPlatformReconcilerErrorHandler - [helmmetr] Pod 'test-hivemq-platform-0' condition 'PodReadyToStartContainers': True
2025-01-30 18:17:01,854 INFO c.h.h.t.HelmChartContainer - [hivemq-test-hivemq-platform] [hivemq-platform-operator] [353d8322] 18:17:01.852 [ReconcilerExecutor-hivemq-controller-86] DEBUG c.h.p.o.h.HiveMQPlatformReconcilerErrorHandler - [helmmetr] Pod 'test-hivemq-platform-0' condition 'Initialized': True
2025-01-30 18:17:01,854 INFO c.h.h.t.HelmChartContainer - [hivemq-test-hivemq-platform] [hivemq-platform-operator] [353d8322] 18:17:01.852 [ReconcilerExecutor-hivemq-controller-86] DEBUG c.h.p.o.h.HiveMQPlatformReconcilerErrorHandler - [helmmetr] Pod 'test-hivemq-platform-0' condition 'Ready': False
2025-01-30 18:17:01,854 INFO c.h.h.t.HelmChartContainer - [hivemq-test-hivemq-platform] [hivemq-platform-operator] [353d8322] 18:17:01.852 [ReconcilerExecutor-hivemq-controller-86] DEBUG c.h.p.o.h.HiveMQPlatformReconcilerErrorHandler - [helmmetr] Pod 'test-hivemq-platform-0' condition 'ContainersReady': False
2025-01-30 18:17:01,854 INFO c.h.h.t.HelmChartContainer - [hivemq-test-hivemq-platform] [hivemq-platform-operator] [353d8322] 18:17:01.852 [ReconcilerExecutor-hivemq-controller-86] DEBUG c.h.p.o.h.HiveMQPlatformReconcilerErrorHandler - [helmmetr] Pod 'test-hivemq-platform-0' condition 'PodScheduled': True
2025-01-30 18:17:01,854 INFO c.h.h.t.HelmChartContainer - [hivemq-test-hivemq-platform] [hivemq-platform-operator] [353d8322] 18:17:01.852 [ReconcilerExecutor-hivemq-controller-86] DEBUG c.h.p.o.h.HiveMQPlatformReconcilerErrorHandler - [helmmetr] Pod 'test-hivemq-platform-0' containerStatus 'hivemq' (started: false) (ready: false) (waiting: [PodInitializing] null)
2025-01-30 18:17:01,866 INFO c.h.h.t.HelmChartContainer - [hivemq-test-hivemq-platform] [hivemq-platform-operator] [353d8322] 18:17:01.865 [ReconcilerExecutor-hivemq-controller-86] INFO  c.h.p.o.h.HiveMQPlatformReconcilerBaseHandler - [helmmetr] HiveMQ Platform is starting, 0 of 1 replicas are ready
2025-01-30 18:17:02,805 INFO c.h.h.t.HelmChartContainer - [EVENT] Normal [Created] Created container: hivemq [helmmetricsserviceit:test-hivemq-platform-0]
2025-01-30 18:17:02,805 INFO c.h.h.t.HelmChartContainer - Received Created event for container hivemq in pod test-hivemq-platform-0 [3bf3f8d2-995e-402d-9db8-c9b141dc7d6c]
2025-01-30 18:17:03,750 INFO c.h.h.t.HelmChartContainer - [POD] test-hivemq-platform-0 [3bf3f8d2-995e-402d-9db8-c9b141dc7d6c] in helmmetricsserviceit was MODIFIED
2025-01-30 18:17:03,762 INFO c.h.h.t.HelmChartContainer - Started log watcher for hivemq in pod test-hivemq-platform-0 [3bf3f8d2-995e-402d-9db8-c9b141dc7d6c]
2025-01-30 18:17:03,762 INFO c.h.h.t.HelmChartContainer - [EVENT] Normal [Started] Started container hivemq [helmmetricsserviceit:test-hivemq-platform-0]
2025-01-30 18:17:03,763 INFO c.h.h.t.HelmChartContainer - Received Started event for container hivemq in pod test-hivemq-platform-0 [3bf3f8d2-995e-402d-9db8-c9b141dc7d6c]
2025-01-30 18:17:03,766 INFO c.h.h.t.HelmChartContainer - [hivemq-test-hivemq-platform] [hivemq-platform-operator] [353d8322] 18:17:03.761 [pool-6-thread-42] DEBUG c.h.p.o.d.PlatformServiceResource - [helmmetr] Desired Platform services (4 services)
2025-01-30 18:17:03,767 INFO c.h.h.t.HelmChartContainer - [hivemq-test-hivemq-platform] [hivemq-platform-operator] [353d8322] 18:17:03.764 [pool-6-thread-43] DEBUG c.h.p.o.dependants.PodInfoConfigMap - [helmmetr] Desired PodInfo ConfigMap (1 extensions) (1 enabled)
2025-01-30 18:17:03,767 INFO c.h.h.t.HelmChartContainer - [hivemq-test-hivemq-platform] [hivemq-platform-operator] [353d8322] 18:17:03.765 [pool-6-thread-43] DEBUG c.h.p.o.dependants.PodInfoConfigMap - [helmmetr] Desired PodInfo ConfigMap (metrics port: 9399) (metrics path: /)
2025-01-30 18:17:03,767 INFO c.h.h.t.HelmChartContainer - [hivemq-test-hivemq-platform] [hivemq-platform-operator] [353d8322] 18:17:03.765 [pool-6-thread-43] DEBUG c.h.p.o.dependants.PodInfoConfigMap - [helmmetr] Desired PodInfo ConfigMap (extension state hash: -1817474005)
2025-01-30 18:17:03,767 INFO c.h.h.t.HelmChartContainer - [test-hivemq-platform] [hivemq] [3bf3f8d2] Adding pre-installed HiveMQ Platform Operator extensions
2025-01-30 18:17:03,768 INFO c.h.h.t.HelmChartContainer - [test-hivemq-platform] [hivemq] [3bf3f8d2] Running as user 10000
2025-01-30 18:17:03,768 INFO c.h.h.t.HelmChartContainer - [test-hivemq-platform] [hivemq] [3bf3f8d2] Starting HiveMQ Platform Operator Init
2025-01-30 18:17:03,777 INFO c.h.h.t.HelmChartContainer - [hivemq-test-hivemq-platform] [hivemq-platform-operator] [353d8322] 18:17:03.775 [pool-6-thread-47] DEBUG c.h.p.o.d.PodServiceAccountResource - [helmmetr] Desired PodServiceAccountResource (serviceAccountName: hivemq-platform-pod-test-hivemq-platform)
2025-01-30 18:17:03,842 INFO c.h.h.t.HelmChartContainer - [hivemq-test-hivemq-platform] [hivemq-platform-operator] [353d8322] 18:17:03.841 [pool-6-thread-50] DEBUG c.h.p.o.d.StatefulSetResource - [helmmetr] Desired StatefulSet (1 replicas) for status STARTING (READY)
2025-01-30 18:17:03,848 INFO c.h.h.t.HelmChartContainer - [hivemq-test-hivemq-platform] [hivemq-platform-operator] [353d8322] 18:17:03.846 [ReconcilerExecutor-hivemq-controller-97] INFO  c.h.p.o.HiveMQPlatformReconciler - [helmmetr] Reconciling HiveMQ Platform 'test-hivemq-platform' in namespace 'helmmetricsserviceit'
2025-01-30 18:17:03,848 INFO c.h.h.t.HelmChartContainer - [hivemq-test-hivemq-platform] [hivemq-platform-operator] [353d8322] 18:17:03.847 [ReconcilerExecutor-hivemq-controller-97] DEBUG c.h.p.o.HiveMQPlatformReconciler - [helmmetr] Custom Resource Status STARTING - HiveMQ Platform is starting (READY)
2025-01-30 18:17:03,848 INFO c.h.h.t.HelmChartContainer - [hivemq-test-hivemq-platform] [hivemq-platform-operator] [353d8322] 18:17:03.847 [ReconcilerExecutor-hivemq-controller-97] DEBUG c.h.p.o.HiveMQPlatformReconciler - [helmmetr] Custom Resource Spec (replicas: 1) (extensions: 1)
2025-01-30 18:17:03,850 INFO c.h.h.t.HelmChartContainer - [hivemq-test-hivemq-platform] [hivemq-platform-operator] [353d8322] 18:17:03.849 [ReconcilerExecutor-hivemq-controller-97] DEBUG c.h.p.o.HiveMQPlatformReconciler - [helmmetr] StatefulSet Status (revision: test-hivemq-platform-69f859d85d, replicas: 1, available: 0, ready: 0, current: 1, updated: 1)
2025-01-30 18:17:03,850 INFO c.h.h.t.HelmChartContainer - [hivemq-test-hivemq-platform] [hivemq-platform-operator] [353d8322] 18:17:03.850 [ReconcilerExecutor-hivemq-controller-97] DEBUG c.h.p.o.HiveMQPlatformReconciler - [helmmetr] StatefulSet Spec (replicas: 1, init containers: 1, containers: 1, volumes: 3)
2025-01-30 18:17:03,852 INFO c.h.h.t.HelmChartContainer - [hivemq-test-hivemq-platform] [hivemq-platform-operator] [353d8322] 18:17:03.852 [ReconcilerExecutor-hivemq-controller-97] DEBUG c.h.p.o.h.HiveMQPlatformReconcilerErrorHandler - [helmmetr] Pod 'test-hivemq-platform-0' phase Running
2025-01-30 18:17:03,853 INFO c.h.h.t.HelmChartContainer - [hivemq-test-hivemq-platform] [hivemq-platform-operator] [353d8322] 18:17:03.853 [ReconcilerExecutor-hivemq-controller-97] INFO  c.h.p.o.h.HiveMQPlatformReconcilerBaseHandler - [helmmetr] HiveMQ Platform is starting, 0 of 1 replicas are ready
2025-01-30 18:17:03,962 INFO c.h.h.t.HelmChartContainer - [test-hivemq-platform] [hivemq] [3bf3f8d2] INFO  - [HiveMQ Platform Operator Init 1.7.0-SNAPSHOT] HiveMQ Platform Operator Init 1.7.0-SNAPSHOT (commit: 47e3375 on branch: HEAD) built on Thu Jan 30 03:55:50 UTC 2025
2025-01-30 18:17:05,079 INFO c.h.h.t.HelmChartContainer - [test-hivemq-platform] [hivemq] [3bf3f8d2] INFO  - [HiveMQ Platform Operator Init App 1.7.0-SNAPSHOT] Using bind address 10.42.0.10 from environment variable
2025-01-30 18:17:05,969 INFO c.h.h.t.HelmChartContainer - [test-hivemq-platform] [hivemq] [3bf3f8d2] INFO  - [HiveMQ Platform Operator Init App 1.7.0-SNAPSHOT] HiveMQ Platform Operator Init App 1.7.0-SNAPSHOT (commit: 47e3375 on branch: HEAD) built on Thu Jan 30 03:55:50 UTC 2025
2025-01-30 18:17:05,969 INFO c.h.h.t.HelmChartContainer - [test-hivemq-platform] [hivemq] [3bf3f8d2] INFO  - [HiveMQ Platform Operator Init App 1.7.0-SNAPSHOT] PodInfo ConfigMap directory: /etc/podinfo
2025-01-30 18:17:05,969 INFO c.h.h.t.HelmChartContainer - [test-hivemq-platform] [hivemq] [3bf3f8d2] INFO  - [HiveMQ Platform Operator Init App 1.7.0-SNAPSHOT] HiveMQ home directory: /opt/hivemq
2025-01-30 18:17:05,969 INFO c.h.h.t.HelmChartContainer - [test-hivemq-platform] [hivemq] [3bf3f8d2] INFO  - [HiveMQ Platform Operator Init App 1.7.0-SNAPSHOT] HiveMQ Logback folder: /opt/hivemq/conf
2025-01-30 18:17:05,969 INFO c.h.h.t.HelmChartContainer - [test-hivemq-platform] [hivemq] [3bf3f8d2] INFO  - [HiveMQ Platform Operator Init App 1.7.0-SNAPSHOT] HiveMQ Config folder: /opt/hivemq/conf-k8s
2025-01-30 18:17:05,970 INFO c.h.h.t.HelmChartContainer - [test-hivemq-platform] [hivemq] [3bf3f8d2] INFO  - [HiveMQ Platform Operator Init App 1.7.0-SNAPSHOT] Starting HiveMQ Platform Operator Init App
2025-01-30 18:17:05,970 INFO c.h.h.t.HelmChartContainer - [test-hivemq-platform] [hivemq] [3bf3f8d2] INFO  - [HiveMQ Platform Operator Init App 1.7.0-SNAPSHOT] Starting Pod reconciler
2025-01-30 18:17:07,087 INFO c.h.h.t.HelmChartContainer - [test-hivemq-platform] [hivemq] [3bf3f8d2] INFO  - [HiveMQ Platform Operator Init App 1.7.0-SNAPSHOT] Pod reconciler is scheduled (interval: 5000 ms)
2025-01-30 18:17:07,088 INFO c.h.h.t.HelmChartContainer - [test-hivemq-platform] [hivemq] [3bf3f8d2] INFO  - [HiveMQ Platform Operator Init App 1.7.0-SNAPSHOT] Starting the REST API on 10.42.0.10:7979
2025-01-30 18:17:07,091 INFO c.h.h.t.HelmChartContainer - [test-hivemq-platform] [hivemq] [3bf3f8d2] INFO  - [HiveMQ Platform Operator Init App 1.7.0-SNAPSHOT] Waiting up to 600s for at most 1 HiveMQ nodes in cluster service hivemq-test-hivemq-platform-cluster.helmmetricsserviceit.svc
2025-01-30 18:17:07,484 INFO c.h.h.t.HelmChartContainer - [test-hivemq-platform] [hivemq] [3bf3f8d2] INFO  - [HiveMQ Platform Operator Init App 1.7.0-SNAPSHOT] Resolved 1 IP addresses: [10.42.0.10]
2025-01-30 18:17:07,484 INFO c.h.h.t.HelmChartContainer - [test-hivemq-platform] [hivemq] [3bf3f8d2] INFO  - [HiveMQ Platform Operator Init App 1.7.0-SNAPSHOT] HiveMQ node count of 1 is within threshold of 1
2025-01-30 18:17:07,484 INFO c.h.h.t.HelmChartContainer - [test-hivemq-platform] [hivemq] [3bf3f8d2] INFO  - [HiveMQ Platform Operator Init App 1.7.0-SNAPSHOT] Proceeding with container start
2025-01-30 18:17:07,574 INFO c.h.h.t.HelmChartContainer - [test-hivemq-platform] [hivemq] [3bf3f8d2] INFO  - [HiveMQ Platform Operator Init App 1.7.0-SNAPSHOT] Initializing HiveMQ Platform extensions with initial configuration: {hivemq-allow-all-extension={start-priority=-1, skip-https-hostname-verification=false, restart=true, config-version=0, header-version=0, c-uri=, priority=-1, uri=preinstalled, skip-https-certificate-validation=false, enabled=true}, hivemq-prometheus-extension={skip-https-hostname-verification=false, c-uri=, start-priority=-1, priority=-1, restart=true, enabled=true, request-header-path=no-request-headers, uri=preinstalled, skip-https-certificate-validation=false}}
2025-01-30 18:17:07,984 INFO c.h.h.t.HelmChartContainer - [test-hivemq-platform] [hivemq] [3bf3f8d2] INFO  - [HiveMQ Platform Operator Init App 1.7.0-SNAPSHOT] Extension hivemq-allow-all-extension was already enabled
2025-01-30 18:17:08,073 INFO c.h.h.t.HelmChartContainer - [test-hivemq-platform] [hivemq] [3bf3f8d2] INFO  - [HiveMQ Platform Operator Init App 1.7.0-SNAPSHOT] Successfully enabled extension hivemq-prometheus-extension
2025-01-30 18:17:08,075 INFO c.h.h.t.HelmChartContainer - [test-hivemq-platform] [hivemq] [3bf3f8d2] INFO  - [HiveMQ Platform Operator Init App 1.7.0-SNAPSHOT] Starting HiveMQ Platform version 4.36.0 (4.36.0)
2025-01-30 18:17:08,076 INFO c.h.h.t.HelmChartContainer - [test-hivemq-platform] [hivemq] [3bf3f8d2] INFO  - [HiveMQ Platform Operator Init App 1.7.0-SNAPSHOT] Configuring the HiveMQ Platform
2025-01-30 18:17:08,162 INFO c.h.h.t.HelmChartContainer - [test-hivemq-platform] [hivemq] [3bf3f8d2] INFO  - [HiveMQ Platform Operator Init App 1.7.0-SNAPSHOT] Changed logback.xml file scan period to 20 seconds
2025-01-30 18:17:08,178 INFO c.h.h.t.HelmChartContainer - [test-hivemq-platform] [hivemq] [3bf3f8d2] INFO  - [HiveMQ Platform Operator Init App 1.7.0-SNAPSHOT] Starting the HiveMQ Platform
2025-01-30 18:17:08,258 INFO c.h.h.t.HelmChartContainer - [test-hivemq-platform] [hivemq] [3bf3f8d2] -------------------------------------------------------------------------
2025-01-30 18:17:08,258 INFO c.h.h.t.HelmChartContainer - [test-hivemq-platform] [hivemq] [3bf3f8d2] 
2025-01-30 18:17:08,258 INFO c.h.h.t.HelmChartContainer - [test-hivemq-platform] [hivemq] [3bf3f8d2]                   _    _  _              __  __   ____
2025-01-30 18:17:08,258 INFO c.h.h.t.HelmChartContainer - [test-hivemq-platform] [hivemq] [3bf3f8d2]                  | |  | |(_)            |  \/  | / __ \
2025-01-30 18:17:08,258 INFO c.h.h.t.HelmChartContainer - [test-hivemq-platform] [hivemq] [3bf3f8d2]                  | |__| | _ __   __ ___ | \  / || |  | |
2025-01-30 18:17:08,258 INFO c.h.h.t.HelmChartContainer - [test-hivemq-platform] [hivemq] [3bf3f8d2]                  |  __  || |\ \ / // _ \| |\/| || |  | |
2025-01-30 18:17:08,258 INFO c.h.h.t.HelmChartContainer - [test-hivemq-platform] [hivemq] [3bf3f8d2]                  | |  | || | \ V /|  __/| |  | || |__| |
2025-01-30 18:17:08,258 INFO c.h.h.t.HelmChartContainer - [test-hivemq-platform] [hivemq] [3bf3f8d2]                  |_|  |_||_|  \_/  \___||_|  |_| \___\_\
2025-01-30 18:17:08,258 INFO c.h.h.t.HelmChartContainer - [test-hivemq-platform] [hivemq] [3bf3f8d2] 
2025-01-30 18:17:08,258 INFO c.h.h.t.HelmChartContainer - [test-hivemq-platform] [hivemq] [3bf3f8d2] -------------------------------------------------------------------------
2025-01-30 18:17:08,258 INFO c.h.h.t.HelmChartContainer - [test-hivemq-platform] [hivemq] [3bf3f8d2] 
2025-01-30 18:17:08,258 INFO c.h.h.t.HelmChartContainer - [test-hivemq-platform] [hivemq] [3bf3f8d2]   HiveMQ Start Script for Linux/Unix v1.14
2025-01-30 18:17:08,258 INFO c.h.h.t.HelmChartContainer - [test-hivemq-platform] [hivemq] [3bf3f8d2] 
2025-01-30 18:17:08,291 INFO c.h.h.t.HelmChartContainer - [test-hivemq-platform] [hivemq] [3bf3f8d2] -------------------------------------------------------------------------
2025-01-30 18:17:08,291 INFO c.h.h.t.HelmChartContainer - [test-hivemq-platform] [hivemq] [3bf3f8d2] 
2025-01-30 18:17:08,291 INFO c.h.h.t.HelmChartContainer - [test-hivemq-platform] [hivemq] [3bf3f8d2]   HIVEMQ_HOME: /opt/hivemq
2025-01-30 18:17:08,291 INFO c.h.h.t.HelmChartContainer - [test-hivemq-platform] [hivemq] [3bf3f8d2] 
2025-01-30 18:17:08,291 INFO c.h.h.t.HelmChartContainer - [test-hivemq-platform] [hivemq] [3bf3f8d2]   JAVA_OPTS: -XX:+UnlockExperimentalVMOptions -XX:InitialRAMPercentage=50 -XX:MaxRAMPercentage=50 -Djava.net.preferIPv4Stack=true --add-opens java.base/java.lang=ALL-UNNAMED --add-opens java.base/java.nio=ALL-UNNAMED --add-opens java.base/sun.nio.ch=ALL-UNNAMED --add-opens jdk.management/com.sun.management.internal=ALL-UNNAMED --add-exports java.base/jdk.internal.misc=ALL-UNNAMED -Djava.security.egd=file:/dev/./urandom -Dcom.sun.management.jmxremote -Dcom.sun.management.jmxremote.port=9010 -Dcom.sun.management.jmxremote.local.only=false -Dcom.sun.management.jmxremote.authenticate=false -Dcom.sun.management.jmxremote.ssl=false -Duser.language=en -Duser.region=US -XX:+CrashOnOutOfMemoryError -XX:+HeapDumpOnOutOfMemoryError
2025-01-30 18:17:08,291 INFO c.h.h.t.HelmChartContainer - [test-hivemq-platform] [hivemq] [3bf3f8d2] 
2025-01-30 18:17:08,291 INFO c.h.h.t.HelmChartContainer - [test-hivemq-platform] [hivemq] [3bf3f8d2]   JAVA_VERSION: 21
2025-01-30 18:17:08,291 INFO c.h.h.t.HelmChartContainer - [test-hivemq-platform] [hivemq] [3bf3f8d2] 
2025-01-30 18:17:08,291 INFO c.h.h.t.HelmChartContainer - [test-hivemq-platform] [hivemq] [3bf3f8d2] -------------------------------------------------------------------------
2025-01-30 18:17:08,291 INFO c.h.h.t.HelmChartContainer - [test-hivemq-platform] [hivemq] [3bf3f8d2] 
2025-01-30 18:17:09,778 INFO c.h.h.t.HelmChartContainer - [test-hivemq-platform] [hivemq] [3bf3f8d2] INFO  - [HiveMQ Platform Operator Init App 1.7.0-SNAPSHOT] Returning default Health API response 503 for readiness
2025-01-30 18:17:10,161 INFO c.h.h.t.HelmChartContainer - [EVENT] Warning [Unhealthy] Readiness probe failed: HTTP probe failed with statuscode: 503 [helmmetricsserviceit:test-hivemq-platform-0]
2025-01-30 18:17:10,161 INFO c.h.h.t.HelmChartContainer - Received Unhealthy event for container hivemq in pod test-hivemq-platform-0 [3bf3f8d2-995e-402d-9db8-c9b141dc7d6c]
2025-01-30 18:17:10,860 INFO c.h.h.t.HelmChartContainer - [test-hivemq-platform] [hivemq] [3bf3f8d2] INFO  - Starting HiveMQ Enterprise Server
2025-01-30 18:17:10,873 INFO c.h.h.t.HelmChartContainer - [test-hivemq-platform] [hivemq] [3bf3f8d2] INFO  - HiveMQ version: 4.36.0
2025-01-30 18:17:10,873 INFO c.h.h.t.HelmChartContainer - [test-hivemq-platform] [hivemq] [3bf3f8d2] INFO  - HiveMQ home directory: /opt/hivemq
2025-01-30 18:17:10,873 INFO c.h.h.t.HelmChartContainer - [test-hivemq-platform] [hivemq] [3bf3f8d2] INFO  - Log Configuration was overridden by /opt/hivemq/conf/logback.xml
2025-01-30 18:17:12,068 INFO c.h.h.t.HelmChartContainer - [test-hivemq-platform] [hivemq] [3bf3f8d2] INFO  - Successfully loaded configuration from '/opt/hivemq/conf-k8s/config.xml'.
2025-01-30 18:17:12,675 INFO c.h.h.t.HelmChartContainer - [test-hivemq-platform] [hivemq] [3bf3f8d2] INFO  - This node's ID is 3ohuW
2025-01-30 18:17:12,677 INFO c.h.h.t.HelmChartContainer - [test-hivemq-platform] [hivemq] [3bf3f8d2] INFO  - Clustering is enabled
2025-01-30 18:17:13,873 INFO c.h.h.t.HelmChartContainer - [hivemq-test-hivemq-platform] [hivemq-platform-operator] [353d8322] 18:17:13.870 [pool-6-thread-8] DEBUG c.h.p.o.d.PlatformServiceResource - [helmmetr] Desired Platform services (4 services)
2025-01-30 18:17:13,880 INFO c.h.h.t.HelmChartContainer - [hivemq-test-hivemq-platform] [hivemq-platform-operator] [353d8322] 18:17:13.879 [pool-6-thread-9] DEBUG c.h.p.o.dependants.PodInfoConfigMap - [helmmetr] Desired PodInfo ConfigMap (1 extensions) (1 enabled)
2025-01-30 18:17:13,880 INFO c.h.h.t.HelmChartContainer - [hivemq-test-hivemq-platform] [hivemq-platform-operator] [353d8322] 18:17:13.879 [pool-6-thread-9] DEBUG c.h.p.o.dependants.PodInfoConfigMap - [helmmetr] Desired PodInfo ConfigMap (metrics port: 9399) (metrics path: /)
2025-01-30 18:17:13,880 INFO c.h.h.t.HelmChartContainer - [hivemq-test-hivemq-platform] [hivemq-platform-operator] [353d8322] 18:17:13.879 [pool-6-thread-9] DEBUG c.h.p.o.dependants.PodInfoConfigMap - [helmmetr] Desired PodInfo ConfigMap (extension state hash: -1817474005)
2025-01-30 18:17:13,881 INFO c.h.h.t.HelmChartContainer - [hivemq-test-hivemq-platform] [hivemq-platform-operator] [353d8322] 18:17:13.880 [pool-6-thread-3] DEBUG c.h.p.o.d.PodServiceAccountResource - [helmmetr] Desired PodServiceAccountResource (serviceAccountName: hivemq-platform-pod-test-hivemq-platform)
2025-01-30 18:17:13,890 INFO c.h.h.t.HelmChartContainer - [hivemq-test-hivemq-platform] [hivemq-platform-operator] [353d8322] 18:17:13.890 [pool-6-thread-8] DEBUG c.h.p.o.d.StatefulSetResource - [helmmetr] Desired StatefulSet (1 replicas) for status STARTING (READY)
2025-01-30 18:17:13,965 INFO c.h.h.t.HelmChartContainer - [hivemq-test-hivemq-platform] [hivemq-platform-operator] [353d8322] 18:17:13.964 [ReconcilerExecutor-hivemq-controller-108] INFO  c.h.p.o.HiveMQPlatformReconciler - [helmmetr] Reconciling HiveMQ Platform 'test-hivemq-platform' in namespace 'helmmetricsserviceit'
2025-01-30 18:17:13,965 INFO c.h.h.t.HelmChartContainer - [hivemq-test-hivemq-platform] [hivemq-platform-operator] [353d8322] 18:17:13.964 [ReconcilerExecutor-hivemq-controller-108] DEBUG c.h.p.o.HiveMQPlatformReconciler - [helmmetr] Custom Resource Status STARTING - HiveMQ Platform is starting (READY)
2025-01-30 18:17:13,966 INFO c.h.h.t.HelmChartContainer - [hivemq-test-hivemq-platform] [hivemq-platform-operator] [353d8322] 18:17:13.964 [ReconcilerExecutor-hivemq-controller-108] DEBUG c.h.p.o.HiveMQPlatformReconciler - [helmmetr] Custom Resource Spec (replicas: 1) (extensions: 1)
2025-01-30 18:17:13,969 INFO c.h.h.t.HelmChartContainer - [hivemq-test-hivemq-platform] [hivemq-platform-operator] [353d8322] 18:17:13.966 [ReconcilerExecutor-hivemq-controller-108] DEBUG c.h.p.o.HiveMQPlatformReconciler - [helmmetr] StatefulSet Status (revision: test-hivemq-platform-69f859d85d, replicas: 1, available: 0, ready: 0, current: 1, updated: 1)
2025-01-30 18:17:13,969 INFO c.h.h.t.HelmChartContainer - [hivemq-test-hivemq-platform] [hivemq-platform-operator] [353d8322] 18:17:13.966 [ReconcilerExecutor-hivemq-controller-108] DEBUG c.h.p.o.HiveMQPlatformReconciler - [helmmetr] StatefulSet Spec (replicas: 1, init containers: 1, containers: 1, volumes: 3)
2025-01-30 18:17:13,971 INFO c.h.h.t.HelmChartContainer - [hivemq-test-hivemq-platform] [hivemq-platform-operator] [353d8322] 18:17:13.970 [ReconcilerExecutor-hivemq-controller-108] DEBUG c.h.p.o.h.HiveMQPlatformReconcilerErrorHandler - [helmmetr] Pod 'test-hivemq-platform-0' phase Running
2025-01-30 18:17:13,973 INFO c.h.h.t.HelmChartContainer - [hivemq-test-hivemq-platform] [hivemq-platform-operator] [353d8322] 18:17:13.971 [ReconcilerExecutor-hivemq-controller-108] INFO  c.h.p.o.h.HiveMQPlatformReconcilerBaseHandler - [helmmetr] HiveMQ Platform is starting, 0 of 1 replicas are ready
2025-01-30 18:17:15,176 INFO c.h.h.t.HelmChartContainer - [test-hivemq-platform] [hivemq] [3bf3f8d2] WARN  - [HiveMQ Platform Operator Init App 1.7.0-SNAPSHOT] Cannot connect to Health API for readiness: null
2025-01-30 18:17:15,181 INFO c.h.h.t.HelmChartContainer - [EVENT] Warning [Unhealthy] Readiness probe failed: HTTP probe failed with statuscode: 503 [helmmetricsserviceit:test-hivemq-platform-0]
2025-01-30 18:17:15,181 INFO c.h.h.t.HelmChartContainer - Received Unhealthy event for container hivemq in pod test-hivemq-platform-0 [3bf3f8d2-995e-402d-9db8-c9b141dc7d6c]
2025-01-30 18:17:17,459 INFO c.h.h.t.HelmChartContainer - [test-hivemq-platform] [hivemq] [3bf3f8d2] Jan 30, 2025 6:17:17 PM io.vertx.core.impl.BlockedThreadChecker
2025-01-30 18:17:17,459 INFO c.h.h.t.HelmChartContainer - [test-hivemq-platform] [hivemq] [3bf3f8d2] WARNING: Thread Thread[vert.x-eventloop-thread-1,5,main] has been blocked for 2109 ms, time limit is 2000 ms
2025-01-30 18:17:18,378 INFO c.h.h.t.HelmChartContainer - [test-hivemq-platform] [hivemq] [3bf3f8d2] Jan 30, 2025 6:17:18 PM io.vertx.core.impl.BlockedThreadChecker
2025-01-30 18:17:18,378 INFO c.h.h.t.HelmChartContainer - [test-hivemq-platform] [hivemq] [3bf3f8d2] WARNING: Thread Thread[vert.x-eventloop-thread-1,5,main] has been blocked for 3109 ms, time limit is 2000 ms
2025-01-30 18:17:18,459 INFO c.h.h.t.HelmChartContainer - [test-hivemq-platform] [hivemq] [3bf3f8d2] INFO  - [HiveMQ Platform Operator Init App 1.7.0-SNAPSHOT] Updating Pod HiveMQ Platform Operator Init App version annotation (version: 1.7.0-SNAPSHOT)
2025-01-30 18:17:19,168 INFO c.h.h.t.HelmChartContainer - [POD] test-hivemq-platform-0 [3bf3f8d2-995e-402d-9db8-c9b141dc7d6c] in helmmetricsserviceit was MODIFIED
2025-01-30 18:17:19,183 INFO c.h.h.t.HelmChartContainer - [hivemq-test-hivemq-platform] [hivemq-platform-operator] [353d8322] 18:17:19.182 [pool-6-thread-14] DEBUG c.h.p.o.d.PlatformServiceResource - [helmmetr] Desired Platform services (4 services)
2025-01-30 18:17:19,185 INFO c.h.h.t.HelmChartContainer - [hivemq-test-hivemq-platform] [hivemq-platform-operator] [353d8322] 18:17:19.184 [pool-6-thread-16] DEBUG c.h.p.o.dependants.PodInfoConfigMap - [helmmetr] Desired PodInfo ConfigMap (1 extensions) (1 enabled)
2025-01-30 18:17:19,189 INFO c.h.h.t.HelmChartContainer - [hivemq-test-hivemq-platform] [hivemq-platform-operator] [353d8322] 18:17:19.185 [pool-6-thread-16] DEBUG c.h.p.o.dependants.PodInfoConfigMap - [helmmetr] Desired PodInfo ConfigMap (metrics port: 9399) (metrics path: /)
2025-01-30 18:17:19,190 INFO c.h.h.t.HelmChartContainer - [hivemq-test-hivemq-platform] [hivemq-platform-operator] [353d8322] 18:17:19.186 [pool-6-thread-15] DEBUG c.h.p.o.d.PodServiceAccountResource - [helmmetr] Desired PodServiceAccountResource (serviceAccountName: hivemq-platform-pod-test-hivemq-platform)
2025-01-30 18:17:19,190 INFO c.h.h.t.HelmChartContainer - [hivemq-test-hivemq-platform] [hivemq-platform-operator] [353d8322] 18:17:19.187 [pool-6-thread-16] DEBUG c.h.p.o.dependants.PodInfoConfigMap - [helmmetr] Desired PodInfo ConfigMap (extension state hash: -1817474005)
2025-01-30 18:17:19,194 INFO c.h.h.t.HelmChartContainer - [hivemq-test-hivemq-platform] [hivemq-platform-operator] [353d8322] 18:17:19.194 [pool-6-thread-14] DEBUG c.h.p.o.d.StatefulSetResource - [helmmetr] Desired StatefulSet (1 replicas) for status STARTING (READY)
2025-01-30 18:17:19,270 INFO c.h.h.t.HelmChartContainer - [hivemq-test-hivemq-platform] [hivemq-platform-operator] [353d8322] 18:17:19.266 [ReconcilerExecutor-hivemq-controller-109] INFO  c.h.p.o.HiveMQPlatformReconciler - [helmmetr] Reconciling HiveMQ Platform 'test-hivemq-platform' in namespace 'helmmetricsserviceit'
2025-01-30 18:17:19,271 INFO c.h.h.t.HelmChartContainer - [hivemq-test-hivemq-platform] [hivemq-platform-operator] [353d8322] 18:17:19.266 [ReconcilerExecutor-hivemq-controller-109] DEBUG c.h.p.o.HiveMQPlatformReconciler - [helmmetr] Custom Resource Status STARTING - HiveMQ Platform is starting (READY)
2025-01-30 18:17:19,271 INFO c.h.h.t.HelmChartContainer - [hivemq-test-hivemq-platform] [hivemq-platform-operator] [353d8322] 18:17:19.266 [ReconcilerExecutor-hivemq-controller-109] DEBUG c.h.p.o.HiveMQPlatformReconciler - [helmmetr] Custom Resource Spec (replicas: 1) (extensions: 1)
2025-01-30 18:17:19,271 INFO c.h.h.t.HelmChartContainer - [hivemq-test-hivemq-platform] [hivemq-platform-operator] [353d8322] 18:17:19.267 [ReconcilerExecutor-hivemq-controller-109] DEBUG c.h.p.o.HiveMQPlatformReconciler - [helmmetr] StatefulSet Status (revision: test-hivemq-platform-69f859d85d, replicas: 1, available: 0, ready: 0, current: 1, updated: 1)
2025-01-30 18:17:19,271 INFO c.h.h.t.HelmChartContainer - [test-hivemq-platform] [hivemq] [3bf3f8d2] INFO  - [HiveMQ Platform Operator Init App 1.7.0-SNAPSHOT] Successfully updated Pod HiveMQ Platform Operator Init App version annotation (version: 1.7.0-SNAPSHOT)
2025-01-30 18:17:19,271 INFO c.h.h.t.HelmChartContainer - [hivemq-test-hivemq-platform] [hivemq-platform-operator] [353d8322] 18:17:19.268 [ReconcilerExecutor-hivemq-controller-109] DEBUG c.h.p.o.HiveMQPlatformReconciler - [helmmetr] StatefulSet Spec (replicas: 1, init containers: 1, containers: 1, volumes: 3)
2025-01-30 18:17:19,273 INFO c.h.h.t.HelmChartContainer - [test-hivemq-platform] [hivemq] [3bf3f8d2] WARN  - [HiveMQ Platform Operator Init App 1.7.0-SNAPSHOT] Cannot connect to Health API for readiness: null
2025-01-30 18:17:19,275 INFO c.h.h.t.HelmChartContainer - [hivemq-test-hivemq-platform] [hivemq-platform-operator] [353d8322] 18:17:19.274 [ReconcilerExecutor-hivemq-controller-109] DEBUG c.h.p.o.h.HiveMQPlatformReconcilerErrorHandler - [helmmetr] Pod 'test-hivemq-platform-0' phase Running
2025-01-30 18:17:19,276 INFO c.h.h.t.HelmChartContainer - [hivemq-test-hivemq-platform] [hivemq-platform-operator] [353d8322] 18:17:19.275 [ReconcilerExecutor-hivemq-controller-109] INFO  c.h.p.o.h.HiveMQPlatformReconcilerBaseHandler - [helmmetr] HiveMQ Platform is starting, 0 of 1 replicas are ready
2025-01-30 18:17:19,284 INFO c.h.h.t.HelmChartContainer - [EVENT] Warning [Unhealthy] Readiness probe failed: HTTP probe failed with statuscode: 503 [helmmetricsserviceit:test-hivemq-platform-0]
2025-01-30 18:17:19,284 INFO c.h.h.t.HelmChartContainer - Received Unhealthy event for container hivemq in pod test-hivemq-platform-0 [3bf3f8d2-995e-402d-9db8-c9b141dc7d6c]
2025-01-30 18:17:24,173 INFO c.h.h.t.HelmChartContainer - [test-hivemq-platform] [hivemq] [3bf3f8d2] WARN  - [HiveMQ Platform Operator Init App 1.7.0-SNAPSHOT] Cannot connect to Health API for readiness: null
2025-01-30 18:17:24,178 INFO c.h.h.t.HelmChartContainer - [EVENT] Warning [Unhealthy] Readiness probe failed: HTTP probe failed with statuscode: 503 [helmmetricsserviceit:test-hivemq-platform-0]
2025-01-30 18:17:24,178 INFO c.h.h.t.HelmChartContainer - Received Unhealthy event for container hivemq in pod test-hivemq-platform-0 [3bf3f8d2-995e-402d-9db8-c9b141dc7d6c]
2025-01-30 18:17:29,172 INFO c.h.h.t.HelmChartContainer - [test-hivemq-platform] [hivemq] [3bf3f8d2] WARN  - [HiveMQ Platform Operator Init App 1.7.0-SNAPSHOT] Cannot connect to Health API for readiness: null
2025-01-30 18:17:29,178 INFO c.h.h.t.HelmChartContainer - [EVENT] Warning [Unhealthy] Readiness probe failed: HTTP probe failed with statuscode: 503 [helmmetricsserviceit:test-hivemq-platform-0]
2025-01-30 18:17:29,178 INFO c.h.h.t.HelmChartContainer - Received Unhealthy event for container hivemq in pod test-hivemq-platform-0 [3bf3f8d2-995e-402d-9db8-c9b141dc7d6c]
2025-01-30 18:17:29,285 INFO c.h.h.t.HelmChartContainer - [hivemq-test-hivemq-platform] [hivemq-platform-operator] [353d8322] 18:17:29.280 [pool-6-thread-26] DEBUG c.h.p.o.d.PlatformServiceResource - [helmmetr] Desired Platform services (4 services)
2025-01-30 18:17:29,286 INFO c.h.h.t.HelmChartContainer - [hivemq-test-hivemq-platform] [hivemq-platform-operator] [353d8322] 18:17:29.286 [pool-6-thread-23] DEBUG c.h.p.o.dependants.PodInfoConfigMap - [helmmetr] Desired PodInfo ConfigMap (1 extensions) (1 enabled)
2025-01-30 18:17:29,287 INFO c.h.h.t.HelmChartContainer - [hivemq-test-hivemq-platform] [hivemq-platform-operator] [353d8322] 18:17:29.286 [pool-6-thread-23] DEBUG c.h.p.o.dependants.PodInfoConfigMap - [helmmetr] Desired PodInfo ConfigMap (metrics port: 9399) (metrics path: /)
2025-01-30 18:17:29,287 INFO c.h.h.t.HelmChartContainer - [hivemq-test-hivemq-platform] [hivemq-platform-operator] [353d8322] 18:17:29.286 [pool-6-thread-23] DEBUG c.h.p.o.dependants.PodInfoConfigMap - [helmmetr] Desired PodInfo ConfigMap (extension state hash: -1817474005)
2025-01-30 18:17:29,289 INFO c.h.h.t.HelmChartContainer - [hivemq-test-hivemq-platform] [hivemq-platform-operator] [353d8322] 18:17:29.289 [pool-6-thread-27] DEBUG c.h.p.o.d.PodServiceAccountResource - [helmmetr] Desired PodServiceAccountResource (serviceAccountName: hivemq-platform-pod-test-hivemq-platform)
2025-01-30 18:17:29,292 INFO c.h.h.t.HelmChartContainer - [hivemq-test-hivemq-platform] [hivemq-platform-operator] [353d8322] 18:17:29.292 [pool-6-thread-26] DEBUG c.h.p.o.d.StatefulSetResource - [helmmetr] Desired StatefulSet (1 replicas) for status STARTING (READY)
2025-01-30 18:17:29,297 INFO c.h.h.t.HelmChartContainer - [hivemq-test-hivemq-platform] [hivemq-platform-operator] [353d8322] 18:17:29.296 [ReconcilerExecutor-hivemq-controller-110] INFO  c.h.p.o.HiveMQPlatformReconciler - [helmmetr] Reconciling HiveMQ Platform 'test-hivemq-platform' in namespace 'helmmetricsserviceit'
2025-01-30 18:17:29,297 INFO c.h.h.t.HelmChartContainer - [hivemq-test-hivemq-platform] [hivemq-platform-operator] [353d8322] 18:17:29.296 [ReconcilerExecutor-hivemq-controller-110] DEBUG c.h.p.o.HiveMQPlatformReconciler - [helmmetr] Custom Resource Status STARTING - HiveMQ Platform is starting (READY)
2025-01-30 18:17:29,297 INFO c.h.h.t.HelmChartContainer - [hivemq-test-hivemq-platform] [hivemq-platform-operator] [353d8322] 18:17:29.296 [ReconcilerExecutor-hivemq-controller-110] DEBUG c.h.p.o.HiveMQPlatformReconciler - [helmmetr] Custom Resource Spec (replicas: 1) (extensions: 1)
2025-01-30 18:17:29,298 INFO c.h.h.t.HelmChartContainer - [hivemq-test-hivemq-platform] [hivemq-platform-operator] [353d8322] 18:17:29.298 [ReconcilerExecutor-hivemq-controller-110] DEBUG c.h.p.o.HiveMQPlatformReconciler - [helmmetr] StatefulSet Status (revision: test-hivemq-platform-69f859d85d, replicas: 1, available: 0, ready: 0, current: 1, updated: 1)
2025-01-30 18:17:29,298 INFO c.h.h.t.HelmChartContainer - [hivemq-test-hivemq-platform] [hivemq-platform-operator] [353d8322] 18:17:29.298 [ReconcilerExecutor-hivemq-controller-110] DEBUG c.h.p.o.HiveMQPlatformReconciler - [helmmetr] StatefulSet Spec (replicas: 1, init containers: 1, containers: 1, volumes: 3)
2025-01-30 18:17:29,365 INFO c.h.h.t.HelmChartContainer - [hivemq-test-hivemq-platform] [hivemq-platform-operator] [353d8322] 18:17:29.364 [ReconcilerExecutor-hivemq-controller-110] DEBUG c.h.p.o.h.HiveMQPlatformReconcilerErrorHandler - [helmmetr] Pod 'test-hivemq-platform-0' phase Running
2025-01-30 18:17:29,366 INFO c.h.h.t.HelmChartContainer - [hivemq-test-hivemq-platform] [hivemq-platform-operator] [353d8322] 18:17:29.365 [ReconcilerExecutor-hivemq-controller-110] INFO  c.h.p.o.h.HiveMQPlatformReconcilerBaseHandler - [helmmetr] HiveMQ Platform is starting, 0 of 1 replicas are ready
2025-01-30 18:17:30,658 INFO c.h.h.t.HelmChartContainer - [test-hivemq-platform] [hivemq] [3bf3f8d2] INFO  - No valid license file found. Using trial license, restricted to 25 connections.
2025-01-30 18:17:30,670 INFO c.h.h.t.HelmChartContainer - [test-hivemq-platform] [hivemq] [3bf3f8d2] WARN  - [HiveMQ Platform Operator Init App 1.7.0-SNAPSHOT] Cannot connect to Health API for liveness: null
2025-01-30 18:17:30,670 INFO c.h.h.t.HelmChartContainer - [test-hivemq-platform] [hivemq] [3bf3f8d2] INFO  - [HiveMQ Platform Operator Init App 1.7.0-SNAPSHOT] Returning default Health API response 200 for liveness
2025-01-30 18:17:34,173 INFO c.h.h.t.HelmChartContainer - [test-hivemq-platform] [hivemq] [3bf3f8d2] WARN  - [HiveMQ Platform Operator Init App 1.7.0-SNAPSHOT] Cannot connect to Health API for readiness: null
2025-01-30 18:17:34,177 INFO c.h.h.t.HelmChartContainer - [EVENT] Warning [Unhealthy] Readiness probe failed: HTTP probe failed with statuscode: 503 [helmmetricsserviceit:test-hivemq-platform-0]
2025-01-30 18:17:34,177 INFO c.h.h.t.HelmChartContainer - Received Unhealthy event for container hivemq in pod test-hivemq-platform-0 [3bf3f8d2-995e-402d-9db8-c9b141dc7d6c]
2025-01-30 18:17:34,280 INFO c.h.h.t.HelmChartContainer - [test-hivemq-platform] [hivemq] [3bf3f8d2] INFO  - No valid license file for Data Hub found. Using free license, restricted to 1 policy.
2025-01-30 18:17:35,474 INFO c.h.h.t.HelmChartContainer - [test-hivemq-platform] [hivemq] [3bf3f8d2] INFO  - Audit Logger started.
2025-01-30 18:17:35,702 INFO c.h.h.t.HelmChartContainer - [test-hivemq-platform] [hivemq] [3bf3f8d2] INFO  - This node uses '1' CPU cores.
2025-01-30 18:17:35,768 INFO c.h.h.t.HelmChartContainer - [test-hivemq-platform] [hivemq] [3bf3f8d2] INFO  - Starting HiveMQ Health API on address 0.0.0.0 and port 8889
2025-01-30 18:17:36,577 INFO c.h.h.t.HelmChartContainer - [test-hivemq-platform] [hivemq] [3bf3f8d2] INFO  - Started HiveMQ Health API in 809ms
2025-01-30 18:17:37,175 INFO c.h.h.t.HelmChartContainer - [test-hivemq-platform] [hivemq] [3bf3f8d2] INFO  - Starting HiveMQ extension system.
2025-01-30 18:17:37,459 INFO c.h.h.t.HelmChartContainer - [test-hivemq-platform] [hivemq] [3bf3f8d2] INFO  - Starting extension with id "hivemq-dns-cluster-discovery" at /opt/hivemq/extensions/hivemq-dns-cluster-discovery
2025-01-30 18:17:37,883 INFO c.h.h.t.HelmChartContainer - [test-hivemq-platform] [hivemq] [3bf3f8d2] INFO  - Extension "DNS Cluster Discovery Extension" version 4.3.2 started successfully.
2025-01-30 18:17:37,883 INFO c.h.h.t.HelmChartContainer - [test-hivemq-platform] [hivemq] [3bf3f8d2] INFO  - Starting extension with id "hivemq-prometheus-extension" at /opt/hivemq/extensions/hivemq-prometheus-extension
2025-01-30 18:17:37,971 INFO c.h.h.t.HelmChartContainer - [test-hivemq-platform] [hivemq] [3bf3f8d2] INFO  - Using TCP cluster transport on address 10.42.0.10 and port 7000
2025-01-30 18:17:38,071 INFO c.h.h.t.HelmChartContainer - [test-hivemq-platform] [hivemq] [3bf3f8d2] INFO  - Using extension cluster discovery
2025-01-30 18:17:38,969 INFO c.h.h.t.HelmChartContainer - [test-hivemq-platform] [hivemq] [3bf3f8d2] INFO  - Started Jetty Server exposing Prometheus Servlet on URI http://0.0.0.0:9399/
2025-01-30 18:17:38,969 INFO c.h.h.t.HelmChartContainer - [test-hivemq-platform] [hivemq] [3bf3f8d2] INFO  - Extension "Prometheus Monitoring Extension" version 4.0.12 started successfully.
2025-01-30 18:17:38,970 INFO c.h.h.t.HelmChartContainer - [test-hivemq-platform] [hivemq] [3bf3f8d2] INFO  - Starting extension with id "hivemq-allow-all-extension" at /opt/hivemq/extensions/hivemq-allow-all-extension
2025-01-30 18:17:38,970 INFO c.h.h.t.HelmChartContainer - [test-hivemq-platform] [hivemq] [3bf3f8d2] WARN  - 
2025-01-30 18:17:38,970 INFO c.h.h.t.HelmChartContainer - [test-hivemq-platform] [hivemq] [3bf3f8d2] ################################################################################################################
2025-01-30 18:17:38,970 INFO c.h.h.t.HelmChartContainer - [test-hivemq-platform] [hivemq] [3bf3f8d2] # This HiveMQ deployment is not secure! You are lacking Authentication and Authorization.                      #
2025-01-30 18:17:38,970 INFO c.h.h.t.HelmChartContainer - [test-hivemq-platform] [hivemq] [3bf3f8d2] # Right now any MQTT client can connect to the broker with a full set of permissions.                          #
2025-01-30 18:17:38,970 INFO c.h.h.t.HelmChartContainer - [test-hivemq-platform] [hivemq] [3bf3f8d2] # For production usage, add an appropriate security extension and remove the hivemq-allow-all extension.       #
2025-01-30 18:17:38,970 INFO c.h.h.t.HelmChartContainer - [test-hivemq-platform] [hivemq] [3bf3f8d2] # You can download security extensions from the HiveMQ Marketplace (https://www.hivemq.com/extensions/).       #
2025-01-30 18:17:38,970 INFO c.h.h.t.HelmChartContainer - [test-hivemq-platform] [hivemq] [3bf3f8d2] ################################################################################################################
2025-01-30 18:17:38,971 INFO c.h.h.t.HelmChartContainer - [test-hivemq-platform] [hivemq] [3bf3f8d2] INFO  - Extension "Allow All Extension" version 1.1.1 started successfully.
2025-01-30 18:17:39,372 INFO c.h.h.t.HelmChartContainer - [hivemq-test-hivemq-platform] [hivemq-platform-operator] [353d8322] 18:17:39.368 [pool-6-thread-36] DEBUG c.h.p.o.d.PlatformServiceResource - [helmmetr] Desired Platform services (4 services)
2025-01-30 18:17:39,372 INFO c.h.h.t.HelmChartContainer - [hivemq-test-hivemq-platform] [hivemq-platform-operator] [353d8322] 18:17:39.369 [pool-6-thread-35] DEBUG c.h.p.o.dependants.PodInfoConfigMap - [helmmetr] Desired PodInfo ConfigMap (1 extensions) (1 enabled)
2025-01-30 18:17:39,372 INFO c.h.h.t.HelmChartContainer - [hivemq-test-hivemq-platform] [hivemq-platform-operator] [353d8322] 18:17:39.370 [pool-6-thread-35] DEBUG c.h.p.o.dependants.PodInfoConfigMap - [helmmetr] Desired PodInfo ConfigMap (metrics port: 9399) (metrics path: /)
2025-01-30 18:17:39,372 INFO c.h.h.t.HelmChartContainer - [hivemq-test-hivemq-platform] [hivemq-platform-operator] [353d8322] 18:17:39.370 [pool-6-thread-35] DEBUG c.h.p.o.dependants.PodInfoConfigMap - [helmmetr] Desired PodInfo ConfigMap (extension state hash: -1817474005)
2025-01-30 18:17:39,374 INFO c.h.h.t.HelmChartContainer - [hivemq-test-hivemq-platform] [hivemq-platform-operator] [353d8322] 18:17:39.373 [pool-6-thread-36] DEBUG c.h.p.o.d.PodServiceAccountResource - [helmmetr] Desired PodServiceAccountResource (serviceAccountName: hivemq-platform-pod-test-hivemq-platform)
2025-01-30 18:17:39,377 INFO c.h.h.t.HelmChartContainer - [hivemq-test-hivemq-platform] [hivemq-platform-operator] [353d8322] 18:17:39.376 [pool-6-thread-35] DEBUG c.h.p.o.d.StatefulSetResource - [helmmetr] Desired StatefulSet (1 replicas) for status STARTING (READY)
2025-01-30 18:17:39,381 INFO c.h.h.t.HelmChartContainer - [hivemq-test-hivemq-platform] [hivemq-platform-operator] [353d8322] 18:17:39.380 [ReconcilerExecutor-hivemq-controller-111] INFO  c.h.p.o.HiveMQPlatformReconciler - [helmmetr] Reconciling HiveMQ Platform 'test-hivemq-platform' in namespace 'helmmetricsserviceit'
2025-01-30 18:17:39,384 INFO c.h.h.t.HelmChartContainer - [hivemq-test-hivemq-platform] [hivemq-platform-operator] [353d8322] 18:17:39.380 [ReconcilerExecutor-hivemq-controller-111] DEBUG c.h.p.o.HiveMQPlatformReconciler - [helmmetr] Custom Resource Status STARTING - HiveMQ Platform is starting (READY)
2025-01-30 18:17:39,385 INFO c.h.h.t.HelmChartContainer - [hivemq-test-hivemq-platform] [hivemq-platform-operator] [353d8322] 18:17:39.381 [ReconcilerExecutor-hivemq-controller-111] DEBUG c.h.p.o.HiveMQPlatformReconciler - [helmmetr] Custom Resource Spec (replicas: 1) (extensions: 1)
2025-01-30 18:17:39,385 INFO c.h.h.t.HelmChartContainer - [hivemq-test-hivemq-platform] [hivemq-platform-operator] [353d8322] 18:17:39.383 [ReconcilerExecutor-hivemq-controller-111] DEBUG c.h.p.o.HiveMQPlatformReconciler - [helmmetr] StatefulSet Status (revision: test-hivemq-platform-69f859d85d, replicas: 1, available: 0, ready: 0, current: 1, updated: 1)
2025-01-30 18:17:39,385 INFO c.h.h.t.HelmChartContainer - [hivemq-test-hivemq-platform] [hivemq-platform-operator] [353d8322] 18:17:39.383 [ReconcilerExecutor-hivemq-controller-111] DEBUG c.h.p.o.HiveMQPlatformReconciler - [helmmetr] StatefulSet Spec (replicas: 1, init containers: 1, containers: 1, volumes: 3)
2025-01-30 18:17:39,387 INFO c.h.h.t.HelmChartContainer - [hivemq-test-hivemq-platform] [hivemq-platform-operator] [353d8322] 18:17:39.385 [ReconcilerExecutor-hivemq-controller-111] DEBUG c.h.p.o.h.HiveMQPlatformReconcilerErrorHandler - [helmmetr] Pod 'test-hivemq-platform-0' phase Running
2025-01-30 18:17:39,387 INFO c.h.h.t.HelmChartContainer - [hivemq-test-hivemq-platform] [hivemq-platform-operator] [353d8322] 18:17:39.387 [ReconcilerExecutor-hivemq-controller-111] INFO  c.h.p.o.h.HiveMQPlatformReconcilerBaseHandler - [helmmetr] HiveMQ Platform is starting, 0 of 1 replicas are ready
2025-01-30 18:17:39,672 INFO c.h.h.t.HelmChartContainer - [test-hivemq-platform] [hivemq] [3bf3f8d2] INFO  - [HiveMQ Platform Operator Init App 1.7.0-SNAPSHOT] Returning Health API response 503 for readiness
2025-01-30 18:17:39,679 INFO c.h.h.t.HelmChartContainer - [EVENT] Warning [Unhealthy] Readiness probe failed: HTTP probe failed with statuscode: 503 [helmmetricsserviceit:test-hivemq-platform-0]
2025-01-30 18:17:39,680 INFO c.h.h.t.HelmChartContainer - Received Unhealthy event for container hivemq in pod test-hivemq-platform-0 [3bf3f8d2-995e-402d-9db8-c9b141dc7d6c]
2025-01-30 18:17:40,969 INFO c.h.h.t.HelmChartContainer - [test-hivemq-platform] [hivemq] [3bf3f8d2] INFO  - 3ohuW: no members discovered after 2199 ms: creating cluster as first member
2025-01-30 18:17:40,975 INFO c.h.h.t.HelmChartContainer - [test-hivemq-platform] [hivemq] [3bf3f8d2] INFO  - Cluster nodes found by discovery: [3ohuW|0] (1) [3ohuW].
2025-01-30 18:17:40,992 INFO c.h.h.t.HelmChartContainer - [test-hivemq-platform] [hivemq] [3bf3f8d2] INFO  - Starting HiveMQ REST API on address 0.0.0.0 and port 8890
2025-01-30 18:17:41,380 INFO c.h.h.t.HelmChartContainer - [test-hivemq-platform] [hivemq] [3bf3f8d2] INFO  - Started HiveMQ REST API in 388ms
2025-01-30 18:17:41,381 INFO c.h.h.t.HelmChartContainer - [test-hivemq-platform] [hivemq] [3bf3f8d2] WARN  - No user for HiveMQ Control Center configured. Starting with default user
2025-01-30 18:17:41,381 INFO c.h.h.t.HelmChartContainer - [test-hivemq-platform] [hivemq] [3bf3f8d2] INFO  - Starting HiveMQ Control Center on address 0.0.0.0 and port 8081
2025-01-30 18:17:41,385 INFO c.h.h.t.HelmChartContainer - [test-hivemq-platform] [hivemq] [3bf3f8d2] INFO  - Mounting HiveMQ Control Center V2 Preview
2025-01-30 18:17:41,987 INFO c.h.h.t.HelmChartContainer - [test-hivemq-platform] [hivemq] [3bf3f8d2] INFO  - Started HiveMQ Control Center in 606ms
2025-01-30 18:17:42,075 INFO c.h.h.t.HelmChartContainer - [test-hivemq-platform] [hivemq] [3bf3f8d2] INFO  - Starting TCP listener on address 0.0.0.0 and port 1883
2025-01-30 18:17:42,088 INFO c.h.h.t.HelmChartContainer - [test-hivemq-platform] [hivemq] [3bf3f8d2] INFO  - Started TCP Listener on address 0.0.0.0 and on port 1883.
2025-01-30 18:17:42,088 INFO c.h.h.t.HelmChartContainer - [test-hivemq-platform] [hivemq] [3bf3f8d2] INFO  - Started HiveMQ in 31529ms
2025-01-30 18:17:44,173 INFO c.h.h.t.HelmChartContainer - [test-hivemq-platform] [hivemq] [3bf3f8d2] INFO  - [HiveMQ Platform Operator Init App 1.7.0-SNAPSHOT] Returning Health API response 200 for readiness
2025-01-30 18:17:44,189 INFO c.h.h.t.HelmChartContainer - [POD] test-hivemq-platform-0 [3bf3f8d2-995e-402d-9db8-c9b141dc7d6c] in helmmetricsserviceit was MODIFIED
2025-01-30 18:17:44,204 INFO c.h.h.t.HelmChartContainer - [hivemq-test-hivemq-platform] [hivemq-platform-operator] [353d8322] 18:17:44.191 [pool-6-thread-46] DEBUG c.h.p.o.d.PlatformServiceResource - [helmmetr] Desired Platform services (4 services)
2025-01-30 18:17:44,204 INFO c.h.h.t.HelmChartContainer - [hivemq-test-hivemq-platform] [hivemq-platform-operator] [353d8322] 18:17:44.192 [pool-6-thread-42] DEBUG c.h.p.o.dependants.PodInfoConfigMap - [helmmetr] Desired PodInfo ConfigMap (1 extensions) (1 enabled)
2025-01-30 18:17:44,204 INFO c.h.h.t.HelmChartContainer - [hivemq-test-hivemq-platform] [hivemq-platform-operator] [353d8322] 18:17:44.192 [pool-6-thread-42] DEBUG c.h.p.o.dependants.PodInfoConfigMap - [helmmetr] Desired PodInfo ConfigMap (metrics port: 9399) (metrics path: /)
2025-01-30 18:17:44,204 INFO c.h.h.t.HelmChartContainer - [hivemq-test-hivemq-platform] [hivemq-platform-operator] [353d8322] 18:17:44.192 [pool-6-thread-42] DEBUG c.h.p.o.dependants.PodInfoConfigMap - [helmmetr] Desired PodInfo ConfigMap (extension state hash: -1817474005)
2025-01-30 18:17:44,204 INFO c.h.h.t.HelmChartContainer - [hivemq-test-hivemq-platform] [hivemq-platform-operator] [353d8322] 18:17:44.193 [pool-6-thread-42] DEBUG c.h.p.o.d.PodServiceAccountResource - [helmmetr] Desired PodServiceAccountResource (serviceAccountName: hivemq-platform-pod-test-hivemq-platform)
2025-01-30 18:17:44,269 INFO c.h.h.t.HelmChartContainer - [hivemq-test-hivemq-platform] [hivemq-platform-operator] [353d8322] 18:17:44.268 [pool-6-thread-46] DEBUG c.h.p.o.d.StatefulSetResource - [helmmetr] Desired StatefulSet (1 replicas) for status STARTING (READY)
2025-01-30 18:17:44,273 INFO c.h.h.t.HelmChartContainer - [hivemq-test-hivemq-platform] [hivemq-platform-operator] [353d8322] 18:17:44.272 [ReconcilerExecutor-hivemq-controller-112] INFO  c.h.p.o.HiveMQPlatformReconciler - [helmmetr] Reconciling HiveMQ Platform 'test-hivemq-platform' in namespace 'helmmetricsserviceit'
2025-01-30 18:17:44,273 INFO c.h.h.t.HelmChartContainer - [hivemq-test-hivemq-platform] [hivemq-platform-operator] [353d8322] 18:17:44.272 [ReconcilerExecutor-hivemq-controller-112] DEBUG c.h.p.o.HiveMQPlatformReconciler - [helmmetr] Custom Resource Status STARTING - HiveMQ Platform is starting (READY)
2025-01-30 18:17:44,274 INFO c.h.h.t.HelmChartContainer - [hivemq-test-hivemq-platform] [hivemq-platform-operator] [353d8322] 18:17:44.272 [ReconcilerExecutor-hivemq-controller-112] DEBUG c.h.p.o.HiveMQPlatformReconciler - [helmmetr] Custom Resource Spec (replicas: 1) (extensions: 1)
2025-01-30 18:17:44,275 INFO c.h.h.t.HelmChartContainer - [hivemq-test-hivemq-platform] [hivemq-platform-operator] [353d8322] 18:17:44.274 [ReconcilerExecutor-hivemq-controller-112] DEBUG c.h.p.o.HiveMQPlatformReconciler - [helmmetr] StatefulSet Status (revision: test-hivemq-platform-69f859d85d, replicas: 1, available: 1, ready: 1, current: 1, updated: 1)
2025-01-30 18:17:44,275 INFO c.h.h.t.HelmChartContainer - [hivemq-test-hivemq-platform] [hivemq-platform-operator] [353d8322] 18:17:44.274 [ReconcilerExecutor-hivemq-controller-112] DEBUG c.h.p.o.HiveMQPlatformReconciler - [helmmetr] StatefulSet Spec (replicas: 1, init containers: 1, containers: 1, volumes: 3)
2025-01-30 18:17:44,277 INFO c.h.h.t.HelmChartContainer - [hivemq-test-hivemq-platform] [hivemq-platform-operator] [353d8322] 18:17:44.276 [ReconcilerExecutor-hivemq-controller-112] DEBUG c.h.p.o.h.HiveMQPlatformReconcilerErrorHandler - [helmmetr] Pod 'test-hivemq-platform-0' phase Running
2025-01-30 18:17:44,277 INFO c.h.h.t.HelmChartContainer - [hivemq-test-hivemq-platform] [hivemq-platform-operator] [353d8322] 18:17:44.276 [ReconcilerExecutor-hivemq-controller-112] INFO  c.h.p.o.h.HiveMQPlatformReconcilerBaseHandler - [helmmetr] HiveMQ Platform started successfully
2025-01-30 18:17:44,373 INFO c.h.h.t.HelmChartContainer - [hivemq-test-hivemq-platform] [hivemq-platform-operator] [353d8322] 18:17:44.371 [ReconcilerExecutor-hivemq-controller-112] DEBUG c.h.p.operator.event.EventSender - [helmmetr] Creating K8s event hivemq-platform-ready: [Ready] HiveMQ Platform is ready
2025-01-30 18:17:44,375 INFO c.h.h.t.HelmChartContainer - [EVENT] Normal [Ready] HiveMQ Platform is ready [helmmetricsserviceit:test-hivemq-platform]
2025-01-30 18:17:44,376 INFO c.h.h.t.HelmChartContainer - [hivemq-test-hivemq-platform] [hivemq-platform-operator] [353d8322] 18:17:44.375 [ReconcilerExecutor-hivemq-controller-112] INFO  c.h.p.o.h.AbstractHiveMQReconcilerStateHandler - [helmmetr] Update HiveMQ Platform Status (STARTING [READY] -> RUNNING [READY]): HiveMQ Platform is ready
2025-01-30 18:17:44,382 DEBUG com.hivemq.helmcharts.util.K8sUtil - Comparing actual state 'RUNNING' and waiting for 'RUNNING'
2025-01-30 18:17:44,387 INFO c.h.h.t.HelmChartContainer - [hivemq-test-hivemq-platform] [hivemq-platform-operator] [353d8322] 18:17:44.386 [pool-6-thread-4] DEBUG c.h.p.o.d.PlatformServiceResource - [helmmetr] Desired Platform services (4 services)
2025-01-30 18:17:44,387 INFO c.h.h.t.HelmChartContainer - [hivemq-test-hivemq-platform] [hivemq-platform-operator] [353d8322] 18:17:44.386 [pool-6-thread-9] DEBUG c.h.p.o.dependants.PodInfoConfigMap - [helmmetr] Desired PodInfo ConfigMap (1 extensions) (1 enabled)
2025-01-30 18:17:44,388 INFO c.h.h.t.HelmChartContainer - [hivemq-test-hivemq-platform] [hivemq-platform-operator] [353d8322] 18:17:44.386 [pool-6-thread-9] DEBUG c.h.p.o.dependants.PodInfoConfigMap - [helmmetr] Desired PodInfo ConfigMap (metrics port: 9399) (metrics path: /)
2025-01-30 18:17:44,388 INFO c.h.h.t.HelmChartContainer - [hivemq-test-hivemq-platform] [hivemq-platform-operator] [353d8322] 18:17:44.386 [pool-6-thread-9] DEBUG c.h.p.o.dependants.PodInfoConfigMap - [helmmetr] Desired PodInfo ConfigMap (extension state hash: -1817474005)
2025-01-30 18:17:44,389 INFO c.h.h.t.HelmChartContainer - [hivemq-test-hivemq-platform] [hivemq-platform-operator] [353d8322] 18:17:44.387 [pool-6-thread-3] DEBUG c.h.p.o.d.PodServiceAccountResource - [helmmetr] Desired PodServiceAccountResource (serviceAccountName: hivemq-platform-pod-test-hivemq-platform)
2025-01-30 18:17:44,466 INFO c.h.h.t.HelmChartContainer - [hivemq-test-hivemq-platform] [hivemq-platform-operator] [353d8322] 18:17:44.465 [pool-6-thread-9] DEBUG c.h.p.o.dependants.PodInfoConfigMap - [helmmetr] Update PodInfo ConfigMap
2025-01-30 18:17:44,499 INFO c.h.h.t.HelmChartContainer - [hivemq-test-hivemq-platform] [hivemq-platform-operator] [353d8322] 18:17:44.496 [pool-6-thread-9] DEBUG c.h.p.o.d.StatefulSetResource - [helmmetr] Desired StatefulSet (1 replicas) for status RUNNING (READY)
2025-01-30 18:17:44,509 INFO c.h.h.t.HelmChartContainer - [hivemq-test-hivemq-platform] [hivemq-platform-operator] [353d8322] 18:17:44.508 [ReconcilerExecutor-hivemq-controller-113] INFO  c.h.p.o.HiveMQPlatformReconciler - [helmmetr] Reconciling HiveMQ Platform 'test-hivemq-platform' in namespace 'helmmetricsserviceit'
2025-01-30 18:17:44,510 INFO c.h.h.t.HelmChartContainer - [hivemq-test-hivemq-platform] [hivemq-platform-operator] [353d8322] 18:17:44.509 [ReconcilerExecutor-hivemq-controller-113] DEBUG c.h.p.o.HiveMQPlatformReconciler - [helmmetr] Custom Resource Status RUNNING - HiveMQ Platform is ready (READY)
2025-01-30 18:17:44,510 INFO c.h.h.t.HelmChartContainer - [hivemq-test-hivemq-platform] [hivemq-platform-operator] [353d8322] 18:17:44.509 [ReconcilerExecutor-hivemq-controller-113] DEBUG c.h.p.o.HiveMQPlatformReconciler - [helmmetr] Custom Resource Spec (replicas: 1) (extensions: 1)
2025-01-30 18:17:44,572 INFO c.h.h.t.HelmChartContainer - [hivemq-test-hivemq-platform] [hivemq-platform-operator] [353d8322] 18:17:44.567 [ReconcilerExecutor-hivemq-controller-113] DEBUG c.h.p.o.HiveMQPlatformReconciler - [helmmetr] StatefulSet Status (revision: test-hivemq-platform-69f859d85d, replicas: 1, available: 1, ready: 1, current: 1, updated: 1)
2025-01-30 18:17:44,572 INFO c.h.h.t.HelmChartContainer - [hivemq-test-hivemq-platform] [hivemq-platform-operator] [353d8322] 18:17:44.567 [ReconcilerExecutor-hivemq-controller-113] DEBUG c.h.p.o.HiveMQPlatformReconciler - [helmmetr] StatefulSet Spec (replicas: 1, init containers: 1, containers: 1, volumes: 3)
2025-01-30 18:17:44,572 INFO c.h.h.t.HelmChartContainer - [hivemq-test-hivemq-platform] [hivemq-platform-operator] [353d8322] 18:17:44.569 [ReconcilerExecutor-hivemq-controller-113] DEBUG c.h.p.o.h.HiveMQPlatformReconcilerErrorHandler - [helmmetr] Pod 'test-hivemq-platform-0' phase Running
2025-01-30 18:17:47,307 INFO c.h.helmcharts.util.MonitoringUtil - Asserting Prometheus subscribes metrics...
2025-01-30 18:17:48,009 INFO c.h.helmcharts.util.MonitoringUtil - Asserted subscribes metrics (701 ms)
2025-01-30 18:17:48,010 INFO c.h.helmcharts.util.MonitoringUtil - Asserting Prometheus publishes metrics...
2025-01-30 18:17:48,293 INFO c.h.helmcharts.util.MonitoringUtil - Asserted publishes metrics (283 ms)
2025-01-30 18:17:48,294 INFO c.h.h.t.HelmChartContainer - Uninstalling release 'test-hivemq-platform' in namespace 'helmmetricsserviceit'...
2025-01-30 18:17:48,295 DEBUG c.h.h.t.HelmChartContainer - Executing helm command: /bin/helm --kubeconfig /etc/rancher/k3s/k3s.yaml uninstall test-hivemq-platform  --wait --timeout 5m0s --cascade foreground --namespace helmmetricsserviceit
2025-01-30 18:17:48,298 INFO c.h.h.t.HelmChartContainer - [K3S] [upgradeaware.go:427] Error proxying data from client to backend: remote error: tls: user canceled
2025-01-30 18:17:48,522 INFO c.h.h.t.HelmChartContainer - [hivemq-test-hivemq-platform] [hivemq-platform-operator] [353d8322] 18:17:48.510 [pool-6-thread-17] DEBUG c.h.p.o.d.PlatformServiceResource - [helmmetr] Desired Platform services (4 services)
2025-01-30 18:17:48,522 INFO c.h.h.t.HelmChartContainer - [hivemq-test-hivemq-platform] [hivemq-platform-operator] [353d8322] 18:17:48.512 [pool-6-thread-19] DEBUG c.h.p.o.dependants.PodInfoConfigMap - [helmmetr] Desired PodInfo ConfigMap (1 extensions) (1 enabled)
2025-01-30 18:17:48,522 INFO c.h.h.t.HelmChartContainer - [hivemq-test-hivemq-platform] [hivemq-platform-operator] [353d8322] 18:17:48.512 [pool-6-thread-19] DEBUG c.h.p.o.dependants.PodInfoConfigMap - [helmmetr] Desired PodInfo ConfigMap (metrics port: 9399) (metrics path: /)
2025-01-30 18:17:48,522 INFO c.h.h.t.HelmChartContainer - [hivemq-test-hivemq-platform] [hivemq-platform-operator] [353d8322] 18:17:48.512 [pool-6-thread-19] DEBUG c.h.p.o.dependants.PodInfoConfigMap - [helmmetr] Desired PodInfo ConfigMap (extension state hash: -1817474005)
2025-01-30 18:17:48,522 INFO c.h.h.t.HelmChartContainer - [hivemq-test-hivemq-platform] [hivemq-platform-operator] [353d8322] 18:17:48.516 [pool-6-thread-11] DEBUG c.h.p.o.d.PodServiceAccountResource - [helmmetr] Desired PodServiceAccountResource (serviceAccountName: hivemq-platform-pod-test-hivemq-platform)
2025-01-30 18:17:48,570 INFO c.h.h.t.HelmChartContainer - [hivemq-test-hivemq-platform] [hivemq-platform-operator] [353d8322] 18:17:48.569 [pool-6-thread-17] DEBUG c.h.p.o.d.StatefulSetResource - [helmmetr] Desired StatefulSet (1 replicas) for status RUNNING (READY)
2025-01-30 18:17:48,575 INFO c.h.h.t.HelmChartContainer - [hivemq-test-hivemq-platform] [hivemq-platform-operator] [353d8322] 18:17:48.574 [pool-6-thread-17] DEBUG c.h.p.o.d.StatefulSetResource - [helmmetr] Update StatefulSet (replicas: 1 -> 1)
2025-01-30 18:17:48,576 INFO c.h.h.t.HelmChartContainer - [hivemq-test-hivemq-platform] [hivemq-platform-operator] [353d8322] 18:17:48.575 [pool-6-thread-17] DEBUG c.h.p.o.d.StatefulSetResource - [helmmetr] Detected change in StatefulSet specification (path: /template/metadata/annotations/kubernetes-resource-versions) (actual value: {broker-configuration-v2=-382267829}) (target value: {broker-configuration-v2=0})
2025-01-30 18:17:48,577 INFO c.h.h.t.HelmChartContainer - [hivemq-test-hivemq-platform] [hivemq-platform-operator] [353d8322] 18:17:48.575 [pool-6-thread-17] INFO  c.h.p.o.d.StatefulSetResource - [helmmetr] StatefulSet spec was updated, triggering rolling restart
2025-01-30 18:17:48,673 INFO c.h.h.t.HelmChartContainer - [hivemq-test-hivemq-platform] [hivemq-platform-operator] [353d8322] 18:17:48.668 [ReconcilerExecutor-hivemq-controller-114] INFO  c.h.p.o.HiveMQPlatformReconciler - [helmmetr] Reconciling HiveMQ Platform 'test-hivemq-platform' in namespace 'helmmetricsserviceit'
2025-01-30 18:17:48,673 INFO c.h.h.t.HelmChartContainer - [hivemq-test-hivemq-platform] [hivemq-platform-operator] [353d8322] 18:17:48.669 [ReconcilerExecutor-hivemq-controller-114] DEBUG c.h.p.o.HiveMQPlatformReconciler - [helmmetr] Custom Resource Status RUNNING - HiveMQ Platform is ready (READY) (reconciliation requests: REQUESTS_UPDATED, ROLLING_RESTART)
2025-01-30 18:17:48,673 INFO c.h.h.t.HelmChartContainer - [hivemq-test-hivemq-platform] [hivemq-platform-operator] [353d8322] 18:17:48.669 [ReconcilerExecutor-hivemq-controller-114] DEBUG c.h.p.o.HiveMQPlatformReconciler - [helmmetr] Custom Resource Spec (replicas: 1) (extensions: 1)
2025-01-30 18:17:48,673 INFO c.h.h.t.HelmChartContainer - [hivemq-test-hivemq-platform] [hivemq-platform-operator] [353d8322] 18:17:48.669 [ReconcilerExecutor-hivemq-controller-114] WARN  c.h.p.o.h.HiveMQPlatformReconcilerErrorHandler - [helmmetr] Could not find ConfigMap 'hivemq-configuration-test-hivemq-platform' for HiveMQ Platform configuration
2025-01-30 18:17:48,743 INFO c.h.h.t.HelmChartContainer - [K3S] [INFO] COMPACT compactRev=0 targetCompactRev=2 currentRev=1185
2025-01-30 18:17:48,744 INFO c.h.h.t.HelmChartContainer - [K3S] [INFO] COMPACT deleted 0 rows from 2 revisions in 395.94µs - compacted to 2/1185
2025-01-30 18:17:48,744 INFO c.h.h.t.HelmChartContainer - [K3S] [INFO] COMPACT compacted from 0 to 2 in 1 transactions over 1ms
2025-01-30 18:17:48,775 INFO c.h.h.t.HelmChartContainer - [hivemq-test-hivemq-platform] [hivemq-platform-operator] [353d8322] 18:17:48.773 [ReconcilerExecutor-hivemq-controller-114] DEBUG c.h.p.operator.event.EventSender - [helmmetr] Creating K8s event hivemq-platform-invalid-configuration: [Start] Could not find ConfigMap 'hivemq-configuration-test-hivemq-platform' for HiveMQ Platform configuration
2025-01-30 18:17:48,779 INFO c.h.h.t.HelmChartContainer - [hivemq-test-hivemq-platform] [hivemq-platform-operator] [353d8322] 18:17:48.778 [ReconcilerExecutor-hivemq-controller-114] INFO  c.h.p.o.h.AbstractHiveMQReconcilerStateHandler - [helmmetr] Update HiveMQ Platform Status (RUNNING [READY] -> ERROR [INVALID_CONFIG_MAP]): Could not find ConfigMap 'hivemq-configuration-test-hivemq-platform' for HiveMQ Platform configuration (reconciliation requests: ROLLING_RESTART)
2025-01-30 18:17:48,779 INFO c.h.h.t.HelmChartContainer - [EVENT] Warning [Start] Could not find ConfigMap 'hivemq-configuration-test-hivemq-platform' for HiveMQ Platform configuration [helmmetricsserviceit:test-hivemq-platform]
2025-01-30 18:17:48,869 INFO c.h.h.t.HelmChartContainer - [hivemq-test-hivemq-platform] [hivemq-platform-operator] [353d8322] 18:17:48.865 [ReconcilerExecutor-hivemq-controller-114] ERROR i.j.o.p.event.EventProcessor - Error during event processing ExecutionScope{ resource id: ResourceID{name='test-hivemq-platform', namespace='helmmetricsserviceit'}, version: 1162}
2025-01-30 18:17:48,869 INFO c.h.h.t.HelmChartContainer - [hivemq-test-hivemq-platform] [hivemq-platform-operator] [353d8322] io.fabric8.kubernetes.client.KubernetesClientException: Failure executing: PUT at: https://10.43.0.1:443/apis/hivemq.com/v1/namespaces/helmmetricsserviceit/hivemq-platforms/test-hivemq-platform/status. Message: Operation cannot be fulfilled on hivemq-platforms.hivemq.com "test-hivemq-platform": the object has been modified; please apply your changes to the latest version and try again. Received status: Status(apiVersion=v1, code=409, details=StatusDetails(causes=[], group=hivemq.com, kind=hivemq-platforms, name=test-hivemq-platform, retryAfterSeconds=null, uid=null, additionalProperties={}), kind=Status, message=Operation cannot be fulfilled on hivemq-platforms.hivemq.com "test-hivemq-platform": the object has been modified; please apply your changes to the latest version and try again, metadata=ListMeta(_continue=null, remainingItemCount=null, resourceVersion=null, selfLink=null, additionalProperties={}), reason=Conflict, status=Failure, additionalProperties={}).
2025-01-30 18:17:48,869 INFO c.h.h.t.HelmChartContainer - [hivemq-test-hivemq-platform] [hivemq-platform-operator] [353d8322] 	at io.fabric8.kubernetes.client.KubernetesClientException.copyAsCause(KubernetesClientException.java:238)
2025-01-30 18:17:48,869 INFO c.h.h.t.HelmChartContainer - [hivemq-test-hivemq-platform] [hivemq-platform-operator] [353d8322] 	at io.fabric8.kubernetes.client.dsl.internal.OperationSupport.waitForResult(OperationSupport.java:507)
2025-01-30 18:17:48,869 INFO c.h.h.t.HelmChartContainer - [hivemq-test-hivemq-platform] [hivemq-platform-operator] [353d8322] 	at io.fabric8.kubernetes.client.dsl.internal.OperationSupport.handleResponse(OperationSupport.java:524)
2025-01-30 18:17:48,869 INFO c.h.h.t.HelmChartContainer - [hivemq-test-hivemq-platform] [hivemq-platform-operator] [353d8322] 	at io.fabric8.kubernetes.client.dsl.internal.OperationSupport.handleUpdate(OperationSupport.java:358)
2025-01-30 18:17:48,869 INFO c.h.h.t.HelmChartContainer - [hivemq-test-hivemq-platform] [hivemq-platform-operator] [353d8322] 	at io.fabric8.kubernetes.client.dsl.internal.BaseOperation.handleUpdate(BaseOperation.java:759)
2025-01-30 18:17:48,869 INFO c.h.h.t.HelmChartContainer - [hivemq-test-hivemq-platform] [hivemq-platform-operator] [353d8322] 	at io.fabric8.kubernetes.client.dsl.internal.HasMetadataOperation.update(HasMetadataOperation.java:138)
2025-01-30 18:17:48,869 INFO c.h.h.t.HelmChartContainer - [hivemq-test-hivemq-platform] [hivemq-platform-operator] [353d8322] 	at io.fabric8.kubernetes.client.dsl.internal.HasMetadataOperation.update(HasMetadataOperation.java:121)
2025-01-30 18:17:48,869 INFO c.h.h.t.HelmChartContainer - [hivemq-test-hivemq-platform] [hivemq-platform-operator] [353d8322] 	at io.fabric8.kubernetes.client.dsl.internal.HasMetadataOperation.updateStatus(HasMetadataOperation.java:126)
2025-01-30 18:17:48,869 INFO c.h.h.t.HelmChartContainer - [hivemq-test-hivemq-platform] [hivemq-platform-operator] [353d8322] 	at io.fabric8.kubernetes.client.dsl.internal.HasMetadataOperation.updateStatus(HasMetadataOperation.java:44)
2025-01-30 18:17:48,869 INFO c.h.h.t.HelmChartContainer - [hivemq-test-hivemq-platform] [hivemq-platform-operator] [353d8322] 	at io.javaoperatorsdk.operator.processing.event.ReconciliationDispatcher$CustomResourceFacade.updateStatus(ReconciliationDispatcher.java:408)
2025-01-30 18:17:48,869 INFO c.h.h.t.HelmChartContainer - [hivemq-test-hivemq-platform] [hivemq-platform-operator] [353d8322] 	at io.javaoperatorsdk.operator.processing.event.ReconciliationDispatcher.updateStatusGenerationAware(ReconciliationDispatcher.java:228)
2025-01-30 18:17:48,869 INFO c.h.h.t.HelmChartContainer - [hivemq-test-hivemq-platform] [hivemq-platform-operator] [353d8322] 	at io.javaoperatorsdk.operator.processing.event.ReconciliationDispatcher.reconcileExecution(ReconciliationDispatcher.java:150)
2025-01-30 18:17:48,869 INFO c.h.h.t.HelmChartContainer - [hivemq-test-hivemq-platform] [hivemq-platform-operator] [353d8322] 	at io.javaoperatorsdk.operator.processing.event.ReconciliationDispatcher.handleReconcile(ReconciliationDispatcher.java:117)
2025-01-30 18:17:48,869 INFO c.h.h.t.HelmChartContainer - [hivemq-test-hivemq-platform] [hivemq-platform-operator] [353d8322] 	at io.javaoperatorsdk.operator.processing.event.ReconciliationDispatcher.handleDispatch(ReconciliationDispatcher.java:91)
2025-01-30 18:17:48,869 INFO c.h.h.t.HelmChartContainer - [hivemq-test-hivemq-platform] [hivemq-platform-operator] [353d8322] 	at io.javaoperatorsdk.operator.processing.event.ReconciliationDispatcher.handleExecution(ReconciliationDispatcher.java:64)
2025-01-30 18:17:48,869 INFO c.h.h.t.HelmChartContainer - [hivemq-test-hivemq-platform] [hivemq-platform-operator] [353d8322] 	at io.javaoperatorsdk.operator.processing.event.EventProcessor$ReconcilerExecutor.run(EventProcessor.java:452)
2025-01-30 18:17:48,869 INFO c.h.h.t.HelmChartContainer - [hivemq-test-hivemq-platform] [hivemq-platform-operator] [353d8322] 	at java.base/java.util.concurrent.ThreadPoolExecutor.runWorker(Unknown Source)
2025-01-30 18:17:48,869 INFO c.h.h.t.HelmChartContainer - [hivemq-test-hivemq-platform] [hivemq-platform-operator] [353d8322] 	at java.base/java.util.concurrent.ThreadPoolExecutor$Worker.run(Unknown Source)
2025-01-30 18:17:48,869 INFO c.h.h.t.HelmChartContainer - [hivemq-test-hivemq-platform] [hivemq-platform-operator] [353d8322] 	at java.base/java.lang.Thread.run(Unknown Source)
2025-01-30 18:17:48,869 INFO c.h.h.t.HelmChartContainer - [hivemq-test-hivemq-platform] [hivemq-platform-operator] [353d8322] Caused by: io.fabric8.kubernetes.client.KubernetesClientException: Failure executing: PUT at: https://10.43.0.1:443/apis/hivemq.com/v1/namespaces/helmmetricsserviceit/hivemq-platforms/test-hivemq-platform/status. Message: Operation cannot be fulfilled on hivemq-platforms.hivemq.com "test-hivemq-platform": the object has been modified; please apply your changes to the latest version and try again. Received status: Status(apiVersion=v1, code=409, details=StatusDetails(causes=[], group=hivemq.com, kind=hivemq-platforms, name=test-hivemq-platform, retryAfterSeconds=null, uid=null, additionalProperties={}), kind=Status, message=Operation cannot be fulfilled on hivemq-platforms.hivemq.com "test-hivemq-platform": the object has been modified; please apply your changes to the latest version and try again, metadata=ListMeta(_continue=null, remainingItemCount=null, resourceVersion=null, selfLink=null, additionalProperties={}), reason=Conflict, status=Failure, additionalProperties={}).
2025-01-30 18:17:48,869 INFO c.h.h.t.HelmChartContainer - [hivemq-test-hivemq-platform] [hivemq-platform-operator] [353d8322] 	at io.fabric8.kubernetes.client.dsl.internal.OperationSupport.requestFailure(OperationSupport.java:660)
2025-01-30 18:17:48,869 INFO c.h.h.t.HelmChartContainer - [hivemq-test-hivemq-platform] [hivemq-platform-operator] [353d8322] 	at io.fabric8.kubernetes.client.dsl.internal.OperationSupport.requestFailure(OperationSupport.java:640)
2025-01-30 18:17:48,869 INFO c.h.h.t.HelmChartContainer - [hivemq-test-hivemq-platform] [hivemq-platform-operator] [353d8322] 	at io.fabric8.kubernetes.client.dsl.internal.OperationSupport.assertResponseCode(OperationSupport.java:589)
2025-01-30 18:17:48,869 INFO c.h.h.t.HelmChartContainer - [hivemq-test-hivemq-platform] [hivemq-platform-operator] [353d8322] 	at io.fabric8.kubernetes.client.dsl.internal.OperationSupport.lambda$handleResponse$0(OperationSupport.java:549)
2025-01-30 18:17:48,869 INFO c.h.h.t.HelmChartContainer - [hivemq-test-hivemq-platform] [hivemq-platform-operator] [353d8322] 	at java.base/java.util.concurrent.CompletableFuture$UniApply.tryFire(Unknown Source)
2025-01-30 18:17:48,869 INFO c.h.h.t.HelmChartContainer - [hivemq-test-hivemq-platform] [hivemq-platform-operator] [353d8322] 	at java.base/java.util.concurrent.CompletableFuture.postComplete(Unknown Source)
2025-01-30 18:17:48,869 INFO c.h.h.t.HelmChartContainer - [hivemq-test-hivemq-platform] [hivemq-platform-operator] [353d8322] 	at java.base/java.util.concurrent.CompletableFuture.complete(Unknown Source)
2025-01-30 18:17:48,869 INFO c.h.h.t.HelmChartContainer - [hivemq-test-hivemq-platform] [hivemq-platform-operator] [353d8322] 	at io.fabric8.kubernetes.client.http.StandardHttpClient.lambda$completeOrCancel$10(StandardHttpClient.java:141)
2025-01-30 18:17:48,869 INFO c.h.h.t.HelmChartContainer - [hivemq-test-hivemq-platform] [hivemq-platform-operator] [353d8322] 	at java.base/java.util.concurrent.CompletableFuture.uniWhenComplete(Unknown Source)
2025-01-30 18:17:48,869 INFO c.h.h.t.HelmChartContainer - [hivemq-test-hivemq-platform] [hivemq-platform-operator] [353d8322] 	at java.base/java.util.concurrent.CompletableFuture$UniWhenComplete.tryFire(Unknown Source)
2025-01-30 18:17:48,869 INFO c.h.h.t.HelmChartContainer - [hivemq-test-hivemq-platform] [hivemq-platform-operator] [353d8322] 	at java.base/java.util.concurrent.CompletableFuture.postComplete(Unknown Source)
2025-01-30 18:17:48,869 INFO c.h.h.t.HelmChartContainer - [hivemq-test-hivemq-platform] [hivemq-platform-operator] [353d8322] 	at java.base/java.util.concurrent.CompletableFuture.complete(Unknown Source)
2025-01-30 18:17:48,869 INFO c.h.h.t.HelmChartContainer - [hivemq-test-hivemq-platform] [hivemq-platform-operator] [353d8322] 	at io.fabric8.kubernetes.client.http.ByteArrayBodyHandler.onBodyDone(ByteArrayBodyHandler.java:51)
2025-01-30 18:17:48,869 INFO c.h.h.t.HelmChartContainer - [hivemq-test-hivemq-platform] [hivemq-platform-operator] [353d8322] 	at java.base/java.util.concurrent.CompletableFuture.uniWhenComplete(Unknown Source)
2025-01-30 18:17:48,869 INFO c.h.h.t.HelmChartContainer - [hivemq-test-hivemq-platform] [hivemq-platform-operator] [353d8322] 	at java.base/java.util.concurrent.CompletableFuture$UniWhenComplete.tryFire(Unknown Source)
2025-01-30 18:17:48,869 INFO c.h.h.t.HelmChartContainer - [hivemq-test-hivemq-platform] [hivemq-platform-operator] [353d8322] 	at java.base/java.util.concurrent.CompletableFuture.postComplete(Unknown Source)
2025-01-30 18:17:48,869 INFO c.h.h.t.HelmChartContainer - [hivemq-test-hivemq-platform] [hivemq-platform-operator] [353d8322] 	at java.base/java.util.concurrent.CompletableFuture.complete(Unknown Source)
2025-01-30 18:17:48,869 INFO c.h.h.t.HelmChartContainer - [hivemq-test-hivemq-platform] [hivemq-platform-operator] [353d8322] 	at io.fabric8.kubernetes.client.vertx.VertxHttpRequest.lambda$null$1(VertxHttpRequest.java:121)
2025-01-30 18:17:48,869 INFO c.h.h.t.HelmChartContainer - [hivemq-test-hivemq-platform] [hivemq-platform-operator] [353d8322] 	at io.vertx.core.impl.ContextInternal.dispatch(ContextInternal.java:279)
2025-01-30 18:17:48,869 INFO c.h.h.t.HelmChartContainer - [hivemq-test-hivemq-platform] [hivemq-platform-operator] [353d8322] 	at io.vertx.core.impl.ContextInternal.dispatch(ContextInternal.java:261)
2025-01-30 18:17:48,869 INFO c.h.h.t.HelmChartContainer - [hivemq-test-hivemq-platform] [hivemq-platform-operator] [353d8322] 	at io.vertx.core.http.impl.HttpEventHandler.handleEnd(HttpEventHandler.java:76)
2025-01-30 18:17:48,869 INFO c.h.h.t.HelmChartContainer - [hivemq-test-hivemq-platform] [hivemq-platform-operator] [353d8322] 	at io.vertx.core.http.impl.HttpClientResponseImpl.handleEnd(HttpClientResponseImpl.java:250)
2025-01-30 18:17:48,869 INFO c.h.h.t.HelmChartContainer - [hivemq-test-hivemq-platform] [hivemq-platform-operator] [353d8322] 	at io.vertx.core.http.impl.Http1xClientConnection$StreamImpl.lambda$new$0(Http1xClientConnection.java:421)
2025-01-30 18:17:48,869 INFO c.h.h.t.HelmChartContainer - [hivemq-test-hivemq-platform] [hivemq-platform-operator] [353d8322] 	at io.vertx.core.streams.impl.InboundBuffer.handleEvent(InboundBuffer.java:279)
2025-01-30 18:17:48,869 INFO c.h.h.t.HelmChartContainer - [hivemq-test-hivemq-platform] [hivemq-platform-operator] [353d8322] 	at io.vertx.core.streams.impl.InboundBuffer.write(InboundBuffer.java:157)
2025-01-30 18:17:48,869 INFO c.h.h.t.HelmChartContainer - [hivemq-test-hivemq-platform] [hivemq-platform-operator] [353d8322] 	at io.vertx.core.http.impl.Http1xClientConnection$StreamImpl.handleEnd(Http1xClientConnection.java:709)
2025-01-30 18:17:48,870 INFO c.h.h.t.HelmChartContainer - [hivemq-test-hivemq-platform] [hivemq-platform-operator] [353d8322] 	at io.vertx.core.impl.ContextImpl.lambda$execute$4(ContextImpl.java:315)
2025-01-30 18:17:48,870 INFO c.h.h.t.HelmChartContainer - [hivemq-test-hivemq-platform] [hivemq-platform-operator] [353d8322] 	at io.netty.util.concurrent.AbstractEventExecutor.runTask(AbstractEventExecutor.java:173)
2025-01-30 18:17:48,870 INFO c.h.h.t.HelmChartContainer - [hivemq-test-hivemq-platform] [hivemq-platform-operator] [353d8322] 	at io.netty.util.concurrent.AbstractEventExecutor.safeExecute(AbstractEventExecutor.java:166)
2025-01-30 18:17:48,870 INFO c.h.h.t.HelmChartContainer - [hivemq-test-hivemq-platform] [hivemq-platform-operator] [353d8322] 	at io.netty.util.concurrent.SingleThreadEventExecutor.runAllTasks(SingleThreadEventExecutor.java:472)
2025-01-30 18:17:48,870 INFO c.h.h.t.HelmChartContainer - [hivemq-test-hivemq-platform] [hivemq-platform-operator] [353d8322] 	at io.netty.channel.nio.NioEventLoop.run(NioEventLoop.java:569)
2025-01-30 18:17:48,870 INFO c.h.h.t.HelmChartContainer - [hivemq-test-hivemq-platform] [hivemq-platform-operator] [353d8322] 	at io.netty.util.concurrent.SingleThreadEventExecutor$4.run(SingleThreadEventExecutor.java:997)
2025-01-30 18:17:48,870 INFO c.h.h.t.HelmChartContainer - [hivemq-test-hivemq-platform] [hivemq-platform-operator] [353d8322] 	at io.netty.util.internal.ThreadExecutorMap$2.run(ThreadExecutorMap.java:74)
2025-01-30 18:17:48,870 INFO c.h.h.t.HelmChartContainer - [hivemq-test-hivemq-platform] [hivemq-platform-operator] [353d8322] 	at io.netty.util.concurrent.FastThreadLocalRunnable.run(FastThreadLocalRunnable.java:30)
2025-01-30 18:17:48,870 INFO c.h.h.t.HelmChartContainer - [hivemq-test-hivemq-platform] [hivemq-platform-operator] [353d8322] 	... 1 common frames omitted
2025-01-30 18:17:48,872 INFO c.h.h.t.HelmChartContainer - [hivemq-test-hivemq-platform] [hivemq-platform-operator] [353d8322] 18:17:48.870 [ReconcilerExecutor-hivemq-controller-122] INFO  c.h.p.o.HiveMQPlatformReconciler - [helmmetr] Cleanup test-hivemq-platform - helmmetricsserviceit HiveMQ Platform is shut down
2025-01-30 18:17:49,468 INFO c.h.h.t.HelmChartContainer - [POD] test-hivemq-platform-0 [3bf3f8d2-995e-402d-9db8-c9b141dc7d6c] in helmmetricsserviceit was MODIFIED
2025-01-30 18:17:49,476 INFO c.h.h.t.HelmChartContainer - [EVENT] Normal [Killing] Stopping container hivemq [helmmetricsserviceit:test-hivemq-platform-0]
2025-01-30 18:17:49,476 INFO c.h.h.t.HelmChartContainer - Received Killing event for container hivemq in pod test-hivemq-platform-0 [3bf3f8d2-995e-402d-9db8-c9b141dc7d6c]
2025-01-30 18:17:49,476 INFO c.h.h.t.HelmChartContainer - Container [test-hivemq-platform-0] [hivemq] [3bf3f8d2-995e-402d-9db8-c9b141dc7d6c] was terminated
2025-01-30 18:17:49,476 INFO c.h.h.t.HelmChartContainer - Stopped log watcher for hivemq in pod test-hivemq-platform-0 [3bf3f8d2-995e-402d-9db8-c9b141dc7d6c]
2025-01-30 18:17:49,481 INFO c.h.h.t.HelmChartContainer - [test-hivemq-platform] [hivemq] [3bf3f8d2] INFO  - [HiveMQ Platform Operator Init App 1.7.0-SNAPSHOT] Shutting down
2025-01-30 18:17:49,481 INFO c.h.h.t.HelmChartContainer - [test-hivemq-platform] [hivemq] [3bf3f8d2] INFO  - [HiveMQ Platform Operator Init App 1.7.0-SNAPSHOT] Stopping the HiveMQ Platform
2025-01-30 18:17:49,584 INFO c.h.h.t.HelmChartContainer - [test-hivemq-platform] [hivemq] [3bf3f8d2] INFO  - Shutting down HiveMQ. Please wait, this could take a while...
2025-01-30 18:17:49,673 INFO c.h.h.t.HelmChartContainer - [K3S] [authentication.go:74] "Unable to authenticate the request" err="[invalid bearer token, serviceaccounts \"hivemq-platform-pod-test-hivemq-platform\" not found]"
2025-01-30 18:17:49,675 INFO c.h.h.t.HelmChartContainer - [test-hivemq-platform] [hivemq] [3bf3f8d2] INFO  - Shutting down listeners and clients
2025-01-30 18:17:49,675 INFO c.h.h.t.HelmChartContainer - [test-hivemq-platform] [hivemq] [3bf3f8d2] INFO  - Shutdown of listeners is done
2025-01-30 18:17:49,676 INFO c.h.h.t.HelmChartContainer - [test-hivemq-platform] [hivemq] [3bf3f8d2] INFO  - No clients are connected, proceeding with shutdown
2025-01-30 18:17:49,774 INFO c.h.h.t.HelmChartContainer - [K3S] [authentication.go:74] "Unable to authenticate the request" err="[invalid bearer token, serviceaccounts \"hivemq-platform-pod-test-hivemq-platform\" not found]"
2025-01-30 18:17:49,784 INFO c.h.h.t.HelmChartContainer - [test-hivemq-platform] [hivemq] [3bf3f8d2] WARN  - [HiveMQ Platform Operator Init App 1.7.0-SNAPSHOT] Could not update Pod annotations: Failure executing: GET at: https://10.43.0.1:443/api/v1/namespaces/helmmetricsserviceit/pods/test-hivemq-platform-0. Message: Unauthorized. Received status: Status(apiVersion=v1, code=401, details=null, kind=Status, message=Unauthorized, metadata=ListMeta(_continue=null, remainingItemCount=null, resourceVersion=null, selfLink=null, additionalProperties={}), reason=Unauthorized, status=Failure, additionalProperties={}).
2025-01-30 18:17:50,559 INFO c.h.h.t.HelmChartContainer - Deleting namespace 'helmmetricsserviceit'...
2025-01-30 18:17:51,339 INFO c.h.h.t.HelmChartContainer - [K3S] [info.go:53] Couldn't collect info from any of the files in "/etc/machine-id,/var/lib/dbus/machine-id"
2025-01-30 18:17:52,179 INFO c.h.h.t.HelmChartContainer - [test-hivemq-platform] [hivemq] [3bf3f8d2] INFO  - Shutting down extension system
2025-01-30 18:17:52,182 INFO c.h.h.t.HelmChartContainer - [test-hivemq-platform] [hivemq] [3bf3f8d2] INFO  - Stopping extension with id hivemq-dns-cluster-discovery
2025-01-30 18:17:52,183 INFO c.h.h.t.HelmChartContainer - [test-hivemq-platform] [hivemq] [3bf3f8d2] INFO  - Extension "DNS Cluster Discovery Extension" version 4.3.2 stopped successfully.
2025-01-30 18:17:52,183 INFO c.h.h.t.HelmChartContainer - [test-hivemq-platform] [hivemq] [3bf3f8d2] INFO  - Stopping extension with id hivemq-prometheus-extension
2025-01-30 18:17:52,187 INFO c.h.h.t.HelmChartContainer - [test-hivemq-platform] [hivemq] [3bf3f8d2] INFO  - Extension "Prometheus Monitoring Extension" version 4.0.12 stopped successfully.
2025-01-30 18:17:52,187 INFO c.h.h.t.HelmChartContainer - [test-hivemq-platform] [hivemq] [3bf3f8d2] INFO  - Stopping extension with id hivemq-allow-all-extension
2025-01-30 18:17:52,187 INFO c.h.h.t.HelmChartContainer - [test-hivemq-platform] [hivemq] [3bf3f8d2] INFO  - Extension "Allow All Extension" version 1.1.1 stopped successfully.
2025-01-30 18:17:54,170 INFO c.h.h.t.HelmChartContainer - [test-hivemq-platform] [hivemq] [3bf3f8d2] INFO  - [HiveMQ Platform Operator Init App 1.7.0-SNAPSHOT] Returning shutdown Health API response 503 for readiness
2025-01-30 18:17:54,174 INFO c.h.h.t.HelmChartContainer - [EVENT] Warning [Unhealthy] Readiness probe failed: HTTP probe failed with statuscode: 503 [helmmetricsserviceit:test-hivemq-platform-0]
2025-01-30 18:17:54,174 INFO c.h.h.t.HelmChartContainer - Received Unhealthy event for container hivemq in pod test-hivemq-platform-0 [3bf3f8d2-995e-402d-9db8-c9b141dc7d6c]
2025-01-30 18:17:54,465 INFO c.h.h.t.HelmChartContainer - [test-hivemq-platform] [hivemq] [3bf3f8d2] INFO  - Shutdown completed.
2025-01-30 18:17:54,787 INFO c.h.h.t.HelmChartContainer - [K3S] [authentication.go:74] "Unable to authenticate the request" err="[invalid bearer token, serviceaccounts \"hivemq-platform-pod-test-hivemq-platform\" not found]"
2025-01-30 18:17:54,799 INFO c.h.h.t.HelmChartContainer - [K3S] [authentication.go:74] "Unable to authenticate the request" err="[invalid bearer token, serviceaccounts \"hivemq-platform-pod-test-hivemq-platform\" not found]"
2025-01-30 18:17:54,869 INFO c.h.h.t.HelmChartContainer - [test-hivemq-platform] [hivemq] [3bf3f8d2] WARN  - [HiveMQ Platform Operator Init App 1.7.0-SNAPSHOT] Could not update Pod annotations: Failure executing: GET at: https://10.43.0.1:443/api/v1/namespaces/helmmetricsserviceit/pods/test-hivemq-platform-0. Message: Unauthorized. Received status: Status(apiVersion=v1, code=401, details=null, kind=Status, message=Unauthorized, metadata=ListMeta(_continue=null, remainingItemCount=null, resourceVersion=null, selfLink=null, additionalProperties={}), reason=Unauthorized, status=Failure, additionalProperties={}).
2025-01-30 18:17:54,883 INFO c.h.h.t.HelmChartContainer - [test-hivemq-platform] [hivemq] [3bf3f8d2] INFO  - [HiveMQ Platform Operator Init App 1.7.0-SNAPSHOT] The HiveMQ Platform exited with code 143
2025-01-30 18:17:54,883 INFO c.h.h.t.HelmChartContainer - [test-hivemq-platform] [hivemq] [3bf3f8d2] INFO  - [HiveMQ Platform Operator Init App 1.7.0-SNAPSHOT] Stopping the REST API
2025-01-30 18:17:54,888 INFO c.h.h.t.HelmChartContainer - [test-hivemq-platform] [hivemq] [3bf3f8d2] INFO  - [HiveMQ Platform Operator Init App 1.7.0-SNAPSHOT] Shutdown complete
2025-01-30 18:17:55,415 INFO c.h.h.t.HelmChartContainer - [POD] test-hivemq-platform-0 [3bf3f8d2-995e-402d-9db8-c9b141dc7d6c] in helmmetricsserviceit was MODIFIED
2025-01-30 18:17:55,419 INFO c.h.h.t.HelmChartContainer - [K3S] [stateful_set.go:438] "Unhandled Error" err="error syncing StatefulSet helmmetricsserviceit/test-hivemq-platform, requeuing: controllerrevisions.apps \"test-hivemq-platform-5f85bd575d\" is forbidden: unable to create new content in namespace helmmetricsserviceit because it is being terminated"
2025-01-30 18:17:55,427 INFO c.h.h.t.HelmChartContainer - [K3S] [stateful_set.go:438] "Unhandled Error" err="error syncing StatefulSet helmmetricsserviceit/test-hivemq-platform, requeuing: controllerrevisions.apps \"test-hivemq-platform-5f85bd575d\" is forbidden: unable to create new content in namespace helmmetricsserviceit because it is being terminated"
2025-01-30 18:17:55,440 INFO c.h.h.t.HelmChartContainer - [K3S] [stateful_set.go:438] "Unhandled Error" err="error syncing StatefulSet helmmetricsserviceit/test-hivemq-platform, requeuing: controllerrevisions.apps \"test-hivemq-platform-5f85bd575d\" is forbidden: unable to create new content in namespace helmmetricsserviceit because it is being terminated"
2025-01-30 18:17:55,464 INFO c.h.h.t.HelmChartContainer - [K3S] [stateful_set.go:438] "Unhandled Error" err="error syncing StatefulSet helmmetricsserviceit/test-hivemq-platform, requeuing: controllerrevisions.apps \"test-hivemq-platform-5f85bd575d\" is forbidden: unable to create new content in namespace helmmetricsserviceit because it is being terminated"
2025-01-30 18:17:55,505 INFO c.h.h.t.HelmChartContainer - [K3S] [reconciler_common.go:162] "operationExecutor.UnmountVolume started for volume \"operator-init\" (UniqueName: \"kubernetes.io/empty-dir/3bf3f8d2-995e-402d-9db8-c9b141dc7d6c-operator-init\") pod \"3bf3f8d2-995e-402d-9db8-c9b141dc7d6c\" (UID: \"3bf3f8d2-995e-402d-9db8-c9b141dc7d6c\") "
2025-01-30 18:17:55,505 INFO c.h.h.t.HelmChartContainer - [K3S] [reconciler_common.go:162] "operationExecutor.UnmountVolume started for volume \"pod-info\" (UniqueName: \"kubernetes.io/configmap/3bf3f8d2-995e-402d-9db8-c9b141dc7d6c-pod-info\") pod \"3bf3f8d2-995e-402d-9db8-c9b141dc7d6c\" (UID: \"3bf3f8d2-995e-402d-9db8-c9b141dc7d6c\") "
2025-01-30 18:17:55,506 INFO c.h.h.t.HelmChartContainer - [K3S] [reconciler_common.go:162] "operationExecutor.UnmountVolume started for volume \"broker-configuration\" (UniqueName: \"kubernetes.io/configmap/3bf3f8d2-995e-402d-9db8-c9b141dc7d6c-broker-configuration\") pod \"3bf3f8d2-995e-402d-9db8-c9b141dc7d6c\" (UID: \"3bf3f8d2-995e-402d-9db8-c9b141dc7d6c\") "
2025-01-30 18:17:55,506 INFO c.h.h.t.HelmChartContainer - [K3S] [reconciler_common.go:162] "operationExecutor.UnmountVolume started for volume \"kube-api-access-6d6ct\" (UniqueName: \"kubernetes.io/projected/3bf3f8d2-995e-402d-9db8-c9b141dc7d6c-kube-api-access-6d6ct\") pod \"3bf3f8d2-995e-402d-9db8-c9b141dc7d6c\" (UID: \"3bf3f8d2-995e-402d-9db8-c9b141dc7d6c\") "
2025-01-30 18:17:55,508 INFO c.h.h.t.HelmChartContainer - [K3S] [stateful_set.go:438] "Unhandled Error" err="error syncing StatefulSet helmmetricsserviceit/test-hivemq-platform, requeuing: controllerrevisions.apps \"test-hivemq-platform-5f85bd575d\" is forbidden: unable to create new content in namespace helmmetricsserviceit because it is being terminated"
2025-01-30 18:17:55,590 INFO c.h.h.t.HelmChartContainer - [K3S] [stateful_set.go:438] "Unhandled Error" err="error syncing StatefulSet helmmetricsserviceit/test-hivemq-platform, requeuing: controllerrevisions.apps \"test-hivemq-platform-5f85bd575d\" is forbidden: unable to create new content in namespace helmmetricsserviceit because it is being terminated"
2025-01-30 18:17:55,605 INFO c.h.h.t.HelmChartContainer - [K3S] [reconciler_common.go:299] "Volume detached for volume \"operator-init\" (UniqueName: \"kubernetes.io/empty-dir/3bf3f8d2-995e-402d-9db8-c9b141dc7d6c-operator-init\") on node \"874cc17c0b8f\" DevicePath \"\""
2025-01-30 18:17:55,605 INFO c.h.h.t.HelmChartContainer - [K3S] [reconciler_common.go:299] "Volume detached for volume \"pod-info\" (UniqueName: \"kubernetes.io/configmap/3bf3f8d2-995e-402d-9db8-c9b141dc7d6c-pod-info\") on node \"874cc17c0b8f\" DevicePath \"\""
2025-01-30 18:17:55,605 INFO c.h.h.t.HelmChartContainer - [K3S] [reconciler_common.go:299] "Volume detached for volume \"broker-configuration\" (UniqueName: \"kubernetes.io/configmap/3bf3f8d2-995e-402d-9db8-c9b141dc7d6c-broker-configuration\") on node \"874cc17c0b8f\" DevicePath \"\""
2025-01-30 18:17:55,605 INFO c.h.h.t.HelmChartContainer - [K3S] [reconciler_common.go:299] "Volume detached for volume \"kube-api-access-6d6ct\" (UniqueName: \"kubernetes.io/projected/3bf3f8d2-995e-402d-9db8-c9b141dc7d6c-kube-api-access-6d6ct\") on node \"874cc17c0b8f\" DevicePath \"\""
2025-01-30 18:17:55,668 INFO c.h.h.t.HelmChartContainer - [K3S] [stateful_set.go:466] "StatefulSet has been deleted" key="helmmetricsserviceit/test-hivemq-platform"
2025-01-30 18:17:55,703 INFO c.h.h.t.HelmChartContainer - [K3S] [namespace_controller.go:164] "Unhandled Error" err="deletion of namespace helmmetricsserviceit failed: unexpected items still remain in namespace: helmmetricsserviceit for gvr: /v1, Resource=pods"
2025-01-30 18:17:55,752 INFO c.h.h.t.HelmChartContainer - [K3S] [stateful_set.go:466] "StatefulSet has been deleted" key="helmmetricsserviceit/test-hivemq-platform"
2025-01-30 18:17:55,811 INFO c.h.h.t.HelmChartContainer - [K3S] [scope.go:117] "RemoveContainer" containerID="fe88e8d2da5a4a7c1c48873e3b6345905324fd7f009054c6732607108a0f788a"
2025-01-30 18:17:55,828 INFO c.h.h.t.HelmChartContainer - [POD] test-hivemq-platform-0 [3bf3f8d2-995e-402d-9db8-c9b141dc7d6c] in helmmetricsserviceit was MODIFIED
2025-01-30 18:17:55,830 INFO c.h.h.t.HelmChartContainer - [POD] test-hivemq-platform-0 [3bf3f8d2-995e-402d-9db8-c9b141dc7d6c] in helmmetricsserviceit was DELETED
2025-01-30 18:17:55,912 INFO c.h.h.t.HelmChartContainer - [K3S] [scope.go:117] "RemoveContainer" containerID="bdb800a243d14065bc80676717b29daaf17bfefe3bcf7cbe31d6b42a6508be32"
2025-01-30 18:17:55,914 INFO c.h.h.t.HelmChartContainer - [K3S] [scope.go:117] "RemoveContainer" containerID="fe88e8d2da5a4a7c1c48873e3b6345905324fd7f009054c6732607108a0f788a"
2025-01-30 18:17:55,915 INFO c.h.h.t.HelmChartContainer - [K3S] [scope.go:117] "RemoveContainer" containerID="bdb800a243d14065bc80676717b29daaf17bfefe3bcf7cbe31d6b42a6508be32"
2025-01-30 18:17:56,078 INFO c.h.h.t.HelmChartContainer - Namespace 'helmmetricsserviceit' deleted
2025-01-30 18:17:56,078 INFO c.h.h.t.HelmChartContainer - Release 'test-hivemq-platform' in namespace 'helmmetricsserviceit' is uninstalled
2025-01-30 18:17:56,078 INFO c.h.h.t.HelmChartContainer - Uninstalling release 'test-hivemq-platform-operator' in namespace 'helmmetricsserviceit-operator'...
2025-01-30 18:17:56,078 DEBUG c.h.h.t.HelmChartContainer - Executing helm command: /bin/helm --kubeconfig /etc/rancher/k3s/k3s.yaml uninstall test-hivemq-platform-operator  --wait --timeout 5m0s --cascade foreground --namespace helmmetricsserviceit-operator
2025-01-30 18:17:56,256 INFO c.h.h.t.HelmChartContainer - [K3S] [replica_set.go:679] "Finished syncing" kind="ReplicaSet" key="helmmetricsserviceit-operator/hivemq-test-hivemq-platform-operator-6966f96d65" duration="24.842191ms"
2025-01-30 18:17:56,256 INFO c.h.h.t.HelmChartContainer - [K3S] [replica_set.go:679] "Finished syncing" kind="ReplicaSet" key="helmmetricsserviceit-operator/hivemq-test-hivemq-platform-operator-6966f96d65" duration="77.545µs"
2025-01-30 18:17:56,285 INFO c.h.h.t.HelmChartContainer - [POD] hivemq-test-hivemq-platform-operator-6966f96d65-bxqs5 [353d8322-11e9-4c31-9668-0ee7adea4e99] in helmmetricsserviceit-operator was MODIFIED
2025-01-30 18:17:56,299 INFO c.h.h.t.HelmChartContainer - [EVENT] Normal [Killing] Stopping container hivemq-platform-operator [helmmetricsserviceit-operator:hivemq-test-hivemq-platform-operator-6966f96d65-bxqs5]
2025-01-30 18:17:56,299 INFO c.h.h.t.HelmChartContainer - Received Killing event for container hivemq-platform-operator in pod hivemq-test-hivemq-platform-operator-6966f96d65-bxqs5 [353d8322-11e9-4c31-9668-0ee7adea4e99]
2025-01-30 18:17:56,300 INFO c.h.h.t.HelmChartContainer - Container [hivemq-test-hivemq-platform-operator-6966f96d65-bxqs5] [hivemq-platform-operator] [353d8322-11e9-4c31-9668-0ee7adea4e99] was terminated
2025-01-30 18:17:56,300 INFO c.h.h.t.HelmChartContainer - Stopped log watcher for hivemq-platform-operator in pod hivemq-test-hivemq-platform-operator-6966f96d65-bxqs5 [353d8322-11e9-4c31-9668-0ee7adea4e99]
2025-01-30 18:17:56,300 INFO c.h.h.t.HelmChartContainer - [K3S] [replica_set.go:679] "Finished syncing" kind="ReplicaSet" key="helmmetricsserviceit-operator/hivemq-test-hivemq-platform-operator-6966f96d65" duration="16.235997ms"
2025-01-30 18:17:56,302 INFO c.h.h.t.HelmChartContainer - [K3S] [replica_set.go:679] "Finished syncing" kind="ReplicaSet" key="helmmetricsserviceit-operator/hivemq-test-hivemq-platform-operator-6966f96d65" duration="79.83µs"
2025-01-30 18:17:56,303 INFO c.h.h.t.HelmChartContainer - [hivemq-test-hivemq-platform] [hivemq-platform-operator] [353d8322] 18:17:56.302 [application-shutdown-thread] INFO  c.h.p.o.HiveMQPlatformOperatorApplication - HiveMQ Platform Operator is stopping...
2025-01-30 18:17:56,303 INFO c.h.h.t.HelmChartContainer - [hivemq-test-hivemq-platform] [hivemq-platform-operator] [353d8322] 18:17:56.302 [application-shutdown-thread] INFO  i.javaoperatorsdk.operator.Operator - Operator SDK 4.9.7 is shutting down...
2025-01-30 18:17:56,894 INFO c.h.h.t.HelmChartContainer - [K3S] [replica_set.go:679] "Finished syncing" kind="ReplicaSet" key="helmmetricsserviceit-operator/hivemq-test-hivemq-platform-operator-6966f96d65" duration="42.038µs"
2025-01-30 18:17:56,894 INFO c.h.h.t.HelmChartContainer - [POD] hivemq-test-hivemq-platform-operator-6966f96d65-bxqs5 [353d8322-11e9-4c31-9668-0ee7adea4e99] in helmmetricsserviceit-operator was MODIFIED
2025-01-30 18:17:56,913 INFO c.h.h.t.HelmChartContainer - [K3S] [reconciler_common.go:162] "operationExecutor.UnmountVolume started for volume \"kube-api-access-t5j44\" (UniqueName: \"kubernetes.io/projected/353d8322-11e9-4c31-9668-0ee7adea4e99-kube-api-access-t5j44\") pod \"353d8322-11e9-4c31-9668-0ee7adea4e99\" (UID: \"353d8322-11e9-4c31-9668-0ee7adea4e99\") "
2025-01-30 18:17:57,014 INFO c.h.h.t.HelmChartContainer - [K3S] [reconciler_common.go:299] "Volume detached for volume \"kube-api-access-t5j44\" (UniqueName: \"kubernetes.io/projected/353d8322-11e9-4c31-9668-0ee7adea4e99-kube-api-access-t5j44\") on node \"874cc17c0b8f\" DevicePath \"\""
2025-01-30 18:17:57,331 INFO c.h.h.t.HelmChartContainer - [K3S] [kubelet_volumes.go:163] "Cleaned up orphaned pod volumes dir" podUID="3bf3f8d2-995e-402d-9db8-c9b141dc7d6c" path="/var/lib/kubelet/pods/3bf3f8d2-995e-402d-9db8-c9b141dc7d6c/volumes"
2025-01-30 18:17:57,816 INFO c.h.h.t.HelmChartContainer - [K3S] [scope.go:117] "RemoveContainer" containerID="e2ca15ee96e47d7e85b7d97e50e5bef2b01762b4ae93e8f7bcbc421527194cb1"
2025-01-30 18:17:57,819 INFO c.h.h.t.HelmChartContainer - [K3S] [scope.go:117] "RemoveContainer" containerID="e2ca15ee96e47d7e85b7d97e50e5bef2b01762b4ae93e8f7bcbc421527194cb1"
2025-01-30 18:17:57,824 INFO c.h.h.t.HelmChartContainer - [K3S] [replica_set.go:679] "Finished syncing" kind="ReplicaSet" key="helmmetricsserviceit-operator/hivemq-test-hivemq-platform-operator-6966f96d65" duration="50.784µs"
2025-01-30 18:17:57,825 INFO c.h.h.t.HelmChartContainer - [POD] hivemq-test-hivemq-platform-operator-6966f96d65-bxqs5 [353d8322-11e9-4c31-9668-0ee7adea4e99] in helmmetricsserviceit-operator was MODIFIED
2025-01-30 18:17:57,828 INFO c.h.h.t.HelmChartContainer - [K3S] [replica_set.go:679] "Finished syncing" kind="ReplicaSet" key="helmmetricsserviceit-operator/hivemq-test-hivemq-platform-operator-6966f96d65" duration="52.689µs"
2025-01-30 18:17:57,829 INFO c.h.h.t.HelmChartContainer - [POD] hivemq-test-hivemq-platform-operator-6966f96d65-bxqs5 [353d8322-11e9-4c31-9668-0ee7adea4e99] in helmmetricsserviceit-operator was DELETED
2025-01-30 18:17:57,837 INFO c.h.h.t.HelmChartContainer - [K3S] [replica_set.go:679] "Finished syncing" kind="ReplicaSet" key="helmmetricsserviceit-operator/hivemq-test-hivemq-platform-operator-6966f96d65" duration="6.262µs"
2025-01-30 18:17:58,283 INFO c.h.h.t.HelmChartContainer - Deleting namespace 'helmmetricsserviceit-operator'...
2025-01-30 18:17:59,331 INFO c.h.h.t.HelmChartContainer - [K3S] [kubelet_volumes.go:163] "Cleaned up orphaned pod volumes dir" podUID="353d8322-11e9-4c31-9668-0ee7adea4e99" path="/var/lib/kubelet/pods/353d8322-11e9-4c31-9668-0ee7adea4e99/volumes"
2025-01-30 18:18:00,984 INFO c.h.h.t.HelmChartContainer - [K3S] [namespace_controller.go:187] "Namespace has been deleted" namespace="helmmetricsserviceit"
2025-01-30 18:18:03,498 INFO c.h.h.t.HelmChartContainer - Namespace 'helmmetricsserviceit-operator' deleted
2025-01-30 18:18:03,498 INFO c.h.h.t.HelmChartContainer - Release 'test-hivemq-platform-operator' in namespace 'helmmetricsserviceit-operator' is uninstalled
2025-01-30 18:18:04,217 INFO c.h.helmcharts.AbstractHelmChartIT - Removed unused containers:

2025-01-30 18:18:08,410 INFO c.h.h.t.HelmChartContainer - [K3S] [namespace_controller.go:187] "Namespace has been deleted" namespace="helmmetricsserviceit-operator"
2025-01-30 18:18:11,756 INFO c.h.helmcharts.AbstractHelmChartIT - Removed unused snapshots:
Removing snapshot sha256:03af251906410714c5aef9fa705b63f6bbc39c4a5e787de7361eeb18886c2ed2
Removing snapshot sha256:0c46b3b43cce082ce5ec34ffc6c294e0417d17b9d1e6f366d114b6aadc4f96dc
Removing snapshot sha256:0ce761beee59082d6ed5bcebd3a805b8ddd9b3426b617e4809e7fb7c6587ffec
Removing snapshot sha256:0df91287303208332c8ff6ba40ae4710105201739addbfbddfb955f1ad593664
Removing snapshot sha256:1021ef88c7974bfff89c5a0ec4fd3160daac6c48a075f74cff721f85dd104e68
Removing snapshot sha256:10aba4953ddc18145dd38e3704709bc464aa20af60b56fe52caaff4b68411e62
Removing snapshot sha256:2573e0d8158209ed54ab25c87bcdcb00bd3d2539246960a3d592a1c599d70465
Removing snapshot sha256:28d8172f735306e1b38302d7e0a47acd96f2e411f51fca70573e78a096e13b0e
Removing snapshot sha256:362a8a37f8bbc31925a8146adcf7cf51f9882f5c1dcbef67c5baa03a297543c0
Removing snapshot sha256:43a7c979bbaba6838bc3102d6b10a1459f3ab050b87ccdfef84ef90cf43d3058
Removing snapshot sha256:4ab04491cdf0d3267f08206fe30bd48f49f94b9cab2f016d6739220f722a64af
Removing snapshot sha256:4b6068250e89c96f263060261819c7d912855bfbd64b3eb4c4a8483299b8c295
Removing snapshot sha256:580e69a0a8034ede1921139bbd2bfb72a69ebf276d008281896c32dd8bf74775
Removing snapshot sha256:5d30ba46b27fe37484567ccc5242cadc78217b8da605f3f195ef25cbf7487904
Removing snapshot sha256:63ca1fbb43ae5034640e5e6cb3e083e05c290072c5366fcaa9d62435a4cced85
Removing snapshot sha256:67f702c6baae873bceb19487c8b1f27bd2b86077e4f2f0e480e6d60ab508b8f5
Removing snapshot sha256:6864348dd42806d552efdec384f1274be15e2d0c10ce44c1f04347af004c10a9
Removing snapshot sha256:68fc7360ad9319ee5a389e45d012836f780df8dd9cf71e909d4d3c870bb1a468
Removing snapshot sha256:6c7dee8f2c39b84b7dc2711c01d33de93514d9055499173e9290176fbe484b6c
Removing snapshot sha256:82753493a6d61ded36556292f02f31841a14c20d2f279f19eaad65afb661d5cd
Removing snapshot sha256:8a10d3db42c505ee0fcfa98417bdd7e39b304f6bcc0a06bb1b220797ff2cc63c
Removing snapshot sha256:a21e5b12dbac529ad45d976eb9ce45c881f3bedcc500fb30aba1e52aa1813418
Removing snapshot sha256:b921e6c28969094157f9b8e7244677780319637afd14450b7cb6b2fdea558a0c
Removing snapshot sha256:bc27ecb5769a00e309cf99ebc763c4a4b958b618d1decc96ffac5bc05f02f5b7
Removing snapshot sha256:be3ccb6627a5332e309d45ef461d09b4879dd870c7394d89323d0ebc6ca6aa8a
Removing snapshot sha256:c261f7cbbc64211ee175ee47273acdb7b1a36a4450b397a064a8f2c026490095
Removing snapshot sha256:c34d9393647eea0c9e3557ab988efaf59f61d10a2a5613b439ef0958cca5ec10
Removing snapshot sha256:ccf3c4a0fa967a41c1c83497a2ce6fa5787965859df0adb32c4ca2cf7490bc2b
Removing snapshot sha256:cf92d33f869417309692088c341cd0f223c178ea78a125f757317b22aa8f90e9
Removing snapshot sha256:d0037344cf2fb078884f1849f6a1f8cf9a33a3b6139b6a85833e5ee528e1f9a8
Removing snapshot sha256:d3b36d5b79273b1e98e7700470eaeff05a882e777124d84cebcc1505b85ecb36
Removing snapshot sha256:d65a44a37914602d12c611e5e22a50f11451d847e63015cc1c2aef92dee777a4
Removing snapshot sha256:e2dc0bae2455930f23ae570e019b7f32edc75c0f2d71cab084db837ff9051796
Removing snapshot sha256:eccbd24a99c60cd9e86ee5305dbfc4a4dc89f5ab4fb1f06c8d64797cecedef34
Removing snapshot sha256:f144bb4c7c7f0d2aa7eeffd36d934ec40db1ee167be727e326aad9fdc616f475

]]></system-out>
  </testcase>
  <testcase name="platformChart_withCustomMetrics_thenMetricsAvailable()" classname="com.hivemq.helmcharts.services.HelmMetricsServiceIT" time="97.181">
    <system-out><![CDATA[2025-01-30 18:18:11,758 INFO c.h.h.t.HelmChartContainer - Creating namespace 'helmmetricsserviceit-operator'...
2025-01-30 18:18:11,763 INFO c.h.h.t.HelmChartContainer - Namespace 'helmmetricsserviceit-operator' created
2025-01-30 18:18:11,763 INFO c.h.h.t.HelmChartContainer - Creating namespace 'helmmetricsserviceit'...
2025-01-30 18:18:11,773 INFO c.h.h.t.HelmChartContainer - Namespace 'helmmetricsserviceit' created
2025-01-30 18:18:11,835 DEBUG c.h.h.t.HelmChartContainer - Executing helm command: /bin/helm --kubeconfig /etc/rancher/k3s/k3s.yaml install test-hivemq-platform-operator /charts/hivemq-platform-operator --wait --timeout 5m0s --set image.repository=docker.io/hivemq --set image.name=hivemq-platform-operator-test --set image.initImageName=hivemq-platform-operator-init-test --set image.tag=snapshot --set image.pullPolicy=Never --set logLevel=DEBUG --set resources.cpu=512m --namespace helmmetricsserviceit-operator
2025-01-30 18:18:12,136 INFO c.h.h.t.HelmChartContainer - [K3S] [alloc.go:330] "allocated clusterIPs" service="helmmetricsserviceit-operator/hivemq-platform-operator-test-hivemq-platform-operator" clusterIPs={"IPv4":"10.43.123.93"}
2025-01-30 18:18:12,155 INFO c.h.h.t.HelmChartContainer - [EVENT] Normal [ScalingReplicaSet] Scaled up replica set hivemq-test-hivemq-platform-operator-6966f96d65 from 0 to 1 [helmmetricsserviceit-operator:hivemq-test-hivemq-platform-operator]
2025-01-30 18:18:12,164 INFO c.h.h.t.HelmChartContainer - [POD] hivemq-test-hivemq-platform-operator-6966f96d65-zwhvs [456151d4-2fcf-4fb5-abe5-d3312d5092a9] in helmmetricsserviceit-operator was ADDED
2025-01-30 18:18:12,168 INFO c.h.h.t.HelmChartContainer - [POD] hivemq-test-hivemq-platform-operator-6966f96d65-zwhvs [456151d4-2fcf-4fb5-abe5-d3312d5092a9] in helmmetricsserviceit-operator was MODIFIED
2025-01-30 18:18:12,169 INFO c.h.h.t.HelmChartContainer - [K3S] [memory_manager.go:355] "RemoveStaleState removing state" podUID="353d8322-11e9-4c31-9668-0ee7adea4e99" containerName="hivemq-platform-operator"
2025-01-30 18:18:12,169 INFO c.h.h.t.HelmChartContainer - [K3S] [memory_manager.go:355] "RemoveStaleState removing state" podUID="3bf3f8d2-995e-402d-9db8-c9b141dc7d6c" containerName="hivemq"
2025-01-30 18:18:12,170 INFO c.h.h.t.HelmChartContainer - [EVENT] Normal [SuccessfulCreate] Created pod: hivemq-test-hivemq-platform-operator-6966f96d65-zwhvs [helmmetricsserviceit-operator:hivemq-test-hivemq-platform-operator-6966f96d65]
2025-01-30 18:18:12,172 INFO c.h.h.t.HelmChartContainer - [K3S] [replica_set.go:679] "Finished syncing" kind="ReplicaSet" key="helmmetricsserviceit-operator/hivemq-test-hivemq-platform-operator-6966f96d65" duration="22.636484ms"
2025-01-30 18:18:12,179 INFO c.h.h.t.HelmChartContainer - [EVENT] Normal [Scheduled] Successfully assigned helmmetricsserviceit-operator/hivemq-test-hivemq-platform-operator-6966f96d65-zwhvs to 874cc17c0b8f [helmmetricsserviceit-operator:hivemq-test-hivemq-platform-operator-6966f96d65-zwhvs]
2025-01-30 18:18:12,185 INFO c.h.h.t.HelmChartContainer - [POD] hivemq-test-hivemq-platform-operator-6966f96d65-zwhvs [456151d4-2fcf-4fb5-abe5-d3312d5092a9] in helmmetricsserviceit-operator was MODIFIED
2025-01-30 18:18:12,193 INFO c.h.h.t.HelmChartContainer - [K3S] [replica_set.go:679] "Finished syncing" kind="ReplicaSet" key="helmmetricsserviceit-operator/hivemq-test-hivemq-platform-operator-6966f96d65" duration="20.369037ms"
2025-01-30 18:18:12,206 INFO c.h.h.t.HelmChartContainer - [K3S] [replica_set.go:679] "Finished syncing" kind="ReplicaSet" key="helmmetricsserviceit-operator/hivemq-test-hivemq-platform-operator-6966f96d65" duration="12.274993ms"
2025-01-30 18:18:12,206 INFO c.h.h.t.HelmChartContainer - [K3S] [replica_set.go:679] "Finished syncing" kind="ReplicaSet" key="helmmetricsserviceit-operator/hivemq-test-hivemq-platform-operator-6966f96d65" duration="34.244µs"
2025-01-30 18:18:12,295 INFO c.h.h.t.HelmChartContainer - [K3S] [reconciler_common.go:251] "operationExecutor.VerifyControllerAttachedVolume started for volume \"kube-api-access-27q7j\" (UniqueName: \"kubernetes.io/projected/456151d4-2fcf-4fb5-abe5-d3312d5092a9-kube-api-access-27q7j\") pod \"hivemq-test-hivemq-platform-operator-6966f96d65-zwhvs\" (UID: \"456151d4-2fcf-4fb5-abe5-d3312d5092a9\") " pod="helmmetricsserviceit-operator/hivemq-test-hivemq-platform-operator-6966f96d65-zwhvs"
2025-01-30 18:18:12,564 INFO c.h.h.t.HelmChartContainer - [EVENT] Normal [Pulled] Container image "docker.io/hivemq/hivemq-platform-operator-test:snapshot" already present on machine [helmmetricsserviceit-operator:hivemq-test-hivemq-platform-operator-6966f96d65-zwhvs]
2025-01-30 18:18:12,564 INFO c.h.h.t.HelmChartContainer - Received Pulled event for container hivemq-platform-operator in pod hivemq-test-hivemq-platform-operator-6966f96d65-zwhvs [456151d4-2fcf-4fb5-abe5-d3312d5092a9]
2025-01-30 18:18:13,796 INFO c.h.h.t.HelmChartContainer - [EVENT] Normal [Created] Created container: hivemq-platform-operator [helmmetricsserviceit-operator:hivemq-test-hivemq-platform-operator-6966f96d65-zwhvs]
2025-01-30 18:18:13,796 INFO c.h.h.t.HelmChartContainer - Received Created event for container hivemq-platform-operator in pod hivemq-test-hivemq-platform-operator-6966f96d65-zwhvs [456151d4-2fcf-4fb5-abe5-d3312d5092a9]
2025-01-30 18:18:13,852 INFO c.h.h.t.HelmChartContainer - [K3S] [replica_set.go:679] "Finished syncing" kind="ReplicaSet" key="helmmetricsserviceit-operator/hivemq-test-hivemq-platform-operator-6966f96d65" duration="46.277µs"
2025-01-30 18:18:13,855 INFO c.h.h.t.HelmChartContainer - [POD] hivemq-test-hivemq-platform-operator-6966f96d65-zwhvs [456151d4-2fcf-4fb5-abe5-d3312d5092a9] in helmmetricsserviceit-operator was MODIFIED
2025-01-30 18:18:13,865 INFO c.h.h.t.HelmChartContainer - Started log watcher for hivemq-platform-operator in pod hivemq-test-hivemq-platform-operator-6966f96d65-zwhvs [456151d4-2fcf-4fb5-abe5-d3312d5092a9]
2025-01-30 18:18:13,865 INFO c.h.h.t.HelmChartContainer - [EVENT] Normal [Started] Started container hivemq-platform-operator [helmmetricsserviceit-operator:hivemq-test-hivemq-platform-operator-6966f96d65-zwhvs]
2025-01-30 18:18:13,865 INFO c.h.h.t.HelmChartContainer - Received Started event for container hivemq-platform-operator in pod hivemq-test-hivemq-platform-operator-6966f96d65-zwhvs [456151d4-2fcf-4fb5-abe5-d3312d5092a9]
2025-01-30 18:18:13,865 INFO c.h.h.t.HelmChartContainer - [hivemq-test-hivemq-platform] [hivemq-platform-operator] [456151d4] -------------------------------------------------------------------------
2025-01-30 18:18:13,866 INFO c.h.h.t.HelmChartContainer - [hivemq-test-hivemq-platform] [hivemq-platform-operator] [456151d4] 
2025-01-30 18:18:13,866 INFO c.h.h.t.HelmChartContainer - [hivemq-test-hivemq-platform] [hivemq-platform-operator] [456151d4]                   _    _  _              __  __   ____
2025-01-30 18:18:13,866 INFO c.h.h.t.HelmChartContainer - [hivemq-test-hivemq-platform] [hivemq-platform-operator] [456151d4]                  | |  | |(_)            |  \/  | / __ \
2025-01-30 18:18:13,866 INFO c.h.h.t.HelmChartContainer - [hivemq-test-hivemq-platform] [hivemq-platform-operator] [456151d4]                  | |__| | _ __   __ ___ | \  / || |  | |
2025-01-30 18:18:13,866 INFO c.h.h.t.HelmChartContainer - [hivemq-test-hivemq-platform] [hivemq-platform-operator] [456151d4]                  |  __  || |\ \ / // _ \| |\/| || |  | |
2025-01-30 18:18:13,866 INFO c.h.h.t.HelmChartContainer - [hivemq-test-hivemq-platform] [hivemq-platform-operator] [456151d4]                  | |  | || | \ V /|  __/| |  | || |__| |
2025-01-30 18:18:13,866 INFO c.h.h.t.HelmChartContainer - [hivemq-test-hivemq-platform] [hivemq-platform-operator] [456151d4]                  |_|  |_||_|  \_/  \___||_|  |_| \___\_\
2025-01-30 18:18:13,866 INFO c.h.h.t.HelmChartContainer - [hivemq-test-hivemq-platform] [hivemq-platform-operator] [456151d4] 
2025-01-30 18:18:13,866 INFO c.h.h.t.HelmChartContainer - [hivemq-test-hivemq-platform] [hivemq-platform-operator] [456151d4] -------------------------------------------------------------------------
2025-01-30 18:18:13,866 INFO c.h.h.t.HelmChartContainer - [hivemq-test-hivemq-platform] [hivemq-platform-operator] [456151d4] 
2025-01-30 18:18:13,866 INFO c.h.h.t.HelmChartContainer - [hivemq-test-hivemq-platform] [hivemq-platform-operator] [456151d4]   HiveMQ Platform Operator Start Script v1.0
2025-01-30 18:18:13,866 INFO c.h.h.t.HelmChartContainer - [hivemq-test-hivemq-platform] [hivemq-platform-operator] [456151d4] 
2025-01-30 18:18:13,878 INFO c.h.h.t.HelmChartContainer - [hivemq-test-hivemq-platform] [hivemq-platform-operator] [456151d4] -------------------------------------------------------------------------
2025-01-30 18:18:13,878 INFO c.h.h.t.HelmChartContainer - [hivemq-test-hivemq-platform] [hivemq-platform-operator] [456151d4] 
2025-01-30 18:18:13,878 INFO c.h.h.t.HelmChartContainer - [hivemq-test-hivemq-platform] [hivemq-platform-operator] [456151d4]   JAVA_OPTS: -XX:+UnlockExperimentalVMOptions -XX:InitialRAMPercentage=75 -XX:MaxRAMPercentage=75 -Duser.language=en -Duser.region=US
2025-01-30 18:18:13,878 INFO c.h.h.t.HelmChartContainer - [hivemq-test-hivemq-platform] [hivemq-platform-operator] [456151d4] 
2025-01-30 18:18:13,878 INFO c.h.h.t.HelmChartContainer - [hivemq-test-hivemq-platform] [hivemq-platform-operator] [456151d4]   JAVA_VERSION: 21
2025-01-30 18:18:13,878 INFO c.h.h.t.HelmChartContainer - [hivemq-test-hivemq-platform] [hivemq-platform-operator] [456151d4] 
2025-01-30 18:18:13,878 INFO c.h.h.t.HelmChartContainer - [hivemq-test-hivemq-platform] [hivemq-platform-operator] [456151d4] -------------------------------------------------------------------------
2025-01-30 18:18:13,878 INFO c.h.h.t.HelmChartContainer - [hivemq-test-hivemq-platform] [hivemq-platform-operator] [456151d4] 
2025-01-30 18:18:17,004 INFO c.h.h.t.HelmChartContainer - [hivemq-test-hivemq-platform] [hivemq-platform-operator] [456151d4] 18:18:17.001 [main] DEBUG org.jboss.logging - Logging Provider: org.jboss.logging.Slf4jLoggerProvider
2025-01-30 18:18:17,103 INFO c.h.h.t.HelmChartContainer - [hivemq-test-hivemq-platform] [hivemq-platform-operator] [456151d4] 18:18:17.102 [main] DEBUG io.smallrye.config - SRCFG01006: Loaded ConfigSource SysPropConfigSource with ordinal 400
2025-01-30 18:18:17,103 INFO c.h.h.t.HelmChartContainer - [hivemq-test-hivemq-platform] [hivemq-platform-operator] [456151d4] 18:18:17.103 [main] DEBUG io.smallrye.config - SRCFG01006: Loaded ConfigSource EnvConfigSource with ordinal 300
2025-01-30 18:18:17,104 INFO c.h.h.t.HelmChartContainer - [hivemq-test-hivemq-platform] [hivemq-platform-operator] [456151d4] 18:18:17.103 [main] DEBUG io.smallrye.config - SRCFG01006: Loaded ConfigSource PropertiesConfigSource[source=jar:file:///opt/hivemq-platform-operator/bin/hivemq-platform-operator.jar!/hivemq-platform-operator.properties] with ordinal 100
2025-01-30 18:18:17,104 INFO c.h.h.t.HelmChartContainer - [hivemq-test-hivemq-platform] [hivemq-platform-operator] [456151d4] 18:18:17.103 [main] DEBUG io.smallrye.config - SRCFG01006: Loaded ConfigSource DefaultValuesConfigSource with ordinal -2147483648
2025-01-30 18:18:17,211 INFO c.h.h.t.HelmChartContainer - [hivemq-test-hivemq-platform] [hivemq-platform-operator] [456151d4] 18:18:17.211 [main] DEBUG i.m.c.u.i.l.InternalLoggerFactory - Using SLF4J as the default logging framework
2025-01-30 18:18:17,311 INFO c.h.h.t.HelmChartContainer - [hivemq-test-hivemq-platform] [hivemq-platform-operator] [456151d4] 18:18:17.305 [main] INFO  c.h.p.o.HiveMQPlatformOperatorApplication - HiveMQ Platform Operator 1.7.0-SNAPSHOT (commit: 47e3375 on branch: HEAD) built on Thu Jan 30 03:55:50 UTC 2025
2025-01-30 18:18:17,312 INFO c.h.h.t.HelmChartContainer - [hivemq-test-hivemq-platform] [hivemq-platform-operator] [456151d4] 18:18:17.311 [main] INFO  c.h.p.o.HiveMQPlatformOperatorApplication - HiveMQ Platform Operator is running in namespace: helmmetricsserviceit-operator
2025-01-30 18:18:17,312 INFO c.h.h.t.HelmChartContainer - [hivemq-test-hivemq-platform] [hivemq-platform-operator] [456151d4] 18:18:17.311 [main] INFO  c.h.p.o.HiveMQPlatformOperatorApplication - Watching all namespaces
2025-01-30 18:18:17,312 INFO c.h.h.t.HelmChartContainer - [hivemq-test-hivemq-platform] [hivemq-platform-operator] [456151d4] 18:18:17.311 [main] INFO  c.h.p.o.HiveMQPlatformOperatorApplication - Log level: DEBUG
2025-01-30 18:18:17,312 INFO c.h.h.t.HelmChartContainer - [hivemq-test-hivemq-platform] [hivemq-platform-operator] [456151d4] 18:18:17.311 [main] INFO  c.h.p.o.HiveMQPlatformOperatorApplication - Release name: test-hivemq-platform-operator
2025-01-30 18:18:17,312 INFO c.h.h.t.HelmChartContainer - [hivemq-test-hivemq-platform] [hivemq-platform-operator] [456151d4] 18:18:17.311 [main] INFO  c.h.p.o.HiveMQPlatformOperatorApplication - HiveMQ Platform Operator Init image: docker.io/hivemq/hivemq-platform-operator-init-test:snapshot
2025-01-30 18:18:17,312 INFO c.h.h.t.HelmChartContainer - [hivemq-test-hivemq-platform] [hivemq-platform-operator] [456151d4] 18:18:17.311 [main] INFO  c.h.p.o.HiveMQPlatformOperatorApplication - HiveMQ Platform Operator Init App update URL: http://hivemq-platform-operator-test-hivemq-platform-operator.helmmetricsserviceit-operator.svc:8080/initAppUpdate/hivemq-platform-operator-init-app-1.7.0-SNAPSHOT.jar
2025-01-30 18:18:17,312 INFO c.h.h.t.HelmChartContainer - [hivemq-test-hivemq-platform] [hivemq-platform-operator] [456151d4] 18:18:17.311 [main] INFO  c.h.p.o.HiveMQPlatformOperatorApplication - Additional imagePullSecret for all Platform deployments: none
2025-01-30 18:18:17,313 INFO c.h.h.t.HelmChartContainer - [hivemq-test-hivemq-platform] [hivemq-platform-operator] [456151d4] 18:18:17.311 [main] INFO  c.h.p.o.HiveMQPlatformOperatorApplication - Apply HiveMQ Platform CRD: true
2025-01-30 18:18:17,313 INFO c.h.h.t.HelmChartContainer - [hivemq-test-hivemq-platform] [hivemq-platform-operator] [456151d4] 18:18:17.311 [main] INFO  c.h.p.o.HiveMQPlatformOperatorApplication - Create Platform ServiceAccount: true
2025-01-30 18:18:17,313 INFO c.h.h.t.HelmChartContainer - [hivemq-test-hivemq-platform] [hivemq-platform-operator] [456151d4] 18:18:17.311 [main] INFO  c.h.p.o.HiveMQPlatformOperatorApplication - Create Platform ServiceAccount permissions: true
2025-01-30 18:18:17,313 INFO c.h.h.t.HelmChartContainer - [hivemq-test-hivemq-platform] [hivemq-platform-operator] [456151d4] 18:18:17.311 [main] INFO  c.h.p.o.HiveMQPlatformOperatorApplication - Validate Platform ServiceAccount: true
2025-01-30 18:18:17,313 INFO c.h.h.t.HelmChartContainer - [hivemq-test-hivemq-platform] [hivemq-platform-operator] [456151d4] 18:18:17.311 [main] INFO  c.h.p.o.HiveMQPlatformOperatorApplication - Validate Platform ServiceAccount permissions: true
2025-01-30 18:18:17,426 INFO c.h.h.t.HelmChartContainer - [hivemq-test-hivemq-platform] [hivemq-platform-operator] [456151d4] 18:18:17.425 [main] INFO  c.h.platform.operator.util.CRDUtil - Verifying deployed HiveMQ Platform CRD...
2025-01-30 18:18:19,893 INFO c.h.h.t.HelmChartContainer - [hivemq-test-hivemq-platform] [hivemq-platform-operator] [456151d4] 18:18:19.892 [main] DEBUG c.h.platform.operator.util.CRDUtil - HiveMQ Platform CRD version v1 is up to date
2025-01-30 18:18:19,893 INFO c.h.h.t.HelmChartContainer - [hivemq-test-hivemq-platform] [hivemq-platform-operator] [456151d4] 18:18:19.892 [main] INFO  c.h.platform.operator.util.CRDUtil - HiveMQ Platform CRD is up to date (version: V1_6_0)
2025-01-30 18:18:19,893 INFO c.h.h.t.HelmChartContainer - [hivemq-test-hivemq-platform] [hivemq-platform-operator] [456151d4] 18:18:19.892 [main] INFO  c.h.platform.operator.util.CRDUtil - Waiting 10000 ms for HiveMQ Platform CRD 'hivemq-platforms.hivemq.com' to become ready...
2025-01-30 18:18:20,197 INFO c.h.h.t.HelmChartContainer - [hivemq-test-hivemq-platform] [hivemq-platform-operator] [456151d4] 18:18:20.196 [vert.x-eventloop-thread-1] DEBUG c.h.platform.operator.util.CRDUtil - Checking CRD condition 'NamesAccepted' (status: 'True')
2025-01-30 18:18:20,198 INFO c.h.h.t.HelmChartContainer - [hivemq-test-hivemq-platform] [hivemq-platform-operator] [456151d4] 18:18:20.196 [vert.x-eventloop-thread-1] DEBUG c.h.platform.operator.util.CRDUtil - Checking CRD condition 'Established' (status: 'True')
2025-01-30 18:18:20,199 INFO c.h.h.t.HelmChartContainer - [hivemq-test-hivemq-platform] [hivemq-platform-operator] [456151d4] 18:18:20.197 [main] INFO  c.h.platform.operator.util.CRDUtil - HiveMQ Platform CRD 'hivemq-platforms.hivemq.com' is ready
2025-01-30 18:18:20,390 INFO c.h.h.t.HelmChartContainer - [hivemq-test-hivemq-platform] [hivemq-platform-operator] [456151d4] 18:18:20.389 [main] INFO  c.h.p.o.HiveMQPlatformReconciler - HiveMQ Platform Operator is starting...
2025-01-30 18:18:20,414 INFO c.h.h.t.HelmChartContainer - [hivemq-test-hivemq-platform] [hivemq-platform-operator] [456151d4] 18:18:20.413 [main] WARN  Default ConfigurationService implementation - Configuration for reconciler 'hivemq-controller' was not found. Known reconcilers: None.
2025-01-30 18:18:20,495 INFO c.h.h.t.HelmChartContainer - [hivemq-test-hivemq-platform] [hivemq-platform-operator] [456151d4] 18:18:20.494 [main] INFO  Default ConfigurationService implementation - Created configuration for reconciler com.hivemq.platform.operator.HiveMQPlatformReconciler with name hivemq-controller
2025-01-30 18:18:20,596 INFO c.h.h.t.HelmChartContainer - [hivemq-test-hivemq-platform] [hivemq-platform-operator] [456151d4] 18:18:20.595 [main] DEBUG c.h.p.o.HiveMQPlatformReconciler - HiveMQ Platform Operator is preparing EventSources
2025-01-30 18:18:20,609 INFO c.h.h.t.HelmChartContainer - [hivemq-test-hivemq-platform] [hivemq-platform-operator] [456151d4] 18:18:20.609 [main] INFO  i.javaoperatorsdk.operator.Operator - Registered reconciler: 'hivemq-controller' for resource: 'class com.hivemq.platform.operator.v1.HiveMQPlatform' for namespace(s): [all namespaces]
2025-01-30 18:18:21,208 INFO c.h.h.t.HelmChartContainer - [hivemq-test-hivemq-platform] [hivemq-platform-operator] [456151d4] 18:18:21.206 [main] INFO  c.h.p.operator.webserver.JettyServer - Starting Jetty server on port 8080
2025-01-30 18:18:21,302 INFO c.h.h.t.HelmChartContainer - [hivemq-test-hivemq-platform] [hivemq-platform-operator] [456151d4] 18:18:21.301 [main] INFO  i.javaoperatorsdk.operator.Operator - Operator SDK 4.9.7 (commit: 2133d28) built on Wed Nov 20 12:56:20 UTC 2024 starting...
2025-01-30 18:18:21,302 INFO c.h.h.t.HelmChartContainer - [hivemq-test-hivemq-platform] [hivemq-platform-operator] [456151d4] 18:18:21.301 [main] INFO  i.javaoperatorsdk.operator.Operator - Client version: 6.13.5
2025-01-30 18:18:21,304 INFO c.h.h.t.HelmChartContainer - [hivemq-test-hivemq-platform] [hivemq-platform-operator] [456151d4] 18:18:21.303 [Controller Starter for: hivemq-controller] INFO  i.j.operator.processing.Controller - Starting 'hivemq-controller' controller for reconciler: com.hivemq.platform.operator.HiveMQPlatformReconciler, resource: com.hivemq.platform.operator.v1.HiveMQPlatform
2025-01-30 18:18:23,500 INFO c.h.h.t.HelmChartContainer - [hivemq-test-hivemq-platform] [hivemq-platform-operator] [456151d4] 18:18:23.499 [Controller Starter for: hivemq-controller] INFO  i.j.operator.processing.Controller - 'hivemq-controller' controller started
2025-01-30 18:18:23,500 INFO c.h.h.t.HelmChartContainer - [hivemq-test-hivemq-platform] [hivemq-platform-operator] [456151d4] 18:18:23.499 [main] INFO  c.h.p.o.HiveMQPlatformOperatorApplication - HiveMQ Platform Operator 1.7.0-SNAPSHOT started in 6194 ms
2025-01-30 18:18:25,857 INFO c.h.h.t.HelmChartContainer - [POD] hivemq-test-hivemq-platform-operator-6966f96d65-zwhvs [456151d4-2fcf-4fb5-abe5-d3312d5092a9] in helmmetricsserviceit-operator was MODIFIED
2025-01-30 18:18:25,867 INFO c.h.h.t.HelmChartContainer - [K3S] [replica_set.go:679] "Finished syncing" kind="ReplicaSet" key="helmmetricsserviceit-operator/hivemq-test-hivemq-platform-operator-6966f96d65" duration="8.419248ms"
2025-01-30 18:18:25,867 INFO c.h.h.t.HelmChartContainer - [K3S] [replica_set.go:679] "Finished syncing" kind="ReplicaSet" key="helmmetricsserviceit-operator/hivemq-test-hivemq-platform-operator-6966f96d65" duration="35.847µs"
2025-01-30 18:18:26,269 DEBUG c.h.h.t.HelmChartContainer - Executing helm command: /bin/helm --kubeconfig /etc/rancher/k3s/k3s.yaml install test-hivemq-platform /charts/hivemq-platform --wait --timeout 5m0s --set image.repository=docker.io/hivemq --set image.tag=4.36.0 --set image.pullPolicy=Never --set nodes.resources.cpu=512m -f /files/metrics-values.yaml --namespace helmmetricsserviceit
2025-01-30 18:18:26,675 INFO c.h.h.t.HelmChartContainer - [hivemq-test-hivemq-platform] [hivemq-platform-operator] [456151d4] 18:18:26.674 [-2082509879-pool-1-thread-2] WARN  i.m.p.PrometheusMeterRegistry - The meter (MeterId{name='operator.sdk.events.received', tags=[tag(action=ADDED),tag(event=ResourceEvent),tag(group=hivemq.com),tag(kind=HiveMQPlatform),tag(name=test-hivemq-platform),tag(namespace=helmmetricsserviceit),tag(scope=namespace),tag(version=v1)]}) registration has failed: Prometheus requires that all meters with the same name have the same set of tag keys. There is already an existing meter named 'operator.sdk.events.received' containing tag keys [event, group, kind, name, namespace, scope, version]. The meter you are attempting to register has keys [action, event, group, kind, name, namespace, scope, version]. Note that subsequent logs will be logged at debug level.
2025-01-30 18:18:27,079 INFO c.h.h.t.HelmChartContainer - [hivemq-test-hivemq-platform] [hivemq-platform-operator] [456151d4] 18:18:27.077 [pool-6-thread-3] DEBUG c.h.p.o.dependants.PodInfoConfigMap - [helmmetr] Desired PodInfo ConfigMap (1 extensions) (1 enabled)
2025-01-30 18:18:27,080 INFO c.h.h.t.HelmChartContainer - [hivemq-test-hivemq-platform] [hivemq-platform-operator] [456151d4] 18:18:27.077 [pool-6-thread-3] DEBUG c.h.p.o.dependants.PodInfoConfigMap - [helmmetr] Desired PodInfo ConfigMap (metrics port: 9499) (metrics path: /metrics)
2025-01-30 18:18:27,080 INFO c.h.h.t.HelmChartContainer - [hivemq-test-hivemq-platform] [hivemq-platform-operator] [456151d4] 18:18:27.077 [pool-6-thread-3] DEBUG c.h.p.o.dependants.PodInfoConfigMap - [helmmetr] Desired PodInfo ConfigMap (extension state hash: 1243513115)
2025-01-30 18:18:27,092 INFO c.h.h.t.HelmChartContainer - [hivemq-test-hivemq-platform] [hivemq-platform-operator] [456151d4] 18:18:27.088 [pool-6-thread-3] DEBUG c.h.p.o.dependants.PodInfoConfigMap - [helmmetr] Create PodInfo ConfigMap
2025-01-30 18:18:27,177 INFO c.h.h.t.HelmChartContainer - [hivemq-test-hivemq-platform] [hivemq-platform-operator] [456151d4] 18:18:27.176 [pool-6-thread-5] DEBUG c.h.p.o.dependants.PodRoleResource - [helmmetr] Create Role: Role(apiVersion=rbac.authorization.k8s.io/v1, kind=Role, metadata=ObjectMeta(annotations={meta.helm.sh/release-name=test-hivemq-platform, meta.helm.sh/release-namespace=helmmetricsserviceit}, creationTimestamp=null, deletionGracePeriodSeconds=null, deletionTimestamp=null, finalizers=[], generateName=null, generation=null, labels={helm.sh/chart=hivemq-platform-0.2.32, app.kubernetes.io/managed-by=Helm, app.kubernetes.io/name=hivemq-platform, hivemq-platform=test-hivemq-platform, app.kubernetes.io/instance=test-hivemq-platform, app.kubernetes.io/version=4.36.0}, managedFields=[], name=hivemq-platform-role-test-hivemq-platform, namespace=helmmetricsserviceit, ownerReferences=[OwnerReference(apiVersion=hivemq.com/v1, blockOwnerDeletion=null, controller=null, kind=HiveMQPlatform, name=test-hivemq-platform, uid=c46a88b4-d100-425a-9997-ad016796b5bb, additionalProperties={})], resourceVersion=null, selfLink=null, uid=null, additionalProperties={}), rules=[PolicyRule(apiGroups=[], nonResourceURLs=[], resourceNames=[], resources=[pods], verbs=[get, patch, update], additionalProperties={})], additionalProperties={})
2025-01-30 18:18:27,276 INFO c.h.h.t.HelmChartContainer - [hivemq-test-hivemq-platform] [hivemq-platform-operator] [456151d4] 18:18:27.274 [pool-6-thread-7] DEBUG c.h.p.o.d.PodServiceAccountResource - [helmmetr] Desired PodServiceAccountResource (serviceAccountName: hivemq-platform-pod-test-hivemq-platform)
2025-01-30 18:18:27,277 INFO c.h.h.t.HelmChartContainer - [hivemq-test-hivemq-platform] [hivemq-platform-operator] [456151d4] 18:18:27.275 [pool-6-thread-7] DEBUG c.h.p.o.d.PodServiceAccountResource - [helmmetr] Create ServiceAccount 'hivemq-platform-pod-test-hivemq-platform'
2025-01-30 18:18:27,391 INFO c.h.h.t.HelmChartContainer - [hivemq-test-hivemq-platform] [hivemq-platform-operator] [456151d4] 18:18:27.390 [pool-6-thread-9] DEBUG c.h.p.o.d.PodRoleBindingResource - [helmmetr] Create RoleBinding: RoleBinding(apiVersion=rbac.authorization.k8s.io/v1, kind=RoleBinding, metadata=ObjectMeta(annotations={meta.helm.sh/release-name=test-hivemq-platform, meta.helm.sh/release-namespace=helmmetricsserviceit}, creationTimestamp=null, deletionGracePeriodSeconds=null, deletionTimestamp=null, finalizers=[], generateName=null, generation=null, labels={helm.sh/chart=hivemq-platform-0.2.32, app.kubernetes.io/managed-by=Helm, app.kubernetes.io/name=hivemq-platform, hivemq-platform=test-hivemq-platform, app.kubernetes.io/instance=test-hivemq-platform, app.kubernetes.io/version=4.36.0}, managedFields=[], name=hivemq-platform-role-binding-test-hivemq-platform, namespace=helmmetricsserviceit, ownerReferences=[OwnerReference(apiVersion=hivemq.com/v1, blockOwnerDeletion=null, controller=null, kind=HiveMQPlatform, name=test-hivemq-platform, uid=c46a88b4-d100-425a-9997-ad016796b5bb, additionalProperties={})], resourceVersion=null, selfLink=null, uid=null, additionalProperties={}), roleRef=RoleRef(apiGroup=rbac.authorization.k8s.io, kind=Role, name=hivemq-platform-role-test-hivemq-platform, additionalProperties={}), subjects=[Subject(apiGroup=null, kind=ServiceAccount, name=hivemq-platform-pod-test-hivemq-platform, namespace=helmmetricsserviceit, additionalProperties={})], additionalProperties={})
2025-01-30 18:18:27,475 INFO c.h.h.t.HelmChartContainer - [hivemq-test-hivemq-platform] [hivemq-platform-operator] [456151d4] 18:18:27.474 [ReconcilerExecutor-hivemq-controller-55] INFO  c.h.p.o.HiveMQPlatformReconciler - [helmmetr] Reconciling HiveMQ Platform 'test-hivemq-platform' in namespace 'helmmetricsserviceit'
2025-01-30 18:18:27,476 INFO c.h.h.t.HelmChartContainer - [hivemq-test-hivemq-platform] [hivemq-platform-operator] [456151d4] 18:18:27.475 [ReconcilerExecutor-hivemq-controller-55] DEBUG c.h.p.o.HiveMQPlatformReconciler - [helmmetr] Custom Resource Status CREATED - HiveMQ Platform was created (READY)
2025-01-30 18:18:27,476 INFO c.h.h.t.HelmChartContainer - [hivemq-test-hivemq-platform] [hivemq-platform-operator] [456151d4] 18:18:27.475 [ReconcilerExecutor-hivemq-controller-55] DEBUG c.h.p.o.HiveMQPlatformReconciler - [helmmetr] Custom Resource Spec (replicas: 1) (extensions: 1)
2025-01-30 18:18:27,479 INFO c.h.h.t.HelmChartContainer - [hivemq-test-hivemq-platform] [hivemq-platform-operator] [456151d4] 18:18:27.478 [ReconcilerExecutor-hivemq-controller-55] INFO  c.h.p.o.h.HiveMQPlatformReconcilerBaseHandler - [helmmetr] HiveMQ Platform is starting
2025-01-30 18:18:27,590 INFO c.h.h.t.HelmChartContainer - [hivemq-test-hivemq-platform] [hivemq-platform-operator] [456151d4] 18:18:27.589 [ReconcilerExecutor-hivemq-controller-55] DEBUG c.h.p.operator.event.EventSender - [helmmetr] Creating K8s event hivemq-platform-starting: [Start] HiveMQ Platform is starting
2025-01-30 18:18:27,597 INFO c.h.h.t.HelmChartContainer - [EVENT] Normal [Start] HiveMQ Platform is starting [helmmetricsserviceit:test-hivemq-platform]
2025-01-30 18:18:27,676 INFO c.h.h.t.HelmChartContainer - [hivemq-test-hivemq-platform] [hivemq-platform-operator] [456151d4] 18:18:27.675 [ReconcilerExecutor-hivemq-controller-55] INFO  c.h.p.o.h.AbstractHiveMQReconcilerStateHandler - [helmmetr] Update HiveMQ Platform Status (CREATED [READY] -> STARTING [READY]): HiveMQ Platform is starting
2025-01-30 18:18:27,697 DEBUG com.hivemq.helmcharts.util.K8sUtil - Comparing actual state 'STARTING' and waiting for 'RUNNING'
2025-01-30 18:18:37,783 INFO c.h.h.t.HelmChartContainer - [hivemq-test-hivemq-platform] [hivemq-platform-operator] [456151d4] 18:18:37.779 [pool-6-thread-12] DEBUG c.h.p.o.d.PlatformServiceResource - [helmmetr] Desired Platform services (2 services)
2025-01-30 18:18:37,783 INFO c.h.h.t.HelmChartContainer - [hivemq-test-hivemq-platform] [hivemq-platform-operator] [456151d4] 18:18:37.781 [pool-6-thread-13] DEBUG c.h.p.o.dependants.PodInfoConfigMap - [helmmetr] Desired PodInfo ConfigMap (1 extensions) (1 enabled)
2025-01-30 18:18:37,783 INFO c.h.h.t.HelmChartContainer - [hivemq-test-hivemq-platform] [hivemq-platform-operator] [456151d4] 18:18:37.781 [pool-6-thread-13] DEBUG c.h.p.o.dependants.PodInfoConfigMap - [helmmetr] Desired PodInfo ConfigMap (metrics port: 9499) (metrics path: /metrics)
2025-01-30 18:18:37,783 INFO c.h.h.t.HelmChartContainer - [hivemq-test-hivemq-platform] [hivemq-platform-operator] [456151d4] 18:18:37.781 [pool-6-thread-13] DEBUG c.h.p.o.dependants.PodInfoConfigMap - [helmmetr] Desired PodInfo ConfigMap (extension state hash: 1243513115)
2025-01-30 18:18:37,785 INFO c.h.h.t.HelmChartContainer - [hivemq-test-hivemq-platform] [hivemq-platform-operator] [456151d4] 18:18:37.783 [pool-6-thread-17] DEBUG c.h.p.o.d.PodServiceAccountResource - [helmmetr] Desired PodServiceAccountResource (serviceAccountName: hivemq-platform-pod-test-hivemq-platform)
2025-01-30 18:18:37,791 INFO c.h.h.t.HelmChartContainer - [hivemq-test-hivemq-platform] [hivemq-platform-operator] [456151d4] 18:18:37.790 [pool-6-thread-13] DEBUG c.h.p.o.dependants.PodInfoConfigMap - [helmmetr] Update PodInfo ConfigMap
2025-01-30 18:18:37,881 INFO c.h.h.t.HelmChartContainer - [K3S] [alloc.go:330] "allocated clusterIPs" service="helmmetricsserviceit/hivemq-test-hivemq-platform-mqtt-1883" clusterIPs={"IPv4":"10.43.30.172"}
2025-01-30 18:18:37,978 INFO c.h.h.t.HelmChartContainer - [K3S] [alloc.go:330] "allocated clusterIPs" service="helmmetricsserviceit/hivemq-test-hivemq-platform-metrics-9499" clusterIPs={"IPv4":"10.43.136.1"}
2025-01-30 18:18:37,987 INFO c.h.h.t.HelmChartContainer - [hivemq-test-hivemq-platform] [hivemq-platform-operator] [456151d4] 18:18:37.985 [pool-6-thread-20] DEBUG c.h.p.o.d.StatefulSetResource - [helmmetr] Desired StatefulSet (1 replicas) for status STARTING (READY)
2025-01-30 18:18:38,077 INFO c.h.h.t.HelmChartContainer - [hivemq-test-hivemq-platform] [hivemq-platform-operator] [456151d4] 18:18:38.076 [pool-6-thread-20] DEBUG c.h.p.o.d.StatefulSetResource - [helmmetr] Create StatefulSet
2025-01-30 18:18:38,104 INFO c.h.h.t.HelmChartContainer - [POD] test-hivemq-platform-0 [5ab0c427-19fb-4584-9596-b737eea22cb4] in helmmetricsserviceit was ADDED
2025-01-30 18:18:38,105 INFO c.h.h.t.HelmChartContainer - [EVENT] Normal [SuccessfulCreate] create Pod test-hivemq-platform-0 in StatefulSet test-hivemq-platform successful [helmmetricsserviceit:test-hivemq-platform]
2025-01-30 18:18:38,109 INFO c.h.h.t.HelmChartContainer - [POD] test-hivemq-platform-0 [5ab0c427-19fb-4584-9596-b737eea22cb4] in helmmetricsserviceit was MODIFIED
2025-01-30 18:18:38,111 INFO c.h.h.t.HelmChartContainer - [EVENT] Normal [Scheduled] Successfully assigned helmmetricsserviceit/test-hivemq-platform-0 to 874cc17c0b8f [helmmetricsserviceit:test-hivemq-platform-0]
2025-01-30 18:18:38,118 INFO c.h.h.t.HelmChartContainer - [POD] test-hivemq-platform-0 [5ab0c427-19fb-4584-9596-b737eea22cb4] in helmmetricsserviceit was MODIFIED
2025-01-30 18:18:38,181 INFO c.h.h.t.HelmChartContainer - [hivemq-test-hivemq-platform] [hivemq-platform-operator] [456151d4] 18:18:38.180 [ReconcilerExecutor-hivemq-controller-66] INFO  c.h.p.o.HiveMQPlatformReconciler - [helmmetr] Reconciling HiveMQ Platform 'test-hivemq-platform' in namespace 'helmmetricsserviceit'
2025-01-30 18:18:38,182 INFO c.h.h.t.HelmChartContainer - [hivemq-test-hivemq-platform] [hivemq-platform-operator] [456151d4] 18:18:38.180 [ReconcilerExecutor-hivemq-controller-66] DEBUG c.h.p.o.HiveMQPlatformReconciler - [helmmetr] Custom Resource Status STARTING - HiveMQ Platform is starting (READY)
2025-01-30 18:18:38,182 INFO c.h.h.t.HelmChartContainer - [hivemq-test-hivemq-platform] [hivemq-platform-operator] [456151d4] 18:18:38.180 [ReconcilerExecutor-hivemq-controller-66] DEBUG c.h.p.o.HiveMQPlatformReconciler - [helmmetr] Custom Resource Spec (replicas: 1) (extensions: 1)
2025-01-30 18:18:38,184 INFO c.h.h.t.HelmChartContainer - [hivemq-test-hivemq-platform] [hivemq-platform-operator] [456151d4] 18:18:38.183 [ReconcilerExecutor-hivemq-controller-66] DEBUG c.h.p.o.HiveMQPlatformReconciler - [helmmetr] StatefulSet Status (revision: test-hivemq-platform-84f6684d79, replicas: 1, available: 0, ready: 0, current: 1, updated: 1)
2025-01-30 18:18:38,184 INFO c.h.h.t.HelmChartContainer - [hivemq-test-hivemq-platform] [hivemq-platform-operator] [456151d4] 18:18:38.183 [ReconcilerExecutor-hivemq-controller-66] DEBUG c.h.p.o.HiveMQPlatformReconciler - [helmmetr] StatefulSet Spec (replicas: 1, init containers: 1, containers: 1, volumes: 3)
2025-01-30 18:18:38,241 INFO c.h.h.t.HelmChartContainer - [K3S] [reconciler_common.go:251] "operationExecutor.VerifyControllerAttachedVolume started for volume \"operator-init\" (UniqueName: \"kubernetes.io/empty-dir/5ab0c427-19fb-4584-9596-b737eea22cb4-operator-init\") pod \"test-hivemq-platform-0\" (UID: \"5ab0c427-19fb-4584-9596-b737eea22cb4\") " pod="helmmetricsserviceit/test-hivemq-platform-0"
2025-01-30 18:18:38,241 INFO c.h.h.t.HelmChartContainer - [K3S] [reconciler_common.go:251] "operationExecutor.VerifyControllerAttachedVolume started for volume \"kube-api-access-xxhfh\" (UniqueName: \"kubernetes.io/projected/5ab0c427-19fb-4584-9596-b737eea22cb4-kube-api-access-xxhfh\") pod \"test-hivemq-platform-0\" (UID: \"5ab0c427-19fb-4584-9596-b737eea22cb4\") " pod="helmmetricsserviceit/test-hivemq-platform-0"
2025-01-30 18:18:38,241 INFO c.h.h.t.HelmChartContainer - [K3S] [reconciler_common.go:251] "operationExecutor.VerifyControllerAttachedVolume started for volume \"broker-configuration\" (UniqueName: \"kubernetes.io/configmap/5ab0c427-19fb-4584-9596-b737eea22cb4-broker-configuration\") pod \"test-hivemq-platform-0\" (UID: \"5ab0c427-19fb-4584-9596-b737eea22cb4\") " pod="helmmetricsserviceit/test-hivemq-platform-0"
2025-01-30 18:18:38,241 INFO c.h.h.t.HelmChartContainer - [K3S] [reconciler_common.go:251] "operationExecutor.VerifyControllerAttachedVolume started for volume \"pod-info\" (UniqueName: \"kubernetes.io/configmap/5ab0c427-19fb-4584-9596-b737eea22cb4-pod-info\") pod \"test-hivemq-platform-0\" (UID: \"5ab0c427-19fb-4584-9596-b737eea22cb4\") " pod="helmmetricsserviceit/test-hivemq-platform-0"
2025-01-30 18:18:38,283 INFO c.h.h.t.HelmChartContainer - [hivemq-test-hivemq-platform] [hivemq-platform-operator] [456151d4] 18:18:38.282 [ReconcilerExecutor-hivemq-controller-66] DEBUG c.h.p.o.h.HiveMQPlatformReconcilerErrorHandler - [helmmetr] Pod 'test-hivemq-platform-0' phase Pending
2025-01-30 18:18:38,284 INFO c.h.h.t.HelmChartContainer - [hivemq-test-hivemq-platform] [hivemq-platform-operator] [456151d4] 18:18:38.284 [ReconcilerExecutor-hivemq-controller-66] INFO  c.h.p.o.h.HiveMQPlatformReconcilerBaseHandler - [helmmetr] HiveMQ Platform is starting, 0 of 1 replicas are ready
2025-01-30 18:18:38,374 INFO c.h.h.t.HelmChartContainer - [hivemq-test-hivemq-platform] [hivemq-platform-operator] [456151d4] 18:18:38.374 [pool-6-thread-22] DEBUG c.h.p.o.d.PlatformServiceResource - [helmmetr] Desired Platform services (2 services)
2025-01-30 18:18:38,378 INFO c.h.h.t.HelmChartContainer - [hivemq-test-hivemq-platform] [hivemq-platform-operator] [456151d4] 18:18:38.376 [pool-6-thread-23] DEBUG c.h.p.o.dependants.PodInfoConfigMap - [helmmetr] Desired PodInfo ConfigMap (1 extensions) (1 enabled)
2025-01-30 18:18:38,378 INFO c.h.h.t.HelmChartContainer - [hivemq-test-hivemq-platform] [hivemq-platform-operator] [456151d4] 18:18:38.376 [pool-6-thread-23] DEBUG c.h.p.o.dependants.PodInfoConfigMap - [helmmetr] Desired PodInfo ConfigMap (metrics port: 9499) (metrics path: /metrics)
2025-01-30 18:18:38,378 INFO c.h.h.t.HelmChartContainer - [hivemq-test-hivemq-platform] [hivemq-platform-operator] [456151d4] 18:18:38.377 [pool-6-thread-23] DEBUG c.h.p.o.dependants.PodInfoConfigMap - [helmmetr] Desired PodInfo ConfigMap (extension state hash: 1243513115)
2025-01-30 18:18:38,380 INFO c.h.h.t.HelmChartContainer - [hivemq-test-hivemq-platform] [hivemq-platform-operator] [456151d4] 18:18:38.379 [pool-6-thread-27] DEBUG c.h.p.o.d.PodServiceAccountResource - [helmmetr] Desired PodServiceAccountResource (serviceAccountName: hivemq-platform-pod-test-hivemq-platform)
2025-01-30 18:18:38,474 INFO c.h.h.t.HelmChartContainer - [hivemq-test-hivemq-platform] [hivemq-platform-operator] [456151d4] 18:18:38.473 [pool-6-thread-30] DEBUG c.h.p.o.d.StatefulSetResource - [helmmetr] Desired StatefulSet (1 replicas) for status STARTING (READY)
2025-01-30 18:18:38,480 INFO c.h.h.t.HelmChartContainer - [hivemq-test-hivemq-platform] [hivemq-platform-operator] [456151d4] 18:18:38.479 [ReconcilerExecutor-hivemq-controller-77] INFO  c.h.p.o.HiveMQPlatformReconciler - [helmmetr] Reconciling HiveMQ Platform 'test-hivemq-platform' in namespace 'helmmetricsserviceit'
2025-01-30 18:18:38,481 INFO c.h.h.t.HelmChartContainer - [hivemq-test-hivemq-platform] [hivemq-platform-operator] [456151d4] 18:18:38.479 [ReconcilerExecutor-hivemq-controller-77] DEBUG c.h.p.o.HiveMQPlatformReconciler - [helmmetr] Custom Resource Status STARTING - HiveMQ Platform is starting (READY)
2025-01-30 18:18:38,481 INFO c.h.h.t.HelmChartContainer - [hivemq-test-hivemq-platform] [hivemq-platform-operator] [456151d4] 18:18:38.480 [ReconcilerExecutor-hivemq-controller-77] DEBUG c.h.p.o.HiveMQPlatformReconciler - [helmmetr] Custom Resource Spec (replicas: 1) (extensions: 1)
2025-01-30 18:18:38,484 INFO c.h.h.t.HelmChartContainer - [hivemq-test-hivemq-platform] [hivemq-platform-operator] [456151d4] 18:18:38.483 [ReconcilerExecutor-hivemq-controller-77] DEBUG c.h.p.o.HiveMQPlatformReconciler - [helmmetr] StatefulSet Status (revision: test-hivemq-platform-84f6684d79, replicas: 1, available: 0, ready: 0, current: 1, updated: 1)
2025-01-30 18:18:38,484 INFO c.h.h.t.HelmChartContainer - [hivemq-test-hivemq-platform] [hivemq-platform-operator] [456151d4] 18:18:38.483 [ReconcilerExecutor-hivemq-controller-77] DEBUG c.h.p.o.HiveMQPlatformReconciler - [helmmetr] StatefulSet Spec (replicas: 1, init containers: 1, containers: 1, volumes: 3)
2025-01-30 18:18:38,493 INFO c.h.h.t.HelmChartContainer - [hivemq-test-hivemq-platform] [hivemq-platform-operator] [456151d4] 18:18:38.491 [ReconcilerExecutor-hivemq-controller-77] DEBUG c.h.p.o.h.HiveMQPlatformReconcilerErrorHandler - [helmmetr] Pod 'test-hivemq-platform-0' phase Pending
2025-01-30 18:18:38,493 INFO c.h.h.t.HelmChartContainer - [hivemq-test-hivemq-platform] [hivemq-platform-operator] [456151d4] 18:18:38.491 [ReconcilerExecutor-hivemq-controller-77] DEBUG c.h.p.o.h.HiveMQPlatformReconcilerErrorHandler - [helmmetr] Pod 'test-hivemq-platform-0' condition 'PodReadyToStartContainers': False
2025-01-30 18:18:38,493 INFO c.h.h.t.HelmChartContainer - [hivemq-test-hivemq-platform] [hivemq-platform-operator] [456151d4] 18:18:38.491 [ReconcilerExecutor-hivemq-controller-77] DEBUG c.h.p.o.h.HiveMQPlatformReconcilerErrorHandler - [helmmetr] Pod 'test-hivemq-platform-0' condition 'Initialized': False
2025-01-30 18:18:38,493 INFO c.h.h.t.HelmChartContainer - [hivemq-test-hivemq-platform] [hivemq-platform-operator] [456151d4] 18:18:38.491 [ReconcilerExecutor-hivemq-controller-77] DEBUG c.h.p.o.h.HiveMQPlatformReconcilerErrorHandler - [helmmetr] Pod 'test-hivemq-platform-0' condition 'Ready': False
2025-01-30 18:18:38,493 INFO c.h.h.t.HelmChartContainer - [hivemq-test-hivemq-platform] [hivemq-platform-operator] [456151d4] 18:18:38.491 [ReconcilerExecutor-hivemq-controller-77] DEBUG c.h.p.o.h.HiveMQPlatformReconcilerErrorHandler - [helmmetr] Pod 'test-hivemq-platform-0' condition 'ContainersReady': False
2025-01-30 18:18:38,493 INFO c.h.h.t.HelmChartContainer - [hivemq-test-hivemq-platform] [hivemq-platform-operator] [456151d4] 18:18:38.491 [ReconcilerExecutor-hivemq-controller-77] DEBUG c.h.p.o.h.HiveMQPlatformReconcilerErrorHandler - [helmmetr] Pod 'test-hivemq-platform-0' condition 'PodScheduled': True
2025-01-30 18:18:38,493 INFO c.h.h.t.HelmChartContainer - [hivemq-test-hivemq-platform] [hivemq-platform-operator] [456151d4] 18:18:38.491 [ReconcilerExecutor-hivemq-controller-77] DEBUG c.h.p.o.h.HiveMQPlatformReconcilerErrorHandler - [helmmetr] Pod 'test-hivemq-platform-0' containerStatus 'hivemq' (started: false) (ready: false) (waiting: [PodInitializing] null)
2025-01-30 18:18:38,494 INFO c.h.h.t.HelmChartContainer - [hivemq-test-hivemq-platform] [hivemq-platform-operator] [456151d4] 18:18:38.493 [ReconcilerExecutor-hivemq-controller-77] INFO  c.h.p.o.h.HiveMQPlatformReconcilerBaseHandler - [helmmetr] HiveMQ Platform is starting, 0 of 1 replicas are ready
2025-01-30 18:18:38,505 INFO c.h.h.t.HelmChartContainer - [EVENT] Normal [Pulled] Container image "docker.io/hivemq/hivemq-platform-operator-init-test:snapshot" already present on machine [helmmetricsserviceit:test-hivemq-platform-0]
2025-01-30 18:18:38,615 INFO c.h.h.t.HelmChartContainer - [EVENT] Normal [Created] Created container: hivemq-platform-operator-init [helmmetricsserviceit:test-hivemq-platform-0]
2025-01-30 18:18:38,650 INFO c.h.h.t.HelmChartContainer - [EVENT] Normal [Started] Started container hivemq-platform-operator-init [helmmetricsserviceit:test-hivemq-platform-0]
2025-01-30 18:18:38,887 INFO c.h.h.t.HelmChartContainer - [POD] test-hivemq-platform-0 [5ab0c427-19fb-4584-9596-b737eea22cb4] in helmmetricsserviceit was MODIFIED
2025-01-30 18:18:38,904 INFO c.h.h.t.HelmChartContainer - [hivemq-test-hivemq-platform] [hivemq-platform-operator] [456151d4] 18:18:38.902 [pool-6-thread-32] DEBUG c.h.p.o.d.PlatformServiceResource - [helmmetr] Desired Platform services (2 services)
2025-01-30 18:18:38,911 INFO c.h.h.t.HelmChartContainer - [hivemq-test-hivemq-platform] [hivemq-platform-operator] [456151d4] 18:18:38.908 [pool-6-thread-33] DEBUG c.h.p.o.dependants.PodInfoConfigMap - [helmmetr] Desired PodInfo ConfigMap (1 extensions) (1 enabled)
2025-01-30 18:18:38,911 INFO c.h.h.t.HelmChartContainer - [hivemq-test-hivemq-platform] [hivemq-platform-operator] [456151d4] 18:18:38.909 [pool-6-thread-33] DEBUG c.h.p.o.dependants.PodInfoConfigMap - [helmmetr] Desired PodInfo ConfigMap (metrics port: 9499) (metrics path: /metrics)
2025-01-30 18:18:38,911 INFO c.h.h.t.HelmChartContainer - [hivemq-test-hivemq-platform] [hivemq-platform-operator] [456151d4] 18:18:38.910 [pool-6-thread-33] DEBUG c.h.p.o.dependants.PodInfoConfigMap - [helmmetr] Desired PodInfo ConfigMap (extension state hash: 1243513115)
2025-01-30 18:18:38,914 INFO c.h.h.t.HelmChartContainer - [hivemq-test-hivemq-platform] [hivemq-platform-operator] [456151d4] 18:18:38.912 [pool-6-thread-37] DEBUG c.h.p.o.d.PodServiceAccountResource - [helmmetr] Desired PodServiceAccountResource (serviceAccountName: hivemq-platform-pod-test-hivemq-platform)
2025-01-30 18:18:39,057 INFO c.h.h.t.HelmChartContainer - [hivemq-test-hivemq-platform] [hivemq-platform-operator] [456151d4] 18:18:38.974 [pool-6-thread-40] DEBUG c.h.p.o.d.StatefulSetResource - [helmmetr] Desired StatefulSet (1 replicas) for status STARTING (READY)
2025-01-30 18:18:39,057 INFO c.h.h.t.HelmChartContainer - [hivemq-test-hivemq-platform] [hivemq-platform-operator] [456151d4] 18:18:38.990 [ReconcilerExecutor-hivemq-controller-88] INFO  c.h.p.o.HiveMQPlatformReconciler - [helmmetr] Reconciling HiveMQ Platform 'test-hivemq-platform' in namespace 'helmmetricsserviceit'
2025-01-30 18:18:39,057 INFO c.h.h.t.HelmChartContainer - [hivemq-test-hivemq-platform] [hivemq-platform-operator] [456151d4] 18:18:38.990 [ReconcilerExecutor-hivemq-controller-88] DEBUG c.h.p.o.HiveMQPlatformReconciler - [helmmetr] Custom Resource Status STARTING - HiveMQ Platform is starting (READY)
2025-01-30 18:18:39,057 INFO c.h.h.t.HelmChartContainer - [hivemq-test-hivemq-platform] [hivemq-platform-operator] [456151d4] 18:18:38.990 [ReconcilerExecutor-hivemq-controller-88] DEBUG c.h.p.o.HiveMQPlatformReconciler - [helmmetr] Custom Resource Spec (replicas: 1) (extensions: 1)
2025-01-30 18:18:39,057 INFO c.h.h.t.HelmChartContainer - [hivemq-test-hivemq-platform] [hivemq-platform-operator] [456151d4] 18:18:38.992 [ReconcilerExecutor-hivemq-controller-88] DEBUG c.h.p.o.HiveMQPlatformReconciler - [helmmetr] StatefulSet Status (revision: test-hivemq-platform-84f6684d79, replicas: 1, available: 0, ready: 0, current: 1, updated: 1)
2025-01-30 18:18:39,057 INFO c.h.h.t.HelmChartContainer - [hivemq-test-hivemq-platform] [hivemq-platform-operator] [456151d4] 18:18:38.992 [ReconcilerExecutor-hivemq-controller-88] DEBUG c.h.p.o.HiveMQPlatformReconciler - [helmmetr] StatefulSet Spec (replicas: 1, init containers: 1, containers: 1, volumes: 3)
2025-01-30 18:18:39,057 INFO c.h.h.t.HelmChartContainer - [hivemq-test-hivemq-platform] [hivemq-platform-operator] [456151d4] 18:18:38.994 [ReconcilerExecutor-hivemq-controller-88] DEBUG c.h.p.o.h.HiveMQPlatformReconcilerErrorHandler - [helmmetr] Pod 'test-hivemq-platform-0' phase Pending
2025-01-30 18:18:39,057 INFO c.h.h.t.HelmChartContainer - [hivemq-test-hivemq-platform] [hivemq-platform-operator] [456151d4] 18:18:38.994 [ReconcilerExecutor-hivemq-controller-88] DEBUG c.h.p.o.h.HiveMQPlatformReconcilerErrorHandler - [helmmetr] Pod 'test-hivemq-platform-0' condition 'PodReadyToStartContainers': True
2025-01-30 18:18:39,057 INFO c.h.h.t.HelmChartContainer - [hivemq-test-hivemq-platform] [hivemq-platform-operator] [456151d4] 18:18:38.994 [ReconcilerExecutor-hivemq-controller-88] DEBUG c.h.p.o.h.HiveMQPlatformReconcilerErrorHandler - [helmmetr] Pod 'test-hivemq-platform-0' condition 'Initialized': False
2025-01-30 18:18:39,058 INFO c.h.h.t.HelmChartContainer - [hivemq-test-hivemq-platform] [hivemq-platform-operator] [456151d4] 18:18:38.994 [ReconcilerExecutor-hivemq-controller-88] DEBUG c.h.p.o.h.HiveMQPlatformReconcilerErrorHandler - [helmmetr] Pod 'test-hivemq-platform-0' condition 'Ready': False
2025-01-30 18:18:39,058 INFO c.h.h.t.HelmChartContainer - [hivemq-test-hivemq-platform] [hivemq-platform-operator] [456151d4] 18:18:38.994 [ReconcilerExecutor-hivemq-controller-88] DEBUG c.h.p.o.h.HiveMQPlatformReconcilerErrorHandler - [helmmetr] Pod 'test-hivemq-platform-0' condition 'ContainersReady': False
2025-01-30 18:18:39,058 INFO c.h.h.t.HelmChartContainer - [hivemq-test-hivemq-platform] [hivemq-platform-operator] [456151d4] 18:18:38.994 [ReconcilerExecutor-hivemq-controller-88] DEBUG c.h.p.o.h.HiveMQPlatformReconcilerErrorHandler - [helmmetr] Pod 'test-hivemq-platform-0' condition 'PodScheduled': True
2025-01-30 18:18:39,058 INFO c.h.h.t.HelmChartContainer - [hivemq-test-hivemq-platform] [hivemq-platform-operator] [456151d4] 18:18:38.994 [ReconcilerExecutor-hivemq-controller-88] DEBUG c.h.p.o.h.HiveMQPlatformReconcilerErrorHandler - [helmmetr] Pod 'test-hivemq-platform-0' containerStatus 'hivemq' (started: false) (ready: false) (waiting: [PodInitializing] null)
2025-01-30 18:18:39,058 INFO c.h.h.t.HelmChartContainer - [hivemq-test-hivemq-platform] [hivemq-platform-operator] [456151d4] 18:18:38.995 [ReconcilerExecutor-hivemq-controller-88] INFO  c.h.p.o.h.HiveMQPlatformReconcilerBaseHandler - [helmmetr] HiveMQ Platform is starting, 0 of 1 replicas are ready
2025-01-30 18:18:39,878 INFO c.h.h.t.HelmChartContainer - [EVENT] Normal [Pulled] Container image "docker.io/hivemq/hivemq4:4.36.0" already present on machine [helmmetricsserviceit:test-hivemq-platform-0]
2025-01-30 18:18:39,878 INFO c.h.h.t.HelmChartContainer - Received Pulled event for container hivemq in pod test-hivemq-platform-0 [5ab0c427-19fb-4584-9596-b737eea22cb4]
2025-01-30 18:18:39,885 INFO c.h.h.t.HelmChartContainer - [POD] test-hivemq-platform-0 [5ab0c427-19fb-4584-9596-b737eea22cb4] in helmmetricsserviceit was MODIFIED
2025-01-30 18:18:39,893 INFO c.h.h.t.HelmChartContainer - [hivemq-test-hivemq-platform] [hivemq-platform-operator] [456151d4] 18:18:39.893 [pool-6-thread-42] DEBUG c.h.p.o.d.PlatformServiceResource - [helmmetr] Desired Platform services (2 services)
2025-01-30 18:18:39,897 INFO c.h.h.t.HelmChartContainer - [hivemq-test-hivemq-platform] [hivemq-platform-operator] [456151d4] 18:18:39.896 [pool-6-thread-43] DEBUG c.h.p.o.dependants.PodInfoConfigMap - [helmmetr] Desired PodInfo ConfigMap (1 extensions) (1 enabled)
2025-01-30 18:18:39,898 INFO c.h.h.t.HelmChartContainer - [hivemq-test-hivemq-platform] [hivemq-platform-operator] [456151d4] 18:18:39.897 [pool-6-thread-43] DEBUG c.h.p.o.dependants.PodInfoConfigMap - [helmmetr] Desired PodInfo ConfigMap (metrics port: 9499) (metrics path: /metrics)
2025-01-30 18:18:39,899 INFO c.h.h.t.HelmChartContainer - [hivemq-test-hivemq-platform] [hivemq-platform-operator] [456151d4] 18:18:39.898 [pool-6-thread-43] DEBUG c.h.p.o.dependants.PodInfoConfigMap - [helmmetr] Desired PodInfo ConfigMap (extension state hash: 1243513115)
2025-01-30 18:18:39,901 INFO c.h.h.t.HelmChartContainer - [hivemq-test-hivemq-platform] [hivemq-platform-operator] [456151d4] 18:18:39.898 [pool-6-thread-47] DEBUG c.h.p.o.d.PodServiceAccountResource - [helmmetr] Desired PodServiceAccountResource (serviceAccountName: hivemq-platform-pod-test-hivemq-platform)
2025-01-30 18:18:39,975 INFO c.h.h.t.HelmChartContainer - [hivemq-test-hivemq-platform] [hivemq-platform-operator] [456151d4] 18:18:39.972 [pool-6-thread-49] DEBUG c.h.p.o.d.StatefulSetResource - [helmmetr] Desired StatefulSet (1 replicas) for status STARTING (READY)
2025-01-30 18:18:39,977 INFO c.h.h.t.HelmChartContainer - [hivemq-test-hivemq-platform] [hivemq-platform-operator] [456151d4] 18:18:39.977 [ReconcilerExecutor-hivemq-controller-99] INFO  c.h.p.o.HiveMQPlatformReconciler - [helmmetr] Reconciling HiveMQ Platform 'test-hivemq-platform' in namespace 'helmmetricsserviceit'
2025-01-30 18:18:39,978 INFO c.h.h.t.HelmChartContainer - [hivemq-test-hivemq-platform] [hivemq-platform-operator] [456151d4] 18:18:39.977 [ReconcilerExecutor-hivemq-controller-99] DEBUG c.h.p.o.HiveMQPlatformReconciler - [helmmetr] Custom Resource Status STARTING - HiveMQ Platform is starting (READY)
2025-01-30 18:18:39,978 INFO c.h.h.t.HelmChartContainer - [hivemq-test-hivemq-platform] [hivemq-platform-operator] [456151d4] 18:18:39.977 [ReconcilerExecutor-hivemq-controller-99] DEBUG c.h.p.o.HiveMQPlatformReconciler - [helmmetr] Custom Resource Spec (replicas: 1) (extensions: 1)
2025-01-30 18:18:39,989 INFO c.h.h.t.HelmChartContainer - [hivemq-test-hivemq-platform] [hivemq-platform-operator] [456151d4] 18:18:39.988 [ReconcilerExecutor-hivemq-controller-99] DEBUG c.h.p.o.HiveMQPlatformReconciler - [helmmetr] StatefulSet Status (revision: test-hivemq-platform-84f6684d79, replicas: 1, available: 0, ready: 0, current: 1, updated: 1)
2025-01-30 18:18:39,990 INFO c.h.h.t.HelmChartContainer - [hivemq-test-hivemq-platform] [hivemq-platform-operator] [456151d4] 18:18:39.988 [ReconcilerExecutor-hivemq-controller-99] DEBUG c.h.p.o.HiveMQPlatformReconciler - [helmmetr] StatefulSet Spec (replicas: 1, init containers: 1, containers: 1, volumes: 3)
2025-01-30 18:18:39,993 INFO c.h.h.t.HelmChartContainer - [hivemq-test-hivemq-platform] [hivemq-platform-operator] [456151d4] 18:18:39.992 [ReconcilerExecutor-hivemq-controller-99] DEBUG c.h.p.o.h.HiveMQPlatformReconcilerErrorHandler - [helmmetr] Pod 'test-hivemq-platform-0' phase Pending
2025-01-30 18:18:39,993 INFO c.h.h.t.HelmChartContainer - [hivemq-test-hivemq-platform] [hivemq-platform-operator] [456151d4] 18:18:39.993 [ReconcilerExecutor-hivemq-controller-99] DEBUG c.h.p.o.h.HiveMQPlatformReconcilerErrorHandler - [helmmetr] Pod 'test-hivemq-platform-0' condition 'PodReadyToStartContainers': True
2025-01-30 18:18:39,994 INFO c.h.h.t.HelmChartContainer - [hivemq-test-hivemq-platform] [hivemq-platform-operator] [456151d4] 18:18:39.993 [ReconcilerExecutor-hivemq-controller-99] DEBUG c.h.p.o.h.HiveMQPlatformReconcilerErrorHandler - [helmmetr] Pod 'test-hivemq-platform-0' condition 'Initialized': True
2025-01-30 18:18:39,995 INFO c.h.h.t.HelmChartContainer - [hivemq-test-hivemq-platform] [hivemq-platform-operator] [456151d4] 18:18:39.993 [ReconcilerExecutor-hivemq-controller-99] DEBUG c.h.p.o.h.HiveMQPlatformReconcilerErrorHandler - [helmmetr] Pod 'test-hivemq-platform-0' condition 'Ready': False
2025-01-30 18:18:39,995 INFO c.h.h.t.HelmChartContainer - [hivemq-test-hivemq-platform] [hivemq-platform-operator] [456151d4] 18:18:39.993 [ReconcilerExecutor-hivemq-controller-99] DEBUG c.h.p.o.h.HiveMQPlatformReconcilerErrorHandler - [helmmetr] Pod 'test-hivemq-platform-0' condition 'ContainersReady': False
2025-01-30 18:18:39,995 INFO c.h.h.t.HelmChartContainer - [hivemq-test-hivemq-platform] [hivemq-platform-operator] [456151d4] 18:18:39.993 [ReconcilerExecutor-hivemq-controller-99] DEBUG c.h.p.o.h.HiveMQPlatformReconcilerErrorHandler - [helmmetr] Pod 'test-hivemq-platform-0' condition 'PodScheduled': True
2025-01-30 18:18:39,995 INFO c.h.h.t.HelmChartContainer - [hivemq-test-hivemq-platform] [hivemq-platform-operator] [456151d4] 18:18:39.993 [ReconcilerExecutor-hivemq-controller-99] DEBUG c.h.p.o.h.HiveMQPlatformReconcilerErrorHandler - [helmmetr] Pod 'test-hivemq-platform-0' containerStatus 'hivemq' (started: false) (ready: false) (waiting: [PodInitializing] null)
2025-01-30 18:18:39,995 INFO c.h.h.t.HelmChartContainer - [hivemq-test-hivemq-platform] [hivemq-platform-operator] [456151d4] 18:18:39.994 [ReconcilerExecutor-hivemq-controller-99] INFO  c.h.p.o.h.HiveMQPlatformReconcilerBaseHandler - [helmmetr] HiveMQ Platform is starting, 0 of 1 replicas are ready
2025-01-30 18:18:40,938 INFO c.h.h.t.HelmChartContainer - [EVENT] Normal [Created] Created container: hivemq [helmmetricsserviceit:test-hivemq-platform-0]
2025-01-30 18:18:40,938 INFO c.h.h.t.HelmChartContainer - Received Created event for container hivemq in pod test-hivemq-platform-0 [5ab0c427-19fb-4584-9596-b737eea22cb4]
2025-01-30 18:18:41,894 INFO c.h.h.t.HelmChartContainer - [POD] test-hivemq-platform-0 [5ab0c427-19fb-4584-9596-b737eea22cb4] in helmmetricsserviceit was MODIFIED
2025-01-30 18:18:41,906 INFO c.h.h.t.HelmChartContainer - [EVENT] Normal [Started] Started container hivemq [helmmetricsserviceit:test-hivemq-platform-0]
2025-01-30 18:18:41,906 INFO c.h.h.t.HelmChartContainer - Received Started event for container hivemq in pod test-hivemq-platform-0 [5ab0c427-19fb-4584-9596-b737eea22cb4]
2025-01-30 18:18:41,906 INFO c.h.h.t.HelmChartContainer - Started log watcher for hivemq in pod test-hivemq-platform-0 [5ab0c427-19fb-4584-9596-b737eea22cb4]
2025-01-30 18:18:41,906 INFO c.h.h.t.HelmChartContainer - [test-hivemq-platform] [hivemq] [5ab0c427] Adding pre-installed HiveMQ Platform Operator extensions
2025-01-30 18:18:41,907 INFO c.h.h.t.HelmChartContainer - [test-hivemq-platform] [hivemq] [5ab0c427] Running as user 10000
2025-01-30 18:18:41,907 INFO c.h.h.t.HelmChartContainer - [test-hivemq-platform] [hivemq] [5ab0c427] Starting HiveMQ Platform Operator Init
2025-01-30 18:18:41,909 INFO c.h.h.t.HelmChartContainer - [hivemq-test-hivemq-platform] [hivemq-platform-operator] [456151d4] 18:18:41.908 [pool-6-thread-6] DEBUG c.h.p.o.d.PlatformServiceResource - [helmmetr] Desired Platform services (2 services)
2025-01-30 18:18:41,917 INFO c.h.h.t.HelmChartContainer - [hivemq-test-hivemq-platform] [hivemq-platform-operator] [456151d4] 18:18:41.910 [pool-6-thread-1] DEBUG c.h.p.o.d.PodServiceAccountResource - [helmmetr] Desired PodServiceAccountResource (serviceAccountName: hivemq-platform-pod-test-hivemq-platform)
2025-01-30 18:18:41,918 INFO c.h.h.t.HelmChartContainer - [hivemq-test-hivemq-platform] [hivemq-platform-operator] [456151d4] 18:18:41.910 [pool-6-thread-5] DEBUG c.h.p.o.dependants.PodInfoConfigMap - [helmmetr] Desired PodInfo ConfigMap (1 extensions) (1 enabled)
2025-01-30 18:18:41,919 INFO c.h.h.t.HelmChartContainer - [hivemq-test-hivemq-platform] [hivemq-platform-operator] [456151d4] 18:18:41.916 [pool-6-thread-5] DEBUG c.h.p.o.dependants.PodInfoConfigMap - [helmmetr] Desired PodInfo ConfigMap (metrics port: 9499) (metrics path: /metrics)
2025-01-30 18:18:41,919 INFO c.h.h.t.HelmChartContainer - [hivemq-test-hivemq-platform] [hivemq-platform-operator] [456151d4] 18:18:41.917 [pool-6-thread-5] DEBUG c.h.p.o.dependants.PodInfoConfigMap - [helmmetr] Desired PodInfo ConfigMap (extension state hash: 1243513115)
2025-01-30 18:18:41,924 INFO c.h.h.t.HelmChartContainer - [hivemq-test-hivemq-platform] [hivemq-platform-operator] [456151d4] 18:18:41.923 [pool-6-thread-6] DEBUG c.h.p.o.d.StatefulSetResource - [helmmetr] Desired StatefulSet (1 replicas) for status STARTING (READY)
2025-01-30 18:18:41,995 INFO c.h.h.t.HelmChartContainer - [hivemq-test-hivemq-platform] [hivemq-platform-operator] [456151d4] 18:18:41.992 [ReconcilerExecutor-hivemq-controller-110] INFO  c.h.p.o.HiveMQPlatformReconciler - [helmmetr] Reconciling HiveMQ Platform 'test-hivemq-platform' in namespace 'helmmetricsserviceit'
2025-01-30 18:18:41,995 INFO c.h.h.t.HelmChartContainer - [hivemq-test-hivemq-platform] [hivemq-platform-operator] [456151d4] 18:18:41.993 [ReconcilerExecutor-hivemq-controller-110] DEBUG c.h.p.o.HiveMQPlatformReconciler - [helmmetr] Custom Resource Status STARTING - HiveMQ Platform is starting (READY)
2025-01-30 18:18:41,995 INFO c.h.h.t.HelmChartContainer - [hivemq-test-hivemq-platform] [hivemq-platform-operator] [456151d4] 18:18:41.993 [ReconcilerExecutor-hivemq-controller-110] DEBUG c.h.p.o.HiveMQPlatformReconciler - [helmmetr] Custom Resource Spec (replicas: 1) (extensions: 1)
2025-01-30 18:18:41,997 INFO c.h.h.t.HelmChartContainer - [hivemq-test-hivemq-platform] [hivemq-platform-operator] [456151d4] 18:18:41.996 [ReconcilerExecutor-hivemq-controller-110] DEBUG c.h.p.o.HiveMQPlatformReconciler - [helmmetr] StatefulSet Status (revision: test-hivemq-platform-84f6684d79, replicas: 1, available: 0, ready: 0, current: 1, updated: 1)
2025-01-30 18:18:41,998 INFO c.h.h.t.HelmChartContainer - [hivemq-test-hivemq-platform] [hivemq-platform-operator] [456151d4] 18:18:41.996 [ReconcilerExecutor-hivemq-controller-110] DEBUG c.h.p.o.HiveMQPlatformReconciler - [helmmetr] StatefulSet Spec (replicas: 1, init containers: 1, containers: 1, volumes: 3)
2025-01-30 18:18:42,002 INFO c.h.h.t.HelmChartContainer - [hivemq-test-hivemq-platform] [hivemq-platform-operator] [456151d4] 18:18:42.001 [ReconcilerExecutor-hivemq-controller-110] DEBUG c.h.p.o.h.HiveMQPlatformReconcilerErrorHandler - [helmmetr] Pod 'test-hivemq-platform-0' phase Running
2025-01-30 18:18:42,004 INFO c.h.h.t.HelmChartContainer - [hivemq-test-hivemq-platform] [hivemq-platform-operator] [456151d4] 18:18:42.003 [ReconcilerExecutor-hivemq-controller-110] INFO  c.h.p.o.h.HiveMQPlatformReconcilerBaseHandler - [helmmetr] HiveMQ Platform is starting, 0 of 1 replicas are ready
2025-01-30 18:18:42,184 INFO c.h.h.t.HelmChartContainer - [test-hivemq-platform] [hivemq] [5ab0c427] INFO  - [HiveMQ Platform Operator Init 1.7.0-SNAPSHOT] HiveMQ Platform Operator Init 1.7.0-SNAPSHOT (commit: 47e3375 on branch: HEAD) built on Thu Jan 30 03:55:50 UTC 2025
2025-01-30 18:18:43,219 INFO c.h.h.t.HelmChartContainer - [test-hivemq-platform] [hivemq] [5ab0c427] INFO  - [HiveMQ Platform Operator Init App 1.7.0-SNAPSHOT] Using bind address 10.42.0.12 from environment variable
2025-01-30 18:18:44,189 INFO c.h.h.t.HelmChartContainer - [test-hivemq-platform] [hivemq] [5ab0c427] INFO  - [HiveMQ Platform Operator Init App 1.7.0-SNAPSHOT] HiveMQ Platform Operator Init App 1.7.0-SNAPSHOT (commit: 47e3375 on branch: HEAD) built on Thu Jan 30 03:55:50 UTC 2025
2025-01-30 18:18:44,189 INFO c.h.h.t.HelmChartContainer - [test-hivemq-platform] [hivemq] [5ab0c427] INFO  - [HiveMQ Platform Operator Init App 1.7.0-SNAPSHOT] PodInfo ConfigMap directory: /etc/podinfo
2025-01-30 18:18:44,189 INFO c.h.h.t.HelmChartContainer - [test-hivemq-platform] [hivemq] [5ab0c427] INFO  - [HiveMQ Platform Operator Init App 1.7.0-SNAPSHOT] HiveMQ home directory: /opt/hivemq
2025-01-30 18:18:44,189 INFO c.h.h.t.HelmChartContainer - [test-hivemq-platform] [hivemq] [5ab0c427] INFO  - [HiveMQ Platform Operator Init App 1.7.0-SNAPSHOT] HiveMQ Logback folder: /opt/hivemq/conf
2025-01-30 18:18:44,189 INFO c.h.h.t.HelmChartContainer - [test-hivemq-platform] [hivemq] [5ab0c427] INFO  - [HiveMQ Platform Operator Init App 1.7.0-SNAPSHOT] HiveMQ Config folder: /opt/hivemq/conf-k8s
2025-01-30 18:18:44,190 INFO c.h.h.t.HelmChartContainer - [test-hivemq-platform] [hivemq] [5ab0c427] INFO  - [HiveMQ Platform Operator Init App 1.7.0-SNAPSHOT] Starting HiveMQ Platform Operator Init App
2025-01-30 18:18:44,191 INFO c.h.h.t.HelmChartContainer - [test-hivemq-platform] [hivemq] [5ab0c427] INFO  - [HiveMQ Platform Operator Init App 1.7.0-SNAPSHOT] Starting Pod reconciler
2025-01-30 18:18:45,292 INFO c.h.h.t.HelmChartContainer - [test-hivemq-platform] [hivemq] [5ab0c427] INFO  - [HiveMQ Platform Operator Init App 1.7.0-SNAPSHOT] Pod reconciler is scheduled (interval: 5000 ms)
2025-01-30 18:18:45,293 INFO c.h.h.t.HelmChartContainer - [test-hivemq-platform] [hivemq] [5ab0c427] INFO  - [HiveMQ Platform Operator Init App 1.7.0-SNAPSHOT] Starting the REST API on 10.42.0.12:7979
2025-01-30 18:18:45,295 INFO c.h.h.t.HelmChartContainer - [test-hivemq-platform] [hivemq] [5ab0c427] INFO  - [HiveMQ Platform Operator Init App 1.7.0-SNAPSHOT] Waiting up to 600s for at most 1 HiveMQ nodes in cluster service hivemq-test-hivemq-platform-cluster.helmmetricsserviceit.svc
2025-01-30 18:18:45,689 INFO c.h.h.t.HelmChartContainer - [test-hivemq-platform] [hivemq] [5ab0c427] INFO  - [HiveMQ Platform Operator Init App 1.7.0-SNAPSHOT] Resolved 1 IP addresses: [10.42.0.12]
2025-01-30 18:18:45,689 INFO c.h.h.t.HelmChartContainer - [test-hivemq-platform] [hivemq] [5ab0c427] INFO  - [HiveMQ Platform Operator Init App 1.7.0-SNAPSHOT] HiveMQ node count of 1 is within threshold of 1
2025-01-30 18:18:45,689 INFO c.h.h.t.HelmChartContainer - [test-hivemq-platform] [hivemq] [5ab0c427] INFO  - [HiveMQ Platform Operator Init App 1.7.0-SNAPSHOT] Proceeding with container start
2025-01-30 18:18:45,783 INFO c.h.h.t.HelmChartContainer - [test-hivemq-platform] [hivemq] [5ab0c427] INFO  - [HiveMQ Platform Operator Init App 1.7.0-SNAPSHOT] Initializing HiveMQ Platform extensions with initial configuration: {hivemq-allow-all-extension={start-priority=-1, skip-https-hostname-verification=false, restart=true, config-version=0, header-version=0, c-uri=, priority=-1, uri=preinstalled, skip-https-certificate-validation=false, enabled=true}, hivemq-prometheus-extension={request-header-path=no-request-headers, uri=preinstalled, skip-https-certificate-validation=false, skip-https-hostname-verification=false, c-uri=, start-priority=-1, priority=-1, restart=true, enabled=true}}
2025-01-30 18:18:46,197 INFO c.h.h.t.HelmChartContainer - [test-hivemq-platform] [hivemq] [5ab0c427] INFO  - [HiveMQ Platform Operator Init App 1.7.0-SNAPSHOT] Extension hivemq-allow-all-extension was already enabled
2025-01-30 18:18:46,290 INFO c.h.h.t.HelmChartContainer - [test-hivemq-platform] [hivemq] [5ab0c427] INFO  - [HiveMQ Platform Operator Init App 1.7.0-SNAPSHOT] Successfully enabled extension hivemq-prometheus-extension
2025-01-30 18:18:46,291 INFO c.h.h.t.HelmChartContainer - [test-hivemq-platform] [hivemq] [5ab0c427] INFO  - [HiveMQ Platform Operator Init App 1.7.0-SNAPSHOT] Starting HiveMQ Platform version 4.36.0 (4.36.0)
2025-01-30 18:18:46,291 INFO c.h.h.t.HelmChartContainer - [test-hivemq-platform] [hivemq] [5ab0c427] INFO  - [HiveMQ Platform Operator Init App 1.7.0-SNAPSHOT] Configuring the HiveMQ Platform
2025-01-30 18:18:46,382 INFO c.h.h.t.HelmChartContainer - [test-hivemq-platform] [hivemq] [5ab0c427] INFO  - [HiveMQ Platform Operator Init App 1.7.0-SNAPSHOT] Changed logback.xml file scan period to 20 seconds
2025-01-30 18:18:46,392 INFO c.h.h.t.HelmChartContainer - [test-hivemq-platform] [hivemq] [5ab0c427] INFO  - [HiveMQ Platform Operator Init App 1.7.0-SNAPSHOT] Starting the HiveMQ Platform
2025-01-30 18:18:46,395 INFO c.h.h.t.HelmChartContainer - [test-hivemq-platform] [hivemq] [5ab0c427] -------------------------------------------------------------------------
2025-01-30 18:18:46,395 INFO c.h.h.t.HelmChartContainer - [test-hivemq-platform] [hivemq] [5ab0c427] 
2025-01-30 18:18:46,395 INFO c.h.h.t.HelmChartContainer - [test-hivemq-platform] [hivemq] [5ab0c427]                   _    _  _              __  __   ____
2025-01-30 18:18:46,395 INFO c.h.h.t.HelmChartContainer - [test-hivemq-platform] [hivemq] [5ab0c427]                  | |  | |(_)            |  \/  | / __ \
2025-01-30 18:18:46,395 INFO c.h.h.t.HelmChartContainer - [test-hivemq-platform] [hivemq] [5ab0c427]                  | |__| | _ __   __ ___ | \  / || |  | |
2025-01-30 18:18:46,395 INFO c.h.h.t.HelmChartContainer - [test-hivemq-platform] [hivemq] [5ab0c427]                  |  __  || |\ \ / // _ \| |\/| || |  | |
2025-01-30 18:18:46,395 INFO c.h.h.t.HelmChartContainer - [test-hivemq-platform] [hivemq] [5ab0c427]                  | |  | || | \ V /|  __/| |  | || |__| |
2025-01-30 18:18:46,395 INFO c.h.h.t.HelmChartContainer - [test-hivemq-platform] [hivemq] [5ab0c427]                  |_|  |_||_|  \_/  \___||_|  |_| \___\_\
2025-01-30 18:18:46,395 INFO c.h.h.t.HelmChartContainer - [test-hivemq-platform] [hivemq] [5ab0c427] 
2025-01-30 18:18:46,395 INFO c.h.h.t.HelmChartContainer - [test-hivemq-platform] [hivemq] [5ab0c427] -------------------------------------------------------------------------
2025-01-30 18:18:46,395 INFO c.h.h.t.HelmChartContainer - [test-hivemq-platform] [hivemq] [5ab0c427] 
2025-01-30 18:18:46,395 INFO c.h.h.t.HelmChartContainer - [test-hivemq-platform] [hivemq] [5ab0c427]   HiveMQ Start Script for Linux/Unix v1.14
2025-01-30 18:18:46,395 INFO c.h.h.t.HelmChartContainer - [test-hivemq-platform] [hivemq] [5ab0c427] 
2025-01-30 18:18:46,493 INFO c.h.h.t.HelmChartContainer - [test-hivemq-platform] [hivemq] [5ab0c427] -------------------------------------------------------------------------
2025-01-30 18:18:46,493 INFO c.h.h.t.HelmChartContainer - [test-hivemq-platform] [hivemq] [5ab0c427] 
2025-01-30 18:18:46,493 INFO c.h.h.t.HelmChartContainer - [test-hivemq-platform] [hivemq] [5ab0c427]   HIVEMQ_HOME: /opt/hivemq
2025-01-30 18:18:46,493 INFO c.h.h.t.HelmChartContainer - [test-hivemq-platform] [hivemq] [5ab0c427] 
2025-01-30 18:18:46,493 INFO c.h.h.t.HelmChartContainer - [test-hivemq-platform] [hivemq] [5ab0c427]   JAVA_OPTS: -XX:+UnlockExperimentalVMOptions -XX:InitialRAMPercentage=50 -XX:MaxRAMPercentage=50 -Djava.net.preferIPv4Stack=true --add-opens java.base/java.lang=ALL-UNNAMED --add-opens java.base/java.nio=ALL-UNNAMED --add-opens java.base/sun.nio.ch=ALL-UNNAMED --add-opens jdk.management/com.sun.management.internal=ALL-UNNAMED --add-exports java.base/jdk.internal.misc=ALL-UNNAMED -Djava.security.egd=file:/dev/./urandom -Dcom.sun.management.jmxremote -Dcom.sun.management.jmxremote.port=9010 -Dcom.sun.management.jmxremote.local.only=false -Dcom.sun.management.jmxremote.authenticate=false -Dcom.sun.management.jmxremote.ssl=false -Duser.language=en -Duser.region=US -XX:+CrashOnOutOfMemoryError -XX:+HeapDumpOnOutOfMemoryError
2025-01-30 18:18:46,493 INFO c.h.h.t.HelmChartContainer - [test-hivemq-platform] [hivemq] [5ab0c427] 
2025-01-30 18:18:46,493 INFO c.h.h.t.HelmChartContainer - [test-hivemq-platform] [hivemq] [5ab0c427]   JAVA_VERSION: 21
2025-01-30 18:18:46,493 INFO c.h.h.t.HelmChartContainer - [test-hivemq-platform] [hivemq] [5ab0c427] 
2025-01-30 18:18:46,493 INFO c.h.h.t.HelmChartContainer - [test-hivemq-platform] [hivemq] [5ab0c427] -------------------------------------------------------------------------
2025-01-30 18:18:46,493 INFO c.h.h.t.HelmChartContainer - [test-hivemq-platform] [hivemq] [5ab0c427] 
2025-01-30 18:18:47,893 INFO c.h.h.t.HelmChartContainer - [test-hivemq-platform] [hivemq] [5ab0c427] INFO  - [HiveMQ Platform Operator Init App 1.7.0-SNAPSHOT] Returning default Health API response 503 for readiness
2025-01-30 18:18:48,291 INFO c.h.h.t.HelmChartContainer - [EVENT] Warning [Unhealthy] Readiness probe failed: HTTP probe failed with statuscode: 503 [helmmetricsserviceit:test-hivemq-platform-0]
2025-01-30 18:18:48,291 INFO c.h.h.t.HelmChartContainer - Received Unhealthy event for container hivemq in pod test-hivemq-platform-0 [5ab0c427-19fb-4584-9596-b737eea22cb4]
2025-01-30 18:18:49,097 INFO c.h.h.t.HelmChartContainer - [test-hivemq-platform] [hivemq] [5ab0c427] INFO  - Starting HiveMQ Enterprise Server
2025-01-30 18:18:49,103 INFO c.h.h.t.HelmChartContainer - [test-hivemq-platform] [hivemq] [5ab0c427] INFO  - HiveMQ version: 4.36.0
2025-01-30 18:18:49,103 INFO c.h.h.t.HelmChartContainer - [test-hivemq-platform] [hivemq] [5ab0c427] INFO  - HiveMQ home directory: /opt/hivemq
2025-01-30 18:18:49,139 INFO c.h.h.t.HelmChartContainer - [test-hivemq-platform] [hivemq] [5ab0c427] INFO  - Log Configuration was overridden by /opt/hivemq/conf/logback.xml
2025-01-30 18:18:50,387 INFO c.h.h.t.HelmChartContainer - [test-hivemq-platform] [hivemq] [5ab0c427] INFO  - Successfully loaded configuration from '/opt/hivemq/conf-k8s/config.xml'.
2025-01-30 18:18:51,091 INFO c.h.h.t.HelmChartContainer - [test-hivemq-platform] [hivemq] [5ab0c427] INFO  - This node's ID is 5lwOE
2025-01-30 18:18:51,091 INFO c.h.h.t.HelmChartContainer - [test-hivemq-platform] [hivemq] [5ab0c427] INFO  - Clustering is enabled
2025-01-30 18:18:52,010 INFO c.h.h.t.HelmChartContainer - [hivemq-test-hivemq-platform] [hivemq-platform-operator] [456151d4] 18:18:52.005 [pool-6-thread-16] DEBUG c.h.p.o.d.PlatformServiceResource - [helmmetr] Desired Platform services (2 services)
2025-01-30 18:18:52,011 INFO c.h.h.t.HelmChartContainer - [hivemq-test-hivemq-platform] [hivemq-platform-operator] [456151d4] 18:18:52.007 [pool-6-thread-14] DEBUG c.h.p.o.dependants.PodInfoConfigMap - [helmmetr] Desired PodInfo ConfigMap (1 extensions) (1 enabled)
2025-01-30 18:18:52,013 INFO c.h.h.t.HelmChartContainer - [hivemq-test-hivemq-platform] [hivemq-platform-operator] [456151d4] 18:18:52.007 [pool-6-thread-14] DEBUG c.h.p.o.dependants.PodInfoConfigMap - [helmmetr] Desired PodInfo ConfigMap (metrics port: 9499) (metrics path: /metrics)
2025-01-30 18:18:52,013 INFO c.h.h.t.HelmChartContainer - [hivemq-test-hivemq-platform] [hivemq-platform-operator] [456151d4] 18:18:52.007 [pool-6-thread-14] DEBUG c.h.p.o.dependants.PodInfoConfigMap - [helmmetr] Desired PodInfo ConfigMap (extension state hash: 1243513115)
2025-01-30 18:18:52,013 INFO c.h.h.t.HelmChartContainer - [hivemq-test-hivemq-platform] [hivemq-platform-operator] [456151d4] 18:18:52.008 [pool-6-thread-14] DEBUG c.h.p.o.d.PodServiceAccountResource - [helmmetr] Desired PodServiceAccountResource (serviceAccountName: hivemq-platform-pod-test-hivemq-platform)
2025-01-30 18:18:52,016 INFO c.h.h.t.HelmChartContainer - [hivemq-test-hivemq-platform] [hivemq-platform-operator] [456151d4] 18:18:52.013 [pool-6-thread-16] DEBUG c.h.p.o.d.StatefulSetResource - [helmmetr] Desired StatefulSet (1 replicas) for status STARTING (READY)
2025-01-30 18:18:52,018 INFO c.h.h.t.HelmChartContainer - [hivemq-test-hivemq-platform] [hivemq-platform-operator] [456151d4] 18:18:52.018 [ReconcilerExecutor-hivemq-controller-111] INFO  c.h.p.o.HiveMQPlatformReconciler - [helmmetr] Reconciling HiveMQ Platform 'test-hivemq-platform' in namespace 'helmmetricsserviceit'
2025-01-30 18:18:52,018 INFO c.h.h.t.HelmChartContainer - [hivemq-test-hivemq-platform] [hivemq-platform-operator] [456151d4] 18:18:52.018 [ReconcilerExecutor-hivemq-controller-111] DEBUG c.h.p.o.HiveMQPlatformReconciler - [helmmetr] Custom Resource Status STARTING - HiveMQ Platform is starting (READY)
2025-01-30 18:18:52,021 INFO c.h.h.t.HelmChartContainer - [hivemq-test-hivemq-platform] [hivemq-platform-operator] [456151d4] 18:18:52.018 [ReconcilerExecutor-hivemq-controller-111] DEBUG c.h.p.o.HiveMQPlatformReconciler - [helmmetr] Custom Resource Spec (replicas: 1) (extensions: 1)
2025-01-30 18:18:52,021 INFO c.h.h.t.HelmChartContainer - [hivemq-test-hivemq-platform] [hivemq-platform-operator] [456151d4] 18:18:52.019 [ReconcilerExecutor-hivemq-controller-111] DEBUG c.h.p.o.HiveMQPlatformReconciler - [helmmetr] StatefulSet Status (revision: test-hivemq-platform-84f6684d79, replicas: 1, available: 0, ready: 0, current: 1, updated: 1)
2025-01-30 18:18:52,021 INFO c.h.h.t.HelmChartContainer - [hivemq-test-hivemq-platform] [hivemq-platform-operator] [456151d4] 18:18:52.019 [ReconcilerExecutor-hivemq-controller-111] DEBUG c.h.p.o.HiveMQPlatformReconciler - [helmmetr] StatefulSet Spec (replicas: 1, init containers: 1, containers: 1, volumes: 3)
2025-01-30 18:18:52,024 INFO c.h.h.t.HelmChartContainer - [hivemq-test-hivemq-platform] [hivemq-platform-operator] [456151d4] 18:18:52.023 [ReconcilerExecutor-hivemq-controller-111] DEBUG c.h.p.o.h.HiveMQPlatformReconcilerErrorHandler - [helmmetr] Pod 'test-hivemq-platform-0' phase Running
2025-01-30 18:18:52,026 INFO c.h.h.t.HelmChartContainer - [hivemq-test-hivemq-platform] [hivemq-platform-operator] [456151d4] 18:18:52.025 [ReconcilerExecutor-hivemq-controller-111] INFO  c.h.p.o.h.HiveMQPlatformReconcilerBaseHandler - [helmmetr] HiveMQ Platform is starting, 0 of 1 replicas are ready
2025-01-30 18:18:53,285 INFO c.h.h.t.HelmChartContainer - [test-hivemq-platform] [hivemq] [5ab0c427] WARN  - [HiveMQ Platform Operator Init App 1.7.0-SNAPSHOT] Cannot connect to Health API for readiness: null
2025-01-30 18:18:53,292 INFO c.h.h.t.HelmChartContainer - [EVENT] Warning [Unhealthy] Readiness probe failed: HTTP probe failed with statuscode: 503 [helmmetricsserviceit:test-hivemq-platform-0]
2025-01-30 18:18:53,293 INFO c.h.h.t.HelmChartContainer - Received Unhealthy event for container hivemq in pod test-hivemq-platform-0 [5ab0c427-19fb-4584-9596-b737eea22cb4]
2025-01-30 18:18:55,540 INFO c.h.h.t.HelmChartContainer - [test-hivemq-platform] [hivemq] [5ab0c427] INFO  - [HiveMQ Platform Operator Init App 1.7.0-SNAPSHOT] Updating Pod HiveMQ Platform Operator Init App version annotation (version: 1.7.0-SNAPSHOT)
2025-01-30 18:18:56,303 INFO c.h.h.t.HelmChartContainer - [POD] test-hivemq-platform-0 [5ab0c427-19fb-4584-9596-b737eea22cb4] in helmmetricsserviceit was MODIFIED
2025-01-30 18:18:56,310 INFO c.h.h.t.HelmChartContainer - [hivemq-test-hivemq-platform] [hivemq-platform-operator] [456151d4] 18:18:56.308 [pool-6-thread-25] DEBUG c.h.p.o.d.PlatformServiceResource - [helmmetr] Desired Platform services (2 services)
2025-01-30 18:18:56,310 INFO c.h.h.t.HelmChartContainer - [hivemq-test-hivemq-platform] [hivemq-platform-operator] [456151d4] 18:18:56.309 [pool-6-thread-29] DEBUG c.h.p.o.dependants.PodInfoConfigMap - [helmmetr] Desired PodInfo ConfigMap (1 extensions) (1 enabled)
2025-01-30 18:18:56,312 INFO c.h.h.t.HelmChartContainer - [hivemq-test-hivemq-platform] [hivemq-platform-operator] [456151d4] 18:18:56.311 [pool-6-thread-29] DEBUG c.h.p.o.dependants.PodInfoConfigMap - [helmmetr] Desired PodInfo ConfigMap (metrics port: 9499) (metrics path: /metrics)
2025-01-30 18:18:56,313 INFO c.h.h.t.HelmChartContainer - [hivemq-test-hivemq-platform] [hivemq-platform-operator] [456151d4] 18:18:56.311 [pool-6-thread-29] DEBUG c.h.p.o.dependants.PodInfoConfigMap - [helmmetr] Desired PodInfo ConfigMap (extension state hash: 1243513115)
2025-01-30 18:18:56,313 INFO c.h.h.t.HelmChartContainer - [hivemq-test-hivemq-platform] [hivemq-platform-operator] [456151d4] 18:18:56.311 [pool-6-thread-23] DEBUG c.h.p.o.d.PodServiceAccountResource - [helmmetr] Desired PodServiceAccountResource (serviceAccountName: hivemq-platform-pod-test-hivemq-platform)
2025-01-30 18:18:56,322 INFO c.h.h.t.HelmChartContainer - [hivemq-test-hivemq-platform] [hivemq-platform-operator] [456151d4] 18:18:56.314 [pool-6-thread-23] DEBUG c.h.p.o.d.StatefulSetResource - [helmmetr] Desired StatefulSet (1 replicas) for status STARTING (READY)
2025-01-30 18:18:56,322 INFO c.h.h.t.HelmChartContainer - [hivemq-test-hivemq-platform] [hivemq-platform-operator] [456151d4] 18:18:56.318 [ReconcilerExecutor-hivemq-controller-112] INFO  c.h.p.o.HiveMQPlatformReconciler - [helmmetr] Reconciling HiveMQ Platform 'test-hivemq-platform' in namespace 'helmmetricsserviceit'
2025-01-30 18:18:56,322 INFO c.h.h.t.HelmChartContainer - [hivemq-test-hivemq-platform] [hivemq-platform-operator] [456151d4] 18:18:56.318 [ReconcilerExecutor-hivemq-controller-112] DEBUG c.h.p.o.HiveMQPlatformReconciler - [helmmetr] Custom Resource Status STARTING - HiveMQ Platform is starting (READY)
2025-01-30 18:18:56,322 INFO c.h.h.t.HelmChartContainer - [hivemq-test-hivemq-platform] [hivemq-platform-operator] [456151d4] 18:18:56.318 [ReconcilerExecutor-hivemq-controller-112] DEBUG c.h.p.o.HiveMQPlatformReconciler - [helmmetr] Custom Resource Spec (replicas: 1) (extensions: 1)
2025-01-30 18:18:56,322 INFO c.h.h.t.HelmChartContainer - [hivemq-test-hivemq-platform] [hivemq-platform-operator] [456151d4] 18:18:56.319 [ReconcilerExecutor-hivemq-controller-112] DEBUG c.h.p.o.HiveMQPlatformReconciler - [helmmetr] StatefulSet Status (revision: test-hivemq-platform-84f6684d79, replicas: 1, available: 0, ready: 0, current: 1, updated: 1)
2025-01-30 18:18:56,322 INFO c.h.h.t.HelmChartContainer - [hivemq-test-hivemq-platform] [hivemq-platform-operator] [456151d4] 18:18:56.319 [ReconcilerExecutor-hivemq-controller-112] DEBUG c.h.p.o.HiveMQPlatformReconciler - [helmmetr] StatefulSet Spec (replicas: 1, init containers: 1, containers: 1, volumes: 3)
2025-01-30 18:18:56,323 INFO c.h.h.t.HelmChartContainer - [hivemq-test-hivemq-platform] [hivemq-platform-operator] [456151d4] 18:18:56.321 [ReconcilerExecutor-hivemq-controller-112] DEBUG c.h.p.o.h.HiveMQPlatformReconcilerErrorHandler - [helmmetr] Pod 'test-hivemq-platform-0' phase Running
2025-01-30 18:18:56,323 INFO c.h.h.t.HelmChartContainer - [hivemq-test-hivemq-platform] [hivemq-platform-operator] [456151d4] 18:18:56.321 [ReconcilerExecutor-hivemq-controller-112] INFO  c.h.p.o.h.HiveMQPlatformReconcilerBaseHandler - [helmmetr] HiveMQ Platform is starting, 0 of 1 replicas are ready
2025-01-30 18:18:56,389 INFO c.h.h.t.HelmChartContainer - [test-hivemq-platform] [hivemq] [5ab0c427] WARN  - [HiveMQ Platform Operator Init App 1.7.0-SNAPSHOT] Cannot connect to Health API for readiness: null
2025-01-30 18:18:56,393 INFO c.h.h.t.HelmChartContainer - [EVENT] Warning [Unhealthy] Readiness probe failed: HTTP probe failed with statuscode: 503 [helmmetricsserviceit:test-hivemq-platform-0]
2025-01-30 18:18:56,394 INFO c.h.h.t.HelmChartContainer - Received Unhealthy event for container hivemq in pod test-hivemq-platform-0 [5ab0c427-19fb-4584-9596-b737eea22cb4]
2025-01-30 18:18:56,395 INFO c.h.h.t.HelmChartContainer - [test-hivemq-platform] [hivemq] [5ab0c427] INFO  - [HiveMQ Platform Operator Init App 1.7.0-SNAPSHOT] Successfully updated Pod HiveMQ Platform Operator Init App version annotation (version: 1.7.0-SNAPSHOT)
2025-01-30 18:19:01,386 INFO c.h.h.t.HelmChartContainer - [test-hivemq-platform] [hivemq] [5ab0c427] WARN  - [HiveMQ Platform Operator Init App 1.7.0-SNAPSHOT] Cannot connect to Health API for readiness: null
2025-01-30 18:19:01,390 INFO c.h.h.t.HelmChartContainer - [EVENT] Warning [Unhealthy] Readiness probe failed: HTTP probe failed with statuscode: 503 [helmmetricsserviceit:test-hivemq-platform-0]
2025-01-30 18:19:01,390 INFO c.h.h.t.HelmChartContainer - Received Unhealthy event for container hivemq in pod test-hivemq-platform-0 [5ab0c427-19fb-4584-9596-b737eea22cb4]
2025-01-30 18:19:06,327 INFO c.h.h.t.HelmChartContainer - [hivemq-test-hivemq-platform] [hivemq-platform-operator] [456151d4] 18:19:06.325 [pool-6-thread-33] DEBUG c.h.p.o.d.PlatformServiceResource - [helmmetr] Desired Platform services (2 services)
2025-01-30 18:19:06,328 INFO c.h.h.t.HelmChartContainer - [hivemq-test-hivemq-platform] [hivemq-platform-operator] [456151d4] 18:19:06.326 [pool-6-thread-34] DEBUG c.h.p.o.d.PodServiceAccountResource - [helmmetr] Desired PodServiceAccountResource (serviceAccountName: hivemq-platform-pod-test-hivemq-platform)
2025-01-30 18:19:06,329 INFO c.h.h.t.HelmChartContainer - [hivemq-test-hivemq-platform] [hivemq-platform-operator] [456151d4] 18:19:06.328 [pool-6-thread-35] DEBUG c.h.p.o.dependants.PodInfoConfigMap - [helmmetr] Desired PodInfo ConfigMap (1 extensions) (1 enabled)
2025-01-30 18:19:06,330 INFO c.h.h.t.HelmChartContainer - [hivemq-test-hivemq-platform] [hivemq-platform-operator] [456151d4] 18:19:06.329 [pool-6-thread-35] DEBUG c.h.p.o.dependants.PodInfoConfigMap - [helmmetr] Desired PodInfo ConfigMap (metrics port: 9499) (metrics path: /metrics)
2025-01-30 18:19:06,330 INFO c.h.h.t.HelmChartContainer - [hivemq-test-hivemq-platform] [hivemq-platform-operator] [456151d4] 18:19:06.329 [pool-6-thread-35] DEBUG c.h.p.o.dependants.PodInfoConfigMap - [helmmetr] Desired PodInfo ConfigMap (extension state hash: 1243513115)
2025-01-30 18:19:06,333 INFO c.h.h.t.HelmChartContainer - [hivemq-test-hivemq-platform] [hivemq-platform-operator] [456151d4] 18:19:06.332 [pool-6-thread-35] DEBUG c.h.p.o.d.StatefulSetResource - [helmmetr] Desired StatefulSet (1 replicas) for status STARTING (READY)
2025-01-30 18:19:06,338 INFO c.h.h.t.HelmChartContainer - [hivemq-test-hivemq-platform] [hivemq-platform-operator] [456151d4] 18:19:06.337 [ReconcilerExecutor-hivemq-controller-113] INFO  c.h.p.o.HiveMQPlatformReconciler - [helmmetr] Reconciling HiveMQ Platform 'test-hivemq-platform' in namespace 'helmmetricsserviceit'
2025-01-30 18:19:06,339 INFO c.h.h.t.HelmChartContainer - [hivemq-test-hivemq-platform] [hivemq-platform-operator] [456151d4] 18:19:06.337 [ReconcilerExecutor-hivemq-controller-113] DEBUG c.h.p.o.HiveMQPlatformReconciler - [helmmetr] Custom Resource Status STARTING - HiveMQ Platform is starting (READY)
2025-01-30 18:19:06,339 INFO c.h.h.t.HelmChartContainer - [hivemq-test-hivemq-platform] [hivemq-platform-operator] [456151d4] 18:19:06.337 [ReconcilerExecutor-hivemq-controller-113] DEBUG c.h.p.o.HiveMQPlatformReconciler - [helmmetr] Custom Resource Spec (replicas: 1) (extensions: 1)
2025-01-30 18:19:06,340 INFO c.h.h.t.HelmChartContainer - [hivemq-test-hivemq-platform] [hivemq-platform-operator] [456151d4] 18:19:06.338 [ReconcilerExecutor-hivemq-controller-113] DEBUG c.h.p.o.HiveMQPlatformReconciler - [helmmetr] StatefulSet Status (revision: test-hivemq-platform-84f6684d79, replicas: 1, available: 0, ready: 0, current: 1, updated: 1)
2025-01-30 18:19:06,341 INFO c.h.h.t.HelmChartContainer - [hivemq-test-hivemq-platform] [hivemq-platform-operator] [456151d4] 18:19:06.338 [ReconcilerExecutor-hivemq-controller-113] DEBUG c.h.p.o.HiveMQPlatformReconciler - [helmmetr] StatefulSet Spec (replicas: 1, init containers: 1, containers: 1, volumes: 3)
2025-01-30 18:19:06,342 INFO c.h.h.t.HelmChartContainer - [hivemq-test-hivemq-platform] [hivemq-platform-operator] [456151d4] 18:19:06.341 [ReconcilerExecutor-hivemq-controller-113] DEBUG c.h.p.o.h.HiveMQPlatformReconcilerErrorHandler - [helmmetr] Pod 'test-hivemq-platform-0' phase Running
2025-01-30 18:19:06,343 INFO c.h.h.t.HelmChartContainer - [hivemq-test-hivemq-platform] [hivemq-platform-operator] [456151d4] 18:19:06.342 [ReconcilerExecutor-hivemq-controller-113] INFO  c.h.p.o.h.HiveMQPlatformReconcilerBaseHandler - [helmmetr] HiveMQ Platform is starting, 0 of 1 replicas are ready
2025-01-30 18:19:06,384 INFO c.h.h.t.HelmChartContainer - [test-hivemq-platform] [hivemq] [5ab0c427] WARN  - [HiveMQ Platform Operator Init App 1.7.0-SNAPSHOT] Cannot connect to Health API for readiness: null
2025-01-30 18:19:06,391 INFO c.h.h.t.HelmChartContainer - [EVENT] Warning [Unhealthy] Readiness probe failed: HTTP probe failed with statuscode: 503 [helmmetricsserviceit:test-hivemq-platform-0]
2025-01-30 18:19:06,391 INFO c.h.h.t.HelmChartContainer - Received Unhealthy event for container hivemq in pod test-hivemq-platform-0 [5ab0c427-19fb-4584-9596-b737eea22cb4]
2025-01-30 18:19:07,288 INFO c.h.h.t.HelmChartContainer - [test-hivemq-platform] [hivemq] [5ab0c427] INFO  - No valid license file found. Using trial license, restricted to 25 connections.
2025-01-30 18:19:08,485 INFO c.h.h.t.HelmChartContainer - [test-hivemq-platform] [hivemq] [5ab0c427] WARN  - [HiveMQ Platform Operator Init App 1.7.0-SNAPSHOT] Cannot connect to Health API for liveness: null
2025-01-30 18:19:08,486 INFO c.h.h.t.HelmChartContainer - [test-hivemq-platform] [hivemq] [5ab0c427] INFO  - [HiveMQ Platform Operator Init App 1.7.0-SNAPSHOT] Returning default Health API response 200 for liveness
2025-01-30 18:19:11,385 INFO c.h.h.t.HelmChartContainer - [test-hivemq-platform] [hivemq] [5ab0c427] WARN  - [HiveMQ Platform Operator Init App 1.7.0-SNAPSHOT] Cannot connect to Health API for readiness: null
2025-01-30 18:19:11,392 INFO c.h.h.t.HelmChartContainer - [EVENT] Warning [Unhealthy] Readiness probe failed: HTTP probe failed with statuscode: 503 [helmmetricsserviceit:test-hivemq-platform-0]
2025-01-30 18:19:11,392 INFO c.h.h.t.HelmChartContainer - Received Unhealthy event for container hivemq in pod test-hivemq-platform-0 [5ab0c427-19fb-4584-9596-b737eea22cb4]
2025-01-30 18:19:12,100 INFO c.h.h.t.HelmChartContainer - [test-hivemq-platform] [hivemq] [5ab0c427] INFO  - No valid license file for Data Hub found. Using free license, restricted to 1 policy.
2025-01-30 18:19:13,299 INFO c.h.h.t.HelmChartContainer - [test-hivemq-platform] [hivemq] [5ab0c427] INFO  - Audit Logger started.
2025-01-30 18:19:13,693 INFO c.h.h.t.HelmChartContainer - [test-hivemq-platform] [hivemq] [5ab0c427] INFO  - This node uses '1' CPU cores.
2025-01-30 18:19:13,697 INFO c.h.h.t.HelmChartContainer - [test-hivemq-platform] [hivemq] [5ab0c427] INFO  - Starting HiveMQ Health API on address 0.0.0.0 and port 8889
2025-01-30 18:19:14,390 INFO c.h.h.t.HelmChartContainer - [test-hivemq-platform] [hivemq] [5ab0c427] INFO  - Started HiveMQ Health API in 692ms
2025-01-30 18:19:15,196 INFO c.h.h.t.HelmChartContainer - [test-hivemq-platform] [hivemq] [5ab0c427] INFO  - Starting HiveMQ extension system.
2025-01-30 18:19:15,486 INFO c.h.h.t.HelmChartContainer - [test-hivemq-platform] [hivemq] [5ab0c427] INFO  - Starting extension with id "hivemq-dns-cluster-discovery" at /opt/hivemq/extensions/hivemq-dns-cluster-discovery
2025-01-30 18:19:15,891 INFO c.h.h.t.HelmChartContainer - [test-hivemq-platform] [hivemq] [5ab0c427] INFO  - Using TCP cluster transport on address 10.42.0.12 and port 7000
2025-01-30 18:19:15,939 INFO c.h.h.t.HelmChartContainer - [test-hivemq-platform] [hivemq] [5ab0c427] INFO  - Extension "DNS Cluster Discovery Extension" version 4.3.2 started successfully.
2025-01-30 18:19:15,982 INFO c.h.h.t.HelmChartContainer - [test-hivemq-platform] [hivemq] [5ab0c427] INFO  - Starting extension with id "hivemq-prometheus-extension" at /opt/hivemq/extensions/hivemq-prometheus-extension
2025-01-30 18:19:15,985 INFO c.h.h.t.HelmChartContainer - [test-hivemq-platform] [hivemq] [5ab0c427] INFO  - Using extension cluster discovery
2025-01-30 18:19:16,348 INFO c.h.h.t.HelmChartContainer - [hivemq-test-hivemq-platform] [hivemq-platform-operator] [456151d4] 18:19:16.345 [pool-6-thread-47] DEBUG c.h.p.o.d.PlatformServiceResource - [helmmetr] Desired Platform services (2 services)
2025-01-30 18:19:16,348 INFO c.h.h.t.HelmChartContainer - [hivemq-test-hivemq-platform] [hivemq-platform-operator] [456151d4] 18:19:16.346 [pool-6-thread-43] DEBUG c.h.p.o.d.PodServiceAccountResource - [helmmetr] Desired PodServiceAccountResource (serviceAccountName: hivemq-platform-pod-test-hivemq-platform)
2025-01-30 18:19:16,348 INFO c.h.h.t.HelmChartContainer - [hivemq-test-hivemq-platform] [hivemq-platform-operator] [456151d4] 18:19:16.346 [pool-6-thread-41] DEBUG c.h.p.o.dependants.PodInfoConfigMap - [helmmetr] Desired PodInfo ConfigMap (1 extensions) (1 enabled)
2025-01-30 18:19:16,348 INFO c.h.h.t.HelmChartContainer - [hivemq-test-hivemq-platform] [hivemq-platform-operator] [456151d4] 18:19:16.346 [pool-6-thread-41] DEBUG c.h.p.o.dependants.PodInfoConfigMap - [helmmetr] Desired PodInfo ConfigMap (metrics port: 9499) (metrics path: /metrics)
2025-01-30 18:19:16,348 INFO c.h.h.t.HelmChartContainer - [hivemq-test-hivemq-platform] [hivemq-platform-operator] [456151d4] 18:19:16.346 [pool-6-thread-41] DEBUG c.h.p.o.dependants.PodInfoConfigMap - [helmmetr] Desired PodInfo ConfigMap (extension state hash: 1243513115)
2025-01-30 18:19:16,352 INFO c.h.h.t.HelmChartContainer - [hivemq-test-hivemq-platform] [hivemq-platform-operator] [456151d4] 18:19:16.352 [pool-6-thread-47] DEBUG c.h.p.o.d.StatefulSetResource - [helmmetr] Desired StatefulSet (1 replicas) for status STARTING (READY)
2025-01-30 18:19:16,360 INFO c.h.h.t.HelmChartContainer - [hivemq-test-hivemq-platform] [hivemq-platform-operator] [456151d4] 18:19:16.359 [ReconcilerExecutor-hivemq-controller-114] INFO  c.h.p.o.HiveMQPlatformReconciler - [helmmetr] Reconciling HiveMQ Platform 'test-hivemq-platform' in namespace 'helmmetricsserviceit'
2025-01-30 18:19:16,361 INFO c.h.h.t.HelmChartContainer - [hivemq-test-hivemq-platform] [hivemq-platform-operator] [456151d4] 18:19:16.360 [ReconcilerExecutor-hivemq-controller-114] DEBUG c.h.p.o.HiveMQPlatformReconciler - [helmmetr] Custom Resource Status STARTING - HiveMQ Platform is starting (READY)
2025-01-30 18:19:16,361 INFO c.h.h.t.HelmChartContainer - [hivemq-test-hivemq-platform] [hivemq-platform-operator] [456151d4] 18:19:16.360 [ReconcilerExecutor-hivemq-controller-114] DEBUG c.h.p.o.HiveMQPlatformReconciler - [helmmetr] Custom Resource Spec (replicas: 1) (extensions: 1)
2025-01-30 18:19:16,393 INFO c.h.h.t.HelmChartContainer - [hivemq-test-hivemq-platform] [hivemq-platform-operator] [456151d4] 18:19:16.391 [ReconcilerExecutor-hivemq-controller-114] DEBUG c.h.p.o.HiveMQPlatformReconciler - [helmmetr] StatefulSet Status (revision: test-hivemq-platform-84f6684d79, replicas: 1, available: 0, ready: 0, current: 1, updated: 1)
2025-01-30 18:19:16,393 INFO c.h.h.t.HelmChartContainer - [hivemq-test-hivemq-platform] [hivemq-platform-operator] [456151d4] 18:19:16.391 [ReconcilerExecutor-hivemq-controller-114] DEBUG c.h.p.o.HiveMQPlatformReconciler - [helmmetr] StatefulSet Spec (replicas: 1, init containers: 1, containers: 1, volumes: 3)
2025-01-30 18:19:16,394 INFO c.h.h.t.HelmChartContainer - [hivemq-test-hivemq-platform] [hivemq-platform-operator] [456151d4] 18:19:16.394 [ReconcilerExecutor-hivemq-controller-114] DEBUG c.h.p.o.h.HiveMQPlatformReconcilerErrorHandler - [helmmetr] Pod 'test-hivemq-platform-0' phase Running
2025-01-30 18:19:16,395 INFO c.h.h.t.HelmChartContainer - [hivemq-test-hivemq-platform] [hivemq-platform-operator] [456151d4] 18:19:16.395 [ReconcilerExecutor-hivemq-controller-114] INFO  c.h.p.o.h.HiveMQPlatformReconcilerBaseHandler - [helmmetr] HiveMQ Platform is starting, 0 of 1 replicas are ready
2025-01-30 18:19:17,091 INFO c.h.h.t.HelmChartContainer - [test-hivemq-platform] [hivemq] [5ab0c427] INFO  - Started Jetty Server exposing Prometheus Servlet on URI http://0.0.0.0:9499/metrics
2025-01-30 18:19:17,091 INFO c.h.h.t.HelmChartContainer - [test-hivemq-platform] [hivemq] [5ab0c427] INFO  - Extension "Prometheus Monitoring Extension" version 4.0.12 started successfully.
2025-01-30 18:19:17,091 INFO c.h.h.t.HelmChartContainer - [test-hivemq-platform] [hivemq] [5ab0c427] INFO  - Starting extension with id "hivemq-allow-all-extension" at /opt/hivemq/extensions/hivemq-allow-all-extension
2025-01-30 18:19:17,092 INFO c.h.h.t.HelmChartContainer - [test-hivemq-platform] [hivemq] [5ab0c427] WARN  - 
2025-01-30 18:19:17,092 INFO c.h.h.t.HelmChartContainer - [test-hivemq-platform] [hivemq] [5ab0c427] ################################################################################################################
2025-01-30 18:19:17,092 INFO c.h.h.t.HelmChartContainer - [test-hivemq-platform] [hivemq] [5ab0c427] # This HiveMQ deployment is not secure! You are lacking Authentication and Authorization.                      #
2025-01-30 18:19:17,092 INFO c.h.h.t.HelmChartContainer - [test-hivemq-platform] [hivemq] [5ab0c427] # Right now any MQTT client can connect to the broker with a full set of permissions.                          #
2025-01-30 18:19:17,092 INFO c.h.h.t.HelmChartContainer - [test-hivemq-platform] [hivemq] [5ab0c427] # For production usage, add an appropriate security extension and remove the hivemq-allow-all extension.       #
2025-01-30 18:19:17,092 INFO c.h.h.t.HelmChartContainer - [test-hivemq-platform] [hivemq] [5ab0c427] # You can download security extensions from the HiveMQ Marketplace (https://www.hivemq.com/extensions/).       #
2025-01-30 18:19:17,092 INFO c.h.h.t.HelmChartContainer - [test-hivemq-platform] [hivemq] [5ab0c427] ################################################################################################################
2025-01-30 18:19:17,092 INFO c.h.h.t.HelmChartContainer - [test-hivemq-platform] [hivemq] [5ab0c427] INFO  - Extension "Allow All Extension" version 1.1.1 started successfully.
2025-01-30 18:19:17,347 INFO c.h.h.t.HelmChartContainer - [EVENT] Warning [Unhealthy] Readiness probe failed: Get "http://10.42.0.12:7979/readiness": context deadline exceeded (Client.Timeout exceeded while awaiting headers) [helmmetricsserviceit:test-hivemq-platform-0]
2025-01-30 18:19:17,347 INFO c.h.h.t.HelmChartContainer - Received Unhealthy event for container hivemq in pod test-hivemq-platform-0 [5ab0c427-19fb-4584-9596-b737eea22cb4]
2025-01-30 18:19:17,491 INFO c.h.h.t.HelmChartContainer - [test-hivemq-platform] [hivemq] [5ab0c427] INFO  - [HiveMQ Platform Operator Init App 1.7.0-SNAPSHOT] Returning Health API response 503 for readiness
2025-01-30 18:19:19,240 INFO c.h.h.t.HelmChartContainer - [test-hivemq-platform] [hivemq] [5ab0c427] INFO  - 5lwOE: no members discovered after 2650 ms: creating cluster as first member
2025-01-30 18:19:19,246 INFO c.h.h.t.HelmChartContainer - [test-hivemq-platform] [hivemq] [5ab0c427] INFO  - Cluster nodes found by discovery: [5lwOE|0] (1) [5lwOE].
2025-01-30 18:19:19,263 INFO c.h.h.t.HelmChartContainer - [test-hivemq-platform] [hivemq] [5ab0c427] WARN  - No user for HiveMQ Control Center configured. Starting with default user
2025-01-30 18:19:19,263 INFO c.h.h.t.HelmChartContainer - [test-hivemq-platform] [hivemq] [5ab0c427] INFO  - Starting HiveMQ Control Center on address 127.0.0.1 and port 8080
2025-01-30 18:19:19,264 INFO c.h.h.t.HelmChartContainer - [test-hivemq-platform] [hivemq] [5ab0c427] INFO  - Mounting HiveMQ Control Center V2 Preview
2025-01-30 18:19:19,856 INFO c.h.h.t.HelmChartContainer - [test-hivemq-platform] [hivemq] [5ab0c427] INFO  - Started HiveMQ Control Center in 593ms
2025-01-30 18:19:19,941 INFO c.h.h.t.HelmChartContainer - [test-hivemq-platform] [hivemq] [5ab0c427] INFO  - Starting TCP listener on address 0.0.0.0 and port 1883
2025-01-30 18:19:19,954 INFO c.h.h.t.HelmChartContainer - [test-hivemq-platform] [hivemq] [5ab0c427] INFO  - Started TCP Listener on address 0.0.0.0 and on port 1883.
2025-01-30 18:19:19,954 INFO c.h.h.t.HelmChartContainer - [test-hivemq-platform] [hivemq] [5ab0c427] INFO  - Started HiveMQ in 31169ms
2025-01-30 18:19:21,307 INFO c.h.h.t.HelmChartContainer - [test-hivemq-platform] [hivemq] [5ab0c427] INFO  - [HiveMQ Platform Operator Init App 1.7.0-SNAPSHOT] Returning Health API response 200 for readiness
2025-01-30 18:19:21,316 INFO c.h.h.t.HelmChartContainer - [POD] test-hivemq-platform-0 [5ab0c427-19fb-4584-9596-b737eea22cb4] in helmmetricsserviceit was MODIFIED
2025-01-30 18:19:21,328 INFO c.h.h.t.HelmChartContainer - [hivemq-test-hivemq-platform] [hivemq-platform-operator] [456151d4] 18:19:21.324 [pool-6-thread-10] DEBUG c.h.p.o.d.PlatformServiceResource - [helmmetr] Desired Platform services (2 services)
2025-01-30 18:19:21,328 INFO c.h.h.t.HelmChartContainer - [hivemq-test-hivemq-platform] [hivemq-platform-operator] [456151d4] 18:19:21.325 [pool-6-thread-4] DEBUG c.h.p.o.dependants.PodInfoConfigMap - [helmmetr] Desired PodInfo ConfigMap (1 extensions) (1 enabled)
2025-01-30 18:19:21,328 INFO c.h.h.t.HelmChartContainer - [hivemq-test-hivemq-platform] [hivemq-platform-operator] [456151d4] 18:19:21.325 [pool-6-thread-4] DEBUG c.h.p.o.dependants.PodInfoConfigMap - [helmmetr] Desired PodInfo ConfigMap (metrics port: 9499) (metrics path: /metrics)
2025-01-30 18:19:21,328 INFO c.h.h.t.HelmChartContainer - [hivemq-test-hivemq-platform] [hivemq-platform-operator] [456151d4] 18:19:21.325 [pool-6-thread-4] DEBUG c.h.p.o.dependants.PodInfoConfigMap - [helmmetr] Desired PodInfo ConfigMap (extension state hash: 1243513115)
2025-01-30 18:19:21,331 INFO c.h.h.t.HelmChartContainer - [hivemq-test-hivemq-platform] [hivemq-platform-operator] [456151d4] 18:19:21.330 [pool-6-thread-7] DEBUG c.h.p.o.d.PodServiceAccountResource - [helmmetr] Desired PodServiceAccountResource (serviceAccountName: hivemq-platform-pod-test-hivemq-platform)
2025-01-30 18:19:21,335 INFO c.h.h.t.HelmChartContainer - [hivemq-test-hivemq-platform] [hivemq-platform-operator] [456151d4] 18:19:21.332 [pool-6-thread-8] DEBUG c.h.p.o.d.StatefulSetResource - [helmmetr] Desired StatefulSet (1 replicas) for status STARTING (READY)
2025-01-30 18:19:21,339 INFO c.h.h.t.HelmChartContainer - [hivemq-test-hivemq-platform] [hivemq-platform-operator] [456151d4] 18:19:21.337 [ReconcilerExecutor-hivemq-controller-115] INFO  c.h.p.o.HiveMQPlatformReconciler - [helmmetr] Reconciling HiveMQ Platform 'test-hivemq-platform' in namespace 'helmmetricsserviceit'
2025-01-30 18:19:21,339 INFO c.h.h.t.HelmChartContainer - [hivemq-test-hivemq-platform] [hivemq-platform-operator] [456151d4] 18:19:21.337 [ReconcilerExecutor-hivemq-controller-115] DEBUG c.h.p.o.HiveMQPlatformReconciler - [helmmetr] Custom Resource Status STARTING - HiveMQ Platform is starting (READY)
2025-01-30 18:19:21,339 INFO c.h.h.t.HelmChartContainer - [hivemq-test-hivemq-platform] [hivemq-platform-operator] [456151d4] 18:19:21.337 [ReconcilerExecutor-hivemq-controller-115] DEBUG c.h.p.o.HiveMQPlatformReconciler - [helmmetr] Custom Resource Spec (replicas: 1) (extensions: 1)
2025-01-30 18:19:21,339 INFO c.h.h.t.HelmChartContainer - [hivemq-test-hivemq-platform] [hivemq-platform-operator] [456151d4] 18:19:21.338 [ReconcilerExecutor-hivemq-controller-115] DEBUG c.h.p.o.HiveMQPlatformReconciler - [helmmetr] StatefulSet Status (revision: test-hivemq-platform-84f6684d79, replicas: 1, available: 1, ready: 1, current: 1, updated: 1)
2025-01-30 18:19:21,339 INFO c.h.h.t.HelmChartContainer - [hivemq-test-hivemq-platform] [hivemq-platform-operator] [456151d4] 18:19:21.338 [ReconcilerExecutor-hivemq-controller-115] DEBUG c.h.p.o.HiveMQPlatformReconciler - [helmmetr] StatefulSet Spec (replicas: 1, init containers: 1, containers: 1, volumes: 3)
2025-01-30 18:19:21,342 INFO c.h.h.t.HelmChartContainer - [hivemq-test-hivemq-platform] [hivemq-platform-operator] [456151d4] 18:19:21.339 [ReconcilerExecutor-hivemq-controller-115] DEBUG c.h.p.o.h.HiveMQPlatformReconcilerErrorHandler - [helmmetr] Pod 'test-hivemq-platform-0' phase Running
2025-01-30 18:19:21,342 INFO c.h.h.t.HelmChartContainer - [hivemq-test-hivemq-platform] [hivemq-platform-operator] [456151d4] 18:19:21.340 [ReconcilerExecutor-hivemq-controller-115] INFO  c.h.p.o.h.HiveMQPlatformReconcilerBaseHandler - [helmmetr] HiveMQ Platform started successfully
2025-01-30 18:19:21,405 INFO c.h.h.t.HelmChartContainer - [hivemq-test-hivemq-platform] [hivemq-platform-operator] [456151d4] 18:19:21.404 [ReconcilerExecutor-hivemq-controller-115] DEBUG c.h.p.operator.event.EventSender - [helmmetr] Creating K8s event hivemq-platform-ready: [Ready] HiveMQ Platform is ready
2025-01-30 18:19:21,409 INFO c.h.h.t.HelmChartContainer - [EVENT] Normal [Ready] HiveMQ Platform is ready [helmmetricsserviceit:test-hivemq-platform]
2025-01-30 18:19:21,410 INFO c.h.h.t.HelmChartContainer - [hivemq-test-hivemq-platform] [hivemq-platform-operator] [456151d4] 18:19:21.409 [ReconcilerExecutor-hivemq-controller-115] INFO  c.h.p.o.h.AbstractHiveMQReconcilerStateHandler - [helmmetr] Update HiveMQ Platform Status (STARTING [READY] -> RUNNING [READY]): HiveMQ Platform is ready
2025-01-30 18:19:21,418 DEBUG com.hivemq.helmcharts.util.K8sUtil - Comparing actual state 'RUNNING' and waiting for 'RUNNING'
2025-01-30 18:19:21,497 INFO c.h.h.t.HelmChartContainer - [hivemq-test-hivemq-platform] [hivemq-platform-operator] [456151d4] 18:19:21.494 [pool-6-thread-11] DEBUG c.h.p.o.d.PlatformServiceResource - [helmmetr] Desired Platform services (2 services)
2025-01-30 18:19:21,498 INFO c.h.h.t.HelmChartContainer - [hivemq-test-hivemq-platform] [hivemq-platform-operator] [456151d4] 18:19:21.497 [pool-6-thread-19] DEBUG c.h.p.o.dependants.PodInfoConfigMap - [helmmetr] Desired PodInfo ConfigMap (1 extensions) (1 enabled)
2025-01-30 18:19:21,499 INFO c.h.h.t.HelmChartContainer - [hivemq-test-hivemq-platform] [hivemq-platform-operator] [456151d4] 18:19:21.497 [pool-6-thread-13] DEBUG c.h.p.o.d.PodServiceAccountResource - [helmmetr] Desired PodServiceAccountResource (serviceAccountName: hivemq-platform-pod-test-hivemq-platform)
2025-01-30 18:19:21,504 INFO c.h.h.t.HelmChartContainer - [hivemq-test-hivemq-platform] [hivemq-platform-operator] [456151d4] 18:19:21.498 [pool-6-thread-19] DEBUG c.h.p.o.dependants.PodInfoConfigMap - [helmmetr] Desired PodInfo ConfigMap (metrics port: 9499) (metrics path: /metrics)
2025-01-30 18:19:21,504 INFO c.h.h.t.HelmChartContainer - [hivemq-test-hivemq-platform] [hivemq-platform-operator] [456151d4] 18:19:21.500 [pool-6-thread-19] DEBUG c.h.p.o.dependants.PodInfoConfigMap - [helmmetr] Desired PodInfo ConfigMap (extension state hash: 1243513115)
2025-01-30 18:19:21,504 INFO c.h.h.t.HelmChartContainer - [hivemq-test-hivemq-platform] [hivemq-platform-operator] [456151d4] 18:19:21.501 [pool-6-thread-19] DEBUG c.h.p.o.dependants.PodInfoConfigMap - [helmmetr] Update PodInfo ConfigMap
2025-01-30 18:19:21,596 INFO c.h.h.t.HelmChartContainer - [hivemq-test-hivemq-platform] [hivemq-platform-operator] [456151d4] 18:19:21.591 [pool-6-thread-19] DEBUG c.h.p.o.d.StatefulSetResource - [helmmetr] Desired StatefulSet (1 replicas) for status RUNNING (READY)
2025-01-30 18:19:21,602 INFO c.h.h.t.HelmChartContainer - [hivemq-test-hivemq-platform] [hivemq-platform-operator] [456151d4] 18:19:21.598 [ReconcilerExecutor-hivemq-controller-116] INFO  c.h.p.o.HiveMQPlatformReconciler - [helmmetr] Reconciling HiveMQ Platform 'test-hivemq-platform' in namespace 'helmmetricsserviceit'
2025-01-30 18:19:21,602 INFO c.h.h.t.HelmChartContainer - [hivemq-test-hivemq-platform] [hivemq-platform-operator] [456151d4] 18:19:21.598 [ReconcilerExecutor-hivemq-controller-116] DEBUG c.h.p.o.HiveMQPlatformReconciler - [helmmetr] Custom Resource Status RUNNING - HiveMQ Platform is ready (READY)
2025-01-30 18:19:21,602 INFO c.h.h.t.HelmChartContainer - [hivemq-test-hivemq-platform] [hivemq-platform-operator] [456151d4] 18:19:21.598 [ReconcilerExecutor-hivemq-controller-116] DEBUG c.h.p.o.HiveMQPlatformReconciler - [helmmetr] Custom Resource Spec (replicas: 1) (extensions: 1)
2025-01-30 18:19:21,602 INFO c.h.h.t.HelmChartContainer - [hivemq-test-hivemq-platform] [hivemq-platform-operator] [456151d4] 18:19:21.600 [ReconcilerExecutor-hivemq-controller-116] DEBUG c.h.p.o.HiveMQPlatformReconciler - [helmmetr] StatefulSet Status (revision: test-hivemq-platform-84f6684d79, replicas: 1, available: 1, ready: 1, current: 1, updated: 1)
2025-01-30 18:19:21,602 INFO c.h.h.t.HelmChartContainer - [hivemq-test-hivemq-platform] [hivemq-platform-operator] [456151d4] 18:19:21.600 [ReconcilerExecutor-hivemq-controller-116] DEBUG c.h.p.o.HiveMQPlatformReconciler - [helmmetr] StatefulSet Spec (replicas: 1, init containers: 1, containers: 1, volumes: 3)
2025-01-30 18:19:21,605 INFO c.h.h.t.HelmChartContainer - [hivemq-test-hivemq-platform] [hivemq-platform-operator] [456151d4] 18:19:21.604 [ReconcilerExecutor-hivemq-controller-116] DEBUG c.h.p.o.h.HiveMQPlatformReconcilerErrorHandler - [helmmetr] Pod 'test-hivemq-platform-0' phase Running
2025-01-30 18:19:24,480 INFO c.h.helmcharts.util.MonitoringUtil - Asserting Prometheus subscribes metrics...
2025-01-30 18:19:25,167 INFO c.h.helmcharts.util.MonitoringUtil - Asserted subscribes metrics (687 ms)
2025-01-30 18:19:25,168 INFO c.h.helmcharts.util.MonitoringUtil - Asserting Prometheus publishes metrics...
2025-01-30 18:19:25,556 INFO c.h.helmcharts.util.MonitoringUtil - Asserted publishes metrics (388 ms)
2025-01-30 18:19:25,557 INFO c.h.h.t.HelmChartContainer - Uninstalling release 'test-hivemq-platform' in namespace 'helmmetricsserviceit'...
2025-01-30 18:19:25,557 DEBUG c.h.h.t.HelmChartContainer - Executing helm command: /bin/helm --kubeconfig /etc/rancher/k3s/k3s.yaml uninstall test-hivemq-platform  --wait --timeout 5m0s --cascade foreground --namespace helmmetricsserviceit
2025-01-30 18:19:25,751 INFO c.h.h.t.HelmChartContainer - [hivemq-test-hivemq-platform] [hivemq-platform-operator] [456151d4] 18:19:25.744 [pool-6-thread-25] DEBUG c.h.p.o.d.PlatformServiceResource - [helmmetr] Desired Platform services (2 services)
2025-01-30 18:19:25,758 INFO c.h.h.t.HelmChartContainer - [hivemq-test-hivemq-platform] [hivemq-platform-operator] [456151d4] 18:19:25.747 [pool-6-thread-21] DEBUG c.h.p.o.dependants.PodInfoConfigMap - [helmmetr] Desired PodInfo ConfigMap (1 extensions) (1 enabled)
2025-01-30 18:19:25,758 INFO c.h.h.t.HelmChartContainer - [hivemq-test-hivemq-platform] [hivemq-platform-operator] [456151d4] 18:19:25.747 [pool-6-thread-21] DEBUG c.h.p.o.dependants.PodInfoConfigMap - [helmmetr] Desired PodInfo ConfigMap (metrics port: 9499) (metrics path: /metrics)
2025-01-30 18:19:25,758 INFO c.h.h.t.HelmChartContainer - [hivemq-test-hivemq-platform] [hivemq-platform-operator] [456151d4] 18:19:25.747 [pool-6-thread-21] DEBUG c.h.p.o.dependants.PodInfoConfigMap - [helmmetr] Desired PodInfo ConfigMap (extension state hash: 1243513115)
2025-01-30 18:19:25,760 INFO c.h.h.t.HelmChartContainer - [hivemq-test-hivemq-platform] [hivemq-platform-operator] [456151d4] 18:19:25.755 [pool-6-thread-29] DEBUG c.h.p.o.d.StatefulSetResource - [helmmetr] Desired StatefulSet (1 replicas) for status RUNNING (READY)
2025-01-30 18:19:25,790 INFO c.h.h.t.HelmChartContainer - [hivemq-test-hivemq-platform] [hivemq-platform-operator] [456151d4] 18:19:25.788 [pool-6-thread-25] DEBUG c.h.p.o.d.PodServiceAccountResource - [helmmetr] Desired PodServiceAccountResource (serviceAccountName: hivemq-platform-pod-test-hivemq-platform)
2025-01-30 18:19:25,796 INFO c.h.h.t.HelmChartContainer - [hivemq-test-hivemq-platform] [hivemq-platform-operator] [456151d4] 18:19:25.793 [ReconcilerExecutor-hivemq-controller-117] INFO  c.h.p.o.HiveMQPlatformReconciler - [helmmetr] Reconciling HiveMQ Platform 'test-hivemq-platform' in namespace 'helmmetricsserviceit'
2025-01-30 18:19:25,796 INFO c.h.h.t.HelmChartContainer - [hivemq-test-hivemq-platform] [hivemq-platform-operator] [456151d4] 18:19:25.793 [ReconcilerExecutor-hivemq-controller-117] DEBUG c.h.p.o.HiveMQPlatformReconciler - [helmmetr] Custom Resource Status RUNNING - HiveMQ Platform is ready (READY)
2025-01-30 18:19:25,796 INFO c.h.h.t.HelmChartContainer - [hivemq-test-hivemq-platform] [hivemq-platform-operator] [456151d4] 18:19:25.793 [ReconcilerExecutor-hivemq-controller-117] DEBUG c.h.p.o.HiveMQPlatformReconciler - [helmmetr] Custom Resource Spec (replicas: 1) (extensions: 1)
2025-01-30 18:19:25,796 INFO c.h.h.t.HelmChartContainer - [hivemq-test-hivemq-platform] [hivemq-platform-operator] [456151d4] 18:19:25.794 [ReconcilerExecutor-hivemq-controller-117] DEBUG c.h.p.o.HiveMQPlatformReconciler - [helmmetr] StatefulSet Status (revision: test-hivemq-platform-84f6684d79, replicas: 1, available: 1, ready: 1, current: 1, updated: 1)
2025-01-30 18:19:25,796 INFO c.h.h.t.HelmChartContainer - [hivemq-test-hivemq-platform] [hivemq-platform-operator] [456151d4] 18:19:25.794 [ReconcilerExecutor-hivemq-controller-117] DEBUG c.h.p.o.HiveMQPlatformReconciler - [helmmetr] StatefulSet Spec (replicas: 1, init containers: 1, containers: 1, volumes: 3)
2025-01-30 18:19:25,797 INFO c.h.h.t.HelmChartContainer - [hivemq-test-hivemq-platform] [hivemq-platform-operator] [456151d4] 18:19:25.796 [ReconcilerExecutor-hivemq-controller-117] DEBUG c.h.p.o.h.HiveMQPlatformReconcilerErrorHandler - [helmmetr] Pod 'test-hivemq-platform-0' phase Running
2025-01-30 18:19:25,803 INFO c.h.h.t.HelmChartContainer - [hivemq-test-hivemq-platform] [hivemq-platform-operator] [456151d4] 18:19:25.802 [ReconcilerExecutor-hivemq-controller-121] INFO  c.h.p.o.HiveMQPlatformReconciler - [helmmetr] Cleanup test-hivemq-platform - helmmetricsserviceit HiveMQ Platform is shut down
2025-01-30 18:19:26,428 INFO c.h.h.t.HelmChartContainer - [POD] test-hivemq-platform-0 [5ab0c427-19fb-4584-9596-b737eea22cb4] in helmmetricsserviceit was MODIFIED
2025-01-30 18:19:26,430 INFO c.h.h.t.HelmChartContainer - [EVENT] Normal [Killing] Stopping container hivemq [helmmetricsserviceit:test-hivemq-platform-0]
2025-01-30 18:19:26,430 INFO c.h.h.t.HelmChartContainer - Received Killing event for container hivemq in pod test-hivemq-platform-0 [5ab0c427-19fb-4584-9596-b737eea22cb4]
2025-01-30 18:19:26,430 INFO c.h.h.t.HelmChartContainer - Container [test-hivemq-platform-0] [hivemq] [5ab0c427-19fb-4584-9596-b737eea22cb4] was terminated
2025-01-30 18:19:26,430 INFO c.h.h.t.HelmChartContainer - Stopped log watcher for hivemq in pod test-hivemq-platform-0 [5ab0c427-19fb-4584-9596-b737eea22cb4]
2025-01-30 18:19:26,436 INFO c.h.h.t.HelmChartContainer - [test-hivemq-platform] [hivemq] [5ab0c427] INFO  - [HiveMQ Platform Operator Init App 1.7.0-SNAPSHOT] Shutting down
2025-01-30 18:19:26,437 INFO c.h.h.t.HelmChartContainer - [test-hivemq-platform] [hivemq] [5ab0c427] INFO  - [HiveMQ Platform Operator Init App 1.7.0-SNAPSHOT] Stopping the HiveMQ Platform
2025-01-30 18:19:26,549 INFO c.h.h.t.HelmChartContainer - [test-hivemq-platform] [hivemq] [5ab0c427] INFO  - Shutting down HiveMQ. Please wait, this could take a while...
2025-01-30 18:19:26,554 INFO c.h.h.t.HelmChartContainer - [test-hivemq-platform] [hivemq] [5ab0c427] INFO  - Shutting down listeners and clients
2025-01-30 18:19:26,555 INFO c.h.h.t.HelmChartContainer - [test-hivemq-platform] [hivemq] [5ab0c427] INFO  - Shutdown of listeners is done
2025-01-30 18:19:26,555 INFO c.h.h.t.HelmChartContainer - [test-hivemq-platform] [hivemq] [5ab0c427] INFO  - No clients are connected, proceeding with shutdown
2025-01-30 18:19:26,887 INFO c.h.h.t.HelmChartContainer - [K3S] [authentication.go:74] "Unable to authenticate the request" err="[invalid bearer token, serviceaccounts \"hivemq-platform-pod-test-hivemq-platform\" not found]"
2025-01-30 18:19:26,902 INFO c.h.h.t.HelmChartContainer - [K3S] [authentication.go:74] "Unable to authenticate the request" err="[invalid bearer token, serviceaccounts \"hivemq-platform-pod-test-hivemq-platform\" not found]"
2025-01-30 18:19:26,988 INFO c.h.h.t.HelmChartContainer - [test-hivemq-platform] [hivemq] [5ab0c427] WARN  - [HiveMQ Platform Operator Init App 1.7.0-SNAPSHOT] Could not update Pod annotations: Failure executing: GET at: https://10.43.0.1:443/api/v1/namespaces/helmmetricsserviceit/pods/test-hivemq-platform-0. Message: Unauthorized. Received status: Status(apiVersion=v1, code=401, details=null, kind=Status, message=Unauthorized, metadata=ListMeta(_continue=null, remainingItemCount=null, resourceVersion=null, selfLink=null, additionalProperties={}), reason=Unauthorized, status=Failure, additionalProperties={}).
2025-01-30 18:19:27,844 INFO c.h.h.t.HelmChartContainer - Deleting namespace 'helmmetricsserviceit'...
2025-01-30 18:19:29,346 INFO c.h.h.t.HelmChartContainer - [test-hivemq-platform] [hivemq] [5ab0c427] INFO  - Shutting down extension system
2025-01-30 18:19:29,350 INFO c.h.h.t.HelmChartContainer - [test-hivemq-platform] [hivemq] [5ab0c427] INFO  - Stopping extension with id hivemq-dns-cluster-discovery
2025-01-30 18:19:29,350 INFO c.h.h.t.HelmChartContainer - [test-hivemq-platform] [hivemq] [5ab0c427] INFO  - Extension "DNS Cluster Discovery Extension" version 4.3.2 stopped successfully.
2025-01-30 18:19:29,351 INFO c.h.h.t.HelmChartContainer - [test-hivemq-platform] [hivemq] [5ab0c427] INFO  - Stopping extension with id hivemq-prometheus-extension
2025-01-30 18:19:29,354 INFO c.h.h.t.HelmChartContainer - [test-hivemq-platform] [hivemq] [5ab0c427] INFO  - Extension "Prometheus Monitoring Extension" version 4.0.12 stopped successfully.
2025-01-30 18:19:29,355 INFO c.h.h.t.HelmChartContainer - [test-hivemq-platform] [hivemq] [5ab0c427] INFO  - Stopping extension with id hivemq-allow-all-extension
2025-01-30 18:19:29,355 INFO c.h.h.t.HelmChartContainer - [test-hivemq-platform] [hivemq] [5ab0c427] INFO  - Extension "Allow All Extension" version 1.1.1 stopped successfully.
2025-01-30 18:19:31,304 INFO c.h.h.t.HelmChartContainer - [test-hivemq-platform] [hivemq] [5ab0c427] INFO  - [HiveMQ Platform Operator Init App 1.7.0-SNAPSHOT] Returning shutdown Health API response 503 for readiness
2025-01-30 18:19:31,307 INFO c.h.h.t.HelmChartContainer - [EVENT] Warning [Unhealthy] Readiness probe failed: HTTP probe failed with statuscode: 503 [helmmetricsserviceit:test-hivemq-platform-0]
2025-01-30 18:19:31,307 INFO c.h.h.t.HelmChartContainer - Received Unhealthy event for container hivemq in pod test-hivemq-platform-0 [5ab0c427-19fb-4584-9596-b737eea22cb4]
2025-01-30 18:19:31,594 INFO c.h.h.t.HelmChartContainer - [test-hivemq-platform] [hivemq] [5ab0c427] INFO  - Shutdown completed.
2025-01-30 18:19:31,944 INFO c.h.h.t.HelmChartContainer - [test-hivemq-platform] [hivemq] [5ab0c427] INFO  - [HiveMQ Platform Operator Init App 1.7.0-SNAPSHOT] The HiveMQ Platform exited with code 143
2025-01-30 18:19:31,945 INFO c.h.h.t.HelmChartContainer - [test-hivemq-platform] [hivemq] [5ab0c427] INFO  - [HiveMQ Platform Operator Init App 1.7.0-SNAPSHOT] Stopping the REST API
2025-01-30 18:19:31,948 INFO c.h.h.t.HelmChartContainer - [test-hivemq-platform] [hivemq] [5ab0c427] INFO  - [HiveMQ Platform Operator Init App 1.7.0-SNAPSHOT] Shutdown complete
2025-01-30 18:19:32,442 INFO c.h.h.t.HelmChartContainer - [POD] test-hivemq-platform-0 [5ab0c427-19fb-4584-9596-b737eea22cb4] in helmmetricsserviceit was MODIFIED
2025-01-30 18:19:32,443 INFO c.h.h.t.HelmChartContainer - [K3S] [stateful_set.go:438] "Unhandled Error" err="error syncing StatefulSet helmmetricsserviceit/test-hivemq-platform, requeuing: controllerrevisions.apps \"test-hivemq-platform-84f6684d79\" is forbidden: unable to create new content in namespace helmmetricsserviceit because it is being terminated"
2025-01-30 18:19:32,450 INFO c.h.h.t.HelmChartContainer - [K3S] [reconciler_common.go:162] "operationExecutor.UnmountVolume started for volume \"operator-init\" (UniqueName: \"kubernetes.io/empty-dir/5ab0c427-19fb-4584-9596-b737eea22cb4-operator-init\") pod \"5ab0c427-19fb-4584-9596-b737eea22cb4\" (UID: \"5ab0c427-19fb-4584-9596-b737eea22cb4\") "
2025-01-30 18:19:32,450 INFO c.h.h.t.HelmChartContainer - [K3S] [reconciler_common.go:162] "operationExecutor.UnmountVolume started for volume \"kube-api-access-xxhfh\" (UniqueName: \"kubernetes.io/projected/5ab0c427-19fb-4584-9596-b737eea22cb4-kube-api-access-xxhfh\") pod \"5ab0c427-19fb-4584-9596-b737eea22cb4\" (UID: \"5ab0c427-19fb-4584-9596-b737eea22cb4\") "
2025-01-30 18:19:32,450 INFO c.h.h.t.HelmChartContainer - [K3S] [reconciler_common.go:162] "operationExecutor.UnmountVolume started for volume \"broker-configuration\" (UniqueName: \"kubernetes.io/configmap/5ab0c427-19fb-4584-9596-b737eea22cb4-broker-configuration\") pod \"5ab0c427-19fb-4584-9596-b737eea22cb4\" (UID: \"5ab0c427-19fb-4584-9596-b737eea22cb4\") "
2025-01-30 18:19:32,450 INFO c.h.h.t.HelmChartContainer - [K3S] [reconciler_common.go:162] "operationExecutor.UnmountVolume started for volume \"pod-info\" (UniqueName: \"kubernetes.io/configmap/5ab0c427-19fb-4584-9596-b737eea22cb4-pod-info\") pod \"5ab0c427-19fb-4584-9596-b737eea22cb4\" (UID: \"5ab0c427-19fb-4584-9596-b737eea22cb4\") "
2025-01-30 18:19:32,452 INFO c.h.h.t.HelmChartContainer - [K3S] [stateful_set.go:438] "Unhandled Error" err="error syncing StatefulSet helmmetricsserviceit/test-hivemq-platform, requeuing: controllerrevisions.apps \"test-hivemq-platform-84f6684d79\" is forbidden: unable to create new content in namespace helmmetricsserviceit because it is being terminated"
2025-01-30 18:19:32,465 INFO c.h.h.t.HelmChartContainer - [K3S] [stateful_set.go:438] "Unhandled Error" err="error syncing StatefulSet helmmetricsserviceit/test-hivemq-platform, requeuing: controllerrevisions.apps \"test-hivemq-platform-84f6684d79\" is forbidden: unable to create new content in namespace helmmetricsserviceit because it is being terminated"
2025-01-30 18:19:32,488 INFO c.h.h.t.HelmChartContainer - [K3S] [stateful_set.go:438] "Unhandled Error" err="error syncing StatefulSet helmmetricsserviceit/test-hivemq-platform, requeuing: controllerrevisions.apps \"test-hivemq-platform-84f6684d79\" is forbidden: unable to create new content in namespace helmmetricsserviceit because it is being terminated"
2025-01-30 18:19:32,531 INFO c.h.h.t.HelmChartContainer - [K3S] [stateful_set.go:438] "Unhandled Error" err="error syncing StatefulSet helmmetricsserviceit/test-hivemq-platform, requeuing: controllerrevisions.apps \"test-hivemq-platform-84f6684d79\" is forbidden: unable to create new content in namespace helmmetricsserviceit because it is being terminated"
2025-01-30 18:19:32,549 INFO c.h.h.t.HelmChartContainer - [K3S] [reconciler_common.go:299] "Volume detached for volume \"kube-api-access-xxhfh\" (UniqueName: \"kubernetes.io/projected/5ab0c427-19fb-4584-9596-b737eea22cb4-kube-api-access-xxhfh\") on node \"874cc17c0b8f\" DevicePath \"\""
2025-01-30 18:19:32,549 INFO c.h.h.t.HelmChartContainer - [K3S] [reconciler_common.go:299] "Volume detached for volume \"broker-configuration\" (UniqueName: \"kubernetes.io/configmap/5ab0c427-19fb-4584-9596-b737eea22cb4-broker-configuration\") on node \"874cc17c0b8f\" DevicePath \"\""
2025-01-30 18:19:32,549 INFO c.h.h.t.HelmChartContainer - [K3S] [reconciler_common.go:299] "Volume detached for volume \"pod-info\" (UniqueName: \"kubernetes.io/configmap/5ab0c427-19fb-4584-9596-b737eea22cb4-pod-info\") on node \"874cc17c0b8f\" DevicePath \"\""
2025-01-30 18:19:32,549 INFO c.h.h.t.HelmChartContainer - [K3S] [reconciler_common.go:299] "Volume detached for volume \"operator-init\" (UniqueName: \"kubernetes.io/empty-dir/5ab0c427-19fb-4584-9596-b737eea22cb4-operator-init\") on node \"874cc17c0b8f\" DevicePath \"\""
2025-01-30 18:19:32,613 INFO c.h.h.t.HelmChartContainer - [K3S] [stateful_set.go:438] "Unhandled Error" err="error syncing StatefulSet helmmetricsserviceit/test-hivemq-platform, requeuing: controllerrevisions.apps \"test-hivemq-platform-84f6684d79\" is forbidden: unable to create new content in namespace helmmetricsserviceit because it is being terminated"
2025-01-30 18:19:32,777 INFO c.h.h.t.HelmChartContainer - [K3S] [stateful_set.go:438] "Unhandled Error" err="error syncing StatefulSet helmmetricsserviceit/test-hivemq-platform, requeuing: controllerrevisions.apps \"test-hivemq-platform-84f6684d79\" is forbidden: unable to create new content in namespace helmmetricsserviceit because it is being terminated"
2025-01-30 18:19:32,937 INFO c.h.h.t.HelmChartContainer - [K3S] [stateful_set.go:466] "StatefulSet has been deleted" key="helmmetricsserviceit/test-hivemq-platform"
2025-01-30 18:19:32,954 INFO c.h.h.t.HelmChartContainer - [K3S] [scope.go:117] "RemoveContainer" containerID="8773b811a8c36660e34e82f7e76a62b381895bdc17bafdb6c484821bf03d4186"
2025-01-30 18:19:32,975 INFO c.h.h.t.HelmChartContainer - [POD] test-hivemq-platform-0 [5ab0c427-19fb-4584-9596-b737eea22cb4] in helmmetricsserviceit was MODIFIED
2025-01-30 18:19:32,979 INFO c.h.h.t.HelmChartContainer - [POD] test-hivemq-platform-0 [5ab0c427-19fb-4584-9596-b737eea22cb4] in helmmetricsserviceit was DELETED
2025-01-30 18:19:33,059 INFO c.h.h.t.HelmChartContainer - [K3S] [scope.go:117] "RemoveContainer" containerID="768eedae6a10c8ac58d9a86656cb498fab57366435834b8735f097aab50f9bb3"
2025-01-30 18:19:33,061 INFO c.h.h.t.HelmChartContainer - [K3S] [scope.go:117] "RemoveContainer" containerID="8773b811a8c36660e34e82f7e76a62b381895bdc17bafdb6c484821bf03d4186"
2025-01-30 18:19:33,062 INFO c.h.h.t.HelmChartContainer - [K3S] [scope.go:117] "RemoveContainer" containerID="768eedae6a10c8ac58d9a86656cb498fab57366435834b8735f097aab50f9bb3"
2025-01-30 18:19:33,098 INFO c.h.h.t.HelmChartContainer - [K3S] [stateful_set.go:466] "StatefulSet has been deleted" key="helmmetricsserviceit/test-hivemq-platform"
2025-01-30 18:19:33,099 INFO c.h.h.t.HelmChartContainer - [K3S] [namespace_controller.go:164] "Unhandled Error" err="deletion of namespace helmmetricsserviceit failed: unexpected items still remain in namespace: helmmetricsserviceit for gvr: /v1, Resource=pods"
2025-01-30 18:19:33,331 INFO c.h.h.t.HelmChartContainer - [K3S] [kubelet_volumes.go:163] "Cleaned up orphaned pod volumes dir" podUID="5ab0c427-19fb-4584-9596-b737eea22cb4" path="/var/lib/kubelet/pods/5ab0c427-19fb-4584-9596-b737eea22cb4/volumes"
2025-01-30 18:19:33,363 INFO c.h.h.t.HelmChartContainer - Namespace 'helmmetricsserviceit' deleted
2025-01-30 18:19:33,364 INFO c.h.h.t.HelmChartContainer - Release 'test-hivemq-platform' in namespace 'helmmetricsserviceit' is uninstalled
2025-01-30 18:19:33,364 INFO c.h.h.t.HelmChartContainer - Uninstalling release 'test-hivemq-platform-operator' in namespace 'helmmetricsserviceit-operator'...
2025-01-30 18:19:33,364 DEBUG c.h.h.t.HelmChartContainer - Executing helm command: /bin/helm --kubeconfig /etc/rancher/k3s/k3s.yaml uninstall test-hivemq-platform-operator  --wait --timeout 5m0s --cascade foreground --namespace helmmetricsserviceit-operator
2025-01-30 18:19:33,536 INFO c.h.h.t.HelmChartContainer - [K3S] [replica_set.go:679] "Finished syncing" kind="ReplicaSet" key="helmmetricsserviceit-operator/hivemq-test-hivemq-platform-operator-6966f96d65" duration="13.042899ms"
2025-01-30 18:19:33,541 INFO c.h.h.t.HelmChartContainer - [K3S] [replica_set.go:679] "Finished syncing" kind="ReplicaSet" key="helmmetricsserviceit-operator/hivemq-test-hivemq-platform-operator-6966f96d65" duration="33.042µs"
2025-01-30 18:19:33,552 INFO c.h.h.t.HelmChartContainer - [POD] hivemq-test-hivemq-platform-operator-6966f96d65-zwhvs [456151d4-2fcf-4fb5-abe5-d3312d5092a9] in helmmetricsserviceit-operator was MODIFIED
2025-01-30 18:19:33,565 INFO c.h.h.t.HelmChartContainer - [hivemq-test-hivemq-platform] [hivemq-platform-operator] [456151d4] 18:19:33.562 [application-shutdown-thread] INFO  c.h.p.o.HiveMQPlatformOperatorApplication - HiveMQ Platform Operator is stopping...
2025-01-30 18:19:33,565 INFO c.h.h.t.HelmChartContainer - [hivemq-test-hivemq-platform] [hivemq-platform-operator] [456151d4] 18:19:33.562 [application-shutdown-thread] INFO  i.javaoperatorsdk.operator.Operator - Operator SDK 4.9.7 is shutting down...
2025-01-30 18:19:33,569 INFO c.h.h.t.HelmChartContainer - [EVENT] Normal [Killing] Stopping container hivemq-platform-operator [helmmetricsserviceit-operator:hivemq-test-hivemq-platform-operator-6966f96d65-zwhvs]
2025-01-30 18:19:33,569 INFO c.h.h.t.HelmChartContainer - Received Killing event for container hivemq-platform-operator in pod hivemq-test-hivemq-platform-operator-6966f96d65-zwhvs [456151d4-2fcf-4fb5-abe5-d3312d5092a9]
2025-01-30 18:19:33,569 INFO c.h.h.t.HelmChartContainer - Container [hivemq-test-hivemq-platform-operator-6966f96d65-zwhvs] [hivemq-platform-operator] [456151d4-2fcf-4fb5-abe5-d3312d5092a9] was terminated
2025-01-30 18:19:33,569 INFO c.h.h.t.HelmChartContainer - Stopped log watcher for hivemq-platform-operator in pod hivemq-test-hivemq-platform-operator-6966f96d65-zwhvs [456151d4-2fcf-4fb5-abe5-d3312d5092a9]
2025-01-30 18:19:33,574 INFO c.h.h.t.HelmChartContainer - [K3S] [replica_set.go:679] "Finished syncing" kind="ReplicaSet" key="helmmetricsserviceit-operator/hivemq-test-hivemq-platform-operator-6966f96d65" duration="21.997831ms"
2025-01-30 18:19:33,574 INFO c.h.h.t.HelmChartContainer - [K3S] [replica_set.go:679] "Finished syncing" kind="ReplicaSet" key="helmmetricsserviceit-operator/hivemq-test-hivemq-platform-operator-6966f96d65" duration="60.673µs"
2025-01-30 18:19:34,125 INFO c.h.h.t.HelmChartContainer - [K3S] [replica_set.go:679] "Finished syncing" kind="ReplicaSet" key="helmmetricsserviceit-operator/hivemq-test-hivemq-platform-operator-6966f96d65" duration="41.358µs"
2025-01-30 18:19:34,125 INFO c.h.h.t.HelmChartContainer - [POD] hivemq-test-hivemq-platform-operator-6966f96d65-zwhvs [456151d4-2fcf-4fb5-abe5-d3312d5092a9] in helmmetricsserviceit-operator was MODIFIED
2025-01-30 18:19:34,155 INFO c.h.h.t.HelmChartContainer - [K3S] [reconciler_common.go:162] "operationExecutor.UnmountVolume started for volume \"kube-api-access-27q7j\" (UniqueName: \"kubernetes.io/projected/456151d4-2fcf-4fb5-abe5-d3312d5092a9-kube-api-access-27q7j\") pod \"456151d4-2fcf-4fb5-abe5-d3312d5092a9\" (UID: \"456151d4-2fcf-4fb5-abe5-d3312d5092a9\") "
2025-01-30 18:19:34,255 INFO c.h.h.t.HelmChartContainer - [K3S] [reconciler_common.go:299] "Volume detached for volume \"kube-api-access-27q7j\" (UniqueName: \"kubernetes.io/projected/456151d4-2fcf-4fb5-abe5-d3312d5092a9-kube-api-access-27q7j\") on node \"874cc17c0b8f\" DevicePath \"\""
2025-01-30 18:19:34,958 INFO c.h.h.t.HelmChartContainer - [K3S] [scope.go:117] "RemoveContainer" containerID="7d76a91de9a5316689f1de0acbaeb4819fa3e53c706985ca70509aa79ad9e284"
2025-01-30 18:19:34,961 INFO c.h.h.t.HelmChartContainer - [K3S] [scope.go:117] "RemoveContainer" containerID="7d76a91de9a5316689f1de0acbaeb4819fa3e53c706985ca70509aa79ad9e284"
2025-01-30 18:19:34,969 INFO c.h.h.t.HelmChartContainer - [POD] hivemq-test-hivemq-platform-operator-6966f96d65-zwhvs [456151d4-2fcf-4fb5-abe5-d3312d5092a9] in helmmetricsserviceit-operator was MODIFIED
2025-01-30 18:19:34,970 INFO c.h.h.t.HelmChartContainer - [K3S] [replica_set.go:679] "Finished syncing" kind="ReplicaSet" key="helmmetricsserviceit-operator/hivemq-test-hivemq-platform-operator-6966f96d65" duration="664.619µs"
2025-01-30 18:19:34,971 INFO c.h.h.t.HelmChartContainer - [POD] hivemq-test-hivemq-platform-operator-6966f96d65-zwhvs [456151d4-2fcf-4fb5-abe5-d3312d5092a9] in helmmetricsserviceit-operator was DELETED
2025-01-30 18:19:34,971 INFO c.h.h.t.HelmChartContainer - [K3S] [replica_set.go:679] "Finished syncing" kind="ReplicaSet" key="helmmetricsserviceit-operator/hivemq-test-hivemq-platform-operator-6966f96d65" duration="27.471µs"
2025-01-30 18:19:34,981 INFO c.h.h.t.HelmChartContainer - [K3S] [replica_set.go:679] "Finished syncing" kind="ReplicaSet" key="helmmetricsserviceit-operator/hivemq-test-hivemq-platform-operator-6966f96d65" duration="5.27µs"
2025-01-30 18:19:35,330 INFO c.h.h.t.HelmChartContainer - [K3S] [kubelet_volumes.go:163] "Cleaned up orphaned pod volumes dir" podUID="456151d4-2fcf-4fb5-abe5-d3312d5092a9" path="/var/lib/kubelet/pods/456151d4-2fcf-4fb5-abe5-d3312d5092a9/volumes"
2025-01-30 18:19:35,576 INFO c.h.h.t.HelmChartContainer - Deleting namespace 'helmmetricsserviceit-operator'...
2025-01-30 18:19:38,278 INFO c.h.h.t.HelmChartContainer - [K3S] [namespace_controller.go:187] "Namespace has been deleted" namespace="helmmetricsserviceit"
2025-01-30 18:19:40,791 INFO c.h.h.t.HelmChartContainer - Namespace 'helmmetricsserviceit-operator' deleted
2025-01-30 18:19:40,791 INFO c.h.h.t.HelmChartContainer - Release 'test-hivemq-platform-operator' in namespace 'helmmetricsserviceit-operator' is uninstalled
2025-01-30 18:19:41,505 INFO c.h.helmcharts.AbstractHelmChartIT - Removed unused containers:

2025-01-30 18:19:45,700 INFO c.h.h.t.HelmChartContainer - [K3S] [namespace_controller.go:187] "Namespace has been deleted" namespace="helmmetricsserviceit-operator"
2025-01-30 18:19:48,937 INFO c.h.helmcharts.AbstractHelmChartIT - Removed unused snapshots:
Removing snapshot sha256:03af251906410714c5aef9fa705b63f6bbc39c4a5e787de7361eeb18886c2ed2
Removing snapshot sha256:0c46b3b43cce082ce5ec34ffc6c294e0417d17b9d1e6f366d114b6aadc4f96dc
Removing snapshot sha256:0ce761beee59082d6ed5bcebd3a805b8ddd9b3426b617e4809e7fb7c6587ffec
Removing snapshot sha256:0df91287303208332c8ff6ba40ae4710105201739addbfbddfb955f1ad593664
Removing snapshot sha256:1021ef88c7974bfff89c5a0ec4fd3160daac6c48a075f74cff721f85dd104e68
Removing snapshot sha256:10aba4953ddc18145dd38e3704709bc464aa20af60b56fe52caaff4b68411e62
Removing snapshot sha256:2573e0d8158209ed54ab25c87bcdcb00bd3d2539246960a3d592a1c599d70465
Removing snapshot sha256:28d8172f735306e1b38302d7e0a47acd96f2e411f51fca70573e78a096e13b0e
Removing snapshot sha256:362a8a37f8bbc31925a8146adcf7cf51f9882f5c1dcbef67c5baa03a297543c0
Removing snapshot sha256:43a7c979bbaba6838bc3102d6b10a1459f3ab050b87ccdfef84ef90cf43d3058
Removing snapshot sha256:4ab04491cdf0d3267f08206fe30bd48f49f94b9cab2f016d6739220f722a64af
Removing snapshot sha256:4b6068250e89c96f263060261819c7d912855bfbd64b3eb4c4a8483299b8c295
Removing snapshot sha256:580e69a0a8034ede1921139bbd2bfb72a69ebf276d008281896c32dd8bf74775
Removing snapshot sha256:5d30ba46b27fe37484567ccc5242cadc78217b8da605f3f195ef25cbf7487904
Removing snapshot sha256:63ca1fbb43ae5034640e5e6cb3e083e05c290072c5366fcaa9d62435a4cced85
Removing snapshot sha256:67f702c6baae873bceb19487c8b1f27bd2b86077e4f2f0e480e6d60ab508b8f5
Removing snapshot sha256:6864348dd42806d552efdec384f1274be15e2d0c10ce44c1f04347af004c10a9
Removing snapshot sha256:68fc7360ad9319ee5a389e45d012836f780df8dd9cf71e909d4d3c870bb1a468
Removing snapshot sha256:6c7dee8f2c39b84b7dc2711c01d33de93514d9055499173e9290176fbe484b6c
Removing snapshot sha256:82753493a6d61ded36556292f02f31841a14c20d2f279f19eaad65afb661d5cd
Removing snapshot sha256:8a10d3db42c505ee0fcfa98417bdd7e39b304f6bcc0a06bb1b220797ff2cc63c
Removing snapshot sha256:a21e5b12dbac529ad45d976eb9ce45c881f3bedcc500fb30aba1e52aa1813418
Removing snapshot sha256:b921e6c28969094157f9b8e7244677780319637afd14450b7cb6b2fdea558a0c
Removing snapshot sha256:bc27ecb5769a00e309cf99ebc763c4a4b958b618d1decc96ffac5bc05f02f5b7
Removing snapshot sha256:be3ccb6627a5332e309d45ef461d09b4879dd870c7394d89323d0ebc6ca6aa8a
Removing snapshot sha256:c261f7cbbc64211ee175ee47273acdb7b1a36a4450b397a064a8f2c026490095
Removing snapshot sha256:c34d9393647eea0c9e3557ab988efaf59f61d10a2a5613b439ef0958cca5ec10
Removing snapshot sha256:ccf3c4a0fa967a41c1c83497a2ce6fa5787965859df0adb32c4ca2cf7490bc2b
Removing snapshot sha256:cf92d33f869417309692088c341cd0f223c178ea78a125f757317b22aa8f90e9
Removing snapshot sha256:d0037344cf2fb078884f1849f6a1f8cf9a33a3b6139b6a85833e5ee528e1f9a8
Removing snapshot sha256:d3b36d5b79273b1e98e7700470eaeff05a882e777124d84cebcc1505b85ecb36
Removing snapshot sha256:d65a44a37914602d12c611e5e22a50f11451d847e63015cc1c2aef92dee777a4
Removing snapshot sha256:e2dc0bae2455930f23ae570e019b7f32edc75c0f2d71cab084db837ff9051796
Removing snapshot sha256:eccbd24a99c60cd9e86ee5305dbfc4a4dc89f5ab4fb1f06c8d64797cecedef34
Removing snapshot sha256:f144bb4c7c7f0d2aa7eeffd36d934ec40db1ee167be727e326aad9fdc616f475

]]></system-out>
  </testcase>
  <system-out><![CDATA[2025-01-30 18:16:43,818 INFO c.h.h.t.HelmChartContainerExtension - Using cached HelmChartContainer instance
]]></system-out>
  <system-err><![CDATA[]]></system-err>
</testsuite>
