<?xml version="1.0" encoding="UTF-8"?>
<testsuite name="com.hivemq.helmcharts.securitycontext.HelmContainerSecurityContextInstallPlatformIT" tests="3" skipped="0" failures="0" errors="0" timestamp="2025-09-18T06:38:59" hostname="runnervmf4ws1" time="260.161">
  <properties/>
  <testcase name="installPlatform_withRandomNonRootUsers_hivemqRunning()" classname="com.hivemq.helmcharts.securitycontext.HelmContainerSecurityContextInstallPlatformIT" time="87.319"/>
  <testcase name="Operator values: (UID=0, GID=0, valuesFile='/files/operator-container-security-context-root-user-values.yaml') and Platform values: (UID=0, GID=0, valuesFile='/files/platform-container-security-context-root-user-values.yaml')" classname="com.hivemq.helmcharts.securitycontext.HelmContainerSecurityContextInstallPlatformIT" time="86.965"/>
  <testcase name="Operator values: (UID=185, GID=0, valuesFile='/files/operator-container-security-context-non-root-user-values.yaml') and Platform values: (UID=10000, GID=0, valuesFile='/files/platform-container-security-context-non-root-user-values.yaml')" classname="com.hivemq.helmcharts.securitycontext.HelmContainerSecurityContextInstallPlatformIT" time="85.851"/>
</testsuite>
